nohup: ignoring input
/root/miniconda3/envs/lyq/lib/python3.8/site-packages/scipy/__init__.py:146: UserWarning: A NumPy version >=1.16.5 and <1.23.0 is required for this version of SciPy (detected version 1.23.5
  warnings.warn(f"A NumPy version >={np_minversion} and <{np_maxversion}"
  0%|          | 0/82 [00:00<?, ?it/s]100%|██████████| 82/82 [00:00<00:00, 1415361.84it/s]
model:  ernie-rcnn-catlstm
pretrained:  ernie1
task:  MLC-slice
dataset:  book_multilabels_task_slice
seq_length:  256
hidden_dropout_prob:  0.1
attention_probs_dropout_prob:  0.1
epochs_num:  20
batch_size:  8
learning_rate:  2.8e-05
report_steps:  100
kg_name:  CnDbpedia
no_kg:  True
no_vm:  True
GPU:  NVIDIA GeForce RTX 3090
Vocabulary Size:  17964
[BertClassifier] use visible_matrix: False
Some weights of ErnieRCNNForMultiLabelSequenceClassificationSliceCatLSTM were not initialized from the model checkpoint at ./models/ernie1 and are newly initialized: ['classifier.bias', 'lstm.weight_hh_l0', 'output_layer_1.weight', 'lstm.bias_ih_l1', 'lstm.bias_hh_l0_reverse', 'lstm.weight_ih_l0', 'lstm.weight_hh_l1_reverse', 'output_layer_1.bias', 'lstm.weight_ih_l1_reverse', 'lstm.bias_hh_l0', 'lstm.weight_hh_l0_reverse', 'lstm.bias_ih_l1_reverse', 'lstm.weight_ih_l1', 'lstm.weight_hh_l1', 'lstm.bias_ih_l0', 'lstm.bias_ih_l0_reverse', 'lstm.weight_ih_l0_reverse', 'lstm.bias_hh_l1_reverse', 'classifier.weight', 'lstm.bias_hh_l1']
You should probably TRAIN this model on a down-stream task to be able to use it for predictions and inference.
1 GPUs are available. Let's use them.
device:  cuda
Start training.
Loading sentences from ./datasets/book_multilabels_task_slice/train.tsv
There are 9097 sentence in total. We use 1 processes to inject knowledge into sentences.
Progress of process 0: 0/9097
Loading sentences from ./datasets/book_multilabels_task_slice/dev.tsv
There are 2084 sentence in total. We use 1 processes to inject knowledge into sentences.
Progress of process 0: 0/2084
Loading sentences from ./datasets/book_multilabels_task_slice/test.tsv
There are 2067 sentence in total. We use 1 processes to inject knowledge into sentences.
Progress of process 0: 0/2067
Epoch id: 1, Training steps: 100,  Train Loss:  0.07,  Train Acc:  0.00%,  Train Avg Loss: 0.161241,  Time: 0:00:28
Epoch id: 1, Training steps: 200,  Train Loss: 0.079,  Train Acc:  0.00%,  Train Avg Loss: 0.081454,  Time: 0:00:56
Epoch id: 1, Training steps: 300,  Train Loss: 0.072,  Train Acc:  0.00%,  Train Avg Loss: 0.080535,  Time: 0:01:24
Epoch id: 1, Training steps: 400,  Train Loss: 0.084,  Train Acc:  0.00%,  Train Avg Loss: 0.079500,  Time: 0:01:52
Epoch id: 1, Training steps: 500,  Train Loss: 0.055,  Train Acc:  0.00%,  Train Avg Loss: 0.072474,  Time: 0:02:20
Epoch id: 1, Training steps: 600,  Train Loss: 0.059,  Train Acc:  0.00%,  Train Avg Loss: 0.063727,  Time: 0:02:48
Epoch id: 1, Training steps: 700,  Train Loss: 0.054,  Train Acc:  0.00%,  Train Avg Loss: 0.058122,  Time: 0:03:16
Epoch id: 1, Training steps: 800,  Train Loss: 0.046,  Train Acc: 12.50%,  Train Avg Loss: 0.055361,  Time: 0:03:45
Epoch id: 1, Training steps: 900,  Train Loss: 0.033,  Train Acc: 12.50%,  Train Avg Loss: 0.050602,  Time: 0:04:13
Epoch id: 1, Training steps: 1000,  Train Loss: 0.038,  Train Acc: 25.00%,  Train Avg Loss: 0.048135,  Time: 0:04:41
Epoch id: 1, Training steps: 1100,  Train Loss: 0.028,  Train Acc: 25.00%,  Train Avg Loss: 0.044994,  Time: 0:05:09
Start evaluation on dev dataset.
/root/miniconda3/envs/lyq/lib/python3.8/site-packages/sklearn/metrics/_classification.py:1469: UndefinedMetricWarning: Precision is ill-defined and being set to 0.0 in samples with no predicted labels. Use `zero_division` parameter to control this behavior.
  _warn_prf(average, modifier, msg_start, len(result))
Acc. (Correct/Total): 27.06%% Prec: 0.3833 F1: 0.3548
Start evaluation on test dataset.
/root/miniconda3/envs/lyq/lib/python3.8/site-packages/sklearn/metrics/_classification.py:1469: UndefinedMetricWarning: Precision is ill-defined and being set to 0.0 in samples with no predicted labels. Use `zero_division` parameter to control this behavior.
  _warn_prf(average, modifier, msg_start, len(result))
Acc. (Correct/Total): 34.16%% Prec: 0.4604 F1: 0.4288
Epoch id: 2, Training steps: 100,  Train Loss: 0.046,  Train Acc: 12.50%,  Train Avg Loss: 0.058979,  Time: 0:06:37
Epoch id: 2, Training steps: 200,  Train Loss: 0.056,  Train Acc: 12.50%,  Train Avg Loss: 0.042866,  Time: 0:07:05
Epoch id: 2, Training steps: 300,  Train Loss: 0.087,  Train Acc:  0.00%,  Train Avg Loss: 0.051181,  Time: 0:07:34
Epoch id: 2, Training steps: 400,  Train Loss: 0.064,  Train Acc:  0.00%,  Train Avg Loss: 0.084706,  Time: 0:08:02
Epoch id: 2, Training steps: 500,  Train Loss: 0.069,  Train Acc:  0.00%,  Train Avg Loss: 0.084733,  Time: 0:08:30
Epoch id: 2, Training steps: 600,  Train Loss:  0.08,  Train Acc:  0.00%,  Train Avg Loss: 0.083792,  Time: 0:08:58
Epoch id: 2, Training steps: 700,  Train Loss:   0.1,  Train Acc:  0.00%,  Train Avg Loss: 0.083948,  Time: 0:09:26
Epoch id: 2, Training steps: 800,  Train Loss: 0.086,  Train Acc:  0.00%,  Train Avg Loss: 0.082735,  Time: 0:09:54
Epoch id: 2, Training steps: 900,  Train Loss: 0.095,  Train Acc:  0.00%,  Train Avg Loss: 0.083666,  Time: 0:10:22
Epoch id: 2, Training steps: 1000,  Train Loss: 0.091,  Train Acc:  0.00%,  Train Avg Loss: 0.072463,  Time: 0:10:50
Epoch id: 2, Training steps: 1100,  Train Loss: 0.059,  Train Acc:  0.00%,  Train Avg Loss: 0.057511,  Time: 0:11:18
Start evaluation on dev dataset.
/root/miniconda3/envs/lyq/lib/python3.8/site-packages/sklearn/metrics/_classification.py:1469: UndefinedMetricWarning: Precision is ill-defined and being set to 0.0 in samples with no predicted labels. Use `zero_division` parameter to control this behavior.
  _warn_prf(average, modifier, msg_start, len(result))
Acc. (Correct/Total):  3.65%% Prec: 0.0684 F1: 0.0600
Start evaluation on test dataset.
/root/miniconda3/envs/lyq/lib/python3.8/site-packages/sklearn/metrics/_classification.py:1469: UndefinedMetricWarning: Precision is ill-defined and being set to 0.0 in samples with no predicted labels. Use `zero_division` parameter to control this behavior.
  _warn_prf(average, modifier, msg_start, len(result))
Acc. (Correct/Total):  5.27%% Prec: 0.0760 F1: 0.0686
Epoch id: 3, Training steps: 100,  Train Loss: 0.045,  Train Acc: 25.00%,  Train Avg Loss: 0.070480,  Time: 0:12:47
Epoch 00024: reducing learning rate of group 0 to 2.8000e-06.
Epoch id: 3, Training steps: 200,  Train Loss: 0.057,  Train Acc: 12.50%,  Train Avg Loss: 0.044402,  Time: 0:13:15
Epoch id: 3, Training steps: 300,  Train Loss: 0.054,  Train Acc: 12.50%,  Train Avg Loss: 0.044026,  Time: 0:13:43
Epoch id: 3, Training steps: 400,  Train Loss: 0.039,  Train Acc: 25.00%,  Train Avg Loss: 0.039976,  Time: 0:14:11
Epoch id: 3, Training steps: 500,  Train Loss: 0.023,  Train Acc: 12.50%,  Train Avg Loss: 0.040049,  Time: 0:14:40
Epoch id: 3, Training steps: 600,  Train Loss: 0.029,  Train Acc: 25.00%,  Train Avg Loss: 0.041062,  Time: 0:15:08
Epoch id: 3, Training steps: 700,  Train Loss: 0.056,  Train Acc:  0.00%,  Train Avg Loss: 0.038609,  Time: 0:15:36
Epoch id: 3, Training steps: 800,  Train Loss: 0.031,  Train Acc: 37.50%,  Train Avg Loss: 0.040863,  Time: 0:16:04
Epoch id: 3, Training steps: 900,  Train Loss: 0.058,  Train Acc: 12.50%,  Train Avg Loss: 0.039945,  Time: 0:16:32
Epoch id: 3, Training steps: 1000,  Train Loss:  0.03,  Train Acc: 25.00%,  Train Avg Loss: 0.036653,  Time: 0:17:00
Epoch id: 3, Training steps: 1100,  Train Loss: 0.015,  Train Acc: 37.50%,  Train Avg Loss: 0.037819,  Time: 0:17:28
Start evaluation on dev dataset.
/root/miniconda3/envs/lyq/lib/python3.8/site-packages/sklearn/metrics/_classification.py:1469: UndefinedMetricWarning: Precision is ill-defined and being set to 0.0 in samples with no predicted labels. Use `zero_division` parameter to control this behavior.
  _warn_prf(average, modifier, msg_start, len(result))
Acc. (Correct/Total): 20.01%% Prec: 0.2958 F1: 0.2684
Epoch id: 4, Training steps: 100,  Train Loss: 0.038,  Train Acc: 25.00%,  Train Avg Loss: 0.049593,  Time: 0:18:31
Epoch id: 4, Training steps: 200,  Train Loss: 0.036,  Train Acc: 37.50%,  Train Avg Loss: 0.036733,  Time: 0:18:59
Epoch id: 4, Training steps: 300,  Train Loss: 0.033,  Train Acc: 12.50%,  Train Avg Loss: 0.035735,  Time: 0:19:28
Epoch id: 4, Training steps: 400,  Train Loss: 0.042,  Train Acc: 25.00%,  Train Avg Loss: 0.034127,  Time: 0:19:56
Epoch id: 4, Training steps: 500,  Train Loss: 0.043,  Train Acc: 12.50%,  Train Avg Loss: 0.040461,  Time: 0:20:24
Epoch id: 4, Training steps: 600,  Train Loss: 0.058,  Train Acc:  0.00%,  Train Avg Loss: 0.035799,  Time: 0:20:52
Epoch id: 4, Training steps: 700,  Train Loss: 0.026,  Train Acc: 25.00%,  Train Avg Loss: 0.033349,  Time: 0:21:20
Epoch id: 4, Training steps: 800,  Train Loss: 0.026,  Train Acc: 37.50%,  Train Avg Loss: 0.033720,  Time: 0:21:48
Epoch id: 4, Training steps: 900,  Train Loss: 0.037,  Train Acc: 12.50%,  Train Avg Loss: 0.035282,  Time: 0:22:16
Epoch id: 4, Training steps: 1000,  Train Loss: 0.047,  Train Acc:  0.00%,  Train Avg Loss: 0.033690,  Time: 0:22:56
Epoch id: 4, Training steps: 1100,  Train Loss: 0.026,  Train Acc: 37.50%,  Train Avg Loss: 0.033007,  Time: 0:23:24
Start evaluation on dev dataset.
/root/miniconda3/envs/lyq/lib/python3.8/site-packages/sklearn/metrics/_classification.py:1469: UndefinedMetricWarning: Precision is ill-defined and being set to 0.0 in samples with no predicted labels. Use `zero_division` parameter to control this behavior.
  _warn_prf(average, modifier, msg_start, len(result))
Acc. (Correct/Total): 28.02%% Prec: 0.4050 F1: 0.3703
Epoch id: 5, Training steps: 100,  Train Loss: 0.039,  Train Acc: 25.00%,  Train Avg Loss: 0.046703,  Time: 0:24:37
Epoch id: 5, Training steps: 200,  Train Loss: 0.032,  Train Acc: 25.00%,  Train Avg Loss: 0.033564,  Time: 0:25:10
Epoch id: 5, Training steps: 300,  Train Loss:  0.04,  Train Acc: 25.00%,  Train Avg Loss: 0.031936,  Time: 0:25:43
Epoch id: 5, Training steps: 400,  Train Loss: 0.027,  Train Acc: 37.50%,  Train Avg Loss: 0.033302,  Time: 0:26:16
Epoch id: 5, Training steps: 500,  Train Loss: 0.022,  Train Acc: 50.00%,  Train Avg Loss: 0.034519,  Time: 0:26:49
Epoch id: 5, Training steps: 600,  Train Loss: 0.029,  Train Acc: 25.00%,  Train Avg Loss: 0.032033,  Time: 0:27:22
Epoch id: 5, Training steps: 700,  Train Loss: 0.021,  Train Acc: 62.50%,  Train Avg Loss: 0.032628,  Time: 0:27:55
Epoch id: 5, Training steps: 800,  Train Loss: 0.031,  Train Acc: 25.00%,  Train Avg Loss: 0.030911,  Time: 0:28:27
Epoch id: 5, Training steps: 900,  Train Loss: 0.031,  Train Acc: 50.00%,  Train Avg Loss: 0.030001,  Time: 0:28:55
Epoch id: 5, Training steps: 1000,  Train Loss: 0.012,  Train Acc: 62.50%,  Train Avg Loss: 0.030114,  Time: 0:29:23
Epoch id: 5, Training steps: 1100,  Train Loss: 0.042,  Train Acc: 12.50%,  Train Avg Loss: 0.030989,  Time: 0:29:52
Start evaluation on dev dataset.
/root/miniconda3/envs/lyq/lib/python3.8/site-packages/sklearn/metrics/_classification.py:1469: UndefinedMetricWarning: Precision is ill-defined and being set to 0.0 in samples with no predicted labels. Use `zero_division` parameter to control this behavior.
  _warn_prf(average, modifier, msg_start, len(result))
Acc. (Correct/Total): 33.64%% Prec: 0.4880 F1: 0.4473
Epoch id: 6, Training steps: 100,  Train Loss: 0.026,  Train Acc: 37.50%,  Train Avg Loss: 0.042290,  Time: 0:30:55
Epoch id: 6, Training steps: 200,  Train Loss: 0.045,  Train Acc: 50.00%,  Train Avg Loss: 0.031819,  Time: 0:31:23
Epoch id: 6, Training steps: 300,  Train Loss: 0.036,  Train Acc: 50.00%,  Train Avg Loss: 0.028979,  Time: 0:31:51
Epoch id: 6, Training steps: 400,  Train Loss: 0.025,  Train Acc: 37.50%,  Train Avg Loss: 0.031699,  Time: 0:32:19
Epoch id: 6, Training steps: 500,  Train Loss:  0.05,  Train Acc:  0.00%,  Train Avg Loss: 0.030128,  Time: 0:32:47
Epoch id: 6, Training steps: 600,  Train Loss: 0.017,  Train Acc: 50.00%,  Train Avg Loss: 0.030679,  Time: 0:33:15
Epoch id: 6, Training steps: 700,  Train Loss: 0.024,  Train Acc: 37.50%,  Train Avg Loss: 0.027413,  Time: 0:33:48
Epoch id: 6, Training steps: 800,  Train Loss:  0.03,  Train Acc: 50.00%,  Train Avg Loss: 0.031001,  Time: 0:34:21
Epoch id: 6, Training steps: 900,  Train Loss: 0.031,  Train Acc: 50.00%,  Train Avg Loss: 0.029380,  Time: 0:34:54
Epoch id: 6, Training steps: 1000,  Train Loss: 0.054,  Train Acc: 12.50%,  Train Avg Loss: 0.029659,  Time: 0:35:27
Epoch id: 6, Training steps: 1100,  Train Loss: 0.055,  Train Acc:  0.00%,  Train Avg Loss: 0.027399,  Time: 0:36:00
Start evaluation on dev dataset.
/root/miniconda3/envs/lyq/lib/python3.8/site-packages/sklearn/metrics/_classification.py:1469: UndefinedMetricWarning: Precision is ill-defined and being set to 0.0 in samples with no predicted labels. Use `zero_division` parameter to control this behavior.
  _warn_prf(average, modifier, msg_start, len(result))
Acc. (Correct/Total): 35.32%% Prec: 0.5185 F1: 0.4751
Epoch id: 7, Training steps: 100,  Train Loss: 0.043,  Train Acc: 12.50%,  Train Avg Loss: 0.040561,  Time: 0:37:15
Epoch id: 7, Training steps: 200,  Train Loss: 0.027,  Train Acc: 25.00%,  Train Avg Loss: 0.028179,  Time: 0:37:48
Epoch id: 7, Training steps: 300,  Train Loss: 0.032,  Train Acc: 50.00%,  Train Avg Loss: 0.028543,  Time: 0:38:21
Epoch id: 7, Training steps: 400,  Train Loss: 0.028,  Train Acc: 37.50%,  Train Avg Loss: 0.027199,  Time: 0:38:50
Epoch id: 7, Training steps: 500,  Train Loss: 0.015,  Train Acc: 37.50%,  Train Avg Loss: 0.027872,  Time: 0:39:18
Epoch id: 7, Training steps: 600,  Train Loss: 0.034,  Train Acc: 12.50%,  Train Avg Loss: 0.027699,  Time: 0:39:46
Epoch id: 7, Training steps: 700,  Train Loss: 0.021,  Train Acc: 37.50%,  Train Avg Loss: 0.028333,  Time: 0:40:15
Epoch id: 7, Training steps: 800,  Train Loss: 0.024,  Train Acc: 37.50%,  Train Avg Loss: 0.027329,  Time: 0:40:43
Epoch id: 7, Training steps: 900,  Train Loss: 0.023,  Train Acc: 37.50%,  Train Avg Loss: 0.028138,  Time: 0:41:11
Epoch id: 7, Training steps: 1000,  Train Loss: 0.014,  Train Acc: 50.00%,  Train Avg Loss: 0.027508,  Time: 0:41:39
Epoch id: 7, Training steps: 1100,  Train Loss: 0.024,  Train Acc: 37.50%,  Train Avg Loss: 0.027147,  Time: 0:42:07
Start evaluation on dev dataset.
/root/miniconda3/envs/lyq/lib/python3.8/site-packages/sklearn/metrics/_classification.py:1469: UndefinedMetricWarning: Precision is ill-defined and being set to 0.0 in samples with no predicted labels. Use `zero_division` parameter to control this behavior.
  _warn_prf(average, modifier, msg_start, len(result))
Acc. (Correct/Total): 35.75%% Prec: 0.5379 F1: 0.4887
Epoch id: 8, Training steps: 100,  Train Loss: 0.028,  Train Acc: 25.00%,  Train Avg Loss: 0.038698,  Time: 0:43:11
Epoch id: 8, Training steps: 200,  Train Loss: 0.029,  Train Acc: 37.50%,  Train Avg Loss: 0.025445,  Time: 0:43:39
Epoch id: 8, Training steps: 300,  Train Loss:  0.06,  Train Acc: 12.50%,  Train Avg Loss: 0.026300,  Time: 0:44:09
Epoch id: 8, Training steps: 400,  Train Loss: 0.018,  Train Acc: 37.50%,  Train Avg Loss: 0.028142,  Time: 0:44:42
Epoch id: 8, Training steps: 500,  Train Loss: 0.015,  Train Acc: 50.00%,  Train Avg Loss: 0.027919,  Time: 0:45:15
Epoch id: 8, Training steps: 600,  Train Loss: 0.033,  Train Acc: 12.50%,  Train Avg Loss: 0.026401,  Time: 0:45:48
Epoch id: 8, Training steps: 700,  Train Loss: 0.036,  Train Acc: 25.00%,  Train Avg Loss: 0.026585,  Time: 0:46:20
Epoch id: 8, Training steps: 800,  Train Loss:  0.06,  Train Acc: 12.50%,  Train Avg Loss: 0.026963,  Time: 0:46:53
Epoch id: 8, Training steps: 900,  Train Loss:  0.02,  Train Acc: 62.50%,  Train Avg Loss: 0.025070,  Time: 0:47:26
Epoch id: 8, Training steps: 1000,  Train Loss: 0.024,  Train Acc: 37.50%,  Train Avg Loss: 0.026238,  Time: 0:47:59
Epoch id: 8, Training steps: 1100,  Train Loss: 0.048,  Train Acc: 37.50%,  Train Avg Loss: 0.026325,  Time: 0:48:32
Start evaluation on dev dataset.
/root/miniconda3/envs/lyq/lib/python3.8/site-packages/sklearn/metrics/_classification.py:1469: UndefinedMetricWarning: Precision is ill-defined and being set to 0.0 in samples with no predicted labels. Use `zero_division` parameter to control this behavior.
  _warn_prf(average, modifier, msg_start, len(result))
Acc. (Correct/Total): 36.95%% Prec: 0.5530 F1: 0.5049
Epoch id: 9, Training steps: 100,  Train Loss: 0.022,  Train Acc: 25.00%,  Train Avg Loss: 0.036495,  Time: 0:49:38
Epoch id: 9, Training steps: 200,  Train Loss: 0.015,  Train Acc: 62.50%,  Train Avg Loss: 0.025285,  Time: 0:50:09
Epoch id: 9, Training steps: 300,  Train Loss: 0.013,  Train Acc: 37.50%,  Train Avg Loss: 0.025516,  Time: 0:50:42
Epoch id: 9, Training steps: 400,  Train Loss: 0.029,  Train Acc: 25.00%,  Train Avg Loss: 0.026200,  Time: 0:51:15
Epoch id: 9, Training steps: 500,  Train Loss: 0.018,  Train Acc: 50.00%,  Train Avg Loss: 0.025484,  Time: 0:51:48
Epoch id: 9, Training steps: 600,  Train Loss: 0.012,  Train Acc: 62.50%,  Train Avg Loss: 0.024124,  Time: 0:52:20
Epoch id: 9, Training steps: 700,  Train Loss: 0.027,  Train Acc: 50.00%,  Train Avg Loss: 0.026213,  Time: 0:52:48
Epoch id: 9, Training steps: 800,  Train Loss: 0.035,  Train Acc: 25.00%,  Train Avg Loss: 0.024982,  Time: 0:53:17
Epoch id: 9, Training steps: 900,  Train Loss: 0.018,  Train Acc: 62.50%,  Train Avg Loss: 0.023292,  Time: 0:53:45
Epoch id: 9, Training steps: 1000,  Train Loss: 0.035,  Train Acc: 12.50%,  Train Avg Loss: 0.024816,  Time: 0:54:13
Epoch id: 9, Training steps: 1100,  Train Loss: 0.035,  Train Acc: 37.50%,  Train Avg Loss: 0.025010,  Time: 0:54:41
Start evaluation on dev dataset.
/root/miniconda3/envs/lyq/lib/python3.8/site-packages/sklearn/metrics/_classification.py:1469: UndefinedMetricWarning: Precision is ill-defined and being set to 0.0 in samples with no predicted labels. Use `zero_division` parameter to control this behavior.
  _warn_prf(average, modifier, msg_start, len(result))
Acc. (Correct/Total): 38.34%% Prec: 0.5693 F1: 0.5216
Epoch id: 10, Training steps: 100,  Train Loss: 0.016,  Train Acc: 50.00%,  Train Avg Loss: 0.032221,  Time: 0:55:50
Epoch id: 10, Training steps: 200,  Train Loss: 0.027,  Train Acc: 37.50%,  Train Avg Loss: 0.024674,  Time: 0:56:23
Epoch id: 10, Training steps: 300,  Train Loss: 0.015,  Train Acc: 37.50%,  Train Avg Loss: 0.024205,  Time: 0:56:55
Epoch id: 10, Training steps: 400,  Train Loss: 0.038,  Train Acc: 25.00%,  Train Avg Loss: 0.025468,  Time: 0:57:28
Epoch id: 10, Training steps: 500,  Train Loss: 0.014,  Train Acc: 50.00%,  Train Avg Loss: 0.024611,  Time: 0:57:58
Epoch id: 10, Training steps: 600,  Train Loss: 0.019,  Train Acc: 25.00%,  Train Avg Loss: 0.022542,  Time: 0:58:26
Epoch id: 10, Training steps: 700,  Train Loss: 0.021,  Train Acc: 37.50%,  Train Avg Loss: 0.022887,  Time: 0:58:55
Epoch id: 10, Training steps: 800,  Train Loss:  0.04,  Train Acc: 12.50%,  Train Avg Loss: 0.023586,  Time: 0:59:23
Epoch id: 10, Training steps: 900,  Train Loss: 0.013,  Train Acc: 37.50%,  Train Avg Loss: 0.022005,  Time: 0:59:51
Epoch id: 10, Training steps: 1000,  Train Loss:  0.03,  Train Acc: 25.00%,  Train Avg Loss: 0.024804,  Time: 1:00:20
Epoch id: 10, Training steps: 1100,  Train Loss: 0.019,  Train Acc:  0.00%,  Train Avg Loss: 0.023651,  Time: 1:00:48
Start evaluation on dev dataset.
/root/miniconda3/envs/lyq/lib/python3.8/site-packages/sklearn/metrics/_classification.py:1469: UndefinedMetricWarning: Precision is ill-defined and being set to 0.0 in samples with no predicted labels. Use `zero_division` parameter to control this behavior.
  _warn_prf(average, modifier, msg_start, len(result))
Acc. (Correct/Total): 38.82%% Prec: 0.5716 F1: 0.5249
Epoch id: 11, Training steps: 100,  Train Loss: 0.029,  Train Acc: 12.50%,  Train Avg Loss: 0.030698,  Time: 1:01:51
Epoch id: 11, Training steps: 200,  Train Loss: 0.036,  Train Acc: 25.00%,  Train Avg Loss: 0.024774,  Time: 1:02:20
Epoch id: 11, Training steps: 300,  Train Loss: 0.033,  Train Acc: 50.00%,  Train Avg Loss: 0.022345,  Time: 1:02:48
Epoch id: 11, Training steps: 400,  Train Loss: 0.032,  Train Acc: 12.50%,  Train Avg Loss: 0.022252,  Time: 1:03:16
Epoch id: 11, Training steps: 500,  Train Loss: 0.016,  Train Acc: 50.00%,  Train Avg Loss: 0.023820,  Time: 1:03:44
Epoch id: 11, Training steps: 600,  Train Loss: 0.021,  Train Acc: 50.00%,  Train Avg Loss: 0.021269,  Time: 1:04:12
Epoch id: 11, Training steps: 700,  Train Loss: 0.036,  Train Acc: 25.00%,  Train Avg Loss: 0.022815,  Time: 1:04:40
Epoch id: 11, Training steps: 800,  Train Loss: 0.033,  Train Acc: 25.00%,  Train Avg Loss: 0.022927,  Time: 1:05:08
Epoch id: 11, Training steps: 900,  Train Loss: 0.024,  Train Acc: 50.00%,  Train Avg Loss: 0.023592,  Time: 1:05:36
Epoch id: 11, Training steps: 1000,  Train Loss: 0.023,  Train Acc: 25.00%,  Train Avg Loss: 0.024369,  Time: 1:06:04
Epoch id: 11, Training steps: 1100,  Train Loss: 0.018,  Train Acc: 50.00%,  Train Avg Loss: 0.021231,  Time: 1:06:33
Start evaluation on dev dataset.
/root/miniconda3/envs/lyq/lib/python3.8/site-packages/sklearn/metrics/_classification.py:1469: UndefinedMetricWarning: Precision is ill-defined and being set to 0.0 in samples with no predicted labels. Use `zero_division` parameter to control this behavior.
  _warn_prf(average, modifier, msg_start, len(result))
Acc. (Correct/Total): 40.16%% Prec: 0.6026 F1: 0.5518
Epoch id: 12, Training steps: 100,  Train Loss: 0.035,  Train Acc: 50.00%,  Train Avg Loss: 0.030529,  Time: 1:07:36
Epoch id: 12, Training steps: 200,  Train Loss: 0.027,  Train Acc: 37.50%,  Train Avg Loss: 0.020619,  Time: 1:08:04
Epoch id: 12, Training steps: 300,  Train Loss: 0.022,  Train Acc: 37.50%,  Train Avg Loss: 0.020981,  Time: 1:08:33
Epoch id: 12, Training steps: 400,  Train Loss:  0.03,  Train Acc: 37.50%,  Train Avg Loss: 0.021357,  Time: 1:09:01
Epoch id: 12, Training steps: 500,  Train Loss:  0.01,  Train Acc: 50.00%,  Train Avg Loss: 0.021751,  Time: 1:09:29
Epoch id: 12, Training steps: 600,  Train Loss: 0.016,  Train Acc: 37.50%,  Train Avg Loss: 0.022203,  Time: 1:09:57
Epoch id: 12, Training steps: 700,  Train Loss: 0.031,  Train Acc: 37.50%,  Train Avg Loss: 0.021834,  Time: 1:10:26
Epoch id: 12, Training steps: 800,  Train Loss: 0.015,  Train Acc: 25.00%,  Train Avg Loss: 0.022109,  Time: 1:10:54
Epoch id: 12, Training steps: 900,  Train Loss: 0.0099,  Train Acc: 50.00%,  Train Avg Loss: 0.020958,  Time: 1:11:22
Epoch id: 12, Training steps: 1000,  Train Loss: 0.019,  Train Acc: 50.00%,  Train Avg Loss: 0.019037,  Time: 1:11:50
Epoch id: 12, Training steps: 1100,  Train Loss: 0.0077,  Train Acc: 75.00%,  Train Avg Loss: 0.021863,  Time: 1:12:18
Start evaluation on dev dataset.
/root/miniconda3/envs/lyq/lib/python3.8/site-packages/sklearn/metrics/_classification.py:1469: UndefinedMetricWarning: Precision is ill-defined and being set to 0.0 in samples with no predicted labels. Use `zero_division` parameter to control this behavior.
  _warn_prf(average, modifier, msg_start, len(result))
Acc. (Correct/Total): 40.98%% Prec: 0.6080 F1: 0.5590
Epoch id: 13, Training steps: 100,  Train Loss: 0.015,  Train Acc: 37.50%,  Train Avg Loss: 0.028535,  Time: 1:13:22
Epoch id: 13, Training steps: 200,  Train Loss: 0.024,  Train Acc: 25.00%,  Train Avg Loss: 0.019905,  Time: 1:13:50
Epoch id: 13, Training steps: 300,  Train Loss: 0.017,  Train Acc: 50.00%,  Train Avg Loss: 0.020498,  Time: 1:14:18
Epoch id: 13, Training steps: 400,  Train Loss: 0.014,  Train Acc: 50.00%,  Train Avg Loss: 0.019754,  Time: 1:14:46
Epoch id: 13, Training steps: 500,  Train Loss: 0.017,  Train Acc: 37.50%,  Train Avg Loss: 0.020679,  Time: 1:15:15
Epoch id: 13, Training steps: 600,  Train Loss: 0.037,  Train Acc: 37.50%,  Train Avg Loss: 0.019128,  Time: 1:15:43
Epoch id: 13, Training steps: 700,  Train Loss: 0.0089,  Train Acc: 75.00%,  Train Avg Loss: 0.019856,  Time: 1:16:11
Epoch id: 13, Training steps: 800,  Train Loss: 0.027,  Train Acc: 25.00%,  Train Avg Loss: 0.021914,  Time: 1:16:39
Epoch id: 13, Training steps: 900,  Train Loss: 0.025,  Train Acc: 25.00%,  Train Avg Loss: 0.021492,  Time: 1:17:07
Epoch 00142: reducing learning rate of group 0 to 2.8000e-07.
Epoch id: 13, Training steps: 1000,  Train Loss: 0.025,  Train Acc: 25.00%,  Train Avg Loss: 0.021159,  Time: 1:17:36
Epoch id: 13, Training steps: 1100,  Train Loss: 0.013,  Train Acc: 37.50%,  Train Avg Loss: 0.021030,  Time: 1:18:04
Start evaluation on dev dataset.
/root/miniconda3/envs/lyq/lib/python3.8/site-packages/sklearn/metrics/_classification.py:1469: UndefinedMetricWarning: Precision is ill-defined and being set to 0.0 in samples with no predicted labels. Use `zero_division` parameter to control this behavior.
  _warn_prf(average, modifier, msg_start, len(result))
Acc. (Correct/Total): 41.60%% Prec: 0.6132 F1: 0.5647
Epoch id: 14, Training steps: 100,  Train Loss: 0.033,  Train Acc: 25.00%,  Train Avg Loss: 0.026858,  Time: 1:19:07
Epoch id: 14, Training steps: 200,  Train Loss: 0.014,  Train Acc: 75.00%,  Train Avg Loss: 0.019601,  Time: 1:19:35
Epoch id: 14, Training steps: 300,  Train Loss: 0.016,  Train Acc: 37.50%,  Train Avg Loss: 0.018259,  Time: 1:20:04
Epoch id: 14, Training steps: 400,  Train Loss: 0.012,  Train Acc: 50.00%,  Train Avg Loss: 0.019727,  Time: 1:20:32
Epoch id: 14, Training steps: 500,  Train Loss: 0.0097,  Train Acc: 62.50%,  Train Avg Loss: 0.019126,  Time: 1:21:04
Epoch id: 14, Training steps: 600,  Train Loss: 0.037,  Train Acc: 25.00%,  Train Avg Loss: 0.020608,  Time: 1:21:33
Epoch id: 14, Training steps: 700,  Train Loss:  0.02,  Train Acc: 50.00%,  Train Avg Loss: 0.019673,  Time: 1:22:01
Epoch id: 14, Training steps: 800,  Train Loss: 0.0054,  Train Acc: 75.00%,  Train Avg Loss: 0.019460,  Time: 1:22:33
Epoch id: 14, Training steps: 900,  Train Loss: 0.014,  Train Acc: 62.50%,  Train Avg Loss: 0.018837,  Time: 1:23:10
Epoch id: 14, Training steps: 1000,  Train Loss: 0.036,  Train Acc: 12.50%,  Train Avg Loss: 0.020112,  Time: 1:23:38
Epoch id: 14, Training steps: 1100,  Train Loss: 0.022,  Train Acc: 12.50%,  Train Avg Loss: 0.019611,  Time: 1:24:13
Start evaluation on dev dataset.
/root/miniconda3/envs/lyq/lib/python3.8/site-packages/sklearn/metrics/_classification.py:1469: UndefinedMetricWarning: Precision is ill-defined and being set to 0.0 in samples with no predicted labels. Use `zero_division` parameter to control this behavior.
  _warn_prf(average, modifier, msg_start, len(result))
Acc. (Correct/Total): 41.99%% Prec: 0.6167 F1: 0.5689
Epoch id: 15, Training steps: 100,  Train Loss: 0.0092,  Train Acc: 62.50%,  Train Avg Loss: 0.026452,  Time: 1:25:18
Epoch id: 15, Training steps: 200,  Train Loss:  0.03,  Train Acc: 12.50%,  Train Avg Loss: 0.019442,  Time: 1:25:46
Epoch 00157: reducing learning rate of group 0 to 2.8000e-08.
Epoch id: 15, Training steps: 300,  Train Loss: 0.025,  Train Acc: 37.50%,  Train Avg Loss: 0.019011,  Time: 1:26:14
Epoch id: 15, Training steps: 400,  Train Loss: 0.029,  Train Acc: 12.50%,  Train Avg Loss: 0.020374,  Time: 1:26:42
Epoch id: 15, Training steps: 500,  Train Loss: 0.018,  Train Acc: 37.50%,  Train Avg Loss: 0.020200,  Time: 1:27:10
Epoch id: 15, Training steps: 600,  Train Loss: 0.036,  Train Acc: 25.00%,  Train Avg Loss: 0.019808,  Time: 1:27:38
Epoch id: 15, Training steps: 700,  Train Loss: 0.017,  Train Acc: 50.00%,  Train Avg Loss: 0.019306,  Time: 1:28:06
Epoch id: 15, Training steps: 800,  Train Loss: 0.022,  Train Acc: 50.00%,  Train Avg Loss: 0.018959,  Time: 1:28:34
Epoch id: 15, Training steps: 900,  Train Loss: 0.015,  Train Acc: 37.50%,  Train Avg Loss: 0.019739,  Time: 1:29:02
Epoch id: 15, Training steps: 1000,  Train Loss: 0.029,  Train Acc: 25.00%,  Train Avg Loss: 0.018626,  Time: 1:29:30
Epoch id: 15, Training steps: 1100,  Train Loss: 0.025,  Train Acc: 37.50%,  Train Avg Loss: 0.019039,  Time: 1:29:59
Start evaluation on dev dataset.
/root/miniconda3/envs/lyq/lib/python3.8/site-packages/sklearn/metrics/_classification.py:1469: UndefinedMetricWarning: Precision is ill-defined and being set to 0.0 in samples with no predicted labels. Use `zero_division` parameter to control this behavior.
  _warn_prf(average, modifier, msg_start, len(result))
Acc. (Correct/Total): 41.89%% Prec: 0.6171 F1: 0.5696
Epoch id: 16, Training steps: 100,  Train Loss: 0.027,  Train Acc: 50.00%,  Train Avg Loss: 0.026889,  Time: 1:31:02
Epoch id: 16, Training steps: 200,  Train Loss: 0.032,  Train Acc: 25.00%,  Train Avg Loss: 0.020474,  Time: 1:31:30
Epoch 00168: reducing learning rate of group 0 to 2.8000e-09.
Epoch id: 16, Training steps: 300,  Train Loss:  0.03,  Train Acc: 37.50%,  Train Avg Loss: 0.018729,  Time: 1:31:58
Epoch id: 16, Training steps: 400,  Train Loss: 0.023,  Train Acc: 25.00%,  Train Avg Loss: 0.019662,  Time: 1:32:26
Epoch id: 16, Training steps: 500,  Train Loss:  0.03,  Train Acc: 25.00%,  Train Avg Loss: 0.019972,  Time: 1:32:54
Epoch id: 16, Training steps: 600,  Train Loss: 0.033,  Train Acc: 37.50%,  Train Avg Loss: 0.020185,  Time: 1:33:22
Epoch id: 16, Training steps: 700,  Train Loss:  0.02,  Train Acc: 50.00%,  Train Avg Loss: 0.018779,  Time: 1:33:50
Epoch id: 16, Training steps: 800,  Train Loss: 0.013,  Train Acc: 37.50%,  Train Avg Loss: 0.018181,  Time: 1:34:18
Epoch id: 16, Training steps: 900,  Train Loss: 0.021,  Train Acc: 50.00%,  Train Avg Loss: 0.017356,  Time: 1:34:46
Epoch id: 16, Training steps: 1000,  Train Loss: 0.017,  Train Acc: 62.50%,  Train Avg Loss: 0.019960,  Time: 1:35:14
Epoch id: 16, Training steps: 1100,  Train Loss: 0.017,  Train Acc: 50.00%,  Train Avg Loss: 0.019486,  Time: 1:35:42
Start evaluation on dev dataset.
/root/miniconda3/envs/lyq/lib/python3.8/site-packages/sklearn/metrics/_classification.py:1469: UndefinedMetricWarning: Precision is ill-defined and being set to 0.0 in samples with no predicted labels. Use `zero_division` parameter to control this behavior.
  _warn_prf(average, modifier, msg_start, len(result))
Acc. (Correct/Total): 41.89%% Prec: 0.6171 F1: 0.5695
Epoch id: 17, Training steps: 100,  Train Loss: 0.021,  Train Acc: 50.00%,  Train Avg Loss: 0.025348,  Time: 1:36:54
Epoch id: 17, Training steps: 200,  Train Loss: 0.0092,  Train Acc: 62.50%,  Train Avg Loss: 0.019852,  Time: 1:37:33
Epoch id: 17, Training steps: 300,  Train Loss: 0.026,  Train Acc: 12.50%,  Train Avg Loss: 0.018912,  Time: 1:38:03
Epoch id: 17, Training steps: 400,  Train Loss: 0.016,  Train Acc: 62.50%,  Train Avg Loss: 0.018395,  Time: 1:38:31
Epoch id: 17, Training steps: 500,  Train Loss: 0.015,  Train Acc: 75.00%,  Train Avg Loss: 0.019284,  Time: 1:38:59
Epoch id: 17, Training steps: 600,  Train Loss: 0.026,  Train Acc: 37.50%,  Train Avg Loss: 0.020114,  Time: 1:39:41
Epoch id: 17, Training steps: 700,  Train Loss:  0.03,  Train Acc: 25.00%,  Train Avg Loss: 0.019726,  Time: 1:40:35
Epoch id: 17, Training steps: 800,  Train Loss: 0.016,  Train Acc: 62.50%,  Train Avg Loss: 0.019777,  Time: 1:41:23
Epoch id: 17, Training steps: 900,  Train Loss: 0.016,  Train Acc: 62.50%,  Train Avg Loss: 0.019520,  Time: 1:42:10
Epoch id: 17, Training steps: 1000,  Train Loss: 0.021,  Train Acc: 37.50%,  Train Avg Loss: 0.018855,  Time: 1:42:58
Epoch id: 17, Training steps: 1100,  Train Loss: 0.019,  Train Acc: 62.50%,  Train Avg Loss: 0.019209,  Time: 1:43:46
Start evaluation on dev dataset.
/root/miniconda3/envs/lyq/lib/python3.8/site-packages/sklearn/metrics/_classification.py:1469: UndefinedMetricWarning: Precision is ill-defined and being set to 0.0 in samples with no predicted labels. Use `zero_division` parameter to control this behavior.
  _warn_prf(average, modifier, msg_start, len(result))
Acc. (Correct/Total): 41.84%% Prec: 0.6168 F1: 0.5693
Epoch id: 18, Training steps: 100,  Train Loss:  0.01,  Train Acc: 75.00%,  Train Avg Loss: 0.027750,  Time: 1:44:50
Epoch id: 18, Training steps: 200,  Train Loss: 0.017,  Train Acc: 62.50%,  Train Avg Loss: 0.020426,  Time: 1:45:18
Epoch id: 18, Training steps: 300,  Train Loss: 0.018,  Train Acc: 50.00%,  Train Avg Loss: 0.019056,  Time: 1:45:46
Epoch id: 18, Training steps: 400,  Train Loss: 0.025,  Train Acc: 37.50%,  Train Avg Loss: 0.019971,  Time: 1:46:15
Epoch id: 18, Training steps: 500,  Train Loss: 0.022,  Train Acc: 50.00%,  Train Avg Loss: 0.019159,  Time: 1:46:43
Epoch id: 18, Training steps: 600,  Train Loss: 0.012,  Train Acc: 50.00%,  Train Avg Loss: 0.019166,  Time: 1:47:11
Epoch id: 18, Training steps: 700,  Train Loss: 0.017,  Train Acc: 50.00%,  Train Avg Loss: 0.018268,  Time: 1:47:39
Epoch id: 18, Training steps: 800,  Train Loss: 0.015,  Train Acc: 62.50%,  Train Avg Loss: 0.019260,  Time: 1:48:07
Epoch id: 18, Training steps: 900,  Train Loss: 0.0097,  Train Acc: 75.00%,  Train Avg Loss: 0.019280,  Time: 1:48:35
Epoch id: 18, Training steps: 1000,  Train Loss:  0.01,  Train Acc: 62.50%,  Train Avg Loss: 0.018278,  Time: 1:49:03
Epoch id: 18, Training steps: 1100,  Train Loss: 0.019,  Train Acc: 37.50%,  Train Avg Loss: 0.019279,  Time: 1:49:31
Start evaluation on dev dataset.
/root/miniconda3/envs/lyq/lib/python3.8/site-packages/sklearn/metrics/_classification.py:1469: UndefinedMetricWarning: Precision is ill-defined and being set to 0.0 in samples with no predicted labels. Use `zero_division` parameter to control this behavior.
  _warn_prf(average, modifier, msg_start, len(result))
Acc. (Correct/Total): 41.84%% Prec: 0.6168 F1: 0.5693
Epoch id: 19, Training steps: 100,  Train Loss: 0.016,  Train Acc: 37.50%,  Train Avg Loss: 0.025730,  Time: 1:50:35
Epoch id: 19, Training steps: 200,  Train Loss: 0.019,  Train Acc: 50.00%,  Train Avg Loss: 0.018573,  Time: 1:51:03
Epoch id: 19, Training steps: 300,  Train Loss: 0.023,  Train Acc: 12.50%,  Train Avg Loss: 0.017992,  Time: 1:51:31
Epoch id: 19, Training steps: 400,  Train Loss: 0.0097,  Train Acc: 75.00%,  Train Avg Loss: 0.019587,  Time: 1:51:59
Epoch id: 19, Training steps: 500,  Train Loss: 0.022,  Train Acc: 37.50%,  Train Avg Loss: 0.019400,  Time: 1:52:27
Epoch id: 19, Training steps: 600,  Train Loss: 0.021,  Train Acc: 50.00%,  Train Avg Loss: 0.018872,  Time: 1:52:55
Epoch id: 19, Training steps: 700,  Train Loss: 0.021,  Train Acc: 37.50%,  Train Avg Loss: 0.020370,  Time: 1:53:23
Epoch id: 19, Training steps: 800,  Train Loss: 0.016,  Train Acc: 50.00%,  Train Avg Loss: 0.018946,  Time: 1:53:51
Epoch id: 19, Training steps: 900,  Train Loss:  0.02,  Train Acc: 37.50%,  Train Avg Loss: 0.020629,  Time: 1:54:19
Epoch id: 19, Training steps: 1000,  Train Loss: 0.014,  Train Acc: 62.50%,  Train Avg Loss: 0.019171,  Time: 1:54:47
Epoch id: 19, Training steps: 1100,  Train Loss: 0.017,  Train Acc: 62.50%,  Train Avg Loss: 0.019970,  Time: 1:55:15
Start evaluation on dev dataset.
/root/miniconda3/envs/lyq/lib/python3.8/site-packages/sklearn/metrics/_classification.py:1469: UndefinedMetricWarning: Precision is ill-defined and being set to 0.0 in samples with no predicted labels. Use `zero_division` parameter to control this behavior.
  _warn_prf(average, modifier, msg_start, len(result))
Acc. (Correct/Total): 41.84%% Prec: 0.6168 F1: 0.5693
Epoch id: 20, Training steps: 100,  Train Loss: 0.021,  Train Acc: 50.00%,  Train Avg Loss: 0.026529,  Time: 1:56:19
Epoch id: 20, Training steps: 200,  Train Loss: 0.029,  Train Acc: 25.00%,  Train Avg Loss: 0.018816,  Time: 1:56:47
Epoch id: 20, Training steps: 300,  Train Loss:  0.02,  Train Acc: 25.00%,  Train Avg Loss: 0.019704,  Time: 1:57:15
Epoch id: 20, Training steps: 400,  Train Loss: 0.023,  Train Acc: 50.00%,  Train Avg Loss: 0.019163,  Time: 1:57:43
Epoch id: 20, Training steps: 500,  Train Loss: 0.0085,  Train Acc: 75.00%,  Train Avg Loss: 0.019045,  Time: 1:58:12
Epoch id: 20, Training steps: 600,  Train Loss: 0.0094,  Train Acc: 75.00%,  Train Avg Loss: 0.019347,  Time: 1:58:40
Epoch id: 20, Training steps: 700,  Train Loss: 0.014,  Train Acc: 50.00%,  Train Avg Loss: 0.018058,  Time: 1:59:08
Epoch id: 20, Training steps: 800,  Train Loss: 0.029,  Train Acc: 37.50%,  Train Avg Loss: 0.020682,  Time: 1:59:36
Epoch id: 20, Training steps: 900,  Train Loss: 0.015,  Train Acc: 50.00%,  Train Avg Loss: 0.019967,  Time: 2:00:04
Epoch id: 20, Training steps: 1000,  Train Loss: 0.025,  Train Acc: 25.00%,  Train Avg Loss: 0.017931,  Time: 2:00:32
Epoch id: 20, Training steps: 1100,  Train Loss: 0.027,  Train Acc: 37.50%,  Train Avg Loss: 0.019740,  Time: 2:01:01
Start evaluation on dev dataset.
/root/miniconda3/envs/lyq/lib/python3.8/site-packages/sklearn/metrics/_classification.py:1469: UndefinedMetricWarning: Precision is ill-defined and being set to 0.0 in samples with no predicted labels. Use `zero_division` parameter to control this behavior.
  _warn_prf(average, modifier, msg_start, len(result))
Acc. (Correct/Total): 41.84%% Prec: 0.6168 F1: 0.5693
Start evaluation on test dataset.
The number of evaluation instances:  2067
/root/miniconda3/envs/lyq/lib/python3.8/site-packages/sklearn/metrics/_classification.py:1469: UndefinedMetricWarning: Precision is ill-defined and being set to 0.0 in samples with no predicted labels. Use `zero_division` parameter to control this behavior.
  _warn_prf(average, modifier, msg_start, len(result))
/root/miniconda3/envs/lyq/lib/python3.8/site-packages/sklearn/metrics/_classification.py:1469: UndefinedMetricWarning: Precision and F-score are ill-defined and being set to 0.0 in labels with no predicted samples. Use `zero_division` parameter to control this behavior.
  _warn_prf(average, modifier, msg_start, len(result))
/root/miniconda3/envs/lyq/lib/python3.8/site-packages/sklearn/metrics/_classification.py:1469: UndefinedMetricWarning: Precision and F-score are ill-defined and being set to 0.0 in samples with no predicted labels. Use `zero_division` parameter to control this behavior.
  _warn_prf(average, modifier, msg_start, len(result))
Acc. (Correct/Total): 49.93% Prec: 0.6833 F1: 0.6346
Precision, Recall and F1-Score...
              precision    recall  f1-score   support

         教育学     0.8745    0.9253    0.8992       241
          法学     0.8846    0.8214    0.8519       224
      中国语言文学     0.9007    0.6865    0.7791       185
         政治学     0.8265    0.4969    0.6207       163
         社会学     0.9402    0.7006    0.8029       157
         心理学     0.7667    0.3740    0.5027       123
       应用经济学     0.7193    0.3504    0.4713       117
         历史学     0.8125    0.3578    0.4968       109
     环境科学与工程     0.8953    0.7130    0.7938       108
          哲学     0.8800    0.4536    0.5986        97
      外国语言文学     0.7800    0.4588    0.5778        85
         生物学     0.8462    0.6962    0.7639        79
      交通运输工程     0.9024    0.9487    0.9250        78
        临床医学     0.8909    0.6447    0.7481        76
    计算机科学与技术     0.7538    0.6901    0.7206        71
        土木工程     0.8312    0.9697    0.8951        66
   航空宇航科学与技术     0.9811    0.8525    0.9123        61
         民族学     0.6296    0.3091    0.4146        55
   公共卫生与预防医学     0.7500    0.5882    0.6593        51
         美术学     0.8033    0.9800    0.8829        50
         艺术学     0.8000    0.5581    0.6575        43
         地理学     0.7391    0.4048    0.5231        42
         体育学     0.8750    0.5250    0.6563        40
       理论经济学     0.8571    0.6316    0.7273        38
         中医学     0.9655    0.7568    0.8485        37
         物理学     0.7895    0.8333    0.8108        36
          林学     0.8571    0.5455    0.6667        33
          数学     0.8667    0.4062    0.5532        32
     电子科学与技术     0.5556    0.4839    0.5172        31
        基础医学     0.8000    0.1379    0.2353        29
        工商管理     0.6471    0.4074    0.5000        27
       新闻传播学     0.9091    0.4545    0.6061        22
         天文学     0.8095    0.7727    0.7907        22
         地质学     0.9333    0.6667    0.7778        21
         畜牧学     0.7200    0.8571    0.7826        21
   军事思想及军事历史     0.8235    0.7000    0.7568        20
     管理科学与工程     0.6667    0.2222    0.3333        18
     测绘科学与技术     0.6154    0.4706    0.5333        17
        水利工程     1.0000    0.3125    0.4762        16
        大气科学     0.7000    0.4375    0.5385        16
     兵器科学与技术     0.7500    0.8000    0.7742        15
       地球物理学     0.5000    0.0714    0.1250        14
        电气工程     1.0000    0.3846    0.5556        13
         作物学     0.7500    0.4615    0.5714        13
     控制科学与工程     0.3750    0.2308    0.2857        13
     信息与通信工程     0.0000    0.0000    0.0000        13
        公共管理     0.0714    0.0769    0.0741        13
         建筑学     0.0000    0.0000    0.0000        13
     化学工程与技术     0.2500    0.0833    0.1250        12
          力学     1.0000    0.2727    0.4286        11
        海洋科学     0.8750    0.6364    0.7368        11
     轻工技术与工程     0.3333    0.0909    0.1429        11
        农业工程     0.0000    0.0000    0.0000        10
         园艺学     0.8750    0.7000    0.7778        10
       中西医结合     1.0000    0.9000    0.9474        10
        机械工程     1.0000    0.1111    0.2000         9
       科学技术史     1.0000    0.2500    0.4000         8
     船舶与海洋工程     1.0000    0.1250    0.2222         8
   图书情报与档案管理     0.0000    0.0000    0.0000         8
        植物保护     1.0000    0.5000    0.6667         8
     材料科学与工程     0.8000    0.5000    0.6154         8
         统计学     0.5714    0.5000    0.5333         8
          化学     1.0000    0.3750    0.5455         8
     食品科学与工程     0.0000    0.0000    0.0000         8
          水产     1.0000    0.7143    0.8333         7
          药学     1.0000    0.4286    0.6000         7
     农业资源与环境     0.0000    0.0000    0.0000         7
         世界史     0.7500    0.4286    0.5455         7
        系统科学     0.0000    0.0000    0.0000         7
      农林经济管理     1.0000    0.8000    0.8889         5
       军队指挥学     1.0000    0.4000    0.5714         5
        矿业工程     0.0000    0.0000    0.0000         5
     纺织科学与工程     0.8000    0.8000    0.8000         5
  动力工程及工程热物理     0.0000    0.0000    0.0000         4
        林业工程     0.0000    0.0000    0.0000         4
     仪器科学与技术     0.0000    0.0000    0.0000         3
         战略学     0.0000    0.0000    0.0000         3
   地质资源与地质工程     0.0000    0.0000    0.0000         3
        旅游管理     0.0000    0.0000    0.0000         3
 图书馆、情报与档案管理     0.0000    0.0000    0.0000         2
        冶金工程     0.0000    0.0000    0.0000         2
      核科学与技术     0.0000    0.0000    0.0000         2

   micro avg     0.8362    0.5975    0.6970      3093
   macro avg     0.6378    0.4176    0.4826      3093
weighted avg     0.8042    0.5975    0.6680      3093
 samples avg     0.6833    0.6164    0.6346      3093

Final evaluation on the test dataset.
The number of evaluation instances:  2067
/root/miniconda3/envs/lyq/lib/python3.8/site-packages/sklearn/metrics/_classification.py:1469: UndefinedMetricWarning: Precision is ill-defined and being set to 0.0 in samples with no predicted labels. Use `zero_division` parameter to control this behavior.
  _warn_prf(average, modifier, msg_start, len(result))
/root/miniconda3/envs/lyq/lib/python3.8/site-packages/sklearn/metrics/_classification.py:1469: UndefinedMetricWarning: Precision and F-score are ill-defined and being set to 0.0 in labels with no predicted samples. Use `zero_division` parameter to control this behavior.
  _warn_prf(average, modifier, msg_start, len(result))
/root/miniconda3/envs/lyq/lib/python3.8/site-packages/sklearn/metrics/_classification.py:1469: UndefinedMetricWarning: Precision and F-score are ill-defined and being set to 0.0 in samples with no predicted labels. Use `zero_division` parameter to control this behavior.
  _warn_prf(average, modifier, msg_start, len(result))
Acc. (Correct/Total):  5.27% Prec: 0.0760 F1: 0.0686
Precision, Recall and F1-Score...
              precision    recall  f1-score   support

         教育学     0.5000    0.0041    0.0082       241
          法学     0.0000    0.0000    0.0000       224
      中国语言文学     0.6667    0.0108    0.0213       185
         政治学     0.0000    0.0000    0.0000       163
         社会学     0.5000    0.0064    0.0126       157
         心理学     0.0000    0.0000    0.0000       123
       应用经济学     0.0000    0.0000    0.0000       117
         历史学     0.5294    0.0826    0.1429       109
     环境科学与工程     0.8000    0.3704    0.5063       108
          哲学     0.0000    0.0000    0.0000        97
      外国语言文学     1.0000    0.0118    0.0233        85
         生物学     0.8235    0.1772    0.2917        79
      交通运输工程     0.9242    0.7821    0.8472        78
        临床医学     0.0000    0.0000    0.0000        76
    计算机科学与技术     0.0000    0.0000    0.0000        71
        土木工程     0.9298    0.8030    0.8618        66
   航空宇航科学与技术     0.6190    0.2131    0.3171        61
         民族学     0.0000    0.0000    0.0000        55
   公共卫生与预防医学     0.0000    0.0000    0.0000        51
         美术学     1.0000    0.0200    0.0392        50
         艺术学     0.0000    0.0000    0.0000        43
         地理学     0.0000    0.0000    0.0000        42
         体育学     1.0000    0.2250    0.3673        40
       理论经济学     0.0000    0.0000    0.0000        38
         中医学     0.0000    0.0000    0.0000        37
         物理学     0.0000    0.0000    0.0000        36
          林学     0.0000    0.0000    0.0000        33
          数学     0.0000    0.0000    0.0000        32
     电子科学与技术     0.0000    0.0000    0.0000        31
        基础医学     0.0000    0.0000    0.0000        29
        工商管理     0.0000    0.0000    0.0000        27
       新闻传播学     0.0000    0.0000    0.0000        22
         天文学     0.0000    0.0000    0.0000        22
         地质学     0.0000    0.0000    0.0000        21
         畜牧学     1.0000    0.0476    0.0909        21
   军事思想及军事历史     0.5714    0.2000    0.2963        20
     管理科学与工程     0.0000    0.0000    0.0000        18
     测绘科学与技术     0.0000    0.0000    0.0000        17
        水利工程     0.0000    0.0000    0.0000        16
        大气科学     0.0000    0.0000    0.0000        16
     兵器科学与技术     0.7500    0.2000    0.3158        15
       地球物理学     0.0000    0.0000    0.0000        14
        电气工程     0.0000    0.0000    0.0000        13
         作物学     0.0000    0.0000    0.0000        13
     控制科学与工程     0.0000    0.0000    0.0000        13
     信息与通信工程     0.0000    0.0000    0.0000        13
        公共管理     0.0000    0.0000    0.0000        13
         建筑学     0.0000    0.0000    0.0000        13
     化学工程与技术     0.0000    0.0000    0.0000        12
          力学     0.0000    0.0000    0.0000        11
        海洋科学     0.0000    0.0000    0.0000        11
     轻工技术与工程     0.0000    0.0000    0.0000        11
        农业工程     0.0000    0.0000    0.0000        10
         园艺学     0.0000    0.0000    0.0000        10
       中西医结合     0.0000    0.0000    0.0000        10
        机械工程     0.0000    0.0000    0.0000         9
       科学技术史     0.0000    0.0000    0.0000         8
     船舶与海洋工程     0.0000    0.0000    0.0000         8
   图书情报与档案管理     0.0000    0.0000    0.0000         8
        植物保护     0.0000    0.0000    0.0000         8
     材料科学与工程     0.0000    0.0000    0.0000         8
         统计学     0.0000    0.0000    0.0000         8
          化学     0.0000    0.0000    0.0000         8
     食品科学与工程     0.0000    0.0000    0.0000         8
          水产     0.0000    0.0000    0.0000         7
          药学     0.0000    0.0000    0.0000         7
     农业资源与环境     0.0000    0.0000    0.0000         7
         世界史     0.0000    0.0000    0.0000         7
        系统科学     0.0000    0.0000    0.0000         7
      农林经济管理     0.0000    0.0000    0.0000         5
       军队指挥学     0.0000    0.0000    0.0000         5
        矿业工程     0.0000    0.0000    0.0000         5
     纺织科学与工程     0.0000    0.0000    0.0000         5
  动力工程及工程热物理     0.0000    0.0000    0.0000         4
        林业工程     0.0000    0.0000    0.0000         4
     仪器科学与技术     0.0000    0.0000    0.0000         3
         战略学     0.0000    0.0000    0.0000         3
   地质资源与地质工程     0.0000    0.0000    0.0000         3
        旅游管理     0.0000    0.0000    0.0000         3
 图书馆、情报与档案管理     0.0000    0.0000    0.0000         2
        冶金工程     0.0000    0.0000    0.0000         2
      核科学与技术     0.0000    0.0000    0.0000         2

   micro avg     0.8224    0.0689    0.1271      3093
   macro avg     0.1416    0.0385    0.0505      3093
weighted avg     0.2979    0.0689    0.0888      3093
 samples avg     0.0760    0.0654    0.0686      3093

