nohup: ignoring input
  0%|          | 0/82 [00:00<?, ?it/s]100%|██████████| 82/82 [00:00<00:00, 1014551.41it/s]
model:  ernie-rcnn-catlstmwide
pretrained:  ernie1
task:  MLC-slice
dataset:  book_multilabels_task_slice
seq_length:  256
hidden_dropout_prob:  0.2
attention_probs_dropout_prob:  0.2
epochs_num:  32
batch_size:  8
learning_rate:  2e-05
report_steps:  100
kg_name:  CnDbpedia
no_kg:  True
no_vm:  True
GPU:  NVIDIA GeForce RTX 3090
Vocabulary Size:  17964
[BertClassifier] use visible_matrix: False
Some weights of ErnieRCNNForMultiLabelSequenceClassificationSliceCatLSTMWide were not initialized from the model checkpoint at ./models/ernie1 and are newly initialized: ['lstm.bias_hh_l1_reverse', 'classifier.weight', 'output_layer_1.weight', 'lstm.weight_ih_l0', 'lstm.weight_ih_l1', 'lstm.bias_ih_l0_reverse', 'lstm.weight_hh_l1', 'output_layer_1.bias', 'lstm.bias_ih_l1_reverse', 'lstm.weight_hh_l1_reverse', 'lstm.weight_hh_l0', 'lstm.weight_ih_l1_reverse', 'lstm.bias_hh_l0_reverse', 'lstm.weight_hh_l0_reverse', 'classifier.bias', 'lstm.bias_ih_l0', 'lstm.bias_hh_l1', 'lstm.weight_ih_l0_reverse', 'lstm.bias_ih_l1', 'lstm.bias_hh_l0']
You should probably TRAIN this model on a down-stream task to be able to use it for predictions and inference.
1 GPUs are available. Let's use them.
device:  cuda
Start training.
Loading sentences from ./datasets/book_multilabels_task_slice/train.tsv
There are 9097 sentence in total. We use 1 processes to inject knowledge into sentences.
Progress of process 0: 0/9097
Loading sentences from ./datasets/book_multilabels_task_slice/dev.tsv
There are 2084 sentence in total. We use 1 processes to inject knowledge into sentences.
Progress of process 0: 0/2084
Loading sentences from ./datasets/book_multilabels_task_slice/test.tsv
There are 2067 sentence in total. We use 1 processes to inject knowledge into sentences.
Progress of process 0: 0/2067
Epoch id: 1, Training steps: 100, Train Acc:  0.00%, Train Loss: 0.801317, Train Avg Loss: 0.855534, Time: 0:00:34
Epoch id: 1, Training steps: 200, Train Acc:  0.00%, Train Loss: 0.632747, Train Avg Loss: 0.718312, Time: 0:01:05
Epoch id: 1, Training steps: 300, Train Acc:  0.00%, Train Loss: 0.403824, Train Avg Loss: 0.503411, Time: 0:01:36
Epoch id: 1, Training steps: 400, Train Acc:  0.00%, Train Loss: 0.220216, Train Avg Loss: 0.298700, Time: 0:02:08
Epoch id: 1, Training steps: 500, Train Acc:  0.00%, Train Loss: 0.140169, Train Avg Loss: 0.171432, Time: 0:02:39
Epoch id: 1, Training steps: 600, Train Acc:  0.00%, Train Loss: 0.099962, Train Avg Loss: 0.116807, Time: 0:03:11
Epoch id: 1, Training steps: 700, Train Acc:  0.00%, Train Loss: 0.100583, Train Avg Loss: 0.099106, Time: 0:03:42
Epoch id: 1, Training steps: 800, Train Acc:  0.00%, Train Loss: 0.089999, Train Avg Loss: 0.091600, Time: 0:04:14
Epoch id: 1, Training steps: 900, Train Acc:  0.00%, Train Loss: 0.092769, Train Avg Loss: 0.088726, Time: 0:04:45
Epoch id: 1, Training steps: 1000, Train Acc:  0.00%, Train Loss: 0.097994, Train Avg Loss: 0.086043, Time: 0:05:17
Epoch id: 1, Training steps: 1100, Train Acc:  0.00%, Train Loss: 0.083219, Train Avg Loss: 0.085353, Time: 0:05:49
Start evaluation on dev dataset.
Acc. (Correct/Total):  0.00% micro-Prec: 0.0000 micro-Recall:0.0000 micro-F1: 0.0000 dev loss: 0.091251
Epoch id: 2, Training steps: 100, Train Acc:  0.00%, Train Loss: 0.084974, Train Avg Loss: 0.114731, Time: 0:07:01
Epoch id: 2, Training steps: 200, Train Acc:  0.00%, Train Loss: 0.077017, Train Avg Loss: 0.082352, Time: 0:07:32
Epoch id: 2, Training steps: 300, Train Acc:  0.00%, Train Loss: 0.073931, Train Avg Loss: 0.083052, Time: 0:08:04
Epoch id: 2, Training steps: 400, Train Acc:  0.00%, Train Loss: 0.071194, Train Avg Loss: 0.082014, Time: 0:08:36
Epoch id: 2, Training steps: 500, Train Acc:  0.00%, Train Loss: 0.076429, Train Avg Loss: 0.079206, Time: 0:09:07
Epoch id: 2, Training steps: 600, Train Acc:  0.00%, Train Loss: 0.086022, Train Avg Loss: 0.079295, Time: 0:09:39
Epoch id: 2, Training steps: 700, Train Acc:  0.00%, Train Loss: 0.087226, Train Avg Loss: 0.079193, Time: 0:10:10
Epoch id: 2, Training steps: 800, Train Acc:  0.00%, Train Loss: 0.070289, Train Avg Loss: 0.080244, Time: 0:10:42
Epoch id: 2, Training steps: 900, Train Acc:  0.00%, Train Loss: 0.082846, Train Avg Loss: 0.077550, Time: 0:11:14
Epoch id: 2, Training steps: 1000, Train Acc:  0.00%, Train Loss: 0.075715, Train Avg Loss: 0.074563, Time: 0:11:45
Epoch id: 2, Training steps: 1100, Train Acc:  0.00%, Train Loss: 0.074149, Train Avg Loss: 0.073986, Time: 0:12:17
Start evaluation on dev dataset.
Acc. (Correct/Total):  0.05% micro-Prec: 0.8333 micro-Recall:0.0016 micro-F1: 0.0032 dev loss: 0.080603
Start evaluation on test dataset.
Acc. (Correct/Total):  0.00% micro-Prec: 0.6667 micro-Recall:0.0006 micro-F1: 0.0013 dev loss: 0.079311
Epoch id: 3, Training steps: 100, Train Acc:  0.00%, Train Loss: 0.062155, Train Avg Loss: 0.094500, Time: 0:13:58
Epoch id: 3, Training steps: 200, Train Acc:  0.00%, Train Loss: 0.047162, Train Avg Loss: 0.064226, Time: 0:14:29
Epoch id: 3, Training steps: 300, Train Acc:  0.00%, Train Loss: 0.052998, Train Avg Loss: 0.061504, Time: 0:15:01
Epoch id: 3, Training steps: 400, Train Acc:  0.00%, Train Loss: 0.064858, Train Avg Loss: 0.056852, Time: 0:15:33
Epoch id: 3, Training steps: 500, Train Acc: 12.50%, Train Loss: 0.056052, Train Avg Loss: 0.055892, Time: 0:16:04
Epoch id: 3, Training steps: 600, Train Acc:  0.00%, Train Loss: 0.051766, Train Avg Loss: 0.051271, Time: 0:16:36
Epoch id: 3, Training steps: 700, Train Acc:  0.00%, Train Loss: 0.050530, Train Avg Loss: 0.049563, Time: 0:17:08
Epoch id: 3, Training steps: 800, Train Acc:  0.00%, Train Loss: 0.044037, Train Avg Loss: 0.045210, Time: 0:17:39
Epoch id: 3, Training steps: 900, Train Acc: 25.00%, Train Loss: 0.038327, Train Avg Loss: 0.046608, Time: 0:18:11
Epoch id: 3, Training steps: 1000, Train Acc: 12.50%, Train Loss: 0.045084, Train Avg Loss: 0.043095, Time: 0:18:42
Epoch id: 3, Training steps: 1100, Train Acc:  0.00%, Train Loss: 0.050547, Train Avg Loss: 0.044938, Time: 0:19:14
Start evaluation on dev dataset.
Acc. (Correct/Total): 22.65% micro-Prec: 0.8134 micro-Recall:0.2823 micro-F1: 0.4191 dev loss: 0.056914
Start evaluation on test dataset.
Acc. (Correct/Total): 29.61% micro-Prec: 0.8771 micro-Recall:0.3414 micro-F1: 0.4915 dev loss: 0.053128
Epoch id: 4, Training steps: 100, Train Acc:  0.00%, Train Loss: 0.055655, Train Avg Loss: 0.058243, Time: 0:20:56
Epoch id: 4, Training steps: 200, Train Acc:  0.00%, Train Loss: 0.036613, Train Avg Loss: 0.041955, Time: 0:21:27
Epoch id: 4, Training steps: 300, Train Acc: 12.50%, Train Loss: 0.047333, Train Avg Loss: 0.038995, Time: 0:21:59
Epoch id: 4, Training steps: 400, Train Acc: 25.00%, Train Loss: 0.030136, Train Avg Loss: 0.038648, Time: 0:22:31
Epoch id: 4, Training steps: 500, Train Acc: 12.50%, Train Loss: 0.043943, Train Avg Loss: 0.037871, Time: 0:23:02
Epoch id: 4, Training steps: 600, Train Acc: 25.00%, Train Loss: 0.037068, Train Avg Loss: 0.035470, Time: 0:23:34
Epoch id: 4, Training steps: 700, Train Acc: 50.00%, Train Loss: 0.018418, Train Avg Loss: 0.034113, Time: 0:24:06
Epoch id: 4, Training steps: 800, Train Acc: 25.00%, Train Loss: 0.049146, Train Avg Loss: 0.034471, Time: 0:24:37
Epoch id: 4, Training steps: 900, Train Acc: 12.50%, Train Loss: 0.066512, Train Avg Loss: 0.033587, Time: 0:25:09
Epoch id: 4, Training steps: 1000, Train Acc: 25.00%, Train Loss: 0.047522, Train Avg Loss: 0.033633, Time: 0:25:41
Epoch id: 4, Training steps: 1100, Train Acc:  0.00%, Train Loss: 0.030549, Train Avg Loss: 0.033503, Time: 0:26:12
Start evaluation on dev dataset.
Acc. (Correct/Total): 31.09% micro-Prec: 0.7737 micro-Recall:0.3940 micro-F1: 0.5221 dev loss: 0.061721
Start evaluation on test dataset.
Acc. (Correct/Total): 37.98% micro-Prec: 0.8283 micro-Recall:0.4491 micro-F1: 0.5824 dev loss: 0.057517
Epoch id: 5, Training steps: 100, Train Acc: 25.00%, Train Loss: 0.028036, Train Avg Loss: 0.046664, Time: 0:27:54
Epoch id: 5, Training steps: 200, Train Acc: 62.50%, Train Loss: 0.008105, Train Avg Loss: 0.030531, Time: 0:28:25
Epoch id: 5, Training steps: 300, Train Acc: 37.50%, Train Loss: 0.035423, Train Avg Loss: 0.028818, Time: 0:28:57
Epoch id: 5, Training steps: 400, Train Acc: 75.00%, Train Loss: 0.012877, Train Avg Loss: 0.029251, Time: 0:29:29
Epoch id: 5, Training steps: 500, Train Acc: 12.50%, Train Loss: 0.024643, Train Avg Loss: 0.028355, Time: 0:30:00
Epoch id: 5, Training steps: 600, Train Acc: 12.50%, Train Loss: 0.040475, Train Avg Loss: 0.030397, Time: 0:30:32
Epoch id: 5, Training steps: 700, Train Acc: 25.00%, Train Loss: 0.051617, Train Avg Loss: 0.028380, Time: 0:31:04
Epoch id: 5, Training steps: 800, Train Acc: 62.50%, Train Loss: 0.013016, Train Avg Loss: 0.025330, Time: 0:31:35
Epoch id: 5, Training steps: 900, Train Acc: 25.00%, Train Loss: 0.029966, Train Avg Loss: 0.024927, Time: 0:32:07
Epoch id: 5, Training steps: 1000, Train Acc: 37.50%, Train Loss: 0.026236, Train Avg Loss: 0.026172, Time: 0:32:39
Epoch id: 5, Training steps: 1100, Train Acc: 62.50%, Train Loss: 0.014419, Train Avg Loss: 0.024464, Time: 0:33:11
Start evaluation on dev dataset.
Acc. (Correct/Total): 38.87% micro-Prec: 0.7791 micro-Recall:0.5047 micro-F1: 0.6126 dev loss: 0.046124
Start evaluation on test dataset.
Acc. (Correct/Total): 47.02% micro-Prec: 0.8361 micro-Recall:0.5755 micro-F1: 0.6817 dev loss: 0.041530
Epoch id: 6, Training steps: 100, Train Acc: 62.50%, Train Loss: 0.020558, Train Avg Loss: 0.031912, Time: 0:34:52
Epoch id: 6, Training steps: 200, Train Acc: 50.00%, Train Loss: 0.019855, Train Avg Loss: 0.022753, Time: 0:35:24
Epoch id: 6, Training steps: 300, Train Acc: 50.00%, Train Loss: 0.031240, Train Avg Loss: 0.021867, Time: 0:35:55
Epoch id: 6, Training steps: 400, Train Acc: 25.00%, Train Loss: 0.032430, Train Avg Loss: 0.021281, Time: 0:36:27
Epoch id: 6, Training steps: 500, Train Acc: 25.00%, Train Loss: 0.018715, Train Avg Loss: 0.021775, Time: 0:36:59
Epoch id: 6, Training steps: 600, Train Acc: 25.00%, Train Loss: 0.027473, Train Avg Loss: 0.023600, Time: 0:37:30
Epoch id: 6, Training steps: 700, Train Acc: 25.00%, Train Loss: 0.050611, Train Avg Loss: 0.022433, Time: 0:38:02
Epoch id: 6, Training steps: 800, Train Acc: 37.50%, Train Loss: 0.015377, Train Avg Loss: 0.025114, Time: 0:38:34
Epoch id: 6, Training steps: 900, Train Acc: 50.00%, Train Loss: 0.019254, Train Avg Loss: 0.022945, Time: 0:39:05
Epoch id: 6, Training steps: 1000, Train Acc: 50.00%, Train Loss: 0.015164, Train Avg Loss: 0.021838, Time: 0:39:37
Epoch id: 6, Training steps: 1100, Train Acc: 25.00%, Train Loss: 0.024334, Train Avg Loss: 0.020473, Time: 0:40:09
Start evaluation on dev dataset.
Acc. (Correct/Total): 43.19% micro-Prec: 0.7971 micro-Recall:0.5481 micro-F1: 0.6495 dev loss: 0.043253
Start evaluation on test dataset.
Acc. (Correct/Total): 51.91% micro-Prec: 0.8517 micro-Recall:0.6237 micro-F1: 0.7200 dev loss: 0.039296
Epoch id: 7, Training steps: 100, Train Acc: 12.50%, Train Loss: 0.019228, Train Avg Loss: 0.030658, Time: 0:41:50
Epoch id: 7, Training steps: 200, Train Acc: 75.00%, Train Loss: 0.019062, Train Avg Loss: 0.018083, Time: 0:42:22
Epoch id: 7, Training steps: 300, Train Acc: 25.00%, Train Loss: 0.017385, Train Avg Loss: 0.020468, Time: 0:42:54
Epoch id: 7, Training steps: 400, Train Acc: 37.50%, Train Loss: 0.028950, Train Avg Loss: 0.020354, Time: 0:43:25
Epoch id: 7, Training steps: 500, Train Acc: 50.00%, Train Loss: 0.013746, Train Avg Loss: 0.018122, Time: 0:43:57
Epoch id: 7, Training steps: 600, Train Acc: 50.00%, Train Loss: 0.015401, Train Avg Loss: 0.019598, Time: 0:44:29
Epoch id: 7, Training steps: 700, Train Acc: 87.50%, Train Loss: 0.009840, Train Avg Loss: 0.017754, Time: 0:45:01
Epoch id: 7, Training steps: 800, Train Acc: 25.00%, Train Loss: 0.017856, Train Avg Loss: 0.018591, Time: 0:45:32
Epoch id: 7, Training steps: 900, Train Acc: 75.00%, Train Loss: 0.013261, Train Avg Loss: 0.018174, Time: 0:46:04
Epoch id: 7, Training steps: 1000, Train Acc: 62.50%, Train Loss: 0.010241, Train Avg Loss: 0.017630, Time: 0:46:36
Epoch id: 7, Training steps: 1100, Train Acc: 12.50%, Train Loss: 0.023387, Train Avg Loss: 0.022090, Time: 0:47:08
Start evaluation on dev dataset.
Acc. (Correct/Total): 37.91% micro-Prec: 0.7609 micro-Recall:0.4707 micro-F1: 0.5816 dev loss: 0.068071
Epoch id: 8, Training steps: 100, Train Acc: 12.50%, Train Loss: 0.026329, Train Avg Loss: 0.033816, Time: 0:48:20
Epoch id: 8, Training steps: 200, Train Acc: 37.50%, Train Loss: 0.019985, Train Avg Loss: 0.019438, Time: 0:48:51
Epoch id: 8, Training steps: 300, Train Acc: 62.50%, Train Loss: 0.023140, Train Avg Loss: 0.020867, Time: 0:49:23
Epoch id: 8, Training steps: 400, Train Acc: 75.00%, Train Loss: 0.005971, Train Avg Loss: 0.018109, Time: 0:49:55
Epoch id: 8, Training steps: 500, Train Acc: 50.00%, Train Loss: 0.014597, Train Avg Loss: 0.017167, Time: 0:50:27
Epoch id: 8, Training steps: 600, Train Acc: 75.00%, Train Loss: 0.006877, Train Avg Loss: 0.017827, Time: 0:50:58
Epoch id: 8, Training steps: 700, Train Acc: 50.00%, Train Loss: 0.017721, Train Avg Loss: 0.017601, Time: 0:51:30
Epoch id: 8, Training steps: 800, Train Acc: 25.00%, Train Loss: 0.030861, Train Avg Loss: 0.017170, Time: 0:52:02
Epoch id: 8, Training steps: 900, Train Acc: 62.50%, Train Loss: 0.010422, Train Avg Loss: 0.017340, Time: 0:52:34
Epoch id: 8, Training steps: 1000, Train Acc: 75.00%, Train Loss: 0.013917, Train Avg Loss: 0.016936, Time: 0:53:05
Epoch id: 8, Training steps: 1100, Train Acc: 62.50%, Train Loss: 0.013208, Train Avg Loss: 0.016165, Time: 0:53:37
Start evaluation on dev dataset.
Acc. (Correct/Total): 46.55% micro-Prec: 0.7765 micro-Recall:0.5927 micro-F1: 0.6723 dev loss: 0.041126
Start evaluation on test dataset.
Acc. (Correct/Total): 55.54% micro-Prec: 0.8348 micro-Recall:0.6599 micro-F1: 0.7371 dev loss: 0.036372
Epoch id: 9, Training steps: 100, Train Acc: 37.50%, Train Loss: 0.034451, Train Avg Loss: 0.019323, Time: 0:55:18
Epoch id: 9, Training steps: 200, Train Acc: 37.50%, Train Loss: 0.019503, Train Avg Loss: 0.014134, Time: 0:55:50
Epoch id: 9, Training steps: 300, Train Acc: 37.50%, Train Loss: 0.019085, Train Avg Loss: 0.014539, Time: 0:56:22
Epoch id: 9, Training steps: 400, Train Acc: 62.50%, Train Loss: 0.007431, Train Avg Loss: 0.014938, Time: 0:56:54
Epoch id: 9, Training steps: 500, Train Acc: 62.50%, Train Loss: 0.016791, Train Avg Loss: 0.015471, Time: 0:57:25
Epoch id: 9, Training steps: 600, Train Acc: 62.50%, Train Loss: 0.027026, Train Avg Loss: 0.014127, Time: 0:57:57
Epoch id: 9, Training steps: 700, Train Acc: 25.00%, Train Loss: 0.016318, Train Avg Loss: 0.014838, Time: 0:58:29
Epoch id: 9, Training steps: 800, Train Acc: 75.00%, Train Loss: 0.011645, Train Avg Loss: 0.015572, Time: 0:59:01
Epoch id: 9, Training steps: 900, Train Acc: 25.00%, Train Loss: 0.045116, Train Avg Loss: 0.016022, Time: 0:59:32
Epoch id: 9, Training steps: 1000, Train Acc: 75.00%, Train Loss: 0.005532, Train Avg Loss: 0.013480, Time: 1:00:04
Epoch id: 9, Training steps: 1100, Train Acc: 37.50%, Train Loss: 0.018531, Train Avg Loss: 0.014197, Time: 1:00:36
Start evaluation on dev dataset.
Acc. (Correct/Total): 50.00% micro-Prec: 0.7952 micro-Recall:0.6235 micro-F1: 0.6990 dev loss: 0.038534
Start evaluation on test dataset.
Acc. (Correct/Total): 57.86% micro-Prec: 0.8477 micro-Recall:0.6909 micro-F1: 0.7613 dev loss: 0.033138
Epoch id: 10, Training steps: 100, Train Acc: 37.50%, Train Loss: 0.020706, Train Avg Loss: 0.015980, Time: 1:02:17
Epoch id: 10, Training steps: 200, Train Acc: 75.00%, Train Loss: 0.005523, Train Avg Loss: 0.011704, Time: 1:02:49
Epoch id: 10, Training steps: 300, Train Acc: 87.50%, Train Loss: 0.002462, Train Avg Loss: 0.011090, Time: 1:03:21
Epoch id: 10, Training steps: 400, Train Acc: 50.00%, Train Loss: 0.013419, Train Avg Loss: 0.011151, Time: 1:03:52
Epoch id: 10, Training steps: 500, Train Acc: 87.50%, Train Loss: 0.002295, Train Avg Loss: 0.011538, Time: 1:04:24
Epoch id: 10, Training steps: 600, Train Acc: 62.50%, Train Loss: 0.013030, Train Avg Loss: 0.012475, Time: 1:04:56
Epoch id: 10, Training steps: 700, Train Acc: 75.00%, Train Loss: 0.007066, Train Avg Loss: 0.011552, Time: 1:05:28
Epoch id: 10, Training steps: 800, Train Acc: 50.00%, Train Loss: 0.018897, Train Avg Loss: 0.011757, Time: 1:05:59
Epoch id: 10, Training steps: 900, Train Acc: 75.00%, Train Loss: 0.012640, Train Avg Loss: 0.011715, Time: 1:06:31
Epoch id: 10, Training steps: 1000, Train Acc: 87.50%, Train Loss: 0.003243, Train Avg Loss: 0.011599, Time: 1:07:03
Epoch id: 10, Training steps: 1100, Train Acc: 75.00%, Train Loss: 0.014392, Train Avg Loss: 0.011417, Time: 1:07:35
Start evaluation on dev dataset.
Acc. (Correct/Total): 51.58% micro-Prec: 0.7777 micro-Recall:0.6536 micro-F1: 0.7103 dev loss: 0.039902
Start evaluation on test dataset.
Acc. (Correct/Total): 58.06% micro-Prec: 0.8182 micro-Recall:0.7042 micro-F1: 0.7569 dev loss: 0.035021
Epoch id: 11, Training steps: 100, Train Acc: 62.50%, Train Loss: 0.010972, Train Avg Loss: 0.013587, Time: 1:09:16
Epoch id: 11, Training steps: 200, Train Acc: 87.50%, Train Loss: 0.004366, Train Avg Loss: 0.008912, Time: 1:09:48
Epoch id: 11, Training steps: 300, Train Acc: 87.50%, Train Loss: 0.005000, Train Avg Loss: 0.009584, Time: 1:10:20
Epoch id: 11, Training steps: 400, Train Acc: 75.00%, Train Loss: 0.003445, Train Avg Loss: 0.008937, Time: 1:11:07
Epoch id: 11, Training steps: 500, Train Acc: 50.00%, Train Loss: 0.014471, Train Avg Loss: 0.010355, Time: 1:11:39
Epoch id: 11, Training steps: 600, Train Acc: 50.00%, Train Loss: 0.012533, Train Avg Loss: 0.009915, Time: 1:12:11
Epoch id: 11, Training steps: 700, Train Acc: 37.50%, Train Loss: 0.007539, Train Avg Loss: 0.009957, Time: 1:12:43
Epoch id: 11, Training steps: 800, Train Acc: 62.50%, Train Loss: 0.011648, Train Avg Loss: 0.010686, Time: 1:13:14
Epoch id: 11, Training steps: 900, Train Acc: 75.00%, Train Loss: 0.006254, Train Avg Loss: 0.009146, Time: 1:13:46
Epoch id: 11, Training steps: 1000, Train Acc: 75.00%, Train Loss: 0.010465, Train Avg Loss: 0.011114, Time: 1:14:18
Epoch id: 11, Training steps: 1100, Train Acc: 50.00%, Train Loss: 0.009162, Train Avg Loss: 0.010490, Time: 1:14:50
Start evaluation on dev dataset.
Acc. (Correct/Total): 52.83% micro-Prec: 0.7698 micro-Recall:0.6724 micro-F1: 0.7178 dev loss: 0.039870
Start evaluation on test dataset.
Acc. (Correct/Total): 60.23% micro-Prec: 0.8217 micro-Recall:0.7239 micro-F1: 0.7697 dev loss: 0.034726
Epoch id: 12, Training steps: 100, Train Acc: 37.50%, Train Loss: 0.017542, Train Avg Loss: 0.011976, Time: 1:16:35
Epoch id: 12, Training steps: 200, Train Acc: 75.00%, Train Loss: 0.006228, Train Avg Loss: 0.007557, Time: 1:17:07
Epoch id: 12, Training steps: 300, Train Acc: 87.50%, Train Loss: 0.005506, Train Avg Loss: 0.008885, Time: 1:17:38
Epoch id: 12, Training steps: 400, Train Acc: 62.50%, Train Loss: 0.024126, Train Avg Loss: 0.008618, Time: 1:18:10
Epoch id: 12, Training steps: 500, Train Acc: 62.50%, Train Loss: 0.009300, Train Avg Loss: 0.008086, Time: 1:18:42
Epoch id: 12, Training steps: 600, Train Acc: 50.00%, Train Loss: 0.011646, Train Avg Loss: 0.009342, Time: 1:19:13
Epoch id: 12, Training steps: 700, Train Acc: 50.00%, Train Loss: 0.018537, Train Avg Loss: 0.008357, Time: 1:19:45
Epoch id: 12, Training steps: 800, Train Acc: 75.00%, Train Loss: 0.008645, Train Avg Loss: 0.008772, Time: 1:20:17
Epoch id: 12, Training steps: 900, Train Acc: 50.00%, Train Loss: 0.016960, Train Avg Loss: 0.009907, Time: 1:20:49
Epoch id: 12, Training steps: 1000, Train Acc: 75.00%, Train Loss: 0.010401, Train Avg Loss: 0.009808, Time: 1:21:20
Epoch id: 12, Training steps: 1100, Train Acc: 50.00%, Train Loss: 0.025271, Train Avg Loss: 0.009821, Time: 1:21:52
Start evaluation on dev dataset.
Acc. (Correct/Total): 51.63% micro-Prec: 0.7725 micro-Recall:0.6649 micro-F1: 0.7147 dev loss: 0.040796
Epoch id: 13, Training steps: 100, Train Acc: 62.50%, Train Loss: 0.003469, Train Avg Loss: 0.011834, Time: 1:23:04
Epoch id: 13, Training steps: 200, Train Acc: 62.50%, Train Loss: 0.010385, Train Avg Loss: 0.007543, Time: 1:23:36
Epoch id: 13, Training steps: 300, Train Acc: 62.50%, Train Loss: 0.012141, Train Avg Loss: 0.006400, Time: 1:24:08
Epoch id: 13, Training steps: 400, Train Acc: 87.50%, Train Loss: 0.004375, Train Avg Loss: 0.007491, Time: 1:24:39
Epoch id: 13, Training steps: 500, Train Acc: 87.50%, Train Loss: 0.002496, Train Avg Loss: 0.007807, Time: 1:25:11
Epoch id: 13, Training steps: 600, Train Acc: 37.50%, Train Loss: 0.011525, Train Avg Loss: 0.006614, Time: 1:25:43
Epoch id: 13, Training steps: 700, Train Acc: 100.00%, Train Loss: 0.000916, Train Avg Loss: 0.007428, Time: 1:26:14
Epoch id: 13, Training steps: 800, Train Acc: 50.00%, Train Loss: 0.015027, Train Avg Loss: 0.007296, Time: 1:26:46
Epoch id: 13, Training steps: 900, Train Acc: 75.00%, Train Loss: 0.015690, Train Avg Loss: 0.006979, Time: 1:27:18
Epoch id: 13, Training steps: 1000, Train Acc: 75.00%, Train Loss: 0.005777, Train Avg Loss: 0.007486, Time: 1:27:50
Epoch id: 13, Training steps: 1100, Train Acc: 87.50%, Train Loss: 0.001509, Train Avg Loss: 0.006156, Time: 1:28:21
Start evaluation on dev dataset.
Acc. (Correct/Total): 54.37% micro-Prec: 0.7838 micro-Recall:0.6996 micro-F1: 0.7393 dev loss: 0.036192
Start evaluation on test dataset.
Acc. (Correct/Total): 62.36% micro-Prec: 0.8279 micro-Recall:0.7527 micro-F1: 0.7885 dev loss: 0.031280
Epoch id: 14, Training steps: 100, Train Acc: 75.00%, Train Loss: 0.010079, Train Avg Loss: 0.008614, Time: 1:30:03
Epoch id: 14, Training steps: 200, Train Acc: 100.00%, Train Loss: 0.001724, Train Avg Loss: 0.005318, Time: 1:30:35
Epoch id: 14, Training steps: 300, Train Acc: 75.00%, Train Loss: 0.002999, Train Avg Loss: 0.005563, Time: 1:31:06
Epoch id: 14, Training steps: 400, Train Acc: 62.50%, Train Loss: 0.006512, Train Avg Loss: 0.006032, Time: 1:31:38
Epoch id: 14, Training steps: 500, Train Acc: 75.00%, Train Loss: 0.015930, Train Avg Loss: 0.005962, Time: 1:32:10
Epoch id: 14, Training steps: 600, Train Acc: 37.50%, Train Loss: 0.014317, Train Avg Loss: 0.006202, Time: 1:32:41
Epoch id: 14, Training steps: 700, Train Acc: 75.00%, Train Loss: 0.006659, Train Avg Loss: 0.005445, Time: 1:33:13
Epoch id: 14, Training steps: 800, Train Acc: 75.00%, Train Loss: 0.009768, Train Avg Loss: 0.006273, Time: 1:33:45
Epoch id: 14, Training steps: 900, Train Acc: 87.50%, Train Loss: 0.004338, Train Avg Loss: 0.006033, Time: 1:34:17
Epoch id: 14, Training steps: 1000, Train Acc: 62.50%, Train Loss: 0.010674, Train Avg Loss: 0.006100, Time: 1:34:48
Epoch id: 14, Training steps: 1100, Train Acc: 50.00%, Train Loss: 0.006594, Train Avg Loss: 0.005871, Time: 1:35:20
Start evaluation on dev dataset.
Acc. (Correct/Total): 55.52% micro-Prec: 0.7861 micro-Recall:0.7054 micro-F1: 0.7436 dev loss: 0.035349
Start evaluation on test dataset.
Acc. (Correct/Total): 63.13% micro-Prec: 0.8321 micro-Recall:0.7517 micro-F1: 0.7899 dev loss: 0.030226
Epoch id: 15, Training steps: 100, Train Acc: 75.00%, Train Loss: 0.006642, Train Avg Loss: 0.008148, Time: 1:37:02
Epoch id: 15, Training steps: 200, Train Acc: 87.50%, Train Loss: 0.004290, Train Avg Loss: 0.005053, Time: 1:37:34
Epoch id: 15, Training steps: 300, Train Acc: 87.50%, Train Loss: 0.003710, Train Avg Loss: 0.004871, Time: 1:38:05
Epoch id: 15, Training steps: 400, Train Acc: 87.50%, Train Loss: 0.001138, Train Avg Loss: 0.004927, Time: 1:38:37
Epoch id: 15, Training steps: 500, Train Acc: 87.50%, Train Loss: 0.004283, Train Avg Loss: 0.004845, Time: 1:39:09
Epoch id: 15, Training steps: 600, Train Acc: 62.50%, Train Loss: 0.007236, Train Avg Loss: 0.004705, Time: 1:39:41
Epoch id: 15, Training steps: 700, Train Acc: 87.50%, Train Loss: 0.002595, Train Avg Loss: 0.005795, Time: 1:40:12
Epoch id: 15, Training steps: 800, Train Acc: 62.50%, Train Loss: 0.015574, Train Avg Loss: 0.006085, Time: 1:40:44
Epoch id: 15, Training steps: 900, Train Acc: 62.50%, Train Loss: 0.004922, Train Avg Loss: 0.004935, Time: 1:41:16
Epoch id: 15, Training steps: 1000, Train Acc: 75.00%, Train Loss: 0.006743, Train Avg Loss: 0.005490, Time: 1:41:47
Epoch id: 15, Training steps: 1100, Train Acc: 75.00%, Train Loss: 0.008774, Train Avg Loss: 0.005697, Time: 1:42:19
Start evaluation on dev dataset.
Acc. (Correct/Total): 54.61% micro-Prec: 0.7720 micro-Recall:0.6983 micro-F1: 0.7333 dev loss: 0.036305
Epoch id: 16, Training steps: 100, Train Acc: 62.50%, Train Loss: 0.007821, Train Avg Loss: 0.005996, Time: 1:43:31
Epoch id: 16, Training steps: 200, Train Acc: 87.50%, Train Loss: 0.006314, Train Avg Loss: 0.004718, Time: 1:44:03
Epoch id: 16, Training steps: 300, Train Acc: 87.50%, Train Loss: 0.001628, Train Avg Loss: 0.004120, Time: 1:44:35
Epoch id: 16, Training steps: 400, Train Acc: 75.00%, Train Loss: 0.001873, Train Avg Loss: 0.003955, Time: 1:45:07
Epoch id: 16, Training steps: 500, Train Acc: 87.50%, Train Loss: 0.003868, Train Avg Loss: 0.004607, Time: 1:45:38
Epoch id: 16, Training steps: 600, Train Acc: 75.00%, Train Loss: 0.007367, Train Avg Loss: 0.005375, Time: 1:46:10
Epoch id: 16, Training steps: 700, Train Acc: 87.50%, Train Loss: 0.003145, Train Avg Loss: 0.004381, Time: 1:46:42
Epoch id: 16, Training steps: 800, Train Acc: 87.50%, Train Loss: 0.002726, Train Avg Loss: 0.004293, Time: 1:47:13
Epoch id: 16, Training steps: 900, Train Acc: 75.00%, Train Loss: 0.007824, Train Avg Loss: 0.004540, Time: 1:47:45
Epoch id: 16, Training steps: 1000, Train Acc: 100.00%, Train Loss: 0.002769, Train Avg Loss: 0.004339, Time: 1:48:17
Epoch id: 16, Training steps: 1100, Train Acc: 75.00%, Train Loss: 0.006380, Train Avg Loss: 0.004753, Time: 1:48:49
Start evaluation on dev dataset.
Acc. (Correct/Total): 55.33% micro-Prec: 0.7807 micro-Recall:0.7028 micro-F1: 0.7397 dev loss: 0.035011
Epoch id: 17, Training steps: 100, Train Acc: 100.00%, Train Loss: 0.004157, Train Avg Loss: 0.005734, Time: 1:50:01
Epoch id: 17, Training steps: 200, Train Acc: 75.00%, Train Loss: 0.002263, Train Avg Loss: 0.003670, Time: 1:50:33
Epoch id: 17, Training steps: 300, Train Acc: 100.00%, Train Loss: 0.001047, Train Avg Loss: 0.003842, Time: 1:51:05
Epoch id: 17, Training steps: 400, Train Acc: 75.00%, Train Loss: 0.002728, Train Avg Loss: 0.004025, Time: 1:51:37
Epoch id: 17, Training steps: 500, Train Acc: 75.00%, Train Loss: 0.002580, Train Avg Loss: 0.003676, Time: 1:52:09
Epoch id: 17, Training steps: 600, Train Acc: 100.00%, Train Loss: 0.001597, Train Avg Loss: 0.003575, Time: 1:52:40
Epoch id: 17, Training steps: 700, Train Acc: 75.00%, Train Loss: 0.006412, Train Avg Loss: 0.003988, Time: 1:53:12
Epoch id: 17, Training steps: 800, Train Acc: 62.50%, Train Loss: 0.006926, Train Avg Loss: 0.003906, Time: 1:53:44
Epoch id: 17, Training steps: 900, Train Acc: 87.50%, Train Loss: 0.005517, Train Avg Loss: 0.003238, Time: 1:54:16
Epoch id: 17, Training steps: 1000, Train Acc: 87.50%, Train Loss: 0.004479, Train Avg Loss: 0.003590, Time: 1:54:48
Epoch id: 17, Training steps: 1100, Train Acc: 100.00%, Train Loss: 0.001989, Train Avg Loss: 0.003701, Time: 1:55:19
Start evaluation on dev dataset.
Acc. (Correct/Total): 56.00% micro-Prec: 0.7726 micro-Recall:0.7083 micro-F1: 0.7391 dev loss: 0.035681
Start evaluation on test dataset.
Acc. (Correct/Total): 63.18% micro-Prec: 0.8218 micro-Recall:0.7543 micro-F1: 0.7866 dev loss: 0.029788
Epoch id: 18, Training steps: 100, Train Acc: 100.00%, Train Loss: 0.001138, Train Avg Loss: 0.004406, Time: 1:57:17
Epoch id: 18, Training steps: 200, Train Acc: 62.50%, Train Loss: 0.003615, Train Avg Loss: 0.003374, Time: 1:57:48
Epoch id: 18, Training steps: 300, Train Acc: 75.00%, Train Loss: 0.004091, Train Avg Loss: 0.003177, Time: 1:58:20
Epoch id: 18, Training steps: 400, Train Acc: 87.50%, Train Loss: 0.002647, Train Avg Loss: 0.003339, Time: 1:58:52
Epoch id: 18, Training steps: 500, Train Acc: 75.00%, Train Loss: 0.004886, Train Avg Loss: 0.003716, Time: 1:59:24
Epoch id: 18, Training steps: 600, Train Acc: 75.00%, Train Loss: 0.005089, Train Avg Loss: 0.003072, Time: 1:59:56
Epoch id: 18, Training steps: 700, Train Acc: 100.00%, Train Loss: 0.002640, Train Avg Loss: 0.003326, Time: 2:00:27
Epoch id: 18, Training steps: 800, Train Acc: 87.50%, Train Loss: 0.002472, Train Avg Loss: 0.003445, Time: 2:00:59
Epoch id: 18, Training steps: 900, Train Acc: 87.50%, Train Loss: 0.003193, Train Avg Loss: 0.003695, Time: 2:01:31
Epoch id: 18, Training steps: 1000, Train Acc: 100.00%, Train Loss: 0.000893, Train Avg Loss: 0.003492, Time: 2:02:02
Epoch id: 18, Training steps: 1100, Train Acc: 87.50%, Train Loss: 0.005982, Train Avg Loss: 0.003430, Time: 2:02:34
Start evaluation on dev dataset.
Acc. (Correct/Total): 56.00% micro-Prec: 0.7772 micro-Recall:0.7048 micro-F1: 0.7392 dev loss: 0.034699
Epoch id: 19, Training steps: 100, Train Acc: 87.50%, Train Loss: 0.003691, Train Avg Loss: 0.003739, Time: 2:03:46
Epoch id: 19, Training steps: 200, Train Acc: 75.00%, Train Loss: 0.003823, Train Avg Loss: 0.002574, Time: 2:04:18
Epoch id: 19, Training steps: 300, Train Acc: 87.50%, Train Loss: 0.001540, Train Avg Loss: 0.002536, Time: 2:04:50
Epoch id: 19, Training steps: 400, Train Acc: 87.50%, Train Loss: 0.001125, Train Avg Loss: 0.002637, Time: 2:05:21
Epoch id: 19, Training steps: 500, Train Acc: 87.50%, Train Loss: 0.003102, Train Avg Loss: 0.002233, Time: 2:05:53
Epoch id: 19, Training steps: 600, Train Acc: 100.00%, Train Loss: 0.000402, Train Avg Loss: 0.002275, Time: 2:06:25
Epoch id: 19, Training steps: 700, Train Acc: 87.50%, Train Loss: 0.001472, Train Avg Loss: 0.002375, Time: 2:06:56
Epoch id: 19, Training steps: 800, Train Acc: 100.00%, Train Loss: 0.001720, Train Avg Loss: 0.002287, Time: 2:07:28
Epoch id: 19, Training steps: 900, Train Acc: 75.00%, Train Loss: 0.002903, Train Avg Loss: 0.002586, Time: 2:08:00
Epoch id: 19, Training steps: 1000, Train Acc: 100.00%, Train Loss: 0.001092, Train Avg Loss: 0.002392, Time: 2:08:32
Epoch id: 19, Training steps: 1100, Train Acc: 100.00%, Train Loss: 0.001591, Train Avg Loss: 0.002777, Time: 2:09:04
Start evaluation on dev dataset.
Acc. (Correct/Total): 55.37% micro-Prec: 0.7719 micro-Recall:0.7154 micro-F1: 0.7426 dev loss: 0.036484
Epoch id: 20, Training steps: 100, Train Acc: 87.50%, Train Loss: 0.001811, Train Avg Loss: 0.003096, Time: 2:10:16
Epoch id: 20, Training steps: 200, Train Acc: 100.00%, Train Loss: 0.000688, Train Avg Loss: 0.002192, Time: 2:10:47
Epoch id: 20, Training steps: 300, Train Acc: 100.00%, Train Loss: 0.001609, Train Avg Loss: 0.002082, Time: 2:11:19
Epoch id: 20, Training steps: 400, Train Acc: 100.00%, Train Loss: 0.001454, Train Avg Loss: 0.002115, Time: 2:11:51
Epoch id: 20, Training steps: 500, Train Acc: 87.50%, Train Loss: 0.001691, Train Avg Loss: 0.002107, Time: 2:12:23
Epoch id: 20, Training steps: 600, Train Acc: 62.50%, Train Loss: 0.007874, Train Avg Loss: 0.001890, Time: 2:12:54
Epoch id: 20, Training steps: 700, Train Acc: 100.00%, Train Loss: 0.001688, Train Avg Loss: 0.002164, Time: 2:13:26
Epoch id: 20, Training steps: 800, Train Acc: 100.00%, Train Loss: 0.001273, Train Avg Loss: 0.002017, Time: 2:13:58
Epoch id: 20, Training steps: 900, Train Acc: 75.00%, Train Loss: 0.003800, Train Avg Loss: 0.002174, Time: 2:14:30
Epoch id: 20, Training steps: 1000, Train Acc: 87.50%, Train Loss: 0.001726, Train Avg Loss: 0.002475, Time: 2:15:01
Epoch id: 20, Training steps: 1100, Train Acc: 75.00%, Train Loss: 0.002602, Train Avg Loss: 0.002237, Time: 2:15:33
Start evaluation on dev dataset.
Acc. (Correct/Total): 56.09% micro-Prec: 0.7672 micro-Recall:0.7277 micro-F1: 0.7470 dev loss: 0.036922
Start evaluation on test dataset.
Acc. (Correct/Total): 64.05% micro-Prec: 0.8164 micro-Recall:0.7737 micro-F1: 0.7945 dev loss: 0.030106
Epoch id: 21, Training steps: 100, Train Acc: 75.00%, Train Loss: 0.002330, Train Avg Loss: 0.002664, Time: 2:17:15
Epoch id: 21, Training steps: 200, Train Acc: 75.00%, Train Loss: 0.003843, Train Avg Loss: 0.001615, Time: 2:17:47
Epoch id: 21, Training steps: 300, Train Acc: 100.00%, Train Loss: 0.001297, Train Avg Loss: 0.001799, Time: 2:18:19
Epoch id: 21, Training steps: 400, Train Acc: 62.50%, Train Loss: 0.004305, Train Avg Loss: 0.002060, Time: 2:18:51
Epoch id: 21, Training steps: 500, Train Acc: 100.00%, Train Loss: 0.000459, Train Avg Loss: 0.001837, Time: 2:19:22
Epoch id: 21, Training steps: 600, Train Acc: 87.50%, Train Loss: 0.004401, Train Avg Loss: 0.001661, Time: 2:19:54
Epoch id: 21, Training steps: 700, Train Acc: 75.00%, Train Loss: 0.001787, Train Avg Loss: 0.002004, Time: 2:20:26
Epoch id: 21, Training steps: 800, Train Acc: 87.50%, Train Loss: 0.002215, Train Avg Loss: 0.001905, Time: 2:20:58
Epoch id: 21, Training steps: 900, Train Acc: 100.00%, Train Loss: 0.000580, Train Avg Loss: 0.001970, Time: 2:21:29
Epoch id: 21, Training steps: 1000, Train Acc: 100.00%, Train Loss: 0.002891, Train Avg Loss: 0.002103, Time: 2:22:01
Epoch id: 21, Training steps: 1100, Train Acc: 87.50%, Train Loss: 0.001909, Train Avg Loss: 0.002112, Time: 2:22:33
Start evaluation on dev dataset.
Acc. (Correct/Total): 57.01% micro-Prec: 0.7710 micro-Recall:0.7336 micro-F1: 0.7518 dev loss: 0.036147
Start evaluation on test dataset.
Acc. (Correct/Total): 63.47% micro-Prec: 0.8100 micro-Recall:0.7692 micro-F1: 0.7891 dev loss: 0.030297
Epoch id: 22, Training steps: 100, Train Acc: 87.50%, Train Loss: 0.000662, Train Avg Loss: 0.002446, Time: 2:24:15
Epoch id: 22, Training steps: 200, Train Acc: 87.50%, Train Loss: 0.002243, Train Avg Loss: 0.001806, Time: 2:24:47
Epoch id: 22, Training steps: 300, Train Acc: 100.00%, Train Loss: 0.002443, Train Avg Loss: 0.001647, Time: 2:25:18
Epoch id: 22, Training steps: 400, Train Acc: 87.50%, Train Loss: 0.001261, Train Avg Loss: 0.001682, Time: 2:25:50
Epoch id: 22, Training steps: 500, Train Acc: 100.00%, Train Loss: 0.000778, Train Avg Loss: 0.001694, Time: 2:26:22
Epoch id: 22, Training steps: 600, Train Acc: 100.00%, Train Loss: 0.001294, Train Avg Loss: 0.001649, Time: 2:26:54
Epoch id: 22, Training steps: 700, Train Acc: 87.50%, Train Loss: 0.002892, Train Avg Loss: 0.001589, Time: 2:27:25
Epoch id: 22, Training steps: 800, Train Acc: 100.00%, Train Loss: 0.000202, Train Avg Loss: 0.001727, Time: 2:27:57
Epoch id: 22, Training steps: 900, Train Acc: 100.00%, Train Loss: 0.001016, Train Avg Loss: 0.001452, Time: 2:28:29
Epoch id: 22, Training steps: 1000, Train Acc: 87.50%, Train Loss: 0.001773, Train Avg Loss: 0.001589, Time: 2:29:01
Epoch id: 22, Training steps: 1100, Train Acc: 87.50%, Train Loss: 0.001018, Train Avg Loss: 0.001532, Time: 2:29:32
Start evaluation on dev dataset.
Acc. (Correct/Total): 56.14% micro-Prec: 0.7694 micro-Recall:0.7258 micro-F1: 0.7470 dev loss: 0.036426
Epoch id: 23, Training steps: 100, Train Acc: 87.50%, Train Loss: 0.001619, Train Avg Loss: 0.001858, Time: 2:30:44
Epoch id: 23, Training steps: 200, Train Acc: 100.00%, Train Loss: 0.001236, Train Avg Loss: 0.001603, Time: 2:31:16
Epoch id: 23, Training steps: 300, Train Acc: 100.00%, Train Loss: 0.003340, Train Avg Loss: 0.001430, Time: 2:31:48
Epoch id: 23, Training steps: 400, Train Acc: 87.50%, Train Loss: 0.001963, Train Avg Loss: 0.001362, Time: 2:32:19
Epoch id: 23, Training steps: 500, Train Acc: 87.50%, Train Loss: 0.002076, Train Avg Loss: 0.001217, Time: 2:32:51
Epoch id: 23, Training steps: 600, Train Acc: 100.00%, Train Loss: 0.000815, Train Avg Loss: 0.001440, Time: 2:33:23
Epoch id: 23, Training steps: 700, Train Acc: 87.50%, Train Loss: 0.002517, Train Avg Loss: 0.001437, Time: 2:33:55
Epoch id: 23, Training steps: 800, Train Acc: 87.50%, Train Loss: 0.001580, Train Avg Loss: 0.001413, Time: 2:34:27
Epoch id: 23, Training steps: 900, Train Acc: 100.00%, Train Loss: 0.000666, Train Avg Loss: 0.001383, Time: 2:34:58
Epoch id: 23, Training steps: 1000, Train Acc: 87.50%, Train Loss: 0.001815, Train Avg Loss: 0.001509, Time: 2:35:30
Epoch id: 23, Training steps: 1100, Train Acc: 100.00%, Train Loss: 0.000768, Train Avg Loss: 0.001337, Time: 2:36:02
Start evaluation on dev dataset.
Acc. (Correct/Total): 54.94% micro-Prec: 0.7596 micro-Recall:0.7264 micro-F1: 0.7427 dev loss: 0.037249
Epoch id: 24, Training steps: 100, Train Acc: 100.00%, Train Loss: 0.000801, Train Avg Loss: 0.001595, Time: 2:37:14
Epoch id: 24, Training steps: 200, Train Acc: 87.50%, Train Loss: 0.002190, Train Avg Loss: 0.001133, Time: 2:37:46
Epoch id: 24, Training steps: 300, Train Acc: 100.00%, Train Loss: 0.000528, Train Avg Loss: 0.001375, Time: 2:38:31
Epoch id: 24, Training steps: 400, Train Acc: 100.00%, Train Loss: 0.000904, Train Avg Loss: 0.001182, Time: 2:39:03
Epoch id: 24, Training steps: 500, Train Acc: 87.50%, Train Loss: 0.001561, Train Avg Loss: 0.001305, Time: 2:39:35
Epoch id: 24, Training steps: 600, Train Acc: 100.00%, Train Loss: 0.000915, Train Avg Loss: 0.001281, Time: 2:40:06
Epoch id: 24, Training steps: 700, Train Acc: 100.00%, Train Loss: 0.000483, Train Avg Loss: 0.001164, Time: 2:40:38
Epoch id: 24, Training steps: 800, Train Acc: 100.00%, Train Loss: 0.000880, Train Avg Loss: 0.001124, Time: 2:41:10
Epoch id: 24, Training steps: 900, Train Acc: 100.00%, Train Loss: 0.000927, Train Avg Loss: 0.001324, Time: 2:41:41
Epoch id: 24, Training steps: 1000, Train Acc: 100.00%, Train Loss: 0.000416, Train Avg Loss: 0.001239, Time: 2:42:13
Epoch id: 24, Training steps: 1100, Train Acc: 100.00%, Train Loss: 0.000586, Train Avg Loss: 0.001266, Time: 2:42:45
Start evaluation on dev dataset.
Acc. (Correct/Total): 55.76% micro-Prec: 0.7577 micro-Recall:0.7362 micro-F1: 0.7468 dev loss: 0.037842
Epoch id: 25, Training steps: 100, Train Acc: 100.00%, Train Loss: 0.000244, Train Avg Loss: 0.001423, Time: 2:43:57
Epoch id: 25, Training steps: 200, Train Acc: 100.00%, Train Loss: 0.000249, Train Avg Loss: 0.000972, Time: 2:44:29
Epoch id: 25, Training steps: 300, Train Acc: 100.00%, Train Loss: 0.000301, Train Avg Loss: 0.001112, Time: 2:45:00
Epoch id: 25, Training steps: 400, Train Acc: 100.00%, Train Loss: 0.002241, Train Avg Loss: 0.001049, Time: 2:45:32
Epoch id: 25, Training steps: 500, Train Acc: 75.00%, Train Loss: 0.002184, Train Avg Loss: 0.000923, Time: 2:46:04
Epoch id: 25, Training steps: 600, Train Acc: 100.00%, Train Loss: 0.000869, Train Avg Loss: 0.000927, Time: 2:46:36
Epoch id: 25, Training steps: 700, Train Acc: 100.00%, Train Loss: 0.000691, Train Avg Loss: 0.000964, Time: 2:47:07
Epoch id: 25, Training steps: 800, Train Acc: 75.00%, Train Loss: 0.003692, Train Avg Loss: 0.001279, Time: 2:47:39
Epoch id: 25, Training steps: 900, Train Acc: 87.50%, Train Loss: 0.000856, Train Avg Loss: 0.001110, Time: 2:48:11
Epoch id: 25, Training steps: 1000, Train Acc: 87.50%, Train Loss: 0.001311, Train Avg Loss: 0.001041, Time: 2:48:42
Epoch id: 25, Training steps: 1100, Train Acc: 100.00%, Train Loss: 0.000898, Train Avg Loss: 0.001103, Time: 2:49:14
Start evaluation on dev dataset.
Acc. (Correct/Total): 56.24% micro-Prec: 0.7707 micro-Recall:0.7245 micro-F1: 0.7469 dev loss: 0.036217
Epoch id: 26, Training steps: 100, Train Acc: 100.00%, Train Loss: 0.000913, Train Avg Loss: 0.001425, Time: 2:50:40
Epoch id: 26, Training steps: 200, Train Acc: 100.00%, Train Loss: 0.001167, Train Avg Loss: 0.000879, Time: 2:51:12
Epoch id: 26, Training steps: 300, Train Acc: 87.50%, Train Loss: 0.001324, Train Avg Loss: 0.000946, Time: 2:51:43
Epoch id: 26, Training steps: 400, Train Acc: 100.00%, Train Loss: 0.000418, Train Avg Loss: 0.000844, Time: 2:52:15
Epoch id: 26, Training steps: 500, Train Acc: 100.00%, Train Loss: 0.000653, Train Avg Loss: 0.000900, Time: 2:52:46
Epoch id: 26, Training steps: 600, Train Acc: 87.50%, Train Loss: 0.000773, Train Avg Loss: 0.000959, Time: 2:53:18
Epoch id: 26, Training steps: 700, Train Acc: 87.50%, Train Loss: 0.001076, Train Avg Loss: 0.000884, Time: 2:53:49
Epoch id: 26, Training steps: 800, Train Acc: 100.00%, Train Loss: 0.000377, Train Avg Loss: 0.000854, Time: 2:54:21
Epoch id: 26, Training steps: 900, Train Acc: 100.00%, Train Loss: 0.000242, Train Avg Loss: 0.001092, Time: 2:54:53
Epoch id: 26, Training steps: 1000, Train Acc: 100.00%, Train Loss: 0.000455, Train Avg Loss: 0.000795, Time: 2:55:24
Epoch id: 26, Training steps: 1100, Train Acc: 100.00%, Train Loss: 0.002449, Train Avg Loss: 0.000859, Time: 2:55:56
Start evaluation on dev dataset.
Acc. (Correct/Total): 56.19% micro-Prec: 0.7617 micro-Recall:0.7307 micro-F1: 0.7459 dev loss: 0.037070
Epoch id: 27, Training steps: 100, Train Acc: 100.00%, Train Loss: 0.000862, Train Avg Loss: 0.001188, Time: 2:57:08
Epoch id: 27, Training steps: 200, Train Acc: 100.00%, Train Loss: 0.001067, Train Avg Loss: 0.000819, Time: 2:57:39
Epoch id: 27, Training steps: 300, Train Acc: 100.00%, Train Loss: 0.001071, Train Avg Loss: 0.000743, Time: 2:58:11
Epoch id: 27, Training steps: 400, Train Acc: 100.00%, Train Loss: 0.000422, Train Avg Loss: 0.000832, Time: 2:58:43
Epoch id: 27, Training steps: 500, Train Acc: 100.00%, Train Loss: 0.000638, Train Avg Loss: 0.000819, Time: 2:59:14
Epoch id: 27, Training steps: 600, Train Acc: 100.00%, Train Loss: 0.000854, Train Avg Loss: 0.000780, Time: 2:59:46
Epoch id: 27, Training steps: 700, Train Acc: 100.00%, Train Loss: 0.000372, Train Avg Loss: 0.000868, Time: 3:00:17
Epoch id: 27, Training steps: 800, Train Acc: 100.00%, Train Loss: 0.000632, Train Avg Loss: 0.000760, Time: 3:00:49
Epoch id: 27, Training steps: 900, Train Acc: 100.00%, Train Loss: 0.000779, Train Avg Loss: 0.000897, Time: 3:01:21
Epoch id: 27, Training steps: 1000, Train Acc: 100.00%, Train Loss: 0.000637, Train Avg Loss: 0.000761, Time: 3:01:52
Epoch id: 27, Training steps: 1100, Train Acc: 100.00%, Train Loss: 0.000306, Train Avg Loss: 0.000796, Time: 3:02:24
Start evaluation on dev dataset.
Acc. (Correct/Total): 56.00% micro-Prec: 0.7625 micro-Recall:0.7329 micro-F1: 0.7474 dev loss: 0.036946
Epoch id: 28, Training steps: 100, Train Acc: 87.50%, Train Loss: 0.000959, Train Avg Loss: 0.001001, Time: 3:03:36
Epoch id: 28, Training steps: 200, Train Acc: 100.00%, Train Loss: 0.001776, Train Avg Loss: 0.000676, Time: 3:04:07
Epoch id: 28, Training steps: 300, Train Acc: 100.00%, Train Loss: 0.000377, Train Avg Loss: 0.000693, Time: 3:04:39
Epoch id: 28, Training steps: 400, Train Acc: 100.00%, Train Loss: 0.001035, Train Avg Loss: 0.000770, Time: 3:05:10
Epoch id: 28, Training steps: 500, Train Acc: 100.00%, Train Loss: 0.000372, Train Avg Loss: 0.000814, Time: 3:05:42
Epoch id: 28, Training steps: 600, Train Acc: 100.00%, Train Loss: 0.001016, Train Avg Loss: 0.000674, Time: 3:06:13
Epoch id: 28, Training steps: 700, Train Acc: 100.00%, Train Loss: 0.000523, Train Avg Loss: 0.000746, Time: 3:06:45
Epoch id: 28, Training steps: 800, Train Acc: 100.00%, Train Loss: 0.000370, Train Avg Loss: 0.000635, Time: 3:07:17
Epoch id: 28, Training steps: 900, Train Acc: 100.00%, Train Loss: 0.000386, Train Avg Loss: 0.000672, Time: 3:07:48
Epoch id: 28, Training steps: 1000, Train Acc: 100.00%, Train Loss: 0.000444, Train Avg Loss: 0.000720, Time: 3:08:20
Epoch id: 28, Training steps: 1100, Train Acc: 100.00%, Train Loss: 0.000472, Train Avg Loss: 0.000706, Time: 3:08:51
Start evaluation on dev dataset.
Acc. (Correct/Total): 56.57% micro-Prec: 0.7691 micro-Recall:0.7258 micro-F1: 0.7468 dev loss: 0.036661
Epoch id: 29, Training steps: 100, Train Acc: 100.00%, Train Loss: 0.000470, Train Avg Loss: 0.000988, Time: 3:10:03
Epoch id: 29, Training steps: 200, Train Acc: 100.00%, Train Loss: 0.000192, Train Avg Loss: 0.000576, Time: 3:10:35
Epoch id: 29, Training steps: 300, Train Acc: 100.00%, Train Loss: 0.001356, Train Avg Loss: 0.000607, Time: 3:11:06
Epoch id: 29, Training steps: 400, Train Acc: 100.00%, Train Loss: 0.000135, Train Avg Loss: 0.000658, Time: 3:11:38
Epoch id: 29, Training steps: 500, Train Acc: 100.00%, Train Loss: 0.000484, Train Avg Loss: 0.000647, Time: 3:12:09
Epoch id: 29, Training steps: 600, Train Acc: 87.50%, Train Loss: 0.000886, Train Avg Loss: 0.000810, Time: 3:12:41
Epoch id: 29, Training steps: 700, Train Acc: 100.00%, Train Loss: 0.000456, Train Avg Loss: 0.000638, Time: 3:13:13
Epoch id: 29, Training steps: 800, Train Acc: 100.00%, Train Loss: 0.000690, Train Avg Loss: 0.000573, Time: 3:13:44
Epoch id: 29, Training steps: 900, Train Acc: 100.00%, Train Loss: 0.000675, Train Avg Loss: 0.000629, Time: 3:14:16
Epoch id: 29, Training steps: 1000, Train Acc: 100.00%, Train Loss: 0.000689, Train Avg Loss: 0.000679, Time: 3:14:47
Epoch id: 29, Training steps: 1100, Train Acc: 100.00%, Train Loss: 0.000593, Train Avg Loss: 0.000764, Time: 3:15:19
Start evaluation on dev dataset.
Acc. (Correct/Total): 56.72% micro-Prec: 0.7639 micro-Recall:0.7384 micro-F1: 0.7509 dev loss: 0.037381
Epoch id: 30, Training steps: 100, Train Acc: 87.50%, Train Loss: 0.000958, Train Avg Loss: 0.000856, Time: 3:16:31
Epoch id: 30, Training steps: 200, Train Acc: 100.00%, Train Loss: 0.000366, Train Avg Loss: 0.000574, Time: 3:17:02
Epoch id: 30, Training steps: 300, Train Acc: 87.50%, Train Loss: 0.000849, Train Avg Loss: 0.000579, Time: 3:17:34
Epoch id: 30, Training steps: 400, Train Acc: 87.50%, Train Loss: 0.001490, Train Avg Loss: 0.000581, Time: 3:18:05
Epoch id: 30, Training steps: 500, Train Acc: 100.00%, Train Loss: 0.000226, Train Avg Loss: 0.000561, Time: 3:18:37
Epoch id: 30, Training steps: 600, Train Acc: 100.00%, Train Loss: 0.000048, Train Avg Loss: 0.000619, Time: 3:19:09
Epoch id: 30, Training steps: 700, Train Acc: 100.00%, Train Loss: 0.000175, Train Avg Loss: 0.000593, Time: 3:19:40
Epoch id: 30, Training steps: 800, Train Acc: 100.00%, Train Loss: 0.000156, Train Avg Loss: 0.000562, Time: 3:20:12
Epoch id: 30, Training steps: 900, Train Acc: 100.00%, Train Loss: 0.000763, Train Avg Loss: 0.000629, Time: 3:20:43
Epoch id: 30, Training steps: 1000, Train Acc: 100.00%, Train Loss: 0.000817, Train Avg Loss: 0.000591, Time: 3:21:15
Epoch id: 30, Training steps: 1100, Train Acc: 100.00%, Train Loss: 0.000842, Train Avg Loss: 0.000605, Time: 3:21:47
Start evaluation on dev dataset.
Acc. (Correct/Total): 56.43% micro-Prec: 0.7653 micro-Recall:0.7326 micro-F1: 0.7486 dev loss: 0.037240
Epoch id: 31, Training steps: 100, Train Acc: 100.00%, Train Loss: 0.000462, Train Avg Loss: 0.000817, Time: 3:22:58
Epoch id: 31, Training steps: 200, Train Acc: 100.00%, Train Loss: 0.000388, Train Avg Loss: 0.000616, Time: 3:23:30
Epoch id: 31, Training steps: 300, Train Acc: 100.00%, Train Loss: 0.000078, Train Avg Loss: 0.000605, Time: 3:24:01
Epoch id: 31, Training steps: 400, Train Acc: 100.00%, Train Loss: 0.000393, Train Avg Loss: 0.000507, Time: 3:24:33
Epoch id: 31, Training steps: 500, Train Acc: 100.00%, Train Loss: 0.000533, Train Avg Loss: 0.000563, Time: 3:25:05
Epoch id: 31, Training steps: 600, Train Acc: 100.00%, Train Loss: 0.000505, Train Avg Loss: 0.000545, Time: 3:25:36
Epoch id: 31, Training steps: 700, Train Acc: 100.00%, Train Loss: 0.000166, Train Avg Loss: 0.000543, Time: 3:26:08
Epoch id: 31, Training steps: 800, Train Acc: 100.00%, Train Loss: 0.000161, Train Avg Loss: 0.000586, Time: 3:26:39
Epoch id: 31, Training steps: 900, Train Acc: 100.00%, Train Loss: 0.000191, Train Avg Loss: 0.000523, Time: 3:27:11
Epoch id: 31, Training steps: 1000, Train Acc: 100.00%, Train Loss: 0.000324, Train Avg Loss: 0.000642, Time: 3:27:42
Epoch id: 31, Training steps: 1100, Train Acc: 100.00%, Train Loss: 0.000891, Train Avg Loss: 0.000524, Time: 3:28:14
Start evaluation on dev dataset.
Acc. (Correct/Total): 56.24% micro-Prec: 0.7648 micro-Recall:0.7339 micro-F1: 0.7491 dev loss: 0.037515
Epoch id: 32, Training steps: 100, Train Acc: 100.00%, Train Loss: 0.000458, Train Avg Loss: 0.000731, Time: 3:29:26
Epoch id: 32, Training steps: 200, Train Acc: 100.00%, Train Loss: 0.000685, Train Avg Loss: 0.000545, Time: 3:29:57
Epoch id: 32, Training steps: 300, Train Acc: 100.00%, Train Loss: 0.000680, Train Avg Loss: 0.000524, Time: 3:30:29
Epoch id: 32, Training steps: 400, Train Acc: 100.00%, Train Loss: 0.000777, Train Avg Loss: 0.000540, Time: 3:31:00
Epoch id: 32, Training steps: 500, Train Acc: 100.00%, Train Loss: 0.000497, Train Avg Loss: 0.000473, Time: 3:31:32
Epoch id: 32, Training steps: 600, Train Acc: 100.00%, Train Loss: 0.000833, Train Avg Loss: 0.000526, Time: 3:32:03
Epoch id: 32, Training steps: 700, Train Acc: 100.00%, Train Loss: 0.000223, Train Avg Loss: 0.000468, Time: 3:32:35
Epoch id: 32, Training steps: 800, Train Acc: 100.00%, Train Loss: 0.000640, Train Avg Loss: 0.000532, Time: 3:33:06
Epoch id: 32, Training steps: 900, Train Acc: 100.00%, Train Loss: 0.000176, Train Avg Loss: 0.000496, Time: 3:33:38
Epoch id: 32, Training steps: 1000, Train Acc: 100.00%, Train Loss: 0.001069, Train Avg Loss: 0.000490, Time: 3:34:10
Epoch id: 32, Training steps: 1100, Train Acc: 100.00%, Train Loss: 0.000627, Train Avg Loss: 0.000563, Time: 3:34:41
Start evaluation on dev dataset.
Acc. (Correct/Total): 56.29% micro-Prec: 0.7665 micro-Recall:0.7332 micro-F1: 0.7495 dev loss: 0.037227
Final evaluation on the test dataset.
The number of evaluation instances:  2067
Acc. (Correct/Total): 63.47% micro-Prec: 0.8100 micro-Recall:0.7692 micro-F1: 0.7891 dev loss: 0.030297
              precision    recall  f1-score   support

         教育学     0.8291    0.9461    0.8837       241
          法学     0.8509    0.8661    0.8584       224
      中国语言文学     0.8478    0.8432    0.8455       185
         政治学     0.7801    0.6748    0.7237       163
         社会学     0.8750    0.8025    0.8372       157
         心理学     0.8462    0.6260    0.7196       123
       应用经济学     0.7692    0.5983    0.6731       117
         历史学     0.7979    0.6881    0.7389       109
     环境科学与工程     0.8624    0.8704    0.8664       108
          哲学     0.8421    0.6598    0.7399        97
      外国语言文学     0.8101    0.7529    0.7805        85
         生物学     0.8235    0.8861    0.8537        79
      交通运输工程     0.9157    0.9744    0.9441        78
        临床医学     0.8857    0.8158    0.8493        76
    计算机科学与技术     0.9167    0.7746    0.8397        71
        土木工程     0.9412    0.9697    0.9552        66
   航空宇航科学与技术     0.9643    0.8852    0.9231        61
         民族学     0.6364    0.6364    0.6364        55
   公共卫生与预防医学     0.6226    0.6471    0.6346        51
         美术学     0.8448    0.9800    0.9074        50
         艺术学     0.7556    0.7907    0.7727        43
         地理学     0.8462    0.7857    0.8148        42
         体育学     0.9643    0.6750    0.7941        40
       理论经济学     0.7105    0.7105    0.7105        38
         中医学     0.9091    0.8108    0.8571        37
         物理学     0.8333    0.9722    0.8974        36
          林学     0.7586    0.6667    0.7097        33
          数学     0.9333    0.4375    0.5957        32
     电子科学与技术     0.5556    0.6452    0.5970        31
        基础医学     0.4839    0.5172    0.5000        29
        工商管理     0.8750    0.7778    0.8235        27
       新闻传播学     0.8261    0.8636    0.8444        22
         天文学     0.7917    0.8636    0.8261        22
         地质学     0.8750    0.6667    0.7568        21
         畜牧学     0.7917    0.9048    0.8444        21
   军事思想及军事历史     0.7500    0.7500    0.7500        20
     管理科学与工程     0.5185    0.7778    0.6222        18
     测绘科学与技术     0.8000    0.7059    0.7500        17
        水利工程     0.9091    0.6250    0.7407        16
        大气科学     0.7500    0.7500    0.7500        16
     兵器科学与技术     0.7059    0.8000    0.7500        15
       地球物理学     0.7143    0.3571    0.4762        14
        电气工程     1.0000    0.4615    0.6316        13
         作物学     0.5833    0.5385    0.5600        13
     控制科学与工程     0.3571    0.3846    0.3704        13
     信息与通信工程     0.6667    0.4615    0.5455        13
        公共管理     0.1538    0.1538    0.1538        13
         建筑学     0.7500    0.2308    0.3529        13
     化学工程与技术     0.6471    0.9167    0.7586        12
          力学     0.7500    0.5455    0.6316        11
        海洋科学     0.9091    0.9091    0.9091        11
     轻工技术与工程     0.3750    0.5455    0.4444        11
        农业工程     1.0000    0.4000    0.5714        10
         园艺学     0.7500    0.9000    0.8182        10
       中西医结合     1.0000    0.4000    0.5714        10
        机械工程     0.8889    0.8889    0.8889         9
       科学技术史     1.0000    0.7500    0.8571         8
     船舶与海洋工程     0.8889    1.0000    0.9412         8
   图书情报与档案管理     0.7000    0.8750    0.7778         8
        植物保护     0.8889    1.0000    0.9412         8
     材料科学与工程     0.8571    0.7500    0.8000         8
         统计学     0.5000    0.8750    0.6364         8
          化学     0.6667    0.7500    0.7059         8
     食品科学与工程     0.8000    0.5000    0.6154         8
          水产     1.0000    1.0000    1.0000         7
          药学     1.0000    0.8571    0.9231         7
     农业资源与环境     1.0000    0.7143    0.8333         7
         世界史     0.8750    1.0000    0.9333         7
        系统科学     0.8571    0.8571    0.8571         7
      农林经济管理     0.5000    0.8000    0.6154         5
       军队指挥学     1.0000    0.6000    0.7500         5
        矿业工程     0.7500    0.6000    0.6667         5
     纺织科学与工程     0.7143    1.0000    0.8333         5
  动力工程及工程热物理     0.0000    0.0000    0.0000         4
        林业工程     0.3333    0.2500    0.2857         4
     仪器科学与技术     0.0000    0.0000    0.0000         3
         战略学     1.0000    0.3333    0.5000         3
   地质资源与地质工程     0.6000    1.0000    0.7500         3
        旅游管理     0.7500    1.0000    0.8571         3
 图书馆、情报与档案管理     0.0000    0.0000    0.0000         2
        冶金工程     1.0000    0.5000    0.6667         2
      核科学与技术     0.0000    0.0000    0.0000         2

   micro avg     0.8100    0.7692    0.7891      3093
   macro avg     0.7467    0.6890    0.6994      3093
weighted avg     0.8141    0.7692    0.7839      3093
 samples avg     0.8018    0.7862    0.7807      3093

