  0%|          | 0/82 [00:00<?, ?it/s]100%|██████████| 82/82 [00:00<00:00, 499176.96it/s]
model:  ernie-rcnn-catlstmwide
pretrained:  ernie1
task:  MLC-slice
dataset:  book_multilabels_task_slice
seq_length:  256
hidden_dropout_prob:  0.1
attention_probs_dropout_prob:  0.1
epochs_num:  32
batch_size:  8
learning_rate:  2e-05
report_steps:  100
kg_name:  CnDbpedia
no_kg:  True
no_vm:  True
GPU:  NVIDIA GeForce RTX 3090
Vocabulary Size:  17964
[BertClassifier] use visible_matrix: False
Some weights of ErnieRCNNForMultiLabelSequenceClassificationSliceCatLSTMWide were not initialized from the model checkpoint at ./models/ernie1 and are newly initialized: ['lstm.weight_hh_l0_reverse', 'lstm.weight_hh_l1', 'lstm.bias_ih_l1', 'lstm.bias_ih_l1_reverse', 'output_layer_1.bias', 'lstm.weight_hh_l0', 'classifier.weight', 'lstm.bias_hh_l0', 'lstm.bias_hh_l0_reverse', 'lstm.bias_hh_l1_reverse', 'lstm.weight_ih_l1_reverse', 'lstm.bias_ih_l0_reverse', 'output_layer_1.weight', 'lstm.weight_ih_l0_reverse', 'classifier.bias', 'lstm.weight_ih_l1', 'lstm.weight_hh_l1_reverse', 'lstm.bias_hh_l1', 'lstm.weight_ih_l0', 'lstm.bias_ih_l0']
You should probably TRAIN this model on a down-stream task to be able to use it for predictions and inference.
1 GPUs are available. Let's use them.
device:  cuda
Start training.
Loading sentences from ./datasets/book_multilabels_task_slice/train.tsv
There are 9097 sentence in total. We use 1 processes to inject knowledge into sentences.
Progress of process 0: 0/9097
Loading sentences from ./datasets/book_multilabels_task_slice/dev.tsv
There are 2084 sentence in total. We use 1 processes to inject knowledge into sentences.
Progress of process 0: 0/2084
Loading sentences from ./datasets/book_multilabels_task_slice/test.tsv
There are 2067 sentence in total. We use 1 processes to inject knowledge into sentences.
Progress of process 0: 0/2067
Epoch id: 1, Training steps: 100, Train Acc:  0.00%, Train Loss: 0.785896, Train Avg Loss: 0.824250, Time: 0:00:33
Epoch id: 1, Training steps: 200, Train Acc:  0.00%, Train Loss: 0.593308, Train Avg Loss: 0.693849, Time: 0:01:04
Epoch id: 1, Training steps: 300, Train Acc:  0.00%, Train Loss: 0.381664, Train Avg Loss: 0.486933, Time: 0:01:35
Epoch id: 1, Training steps: 400, Train Acc:  0.00%, Train Loss: 0.209781, Train Avg Loss: 0.289880, Time: 0:02:06
Epoch id: 1, Training steps: 500, Train Acc:  0.00%, Train Loss: 0.130524, Train Avg Loss: 0.164984, Time: 0:02:37
Epoch id: 1, Training steps: 600, Train Acc:  0.00%, Train Loss: 0.096795, Train Avg Loss: 0.112952, Time: 0:03:08
Epoch id: 1, Training steps: 700, Train Acc:  0.00%, Train Loss: 0.104761, Train Avg Loss: 0.096113, Time: 0:03:39
Epoch id: 1, Training steps: 800, Train Acc:  0.00%, Train Loss: 0.088227, Train Avg Loss: 0.089270, Time: 0:04:11
Epoch id: 1, Training steps: 900, Train Acc:  0.00%, Train Loss: 0.089230, Train Avg Loss: 0.086229, Time: 0:04:42
Epoch id: 1, Training steps: 1000, Train Acc:  0.00%, Train Loss: 0.096494, Train Avg Loss: 0.084591, Time: 0:05:13
Epoch id: 1, Training steps: 1100, Train Acc:  0.00%, Train Loss: 0.080176, Train Avg Loss: 0.082899, Time: 0:05:45
Start evaluation on dev dataset.
Acc. (Correct/Total):  0.00% micro-Prec: 0.0000 micro-Recall:0.0000 micro-F1: 0.0000 dev loss: 0.083075
Epoch id: 2, Training steps: 100, Train Acc:  0.00%, Train Loss: 0.083883, Train Avg Loss: 0.111755, Time: 0:06:56
Epoch id: 2, Training steps: 200, Train Acc:  0.00%, Train Loss: 0.074072, Train Avg Loss: 0.079559, Time: 0:07:27
Epoch id: 2, Training steps: 300, Train Acc:  0.00%, Train Loss: 0.070652, Train Avg Loss: 0.079867, Time: 0:07:59
Epoch id: 2, Training steps: 400, Train Acc:  0.00%, Train Loss: 0.064734, Train Avg Loss: 0.077949, Time: 0:08:30
Epoch id: 2, Training steps: 500, Train Acc:  0.00%, Train Loss: 0.072696, Train Avg Loss: 0.074786, Time: 0:09:01
Epoch id: 2, Training steps: 600, Train Acc:  0.00%, Train Loss: 0.072747, Train Avg Loss: 0.072903, Time: 0:09:32
Epoch id: 2, Training steps: 700, Train Acc:  0.00%, Train Loss: 0.076651, Train Avg Loss: 0.070367, Time: 0:10:04
Epoch id: 2, Training steps: 800, Train Acc:  0.00%, Train Loss: 0.074350, Train Avg Loss: 0.069562, Time: 0:10:35
Epoch id: 2, Training steps: 900, Train Acc:  0.00%, Train Loss: 0.063176, Train Avg Loss: 0.066673, Time: 0:11:06
Epoch id: 2, Training steps: 1000, Train Acc:  0.00%, Train Loss: 0.061182, Train Avg Loss: 0.059988, Time: 0:11:38
Epoch id: 2, Training steps: 1100, Train Acc:  0.00%, Train Loss: 0.054366, Train Avg Loss: 0.057743, Time: 0:12:09
Start evaluation on dev dataset.
Acc. (Correct/Total): 10.84% micro-Prec: 0.8841 micro-Recall:0.1408 micro-F1: 0.2429 dev loss: 0.060605
Start evaluation on test dataset.
Acc. (Correct/Total): 12.77% micro-Prec: 0.9035 micro-Recall:0.1423 micro-F1: 0.2458 dev loss: 0.058169
Epoch id: 3, Training steps: 100, Train Acc:  0.00%, Train Loss: 0.043030, Train Avg Loss: 0.070743, Time: 0:13:50
Epoch id: 3, Training steps: 200, Train Acc: 25.00%, Train Loss: 0.028882, Train Avg Loss: 0.049071, Time: 0:14:21
Epoch id: 3, Training steps: 300, Train Acc: 12.50%, Train Loss: 0.034100, Train Avg Loss: 0.046939, Time: 0:14:53
Epoch id: 3, Training steps: 400, Train Acc:  0.00%, Train Loss: 0.050965, Train Avg Loss: 0.043422, Time: 0:15:24
Epoch id: 3, Training steps: 500, Train Acc: 37.50%, Train Loss: 0.040098, Train Avg Loss: 0.041930, Time: 0:15:55
Epoch id: 3, Training steps: 600, Train Acc: 25.00%, Train Loss: 0.046457, Train Avg Loss: 0.038825, Time: 0:16:27
Epoch id: 3, Training steps: 700, Train Acc: 25.00%, Train Loss: 0.044887, Train Avg Loss: 0.039427, Time: 0:16:58
Epoch id: 3, Training steps: 800, Train Acc: 12.50%, Train Loss: 0.044784, Train Avg Loss: 0.035534, Time: 0:17:29
Epoch id: 3, Training steps: 900, Train Acc:  0.00%, Train Loss: 0.046666, Train Avg Loss: 0.053208, Time: 0:18:01
Epoch id: 3, Training steps: 1000, Train Acc:  0.00%, Train Loss: 0.047245, Train Avg Loss: 0.047933, Time: 0:18:32
Epoch id: 3, Training steps: 1100, Train Acc:  0.00%, Train Loss: 0.051272, Train Avg Loss: 0.049091, Time: 0:19:03
Start evaluation on dev dataset.
Acc. (Correct/Total): 24.23% micro-Prec: 0.7901 micro-Recall:0.2680 micro-F1: 0.4003 dev loss: 0.056492
Start evaluation on test dataset.
Acc. (Correct/Total): 28.74% micro-Prec: 0.8658 micro-Recall:0.3130 micro-F1: 0.4597 dev loss: 0.053672
Epoch id: 4, Training steps: 100, Train Acc: 25.00%, Train Loss: 0.045546, Train Avg Loss: 0.055790, Time: 0:20:45
Epoch id: 4, Training steps: 200, Train Acc: 12.50%, Train Loss: 0.037355, Train Avg Loss: 0.034770, Time: 0:21:16
Epoch id: 4, Training steps: 300, Train Acc: 12.50%, Train Loss: 0.040523, Train Avg Loss: 0.032544, Time: 0:21:47
Epoch id: 4, Training steps: 400, Train Acc: 12.50%, Train Loss: 0.038770, Train Avg Loss: 0.033418, Time: 0:22:19
Epoch id: 4, Training steps: 500, Train Acc:  0.00%, Train Loss: 0.068695, Train Avg Loss: 0.044184, Time: 0:22:50
Epoch id: 4, Training steps: 600, Train Acc: 12.50%, Train Loss: 0.039496, Train Avg Loss: 0.042569, Time: 0:23:21
Epoch id: 4, Training steps: 700, Train Acc:  0.00%, Train Loss: 0.021328, Train Avg Loss: 0.042936, Time: 0:23:53
Epoch id: 4, Training steps: 800, Train Acc:  0.00%, Train Loss: 0.057465, Train Avg Loss: 0.041902, Time: 0:24:24
Epoch id: 4, Training steps: 900, Train Acc: 25.00%, Train Loss: 0.065918, Train Avg Loss: 0.040847, Time: 0:24:56
Epoch id: 4, Training steps: 1000, Train Acc: 25.00%, Train Loss: 0.040896, Train Avg Loss: 0.039648, Time: 0:25:27
Epoch id: 4, Training steps: 1100, Train Acc: 12.50%, Train Loss: 0.029453, Train Avg Loss: 0.039880, Time: 0:25:58
Start evaluation on dev dataset.
Acc. (Correct/Total): 24.86% micro-Prec: 0.7812 micro-Recall:0.2914 micro-F1: 0.4244 dev loss: 0.054972
Start evaluation on test dataset.
Acc. (Correct/Total): 29.90% micro-Prec: 0.8638 micro-Recall:0.3404 micro-F1: 0.4884 dev loss: 0.051801
Epoch id: 5, Training steps: 100, Train Acc: 12.50%, Train Loss: 0.026860, Train Avg Loss: 0.055714, Time: 0:27:39
Epoch id: 5, Training steps: 200, Train Acc: 50.00%, Train Loss: 0.011770, Train Avg Loss: 0.043270, Time: 0:28:10
Epoch id: 5, Training steps: 300, Train Acc: 50.00%, Train Loss: 0.032884, Train Avg Loss: 0.036466, Time: 0:28:42
Epoch id: 5, Training steps: 400, Train Acc: 50.00%, Train Loss: 0.014798, Train Avg Loss: 0.036244, Time: 0:29:13
Epoch id: 5, Training steps: 500, Train Acc:  0.00%, Train Loss: 0.031165, Train Avg Loss: 0.035608, Time: 0:29:44
Epoch id: 5, Training steps: 600, Train Acc: 25.00%, Train Loss: 0.041767, Train Avg Loss: 0.035796, Time: 0:30:16
Epoch id: 5, Training steps: 700, Train Acc:  0.00%, Train Loss: 0.054211, Train Avg Loss: 0.036174, Time: 0:30:47
Epoch id: 5, Training steps: 800, Train Acc: 50.00%, Train Loss: 0.032224, Train Avg Loss: 0.034064, Time: 0:31:18
Epoch id: 5, Training steps: 900, Train Acc:  0.00%, Train Loss: 0.067307, Train Avg Loss: 0.040074, Time: 0:31:50
Epoch id: 5, Training steps: 1000, Train Acc: 25.00%, Train Loss: 0.036463, Train Avg Loss: 0.045281, Time: 0:32:21
Epoch id: 5, Training steps: 1100, Train Acc: 37.50%, Train Loss: 0.033058, Train Avg Loss: 0.037498, Time: 0:32:52
Start evaluation on dev dataset.
Acc. (Correct/Total): 31.48% micro-Prec: 0.7648 micro-Recall:0.3810 micro-F1: 0.5086 dev loss: 0.051048
Start evaluation on test dataset.
Acc. (Correct/Total): 35.95% micro-Prec: 0.8271 micro-Recall:0.4161 micro-F1: 0.5537 dev loss: 0.047937
Epoch id: 6, Training steps: 100, Train Acc: 50.00%, Train Loss: 0.027003, Train Avg Loss: 0.047266, Time: 0:34:33
Epoch id: 6, Training steps: 200, Train Acc: 50.00%, Train Loss: 0.020885, Train Avg Loss: 0.033440, Time: 0:35:04
Epoch id: 6, Training steps: 300, Train Acc: 37.50%, Train Loss: 0.028088, Train Avg Loss: 0.031828, Time: 0:35:36
Epoch id: 6, Training steps: 400, Train Acc: 37.50%, Train Loss: 0.027733, Train Avg Loss: 0.033113, Time: 0:36:07
Epoch id: 6, Training steps: 500, Train Acc: 37.50%, Train Loss: 0.034898, Train Avg Loss: 0.033463, Time: 0:36:38
Epoch id: 6, Training steps: 600, Train Acc: 25.00%, Train Loss: 0.027536, Train Avg Loss: 0.034323, Time: 0:37:10
Epoch id: 6, Training steps: 700, Train Acc: 12.50%, Train Loss: 0.050015, Train Avg Loss: 0.031988, Time: 0:37:41
Epoch id: 6, Training steps: 800, Train Acc: 50.00%, Train Loss: 0.029521, Train Avg Loss: 0.034717, Time: 0:38:12
Epoch id: 6, Training steps: 900, Train Acc: 50.00%, Train Loss: 0.027177, Train Avg Loss: 0.031486, Time: 0:38:44
Epoch id: 6, Training steps: 1000, Train Acc: 25.00%, Train Loss: 0.037263, Train Avg Loss: 0.031276, Time: 0:39:15
Epoch id: 6, Training steps: 1100, Train Acc: 25.00%, Train Loss: 0.048477, Train Avg Loss: 0.028349, Time: 0:39:46
Start evaluation on dev dataset.
Acc. (Correct/Total): 36.23% micro-Prec: 0.7857 micro-Recall:0.4438 micro-F1: 0.5672 dev loss: 0.049083
Start evaluation on test dataset.
Acc. (Correct/Total): 43.44% micro-Prec: 0.8303 micro-Recall:0.4966 micro-F1: 0.6215 dev loss: 0.046367
Epoch id: 7, Training steps: 100, Train Acc:  0.00%, Train Loss: 0.029612, Train Avg Loss: 0.040829, Time: 0:41:27
Epoch id: 7, Training steps: 200, Train Acc: 50.00%, Train Loss: 0.018172, Train Avg Loss: 0.025642, Time: 0:41:58
Epoch id: 7, Training steps: 300, Train Acc: 25.00%, Train Loss: 0.040076, Train Avg Loss: 0.025873, Time: 0:42:30
Epoch id: 7, Training steps: 400, Train Acc: 25.00%, Train Loss: 0.029194, Train Avg Loss: 0.028300, Time: 0:43:01
Epoch id: 7, Training steps: 500, Train Acc: 62.50%, Train Loss: 0.014599, Train Avg Loss: 0.026042, Time: 0:43:32
Epoch id: 7, Training steps: 600, Train Acc: 50.00%, Train Loss: 0.019647, Train Avg Loss: 0.028955, Time: 0:44:04
Epoch id: 7, Training steps: 700, Train Acc: 50.00%, Train Loss: 0.015168, Train Avg Loss: 0.027040, Time: 0:44:35
Epoch id: 7, Training steps: 800, Train Acc: 25.00%, Train Loss: 0.035102, Train Avg Loss: 0.027380, Time: 0:45:06
Epoch id: 7, Training steps: 900, Train Acc: 62.50%, Train Loss: 0.022609, Train Avg Loss: 0.026701, Time: 0:45:38
Epoch id: 7, Training steps: 1000, Train Acc: 75.00%, Train Loss: 0.009179, Train Avg Loss: 0.025871, Time: 0:46:09
Epoch id: 7, Training steps: 1100, Train Acc: 12.50%, Train Loss: 0.031937, Train Avg Loss: 0.027044, Time: 0:46:40
Start evaluation on dev dataset.
Acc. (Correct/Total): 39.73% micro-Prec: 0.7555 micro-Recall:0.4853 micro-F1: 0.5910 dev loss: 0.049037
Start evaluation on test dataset.
Acc. (Correct/Total): 44.65% micro-Prec: 0.8025 micro-Recall:0.5163 micro-F1: 0.6284 dev loss: 0.045787
Epoch id: 8, Training steps: 100, Train Acc: 50.00%, Train Loss: 0.013499, Train Avg Loss: 0.039626, Time: 0:48:21
Epoch id: 8, Training steps: 200, Train Acc: 87.50%, Train Loss: 0.007933, Train Avg Loss: 0.024653, Time: 0:48:52
Epoch id: 8, Training steps: 300, Train Acc: 87.50%, Train Loss: 0.015790, Train Avg Loss: 0.024873, Time: 0:49:24
Epoch id: 8, Training steps: 400, Train Acc: 37.50%, Train Loss: 0.022952, Train Avg Loss: 0.023333, Time: 0:49:55
Epoch id: 8, Training steps: 500, Train Acc: 25.00%, Train Loss: 0.051493, Train Avg Loss: 0.023592, Time: 0:50:26
Epoch id: 8, Training steps: 600, Train Acc: 37.50%, Train Loss: 0.029822, Train Avg Loss: 0.024825, Time: 0:50:58
Epoch id: 8, Training steps: 700, Train Acc: 37.50%, Train Loss: 0.040823, Train Avg Loss: 0.021968, Time: 0:51:29
Epoch id: 8, Training steps: 800, Train Acc: 37.50%, Train Loss: 0.042157, Train Avg Loss: 0.024863, Time: 0:52:01
Epoch id: 8, Training steps: 900, Train Acc: 37.50%, Train Loss: 0.021017, Train Avg Loss: 0.025509, Time: 0:52:32
Epoch id: 8, Training steps: 1000, Train Acc: 37.50%, Train Loss: 0.037730, Train Avg Loss: 0.024173, Time: 0:53:03
Epoch id: 8, Training steps: 1100, Train Acc: 62.50%, Train Loss: 0.011090, Train Avg Loss: 0.024146, Time: 0:53:35
Start evaluation on dev dataset.
Acc. (Correct/Total): 41.89% micro-Prec: 0.7472 micro-Recall:0.4985 micro-F1: 0.5981 dev loss: 0.048235
Start evaluation on test dataset.
Acc. (Correct/Total): 47.70% micro-Prec: 0.7961 micro-Recall:0.5390 micro-F1: 0.6428 dev loss: 0.044579
Epoch id: 9, Training steps: 100, Train Acc: 37.50%, Train Loss: 0.011422, Train Avg Loss: 0.028740, Time: 0:55:15
Epoch id: 9, Training steps: 200, Train Acc: 75.00%, Train Loss: 0.008273, Train Avg Loss: 0.022226, Time: 0:55:46
Epoch id: 9, Training steps: 300, Train Acc: 37.50%, Train Loss: 0.025117, Train Avg Loss: 0.020643, Time: 0:56:18
Epoch id: 9, Training steps: 400, Train Acc: 75.00%, Train Loss: 0.005149, Train Avg Loss: 0.020355, Time: 0:56:49
Epoch id: 9, Training steps: 500, Train Acc: 50.00%, Train Loss: 0.011904, Train Avg Loss: 0.021361, Time: 0:57:20
Epoch id: 9, Training steps: 600, Train Acc: 62.50%, Train Loss: 0.007572, Train Avg Loss: 0.020750, Time: 0:57:52
Epoch id: 9, Training steps: 700, Train Acc: 62.50%, Train Loss: 0.021175, Train Avg Loss: 0.020067, Time: 0:58:23
Epoch id: 9, Training steps: 800, Train Acc: 87.50%, Train Loss: 0.014108, Train Avg Loss: 0.019778, Time: 0:58:54
Epoch id: 9, Training steps: 900, Train Acc: 62.50%, Train Loss: 0.015710, Train Avg Loss: 0.021709, Time: 0:59:26
Epoch id: 9, Training steps: 1000, Train Acc: 25.00%, Train Loss: 0.028357, Train Avg Loss: 0.020781, Time: 0:59:57
Epoch id: 9, Training steps: 1100, Train Acc: 75.00%, Train Loss: 0.014649, Train Avg Loss: 0.022186, Time: 1:00:28
Start evaluation on dev dataset.
Acc. (Correct/Total): 42.61% micro-Prec: 0.7251 micro-Recall:0.5141 micro-F1: 0.6016 dev loss: 0.048717
Start evaluation on test dataset.
Acc. (Correct/Total): 48.91% micro-Prec: 0.7736 micro-Recall:0.5635 micro-F1: 0.6521 dev loss: 0.044119
Epoch id: 10, Training steps: 100, Train Acc: 50.00%, Train Loss: 0.042003, Train Avg Loss: 0.029384, Time: 1:02:10
Epoch id: 10, Training steps: 200, Train Acc: 62.50%, Train Loss: 0.013148, Train Avg Loss: 0.018482, Time: 1:02:41
Epoch id: 10, Training steps: 300, Train Acc: 62.50%, Train Loss: 0.011445, Train Avg Loss: 0.017858, Time: 1:03:13
Epoch id: 10, Training steps: 400, Train Acc: 75.00%, Train Loss: 0.008025, Train Avg Loss: 0.017860, Time: 1:03:44
Epoch id: 10, Training steps: 500, Train Acc: 62.50%, Train Loss: 0.014981, Train Avg Loss: 0.017685, Time: 1:04:15
Epoch id: 10, Training steps: 600, Train Acc: 50.00%, Train Loss: 0.011433, Train Avg Loss: 0.018146, Time: 1:04:47
Epoch id: 10, Training steps: 700, Train Acc: 37.50%, Train Loss: 0.020162, Train Avg Loss: 0.019211, Time: 1:05:18
Epoch id: 10, Training steps: 800, Train Acc: 37.50%, Train Loss: 0.023739, Train Avg Loss: 0.018679, Time: 1:05:49
Epoch id: 10, Training steps: 900, Train Acc: 37.50%, Train Loss: 0.020441, Train Avg Loss: 0.017743, Time: 1:06:21
Epoch id: 10, Training steps: 1000, Train Acc: 37.50%, Train Loss: 0.027085, Train Avg Loss: 0.019714, Time: 1:06:52
Epoch id: 10, Training steps: 1100, Train Acc: 75.00%, Train Loss: 0.013976, Train Avg Loss: 0.018282, Time: 1:07:23
Start evaluation on dev dataset.
Acc. (Correct/Total): 43.62% micro-Prec: 0.7234 micro-Recall:0.5342 micro-F1: 0.6145 dev loss: 0.048527
Start evaluation on test dataset.
Acc. (Correct/Total): 48.04% micro-Prec: 0.7575 micro-Recall:0.5655 micro-F1: 0.6475 dev loss: 0.045248
Epoch id: 11, Training steps: 100, Train Acc: 87.50%, Train Loss: 0.006831, Train Avg Loss: 0.024406, Time: 1:09:04
Epoch id: 11, Training steps: 200, Train Acc: 50.00%, Train Loss: 0.011394, Train Avg Loss: 0.015981, Time: 1:09:35
Epoch id: 11, Training steps: 300, Train Acc: 62.50%, Train Loss: 0.024008, Train Avg Loss: 0.017162, Time: 1:10:07
Epoch id: 11, Training steps: 400, Train Acc: 62.50%, Train Loss: 0.014131, Train Avg Loss: 0.017913, Time: 1:10:38
Epoch id: 11, Training steps: 500, Train Acc: 50.00%, Train Loss: 0.026413, Train Avg Loss: 0.016776, Time: 1:11:10
Epoch id: 11, Training steps: 600, Train Acc: 62.50%, Train Loss: 0.023340, Train Avg Loss: 0.015513, Time: 1:11:41
Epoch id: 11, Training steps: 700, Train Acc: 87.50%, Train Loss: 0.006248, Train Avg Loss: 0.015967, Time: 1:12:12
Epoch id: 11, Training steps: 800, Train Acc: 75.00%, Train Loss: 0.010713, Train Avg Loss: 0.016161, Time: 1:12:44
Epoch id: 11, Training steps: 900, Train Acc: 87.50%, Train Loss: 0.003532, Train Avg Loss: 0.018656, Time: 1:13:15
Epoch id: 11, Training steps: 1000, Train Acc: 75.00%, Train Loss: 0.004370, Train Avg Loss: 0.016954, Time: 1:13:46
Epoch id: 11, Training steps: 1100, Train Acc: 75.00%, Train Loss: 0.023721, Train Avg Loss: 0.016391, Time: 1:14:18
Start evaluation on dev dataset.
Acc. (Correct/Total): 44.24% micro-Prec: 0.7080 micro-Recall:0.5494 micro-F1: 0.6187 dev loss: 0.049773
Start evaluation on test dataset.
Acc. (Correct/Total): 50.51% micro-Prec: 0.7458 micro-Recall:0.5930 micro-F1: 0.6607 dev loss: 0.045809
Epoch id: 12, Training steps: 100, Train Acc: 75.00%, Train Loss: 0.007904, Train Avg Loss: 0.019172, Time: 1:15:58
Epoch id: 12, Training steps: 200, Train Acc: 75.00%, Train Loss: 0.012530, Train Avg Loss: 0.016081, Time: 1:16:30
Epoch id: 12, Training steps: 300, Train Acc: 62.50%, Train Loss: 0.032366, Train Avg Loss: 0.016433, Time: 1:17:01
Epoch id: 12, Training steps: 400, Train Acc: 62.50%, Train Loss: 0.033499, Train Avg Loss: 0.016865, Time: 1:17:32
Epoch id: 12, Training steps: 500, Train Acc: 62.50%, Train Loss: 0.017272, Train Avg Loss: 0.016772, Time: 1:18:04
Epoch id: 12, Training steps: 600, Train Acc: 62.50%, Train Loss: 0.015226, Train Avg Loss: 0.014634, Time: 1:18:35
Epoch id: 12, Training steps: 700, Train Acc: 62.50%, Train Loss: 0.006929, Train Avg Loss: 0.014618, Time: 1:19:06
Epoch id: 12, Training steps: 800, Train Acc: 62.50%, Train Loss: 0.008303, Train Avg Loss: 0.015787, Time: 1:19:38
Epoch id: 12, Training steps: 900, Train Acc: 62.50%, Train Loss: 0.016072, Train Avg Loss: 0.016009, Time: 1:20:09
Epoch id: 12, Training steps: 1000, Train Acc: 75.00%, Train Loss: 0.002824, Train Avg Loss: 0.015553, Time: 1:20:40
Epoch id: 12, Training steps: 1100, Train Acc: 75.00%, Train Loss: 0.014958, Train Avg Loss: 0.013129, Time: 1:21:12
Start evaluation on dev dataset.
Acc. (Correct/Total): 45.30% micro-Prec: 0.7016 micro-Recall:0.5694 micro-F1: 0.6287 dev loss: 0.050295
Start evaluation on test dataset.
Acc. (Correct/Total): 51.62% micro-Prec: 0.7543 micro-Recall:0.6124 micro-F1: 0.6759 dev loss: 0.045077
Epoch id: 13, Training steps: 100, Train Acc: 75.00%, Train Loss: 0.014975, Train Avg Loss: 0.021692, Time: 1:22:52
Epoch id: 13, Training steps: 200, Train Acc: 75.00%, Train Loss: 0.021995, Train Avg Loss: 0.014543, Time: 1:23:24
Epoch id: 13, Training steps: 300, Train Acc: 75.00%, Train Loss: 0.027176, Train Avg Loss: 0.014222, Time: 1:23:55
Epoch id: 13, Training steps: 400, Train Acc: 75.00%, Train Loss: 0.015989, Train Avg Loss: 0.015124, Time: 1:24:26
Epoch id: 13, Training steps: 500, Train Acc: 87.50%, Train Loss: 0.011448, Train Avg Loss: 0.014560, Time: 1:24:58
Epoch id: 13, Training steps: 600, Train Acc: 25.00%, Train Loss: 0.036593, Train Avg Loss: 0.015081, Time: 1:25:29
Epoch id: 13, Training steps: 700, Train Acc: 87.50%, Train Loss: 0.010454, Train Avg Loss: 0.014287, Time: 1:26:00
Epoch id: 13, Training steps: 800, Train Acc: 75.00%, Train Loss: 0.016437, Train Avg Loss: 0.015057, Time: 1:26:32
Epoch id: 13, Training steps: 900, Train Acc: 87.50%, Train Loss: 0.003025, Train Avg Loss: 0.014210, Time: 1:27:03
Epoch id: 13, Training steps: 1000, Train Acc: 62.50%, Train Loss: 0.019168, Train Avg Loss: 0.010465, Time: 1:27:34
Epoch id: 13, Training steps: 1100, Train Acc: 50.00%, Train Loss: 0.034304, Train Avg Loss: 0.012875, Time: 1:28:05
Start evaluation on dev dataset.
Acc. (Correct/Total): 45.20% micro-Prec: 0.7121 micro-Recall:0.5620 micro-F1: 0.6282 dev loss: 0.050052
Epoch id: 14, Training steps: 100, Train Acc: 75.00%, Train Loss: 0.020081, Train Avg Loss: 0.017468, Time: 1:29:17
Epoch id: 14, Training steps: 200, Train Acc: 87.50%, Train Loss: 0.012733, Train Avg Loss: 0.015542, Time: 1:29:48
Epoch id: 14, Training steps: 300, Train Acc: 87.50%, Train Loss: 0.003185, Train Avg Loss: 0.010855, Time: 1:30:19
Epoch id: 14, Training steps: 400, Train Acc: 62.50%, Train Loss: 0.005566, Train Avg Loss: 0.012833, Time: 1:30:50
Epoch id: 14, Training steps: 500, Train Acc: 87.50%, Train Loss: 0.019203, Train Avg Loss: 0.012675, Time: 1:31:22
Epoch id: 14, Training steps: 600, Train Acc: 87.50%, Train Loss: 0.011674, Train Avg Loss: 0.012568, Time: 1:31:53
Epoch id: 14, Training steps: 700, Train Acc: 62.50%, Train Loss: 0.004092, Train Avg Loss: 0.013456, Time: 1:32:24
Epoch id: 14, Training steps: 800, Train Acc: 62.50%, Train Loss: 0.018479, Train Avg Loss: 0.013508, Time: 1:32:56
Epoch id: 14, Training steps: 900, Train Acc: 75.00%, Train Loss: 0.014961, Train Avg Loss: 0.012574, Time: 1:33:27
Epoch id: 14, Training steps: 1000, Train Acc: 62.50%, Train Loss: 0.024602, Train Avg Loss: 0.012133, Time: 1:33:58
Epoch id: 14, Training steps: 1100, Train Acc: 87.50%, Train Loss: 0.012299, Train Avg Loss: 0.014473, Time: 1:34:30
Start evaluation on dev dataset.
Acc. (Correct/Total): 46.31% micro-Prec: 0.7101 micro-Recall:0.5678 micro-F1: 0.6310 dev loss: 0.050440
Start evaluation on test dataset.
Acc. (Correct/Total): 52.73% micro-Prec: 0.7628 micro-Recall:0.6091 micro-F1: 0.6773 dev loss: 0.044700
Epoch id: 15, Training steps: 100, Train Acc: 50.00%, Train Loss: 0.009194, Train Avg Loss: 0.017818, Time: 1:36:10
Epoch id: 15, Training steps: 200, Train Acc: 75.00%, Train Loss: 0.027656, Train Avg Loss: 0.012221, Time: 1:36:41
Epoch id: 15, Training steps: 300, Train Acc: 62.50%, Train Loss: 0.011882, Train Avg Loss: 0.011902, Time: 1:37:13
Epoch id: 15, Training steps: 400, Train Acc: 87.50%, Train Loss: 0.011165, Train Avg Loss: 0.011509, Time: 1:37:44
Epoch id: 15, Training steps: 500, Train Acc: 87.50%, Train Loss: 0.006596, Train Avg Loss: 0.012628, Time: 1:38:15
Epoch id: 15, Training steps: 600, Train Acc: 75.00%, Train Loss: 0.005700, Train Avg Loss: 0.012896, Time: 1:38:47
Epoch id: 15, Training steps: 700, Train Acc: 100.00%, Train Loss: 0.001500, Train Avg Loss: 0.015606, Time: 1:39:18
Epoch id: 15, Training steps: 800, Train Acc: 75.00%, Train Loss: 0.007738, Train Avg Loss: 0.012948, Time: 1:39:49
Epoch id: 15, Training steps: 900, Train Acc: 87.50%, Train Loss: 0.016782, Train Avg Loss: 0.012207, Time: 1:40:21
Epoch id: 15, Training steps: 1000, Train Acc: 75.00%, Train Loss: 0.014271, Train Avg Loss: 0.012490, Time: 1:40:52
Epoch id: 15, Training steps: 1100, Train Acc: 62.50%, Train Loss: 0.028063, Train Avg Loss: 0.011003, Time: 1:41:23
Start evaluation on dev dataset.
Acc. (Correct/Total): 46.26% micro-Prec: 0.7055 micro-Recall:0.5779 micro-F1: 0.6353 dev loss: 0.051807
Epoch id: 16, Training steps: 100, Train Acc: 62.50%, Train Loss: 0.013965, Train Avg Loss: 0.018113, Time: 1:42:34
Epoch id: 16, Training steps: 200, Train Acc: 87.50%, Train Loss: 0.002644, Train Avg Loss: 0.009988, Time: 1:43:06
Epoch id: 16, Training steps: 300, Train Acc: 87.50%, Train Loss: 0.005537, Train Avg Loss: 0.012041, Time: 1:43:37
Epoch id: 16, Training steps: 400, Train Acc: 75.00%, Train Loss: 0.016998, Train Avg Loss: 0.013070, Time: 1:44:08
Epoch id: 16, Training steps: 500, Train Acc: 87.50%, Train Loss: 0.001876, Train Avg Loss: 0.013024, Time: 1:44:40
Epoch id: 16, Training steps: 600, Train Acc: 75.00%, Train Loss: 0.016028, Train Avg Loss: 0.010675, Time: 1:45:11
Epoch id: 16, Training steps: 700, Train Acc: 75.00%, Train Loss: 0.026675, Train Avg Loss: 0.009652, Time: 1:45:42
Epoch id: 16, Training steps: 800, Train Acc: 75.00%, Train Loss: 0.005303, Train Avg Loss: 0.010952, Time: 1:46:14
Epoch id: 16, Training steps: 900, Train Acc: 87.50%, Train Loss: 0.003904, Train Avg Loss: 0.010567, Time: 1:46:45
Epoch id: 16, Training steps: 1000, Train Acc: 87.50%, Train Loss: 0.006235, Train Avg Loss: 0.009560, Time: 1:47:16
Epoch id: 16, Training steps: 1100, Train Acc: 87.50%, Train Loss: 0.006599, Train Avg Loss: 0.013172, Time: 1:47:48
Start evaluation on dev dataset.
Acc. (Correct/Total): 46.45% micro-Prec: 0.7097 micro-Recall:0.5808 micro-F1: 0.6388 dev loss: 0.049447
Start evaluation on test dataset.
Acc. (Correct/Total): 51.81% micro-Prec: 0.7580 micro-Recall:0.6107 micro-F1: 0.6765 dev loss: 0.044024
Epoch id: 17, Training steps: 100, Train Acc: 87.50%, Train Loss: 0.010602, Train Avg Loss: 0.014704, Time: 1:49:28
Epoch id: 17, Training steps: 200, Train Acc: 75.00%, Train Loss: 0.020810, Train Avg Loss: 0.012286, Time: 1:50:00
Epoch id: 17, Training steps: 300, Train Acc: 87.50%, Train Loss: 0.011833, Train Avg Loss: 0.010252, Time: 1:50:31
Epoch id: 17, Training steps: 400, Train Acc: 75.00%, Train Loss: 0.013545, Train Avg Loss: 0.010094, Time: 1:51:03
Epoch id: 17, Training steps: 500, Train Acc: 75.00%, Train Loss: 0.016426, Train Avg Loss: 0.008858, Time: 1:51:34
Epoch id: 17, Training steps: 600, Train Acc: 87.50%, Train Loss: 0.011834, Train Avg Loss: 0.011608, Time: 1:52:05
Epoch id: 17, Training steps: 700, Train Acc: 87.50%, Train Loss: 0.004729, Train Avg Loss: 0.011125, Time: 1:52:37
Epoch id: 17, Training steps: 800, Train Acc: 62.50%, Train Loss: 0.024558, Train Avg Loss: 0.011518, Time: 1:53:08
Epoch id: 17, Training steps: 900, Train Acc: 100.00%, Train Loss: 0.001775, Train Avg Loss: 0.010971, Time: 1:53:39
Epoch id: 17, Training steps: 1000, Train Acc: 87.50%, Train Loss: 0.005614, Train Avg Loss: 0.012300, Time: 1:54:11
Epoch id: 17, Training steps: 1100, Train Acc: 62.50%, Train Loss: 0.037580, Train Avg Loss: 0.011399, Time: 1:54:42
Start evaluation on dev dataset.
Acc. (Correct/Total): 46.64% micro-Prec: 0.7140 micro-Recall:0.5915 micro-F1: 0.6470 dev loss: 0.049625
Start evaluation on test dataset.
Acc. (Correct/Total): 52.10% micro-Prec: 0.7507 micro-Recall:0.6220 micro-F1: 0.6803 dev loss: 0.045479
Epoch id: 18, Training steps: 100, Train Acc: 62.50%, Train Loss: 0.018886, Train Avg Loss: 0.015973, Time: 1:56:22
Epoch id: 18, Training steps: 200, Train Acc: 75.00%, Train Loss: 0.021603, Train Avg Loss: 0.011143, Time: 1:56:54
Epoch id: 18, Training steps: 300, Train Acc: 87.50%, Train Loss: 0.001326, Train Avg Loss: 0.009492, Time: 1:57:25
Epoch id: 18, Training steps: 400, Train Acc: 100.00%, Train Loss: 0.001246, Train Avg Loss: 0.009710, Time: 1:57:56
Epoch id: 18, Training steps: 500, Train Acc: 75.00%, Train Loss: 0.013568, Train Avg Loss: 0.009734, Time: 1:58:28
Epoch id: 18, Training steps: 600, Train Acc: 87.50%, Train Loss: 0.002160, Train Avg Loss: 0.011528, Time: 1:58:59
Epoch id: 18, Training steps: 700, Train Acc: 62.50%, Train Loss: 0.006057, Train Avg Loss: 0.010946, Time: 1:59:30
Epoch id: 18, Training steps: 800, Train Acc: 100.00%, Train Loss: 0.001621, Train Avg Loss: 0.009631, Time: 2:00:02
Epoch id: 18, Training steps: 900, Train Acc: 50.00%, Train Loss: 0.015805, Train Avg Loss: 0.011944, Time: 2:00:33
Epoch id: 18, Training steps: 1000, Train Acc: 87.50%, Train Loss: 0.015070, Train Avg Loss: 0.008665, Time: 2:01:05
Epoch id: 18, Training steps: 1100, Train Acc: 62.50%, Train Loss: 0.013200, Train Avg Loss: 0.010780, Time: 2:01:36
Start evaluation on dev dataset.
Acc. (Correct/Total): 45.78% micro-Prec: 0.7000 micro-Recall:0.5711 micro-F1: 0.6290 dev loss: 0.050681
Epoch id: 19, Training steps: 100, Train Acc: 87.50%, Train Loss: 0.011078, Train Avg Loss: 0.014368, Time: 2:02:47
Epoch id: 19, Training steps: 200, Train Acc: 100.00%, Train Loss: 0.000324, Train Avg Loss: 0.009241, Time: 2:03:19
Epoch id: 19, Training steps: 300, Train Acc: 75.00%, Train Loss: 0.015712, Train Avg Loss: 0.011585, Time: 2:03:50
Epoch id: 19, Training steps: 400, Train Acc: 100.00%, Train Loss: 0.000620, Train Avg Loss: 0.009747, Time: 2:04:21
Epoch id: 19, Training steps: 500, Train Acc: 87.50%, Train Loss: 0.004412, Train Avg Loss: 0.010118, Time: 2:04:53
Epoch id: 19, Training steps: 600, Train Acc: 62.50%, Train Loss: 0.029626, Train Avg Loss: 0.010145, Time: 2:05:24
Epoch id: 19, Training steps: 700, Train Acc: 100.00%, Train Loss: 0.000441, Train Avg Loss: 0.009352, Time: 2:05:55
Epoch id: 19, Training steps: 800, Train Acc: 87.50%, Train Loss: 0.006564, Train Avg Loss: 0.009596, Time: 2:06:26
Epoch id: 19, Training steps: 900, Train Acc: 87.50%, Train Loss: 0.009348, Train Avg Loss: 0.011139, Time: 2:06:58
Epoch id: 19, Training steps: 1000, Train Acc: 87.50%, Train Loss: 0.002325, Train Avg Loss: 0.010015, Time: 2:07:29
Epoch id: 19, Training steps: 1100, Train Acc: 100.00%, Train Loss: 0.000799, Train Avg Loss: 0.010949, Time: 2:08:00
Start evaluation on dev dataset.
Acc. (Correct/Total): 47.22% micro-Prec: 0.7285 micro-Recall:0.5775 micro-F1: 0.6443 dev loss: 0.049870
Start evaluation on test dataset.
Acc. (Correct/Total): 52.98% micro-Prec: 0.7682 micro-Recall:0.6204 micro-F1: 0.6865 dev loss: 0.043745
Epoch id: 20, Training steps: 100, Train Acc: 75.00%, Train Loss: 0.004110, Train Avg Loss: 0.013706, Time: 2:09:41
Epoch id: 20, Training steps: 200, Train Acc: 62.50%, Train Loss: 0.025857, Train Avg Loss: 0.010112, Time: 2:10:12
Epoch id: 20, Training steps: 300, Train Acc: 62.50%, Train Loss: 0.030453, Train Avg Loss: 0.010702, Time: 2:10:44
Epoch id: 20, Training steps: 400, Train Acc: 75.00%, Train Loss: 0.003138, Train Avg Loss: 0.010394, Time: 2:11:15
Epoch id: 20, Training steps: 500, Train Acc: 75.00%, Train Loss: 0.010909, Train Avg Loss: 0.009690, Time: 2:11:46
Epoch id: 20, Training steps: 600, Train Acc: 75.00%, Train Loss: 0.028645, Train Avg Loss: 0.009159, Time: 2:12:18
Epoch id: 20, Training steps: 700, Train Acc: 75.00%, Train Loss: 0.023895, Train Avg Loss: 0.010763, Time: 2:12:49
Epoch id: 20, Training steps: 800, Train Acc: 62.50%, Train Loss: 0.006377, Train Avg Loss: 0.011416, Time: 2:13:20
Epoch id: 20, Training steps: 900, Train Acc: 75.00%, Train Loss: 0.029233, Train Avg Loss: 0.009421, Time: 2:13:52
Epoch id: 20, Training steps: 1000, Train Acc: 75.00%, Train Loss: 0.002371, Train Avg Loss: 0.009931, Time: 2:14:23
Epoch id: 20, Training steps: 1100, Train Acc: 87.50%, Train Loss: 0.002036, Train Avg Loss: 0.009631, Time: 2:14:54
Start evaluation on dev dataset.
Acc. (Correct/Total): 46.64% micro-Prec: 0.7033 micro-Recall:0.5808 micro-F1: 0.6362 dev loss: 0.051571
Epoch id: 21, Training steps: 100, Train Acc: 87.50%, Train Loss: 0.010114, Train Avg Loss: 0.011802, Time: 2:16:06
Epoch id: 21, Training steps: 200, Train Acc: 62.50%, Train Loss: 0.024181, Train Avg Loss: 0.010689, Time: 2:16:37
Epoch id: 21, Training steps: 300, Train Acc: 87.50%, Train Loss: 0.001910, Train Avg Loss: 0.008405, Time: 2:17:09
Epoch id: 21, Training steps: 400, Train Acc: 100.00%, Train Loss: 0.001854, Train Avg Loss: 0.008634, Time: 2:17:40
Epoch id: 21, Training steps: 500, Train Acc: 100.00%, Train Loss: 0.001123, Train Avg Loss: 0.010595, Time: 2:18:11
Epoch id: 21, Training steps: 600, Train Acc: 75.00%, Train Loss: 0.017275, Train Avg Loss: 0.010179, Time: 2:18:43
Epoch id: 21, Training steps: 700, Train Acc: 100.00%, Train Loss: 0.001064, Train Avg Loss: 0.010644, Time: 2:19:14
Epoch id: 21, Training steps: 800, Train Acc: 87.50%, Train Loss: 0.014906, Train Avg Loss: 0.009224, Time: 2:19:46
Epoch id: 21, Training steps: 900, Train Acc: 75.00%, Train Loss: 0.027485, Train Avg Loss: 0.010608, Time: 2:20:17
Epoch id: 21, Training steps: 1000, Train Acc: 87.50%, Train Loss: 0.009817, Train Avg Loss: 0.010700, Time: 2:20:48
Epoch id: 21, Training steps: 1100, Train Acc: 62.50%, Train Loss: 0.013265, Train Avg Loss: 0.011284, Time: 2:21:20
Start evaluation on dev dataset.
Acc. (Correct/Total): 46.98% micro-Prec: 0.7010 micro-Recall:0.5905 micro-F1: 0.6410 dev loss: 0.053166
Epoch id: 22, Training steps: 100, Train Acc: 75.00%, Train Loss: 0.023789, Train Avg Loss: 0.013883, Time: 2:22:31
Epoch id: 22, Training steps: 200, Train Acc: 100.00%, Train Loss: 0.001123, Train Avg Loss: 0.009181, Time: 2:23:02
Epoch id: 22, Training steps: 300, Train Acc: 75.00%, Train Loss: 0.003601, Train Avg Loss: 0.009784, Time: 2:23:34
Epoch id: 22, Training steps: 400, Train Acc: 100.00%, Train Loss: 0.000509, Train Avg Loss: 0.010434, Time: 2:24:05
Epoch id: 22, Training steps: 500, Train Acc: 62.50%, Train Loss: 0.021407, Train Avg Loss: 0.009405, Time: 2:24:36
Epoch id: 22, Training steps: 600, Train Acc: 62.50%, Train Loss: 0.009769, Train Avg Loss: 0.009167, Time: 2:25:08
Epoch id: 22, Training steps: 700, Train Acc: 100.00%, Train Loss: 0.000585, Train Avg Loss: 0.009050, Time: 2:25:39
Epoch id: 22, Training steps: 800, Train Acc: 87.50%, Train Loss: 0.012174, Train Avg Loss: 0.008792, Time: 2:26:10
Epoch id: 22, Training steps: 900, Train Acc: 75.00%, Train Loss: 0.001448, Train Avg Loss: 0.009242, Time: 2:26:42
Epoch id: 22, Training steps: 1000, Train Acc: 87.50%, Train Loss: 0.019155, Train Avg Loss: 0.008730, Time: 2:27:13
Epoch id: 22, Training steps: 1100, Train Acc: 100.00%, Train Loss: 0.000336, Train Avg Loss: 0.009317, Time: 2:27:44
Start evaluation on dev dataset.
Acc. (Correct/Total): 47.36% micro-Prec: 0.7083 micro-Recall:0.5840 micro-F1: 0.6402 dev loss: 0.052750
Start evaluation on test dataset.
Acc. (Correct/Total): 51.72% micro-Prec: 0.7460 micro-Recall:0.6191 micro-F1: 0.6767 dev loss: 0.046602
Epoch id: 23, Training steps: 100, Train Acc: 87.50%, Train Loss: 0.002506, Train Avg Loss: 0.012965, Time: 2:29:25
Epoch id: 23, Training steps: 200, Train Acc: 75.00%, Train Loss: 0.019899, Train Avg Loss: 0.008921, Time: 2:29:56
Epoch id: 23, Training steps: 300, Train Acc: 100.00%, Train Loss: 0.001849, Train Avg Loss: 0.009346, Time: 2:30:28
Epoch id: 23, Training steps: 400, Train Acc: 87.50%, Train Loss: 0.014784, Train Avg Loss: 0.011719, Time: 2:30:59
Epoch id: 23, Training steps: 500, Train Acc: 87.50%, Train Loss: 0.013188, Train Avg Loss: 0.009358, Time: 2:31:30
Epoch id: 23, Training steps: 600, Train Acc: 87.50%, Train Loss: 0.004459, Train Avg Loss: 0.010850, Time: 2:32:02
Epoch id: 23, Training steps: 700, Train Acc: 87.50%, Train Loss: 0.011429, Train Avg Loss: 0.008589, Time: 2:32:33
Epoch id: 23, Training steps: 800, Train Acc: 75.00%, Train Loss: 0.015582, Train Avg Loss: 0.009852, Time: 2:33:04
Epoch id: 23, Training steps: 900, Train Acc: 87.50%, Train Loss: 0.001687, Train Avg Loss: 0.010102, Time: 2:33:36
Epoch id: 23, Training steps: 1000, Train Acc: 100.00%, Train Loss: 0.000489, Train Avg Loss: 0.008827, Time: 2:34:07
Epoch id: 23, Training steps: 1100, Train Acc: 75.00%, Train Loss: 0.002966, Train Avg Loss: 0.009940, Time: 2:34:38
Start evaluation on dev dataset.
Acc. (Correct/Total): 46.98% micro-Prec: 0.7065 micro-Recall:0.5892 micro-F1: 0.6425 dev loss: 0.053013
Epoch id: 24, Training steps: 100, Train Acc: 75.00%, Train Loss: 0.026775, Train Avg Loss: 0.011976, Time: 2:35:49
Epoch id: 24, Training steps: 200, Train Acc: 75.00%, Train Loss: 0.035018, Train Avg Loss: 0.009362, Time: 2:36:21
Epoch id: 24, Training steps: 300, Train Acc: 100.00%, Train Loss: 0.000465, Train Avg Loss: 0.010733, Time: 2:36:52
Epoch id: 24, Training steps: 400, Train Acc: 87.50%, Train Loss: 0.011980, Train Avg Loss: 0.010751, Time: 2:37:23
Epoch id: 24, Training steps: 500, Train Acc: 87.50%, Train Loss: 0.000812, Train Avg Loss: 0.009165, Time: 2:37:54
Epoch id: 24, Training steps: 600, Train Acc: 87.50%, Train Loss: 0.011445, Train Avg Loss: 0.009207, Time: 2:38:26
Epoch id: 24, Training steps: 700, Train Acc: 87.50%, Train Loss: 0.002735, Train Avg Loss: 0.007945, Time: 2:38:57
Epoch id: 24, Training steps: 800, Train Acc: 87.50%, Train Loss: 0.017982, Train Avg Loss: 0.008669, Time: 2:39:28
Epoch id: 24, Training steps: 900, Train Acc: 75.00%, Train Loss: 0.018477, Train Avg Loss: 0.009912, Time: 2:40:00
Epoch id: 24, Training steps: 1000, Train Acc: 100.00%, Train Loss: 0.000840, Train Avg Loss: 0.011527, Time: 2:40:31
Epoch id: 24, Training steps: 1100, Train Acc: 87.50%, Train Loss: 0.015485, Train Avg Loss: 0.012373, Time: 2:41:02
Start evaluation on dev dataset.
Acc. (Correct/Total): 47.55% micro-Prec: 0.7114 micro-Recall:0.5915 micro-F1: 0.6459 dev loss: 0.052790
Start evaluation on test dataset.
Acc. (Correct/Total): 52.78% micro-Prec: 0.7541 micro-Recall:0.6237 micro-F1: 0.6827 dev loss: 0.046969
Epoch id: 25, Training steps: 100, Train Acc: 87.50%, Train Loss: 0.017173, Train Avg Loss: 0.016264, Time: 2:42:42
Epoch id: 25, Training steps: 200, Train Acc: 75.00%, Train Loss: 0.022382, Train Avg Loss: 0.010747, Time: 2:43:14
Epoch id: 25, Training steps: 300, Train Acc: 100.00%, Train Loss: 0.000513, Train Avg Loss: 0.010175, Time: 2:43:45
Epoch id: 25, Training steps: 400, Train Acc: 87.50%, Train Loss: 0.008924, Train Avg Loss: 0.009462, Time: 2:44:16
Epoch id: 25, Training steps: 500, Train Acc: 87.50%, Train Loss: 0.017241, Train Avg Loss: 0.012007, Time: 2:44:48
Epoch id: 25, Training steps: 600, Train Acc: 87.50%, Train Loss: 0.014103, Train Avg Loss: 0.011578, Time: 2:45:19
Epoch id: 25, Training steps: 700, Train Acc: 100.00%, Train Loss: 0.000369, Train Avg Loss: 0.012026, Time: 2:45:50
Epoch id: 25, Training steps: 800, Train Acc: 100.00%, Train Loss: 0.000184, Train Avg Loss: 0.009220, Time: 2:46:22
Epoch id: 25, Training steps: 900, Train Acc: 100.00%, Train Loss: 0.000347, Train Avg Loss: 0.009654, Time: 2:46:53
Epoch id: 25, Training steps: 1000, Train Acc: 87.50%, Train Loss: 0.006367, Train Avg Loss: 0.008147, Time: 2:47:24
Epoch id: 25, Training steps: 1100, Train Acc: 62.50%, Train Loss: 0.015143, Train Avg Loss: 0.007928, Time: 2:47:55
Start evaluation on dev dataset.
Acc. (Correct/Total): 47.36% micro-Prec: 0.7083 micro-Recall:0.6005 micro-F1: 0.6500 dev loss: 0.054000
Epoch id: 26, Training steps: 100, Train Acc: 87.50%, Train Loss: 0.013291, Train Avg Loss: 0.012512, Time: 2:49:07
Epoch id: 26, Training steps: 200, Train Acc: 100.00%, Train Loss: 0.001246, Train Avg Loss: 0.008893, Time: 2:49:38
Epoch id: 26, Training steps: 300, Train Acc: 75.00%, Train Loss: 0.018529, Train Avg Loss: 0.009129, Time: 2:50:09
Epoch id: 26, Training steps: 400, Train Acc: 100.00%, Train Loss: 0.000643, Train Avg Loss: 0.010548, Time: 2:50:41
Epoch id: 26, Training steps: 500, Train Acc: 87.50%, Train Loss: 0.011872, Train Avg Loss: 0.008949, Time: 2:51:12
Epoch id: 26, Training steps: 600, Train Acc: 87.50%, Train Loss: 0.001455, Train Avg Loss: 0.009705, Time: 2:51:43
Epoch id: 26, Training steps: 700, Train Acc: 87.50%, Train Loss: 0.010788, Train Avg Loss: 0.009243, Time: 2:52:15
Epoch id: 26, Training steps: 800, Train Acc: 100.00%, Train Loss: 0.000667, Train Avg Loss: 0.009495, Time: 2:52:46
Epoch id: 26, Training steps: 900, Train Acc: 100.00%, Train Loss: 0.000593, Train Avg Loss: 0.008717, Time: 2:53:17
Epoch id: 26, Training steps: 1000, Train Acc: 100.00%, Train Loss: 0.000843, Train Avg Loss: 0.007968, Time: 2:53:49
Epoch id: 26, Training steps: 1100, Train Acc: 87.50%, Train Loss: 0.007725, Train Avg Loss: 0.010598, Time: 2:54:20
Start evaluation on dev dataset.
Acc. (Correct/Total): 48.08% micro-Prec: 0.7168 micro-Recall:0.6015 micro-F1: 0.6541 dev loss: 0.053622
Start evaluation on test dataset.
Acc. (Correct/Total): 53.65% micro-Prec: 0.7560 micro-Recall:0.6340 micro-F1: 0.6896 dev loss: 0.046877
Epoch id: 27, Training steps: 100, Train Acc: 100.00%, Train Loss: 0.000118, Train Avg Loss: 0.010851, Time: 2:56:00
Epoch id: 27, Training steps: 200, Train Acc: 87.50%, Train Loss: 0.009522, Train Avg Loss: 0.010517, Time: 2:56:32
Epoch id: 27, Training steps: 300, Train Acc: 100.00%, Train Loss: 0.000139, Train Avg Loss: 0.010996, Time: 2:57:03
Epoch id: 27, Training steps: 400, Train Acc: 87.50%, Train Loss: 0.012864, Train Avg Loss: 0.009708, Time: 2:57:34
Epoch id: 27, Training steps: 500, Train Acc: 100.00%, Train Loss: 0.000432, Train Avg Loss: 0.009939, Time: 2:58:06
Epoch id: 27, Training steps: 600, Train Acc: 87.50%, Train Loss: 0.013375, Train Avg Loss: 0.008595, Time: 2:58:37
Epoch id: 27, Training steps: 700, Train Acc: 87.50%, Train Loss: 0.001780, Train Avg Loss: 0.009567, Time: 2:59:08
Epoch id: 27, Training steps: 800, Train Acc: 100.00%, Train Loss: 0.000624, Train Avg Loss: 0.008962, Time: 2:59:39
Epoch id: 27, Training steps: 900, Train Acc: 100.00%, Train Loss: 0.000495, Train Avg Loss: 0.007632, Time: 3:00:11
Epoch id: 27, Training steps: 1000, Train Acc: 100.00%, Train Loss: 0.000929, Train Avg Loss: 0.008121, Time: 3:00:42
Epoch id: 27, Training steps: 1100, Train Acc: 75.00%, Train Loss: 0.019177, Train Avg Loss: 0.009581, Time: 3:01:13
Start evaluation on dev dataset.
Acc. (Correct/Total): 47.55% micro-Prec: 0.7111 micro-Recall:0.5921 micro-F1: 0.6462 dev loss: 0.054378
Epoch id: 28, Training steps: 100, Train Acc: 75.00%, Train Loss: 0.027034, Train Avg Loss: 0.014417, Time: 3:02:24
Epoch id: 28, Training steps: 200, Train Acc: 100.00%, Train Loss: 0.000355, Train Avg Loss: 0.009958, Time: 3:02:55
Epoch id: 28, Training steps: 300, Train Acc: 75.00%, Train Loss: 0.023636, Train Avg Loss: 0.010383, Time: 3:03:27
Epoch id: 28, Training steps: 400, Train Acc: 87.50%, Train Loss: 0.009356, Train Avg Loss: 0.010608, Time: 3:03:58
Epoch id: 28, Training steps: 500, Train Acc: 87.50%, Train Loss: 0.001012, Train Avg Loss: 0.009003, Time: 3:04:29
Epoch id: 28, Training steps: 600, Train Acc: 75.00%, Train Loss: 0.026891, Train Avg Loss: 0.008969, Time: 3:05:00
Epoch id: 28, Training steps: 700, Train Acc: 100.00%, Train Loss: 0.000354, Train Avg Loss: 0.010833, Time: 3:05:32
Epoch id: 28, Training steps: 800, Train Acc: 87.50%, Train Loss: 0.013882, Train Avg Loss: 0.008029, Time: 3:06:03
Epoch id: 28, Training steps: 900, Train Acc: 100.00%, Train Loss: 0.000453, Train Avg Loss: 0.008444, Time: 3:06:34
Epoch id: 28, Training steps: 1000, Train Acc: 87.50%, Train Loss: 0.009284, Train Avg Loss: 0.007849, Time: 3:07:06
Epoch id: 28, Training steps: 1100, Train Acc: 100.00%, Train Loss: 0.000713, Train Avg Loss: 0.009071, Time: 3:07:37
Start evaluation on dev dataset.
Acc. (Correct/Total): 47.17% micro-Prec: 0.7059 micro-Recall:0.5960 micro-F1: 0.6463 dev loss: 0.054756
Epoch id: 29, Training steps: 100, Train Acc: 100.00%, Train Loss: 0.000189, Train Avg Loss: 0.011079, Time: 3:08:48
Epoch id: 29, Training steps: 200, Train Acc: 100.00%, Train Loss: 0.000342, Train Avg Loss: 0.008341, Time: 3:09:19
Epoch id: 29, Training steps: 300, Train Acc: 100.00%, Train Loss: 0.000340, Train Avg Loss: 0.009229, Time: 3:09:51
Epoch id: 29, Training steps: 400, Train Acc: 87.50%, Train Loss: 0.010068, Train Avg Loss: 0.010070, Time: 3:10:22
Epoch id: 29, Training steps: 500, Train Acc: 100.00%, Train Loss: 0.000659, Train Avg Loss: 0.011436, Time: 3:10:53
Epoch id: 29, Training steps: 600, Train Acc: 75.00%, Train Loss: 0.021311, Train Avg Loss: 0.010143, Time: 3:11:24
Epoch id: 29, Training steps: 700, Train Acc: 75.00%, Train Loss: 0.023523, Train Avg Loss: 0.008736, Time: 3:11:56
Epoch id: 29, Training steps: 800, Train Acc: 100.00%, Train Loss: 0.000864, Train Avg Loss: 0.007340, Time: 3:12:27
Epoch id: 29, Training steps: 900, Train Acc: 100.00%, Train Loss: 0.000287, Train Avg Loss: 0.008930, Time: 3:12:58
Epoch id: 29, Training steps: 1000, Train Acc: 100.00%, Train Loss: 0.000513, Train Avg Loss: 0.009704, Time: 3:13:30
Epoch id: 29, Training steps: 1100, Train Acc: 100.00%, Train Loss: 0.000754, Train Avg Loss: 0.009124, Time: 3:14:01
Start evaluation on dev dataset.
Acc. (Correct/Total): 47.94% micro-Prec: 0.7080 micro-Recall:0.6005 micro-F1: 0.6499 dev loss: 0.054629
Epoch id: 30, Training steps: 100, Train Acc: 87.50%, Train Loss: 0.008127, Train Avg Loss: 0.011693, Time: 3:15:12
Epoch id: 30, Training steps: 200, Train Acc: 75.00%, Train Loss: 0.019882, Train Avg Loss: 0.009850, Time: 3:15:43
Epoch id: 30, Training steps: 300, Train Acc: 100.00%, Train Loss: 0.000825, Train Avg Loss: 0.008767, Time: 3:16:14
Epoch id: 30, Training steps: 400, Train Acc: 87.50%, Train Loss: 0.012642, Train Avg Loss: 0.008923, Time: 3:16:46
Epoch id: 30, Training steps: 500, Train Acc: 87.50%, Train Loss: 0.013921, Train Avg Loss: 0.009739, Time: 3:17:17
Epoch id: 30, Training steps: 600, Train Acc: 87.50%, Train Loss: 0.011799, Train Avg Loss: 0.009342, Time: 3:17:48
Epoch id: 30, Training steps: 700, Train Acc: 87.50%, Train Loss: 0.011458, Train Avg Loss: 0.009328, Time: 3:18:20
Epoch id: 30, Training steps: 800, Train Acc: 100.00%, Train Loss: 0.000326, Train Avg Loss: 0.010249, Time: 3:18:51
Epoch id: 30, Training steps: 900, Train Acc: 100.00%, Train Loss: 0.000238, Train Avg Loss: 0.008765, Time: 3:19:22
Epoch id: 30, Training steps: 1000, Train Acc: 100.00%, Train Loss: 0.000182, Train Avg Loss: 0.008178, Time: 3:19:53
Epoch id: 30, Training steps: 1100, Train Acc: 75.00%, Train Loss: 0.023392, Train Avg Loss: 0.009339, Time: 3:20:25
Start evaluation on dev dataset.
Acc. (Correct/Total): 47.65% micro-Prec: 0.7124 micro-Recall:0.5973 micro-F1: 0.6498 dev loss: 0.054812
Epoch id: 31, Training steps: 100, Train Acc: 75.00%, Train Loss: 0.032844, Train Avg Loss: 0.010690, Time: 3:21:36
Epoch id: 31, Training steps: 200, Train Acc: 87.50%, Train Loss: 0.015272, Train Avg Loss: 0.009830, Time: 3:22:07
Epoch id: 31, Training steps: 300, Train Acc: 62.50%, Train Loss: 0.030113, Train Avg Loss: 0.009274, Time: 3:22:38
Epoch id: 31, Training steps: 400, Train Acc: 87.50%, Train Loss: 0.019696, Train Avg Loss: 0.008525, Time: 3:23:10
Epoch id: 31, Training steps: 500, Train Acc: 87.50%, Train Loss: 0.015470, Train Avg Loss: 0.009086, Time: 3:23:41
Epoch id: 31, Training steps: 600, Train Acc: 75.00%, Train Loss: 0.021165, Train Avg Loss: 0.009622, Time: 3:24:12
Epoch id: 31, Training steps: 700, Train Acc: 100.00%, Train Loss: 0.000634, Train Avg Loss: 0.008919, Time: 3:24:43
Epoch id: 31, Training steps: 800, Train Acc: 100.00%, Train Loss: 0.000574, Train Avg Loss: 0.011346, Time: 3:25:15
Epoch id: 31, Training steps: 900, Train Acc: 100.00%, Train Loss: 0.000223, Train Avg Loss: 0.008344, Time: 3:25:46
Epoch id: 31, Training steps: 1000, Train Acc: 75.00%, Train Loss: 0.027120, Train Avg Loss: 0.007980, Time: 3:26:17
Epoch id: 31, Training steps: 1100, Train Acc: 100.00%, Train Loss: 0.000520, Train Avg Loss: 0.008397, Time: 3:26:48
Start evaluation on dev dataset.
Acc. (Correct/Total): 47.55% micro-Prec: 0.7116 micro-Recall:0.5983 micro-F1: 0.6500 dev loss: 0.055159
Epoch id: 32, Training steps: 100, Train Acc: 87.50%, Train Loss: 0.011016, Train Avg Loss: 0.013476, Time: 3:27:59
Epoch id: 32, Training steps: 200, Train Acc: 87.50%, Train Loss: 0.016297, Train Avg Loss: 0.010361, Time: 3:28:31
Epoch id: 32, Training steps: 300, Train Acc: 75.00%, Train Loss: 0.029559, Train Avg Loss: 0.008887, Time: 3:29:02
Epoch id: 32, Training steps: 400, Train Acc: 100.00%, Train Loss: 0.000711, Train Avg Loss: 0.009428, Time: 3:29:33
Epoch id: 32, Training steps: 500, Train Acc: 87.50%, Train Loss: 0.014805, Train Avg Loss: 0.009960, Time: 3:30:04
Epoch id: 32, Training steps: 600, Train Acc: 100.00%, Train Loss: 0.000341, Train Avg Loss: 0.008593, Time: 3:30:36
Epoch id: 32, Training steps: 700, Train Acc: 87.50%, Train Loss: 0.014024, Train Avg Loss: 0.009409, Time: 3:31:07
Epoch id: 32, Training steps: 800, Train Acc: 87.50%, Train Loss: 0.017081, Train Avg Loss: 0.007959, Time: 3:31:38
Epoch id: 32, Training steps: 900, Train Acc: 75.00%, Train Loss: 0.040380, Train Avg Loss: 0.008204, Time: 3:32:09
Epoch id: 32, Training steps: 1000, Train Acc: 87.50%, Train Loss: 0.011756, Train Avg Loss: 0.009937, Time: 3:32:41
Epoch id: 32, Training steps: 1100, Train Acc: 75.00%, Train Loss: 0.027464, Train Avg Loss: 0.008346, Time: 3:33:12
Start evaluation on dev dataset.
Acc. (Correct/Total): 47.65% micro-Prec: 0.7096 micro-Recall:0.5995 micro-F1: 0.6499 dev loss: 0.055130
Final evaluation on the test dataset.
The number of evaluation instances:  2067
Acc. (Correct/Total): 53.65% micro-Prec: 0.7560 micro-Recall:0.6340 micro-F1: 0.6896 dev loss: 0.046877
              precision    recall  f1-score   support

         教育学     0.8629    0.8880    0.8753       241
          法学     0.7842    0.8438    0.8129       224
      中国语言文学     0.7467    0.6054    0.6687       185
         政治学     0.7381    0.5706    0.6436       163
         社会学     0.7584    0.7197    0.7386       157
         心理学     0.7143    0.4065    0.5181       123
       应用经济学     0.7403    0.4872    0.5876       117
         历史学     0.7761    0.4771    0.5909       109
     环境科学与工程     0.8721    0.6944    0.7732       108
          哲学     0.7051    0.5670    0.6286        97
      外国语言文学     0.6721    0.4824    0.5616        85
         生物学     0.7439    0.7722    0.7578        79
      交通运输工程     0.8837    0.9744    0.9268        78
        临床医学     0.7812    0.6579    0.7143        76
    计算机科学与技术     0.6515    0.6056    0.6277        71
        土木工程     0.8873    0.9545    0.9197        66
   航空宇航科学与技术     0.9286    0.8525    0.8889        61
         民族学     0.6250    0.2727    0.3797        55
   公共卫生与预防医学     0.5082    0.6078    0.5536        51
         美术学     0.8421    0.9600    0.8972        50
         艺术学     0.7812    0.5814    0.6667        43
         地理学     0.6538    0.4048    0.5000        42
         体育学     1.0000    0.4750    0.6441        40
       理论经济学     0.6667    0.4737    0.5538        38
         中医学     0.7838    0.7838    0.7838        37
         物理学     0.8333    0.8333    0.8333        36
          林学     0.7826    0.5455    0.6429        33
          数学     0.5294    0.2812    0.3673        32
     电子科学与技术     0.5405    0.6452    0.5882        31
        基础医学     0.3478    0.2759    0.3077        29
        工商管理     0.8462    0.4074    0.5500        27
       新闻传播学     0.7059    0.5455    0.6154        22
         天文学     0.6957    0.7273    0.7111        22
         地质学     0.8333    0.7143    0.7692        21
         畜牧学     0.8500    0.8095    0.8293        21
   军事思想及军事历史     0.5000    0.1500    0.2308        20
     管理科学与工程     0.5217    0.6667    0.5854        18
     测绘科学与技术     0.7059    0.7059    0.7059        17
        水利工程     1.0000    0.4375    0.6087        16
        大气科学     0.6000    0.5625    0.5806        16
     兵器科学与技术     0.5789    0.7333    0.6471        15
       地球物理学     0.3333    0.0714    0.1176        14
        电气工程     1.0000    0.5385    0.7000        13
         作物学     0.7143    0.3846    0.5000        13
     控制科学与工程     0.4545    0.3846    0.4167        13
     信息与通信工程     0.6923    0.6923    0.6923        13
        公共管理     0.0769    0.0769    0.0769        13
         建筑学     1.0000    0.2308    0.3750        13
     化学工程与技术     0.8750    0.5833    0.7000        12
          力学     1.0000    0.3636    0.5333        11
        海洋科学     0.9000    0.8182    0.8571        11
     轻工技术与工程     0.7143    0.4545    0.5556        11
        农业工程     1.0000    0.4000    0.5714        10
         园艺学     0.7778    0.7000    0.7368        10
       中西医结合     1.0000    0.5000    0.6667        10
        机械工程     1.0000    0.6667    0.8000         9
       科学技术史     0.6667    0.5000    0.5714         8
     船舶与海洋工程     0.8333    0.6250    0.7143         8
   图书情报与档案管理     0.6250    0.6250    0.6250         8
        植物保护     0.7500    0.7500    0.7500         8
     材料科学与工程     0.8571    0.7500    0.8000         8
         统计学     0.5833    0.8750    0.7000         8
          化学     1.0000    0.3750    0.5455         8
     食品科学与工程     0.5000    0.3750    0.4286         8
          水产     1.0000    0.7143    0.8333         7
          药学     1.0000    0.7143    0.8333         7
     农业资源与环境     1.0000    0.2857    0.4444         7
         世界史     0.5714    0.5714    0.5714         7
        系统科学     1.0000    0.5714    0.7273         7
      农林经济管理     0.5000    0.8000    0.6154         5
       军队指挥学     1.0000    0.4000    0.5714         5
        矿业工程     0.0000    0.0000    0.0000         5
     纺织科学与工程     0.8333    1.0000    0.9091         5
  动力工程及工程热物理     0.0000    0.0000    0.0000         4
        林业工程     0.3333    0.2500    0.2857         4
     仪器科学与技术     0.0000    0.0000    0.0000         3
         战略学     1.0000    0.3333    0.5000         3
   地质资源与地质工程     0.2500    0.6667    0.3636         3
        旅游管理     1.0000    0.3333    0.5000         3
 图书馆、情报与档案管理     0.0000    0.0000    0.0000         2
        冶金工程     0.0000    0.0000    0.0000         2
      核科学与技术     0.0000    0.0000    0.0000         2

   micro avg     0.7560    0.6340    0.6896      3093
   macro avg     0.6929    0.5310    0.5777      3093
weighted avg     0.7535    0.6340    0.6759      3093
 samples avg     0.6890    0.6634    0.6642      3093

