nohup: ignoring input
  0%|          | 0/82 [00:00<?, ?it/s]100%|██████████| 82/82 [00:00<00:00, 579988.07it/s]
model:  ernie-rcnn-catlstmwide
pretrained:  ernie1
task:  MLC-slice
dataset:  book_multilabels_task_slice
seq_length:  256
hidden_dropout_prob:  0.2
attention_probs_dropout_prob:  0.2
epochs_num:  32
batch_size:  8
learning_rate:  2e-05
report_steps:  100
kg_name:  CnDbpedia
no_kg:  False
no_vm:  False
GPU:  NVIDIA GeForce RTX 3090
Vocabulary Size:  17964
[BertClassifier] use visible_matrix: True
Some weights of ErnieRCNNForMultiLabelSequenceClassificationSliceCatLSTMWide were not initialized from the model checkpoint at ./models/ernie1 and are newly initialized: ['lstm.bias_hh_l1', 'lstm.bias_ih_l1_reverse', 'lstm.bias_hh_l1_reverse', 'classifier.weight', 'lstm.weight_ih_l0_reverse', 'lstm.weight_ih_l1_reverse', 'lstm.bias_hh_l0', 'output_layer_1.weight', 'lstm.bias_ih_l1', 'classifier.bias', 'lstm.weight_ih_l0', 'lstm.weight_ih_l1', 'lstm.weight_hh_l0_reverse', 'lstm.weight_hh_l0', 'lstm.bias_ih_l0', 'lstm.weight_hh_l1_reverse', 'lstm.weight_hh_l1', 'output_layer_1.bias', 'lstm.bias_ih_l0_reverse', 'lstm.bias_hh_l0_reverse']
You should probably TRAIN this model on a down-stream task to be able to use it for predictions and inference.
1 GPUs are available. Let's use them.
device:  cuda
[KnowledgeGraph] Loading spo from /Zy/experiment/K-BERT-HUGGINGFACE/brain/kgs/CnDbpedia.spo
Start training.
Loading sentences from ./datasets/book_multilabels_task_slice/train.tsv
There are 9097 sentence in total. We use 1 processes to inject knowledge into sentences.
Progress of process 0: 0/9097
Loading sentences from ./datasets/book_multilabels_task_slice/dev.tsv
There are 2084 sentence in total. We use 1 processes to inject knowledge into sentences.
Progress of process 0: 0/2084
Loading sentences from ./datasets/book_multilabels_task_slice/test.tsv
There are 2067 sentence in total. We use 1 processes to inject knowledge into sentences.
Progress of process 0: 0/2067
Epoch id: 1, Training steps: 100, Train Acc:  0.00%, Train Loss: 0.787446, Train Avg Loss: 0.845954, Time: 0:00:41
Epoch id: 1, Training steps: 200, Train Acc:  0.00%, Train Loss: 0.603037, Train Avg Loss: 0.698797, Time: 0:01:17
Epoch id: 1, Training steps: 300, Train Acc:  0.00%, Train Loss: 0.379648, Train Avg Loss: 0.471391, Time: 0:01:54
Epoch id: 1, Training steps: 400, Train Acc:  0.00%, Train Loss: 0.206356, Train Avg Loss: 0.272211, Time: 0:02:30
Epoch id: 1, Training steps: 500, Train Acc:  0.00%, Train Loss: 0.137487, Train Avg Loss: 0.159993, Time: 0:03:06
Epoch id: 1, Training steps: 600, Train Acc:  0.00%, Train Loss: 0.099678, Train Avg Loss: 0.113209, Time: 0:03:44
Epoch id: 1, Training steps: 700, Train Acc:  0.00%, Train Loss: 0.102299, Train Avg Loss: 0.097403, Time: 0:04:22
Epoch id: 1, Training steps: 800, Train Acc:  0.00%, Train Loss: 0.089359, Train Avg Loss: 0.090408, Time: 0:04:59
Epoch id: 1, Training steps: 900, Train Acc:  0.00%, Train Loss: 0.095630, Train Avg Loss: 0.087960, Time: 0:05:38
Epoch id: 1, Training steps: 1000, Train Acc:  0.00%, Train Loss: 0.096016, Train Avg Loss: 0.085663, Time: 0:06:14
Epoch id: 1, Training steps: 1100, Train Acc:  0.00%, Train Loss: 0.086685, Train Avg Loss: 0.085199, Time: 0:06:51
Start evaluation on dev dataset.
Acc. (Correct/Total):  0.00% micro-Prec: 0.0000 micro-Recall:0.0000 micro-F1: 0.0000 dev loss: 0.091004
Epoch id: 2, Training steps: 100, Train Acc:  0.00%, Train Loss: 0.086468, Train Avg Loss: 0.114537, Time: 0:08:28
Epoch id: 2, Training steps: 200, Train Acc:  0.00%, Train Loss: 0.076103, Train Avg Loss: 0.082162, Time: 0:09:06
Epoch id: 2, Training steps: 300, Train Acc:  0.00%, Train Loss: 0.073767, Train Avg Loss: 0.082979, Time: 0:09:44
Epoch id: 2, Training steps: 400, Train Acc:  0.00%, Train Loss: 0.073209, Train Avg Loss: 0.081560, Time: 0:10:20
Epoch id: 2, Training steps: 500, Train Acc:  0.00%, Train Loss: 0.074992, Train Avg Loss: 0.079189, Time: 0:11:00
Epoch id: 2, Training steps: 600, Train Acc:  0.00%, Train Loss: 0.086373, Train Avg Loss: 0.080009, Time: 0:11:37
Epoch id: 2, Training steps: 700, Train Acc:  0.00%, Train Loss: 0.084791, Train Avg Loss: 0.079821, Time: 0:12:14
Epoch id: 2, Training steps: 800, Train Acc:  0.00%, Train Loss: 0.069041, Train Avg Loss: 0.081161, Time: 0:12:51
Epoch id: 2, Training steps: 900, Train Acc:  0.00%, Train Loss: 0.082779, Train Avg Loss: 0.078922, Time: 0:13:28
Epoch id: 2, Training steps: 1000, Train Acc:  0.00%, Train Loss: 0.075375, Train Avg Loss: 0.076666, Time: 0:14:03
Epoch id: 2, Training steps: 1100, Train Acc:  0.00%, Train Loss: 0.080445, Train Avg Loss: 0.078767, Time: 0:14:43
Start evaluation on dev dataset.
Acc. (Correct/Total):  0.00% micro-Prec: 0.0000 micro-Recall:0.0000 micro-F1: 0.0000 dev loss: 0.082038
Epoch id: 3, Training steps: 100, Train Acc:  0.00%, Train Loss: 0.059753, Train Avg Loss: 0.104731, Time: 0:16:25
Epoch id: 3, Training steps: 200, Train Acc:  0.00%, Train Loss: 0.078796, Train Avg Loss: 0.072750, Time: 0:17:03
Epoch id: 3, Training steps: 300, Train Acc:  0.00%, Train Loss: 0.067180, Train Avg Loss: 0.068780, Time: 0:17:41
Epoch id: 3, Training steps: 400, Train Acc:  0.00%, Train Loss: 0.071838, Train Avg Loss: 0.062120, Time: 0:18:21
Epoch id: 3, Training steps: 500, Train Acc:  0.00%, Train Loss: 0.058415, Train Avg Loss: 0.058831, Time: 0:18:59
Epoch id: 3, Training steps: 600, Train Acc:  0.00%, Train Loss: 0.059914, Train Avg Loss: 0.055705, Time: 0:19:36
Epoch id: 3, Training steps: 700, Train Acc: 12.50%, Train Loss: 0.048042, Train Avg Loss: 0.054212, Time: 0:20:17
Epoch id: 3, Training steps: 800, Train Acc:  0.00%, Train Loss: 0.043441, Train Avg Loss: 0.054407, Time: 0:21:04
Epoch id: 3, Training steps: 900, Train Acc:  0.00%, Train Loss: 0.052483, Train Avg Loss: 0.048540, Time: 0:21:44
Epoch id: 3, Training steps: 1000, Train Acc: 12.50%, Train Loss: 0.038450, Train Avg Loss: 0.045874, Time: 0:22:22
Epoch id: 3, Training steps: 1100, Train Acc: 25.00%, Train Loss: 0.059270, Train Avg Loss: 0.044569, Time: 0:22:59
Start evaluation on dev dataset.
Acc. (Correct/Total): 21.79% micro-Prec: 0.8024 micro-Recall:0.2629 micro-F1: 0.3960 dev loss: 0.055353
Start evaluation on test dataset.
Acc. (Correct/Total): 26.03% micro-Prec: 0.8826 micro-Recall:0.3062 micro-F1: 0.4546 dev loss: 0.051779
Epoch id: 4, Training steps: 100, Train Acc: 12.50%, Train Loss: 0.057011, Train Avg Loss: 0.057537, Time: 0:25:36
Epoch id: 4, Training steps: 200, Train Acc: 25.00%, Train Loss: 0.033762, Train Avg Loss: 0.039460, Time: 0:26:13
Epoch id: 4, Training steps: 300, Train Acc: 25.00%, Train Loss: 0.037143, Train Avg Loss: 0.037894, Time: 0:26:51
Epoch id: 4, Training steps: 400, Train Acc: 37.50%, Train Loss: 0.025272, Train Avg Loss: 0.039348, Time: 0:27:30
Epoch id: 4, Training steps: 500, Train Acc: 12.50%, Train Loss: 0.055169, Train Avg Loss: 0.038100, Time: 0:28:08
Epoch id: 4, Training steps: 600, Train Acc: 25.00%, Train Loss: 0.034328, Train Avg Loss: 0.037952, Time: 0:28:42
Epoch id: 4, Training steps: 700, Train Acc: 12.50%, Train Loss: 0.037086, Train Avg Loss: 0.036404, Time: 0:29:19
Epoch id: 4, Training steps: 800, Train Acc: 25.00%, Train Loss: 0.031390, Train Avg Loss: 0.036110, Time: 0:29:57
Epoch id: 4, Training steps: 900, Train Acc: 12.50%, Train Loss: 0.038161, Train Avg Loss: 0.034525, Time: 0:30:34
Epoch id: 4, Training steps: 1000, Train Acc: 37.50%, Train Loss: 0.026498, Train Avg Loss: 0.031573, Time: 0:31:11
Epoch id: 4, Training steps: 1100, Train Acc:  0.00%, Train Loss: 0.030741, Train Avg Loss: 0.032031, Time: 0:31:48
Start evaluation on dev dataset.
Acc. (Correct/Total): 34.31% micro-Prec: 0.8083 micro-Recall:0.4299 micro-F1: 0.5613 dev loss: 0.049070
Start evaluation on test dataset.
Acc. (Correct/Total): 40.06% micro-Prec: 0.8702 micro-Recall:0.4746 micro-F1: 0.6142 dev loss: 0.044830
Epoch id: 5, Training steps: 100, Train Acc:  0.00%, Train Loss: 0.030315, Train Avg Loss: 0.041874, Time: 0:34:24
Epoch id: 5, Training steps: 200, Train Acc: 25.00%, Train Loss: 0.030925, Train Avg Loss: 0.028700, Time: 0:35:02
Epoch id: 5, Training steps: 300, Train Acc: 12.50%, Train Loss: 0.032195, Train Avg Loss: 0.028054, Time: 0:35:40
Epoch id: 5, Training steps: 400, Train Acc: 25.00%, Train Loss: 0.030604, Train Avg Loss: 0.027318, Time: 0:36:18
Epoch id: 5, Training steps: 500, Train Acc: 62.50%, Train Loss: 0.018326, Train Avg Loss: 0.026445, Time: 0:36:55
Epoch id: 5, Training steps: 600, Train Acc: 37.50%, Train Loss: 0.040703, Train Avg Loss: 0.026421, Time: 0:37:33
Epoch id: 5, Training steps: 700, Train Acc: 50.00%, Train Loss: 0.021124, Train Avg Loss: 0.026308, Time: 0:38:12
Epoch id: 5, Training steps: 800, Train Acc: 87.50%, Train Loss: 0.008488, Train Avg Loss: 0.026534, Time: 0:38:49
Epoch id: 5, Training steps: 900, Train Acc: 75.00%, Train Loss: 0.021932, Train Avg Loss: 0.024891, Time: 0:39:27
Epoch id: 5, Training steps: 1000, Train Acc: 12.50%, Train Loss: 0.049835, Train Avg Loss: 0.028057, Time: 0:40:05
Epoch id: 5, Training steps: 1100, Train Acc: 37.50%, Train Loss: 0.022860, Train Avg Loss: 0.025703, Time: 0:40:41
Start evaluation on dev dataset.
Acc. (Correct/Total): 37.00% micro-Prec: 0.8145 micro-Recall:0.4649 micro-F1: 0.5919 dev loss: 0.042822
Start evaluation on test dataset.
Acc. (Correct/Total): 44.46% micro-Prec: 0.8689 micro-Recall:0.5293 micro-F1: 0.6578 dev loss: 0.038213
Epoch id: 6, Training steps: 100, Train Acc: 62.50%, Train Loss: 0.013785, Train Avg Loss: 0.030382, Time: 0:43:12
Epoch id: 6, Training steps: 200, Train Acc: 50.00%, Train Loss: 0.014495, Train Avg Loss: 0.024274, Time: 0:43:49
Epoch id: 6, Training steps: 300, Train Acc: 62.50%, Train Loss: 0.022718, Train Avg Loss: 0.021445, Time: 0:44:25
Epoch id: 6, Training steps: 400, Train Acc: 37.50%, Train Loss: 0.032315, Train Avg Loss: 0.022703, Time: 0:45:02
Epoch id: 6, Training steps: 500, Train Acc: 50.00%, Train Loss: 0.017354, Train Avg Loss: 0.022542, Time: 0:45:39
Epoch id: 6, Training steps: 600, Train Acc: 50.00%, Train Loss: 0.024595, Train Avg Loss: 0.021961, Time: 0:46:18
Epoch id: 6, Training steps: 700, Train Acc: 62.50%, Train Loss: 0.013350, Train Avg Loss: 0.020911, Time: 0:46:56
Epoch id: 6, Training steps: 800, Train Acc: 50.00%, Train Loss: 0.018171, Train Avg Loss: 0.022785, Time: 0:47:35
Epoch id: 6, Training steps: 900, Train Acc: 37.50%, Train Loss: 0.019292, Train Avg Loss: 0.020791, Time: 0:48:15
Epoch id: 6, Training steps: 1000, Train Acc: 37.50%, Train Loss: 0.013389, Train Avg Loss: 0.022043, Time: 0:48:53
Epoch id: 6, Training steps: 1100, Train Acc: 12.50%, Train Loss: 0.029990, Train Avg Loss: 0.021626, Time: 0:49:35
Start evaluation on dev dataset.
Acc. (Correct/Total): 42.47% micro-Prec: 0.7927 micro-Recall:0.5274 micro-F1: 0.6334 dev loss: 0.046094
Start evaluation on test dataset.
Acc. (Correct/Total): 48.62% micro-Prec: 0.8510 micro-Recall:0.5852 micro-F1: 0.6935 dev loss: 0.041455
Epoch id: 7, Training steps: 100, Train Acc: 50.00%, Train Loss: 0.026688, Train Avg Loss: 0.027843, Time: 0:52:13
Epoch id: 7, Training steps: 200, Train Acc: 50.00%, Train Loss: 0.024101, Train Avg Loss: 0.019171, Time: 0:52:51
Epoch id: 7, Training steps: 300, Train Acc: 50.00%, Train Loss: 0.022767, Train Avg Loss: 0.020271, Time: 0:53:27
Epoch id: 7, Training steps: 400, Train Acc: 62.50%, Train Loss: 0.009659, Train Avg Loss: 0.018813, Time: 0:54:04
Epoch id: 7, Training steps: 500, Train Acc: 62.50%, Train Loss: 0.007902, Train Avg Loss: 0.018213, Time: 0:54:39
Epoch id: 7, Training steps: 600, Train Acc: 25.00%, Train Loss: 0.015041, Train Avg Loss: 0.017880, Time: 0:55:15
Epoch id: 7, Training steps: 700, Train Acc: 75.00%, Train Loss: 0.016966, Train Avg Loss: 0.018234, Time: 0:55:52
Epoch id: 7, Training steps: 800, Train Acc: 62.50%, Train Loss: 0.015280, Train Avg Loss: 0.019298, Time: 0:56:29
Epoch id: 7, Training steps: 900, Train Acc: 50.00%, Train Loss: 0.031169, Train Avg Loss: 0.019959, Time: 0:57:10
Epoch id: 7, Training steps: 1000, Train Acc: 50.00%, Train Loss: 0.017203, Train Avg Loss: 0.017324, Time: 0:57:50
Epoch id: 7, Training steps: 1100, Train Acc: 37.50%, Train Loss: 0.015630, Train Avg Loss: 0.016839, Time: 0:58:28
Start evaluation on dev dataset.
Acc. (Correct/Total): 47.65% micro-Prec: 0.7931 micro-Recall:0.6057 micro-F1: 0.6869 dev loss: 0.041033
Start evaluation on test dataset.
Acc. (Correct/Total): 55.10% micro-Prec: 0.8411 micro-Recall:0.6589 micro-F1: 0.7389 dev loss: 0.036675
Epoch id: 8, Training steps: 100, Train Acc: 37.50%, Train Loss: 0.011966, Train Avg Loss: 0.023406, Time: 1:01:11
Epoch id: 8, Training steps: 200, Train Acc: 37.50%, Train Loss: 0.012086, Train Avg Loss: 0.013571, Time: 1:01:47
Epoch id: 8, Training steps: 300, Train Acc: 62.50%, Train Loss: 0.023841, Train Avg Loss: 0.017274, Time: 1:02:24
Epoch id: 8, Training steps: 400, Train Acc: 37.50%, Train Loss: 0.022181, Train Avg Loss: 0.018582, Time: 1:03:01
Epoch id: 8, Training steps: 500, Train Acc: 50.00%, Train Loss: 0.011333, Train Avg Loss: 0.017236, Time: 1:03:37
Epoch id: 8, Training steps: 600, Train Acc: 75.00%, Train Loss: 0.010138, Train Avg Loss: 0.016739, Time: 1:04:13
Epoch id: 8, Training steps: 700, Train Acc: 62.50%, Train Loss: 0.014833, Train Avg Loss: 0.016365, Time: 1:04:48
Epoch id: 8, Training steps: 800, Train Acc: 37.50%, Train Loss: 0.032979, Train Avg Loss: 0.015676, Time: 1:05:25
Epoch id: 8, Training steps: 900, Train Acc: 87.50%, Train Loss: 0.005391, Train Avg Loss: 0.016044, Time: 1:06:03
Epoch id: 8, Training steps: 1000, Train Acc: 75.00%, Train Loss: 0.008138, Train Avg Loss: 0.015196, Time: 1:06:42
Epoch id: 8, Training steps: 1100, Train Acc: 62.50%, Train Loss: 0.015407, Train Avg Loss: 0.015500, Time: 1:07:17
Start evaluation on dev dataset.
Acc. (Correct/Total): 47.50% micro-Prec: 0.7921 micro-Recall:0.5957 micro-F1: 0.6800 dev loss: 0.039083
Epoch id: 9, Training steps: 100, Train Acc: 62.50%, Train Loss: 0.008401, Train Avg Loss: 0.017651, Time: 1:09:03
Epoch id: 9, Training steps: 200, Train Acc: 75.00%, Train Loss: 0.009169, Train Avg Loss: 0.012990, Time: 1:09:43
Epoch id: 9, Training steps: 300, Train Acc: 25.00%, Train Loss: 0.020245, Train Avg Loss: 0.013298, Time: 1:10:22
Epoch id: 9, Training steps: 400, Train Acc: 62.50%, Train Loss: 0.020274, Train Avg Loss: 0.012468, Time: 1:11:01
Epoch id: 9, Training steps: 500, Train Acc: 50.00%, Train Loss: 0.015705, Train Avg Loss: 0.013225, Time: 1:11:40
Epoch id: 9, Training steps: 600, Train Acc: 37.50%, Train Loss: 0.016844, Train Avg Loss: 0.013688, Time: 1:12:17
Epoch id: 9, Training steps: 700, Train Acc: 62.50%, Train Loss: 0.021452, Train Avg Loss: 0.012656, Time: 1:12:55
Epoch id: 9, Training steps: 800, Train Acc: 62.50%, Train Loss: 0.011574, Train Avg Loss: 0.012906, Time: 1:13:33
Epoch id: 9, Training steps: 900, Train Acc: 87.50%, Train Loss: 0.009547, Train Avg Loss: 0.013240, Time: 1:14:11
Epoch id: 9, Training steps: 1000, Train Acc: 62.50%, Train Loss: 0.005914, Train Avg Loss: 0.013026, Time: 1:14:49
Epoch id: 9, Training steps: 1100, Train Acc: 75.00%, Train Loss: 0.006381, Train Avg Loss: 0.012298, Time: 1:15:29
Start evaluation on dev dataset.
Acc. (Correct/Total): 50.10% micro-Prec: 0.7982 micro-Recall:0.6287 micro-F1: 0.7034 dev loss: 0.037809
Start evaluation on test dataset.
Acc. (Correct/Total): 56.17% micro-Prec: 0.8261 micro-Recall:0.6819 micro-F1: 0.7471 dev loss: 0.033737
Epoch id: 10, Training steps: 100, Train Acc: 75.00%, Train Loss: 0.011912, Train Avg Loss: 0.014606, Time: 1:18:03
Epoch id: 10, Training steps: 200, Train Acc: 87.50%, Train Loss: 0.004821, Train Avg Loss: 0.011004, Time: 1:18:38
Epoch id: 10, Training steps: 300, Train Acc: 62.50%, Train Loss: 0.012550, Train Avg Loss: 0.010821, Time: 1:19:13
Epoch id: 10, Training steps: 400, Train Acc: 62.50%, Train Loss: 0.013627, Train Avg Loss: 0.010862, Time: 1:19:48
Epoch id: 10, Training steps: 500, Train Acc: 62.50%, Train Loss: 0.008942, Train Avg Loss: 0.011638, Time: 1:20:25
Epoch id: 10, Training steps: 600, Train Acc: 50.00%, Train Loss: 0.010134, Train Avg Loss: 0.012856, Time: 1:21:00
Epoch id: 10, Training steps: 700, Train Acc: 50.00%, Train Loss: 0.008639, Train Avg Loss: 0.012182, Time: 1:21:37
Epoch id: 10, Training steps: 800, Train Acc: 75.00%, Train Loss: 0.016732, Train Avg Loss: 0.014779, Time: 1:22:13
Epoch id: 10, Training steps: 900, Train Acc: 75.00%, Train Loss: 0.005628, Train Avg Loss: 0.011810, Time: 1:22:49
Epoch id: 10, Training steps: 1000, Train Acc: 62.50%, Train Loss: 0.014002, Train Avg Loss: 0.011536, Time: 1:23:27
Epoch id: 10, Training steps: 1100, Train Acc: 75.00%, Train Loss: 0.005193, Train Avg Loss: 0.011893, Time: 1:24:01
Start evaluation on dev dataset.
Acc. (Correct/Total): 50.86% micro-Prec: 0.7910 micro-Recall:0.6445 micro-F1: 0.7103 dev loss: 0.038675
Start evaluation on test dataset.
Acc. (Correct/Total): 59.51% micro-Prec: 0.8307 micro-Recall:0.7139 micro-F1: 0.7679 dev loss: 0.034235
Epoch id: 11, Training steps: 100, Train Acc: 62.50%, Train Loss: 0.004331, Train Avg Loss: 0.012491, Time: 1:26:30
Epoch id: 11, Training steps: 200, Train Acc: 87.50%, Train Loss: 0.004582, Train Avg Loss: 0.008125, Time: 1:27:07
Epoch id: 11, Training steps: 300, Train Acc: 75.00%, Train Loss: 0.007951, Train Avg Loss: 0.009061, Time: 1:27:45
Epoch id: 11, Training steps: 400, Train Acc: 37.50%, Train Loss: 0.011920, Train Avg Loss: 0.008572, Time: 1:28:21
Epoch id: 11, Training steps: 500, Train Acc: 75.00%, Train Loss: 0.003014, Train Avg Loss: 0.009649, Time: 1:28:57
Epoch id: 11, Training steps: 600, Train Acc: 50.00%, Train Loss: 0.020851, Train Avg Loss: 0.009343, Time: 1:29:34
Epoch id: 11, Training steps: 700, Train Acc: 75.00%, Train Loss: 0.006469, Train Avg Loss: 0.009864, Time: 1:30:11
Epoch id: 11, Training steps: 800, Train Acc: 50.00%, Train Loss: 0.013727, Train Avg Loss: 0.009781, Time: 1:30:48
Epoch id: 11, Training steps: 900, Train Acc: 25.00%, Train Loss: 0.020114, Train Avg Loss: 0.010133, Time: 1:31:25
Epoch id: 11, Training steps: 1000, Train Acc: 87.50%, Train Loss: 0.005295, Train Avg Loss: 0.009752, Time: 1:32:01
Epoch id: 11, Training steps: 1100, Train Acc: 50.00%, Train Loss: 0.010979, Train Avg Loss: 0.010344, Time: 1:32:37
Start evaluation on dev dataset.
Acc. (Correct/Total): 50.24% micro-Prec: 0.7932 micro-Recall:0.6309 micro-F1: 0.7028 dev loss: 0.037021
Epoch id: 12, Training steps: 100, Train Acc: 75.00%, Train Loss: 0.011537, Train Avg Loss: 0.011630, Time: 1:34:28
Epoch id: 12, Training steps: 200, Train Acc: 62.50%, Train Loss: 0.016196, Train Avg Loss: 0.007018, Time: 1:35:07
Epoch id: 12, Training steps: 300, Train Acc: 75.00%, Train Loss: 0.002748, Train Avg Loss: 0.007521, Time: 1:35:44
Epoch id: 12, Training steps: 400, Train Acc: 75.00%, Train Loss: 0.007033, Train Avg Loss: 0.007504, Time: 1:36:19
Epoch id: 12, Training steps: 500, Train Acc: 50.00%, Train Loss: 0.008500, Train Avg Loss: 0.007414, Time: 1:36:57
Epoch id: 12, Training steps: 600, Train Acc: 75.00%, Train Loss: 0.003260, Train Avg Loss: 0.007110, Time: 1:37:34
Epoch id: 12, Training steps: 700, Train Acc: 75.00%, Train Loss: 0.012658, Train Avg Loss: 0.007479, Time: 1:38:12
Epoch id: 12, Training steps: 800, Train Acc: 75.00%, Train Loss: 0.005373, Train Avg Loss: 0.006447, Time: 1:38:48
Epoch id: 12, Training steps: 900, Train Acc: 62.50%, Train Loss: 0.015752, Train Avg Loss: 0.007818, Time: 1:39:25
Epoch id: 12, Training steps: 1000, Train Acc: 62.50%, Train Loss: 0.008104, Train Avg Loss: 0.007873, Time: 1:40:01
Epoch id: 12, Training steps: 1100, Train Acc: 62.50%, Train Loss: 0.003538, Train Avg Loss: 0.008753, Time: 1:40:39
Start evaluation on dev dataset.
Acc. (Correct/Total): 53.02% micro-Prec: 0.8009 micro-Recall:0.6627 micro-F1: 0.7252 dev loss: 0.036477
Start evaluation on test dataset.
Acc. (Correct/Total): 58.97% micro-Prec: 0.8274 micro-Recall:0.7022 micro-F1: 0.7597 dev loss: 0.032142
Epoch id: 13, Training steps: 100, Train Acc: 100.00%, Train Loss: 0.003445, Train Avg Loss: 0.010235, Time: 1:43:15
Epoch id: 13, Training steps: 200, Train Acc: 87.50%, Train Loss: 0.004410, Train Avg Loss: 0.006248, Time: 1:43:54
Epoch id: 13, Training steps: 300, Train Acc: 75.00%, Train Loss: 0.003941, Train Avg Loss: 0.005994, Time: 1:44:29
Epoch id: 13, Training steps: 400, Train Acc: 75.00%, Train Loss: 0.003031, Train Avg Loss: 0.005854, Time: 1:45:06
Epoch id: 13, Training steps: 500, Train Acc: 87.50%, Train Loss: 0.004457, Train Avg Loss: 0.005852, Time: 1:45:44
Epoch id: 13, Training steps: 600, Train Acc: 50.00%, Train Loss: 0.012526, Train Avg Loss: 0.006305, Time: 1:46:22
Epoch id: 13, Training steps: 700, Train Acc: 87.50%, Train Loss: 0.002269, Train Avg Loss: 0.006296, Time: 1:47:01
Epoch id: 13, Training steps: 800, Train Acc: 87.50%, Train Loss: 0.004903, Train Avg Loss: 0.006753, Time: 1:47:41
Epoch id: 13, Training steps: 900, Train Acc: 87.50%, Train Loss: 0.004944, Train Avg Loss: 0.006142, Time: 1:48:23
Epoch id: 13, Training steps: 1000, Train Acc: 75.00%, Train Loss: 0.005711, Train Avg Loss: 0.006419, Time: 1:49:02
Epoch id: 13, Training steps: 1100, Train Acc: 100.00%, Train Loss: 0.002028, Train Avg Loss: 0.006909, Time: 1:49:40
Start evaluation on dev dataset.
Acc. (Correct/Total): 53.36% micro-Prec: 0.7840 micro-Recall:0.6721 micro-F1: 0.7237 dev loss: 0.037092
Start evaluation on test dataset.
Acc. (Correct/Total): 59.99% micro-Prec: 0.8178 micro-Recall:0.7229 micro-F1: 0.7675 dev loss: 0.032145
Epoch id: 14, Training steps: 100, Train Acc: 75.00%, Train Loss: 0.007716, Train Avg Loss: 0.007900, Time: 1:52:21
Epoch id: 14, Training steps: 200, Train Acc: 87.50%, Train Loss: 0.007943, Train Avg Loss: 0.005063, Time: 1:53:02
Epoch id: 14, Training steps: 300, Train Acc: 62.50%, Train Loss: 0.003400, Train Avg Loss: 0.004394, Time: 1:53:41
Epoch id: 14, Training steps: 400, Train Acc: 62.50%, Train Loss: 0.004706, Train Avg Loss: 0.004391, Time: 1:54:19
Epoch id: 14, Training steps: 500, Train Acc: 100.00%, Train Loss: 0.001384, Train Avg Loss: 0.005177, Time: 1:54:55
Epoch id: 14, Training steps: 600, Train Acc: 62.50%, Train Loss: 0.009249, Train Avg Loss: 0.004938, Time: 1:55:35
Epoch id: 14, Training steps: 700, Train Acc: 75.00%, Train Loss: 0.005623, Train Avg Loss: 0.005219, Time: 1:56:16
Epoch id: 14, Training steps: 800, Train Acc: 75.00%, Train Loss: 0.006724, Train Avg Loss: 0.005181, Time: 1:56:55
Epoch id: 14, Training steps: 900, Train Acc: 50.00%, Train Loss: 0.008375, Train Avg Loss: 0.005383, Time: 1:57:35
Epoch id: 14, Training steps: 1000, Train Acc: 62.50%, Train Loss: 0.011216, Train Avg Loss: 0.005068, Time: 1:58:12
Epoch id: 14, Training steps: 1100, Train Acc: 75.00%, Train Loss: 0.006600, Train Avg Loss: 0.005630, Time: 1:58:49
Start evaluation on dev dataset.
Acc. (Correct/Total): 52.45% micro-Prec: 0.7722 micro-Recall:0.6737 micro-F1: 0.7196 dev loss: 0.037800
Epoch id: 15, Training steps: 100, Train Acc: 75.00%, Train Loss: 0.007561, Train Avg Loss: 0.006447, Time: 2:00:37
Epoch id: 15, Training steps: 200, Train Acc: 75.00%, Train Loss: 0.005981, Train Avg Loss: 0.004341, Time: 2:01:13
Epoch id: 15, Training steps: 300, Train Acc: 87.50%, Train Loss: 0.001433, Train Avg Loss: 0.003839, Time: 2:01:53
Epoch id: 15, Training steps: 400, Train Acc: 87.50%, Train Loss: 0.003907, Train Avg Loss: 0.004099, Time: 2:02:32
Epoch id: 15, Training steps: 500, Train Acc: 87.50%, Train Loss: 0.003293, Train Avg Loss: 0.003953, Time: 2:03:12
Epoch id: 15, Training steps: 600, Train Acc: 75.00%, Train Loss: 0.002516, Train Avg Loss: 0.004629, Time: 2:03:52
Epoch id: 15, Training steps: 700, Train Acc: 87.50%, Train Loss: 0.003838, Train Avg Loss: 0.004071, Time: 2:04:32
Epoch id: 15, Training steps: 800, Train Acc: 100.00%, Train Loss: 0.003624, Train Avg Loss: 0.004342, Time: 2:05:13
Epoch id: 15, Training steps: 900, Train Acc: 87.50%, Train Loss: 0.005437, Train Avg Loss: 0.004115, Time: 2:05:55
Epoch id: 15, Training steps: 1000, Train Acc: 62.50%, Train Loss: 0.007901, Train Avg Loss: 0.004167, Time: 2:06:33
Epoch id: 15, Training steps: 1100, Train Acc: 75.00%, Train Loss: 0.002795, Train Avg Loss: 0.004480, Time: 2:07:11
Start evaluation on dev dataset.
Acc. (Correct/Total): 53.89% micro-Prec: 0.7809 micro-Recall:0.6840 micro-F1: 0.7292 dev loss: 0.036207
Start evaluation on test dataset.
Acc. (Correct/Total): 61.64% micro-Prec: 0.8258 micro-Recall:0.7355 micro-F1: 0.7780 dev loss: 0.030305
Epoch id: 16, Training steps: 100, Train Acc: 75.00%, Train Loss: 0.004246, Train Avg Loss: 0.004925, Time: 2:09:57
Epoch id: 16, Training steps: 200, Train Acc: 75.00%, Train Loss: 0.005321, Train Avg Loss: 0.003341, Time: 2:10:37
Epoch id: 16, Training steps: 300, Train Acc: 100.00%, Train Loss: 0.002351, Train Avg Loss: 0.003666, Time: 2:11:16
Epoch id: 16, Training steps: 400, Train Acc: 75.00%, Train Loss: 0.003400, Train Avg Loss: 0.003511, Time: 2:11:55
Epoch id: 16, Training steps: 500, Train Acc: 87.50%, Train Loss: 0.002464, Train Avg Loss: 0.003641, Time: 2:12:33
Epoch id: 16, Training steps: 600, Train Acc: 75.00%, Train Loss: 0.003778, Train Avg Loss: 0.003648, Time: 2:13:12
Epoch id: 16, Training steps: 700, Train Acc: 100.00%, Train Loss: 0.000653, Train Avg Loss: 0.003933, Time: 2:13:51
Epoch id: 16, Training steps: 800, Train Acc: 87.50%, Train Loss: 0.001396, Train Avg Loss: 0.003672, Time: 2:14:34
Epoch id: 16, Training steps: 900, Train Acc: 87.50%, Train Loss: 0.001116, Train Avg Loss: 0.003606, Time: 2:15:14
Epoch id: 16, Training steps: 1000, Train Acc: 50.00%, Train Loss: 0.006797, Train Avg Loss: 0.003769, Time: 2:15:53
Epoch id: 16, Training steps: 1100, Train Acc: 87.50%, Train Loss: 0.002194, Train Avg Loss: 0.003486, Time: 2:16:33
Start evaluation on dev dataset.
Acc. (Correct/Total): 54.22% micro-Prec: 0.7771 micro-Recall:0.7009 micro-F1: 0.7370 dev loss: 0.037205
Start evaluation on test dataset.
Acc. (Correct/Total): 61.88% micro-Prec: 0.8161 micro-Recall:0.7520 micro-F1: 0.7828 dev loss: 0.031350
Epoch id: 17, Training steps: 100, Train Acc: 87.50%, Train Loss: 0.002382, Train Avg Loss: 0.004079, Time: 2:19:11
Epoch id: 17, Training steps: 200, Train Acc: 75.00%, Train Loss: 0.002462, Train Avg Loss: 0.002827, Time: 2:19:47
Epoch id: 17, Training steps: 300, Train Acc: 100.00%, Train Loss: 0.001453, Train Avg Loss: 0.002809, Time: 2:20:24
Epoch id: 17, Training steps: 400, Train Acc: 100.00%, Train Loss: 0.001276, Train Avg Loss: 0.002987, Time: 2:21:01
Epoch id: 17, Training steps: 500, Train Acc: 100.00%, Train Loss: 0.001152, Train Avg Loss: 0.002755, Time: 2:21:41
Epoch id: 17, Training steps: 600, Train Acc: 100.00%, Train Loss: 0.001299, Train Avg Loss: 0.002907, Time: 2:22:21
Epoch id: 17, Training steps: 700, Train Acc: 75.00%, Train Loss: 0.005899, Train Avg Loss: 0.002926, Time: 2:23:02
Epoch id: 17, Training steps: 800, Train Acc: 62.50%, Train Loss: 0.008102, Train Avg Loss: 0.003265, Time: 2:23:43
Epoch id: 17, Training steps: 900, Train Acc: 100.00%, Train Loss: 0.001724, Train Avg Loss: 0.002453, Time: 2:24:20
Epoch id: 17, Training steps: 1000, Train Acc: 75.00%, Train Loss: 0.002883, Train Avg Loss: 0.002875, Time: 2:24:59
Epoch id: 17, Training steps: 1100, Train Acc: 100.00%, Train Loss: 0.001178, Train Avg Loss: 0.002786, Time: 2:25:37
Start evaluation on dev dataset.
Acc. (Correct/Total): 54.99% micro-Prec: 0.7645 micro-Recall:0.7051 micro-F1: 0.7336 dev loss: 0.037820
Start evaluation on test dataset.
Acc. (Correct/Total): 61.88% micro-Prec: 0.8028 micro-Recall:0.7556 micro-F1: 0.7785 dev loss: 0.031813
Epoch id: 18, Training steps: 100, Train Acc: 100.00%, Train Loss: 0.000632, Train Avg Loss: 0.003774, Time: 2:28:18
Epoch id: 18, Training steps: 200, Train Acc: 100.00%, Train Loss: 0.002043, Train Avg Loss: 0.002432, Time: 2:28:59
Epoch id: 18, Training steps: 300, Train Acc: 75.00%, Train Loss: 0.002138, Train Avg Loss: 0.002227, Time: 2:29:41
Epoch id: 18, Training steps: 400, Train Acc: 87.50%, Train Loss: 0.001398, Train Avg Loss: 0.002250, Time: 2:30:20
Epoch id: 18, Training steps: 500, Train Acc: 75.00%, Train Loss: 0.003717, Train Avg Loss: 0.002445, Time: 2:30:59
Epoch id: 18, Training steps: 600, Train Acc: 87.50%, Train Loss: 0.002936, Train Avg Loss: 0.002099, Time: 2:31:37
Epoch id: 18, Training steps: 700, Train Acc: 100.00%, Train Loss: 0.001198, Train Avg Loss: 0.002229, Time: 2:32:12
Epoch id: 18, Training steps: 800, Train Acc: 100.00%, Train Loss: 0.001524, Train Avg Loss: 0.002694, Time: 2:32:48
Epoch id: 18, Training steps: 900, Train Acc: 87.50%, Train Loss: 0.002053, Train Avg Loss: 0.002398, Time: 2:33:25
Epoch id: 18, Training steps: 1000, Train Acc: 100.00%, Train Loss: 0.001308, Train Avg Loss: 0.002401, Time: 2:34:03
Epoch id: 18, Training steps: 1100, Train Acc: 62.50%, Train Loss: 0.006572, Train Avg Loss: 0.002566, Time: 2:34:38
Start evaluation on dev dataset.
Acc. (Correct/Total): 54.27% micro-Prec: 0.7761 micro-Recall:0.6947 micro-F1: 0.7332 dev loss: 0.035784
Epoch id: 19, Training steps: 100, Train Acc: 100.00%, Train Loss: 0.003136, Train Avg Loss: 0.002816, Time: 2:36:19
Epoch id: 19, Training steps: 200, Train Acc: 87.50%, Train Loss: 0.002179, Train Avg Loss: 0.002021, Time: 2:36:57
Epoch id: 19, Training steps: 300, Train Acc: 87.50%, Train Loss: 0.001195, Train Avg Loss: 0.001941, Time: 2:37:34
Epoch id: 19, Training steps: 400, Train Acc: 100.00%, Train Loss: 0.001321, Train Avg Loss: 0.001986, Time: 2:38:11
Epoch id: 19, Training steps: 500, Train Acc: 87.50%, Train Loss: 0.002818, Train Avg Loss: 0.001869, Time: 2:38:48
Epoch id: 19, Training steps: 600, Train Acc: 87.50%, Train Loss: 0.001616, Train Avg Loss: 0.002018, Time: 2:39:25
Epoch id: 19, Training steps: 700, Train Acc: 100.00%, Train Loss: 0.000717, Train Avg Loss: 0.001985, Time: 2:40:02
Epoch id: 19, Training steps: 800, Train Acc: 100.00%, Train Loss: 0.000965, Train Avg Loss: 0.001775, Time: 2:40:41
Epoch id: 19, Training steps: 900, Train Acc: 100.00%, Train Loss: 0.001646, Train Avg Loss: 0.001916, Time: 2:41:19
Epoch id: 19, Training steps: 1000, Train Acc: 100.00%, Train Loss: 0.000887, Train Avg Loss: 0.002077, Time: 2:41:57
Epoch id: 19, Training steps: 1100, Train Acc: 100.00%, Train Loss: 0.001737, Train Avg Loss: 0.002454, Time: 2:42:38
Start evaluation on dev dataset.
Acc. (Correct/Total): 54.27% micro-Prec: 0.7636 micro-Recall:0.7028 micro-F1: 0.7320 dev loss: 0.037841
Epoch id: 20, Training steps: 100, Train Acc: 100.00%, Train Loss: 0.001176, Train Avg Loss: 0.002547, Time: 2:44:29
Epoch id: 20, Training steps: 200, Train Acc: 87.50%, Train Loss: 0.010426, Train Avg Loss: 0.001957, Time: 2:45:25
Epoch id: 20, Training steps: 300, Train Acc: 100.00%, Train Loss: 0.001312, Train Avg Loss: 0.001903, Time: 2:46:04
Epoch id: 20, Training steps: 400, Train Acc: 87.50%, Train Loss: 0.001184, Train Avg Loss: 0.001839, Time: 2:46:43
Epoch id: 20, Training steps: 500, Train Acc: 100.00%, Train Loss: 0.001292, Train Avg Loss: 0.001838, Time: 2:47:20
Epoch id: 20, Training steps: 600, Train Acc: 50.00%, Train Loss: 0.009153, Train Avg Loss: 0.002023, Time: 2:47:58
Epoch id: 20, Training steps: 700, Train Acc: 100.00%, Train Loss: 0.001050, Train Avg Loss: 0.002619, Time: 2:48:35
Epoch id: 20, Training steps: 800, Train Acc: 100.00%, Train Loss: 0.000882, Train Avg Loss: 0.001846, Time: 2:49:12
Epoch id: 20, Training steps: 900, Train Acc: 100.00%, Train Loss: 0.003849, Train Avg Loss: 0.001661, Time: 2:49:48
Epoch id: 20, Training steps: 1000, Train Acc: 87.50%, Train Loss: 0.001562, Train Avg Loss: 0.002067, Time: 2:50:25
Epoch id: 20, Training steps: 1100, Train Acc: 100.00%, Train Loss: 0.001161, Train Avg Loss: 0.001939, Time: 2:51:04
Start evaluation on dev dataset.
Acc. (Correct/Total): 56.09% micro-Prec: 0.7768 micro-Recall:0.7154 micro-F1: 0.7449 dev loss: 0.036983
Start evaluation on test dataset.
Acc. (Correct/Total): 61.93% micro-Prec: 0.8080 micro-Recall:0.7549 micro-F1: 0.7805 dev loss: 0.030440
Epoch id: 21, Training steps: 100, Train Acc: 75.00%, Train Loss: 0.002059, Train Avg Loss: 0.002046, Time: 2:53:42
Epoch id: 21, Training steps: 200, Train Acc: 100.00%, Train Loss: 0.002082, Train Avg Loss: 0.001355, Time: 2:54:18
Epoch id: 21, Training steps: 300, Train Acc: 87.50%, Train Loss: 0.001613, Train Avg Loss: 0.001316, Time: 2:54:55
Epoch id: 21, Training steps: 400, Train Acc: 87.50%, Train Loss: 0.002595, Train Avg Loss: 0.001536, Time: 2:55:34
Epoch id: 21, Training steps: 500, Train Acc: 100.00%, Train Loss: 0.000794, Train Avg Loss: 0.001338, Time: 2:56:11
Epoch id: 21, Training steps: 600, Train Acc: 100.00%, Train Loss: 0.000802, Train Avg Loss: 0.001345, Time: 2:56:49
Epoch id: 21, Training steps: 700, Train Acc: 100.00%, Train Loss: 0.000706, Train Avg Loss: 0.001458, Time: 2:57:25
Epoch id: 21, Training steps: 800, Train Acc: 87.50%, Train Loss: 0.001013, Train Avg Loss: 0.001472, Time: 2:58:01
Epoch id: 21, Training steps: 900, Train Acc: 100.00%, Train Loss: 0.000345, Train Avg Loss: 0.001549, Time: 2:58:38
Epoch id: 21, Training steps: 1000, Train Acc: 87.50%, Train Loss: 0.001675, Train Avg Loss: 0.001405, Time: 2:59:14
Epoch id: 21, Training steps: 1100, Train Acc: 75.00%, Train Loss: 0.001578, Train Avg Loss: 0.001533, Time: 2:59:51
Start evaluation on dev dataset.
Acc. (Correct/Total): 55.09% micro-Prec: 0.7716 micro-Recall:0.7044 micro-F1: 0.7365 dev loss: 0.036735
Epoch id: 22, Training steps: 100, Train Acc: 100.00%, Train Loss: 0.001079, Train Avg Loss: 0.001853, Time: 3:01:29
Epoch id: 22, Training steps: 200, Train Acc: 87.50%, Train Loss: 0.001155, Train Avg Loss: 0.001068, Time: 3:02:06
Epoch id: 22, Training steps: 300, Train Acc: 100.00%, Train Loss: 0.000903, Train Avg Loss: 0.001143, Time: 3:02:42
Epoch id: 22, Training steps: 400, Train Acc: 87.50%, Train Loss: 0.000748, Train Avg Loss: 0.001169, Time: 3:03:21
Epoch id: 22, Training steps: 500, Train Acc: 100.00%, Train Loss: 0.000686, Train Avg Loss: 0.001268, Time: 3:03:58
Epoch id: 22, Training steps: 600, Train Acc: 100.00%, Train Loss: 0.001072, Train Avg Loss: 0.001207, Time: 3:04:36
Epoch id: 22, Training steps: 700, Train Acc: 100.00%, Train Loss: 0.001142, Train Avg Loss: 0.001485, Time: 3:05:14
Epoch id: 22, Training steps: 800, Train Acc: 100.00%, Train Loss: 0.000662, Train Avg Loss: 0.001198, Time: 3:05:50
Epoch id: 22, Training steps: 900, Train Acc: 87.50%, Train Loss: 0.001669, Train Avg Loss: 0.001194, Time: 3:06:27
Epoch id: 22, Training steps: 1000, Train Acc: 100.00%, Train Loss: 0.000790, Train Avg Loss: 0.001179, Time: 3:07:04
Epoch id: 22, Training steps: 1100, Train Acc: 100.00%, Train Loss: 0.000500, Train Avg Loss: 0.001109, Time: 3:07:43
Start evaluation on dev dataset.
Acc. (Correct/Total): 54.70% micro-Prec: 0.7651 micro-Recall:0.7148 micro-F1: 0.7391 dev loss: 0.038030
Epoch id: 23, Training steps: 100, Train Acc: 100.00%, Train Loss: 0.000469, Train Avg Loss: 0.001408, Time: 3:09:26
Epoch id: 23, Training steps: 200, Train Acc: 100.00%, Train Loss: 0.000521, Train Avg Loss: 0.001022, Time: 3:10:04
Epoch id: 23, Training steps: 300, Train Acc: 100.00%, Train Loss: 0.000629, Train Avg Loss: 0.000919, Time: 3:10:40
Epoch id: 23, Training steps: 400, Train Acc: 100.00%, Train Loss: 0.001144, Train Avg Loss: 0.001103, Time: 3:11:17
Epoch id: 23, Training steps: 500, Train Acc: 75.00%, Train Loss: 0.003978, Train Avg Loss: 0.001032, Time: 3:11:56
Epoch id: 23, Training steps: 600, Train Acc: 100.00%, Train Loss: 0.000245, Train Avg Loss: 0.001163, Time: 3:12:31
Epoch id: 23, Training steps: 700, Train Acc: 100.00%, Train Loss: 0.000722, Train Avg Loss: 0.001035, Time: 3:13:09
Epoch id: 23, Training steps: 800, Train Acc: 87.50%, Train Loss: 0.003202, Train Avg Loss: 0.001052, Time: 3:13:47
Epoch id: 23, Training steps: 900, Train Acc: 75.00%, Train Loss: 0.003195, Train Avg Loss: 0.001211, Time: 3:14:26
Epoch id: 23, Training steps: 1000, Train Acc: 100.00%, Train Loss: 0.000118, Train Avg Loss: 0.001123, Time: 3:15:03
Epoch id: 23, Training steps: 1100, Train Acc: 100.00%, Train Loss: 0.001142, Train Avg Loss: 0.001004, Time: 3:15:42
Start evaluation on dev dataset.
Acc. (Correct/Total): 54.65% micro-Prec: 0.7662 micro-Recall:0.7025 micro-F1: 0.7330 dev loss: 0.037644
Epoch id: 24, Training steps: 100, Train Acc: 100.00%, Train Loss: 0.001019, Train Avg Loss: 0.001191, Time: 3:17:21
Epoch id: 24, Training steps: 200, Train Acc: 100.00%, Train Loss: 0.000293, Train Avg Loss: 0.000819, Time: 3:17:58
Epoch id: 24, Training steps: 300, Train Acc: 100.00%, Train Loss: 0.001583, Train Avg Loss: 0.001035, Time: 3:18:37
Epoch id: 24, Training steps: 400, Train Acc: 100.00%, Train Loss: 0.001632, Train Avg Loss: 0.000880, Time: 3:19:14
Epoch id: 24, Training steps: 500, Train Acc: 100.00%, Train Loss: 0.000940, Train Avg Loss: 0.000891, Time: 3:19:50
Epoch id: 24, Training steps: 600, Train Acc: 100.00%, Train Loss: 0.001129, Train Avg Loss: 0.000784, Time: 3:20:27
Epoch id: 24, Training steps: 700, Train Acc: 100.00%, Train Loss: 0.000741, Train Avg Loss: 0.000841, Time: 3:21:04
Epoch id: 24, Training steps: 800, Train Acc: 100.00%, Train Loss: 0.001341, Train Avg Loss: 0.000941, Time: 3:21:42
Epoch id: 24, Training steps: 900, Train Acc: 100.00%, Train Loss: 0.000295, Train Avg Loss: 0.000839, Time: 3:22:19
Epoch id: 24, Training steps: 1000, Train Acc: 100.00%, Train Loss: 0.000461, Train Avg Loss: 0.001017, Time: 3:22:55
Epoch id: 24, Training steps: 1100, Train Acc: 100.00%, Train Loss: 0.001175, Train Avg Loss: 0.000886, Time: 3:23:33
Start evaluation on dev dataset.
Acc. (Correct/Total): 55.04% micro-Prec: 0.7630 micro-Recall:0.7119 micro-F1: 0.7366 dev loss: 0.038493
Epoch id: 25, Training steps: 100, Train Acc: 100.00%, Train Loss: 0.000476, Train Avg Loss: 0.001025, Time: 3:25:12
Epoch id: 25, Training steps: 200, Train Acc: 75.00%, Train Loss: 0.002340, Train Avg Loss: 0.000849, Time: 3:25:49
Epoch id: 25, Training steps: 300, Train Acc: 100.00%, Train Loss: 0.000290, Train Avg Loss: 0.000849, Time: 3:26:26
Epoch id: 25, Training steps: 400, Train Acc: 100.00%, Train Loss: 0.000348, Train Avg Loss: 0.000827, Time: 3:27:01
Epoch id: 25, Training steps: 500, Train Acc: 100.00%, Train Loss: 0.000477, Train Avg Loss: 0.000790, Time: 3:27:39
Epoch id: 25, Training steps: 600, Train Acc: 100.00%, Train Loss: 0.000699, Train Avg Loss: 0.000924, Time: 3:28:13
Epoch id: 25, Training steps: 700, Train Acc: 100.00%, Train Loss: 0.001227, Train Avg Loss: 0.000804, Time: 3:28:52
Epoch id: 25, Training steps: 800, Train Acc: 100.00%, Train Loss: 0.001005, Train Avg Loss: 0.000908, Time: 3:29:28
Epoch id: 25, Training steps: 900, Train Acc: 100.00%, Train Loss: 0.001108, Train Avg Loss: 0.000871, Time: 3:30:04
Epoch id: 25, Training steps: 1000, Train Acc: 100.00%, Train Loss: 0.000866, Train Avg Loss: 0.000792, Time: 3:30:40
Epoch id: 25, Training steps: 1100, Train Acc: 100.00%, Train Loss: 0.000589, Train Avg Loss: 0.000931, Time: 3:31:17
Start evaluation on dev dataset.
Acc. (Correct/Total): 54.85% micro-Prec: 0.7651 micro-Recall:0.7116 micro-F1: 0.7373 dev loss: 0.038353
Epoch id: 26, Training steps: 100, Train Acc: 87.50%, Train Loss: 0.001364, Train Avg Loss: 0.001009, Time: 3:32:53
Epoch id: 26, Training steps: 200, Train Acc: 100.00%, Train Loss: 0.000631, Train Avg Loss: 0.000818, Time: 3:33:29
Epoch id: 26, Training steps: 300, Train Acc: 100.00%, Train Loss: 0.000390, Train Avg Loss: 0.000753, Time: 3:34:05
Epoch id: 26, Training steps: 400, Train Acc: 100.00%, Train Loss: 0.000556, Train Avg Loss: 0.000839, Time: 3:34:41
Epoch id: 26, Training steps: 500, Train Acc: 100.00%, Train Loss: 0.000458, Train Avg Loss: 0.000705, Time: 3:35:16
Epoch id: 26, Training steps: 600, Train Acc: 100.00%, Train Loss: 0.001208, Train Avg Loss: 0.000717, Time: 3:35:53
Epoch id: 26, Training steps: 700, Train Acc: 87.50%, Train Loss: 0.001482, Train Avg Loss: 0.000762, Time: 3:36:30
Epoch id: 26, Training steps: 800, Train Acc: 100.00%, Train Loss: 0.000939, Train Avg Loss: 0.000792, Time: 3:37:05
Epoch id: 26, Training steps: 900, Train Acc: 100.00%, Train Loss: 0.000283, Train Avg Loss: 0.000709, Time: 3:37:41
Epoch id: 26, Training steps: 1000, Train Acc: 100.00%, Train Loss: 0.000574, Train Avg Loss: 0.000804, Time: 3:38:18
Epoch id: 26, Training steps: 1100, Train Acc: 100.00%, Train Loss: 0.000477, Train Avg Loss: 0.000692, Time: 3:38:55
Start evaluation on dev dataset.
Acc. (Correct/Total): 55.81% micro-Prec: 0.7704 micro-Recall:0.7148 micro-F1: 0.7416 dev loss: 0.038771
Epoch id: 27, Training steps: 100, Train Acc: 100.00%, Train Loss: 0.000228, Train Avg Loss: 0.001393, Time: 3:40:34
Epoch id: 27, Training steps: 200, Train Acc: 100.00%, Train Loss: 0.000959, Train Avg Loss: 0.000669, Time: 3:41:11
Epoch id: 27, Training steps: 300, Train Acc: 100.00%, Train Loss: 0.000674, Train Avg Loss: 0.000759, Time: 3:41:49
Epoch id: 27, Training steps: 400, Train Acc: 87.50%, Train Loss: 0.001867, Train Avg Loss: 0.000726, Time: 3:42:25
Epoch id: 27, Training steps: 500, Train Acc: 100.00%, Train Loss: 0.000684, Train Avg Loss: 0.000610, Time: 3:43:02
Epoch id: 27, Training steps: 600, Train Acc: 100.00%, Train Loss: 0.000456, Train Avg Loss: 0.000624, Time: 3:43:40
Epoch id: 27, Training steps: 700, Train Acc: 100.00%, Train Loss: 0.000438, Train Avg Loss: 0.000735, Time: 3:44:18
Epoch id: 27, Training steps: 800, Train Acc: 100.00%, Train Loss: 0.000474, Train Avg Loss: 0.000634, Time: 3:44:57
Epoch id: 27, Training steps: 900, Train Acc: 100.00%, Train Loss: 0.000480, Train Avg Loss: 0.000605, Time: 3:45:34
Epoch id: 27, Training steps: 1000, Train Acc: 100.00%, Train Loss: 0.001075, Train Avg Loss: 0.000727, Time: 3:46:10
Epoch id: 27, Training steps: 1100, Train Acc: 100.00%, Train Loss: 0.000346, Train Avg Loss: 0.000557, Time: 3:46:48
Start evaluation on dev dataset.
Acc. (Correct/Total): 55.85% micro-Prec: 0.7677 micro-Recall:0.7180 micro-F1: 0.7421 dev loss: 0.038568
Epoch id: 28, Training steps: 100, Train Acc: 100.00%, Train Loss: 0.000566, Train Avg Loss: 0.000796, Time: 3:48:25
Epoch id: 28, Training steps: 200, Train Acc: 100.00%, Train Loss: 0.000323, Train Avg Loss: 0.000612, Time: 3:49:01
Epoch id: 28, Training steps: 300, Train Acc: 100.00%, Train Loss: 0.000778, Train Avg Loss: 0.000535, Time: 3:49:39
Epoch id: 28, Training steps: 400, Train Acc: 100.00%, Train Loss: 0.000843, Train Avg Loss: 0.000570, Time: 3:50:17
Epoch id: 28, Training steps: 500, Train Acc: 100.00%, Train Loss: 0.000234, Train Avg Loss: 0.000616, Time: 3:50:54
Epoch id: 28, Training steps: 600, Train Acc: 100.00%, Train Loss: 0.000720, Train Avg Loss: 0.000593, Time: 3:51:31
Epoch id: 28, Training steps: 700, Train Acc: 100.00%, Train Loss: 0.000164, Train Avg Loss: 0.000580, Time: 3:52:09
Epoch id: 28, Training steps: 800, Train Acc: 100.00%, Train Loss: 0.000371, Train Avg Loss: 0.000550, Time: 3:52:46
Epoch id: 28, Training steps: 900, Train Acc: 100.00%, Train Loss: 0.000190, Train Avg Loss: 0.000611, Time: 3:53:23
Epoch id: 28, Training steps: 1000, Train Acc: 100.00%, Train Loss: 0.000404, Train Avg Loss: 0.000555, Time: 3:54:01
Epoch id: 28, Training steps: 1100, Train Acc: 100.00%, Train Loss: 0.000140, Train Avg Loss: 0.000575, Time: 3:54:39
Start evaluation on dev dataset.
Acc. (Correct/Total): 55.18% micro-Prec: 0.7646 micro-Recall:0.7141 micro-F1: 0.7385 dev loss: 0.038916
Epoch id: 29, Training steps: 100, Train Acc: 100.00%, Train Loss: 0.000122, Train Avg Loss: 0.000712, Time: 3:56:17
Epoch id: 29, Training steps: 200, Train Acc: 100.00%, Train Loss: 0.000167, Train Avg Loss: 0.000468, Time: 3:56:54
Epoch id: 29, Training steps: 300, Train Acc: 100.00%, Train Loss: 0.000566, Train Avg Loss: 0.000522, Time: 3:57:30
Epoch id: 29, Training steps: 400, Train Acc: 100.00%, Train Loss: 0.000336, Train Avg Loss: 0.000498, Time: 3:58:06
Epoch id: 29, Training steps: 500, Train Acc: 100.00%, Train Loss: 0.000199, Train Avg Loss: 0.000552, Time: 3:58:43
Epoch id: 29, Training steps: 600, Train Acc: 100.00%, Train Loss: 0.000277, Train Avg Loss: 0.000493, Time: 3:59:20
Epoch id: 29, Training steps: 700, Train Acc: 100.00%, Train Loss: 0.000299, Train Avg Loss: 0.000455, Time: 3:59:57
Epoch id: 29, Training steps: 800, Train Acc: 100.00%, Train Loss: 0.000392, Train Avg Loss: 0.000526, Time: 4:00:33
Epoch id: 29, Training steps: 900, Train Acc: 100.00%, Train Loss: 0.000724, Train Avg Loss: 0.000541, Time: 4:01:09
Epoch id: 29, Training steps: 1000, Train Acc: 100.00%, Train Loss: 0.000326, Train Avg Loss: 0.000540, Time: 4:01:46
Epoch id: 29, Training steps: 1100, Train Acc: 100.00%, Train Loss: 0.000204, Train Avg Loss: 0.000581, Time: 4:02:23
Start evaluation on dev dataset.
Acc. (Correct/Total): 56.43% micro-Prec: 0.7664 micro-Recall:0.7222 micro-F1: 0.7437 dev loss: 0.038895
Start evaluation on test dataset.
Acc. (Correct/Total): 63.43% micro-Prec: 0.8062 micro-Recall:0.7734 micro-F1: 0.7894 dev loss: 0.031527
Epoch id: 30, Training steps: 100, Train Acc: 100.00%, Train Loss: 0.000664, Train Avg Loss: 0.000689, Time: 4:04:42
Epoch id: 30, Training steps: 200, Train Acc: 100.00%, Train Loss: 0.000244, Train Avg Loss: 0.000484, Time: 4:05:18
Epoch id: 30, Training steps: 300, Train Acc: 100.00%, Train Loss: 0.000277, Train Avg Loss: 0.000477, Time: 4:05:54
Epoch id: 30, Training steps: 400, Train Acc: 87.50%, Train Loss: 0.001987, Train Avg Loss: 0.000448, Time: 4:06:29
Epoch id: 30, Training steps: 500, Train Acc: 100.00%, Train Loss: 0.000256, Train Avg Loss: 0.000440, Time: 4:07:05
Epoch id: 30, Training steps: 600, Train Acc: 100.00%, Train Loss: 0.000141, Train Avg Loss: 0.000484, Time: 4:07:42
Epoch id: 30, Training steps: 700, Train Acc: 100.00%, Train Loss: 0.000294, Train Avg Loss: 0.000483, Time: 4:08:17
Epoch id: 30, Training steps: 800, Train Acc: 100.00%, Train Loss: 0.000143, Train Avg Loss: 0.000483, Time: 4:08:53
Epoch id: 30, Training steps: 900, Train Acc: 100.00%, Train Loss: 0.000497, Train Avg Loss: 0.000445, Time: 4:09:32
Epoch id: 30, Training steps: 1000, Train Acc: 87.50%, Train Loss: 0.000996, Train Avg Loss: 0.000448, Time: 4:10:09
Epoch id: 30, Training steps: 1100, Train Acc: 100.00%, Train Loss: 0.000481, Train Avg Loss: 0.000470, Time: 4:10:45
Start evaluation on dev dataset.
Acc. (Correct/Total): 56.09% micro-Prec: 0.7663 micro-Recall:0.7174 micro-F1: 0.7410 dev loss: 0.038714
Epoch id: 31, Training steps: 100, Train Acc: 100.00%, Train Loss: 0.000286, Train Avg Loss: 0.000598, Time: 4:12:26
Epoch id: 31, Training steps: 200, Train Acc: 100.00%, Train Loss: 0.000298, Train Avg Loss: 0.000515, Time: 4:13:05
Epoch id: 31, Training steps: 300, Train Acc: 100.00%, Train Loss: 0.000164, Train Avg Loss: 0.000486, Time: 4:13:45
Epoch id: 31, Training steps: 400, Train Acc: 100.00%, Train Loss: 0.000463, Train Avg Loss: 0.000383, Time: 4:14:21
Epoch id: 31, Training steps: 500, Train Acc: 100.00%, Train Loss: 0.000462, Train Avg Loss: 0.000476, Time: 4:15:00
Epoch id: 31, Training steps: 600, Train Acc: 100.00%, Train Loss: 0.000514, Train Avg Loss: 0.000406, Time: 4:15:36
Epoch id: 31, Training steps: 700, Train Acc: 87.50%, Train Loss: 0.000837, Train Avg Loss: 0.000452, Time: 4:16:12
Epoch id: 31, Training steps: 800, Train Acc: 100.00%, Train Loss: 0.000396, Train Avg Loss: 0.000421, Time: 4:16:49
Epoch id: 31, Training steps: 900, Train Acc: 100.00%, Train Loss: 0.000098, Train Avg Loss: 0.000451, Time: 4:17:26
Epoch id: 31, Training steps: 1000, Train Acc: 100.00%, Train Loss: 0.000313, Train Avg Loss: 0.000478, Time: 4:18:03
Epoch id: 31, Training steps: 1100, Train Acc: 100.00%, Train Loss: 0.000879, Train Avg Loss: 0.000403, Time: 4:18:41
Start evaluation on dev dataset.
Acc. (Correct/Total): 55.66% micro-Prec: 0.7592 micro-Recall:0.7206 micro-F1: 0.7394 dev loss: 0.039253
Epoch id: 32, Training steps: 100, Train Acc: 100.00%, Train Loss: 0.000315, Train Avg Loss: 0.000590, Time: 4:20:17
Epoch id: 32, Training steps: 200, Train Acc: 100.00%, Train Loss: 0.000322, Train Avg Loss: 0.000413, Time: 4:20:54
Epoch id: 32, Training steps: 300, Train Acc: 100.00%, Train Loss: 0.000366, Train Avg Loss: 0.000430, Time: 4:21:30
Epoch id: 32, Training steps: 400, Train Acc: 100.00%, Train Loss: 0.000581, Train Avg Loss: 0.000410, Time: 4:22:08
Epoch id: 32, Training steps: 500, Train Acc: 100.00%, Train Loss: 0.000444, Train Avg Loss: 0.000406, Time: 4:22:44
Epoch id: 32, Training steps: 600, Train Acc: 100.00%, Train Loss: 0.000825, Train Avg Loss: 0.000391, Time: 4:23:26
Epoch id: 32, Training steps: 700, Train Acc: 100.00%, Train Loss: 0.000235, Train Avg Loss: 0.000394, Time: 4:24:02
Epoch id: 32, Training steps: 800, Train Acc: 100.00%, Train Loss: 0.000349, Train Avg Loss: 0.000409, Time: 4:24:38
Epoch id: 32, Training steps: 900, Train Acc: 100.00%, Train Loss: 0.000260, Train Avg Loss: 0.000431, Time: 4:25:14
Epoch id: 32, Training steps: 1000, Train Acc: 87.50%, Train Loss: 0.001654, Train Avg Loss: 0.000413, Time: 4:25:49
Epoch id: 32, Training steps: 1100, Train Acc: 100.00%, Train Loss: 0.000535, Train Avg Loss: 0.000425, Time: 4:26:27
Start evaluation on dev dataset.
Acc. (Correct/Total): 56.05% micro-Prec: 0.7639 micro-Recall:0.7206 micro-F1: 0.7416 dev loss: 0.038958
Final evaluation on the test dataset.
The number of evaluation instances:  2067
Acc. (Correct/Total): 63.43% micro-Prec: 0.8062 micro-Recall:0.7734 micro-F1: 0.7894 dev loss: 0.031527
              precision    recall  f1-score   support

         教育学     0.8476    0.9461    0.8941       241
          法学     0.8553    0.8973    0.8758       224
      中国语言文学     0.8870    0.8486    0.8674       185
         政治学     0.7887    0.6871    0.7344       163
         社会学     0.8400    0.8025    0.8208       157
         心理学     0.8929    0.6098    0.7246       123
       应用经济学     0.7191    0.5470    0.6214       117
         历史学     0.8354    0.6055    0.7021       109
     环境科学与工程     0.8407    0.8796    0.8597       108
          哲学     0.8095    0.7010    0.7514        97
      外国语言文学     0.7882    0.7882    0.7882        85
         生物学     0.8046    0.8861    0.8434        79
      交通运输工程     0.8721    0.9615    0.9146        78
        临床医学     0.8219    0.7895    0.8054        76
    计算机科学与技术     0.7973    0.8310    0.8138        71
        土木工程     0.8889    0.9697    0.9275        66
   航空宇航科学与技术     0.9825    0.9180    0.9492        61
         民族学     0.6327    0.5636    0.5962        55
   公共卫生与预防医学     0.5938    0.7451    0.6609        51
         美术学     0.8727    0.9600    0.9143        50
         艺术学     0.7400    0.8605    0.7957        43
         地理学     0.8611    0.7381    0.7949        42
         体育学     0.9310    0.6750    0.7826        40
       理论经济学     0.7500    0.7105    0.7297        38
         中医学     0.8421    0.8649    0.8533        37
         物理学     0.8000    0.8889    0.8421        36
          林学     0.7241    0.6364    0.6774        33
          数学     0.7692    0.6250    0.6897        32
     电子科学与技术     0.6000    0.4839    0.5357        31
        基础医学     0.4706    0.5517    0.5079        29
        工商管理     0.7407    0.7407    0.7407        27
       新闻传播学     0.8095    0.7727    0.7907        22
         天文学     0.7407    0.9091    0.8163        22
         地质学     0.7778    0.6667    0.7179        21
         畜牧学     0.8636    0.9048    0.8837        21
   军事思想及军事历史     0.8333    0.7500    0.7895        20
     管理科学与工程     0.6087    0.7778    0.6829        18
     测绘科学与技术     0.7619    0.9412    0.8421        17
        水利工程     0.8571    0.7500    0.8000        16
        大气科学     0.7647    0.8125    0.7879        16
     兵器科学与技术     0.7647    0.8667    0.8125        15
       地球物理学     0.6667    0.4286    0.5217        14
        电气工程     0.8889    0.6154    0.7273        13
         作物学     0.6667    0.6154    0.6400        13
     控制科学与工程     0.3333    0.4615    0.3871        13
     信息与通信工程     0.7500    0.4615    0.5714        13
        公共管理     0.3077    0.3077    0.3077        13
         建筑学     0.8000    0.3077    0.4444        13
     化学工程与技术     0.6429    0.7500    0.6923        12
          力学     0.7778    0.6364    0.7000        11
        海洋科学     0.9091    0.9091    0.9091        11
     轻工技术与工程     0.5000    0.5455    0.5217        11
        农业工程     1.0000    0.4000    0.5714        10
         园艺学     0.8000    0.8000    0.8000        10
       中西医结合     1.0000    0.4000    0.5714        10
        机械工程     0.8750    0.7778    0.8235         9
       科学技术史     1.0000    0.5000    0.6667         8
     船舶与海洋工程     0.8750    0.8750    0.8750         8
   图书情报与档案管理     0.7000    0.8750    0.7778         8
        植物保护     0.8889    1.0000    0.9412         8
     材料科学与工程     1.0000    0.7500    0.8571         8
         统计学     0.5000    0.8750    0.6364         8
          化学     1.0000    0.8750    0.9333         8
     食品科学与工程     1.0000    0.6250    0.7692         8
          水产     1.0000    1.0000    1.0000         7
          药学     1.0000    0.8571    0.9231         7
     农业资源与环境     1.0000    0.7143    0.8333         7
         世界史     0.8571    0.8571    0.8571         7
        系统科学     0.8750    1.0000    0.9333         7
      农林经济管理     0.5000    0.8000    0.6154         5
       军队指挥学     1.0000    0.4000    0.5714         5
        矿业工程     0.7500    0.6000    0.6667         5
     纺织科学与工程     0.7143    1.0000    0.8333         5
  动力工程及工程热物理     0.0000    0.0000    0.0000         4
        林业工程     0.5000    0.2500    0.3333         4
     仪器科学与技术     0.0000    0.0000    0.0000         3
         战略学     1.0000    0.3333    0.5000         3
   地质资源与地质工程     0.7500    1.0000    0.8571         3
        旅游管理     0.6667    0.6667    0.6667         3
 图书馆、情报与档案管理     0.0000    0.0000    0.0000         2
        冶金工程     1.0000    0.5000    0.6667         2
      核科学与技术     0.0000    0.0000    0.0000         2

   micro avg     0.8062    0.7734    0.7894      3093
   macro avg     0.7546    0.6907    0.7054      3093
weighted avg     0.8087    0.7734    0.7840      3093
 samples avg     0.8028    0.7900    0.7833      3093

