/root/miniconda3/envs/lyq/lib/python3.8/site-packages/scipy/__init__.py:146: UserWarning: A NumPy version >=1.16.5 and <1.23.0 is required for this version of SciPy (detected version 1.23.5
  warnings.warn(f"A NumPy version >={np_minversion} and <{np_maxversion}"
  0%|          | 0/82 [00:00<?, ?it/s]100%|██████████| 82/82 [00:00<00:00, 701903.93it/s]
model:  ernie-rcnn
pretrained:  ernie1
task:  MLC
dataset:  book_multilabels_task
seq_length:  256
hidden_dropout_prob:  0.1
attention_probs_dropout_prob:  0.1
epochs_num:  20
batch_size:  32
learning_rate:  2.1e-05
report_steps:  100
kg_name:  CnDbpedia
no_kg:  False
no_vm:  False
Vocabulary Size:  17964
[BertClassifier] use visible_matrix: True
Some weights of ErnieRCNNForMultiLabelSequenceClassification were not initialized from the model checkpoint at ./models/ernie1 and are newly initialized: ['lstm.weight_hh_l0', 'output_layer_1.weight', 'lstm.bias_ih_l0', 'lstm.weight_ih_l1_reverse', 'lstm.bias_ih_l0_reverse', 'lstm.weight_ih_l0_reverse', 'lstm.weight_hh_l1', 'classifier.bias', 'lstm.bias_hh_l1', 'lstm.bias_ih_l1', 'lstm.bias_hh_l0', 'lstm.bias_hh_l0_reverse', 'lstm.weight_hh_l0_reverse', 'lstm.weight_ih_l1', 'lstm.weight_ih_l0', 'lstm.bias_ih_l1_reverse', 'classifier.weight', 'output_layer_1.bias', 'lstm.bias_hh_l1_reverse', 'lstm.weight_hh_l1_reverse']
You should probably TRAIN this model on a down-stream task to be able to use it for predictions and inference.
1 GPUs are available. Let's use them.
device:  cuda
[KnowledgeGraph] Loading spo from /Lyq/experiment/K-BERT-HUGGINGFACE/brain/kgs/CnDbpedia.spo
Start training.
Loading sentences from ./datasets/book_multilabels_task/train.tsv
There are 9097 sentence in total. We use 1 processes to inject knowledge into sentences.
Progress of process 0: 0/9097
Loading sentences from ./datasets/book_multilabels_task/dev.tsv
There are 2084 sentence in total. We use 1 processes to inject knowledge into sentences.
Progress of process 0: 0/2084
Loading sentences from ./datasets/book_multilabels_task/test.tsv
There are 2067 sentence in total. We use 1 processes to inject knowledge into sentences.
Progress of process 0: 0/2067
Epoch id: 1, Training steps: 100, Avg loss: 0.238, Time: 0:00:50
Epoch id: 1, Training steps: 200, Avg loss: 0.087, Time: 0:01:39
Start evaluation on dev dataset.
/root/miniconda3/envs/lyq/lib/python3.8/site-packages/sklearn/metrics/_classification.py:1469: UndefinedMetricWarning: Precision is ill-defined and being set to 0.0 in samples with no predicted labels. Use `zero_division` parameter to control this behavior.
  _warn_prf(average, modifier, msg_start, len(result))
Acc. (Correct/Total):  0.00%% Prec: 0.0000 F1: 0.0000
Epoch id: 2, Training steps: 100, Avg loss: 0.144, Time: 0:03:35
Epoch id: 2, Training steps: 200, Avg loss: 0.070, Time: 0:04:28
Start evaluation on dev dataset.
/root/miniconda3/envs/lyq/lib/python3.8/site-packages/sklearn/metrics/_classification.py:1469: UndefinedMetricWarning: Precision is ill-defined and being set to 0.0 in samples with no predicted labels. Use `zero_division` parameter to control this behavior.
  _warn_prf(average, modifier, msg_start, len(result))
Acc. (Correct/Total):  0.05%% Prec: 0.0019 F1: 0.0014
Start evaluation on test dataset.
/root/miniconda3/envs/lyq/lib/python3.8/site-packages/sklearn/metrics/_classification.py:1469: UndefinedMetricWarning: Precision is ill-defined and being set to 0.0 in samples with no predicted labels. Use `zero_division` parameter to control this behavior.
  _warn_prf(average, modifier, msg_start, len(result))
Acc. (Correct/Total):  0.00%% Prec: 0.0005 F1: 0.0003
Epoch id: 3, Training steps: 100, Avg loss: 0.116, Time: 0:06:26
Epoch id: 3, Training steps: 200, Avg loss: 0.056, Time: 0:07:18
Start evaluation on dev dataset.
/root/miniconda3/envs/lyq/lib/python3.8/site-packages/sklearn/metrics/_classification.py:1469: UndefinedMetricWarning: Precision is ill-defined and being set to 0.0 in samples with no predicted labels. Use `zero_division` parameter to control this behavior.
  _warn_prf(average, modifier, msg_start, len(result))
Acc. (Correct/Total):  8.83%% Prec: 0.1442 F1: 0.1259
Start evaluation on test dataset.
/root/miniconda3/envs/lyq/lib/python3.8/site-packages/sklearn/metrics/_classification.py:1469: UndefinedMetricWarning: Precision is ill-defined and being set to 0.0 in samples with no predicted labels. Use `zero_division` parameter to control this behavior.
  _warn_prf(average, modifier, msg_start, len(result))
Acc. (Correct/Total):  8.85%% Prec: 0.1599 F1: 0.1355
Epoch id: 4, Training steps: 100, Avg loss: 0.094, Time: 0:09:28
Epoch id: 4, Training steps: 200, Avg loss: 0.045, Time: 0:10:19
Start evaluation on dev dataset.
/root/miniconda3/envs/lyq/lib/python3.8/site-packages/sklearn/metrics/_classification.py:1469: UndefinedMetricWarning: Precision is ill-defined and being set to 0.0 in samples with no predicted labels. Use `zero_division` parameter to control this behavior.
  _warn_prf(average, modifier, msg_start, len(result))
Acc. (Correct/Total): 16.27%% Prec: 0.2726 F1: 0.2373
Start evaluation on test dataset.
/root/miniconda3/envs/lyq/lib/python3.8/site-packages/sklearn/metrics/_classification.py:1469: UndefinedMetricWarning: Precision is ill-defined and being set to 0.0 in samples with no predicted labels. Use `zero_division` parameter to control this behavior.
  _warn_prf(average, modifier, msg_start, len(result))
Acc. (Correct/Total): 16.88%% Prec: 0.2927 F1: 0.2518
Epoch id: 5, Training steps: 100, Avg loss: 0.075, Time: 0:12:16
Epoch id: 5, Training steps: 200, Avg loss: 0.038, Time: 0:13:11
Start evaluation on dev dataset.
/root/miniconda3/envs/lyq/lib/python3.8/site-packages/sklearn/metrics/_classification.py:1469: UndefinedMetricWarning: Precision is ill-defined and being set to 0.0 in samples with no predicted labels. Use `zero_division` parameter to control this behavior.
  _warn_prf(average, modifier, msg_start, len(result))
Acc. (Correct/Total): 24.23%% Prec: 0.3928 F1: 0.3457
Start evaluation on test dataset.
/root/miniconda3/envs/lyq/lib/python3.8/site-packages/sklearn/metrics/_classification.py:1469: UndefinedMetricWarning: Precision is ill-defined and being set to 0.0 in samples with no predicted labels. Use `zero_division` parameter to control this behavior.
  _warn_prf(average, modifier, msg_start, len(result))
Acc. (Correct/Total): 28.50%% Prec: 0.4272 F1: 0.3845
Epoch id: 6, Training steps: 100, Avg loss: 0.065, Time: 0:15:26
Epoch id: 6, Training steps: 200, Avg loss: 0.032, Time: 0:16:14
Start evaluation on dev dataset.
/root/miniconda3/envs/lyq/lib/python3.8/site-packages/sklearn/metrics/_classification.py:1469: UndefinedMetricWarning: Precision is ill-defined and being set to 0.0 in samples with no predicted labels. Use `zero_division` parameter to control this behavior.
  _warn_prf(average, modifier, msg_start, len(result))
Acc. (Correct/Total): 27.50%% Prec: 0.4427 F1: 0.3896
Start evaluation on test dataset.
/root/miniconda3/envs/lyq/lib/python3.8/site-packages/sklearn/metrics/_classification.py:1469: UndefinedMetricWarning: Precision is ill-defined and being set to 0.0 in samples with no predicted labels. Use `zero_division` parameter to control this behavior.
  _warn_prf(average, modifier, msg_start, len(result))
Acc. (Correct/Total): 30.87%% Prec: 0.4676 F1: 0.4173
Epoch id: 7, Training steps: 100, Avg loss: 0.056, Time: 0:18:26
Epoch id: 7, Training steps: 200, Avg loss: 0.028, Time: 0:19:19
Start evaluation on dev dataset.
/root/miniconda3/envs/lyq/lib/python3.8/site-packages/sklearn/metrics/_classification.py:1469: UndefinedMetricWarning: Precision is ill-defined and being set to 0.0 in samples with no predicted labels. Use `zero_division` parameter to control this behavior.
  _warn_prf(average, modifier, msg_start, len(result))
Acc. (Correct/Total): 27.98%% Prec: 0.4592 F1: 0.4032
Start evaluation on test dataset.
/root/miniconda3/envs/lyq/lib/python3.8/site-packages/sklearn/metrics/_classification.py:1469: UndefinedMetricWarning: Precision is ill-defined and being set to 0.0 in samples with no predicted labels. Use `zero_division` parameter to control this behavior.
  _warn_prf(average, modifier, msg_start, len(result))
Acc. (Correct/Total): 32.85%% Prec: 0.5029 F1: 0.4477
Epoch id: 8, Training steps: 100, Avg loss: 0.048, Time: 0:21:25
Epoch id: 8, Training steps: 200, Avg loss: 0.024, Time: 0:22:21
Start evaluation on dev dataset.
/root/miniconda3/envs/lyq/lib/python3.8/site-packages/sklearn/metrics/_classification.py:1469: UndefinedMetricWarning: Precision is ill-defined and being set to 0.0 in samples with no predicted labels. Use `zero_division` parameter to control this behavior.
  _warn_prf(average, modifier, msg_start, len(result))
Acc. (Correct/Total): 33.54%% Prec: 0.5082 F1: 0.4540
Start evaluation on test dataset.
/root/miniconda3/envs/lyq/lib/python3.8/site-packages/sklearn/metrics/_classification.py:1469: UndefinedMetricWarning: Precision is ill-defined and being set to 0.0 in samples with no predicted labels. Use `zero_division` parameter to control this behavior.
  _warn_prf(average, modifier, msg_start, len(result))
Acc. (Correct/Total): 37.69%% Prec: 0.5595 F1: 0.5024
Epoch id: 9, Training steps: 100, Avg loss: 0.042, Time: 0:24:47
Epoch id: 9, Training steps: 200, Avg loss: 0.022, Time: 0:25:38
Start evaluation on dev dataset.
/root/miniconda3/envs/lyq/lib/python3.8/site-packages/sklearn/metrics/_classification.py:1469: UndefinedMetricWarning: Precision is ill-defined and being set to 0.0 in samples with no predicted labels. Use `zero_division` parameter to control this behavior.
  _warn_prf(average, modifier, msg_start, len(result))
Acc. (Correct/Total): 38.39%% Prec: 0.5725 F1: 0.5174
Start evaluation on test dataset.
/root/miniconda3/envs/lyq/lib/python3.8/site-packages/sklearn/metrics/_classification.py:1469: UndefinedMetricWarning: Precision is ill-defined and being set to 0.0 in samples with no predicted labels. Use `zero_division` parameter to control this behavior.
  _warn_prf(average, modifier, msg_start, len(result))
Acc. (Correct/Total): 42.38%% Prec: 0.6289 F1: 0.5665
Epoch id: 10, Training steps: 100, Avg loss: 0.035, Time: 0:27:51
Epoch id: 10, Training steps: 200, Avg loss: 0.018, Time: 0:28:52
Start evaluation on dev dataset.
/root/miniconda3/envs/lyq/lib/python3.8/site-packages/sklearn/metrics/_classification.py:1469: UndefinedMetricWarning: Precision is ill-defined and being set to 0.0 in samples with no predicted labels. Use `zero_division` parameter to control this behavior.
  _warn_prf(average, modifier, msg_start, len(result))
Acc. (Correct/Total): 36.32%% Prec: 0.5597 F1: 0.5008
Epoch id: 11, Training steps: 100, Avg loss: 0.030, Time: 0:30:58
Epoch id: 11, Training steps: 200, Avg loss: 0.016, Time: 0:31:54
Start evaluation on dev dataset.
/root/miniconda3/envs/lyq/lib/python3.8/site-packages/sklearn/metrics/_classification.py:1469: UndefinedMetricWarning: Precision is ill-defined and being set to 0.0 in samples with no predicted labels. Use `zero_division` parameter to control this behavior.
  _warn_prf(average, modifier, msg_start, len(result))
Acc. (Correct/Total): 37.67%% Prec: 0.5818 F1: 0.5229
Epoch id: 12, Training steps: 100, Avg loss: 0.026, Time: 0:33:55
Epoch id: 12, Training steps: 200, Avg loss: 0.014, Time: 0:34:52
Start evaluation on dev dataset.
/root/miniconda3/envs/lyq/lib/python3.8/site-packages/sklearn/metrics/_classification.py:1469: UndefinedMetricWarning: Precision is ill-defined and being set to 0.0 in samples with no predicted labels. Use `zero_division` parameter to control this behavior.
  _warn_prf(average, modifier, msg_start, len(result))
Acc. (Correct/Total): 42.47%% Prec: 0.6296 F1: 0.5750
Start evaluation on test dataset.
/root/miniconda3/envs/lyq/lib/python3.8/site-packages/sklearn/metrics/_classification.py:1469: UndefinedMetricWarning: Precision is ill-defined and being set to 0.0 in samples with no predicted labels. Use `zero_division` parameter to control this behavior.
  _warn_prf(average, modifier, msg_start, len(result))
Acc. (Correct/Total): 49.54%% Prec: 0.6888 F1: 0.6321
Epoch id: 13, Training steps: 100, Avg loss: 0.022, Time: 0:37:08
Epoch id: 13, Training steps: 200, Avg loss: 0.011, Time: 0:38:03
Start evaluation on dev dataset.
/root/miniconda3/envs/lyq/lib/python3.8/site-packages/sklearn/metrics/_classification.py:1469: UndefinedMetricWarning: Precision is ill-defined and being set to 0.0 in samples with no predicted labels. Use `zero_division` parameter to control this behavior.
  _warn_prf(average, modifier, msg_start, len(result))
Acc. (Correct/Total): 42.71%% Prec: 0.6403 F1: 0.5824
Start evaluation on test dataset.
/root/miniconda3/envs/lyq/lib/python3.8/site-packages/sklearn/metrics/_classification.py:1469: UndefinedMetricWarning: Precision is ill-defined and being set to 0.0 in samples with no predicted labels. Use `zero_division` parameter to control this behavior.
  _warn_prf(average, modifier, msg_start, len(result))
Acc. (Correct/Total): 49.49%% Prec: 0.6858 F1: 0.6310
Epoch id: 14, Training steps: 100, Avg loss: 0.020, Time: 0:40:36
Epoch id: 14, Training steps: 200, Avg loss: 0.009, Time: 0:41:27
Start evaluation on dev dataset.
/root/miniconda3/envs/lyq/lib/python3.8/site-packages/sklearn/metrics/_classification.py:1469: UndefinedMetricWarning: Precision is ill-defined and being set to 0.0 in samples with no predicted labels. Use `zero_division` parameter to control this behavior.
  _warn_prf(average, modifier, msg_start, len(result))
Acc. (Correct/Total): 44.00%% Prec: 0.6414 F1: 0.5849
Start evaluation on test dataset.
/root/miniconda3/envs/lyq/lib/python3.8/site-packages/sklearn/metrics/_classification.py:1469: UndefinedMetricWarning: Precision is ill-defined and being set to 0.0 in samples with no predicted labels. Use `zero_division` parameter to control this behavior.
  _warn_prf(average, modifier, msg_start, len(result))
Acc. (Correct/Total): 49.78%% Prec: 0.6900 F1: 0.6333
Epoch id: 15, Training steps: 100, Avg loss: 0.016, Time: 0:43:52
Epoch id: 15, Training steps: 200, Avg loss: 0.008, Time: 0:44:51
Start evaluation on dev dataset.
/root/miniconda3/envs/lyq/lib/python3.8/site-packages/sklearn/metrics/_classification.py:1469: UndefinedMetricWarning: Precision is ill-defined and being set to 0.0 in samples with no predicted labels. Use `zero_division` parameter to control this behavior.
  _warn_prf(average, modifier, msg_start, len(result))
Acc. (Correct/Total): 45.49%% Prec: 0.6545 F1: 0.6027
Start evaluation on test dataset.
/root/miniconda3/envs/lyq/lib/python3.8/site-packages/sklearn/metrics/_classification.py:1469: UndefinedMetricWarning: Precision is ill-defined and being set to 0.0 in samples with no predicted labels. Use `zero_division` parameter to control this behavior.
  _warn_prf(average, modifier, msg_start, len(result))
Acc. (Correct/Total): 52.44%% Prec: 0.7135 F1: 0.6630
Epoch id: 16, Training steps: 100, Avg loss: 0.014, Time: 0:47:13
Epoch id: 16, Training steps: 200, Avg loss: 0.007, Time: 0:48:21
Start evaluation on dev dataset.
/root/miniconda3/envs/lyq/lib/python3.8/site-packages/sklearn/metrics/_classification.py:1469: UndefinedMetricWarning: Precision is ill-defined and being set to 0.0 in samples with no predicted labels. Use `zero_division` parameter to control this behavior.
  _warn_prf(average, modifier, msg_start, len(result))
Acc. (Correct/Total): 44.63%% Prec: 0.6504 F1: 0.5989
Epoch id: 17, Training steps: 100, Avg loss: 0.015, Time: 0:50:34
Epoch id: 17, Training steps: 200, Avg loss: 0.009, Time: 0:51:27
Start evaluation on dev dataset.
/root/miniconda3/envs/lyq/lib/python3.8/site-packages/sklearn/metrics/_classification.py:1469: UndefinedMetricWarning: Precision is ill-defined and being set to 0.0 in samples with no predicted labels. Use `zero_division` parameter to control this behavior.
  _warn_prf(average, modifier, msg_start, len(result))
Acc. (Correct/Total): 44.48%% Prec: 0.6484 F1: 0.5937
Epoch id: 18, Training steps: 100, Avg loss: 0.013, Time: 0:53:31
Epoch id: 18, Training steps: 200, Avg loss: 0.005, Time: 0:54:24
Start evaluation on dev dataset.
/root/miniconda3/envs/lyq/lib/python3.8/site-packages/sklearn/metrics/_classification.py:1469: UndefinedMetricWarning: Precision is ill-defined and being set to 0.0 in samples with no predicted labels. Use `zero_division` parameter to control this behavior.
  _warn_prf(average, modifier, msg_start, len(result))
Acc. (Correct/Total): 44.77%% Prec: 0.6585 F1: 0.6059
Epoch id: 19, Training steps: 100, Avg loss: 0.010, Time: 0:56:18
Epoch id: 19, Training steps: 200, Avg loss: 0.005, Time: 0:57:11
Start evaluation on dev dataset.
/root/miniconda3/envs/lyq/lib/python3.8/site-packages/sklearn/metrics/_classification.py:1469: UndefinedMetricWarning: Precision is ill-defined and being set to 0.0 in samples with no predicted labels. Use `zero_division` parameter to control this behavior.
  _warn_prf(average, modifier, msg_start, len(result))
Acc. (Correct/Total): 46.16%% Prec: 0.6645 F1: 0.6147
Start evaluation on test dataset.
/root/miniconda3/envs/lyq/lib/python3.8/site-packages/sklearn/metrics/_classification.py:1469: UndefinedMetricWarning: Precision is ill-defined and being set to 0.0 in samples with no predicted labels. Use `zero_division` parameter to control this behavior.
  _warn_prf(average, modifier, msg_start, len(result))
Acc. (Correct/Total): 53.51%% Prec: 0.7215 F1: 0.6740
Epoch id: 20, Training steps: 100, Avg loss: 0.009, Time: 0:59:44
Epoch id: 20, Training steps: 200, Avg loss: 0.005, Time: 1:00:38
Start evaluation on dev dataset.
/root/miniconda3/envs/lyq/lib/python3.8/site-packages/sklearn/metrics/_classification.py:1469: UndefinedMetricWarning: Precision is ill-defined and being set to 0.0 in samples with no predicted labels. Use `zero_division` parameter to control this behavior.
  _warn_prf(average, modifier, msg_start, len(result))
Acc. (Correct/Total): 47.07%% Prec: 0.6785 F1: 0.6318
Start evaluation on test dataset.
/root/miniconda3/envs/lyq/lib/python3.8/site-packages/sklearn/metrics/_classification.py:1469: UndefinedMetricWarning: Precision is ill-defined and being set to 0.0 in samples with no predicted labels. Use `zero_division` parameter to control this behavior.
  _warn_prf(average, modifier, msg_start, len(result))
Acc. (Correct/Total): 54.04%% Prec: 0.7338 F1: 0.6874
Final evaluation on the test dataset.
The number of evaluation instances:  2067
/root/miniconda3/envs/lyq/lib/python3.8/site-packages/sklearn/metrics/_classification.py:1469: UndefinedMetricWarning: Precision is ill-defined and being set to 0.0 in samples with no predicted labels. Use `zero_division` parameter to control this behavior.
  _warn_prf(average, modifier, msg_start, len(result))
/root/miniconda3/envs/lyq/lib/python3.8/site-packages/sklearn/metrics/_classification.py:1469: UndefinedMetricWarning: Precision and F-score are ill-defined and being set to 0.0 in labels with no predicted samples. Use `zero_division` parameter to control this behavior.
  _warn_prf(average, modifier, msg_start, len(result))
/root/miniconda3/envs/lyq/lib/python3.8/site-packages/sklearn/metrics/_classification.py:1469: UndefinedMetricWarning: Precision and F-score are ill-defined and being set to 0.0 in samples with no predicted labels. Use `zero_division` parameter to control this behavior.
  _warn_prf(average, modifier, msg_start, len(result))
Acc. (Correct/Total): 54.04% Prec: 0.7338 F1: 0.6874
Precision, Recall and F1-Score...
              precision    recall  f1-score   support

         教育学     0.8694    0.8838    0.8765       241
          法学     0.8647    0.7991    0.8306       224
      中国语言文学     0.7895    0.7297    0.7584       185
         政治学     0.7876    0.5460    0.6449       163
         社会学     0.8042    0.7325    0.7667       157
         心理学     0.8776    0.3496    0.5000       123
       应用经济学     0.7262    0.5214    0.6070       117
         历史学     0.8000    0.6606    0.7236       109
     环境科学与工程     0.9157    0.7037    0.7958       108
          哲学     0.7429    0.5361    0.6228        97
      外国语言文学     0.7671    0.6588    0.7089        85
         生物学     0.8205    0.8101    0.8153        79
      交通运输工程     0.8621    0.9615    0.9091        78
        临床医学     0.7538    0.6447    0.6950        76
    计算机科学与技术     0.7538    0.6901    0.7206        71
        土木工程     0.8889    0.9697    0.9275        66
   航空宇航科学与技术     0.9464    0.8689    0.9060        61
         民族学     0.6562    0.3818    0.4828        55
   公共卫生与预防医学     0.5000    0.4314    0.4632        51
         美术学     0.7931    0.9200    0.8519        50
         艺术学     0.6667    0.7907    0.7234        43
         地理学     0.9200    0.5476    0.6866        42
         体育学     0.9167    0.5500    0.6875        40
       理论经济学     0.8261    0.5000    0.6230        38
         中医学     0.7561    0.8378    0.7949        37
         物理学     0.8049    0.9167    0.8571        36
          林学     0.7778    0.4242    0.5490        33
          数学     0.7143    0.4688    0.5660        32
     电子科学与技术     0.5172    0.4839    0.5000        31
        基础医学     0.6471    0.3793    0.4783        29
        工商管理     0.7778    0.2593    0.3889        27
       新闻传播学     0.8000    0.5455    0.6486        22
         天文学     0.7407    0.9091    0.8163        22
         地质学     0.8095    0.8095    0.8095        21
         畜牧学     0.8571    0.8571    0.8571        21
   军事思想及军事历史     0.8571    0.6000    0.7059        20
     管理科学与工程     0.5417    0.7222    0.6190        18
     测绘科学与技术     0.7143    0.5882    0.6452        17
        水利工程     0.8182    0.5625    0.6667        16
        大气科学     0.9091    0.6250    0.7407        16
     兵器科学与技术     0.7222    0.8667    0.7879        15
       地球物理学     0.6667    0.1429    0.2353        14
        电气工程     1.0000    0.4615    0.6316        13
         作物学     0.6667    0.4615    0.5455        13
     控制科学与工程     0.3750    0.2308    0.2857        13
     信息与通信工程     0.8571    0.4615    0.6000        13
        公共管理     0.0000    0.0000    0.0000        13
         建筑学     0.8333    0.3846    0.5263        13
     化学工程与技术     1.0000    0.8333    0.9091        12
          力学     0.7143    0.4545    0.5556        11
        海洋科学     1.0000    0.9091    0.9524        11
     轻工技术与工程     0.6000    0.2727    0.3750        11
        农业工程     1.0000    0.1000    0.1818        10
         园艺学     0.8750    0.7000    0.7778        10
       中西医结合     1.0000    0.6000    0.7500        10
        机械工程     1.0000    0.4444    0.6154         9
       科学技术史     1.0000    0.2500    0.4000         8
     船舶与海洋工程     1.0000    0.8750    0.9333         8
   图书情报与档案管理     0.6667    0.5000    0.5714         8
        植物保护     0.7778    0.8750    0.8235         8
     材料科学与工程     0.8333    0.6250    0.7143         8
         统计学     0.5556    0.6250    0.5882         8
          化学     1.0000    0.7500    0.8571         8
     食品科学与工程     1.0000    0.3750    0.5455         8
          水产     1.0000    0.2857    0.4444         7
          药学     1.0000    0.7143    0.8333         7
     农业资源与环境     1.0000    0.4286    0.6000         7
         世界史     0.4000    0.2857    0.3333         7
        系统科学     0.8000    0.5714    0.6667         7
      农林经济管理     0.5000    0.2000    0.2857         5
       军队指挥学     1.0000    0.2000    0.3333         5
        矿业工程     0.6667    0.4000    0.5000         5
     纺织科学与工程     0.6667    0.8000    0.7273         5
  动力工程及工程热物理     0.0000    0.0000    0.0000         4
        林业工程     0.0000    0.0000    0.0000         4
     仪器科学与技术     0.0000    0.0000    0.0000         3
         战略学     1.0000    0.3333    0.5000         3
   地质资源与地质工程     0.0000    0.0000    0.0000         3
        旅游管理     0.0000    0.0000    0.0000         3
 图书馆、情报与档案管理     0.0000    0.0000    0.0000         2
        冶金工程     0.0000    0.0000    0.0000         2
      核科学与技术     0.0000    0.0000    0.0000         2

   micro avg     0.8002    0.6563    0.7211      3093
   macro avg     0.7130    0.5194    0.5775      3093
weighted avg     0.7947    0.6563    0.7050      3093
 samples avg     0.7338    0.6723    0.6874      3093

