/root/miniconda3/envs/lyq/lib/python3.8/site-packages/scipy/__init__.py:146: UserWarning: A NumPy version >=1.16.5 and <1.23.0 is required for this version of SciPy (detected version 1.23.5
  warnings.warn(f"A NumPy version >={np_minversion} and <{np_maxversion}"
  0%|          | 0/82 [00:00<?, ?it/s]100%|██████████| 82/82 [00:00<00:00, 1322818.95it/s]
model:  ernie-rcnn
pretrained:  ernie1
task:  MLC
dataset:  book_multilabels_task
seq_length:  256
hidden_dropout_prob:  0.1
attention_probs_dropout_prob:  0.1
epochs_num:  20
batch_size:  32
learning_rate:  1.4e-05
report_steps:  100
kg_name:  CnDbpedia
no_kg:  False
no_vm:  False
Vocabulary Size:  17964
[BertClassifier] use visible_matrix: True
Some weights of ErnieRCNNForMultiLabelSequenceClassification were not initialized from the model checkpoint at ./models/ernie1 and are newly initialized: ['output_layer_1.weight', 'lstm.bias_hh_l0', 'lstm.bias_ih_l1_reverse', 'lstm.bias_hh_l0_reverse', 'lstm.weight_hh_l1', 'lstm.weight_hh_l0', 'lstm.bias_ih_l0_reverse', 'lstm.weight_ih_l0', 'lstm.weight_ih_l0_reverse', 'lstm.bias_ih_l1', 'lstm.weight_hh_l1_reverse', 'lstm.bias_hh_l1_reverse', 'classifier.bias', 'lstm.bias_hh_l1', 'lstm.bias_ih_l0', 'lstm.weight_ih_l1', 'lstm.weight_ih_l1_reverse', 'output_layer_1.bias', 'classifier.weight', 'lstm.weight_hh_l0_reverse']
You should probably TRAIN this model on a down-stream task to be able to use it for predictions and inference.
1 GPUs are available. Let's use them.
device:  cuda
[KnowledgeGraph] Loading spo from /Lyq/experiment/K-BERT-HUGGINGFACE/brain/kgs/CnDbpedia.spo
Start training.
Loading sentences from ./datasets/book_multilabels_task/train.tsv
There are 9097 sentence in total. We use 1 processes to inject knowledge into sentences.
Progress of process 0: 0/9097
Loading sentences from ./datasets/book_multilabels_task/dev.tsv
There are 2084 sentence in total. We use 1 processes to inject knowledge into sentences.
Progress of process 0: 0/2084
Loading sentences from ./datasets/book_multilabels_task/test.tsv
There are 2067 sentence in total. We use 1 processes to inject knowledge into sentences.
Progress of process 0: 0/2067
Epoch id: 1, Training steps: 100, Avg loss: 0.295, Time: 0:00:48
Epoch id: 1, Training steps: 200, Avg loss: 0.099, Time: 0:01:37
Start evaluation on dev dataset.
/root/miniconda3/envs/lyq/lib/python3.8/site-packages/sklearn/metrics/_classification.py:1469: UndefinedMetricWarning: Precision is ill-defined and being set to 0.0 in samples with no predicted labels. Use `zero_division` parameter to control this behavior.
  _warn_prf(average, modifier, msg_start, len(result))
Acc. (Correct/Total):  0.00%% Prec: 0.0000 F1: 0.0000
Epoch id: 2, Training steps: 100, Avg loss: 0.154, Time: 0:03:23
Epoch id: 2, Training steps: 200, Avg loss: 0.078, Time: 0:04:08
Start evaluation on dev dataset.
/root/miniconda3/envs/lyq/lib/python3.8/site-packages/sklearn/metrics/_classification.py:1469: UndefinedMetricWarning: Precision is ill-defined and being set to 0.0 in samples with no predicted labels. Use `zero_division` parameter to control this behavior.
  _warn_prf(average, modifier, msg_start, len(result))
Acc. (Correct/Total):  0.00%% Prec: 0.0000 F1: 0.0000
Epoch id: 3, Training steps: 100, Avg loss: 0.133, Time: 0:05:56
Epoch id: 3, Training steps: 200, Avg loss: 0.066, Time: 0:06:44
Start evaluation on dev dataset.
/root/miniconda3/envs/lyq/lib/python3.8/site-packages/sklearn/metrics/_classification.py:1469: UndefinedMetricWarning: Precision is ill-defined and being set to 0.0 in samples with no predicted labels. Use `zero_division` parameter to control this behavior.
  _warn_prf(average, modifier, msg_start, len(result))
Acc. (Correct/Total):  0.29%% Prec: 0.0086 F1: 0.0067
Start evaluation on test dataset.
/root/miniconda3/envs/lyq/lib/python3.8/site-packages/sklearn/metrics/_classification.py:1469: UndefinedMetricWarning: Precision is ill-defined and being set to 0.0 in samples with no predicted labels. Use `zero_division` parameter to control this behavior.
  _warn_prf(average, modifier, msg_start, len(result))
Acc. (Correct/Total):  0.10%% Prec: 0.0048 F1: 0.0033
Epoch id: 4, Training steps: 100, Avg loss: 0.112, Time: 0:08:38
Epoch id: 4, Training steps: 200, Avg loss: 0.055, Time: 0:09:27
Start evaluation on dev dataset.
/root/miniconda3/envs/lyq/lib/python3.8/site-packages/sklearn/metrics/_classification.py:1469: UndefinedMetricWarning: Precision is ill-defined and being set to 0.0 in samples with no predicted labels. Use `zero_division` parameter to control this behavior.
  _warn_prf(average, modifier, msg_start, len(result))
Acc. (Correct/Total):  8.49%% Prec: 0.1648 F1: 0.1379
Start evaluation on test dataset.
/root/miniconda3/envs/lyq/lib/python3.8/site-packages/sklearn/metrics/_classification.py:1469: UndefinedMetricWarning: Precision is ill-defined and being set to 0.0 in samples with no predicted labels. Use `zero_division` parameter to control this behavior.
  _warn_prf(average, modifier, msg_start, len(result))
Acc. (Correct/Total):  8.37%% Prec: 0.1817 F1: 0.1485
Epoch id: 5, Training steps: 100, Avg loss: 0.092, Time: 0:11:23
Epoch id: 5, Training steps: 200, Avg loss: 0.044, Time: 0:12:10
Start evaluation on dev dataset.
/root/miniconda3/envs/lyq/lib/python3.8/site-packages/sklearn/metrics/_classification.py:1469: UndefinedMetricWarning: Precision is ill-defined and being set to 0.0 in samples with no predicted labels. Use `zero_division` parameter to control this behavior.
  _warn_prf(average, modifier, msg_start, len(result))
Acc. (Correct/Total): 16.99%% Prec: 0.2723 F1: 0.2389
Start evaluation on test dataset.
/root/miniconda3/envs/lyq/lib/python3.8/site-packages/sklearn/metrics/_classification.py:1469: UndefinedMetricWarning: Precision is ill-defined and being set to 0.0 in samples with no predicted labels. Use `zero_division` parameter to control this behavior.
  _warn_prf(average, modifier, msg_start, len(result))
Acc. (Correct/Total): 17.95%% Prec: 0.3048 F1: 0.2628
Epoch id: 6, Training steps: 100, Avg loss: 0.079, Time: 0:14:02
Epoch id: 6, Training steps: 200, Avg loss: 0.040, Time: 0:14:51
Start evaluation on dev dataset.
/root/miniconda3/envs/lyq/lib/python3.8/site-packages/sklearn/metrics/_classification.py:1469: UndefinedMetricWarning: Precision is ill-defined and being set to 0.0 in samples with no predicted labels. Use `zero_division` parameter to control this behavior.
  _warn_prf(average, modifier, msg_start, len(result))
Acc. (Correct/Total): 22.98%% Prec: 0.3479 F1: 0.3108
Start evaluation on test dataset.
/root/miniconda3/envs/lyq/lib/python3.8/site-packages/sklearn/metrics/_classification.py:1469: UndefinedMetricWarning: Precision is ill-defined and being set to 0.0 in samples with no predicted labels. Use `zero_division` parameter to control this behavior.
  _warn_prf(average, modifier, msg_start, len(result))
Acc. (Correct/Total): 25.74%% Prec: 0.3774 F1: 0.3395
Epoch id: 7, Training steps: 100, Avg loss: 0.069, Time: 0:16:44
Epoch id: 7, Training steps: 200, Avg loss: 0.036, Time: 0:17:30
Start evaluation on dev dataset.
/root/miniconda3/envs/lyq/lib/python3.8/site-packages/sklearn/metrics/_classification.py:1469: UndefinedMetricWarning: Precision is ill-defined and being set to 0.0 in samples with no predicted labels. Use `zero_division` parameter to control this behavior.
  _warn_prf(average, modifier, msg_start, len(result))
Acc. (Correct/Total): 25.38%% Prec: 0.4028 F1: 0.3554
Start evaluation on test dataset.
/root/miniconda3/envs/lyq/lib/python3.8/site-packages/sklearn/metrics/_classification.py:1469: UndefinedMetricWarning: Precision is ill-defined and being set to 0.0 in samples with no predicted labels. Use `zero_division` parameter to control this behavior.
  _warn_prf(average, modifier, msg_start, len(result))
Acc. (Correct/Total): 29.08%% Prec: 0.4359 F1: 0.3896
Epoch id: 8, Training steps: 100, Avg loss: 0.061, Time: 0:19:27
Epoch id: 8, Training steps: 200, Avg loss: 0.031, Time: 0:20:17
Start evaluation on dev dataset.
/root/miniconda3/envs/lyq/lib/python3.8/site-packages/sklearn/metrics/_classification.py:1469: UndefinedMetricWarning: Precision is ill-defined and being set to 0.0 in samples with no predicted labels. Use `zero_division` parameter to control this behavior.
  _warn_prf(average, modifier, msg_start, len(result))
Acc. (Correct/Total): 26.06%% Prec: 0.4290 F1: 0.3760
Start evaluation on test dataset.
/root/miniconda3/envs/lyq/lib/python3.8/site-packages/sklearn/metrics/_classification.py:1469: UndefinedMetricWarning: Precision is ill-defined and being set to 0.0 in samples with no predicted labels. Use `zero_division` parameter to control this behavior.
  _warn_prf(average, modifier, msg_start, len(result))
Acc. (Correct/Total): 30.43%% Prec: 0.4632 F1: 0.4121
Epoch id: 9, Training steps: 100, Avg loss: 0.054, Time: 0:22:13
Epoch id: 9, Training steps: 200, Avg loss: 0.028, Time: 0:23:00
Start evaluation on dev dataset.
/root/miniconda3/envs/lyq/lib/python3.8/site-packages/sklearn/metrics/_classification.py:1469: UndefinedMetricWarning: Precision is ill-defined and being set to 0.0 in samples with no predicted labels. Use `zero_division` parameter to control this behavior.
  _warn_prf(average, modifier, msg_start, len(result))
Acc. (Correct/Total): 28.74%% Prec: 0.4566 F1: 0.4033
Start evaluation on test dataset.
/root/miniconda3/envs/lyq/lib/python3.8/site-packages/sklearn/metrics/_classification.py:1469: UndefinedMetricWarning: Precision is ill-defined and being set to 0.0 in samples with no predicted labels. Use `zero_division` parameter to control this behavior.
  _warn_prf(average, modifier, msg_start, len(result))
Acc. (Correct/Total): 33.24%% Prec: 0.4959 F1: 0.4447
Epoch id: 10, Training steps: 100, Avg loss: 0.051, Time: 0:24:58
Epoch id: 10, Training steps: 200, Avg loss: 0.025, Time: 0:25:44
Start evaluation on dev dataset.
/root/miniconda3/envs/lyq/lib/python3.8/site-packages/sklearn/metrics/_classification.py:1469: UndefinedMetricWarning: Precision is ill-defined and being set to 0.0 in samples with no predicted labels. Use `zero_division` parameter to control this behavior.
  _warn_prf(average, modifier, msg_start, len(result))
Acc. (Correct/Total): 32.58%% Prec: 0.5170 F1: 0.4582
Start evaluation on test dataset.
/root/miniconda3/envs/lyq/lib/python3.8/site-packages/sklearn/metrics/_classification.py:1469: UndefinedMetricWarning: Precision is ill-defined and being set to 0.0 in samples with no predicted labels. Use `zero_division` parameter to control this behavior.
  _warn_prf(average, modifier, msg_start, len(result))
Acc. (Correct/Total): 37.40%% Prec: 0.5491 F1: 0.4944
Epoch id: 11, Training steps: 100, Avg loss: 0.044, Time: 0:27:36
Epoch id: 11, Training steps: 200, Avg loss: 0.022, Time: 0:28:22
Start evaluation on dev dataset.
/root/miniconda3/envs/lyq/lib/python3.8/site-packages/sklearn/metrics/_classification.py:1469: UndefinedMetricWarning: Precision is ill-defined and being set to 0.0 in samples with no predicted labels. Use `zero_division` parameter to control this behavior.
  _warn_prf(average, modifier, msg_start, len(result))
Acc. (Correct/Total): 34.02%% Prec: 0.5374 F1: 0.4778
Start evaluation on test dataset.
/root/miniconda3/envs/lyq/lib/python3.8/site-packages/sklearn/metrics/_classification.py:1469: UndefinedMetricWarning: Precision is ill-defined and being set to 0.0 in samples with no predicted labels. Use `zero_division` parameter to control this behavior.
  _warn_prf(average, modifier, msg_start, len(result))
Acc. (Correct/Total): 39.09%% Prec: 0.5755 F1: 0.5191
Epoch id: 12, Training steps: 100, Avg loss: 0.039, Time: 0:30:22
Epoch id: 12, Training steps: 200, Avg loss: 0.020, Time: 0:31:12
Start evaluation on dev dataset.
/root/miniconda3/envs/lyq/lib/python3.8/site-packages/sklearn/metrics/_classification.py:1469: UndefinedMetricWarning: Precision is ill-defined and being set to 0.0 in samples with no predicted labels. Use `zero_division` parameter to control this behavior.
  _warn_prf(average, modifier, msg_start, len(result))
Acc. (Correct/Total): 37.19%% Prec: 0.5645 F1: 0.5068
Start evaluation on test dataset.
/root/miniconda3/envs/lyq/lib/python3.8/site-packages/sklearn/metrics/_classification.py:1469: UndefinedMetricWarning: Precision is ill-defined and being set to 0.0 in samples with no predicted labels. Use `zero_division` parameter to control this behavior.
  _warn_prf(average, modifier, msg_start, len(result))
Acc. (Correct/Total): 40.93%% Prec: 0.6006 F1: 0.5408
Epoch id: 13, Training steps: 100, Avg loss: 0.035, Time: 0:33:09
Epoch id: 13, Training steps: 200, Avg loss: 0.018, Time: 0:33:55
Start evaluation on dev dataset.
/root/miniconda3/envs/lyq/lib/python3.8/site-packages/sklearn/metrics/_classification.py:1469: UndefinedMetricWarning: Precision is ill-defined and being set to 0.0 in samples with no predicted labels. Use `zero_division` parameter to control this behavior.
  _warn_prf(average, modifier, msg_start, len(result))
Acc. (Correct/Total): 38.77%% Prec: 0.5697 F1: 0.5154
Start evaluation on test dataset.
/root/miniconda3/envs/lyq/lib/python3.8/site-packages/sklearn/metrics/_classification.py:1469: UndefinedMetricWarning: Precision is ill-defined and being set to 0.0 in samples with no predicted labels. Use `zero_division` parameter to control this behavior.
  _warn_prf(average, modifier, msg_start, len(result))
Acc. (Correct/Total): 42.62%% Prec: 0.6175 F1: 0.5584
Epoch id: 14, Training steps: 100, Avg loss: 0.032, Time: 0:35:49
Epoch id: 14, Training steps: 200, Avg loss: 0.017, Time: 0:36:35
Start evaluation on dev dataset.
/root/miniconda3/envs/lyq/lib/python3.8/site-packages/sklearn/metrics/_classification.py:1469: UndefinedMetricWarning: Precision is ill-defined and being set to 0.0 in samples with no predicted labels. Use `zero_division` parameter to control this behavior.
  _warn_prf(average, modifier, msg_start, len(result))
Acc. (Correct/Total): 39.06%% Prec: 0.5934 F1: 0.5328
Start evaluation on test dataset.
/root/miniconda3/envs/lyq/lib/python3.8/site-packages/sklearn/metrics/_classification.py:1469: UndefinedMetricWarning: Precision is ill-defined and being set to 0.0 in samples with no predicted labels. Use `zero_division` parameter to control this behavior.
  _warn_prf(average, modifier, msg_start, len(result))
Acc. (Correct/Total): 43.49%% Prec: 0.6352 F1: 0.5739
Epoch id: 15, Training steps: 100, Avg loss: 0.027, Time: 0:38:32
Epoch id: 15, Training steps: 200, Avg loss: 0.015, Time: 0:39:19
Start evaluation on dev dataset.
/root/miniconda3/envs/lyq/lib/python3.8/site-packages/sklearn/metrics/_classification.py:1469: UndefinedMetricWarning: Precision is ill-defined and being set to 0.0 in samples with no predicted labels. Use `zero_division` parameter to control this behavior.
  _warn_prf(average, modifier, msg_start, len(result))
Acc. (Correct/Total): 39.64%% Prec: 0.5950 F1: 0.5380
Start evaluation on test dataset.
/root/miniconda3/envs/lyq/lib/python3.8/site-packages/sklearn/metrics/_classification.py:1469: UndefinedMetricWarning: Precision is ill-defined and being set to 0.0 in samples with no predicted labels. Use `zero_division` parameter to control this behavior.
  _warn_prf(average, modifier, msg_start, len(result))
Acc. (Correct/Total): 43.49%% Prec: 0.6328 F1: 0.5746
Epoch id: 16, Training steps: 100, Avg loss: 0.025, Time: 0:41:15
Epoch id: 16, Training steps: 200, Avg loss: 0.013, Time: 0:41:59
Start evaluation on dev dataset.
/root/miniconda3/envs/lyq/lib/python3.8/site-packages/sklearn/metrics/_classification.py:1469: UndefinedMetricWarning: Precision is ill-defined and being set to 0.0 in samples with no predicted labels. Use `zero_division` parameter to control this behavior.
  _warn_prf(average, modifier, msg_start, len(result))
Acc. (Correct/Total): 41.55%% Prec: 0.6248 F1: 0.5649
Start evaluation on test dataset.
/root/miniconda3/envs/lyq/lib/python3.8/site-packages/sklearn/metrics/_classification.py:1469: UndefinedMetricWarning: Precision is ill-defined and being set to 0.0 in samples with no predicted labels. Use `zero_division` parameter to control this behavior.
  _warn_prf(average, modifier, msg_start, len(result))
Acc. (Correct/Total): 46.49%% Prec: 0.6684 F1: 0.6099
Epoch id: 17, Training steps: 100, Avg loss: 0.022, Time: 0:43:45
Epoch id: 17, Training steps: 200, Avg loss: 0.012, Time: 0:44:34
Start evaluation on dev dataset.
/root/miniconda3/envs/lyq/lib/python3.8/site-packages/sklearn/metrics/_classification.py:1469: UndefinedMetricWarning: Precision is ill-defined and being set to 0.0 in samples with no predicted labels. Use `zero_division` parameter to control this behavior.
  _warn_prf(average, modifier, msg_start, len(result))
Acc. (Correct/Total): 41.07%% Prec: 0.6220 F1: 0.5643
Epoch id: 18, Training steps: 100, Avg loss: 0.021, Time: 0:46:14
Epoch id: 18, Training steps: 200, Avg loss: 0.009, Time: 0:46:59
Start evaluation on dev dataset.
/root/miniconda3/envs/lyq/lib/python3.8/site-packages/sklearn/metrics/_classification.py:1469: UndefinedMetricWarning: Precision is ill-defined and being set to 0.0 in samples with no predicted labels. Use `zero_division` parameter to control this behavior.
  _warn_prf(average, modifier, msg_start, len(result))
Acc. (Correct/Total): 41.12%% Prec: 0.6334 F1: 0.5701
Epoch id: 19, Training steps: 100, Avg loss: 0.018, Time: 0:48:42
Epoch id: 19, Training steps: 200, Avg loss: 0.009, Time: 0:49:30
Start evaluation on dev dataset.
/root/miniconda3/envs/lyq/lib/python3.8/site-packages/sklearn/metrics/_classification.py:1469: UndefinedMetricWarning: Precision is ill-defined and being set to 0.0 in samples with no predicted labels. Use `zero_division` parameter to control this behavior.
  _warn_prf(average, modifier, msg_start, len(result))
Acc. (Correct/Total): 44.77%% Prec: 0.6622 F1: 0.6041
Start evaluation on test dataset.
/root/miniconda3/envs/lyq/lib/python3.8/site-packages/sklearn/metrics/_classification.py:1469: UndefinedMetricWarning: Precision is ill-defined and being set to 0.0 in samples with no predicted labels. Use `zero_division` parameter to control this behavior.
  _warn_prf(average, modifier, msg_start, len(result))
Acc. (Correct/Total): 49.83%% Prec: 0.6916 F1: 0.6393
Epoch id: 20, Training steps: 100, Avg loss: 0.016, Time: 0:51:23
Epoch id: 20, Training steps: 200, Avg loss: 0.008, Time: 0:52:07
Start evaluation on dev dataset.
/root/miniconda3/envs/lyq/lib/python3.8/site-packages/sklearn/metrics/_classification.py:1469: UndefinedMetricWarning: Precision is ill-defined and being set to 0.0 in samples with no predicted labels. Use `zero_division` parameter to control this behavior.
  _warn_prf(average, modifier, msg_start, len(result))
Acc. (Correct/Total): 42.66%% Prec: 0.6388 F1: 0.5817
Final evaluation on the test dataset.
The number of evaluation instances:  2067
/root/miniconda3/envs/lyq/lib/python3.8/site-packages/sklearn/metrics/_classification.py:1469: UndefinedMetricWarning: Precision is ill-defined and being set to 0.0 in samples with no predicted labels. Use `zero_division` parameter to control this behavior.
  _warn_prf(average, modifier, msg_start, len(result))
/root/miniconda3/envs/lyq/lib/python3.8/site-packages/sklearn/metrics/_classification.py:1469: UndefinedMetricWarning: Precision and F-score are ill-defined and being set to 0.0 in labels with no predicted samples. Use `zero_division` parameter to control this behavior.
  _warn_prf(average, modifier, msg_start, len(result))
/root/miniconda3/envs/lyq/lib/python3.8/site-packages/sklearn/metrics/_classification.py:1469: UndefinedMetricWarning: Precision and F-score are ill-defined and being set to 0.0 in samples with no predicted labels. Use `zero_division` parameter to control this behavior.
  _warn_prf(average, modifier, msg_start, len(result))
Acc. (Correct/Total): 49.83% Prec: 0.6916 F1: 0.6393
Precision, Recall and F1-Score...
              precision    recall  f1-score   support

         教育学     0.8154    0.8797    0.8463       241
          法学     0.7817    0.7991    0.7903       224
      中国语言文学     0.8207    0.6432    0.7212       185
         政治学     0.7014    0.6196    0.6580       163
         社会学     0.8538    0.7070    0.7735       157
         心理学     0.7671    0.4553    0.5714       123
       应用经济学     0.7294    0.5299    0.6139       117
         历史学     0.8730    0.5046    0.6395       109
     环境科学与工程     0.8710    0.7500    0.8060       108
          哲学     0.6795    0.5464    0.6057        97
      外国语言文学     0.8462    0.5176    0.6423        85
         生物学     0.8167    0.6203    0.7050        79
      交通运输工程     0.9067    0.8718    0.8889        78
        临床医学     0.8814    0.6842    0.7704        76
    计算机科学与技术     0.8085    0.5352    0.6441        71
        土木工程     0.9091    0.9091    0.9091        66
   航空宇航科学与技术     0.9636    0.8689    0.9138        61
         民族学     0.6000    0.3273    0.4235        55
   公共卫生与预防医学     0.6154    0.6275    0.6214        51
         美术学     0.8364    0.9200    0.8762        50
         艺术学     0.7353    0.5814    0.6494        43
         地理学     0.9130    0.5000    0.6462        42
         体育学     0.8400    0.5250    0.6462        40
       理论经济学     0.6875    0.2895    0.4074        38
         中医学     0.8889    0.6486    0.7500        37
         物理学     0.8000    0.7778    0.7887        36
          林学     0.8182    0.5455    0.6545        33
          数学     0.8182    0.2812    0.4186        32
     电子科学与技术     0.6364    0.4516    0.5283        31
        基础医学     0.6000    0.4138    0.4898        29
        工商管理     0.6364    0.2593    0.3684        27
       新闻传播学     0.8750    0.6364    0.7368        22
         天文学     0.8182    0.8182    0.8182        22
         地质学     0.9375    0.7143    0.8108        21
         畜牧学     0.8235    0.6667    0.7368        21
   军事思想及军事历史     0.7778    0.7000    0.7368        20
     管理科学与工程     0.6154    0.4444    0.5161        18
     测绘科学与技术     0.6667    0.3529    0.4615        17
        水利工程     1.0000    0.3125    0.4762        16
        大气科学     0.8000    0.5000    0.6154        16
     兵器科学与技术     0.8462    0.7333    0.7857        15
       地球物理学     1.0000    0.0714    0.1333        14
        电气工程     0.6667    0.3077    0.4211        13
         作物学     0.6250    0.3846    0.4762        13
     控制科学与工程     1.0000    0.0769    0.1429        13
     信息与通信工程     0.8333    0.3846    0.5263        13
        公共管理     0.0000    0.0000    0.0000        13
         建筑学     0.0000    0.0000    0.0000        13
     化学工程与技术     1.0000    0.5833    0.7368        12
          力学     1.0000    0.2727    0.4286        11
        海洋科学     0.8333    0.4545    0.5882        11
     轻工技术与工程     1.0000    0.3636    0.5333        11
        农业工程     0.0000    0.0000    0.0000        10
         园艺学     0.8889    0.8000    0.8421        10
       中西医结合     0.0000    0.0000    0.0000        10
        机械工程     1.0000    0.3333    0.5000         9
       科学技术史     1.0000    0.1250    0.2222         8
     船舶与海洋工程     1.0000    0.2500    0.4000         8
   图书情报与档案管理     0.5000    0.2500    0.3333         8
        植物保护     1.0000    0.6250    0.7692         8
     材料科学与工程     1.0000    0.1250    0.2222         8
         统计学     0.6667    0.7500    0.7059         8
          化学     1.0000    0.7500    0.8571         8
     食品科学与工程     0.7500    0.3750    0.5000         8
          水产     1.0000    0.2857    0.4444         7
          药学     1.0000    0.7143    0.8333         7
     农业资源与环境     0.0000    0.0000    0.0000         7
         世界史     0.0000    0.0000    0.0000         7
        系统科学     0.0000    0.0000    0.0000         7
      农林经济管理     1.0000    0.6000    0.7500         5
       军队指挥学     1.0000    0.2000    0.3333         5
        矿业工程     1.0000    0.2000    0.3333         5
     纺织科学与工程     0.6667    0.8000    0.7273         5
  动力工程及工程热物理     0.0000    0.0000    0.0000         4
        林业工程     0.0000    0.0000    0.0000         4
     仪器科学与技术     0.0000    0.0000    0.0000         3
         战略学     0.0000    0.0000    0.0000         3
   地质资源与地质工程     0.0000    0.0000    0.0000         3
        旅游管理     0.0000    0.0000    0.0000         3
 图书馆、情报与档案管理     0.0000    0.0000    0.0000         2
        冶金工程     0.0000    0.0000    0.0000         2
      核科学与技术     0.0000    0.0000    0.0000         2

   micro avg     0.8020    0.6078    0.6916      3093
   macro avg     0.6712    0.4214    0.4905      3093
weighted avg     0.7821    0.6078    0.6686      3093
 samples avg     0.6916    0.6184    0.6393      3093

