/root/miniconda3/envs/lyq/lib/python3.8/site-packages/scipy/__init__.py:146: UserWarning: A NumPy version >=1.16.5 and <1.23.0 is required for this version of SciPy (detected version 1.23.5
  warnings.warn(f"A NumPy version >={np_minversion} and <{np_maxversion}"
  0%|          | 0/82 [00:00<?, ?it/s]100%|██████████| 82/82 [00:00<00:00, 1098827.25it/s]
model:  ernie-rcnn-catlstmwide
pretrained:  ernie1
task:  MLC-slice
dataset:  book_multilabels_task_slice
seq_length:  256
hidden_dropout_prob:  0.1
attention_probs_dropout_prob:  0.1
epochs_num:  20
batch_size:  8
learning_rate:  2e-05
report_steps:  100
kg_name:  CnDbpedia
no_kg:  True
no_vm:  True
Vocabulary Size:  17964
[BertClassifier] use visible_matrix: False
Some weights of ErnieRCNNForMultiLabelSequenceClassificationSliceCatLSTMWide were not initialized from the model checkpoint at ./models/ernie1 and are newly initialized: ['lstm.bias_ih_l1_reverse', 'lstm.weight_hh_l1', 'lstm.weight_hh_l0', 'lstm.bias_hh_l1_reverse', 'output_layer_1.weight', 'lstm.bias_ih_l1', 'classifier.weight', 'lstm.bias_hh_l0_reverse', 'lstm.weight_ih_l0', 'lstm.bias_hh_l1', 'lstm.bias_ih_l0_reverse', 'lstm.weight_hh_l0_reverse', 'lstm.weight_hh_l1_reverse', 'lstm.bias_ih_l0', 'lstm.weight_ih_l1', 'output_layer_1.bias', 'lstm.weight_ih_l0_reverse', 'lstm.bias_hh_l0', 'classifier.bias', 'lstm.weight_ih_l1_reverse']
You should probably TRAIN this model on a down-stream task to be able to use it for predictions and inference.
1 GPUs are available. Let's use them.
device:  cuda
Start training.
Loading sentences from ./datasets/book_multilabels_task_slice/train.tsv
There are 9097 sentence in total. We use 1 processes to inject knowledge into sentences.
Progress of process 0: 0/9097
Loading sentences from ./datasets/book_multilabels_task_slice/dev.tsv
There are 2084 sentence in total. We use 1 processes to inject knowledge into sentences.
Progress of process 0: 0/2084
Loading sentences from ./datasets/book_multilabels_task_slice/test.tsv
There are 2067 sentence in total. We use 1 processes to inject knowledge into sentences.
Progress of process 0: 0/2067
Epoch id: 1, Training steps: 100, Avg loss: 0.174, Time: 0:00:32
Epoch id: 1, Training steps: 200, Avg loss: 0.085, Time: 0:01:03
Epoch id: 1, Training steps: 300, Avg loss: 0.084, Time: 0:01:33
Epoch id: 1, Training steps: 400, Avg loss: 0.084, Time: 0:02:04
Epoch id: 1, Training steps: 500, Avg loss: 0.083, Time: 0:02:35
Epoch id: 1, Training steps: 600, Avg loss: 0.084, Time: 0:03:06
Epoch id: 1, Training steps: 700, Avg loss: 0.084, Time: 0:03:37
Epoch id: 1, Training steps: 800, Avg loss: 0.083, Time: 0:04:08
Epoch id: 1, Training steps: 900, Avg loss: 0.081, Time: 0:04:39
Epoch id: 1, Training steps: 1000, Avg loss: 0.081, Time: 0:05:10
Epoch id: 1, Training steps: 1100, Avg loss: 0.081, Time: 0:05:41
Start evaluation on dev dataset.
/root/miniconda3/envs/lyq/lib/python3.8/site-packages/sklearn/metrics/_classification.py:1469: UndefinedMetricWarning: Precision is ill-defined and being set to 0.0 in samples with no predicted labels. Use `zero_division` parameter to control this behavior.
  _warn_prf(average, modifier, msg_start, len(result))
Acc. (Correct/Total):  0.00%% Prec: 0.0000 F1: 0.0000
Epoch id: 2, Training steps: 100, Avg loss: 0.107, Time: 0:06:51
Epoch id: 2, Training steps: 200, Avg loss: 0.076, Time: 0:07:22
Epoch id: 2, Training steps: 300, Avg loss: 0.074, Time: 0:07:53
Epoch id: 2, Training steps: 400, Avg loss: 0.072, Time: 0:08:24
Epoch id: 2, Training steps: 500, Avg loss: 0.066, Time: 0:08:55
Epoch id: 2, Training steps: 600, Avg loss: 0.067, Time: 0:09:26
Epoch id: 2, Training steps: 700, Avg loss: 0.063, Time: 0:09:57
Epoch id: 2, Training steps: 800, Avg loss: 0.061, Time: 0:10:28
Epoch id: 2, Training steps: 900, Avg loss: 0.056, Time: 0:10:59
Epoch id: 2, Training steps: 1000, Avg loss: 0.052, Time: 0:11:30
Epoch id: 2, Training steps: 1100, Avg loss: 0.051, Time: 0:12:01
Start evaluation on dev dataset.
/root/miniconda3/envs/lyq/lib/python3.8/site-packages/sklearn/metrics/_classification.py:1469: UndefinedMetricWarning: Precision is ill-defined and being set to 0.0 in samples with no predicted labels. Use `zero_division` parameter to control this behavior.
  _warn_prf(average, modifier, msg_start, len(result))
Acc. (Correct/Total): 19.43%% Prec: 0.2982 F1: 0.2656
Start evaluation on test dataset.
/root/miniconda3/envs/lyq/lib/python3.8/site-packages/sklearn/metrics/_classification.py:1469: UndefinedMetricWarning: Precision is ill-defined and being set to 0.0 in samples with no predicted labels. Use `zero_division` parameter to control this behavior.
  _warn_prf(average, modifier, msg_start, len(result))
Acc. (Correct/Total): 23.27%% Prec: 0.3365 F1: 0.3030
Epoch id: 3, Training steps: 100, Avg loss: 0.063, Time: 0:13:41
Epoch id: 3, Training steps: 200, Avg loss: 0.044, Time: 0:14:11
Epoch id: 3, Training steps: 300, Avg loss: 0.042, Time: 0:14:42
Epoch id: 3, Training steps: 400, Avg loss: 0.039, Time: 0:15:13
Epoch id: 3, Training steps: 500, Avg loss: 0.039, Time: 0:15:44
Epoch id: 3, Training steps: 600, Avg loss: 0.035, Time: 0:16:15
Epoch id: 3, Training steps: 700, Avg loss: 0.035, Time: 0:16:46
Epoch id: 3, Training steps: 800, Avg loss: 0.032, Time: 0:17:17
Epoch id: 3, Training steps: 900, Avg loss: 0.035, Time: 0:17:48
Epoch id: 3, Training steps: 1000, Avg loss: 0.031, Time: 0:18:19
Epoch id: 3, Training steps: 1100, Avg loss: 0.031, Time: 0:18:50
Start evaluation on dev dataset.
/root/miniconda3/envs/lyq/lib/python3.8/site-packages/sklearn/metrics/_classification.py:1469: UndefinedMetricWarning: Precision is ill-defined and being set to 0.0 in samples with no predicted labels. Use `zero_division` parameter to control this behavior.
  _warn_prf(average, modifier, msg_start, len(result))
Acc. (Correct/Total): 33.54%% Prec: 0.4911 F1: 0.4442
Start evaluation on test dataset.
/root/miniconda3/envs/lyq/lib/python3.8/site-packages/sklearn/metrics/_classification.py:1469: UndefinedMetricWarning: Precision is ill-defined and being set to 0.0 in samples with no predicted labels. Use `zero_division` parameter to control this behavior.
  _warn_prf(average, modifier, msg_start, len(result))
Acc. (Correct/Total): 39.43%% Prec: 0.5394 F1: 0.4957
Epoch id: 4, Training steps: 100, Avg loss: 0.038, Time: 0:20:30
Epoch id: 4, Training steps: 200, Avg loss: 0.028, Time: 0:21:01
Epoch id: 4, Training steps: 300, Avg loss: 0.026, Time: 0:21:32
Epoch id: 4, Training steps: 400, Avg loss: 0.027, Time: 0:22:03
Epoch id: 4, Training steps: 500, Avg loss: 0.026, Time: 0:22:34
Epoch id: 4, Training steps: 600, Avg loss: 0.024, Time: 0:23:05
Epoch id: 4, Training steps: 700, Avg loss: 0.024, Time: 0:23:36
Epoch id: 4, Training steps: 800, Avg loss: 0.025, Time: 0:24:07
Epoch id: 4, Training steps: 900, Avg loss: 0.023, Time: 0:24:38
Epoch id: 4, Training steps: 1000, Avg loss: 0.024, Time: 0:25:09
Epoch id: 4, Training steps: 1100, Avg loss: 0.025, Time: 0:25:40
Start evaluation on dev dataset.
/root/miniconda3/envs/lyq/lib/python3.8/site-packages/sklearn/metrics/_classification.py:1469: UndefinedMetricWarning: Precision is ill-defined and being set to 0.0 in samples with no predicted labels. Use `zero_division` parameter to control this behavior.
  _warn_prf(average, modifier, msg_start, len(result))
Acc. (Correct/Total): 38.68%% Prec: 0.5728 F1: 0.5188
Start evaluation on test dataset.
/root/miniconda3/envs/lyq/lib/python3.8/site-packages/sklearn/metrics/_classification.py:1469: UndefinedMetricWarning: Precision is ill-defined and being set to 0.0 in samples with no predicted labels. Use `zero_division` parameter to control this behavior.
  _warn_prf(average, modifier, msg_start, len(result))
Acc. (Correct/Total): 46.83%% Prec: 0.6426 F1: 0.5914
Epoch id: 5, Training steps: 100, Avg loss: 0.030, Time: 0:27:20
Epoch id: 5, Training steps: 200, Avg loss: 0.020, Time: 0:27:51
Epoch id: 5, Training steps: 300, Avg loss: 0.019, Time: 0:28:22
Epoch id: 5, Training steps: 400, Avg loss: 0.019, Time: 0:28:53
Epoch id: 5, Training steps: 500, Avg loss: 0.018, Time: 0:29:24
Epoch id: 5, Training steps: 600, Avg loss: 0.019, Time: 0:29:55
Epoch id: 5, Training steps: 700, Avg loss: 0.020, Time: 0:30:26
Epoch id: 5, Training steps: 800, Avg loss: 0.018, Time: 0:30:56
Epoch id: 5, Training steps: 900, Avg loss: 0.018, Time: 0:31:28
Epoch id: 5, Training steps: 1000, Avg loss: 0.019, Time: 0:31:58
Epoch id: 5, Training steps: 1100, Avg loss: 0.018, Time: 0:32:29
Start evaluation on dev dataset.
/root/miniconda3/envs/lyq/lib/python3.8/site-packages/sklearn/metrics/_classification.py:1469: UndefinedMetricWarning: Precision is ill-defined and being set to 0.0 in samples with no predicted labels. Use `zero_division` parameter to control this behavior.
  _warn_prf(average, modifier, msg_start, len(result))
Acc. (Correct/Total): 43.33%% Prec: 0.6413 F1: 0.5918
Start evaluation on test dataset.
/root/miniconda3/envs/lyq/lib/python3.8/site-packages/sklearn/metrics/_classification.py:1469: UndefinedMetricWarning: Precision is ill-defined and being set to 0.0 in samples with no predicted labels. Use `zero_division` parameter to control this behavior.
  _warn_prf(average, modifier, msg_start, len(result))
Acc. (Correct/Total): 53.94%% Prec: 0.7219 F1: 0.6760
Epoch id: 6, Training steps: 100, Avg loss: 0.022, Time: 0:34:09
Epoch id: 6, Training steps: 200, Avg loss: 0.015, Time: 0:34:40
Epoch id: 6, Training steps: 300, Avg loss: 0.014, Time: 0:35:11
Epoch id: 6, Training steps: 400, Avg loss: 0.014, Time: 0:35:42
Epoch id: 6, Training steps: 500, Avg loss: 0.014, Time: 0:36:13
Epoch id: 6, Training steps: 600, Avg loss: 0.015, Time: 0:36:44
Epoch id: 6, Training steps: 700, Avg loss: 0.014, Time: 0:37:15
Epoch id: 6, Training steps: 800, Avg loss: 0.016, Time: 0:37:46
Epoch id: 6, Training steps: 900, Avg loss: 0.015, Time: 0:38:17
Epoch id: 6, Training steps: 1000, Avg loss: 0.015, Time: 0:38:48
Epoch id: 6, Training steps: 1100, Avg loss: 0.014, Time: 0:39:19
Start evaluation on dev dataset.
/root/miniconda3/envs/lyq/lib/python3.8/site-packages/sklearn/metrics/_classification.py:1469: UndefinedMetricWarning: Precision is ill-defined and being set to 0.0 in samples with no predicted labels. Use `zero_division` parameter to control this behavior.
  _warn_prf(average, modifier, msg_start, len(result))
Acc. (Correct/Total): 47.60%% Prec: 0.6825 F1: 0.6306
Start evaluation on test dataset.
/root/miniconda3/envs/lyq/lib/python3.8/site-packages/sklearn/metrics/_classification.py:1469: UndefinedMetricWarning: Precision is ill-defined and being set to 0.0 in samples with no predicted labels. Use `zero_division` parameter to control this behavior.
  _warn_prf(average, modifier, msg_start, len(result))
Acc. (Correct/Total): 55.83%% Prec: 0.7549 F1: 0.7054
Epoch id: 7, Training steps: 100, Avg loss: 0.017, Time: 0:40:58
Epoch id: 7, Training steps: 200, Avg loss: 0.010, Time: 0:41:29
Epoch id: 7, Training steps: 300, Avg loss: 0.011, Time: 0:42:00
Epoch id: 7, Training steps: 400, Avg loss: 0.013, Time: 0:42:31
Epoch id: 7, Training steps: 500, Avg loss: 0.011, Time: 0:43:02
Epoch id: 7, Training steps: 600, Avg loss: 0.012, Time: 0:43:33
Epoch id: 7, Training steps: 700, Avg loss: 0.011, Time: 0:44:04
Epoch id: 7, Training steps: 800, Avg loss: 0.012, Time: 0:44:34
Epoch id: 7, Training steps: 900, Avg loss: 0.011, Time: 0:45:05
Epoch id: 7, Training steps: 1000, Avg loss: 0.010, Time: 0:45:36
Epoch id: 7, Training steps: 1100, Avg loss: 0.012, Time: 0:46:07
Start evaluation on dev dataset.
/root/miniconda3/envs/lyq/lib/python3.8/site-packages/sklearn/metrics/_classification.py:1469: UndefinedMetricWarning: Precision is ill-defined and being set to 0.0 in samples with no predicted labels. Use `zero_division` parameter to control this behavior.
  _warn_prf(average, modifier, msg_start, len(result))
Acc. (Correct/Total): 49.42%% Prec: 0.7031 F1: 0.6563
Start evaluation on test dataset.
/root/miniconda3/envs/lyq/lib/python3.8/site-packages/sklearn/metrics/_classification.py:1469: UndefinedMetricWarning: Precision is ill-defined and being set to 0.0 in samples with no predicted labels. Use `zero_division` parameter to control this behavior.
  _warn_prf(average, modifier, msg_start, len(result))
Acc. (Correct/Total): 58.64%% Prec: 0.7808 F1: 0.7358
Epoch id: 8, Training steps: 100, Avg loss: 0.015, Time: 0:47:46
Epoch id: 8, Training steps: 200, Avg loss: 0.009, Time: 0:48:17
Epoch id: 8, Training steps: 300, Avg loss: 0.008, Time: 0:48:48
Epoch id: 8, Training steps: 400, Avg loss: 0.008, Time: 0:49:19
Epoch id: 8, Training steps: 500, Avg loss: 0.008, Time: 0:49:50
Epoch id: 8, Training steps: 600, Avg loss: 0.009, Time: 0:50:21
Epoch id: 8, Training steps: 700, Avg loss: 0.008, Time: 0:50:52
Epoch id: 8, Training steps: 800, Avg loss: 0.009, Time: 0:51:23
Epoch id: 8, Training steps: 900, Avg loss: 0.009, Time: 0:51:54
Epoch id: 8, Training steps: 1000, Avg loss: 0.010, Time: 0:52:25
Epoch id: 8, Training steps: 1100, Avg loss: 0.009, Time: 0:52:56
Start evaluation on dev dataset.
/root/miniconda3/envs/lyq/lib/python3.8/site-packages/sklearn/metrics/_classification.py:1469: UndefinedMetricWarning: Precision is ill-defined and being set to 0.0 in samples with no predicted labels. Use `zero_division` parameter to control this behavior.
  _warn_prf(average, modifier, msg_start, len(result))
Acc. (Correct/Total): 50.19%% Prec: 0.6984 F1: 0.6586
Start evaluation on test dataset.
/root/miniconda3/envs/lyq/lib/python3.8/site-packages/sklearn/metrics/_classification.py:1469: UndefinedMetricWarning: Precision is ill-defined and being set to 0.0 in samples with no predicted labels. Use `zero_division` parameter to control this behavior.
  _warn_prf(average, modifier, msg_start, len(result))
Acc. (Correct/Total): 59.46%% Prec: 0.7748 F1: 0.7393
Epoch id: 9, Training steps: 100, Avg loss: 0.009, Time: 0:54:36
Epoch id: 9, Training steps: 200, Avg loss: 0.006, Time: 0:55:07
Epoch id: 9, Training steps: 300, Avg loss: 0.007, Time: 0:55:37
Epoch id: 9, Training steps: 400, Avg loss: 0.007, Time: 0:56:08
Epoch id: 9, Training steps: 500, Avg loss: 0.007, Time: 0:56:39
Epoch id: 9, Training steps: 600, Avg loss: 0.007, Time: 0:57:10
Epoch id: 9, Training steps: 700, Avg loss: 0.007, Time: 0:57:41
Epoch id: 9, Training steps: 800, Avg loss: 0.007, Time: 0:58:12
Epoch id: 9, Training steps: 900, Avg loss: 0.008, Time: 0:58:43
Epoch id: 9, Training steps: 1000, Avg loss: 0.008, Time: 0:59:14
Epoch id: 9, Training steps: 1100, Avg loss: 0.007, Time: 0:59:45
Start evaluation on dev dataset.
/root/miniconda3/envs/lyq/lib/python3.8/site-packages/sklearn/metrics/_classification.py:1469: UndefinedMetricWarning: Precision is ill-defined and being set to 0.0 in samples with no predicted labels. Use `zero_division` parameter to control this behavior.
  _warn_prf(average, modifier, msg_start, len(result))
Acc. (Correct/Total): 52.69%% Prec: 0.7298 F1: 0.6918
Start evaluation on test dataset.
/root/miniconda3/envs/lyq/lib/python3.8/site-packages/sklearn/metrics/_classification.py:1469: UndefinedMetricWarning: Precision is ill-defined and being set to 0.0 in samples with no predicted labels. Use `zero_division` parameter to control this behavior.
  _warn_prf(average, modifier, msg_start, len(result))
Acc. (Correct/Total): 61.01%% Prec: 0.7896 F1: 0.7555
Epoch id: 10, Training steps: 100, Avg loss: 0.009, Time: 1:01:25
Epoch id: 10, Training steps: 200, Avg loss: 0.005, Time: 1:01:55
Epoch id: 10, Training steps: 300, Avg loss: 0.005, Time: 1:02:26
Epoch id: 10, Training steps: 400, Avg loss: 0.005, Time: 1:02:58
Epoch id: 10, Training steps: 500, Avg loss: 0.005, Time: 1:03:29
Epoch id: 10, Training steps: 600, Avg loss: 0.004, Time: 1:04:00
Epoch id: 10, Training steps: 700, Avg loss: 0.006, Time: 1:04:31
Epoch id: 10, Training steps: 800, Avg loss: 0.005, Time: 1:05:02
Epoch id: 10, Training steps: 900, Avg loss: 0.005, Time: 1:05:33
Epoch id: 10, Training steps: 1000, Avg loss: 0.005, Time: 1:06:04
Epoch id: 10, Training steps: 1100, Avg loss: 0.006, Time: 1:06:35
Start evaluation on dev dataset.
/root/miniconda3/envs/lyq/lib/python3.8/site-packages/sklearn/metrics/_classification.py:1469: UndefinedMetricWarning: Precision is ill-defined and being set to 0.0 in samples with no predicted labels. Use `zero_division` parameter to control this behavior.
  _warn_prf(average, modifier, msg_start, len(result))
Acc. (Correct/Total): 52.88%% Prec: 0.7371 F1: 0.7031
Start evaluation on test dataset.
/root/miniconda3/envs/lyq/lib/python3.8/site-packages/sklearn/metrics/_classification.py:1469: UndefinedMetricWarning: Precision is ill-defined and being set to 0.0 in samples with no predicted labels. Use `zero_division` parameter to control this behavior.
  _warn_prf(average, modifier, msg_start, len(result))
Acc. (Correct/Total): 59.94%% Prec: 0.7810 F1: 0.7501
Epoch id: 11, Training steps: 100, Avg loss: 0.006, Time: 1:08:14
Epoch id: 11, Training steps: 200, Avg loss: 0.004, Time: 1:08:45
Epoch id: 11, Training steps: 300, Avg loss: 0.004, Time: 1:09:16
Epoch id: 11, Training steps: 400, Avg loss: 0.004, Time: 1:09:47
Epoch id: 11, Training steps: 500, Avg loss: 0.005, Time: 1:10:18
Epoch id: 11, Training steps: 600, Avg loss: 0.004, Time: 1:10:49
Epoch id: 11, Training steps: 700, Avg loss: 0.004, Time: 1:11:20
Epoch id: 11, Training steps: 800, Avg loss: 0.004, Time: 1:11:51
Epoch id: 11, Training steps: 900, Avg loss: 0.004, Time: 1:12:22
Epoch id: 11, Training steps: 1000, Avg loss: 0.005, Time: 1:12:53
Epoch id: 11, Training steps: 1100, Avg loss: 0.004, Time: 1:13:24
Start evaluation on dev dataset.
/root/miniconda3/envs/lyq/lib/python3.8/site-packages/sklearn/metrics/_classification.py:1469: UndefinedMetricWarning: Precision is ill-defined and being set to 0.0 in samples with no predicted labels. Use `zero_division` parameter to control this behavior.
  _warn_prf(average, modifier, msg_start, len(result))
Acc. (Correct/Total): 52.83%% Prec: 0.7330 F1: 0.7060
Epoch id: 12, Training steps: 100, Avg loss: 0.005, Time: 1:14:35
Epoch id: 12, Training steps: 200, Avg loss: 0.002, Time: 1:15:06
Epoch id: 12, Training steps: 300, Avg loss: 0.004, Time: 1:15:37
Epoch id: 12, Training steps: 400, Avg loss: 0.003, Time: 1:16:08
Epoch id: 12, Training steps: 500, Avg loss: 0.003, Time: 1:16:39
Epoch id: 12, Training steps: 600, Avg loss: 0.003, Time: 1:17:09
Epoch id: 12, Training steps: 700, Avg loss: 0.003, Time: 1:17:41
Epoch id: 12, Training steps: 800, Avg loss: 0.003, Time: 1:18:12
Epoch id: 12, Training steps: 900, Avg loss: 0.003, Time: 1:18:42
Epoch id: 12, Training steps: 1000, Avg loss: 0.005, Time: 1:19:13
Epoch id: 12, Training steps: 1100, Avg loss: 0.004, Time: 1:19:45
Start evaluation on dev dataset.
/root/miniconda3/envs/lyq/lib/python3.8/site-packages/sklearn/metrics/_classification.py:1469: UndefinedMetricWarning: Precision is ill-defined and being set to 0.0 in samples with no predicted labels. Use `zero_division` parameter to control this behavior.
  _warn_prf(average, modifier, msg_start, len(result))
Acc. (Correct/Total): 54.22%% Prec: 0.7370 F1: 0.7103
Start evaluation on test dataset.
/root/miniconda3/envs/lyq/lib/python3.8/site-packages/sklearn/metrics/_classification.py:1469: UndefinedMetricWarning: Precision is ill-defined and being set to 0.0 in samples with no predicted labels. Use `zero_division` parameter to control this behavior.
  _warn_prf(average, modifier, msg_start, len(result))
Acc. (Correct/Total): 61.15%% Prec: 0.7853 F1: 0.7594
Epoch id: 13, Training steps: 100, Avg loss: 0.005, Time: 1:21:24
Epoch id: 13, Training steps: 200, Avg loss: 0.003, Time: 1:21:55
Epoch id: 13, Training steps: 300, Avg loss: 0.003, Time: 1:22:26
Epoch id: 13, Training steps: 400, Avg loss: 0.002, Time: 1:22:57
Epoch id: 13, Training steps: 500, Avg loss: 0.002, Time: 1:23:28
Epoch id: 13, Training steps: 600, Avg loss: 0.002, Time: 1:23:59
Epoch id: 13, Training steps: 700, Avg loss: 0.003, Time: 1:24:30
Epoch id: 13, Training steps: 800, Avg loss: 0.002, Time: 1:25:01
Epoch id: 13, Training steps: 900, Avg loss: 0.003, Time: 1:25:32
Epoch id: 13, Training steps: 1000, Avg loss: 0.003, Time: 1:26:03
Epoch id: 13, Training steps: 1100, Avg loss: 0.003, Time: 1:26:34
Start evaluation on dev dataset.
/root/miniconda3/envs/lyq/lib/python3.8/site-packages/sklearn/metrics/_classification.py:1469: UndefinedMetricWarning: Precision is ill-defined and being set to 0.0 in samples with no predicted labels. Use `zero_division` parameter to control this behavior.
  _warn_prf(average, modifier, msg_start, len(result))
Acc. (Correct/Total): 53.65%% Prec: 0.7342 F1: 0.7084
Epoch id: 14, Training steps: 100, Avg loss: 0.004, Time: 1:27:45
Epoch id: 14, Training steps: 200, Avg loss: 0.002, Time: 1:28:16
Epoch id: 14, Training steps: 300, Avg loss: 0.002, Time: 1:28:47
Epoch id: 14, Training steps: 400, Avg loss: 0.002, Time: 1:29:18
Epoch id: 14, Training steps: 500, Avg loss: 0.003, Time: 1:29:49
Epoch id: 14, Training steps: 600, Avg loss: 0.003, Time: 1:30:20
Epoch id: 14, Training steps: 700, Avg loss: 0.002, Time: 1:30:51
Epoch id: 14, Training steps: 800, Avg loss: 0.002, Time: 1:31:22
Epoch id: 14, Training steps: 900, Avg loss: 0.002, Time: 1:31:53
Epoch id: 14, Training steps: 1000, Avg loss: 0.003, Time: 1:32:24
Epoch id: 14, Training steps: 1100, Avg loss: 0.002, Time: 1:32:55
Start evaluation on dev dataset.
/root/miniconda3/envs/lyq/lib/python3.8/site-packages/sklearn/metrics/_classification.py:1469: UndefinedMetricWarning: Precision is ill-defined and being set to 0.0 in samples with no predicted labels. Use `zero_division` parameter to control this behavior.
  _warn_prf(average, modifier, msg_start, len(result))
Acc. (Correct/Total): 55.09%% Prec: 0.7457 F1: 0.7230
Start evaluation on test dataset.
/root/miniconda3/envs/lyq/lib/python3.8/site-packages/sklearn/metrics/_classification.py:1469: UndefinedMetricWarning: Precision is ill-defined and being set to 0.0 in samples with no predicted labels. Use `zero_division` parameter to control this behavior.
  _warn_prf(average, modifier, msg_start, len(result))
Acc. (Correct/Total): 63.28%% Prec: 0.7995 F1: 0.7744
Epoch id: 15, Training steps: 100, Avg loss: 0.004, Time: 1:34:34
Epoch id: 15, Training steps: 200, Avg loss: 0.002, Time: 1:35:05
Epoch id: 15, Training steps: 300, Avg loss: 0.002, Time: 1:35:36
Epoch id: 15, Training steps: 400, Avg loss: 0.002, Time: 1:36:07
Epoch id: 15, Training steps: 500, Avg loss: 0.002, Time: 1:36:38
Epoch id: 15, Training steps: 600, Avg loss: 0.002, Time: 1:37:09
Epoch id: 15, Training steps: 700, Avg loss: 0.002, Time: 1:37:40
Epoch id: 15, Training steps: 800, Avg loss: 0.002, Time: 1:38:11
Epoch id: 15, Training steps: 900, Avg loss: 0.002, Time: 1:38:42
Epoch id: 15, Training steps: 1000, Avg loss: 0.002, Time: 1:39:13
Epoch id: 15, Training steps: 1100, Avg loss: 0.002, Time: 1:39:44
Start evaluation on dev dataset.
/root/miniconda3/envs/lyq/lib/python3.8/site-packages/sklearn/metrics/_classification.py:1469: UndefinedMetricWarning: Precision is ill-defined and being set to 0.0 in samples with no predicted labels. Use `zero_division` parameter to control this behavior.
  _warn_prf(average, modifier, msg_start, len(result))
Acc. (Correct/Total): 56.19%% Prec: 0.7503 F1: 0.7253
Start evaluation on test dataset.
/root/miniconda3/envs/lyq/lib/python3.8/site-packages/sklearn/metrics/_classification.py:1469: UndefinedMetricWarning: Precision is ill-defined and being set to 0.0 in samples with no predicted labels. Use `zero_division` parameter to control this behavior.
  _warn_prf(average, modifier, msg_start, len(result))
Acc. (Correct/Total): 63.18%% Prec: 0.8010 F1: 0.7733
Epoch id: 16, Training steps: 100, Avg loss: 0.002, Time: 1:41:24
Epoch id: 16, Training steps: 200, Avg loss: 0.001, Time: 1:41:55
Epoch id: 16, Training steps: 300, Avg loss: 0.002, Time: 1:42:26
Epoch id: 16, Training steps: 400, Avg loss: 0.002, Time: 1:42:57
Epoch id: 16, Training steps: 500, Avg loss: 0.002, Time: 1:43:28
Epoch id: 16, Training steps: 600, Avg loss: 0.001, Time: 1:43:59
Epoch id: 16, Training steps: 700, Avg loss: 0.002, Time: 1:44:30
Epoch id: 16, Training steps: 800, Avg loss: 0.001, Time: 1:45:01
Epoch id: 16, Training steps: 900, Avg loss: 0.002, Time: 1:45:32
Epoch id: 16, Training steps: 1000, Avg loss: 0.002, Time: 1:46:03
Epoch id: 16, Training steps: 1100, Avg loss: 0.002, Time: 1:46:34
Start evaluation on dev dataset.
/root/miniconda3/envs/lyq/lib/python3.8/site-packages/sklearn/metrics/_classification.py:1469: UndefinedMetricWarning: Precision is ill-defined and being set to 0.0 in samples with no predicted labels. Use `zero_division` parameter to control this behavior.
  _warn_prf(average, modifier, msg_start, len(result))
Acc. (Correct/Total): 55.33%% Prec: 0.7546 F1: 0.7338
Epoch id: 17, Training steps: 100, Avg loss: 0.002, Time: 1:47:44
Epoch id: 17, Training steps: 200, Avg loss: 0.001, Time: 1:48:15
Epoch id: 17, Training steps: 300, Avg loss: 0.001, Time: 1:48:46
Epoch id: 17, Training steps: 400, Avg loss: 0.002, Time: 1:49:17
Epoch id: 17, Training steps: 500, Avg loss: 0.001, Time: 1:49:48
Epoch id: 17, Training steps: 600, Avg loss: 0.002, Time: 1:50:19
Epoch id: 17, Training steps: 700, Avg loss: 0.002, Time: 1:50:50
Epoch id: 17, Training steps: 800, Avg loss: 0.002, Time: 1:51:21
Epoch id: 17, Training steps: 900, Avg loss: 0.001, Time: 1:51:52
Epoch id: 17, Training steps: 1000, Avg loss: 0.001, Time: 1:52:24
Epoch id: 17, Training steps: 1100, Avg loss: 0.002, Time: 1:52:55
Start evaluation on dev dataset.
/root/miniconda3/envs/lyq/lib/python3.8/site-packages/sklearn/metrics/_classification.py:1469: UndefinedMetricWarning: Precision is ill-defined and being set to 0.0 in samples with no predicted labels. Use `zero_division` parameter to control this behavior.
  _warn_prf(average, modifier, msg_start, len(result))
Acc. (Correct/Total): 53.41%% Prec: 0.7444 F1: 0.7182
Epoch id: 18, Training steps: 100, Avg loss: 0.003, Time: 1:54:05
Epoch id: 18, Training steps: 200, Avg loss: 0.002, Time: 1:54:36
Epoch id: 18, Training steps: 300, Avg loss: 0.001, Time: 1:55:07
Epoch id: 18, Training steps: 400, Avg loss: 0.002, Time: 1:55:38
Epoch id: 18, Training steps: 500, Avg loss: 0.002, Time: 1:56:09
Epoch id: 18, Training steps: 600, Avg loss: 0.001, Time: 1:56:40
Epoch id: 18, Training steps: 700, Avg loss: 0.002, Time: 1:57:11
Epoch id: 18, Training steps: 800, Avg loss: 0.002, Time: 1:57:42
Epoch id: 18, Training steps: 900, Avg loss: 0.002, Time: 1:58:13
Epoch id: 18, Training steps: 1000, Avg loss: 0.002, Time: 1:58:44
Epoch id: 18, Training steps: 1100, Avg loss: 0.002, Time: 1:59:15
Start evaluation on dev dataset.
/root/miniconda3/envs/lyq/lib/python3.8/site-packages/sklearn/metrics/_classification.py:1469: UndefinedMetricWarning: Precision is ill-defined and being set to 0.0 in samples with no predicted labels. Use `zero_division` parameter to control this behavior.
  _warn_prf(average, modifier, msg_start, len(result))
Acc. (Correct/Total): 54.65%% Prec: 0.7341 F1: 0.7091
Epoch id: 19, Training steps: 100, Avg loss: 0.002, Time: 2:00:26
Epoch id: 19, Training steps: 200, Avg loss: 0.001, Time: 2:00:57
Epoch id: 19, Training steps: 300, Avg loss: 0.001, Time: 2:01:28
Epoch id: 19, Training steps: 400, Avg loss: 0.002, Time: 2:01:59
Epoch id: 19, Training steps: 500, Avg loss: 0.001, Time: 2:02:30
Epoch id: 19, Training steps: 600, Avg loss: 0.001, Time: 2:03:01
Epoch id: 19, Training steps: 700, Avg loss: 0.001, Time: 2:03:32
Epoch id: 19, Training steps: 800, Avg loss: 0.001, Time: 2:04:03
Epoch id: 19, Training steps: 900, Avg loss: 0.001, Time: 2:04:34
Epoch id: 19, Training steps: 1000, Avg loss: 0.001, Time: 2:05:05
Epoch id: 19, Training steps: 1100, Avg loss: 0.001, Time: 2:05:36
Start evaluation on dev dataset.
/root/miniconda3/envs/lyq/lib/python3.8/site-packages/sklearn/metrics/_classification.py:1469: UndefinedMetricWarning: Precision is ill-defined and being set to 0.0 in samples with no predicted labels. Use `zero_division` parameter to control this behavior.
  _warn_prf(average, modifier, msg_start, len(result))
Acc. (Correct/Total): 53.41%% Prec: 0.7337 F1: 0.7108
Epoch id: 20, Training steps: 100, Avg loss: 0.001, Time: 2:06:47
Epoch id: 20, Training steps: 200, Avg loss: 0.001, Time: 2:07:18
Epoch id: 20, Training steps: 300, Avg loss: 0.001, Time: 2:07:49
Epoch id: 20, Training steps: 400, Avg loss: 0.001, Time: 2:08:20
Epoch id: 20, Training steps: 500, Avg loss: 0.001, Time: 2:08:51
Epoch id: 20, Training steps: 600, Avg loss: 0.001, Time: 2:09:22
Epoch id: 20, Training steps: 700, Avg loss: 0.001, Time: 2:09:53
Epoch id: 20, Training steps: 800, Avg loss: 0.001, Time: 2:10:24
Epoch id: 20, Training steps: 900, Avg loss: 0.001, Time: 2:10:55
Epoch id: 20, Training steps: 1000, Avg loss: 0.001, Time: 2:11:26
Epoch id: 20, Training steps: 1100, Avg loss: 0.001, Time: 2:11:57
Start evaluation on dev dataset.
/root/miniconda3/envs/lyq/lib/python3.8/site-packages/sklearn/metrics/_classification.py:1469: UndefinedMetricWarning: Precision is ill-defined and being set to 0.0 in samples with no predicted labels. Use `zero_division` parameter to control this behavior.
  _warn_prf(average, modifier, msg_start, len(result))
Acc. (Correct/Total): 56.77%% Prec: 0.7673 F1: 0.7423
Start evaluation on test dataset.
/root/miniconda3/envs/lyq/lib/python3.8/site-packages/sklearn/metrics/_classification.py:1469: UndefinedMetricWarning: Precision is ill-defined and being set to 0.0 in samples with no predicted labels. Use `zero_division` parameter to control this behavior.
  _warn_prf(average, modifier, msg_start, len(result))
Acc. (Correct/Total): 63.13%% Prec: 0.8070 F1: 0.7846
Final evaluation on the test dataset.
The number of evaluation instances:  2067
/root/miniconda3/envs/lyq/lib/python3.8/site-packages/sklearn/metrics/_classification.py:1469: UndefinedMetricWarning: Precision is ill-defined and being set to 0.0 in samples with no predicted labels. Use `zero_division` parameter to control this behavior.
  _warn_prf(average, modifier, msg_start, len(result))
/root/miniconda3/envs/lyq/lib/python3.8/site-packages/sklearn/metrics/_classification.py:1469: UndefinedMetricWarning: Precision and F-score are ill-defined and being set to 0.0 in labels with no predicted samples. Use `zero_division` parameter to control this behavior.
  _warn_prf(average, modifier, msg_start, len(result))
/root/miniconda3/envs/lyq/lib/python3.8/site-packages/sklearn/metrics/_classification.py:1469: UndefinedMetricWarning: Precision and F-score are ill-defined and being set to 0.0 in samples with no predicted labels. Use `zero_division` parameter to control this behavior.
  _warn_prf(average, modifier, msg_start, len(result))
Acc. (Correct/Total): 63.13% Prec: 0.8070 F1: 0.7846
Precision, Recall and F1-Score...
              precision    recall  f1-score   support

         教育学     0.8417    0.9710    0.9017       241
          法学     0.8500    0.9107    0.8793       224
      中国语言文学     0.8765    0.8054    0.8394       185
         政治学     0.7843    0.7362    0.7595       163
         社会学     0.8571    0.8408    0.8489       157
         心理学     0.8750    0.6829    0.7671       123
       应用经济学     0.7614    0.5726    0.6537       117
         历史学     0.7831    0.5963    0.6771       109
     环境科学与工程     0.8509    0.8981    0.8739       108
          哲学     0.8800    0.6804    0.7674        97
      外国语言文学     0.8148    0.7765    0.7952        85
         生物学     0.8642    0.8861    0.8750        79
      交通运输工程     0.8837    0.9744    0.9268        78
        临床医学     0.8158    0.8158    0.8158        76
    计算机科学与技术     0.7600    0.8028    0.7808        71
        土木工程     0.8205    0.9697    0.8889        66
   航空宇航科学与技术     1.0000    0.8689    0.9298        61
         民族学     0.7317    0.5455    0.6250        55
   公共卫生与预防医学     0.7222    0.7647    0.7429        51
         美术学     0.8305    0.9800    0.8991        50
         艺术学     0.6786    0.8837    0.7677        43
         地理学     0.8056    0.6905    0.7436        42
         体育学     0.8966    0.6500    0.7536        40
       理论经济学     0.8788    0.7632    0.8169        38
         中医学     0.8387    0.7027    0.7647        37
         物理学     0.8421    0.8889    0.8649        36
          林学     0.7576    0.7576    0.7576        33
          数学     0.8095    0.5312    0.6415        32
     电子科学与技术     0.6957    0.5161    0.5926        31
        基础医学     0.6000    0.5172    0.5556        29
        工商管理     0.8235    0.5185    0.6364        27
       新闻传播学     0.8500    0.7727    0.8095        22
         天文学     0.8000    0.9091    0.8511        22
         地质学     0.9286    0.6190    0.7429        21
         畜牧学     0.8571    0.8571    0.8571        21
   军事思想及军事历史     0.8095    0.8500    0.8293        20
     管理科学与工程     0.5385    0.7778    0.6364        18
     测绘科学与技术     0.8000    0.7059    0.7500        17
        水利工程     0.8571    0.7500    0.8000        16
        大气科学     0.7000    0.8750    0.7778        16
     兵器科学与技术     0.6667    0.8000    0.7273        15
       地球物理学     0.7500    0.2143    0.3333        14
        电气工程     0.8889    0.6154    0.7273        13
         作物学     0.7000    0.5385    0.6087        13
     控制科学与工程     0.4667    0.5385    0.5000        13
     信息与通信工程     0.5333    0.6154    0.5714        13
        公共管理     0.2222    0.1538    0.1818        13
         建筑学     0.7500    0.2308    0.3529        13
     化学工程与技术     0.7692    0.8333    0.8000        12
          力学     0.6667    0.7273    0.6957        11
        海洋科学     0.9091    0.9091    0.9091        11
     轻工技术与工程     0.4286    0.5455    0.4800        11
        农业工程     1.0000    0.4000    0.5714        10
         园艺学     0.9000    0.9000    0.9000        10
       中西医结合     1.0000    0.1000    0.1818        10
        机械工程     0.8889    0.8889    0.8889         9
       科学技术史     1.0000    0.6250    0.7692         8
     船舶与海洋工程     1.0000    0.7500    0.8571         8
   图书情报与档案管理     0.7000    0.8750    0.7778         8
        植物保护     0.7273    1.0000    0.8421         8
     材料科学与工程     1.0000    0.7500    0.8571         8
         统计学     0.5455    0.7500    0.6316         8
          化学     1.0000    1.0000    1.0000         8
     食品科学与工程     0.5714    0.5000    0.5333         8
          水产     0.8750    1.0000    0.9333         7
          药学     1.0000    0.8571    0.9231         7
     农业资源与环境     0.7500    0.8571    0.8000         7
         世界史     0.7000    1.0000    0.8235         7
        系统科学     0.8750    1.0000    0.9333         7
      农林经济管理     0.8000    0.8000    0.8000         5
       军队指挥学     1.0000    0.4000    0.5714         5
        矿业工程     0.7500    0.6000    0.6667         5
     纺织科学与工程     0.7143    1.0000    0.8333         5
  动力工程及工程热物理     0.0000    0.0000    0.0000         4
        林业工程     0.3333    0.2500    0.2857         4
     仪器科学与技术     0.0000    0.0000    0.0000         3
         战略学     0.5000    0.6667    0.5714         3
   地质资源与地质工程     0.5000    1.0000    0.6667         3
        旅游管理     1.0000    0.6667    0.8000         3
 图书馆、情报与档案管理     0.0000    0.0000    0.0000         2
        冶金工程     1.0000    0.5000    0.6667         2
      核科学与技术     1.0000    0.5000    0.6667         2

   micro avg     0.8136    0.7763    0.7945      3093
   macro avg     0.7592    0.6948    0.7053      3093
weighted avg     0.8153    0.7763    0.7868      3093
 samples avg     0.8070    0.7908    0.7846      3093

