/root/miniconda3/envs/lyq/lib/python3.8/site-packages/scipy/__init__.py:146: UserWarning: A NumPy version >=1.16.5 and <1.23.0 is required for this version of SciPy (detected version 1.23.5
  warnings.warn(f"A NumPy version >={np_minversion} and <{np_maxversion}"
  0%|          | 0/82 [00:00<?, ?it/s]100%|██████████| 82/82 [00:00<00:00, 377948.27it/s]
model:  ernie-rcnn
pretrained:  ernie1
task:  MLC
dataset:  book_multilabels_task
seq_length:  256
hidden_dropout_prob:  0.1
attention_probs_dropout_prob:  0.1
epochs_num:  20
batch_size:  32
learning_rate:  2.3e-05
report_steps:  100
kg_name:  CnDbpedia
no_kg:  False
no_vm:  False
Vocabulary Size:  17964
[BertClassifier] use visible_matrix: True
Some weights of ErnieRCNNForMultiLabelSequenceClassification were not initialized from the model checkpoint at ./models/ernie1 and are newly initialized: ['lstm.weight_ih_l0', 'lstm.bias_ih_l1', 'lstm.bias_hh_l1_reverse', 'classifier.weight', 'lstm.bias_hh_l0', 'lstm.bias_ih_l0', 'lstm.bias_hh_l1', 'lstm.weight_ih_l0_reverse', 'classifier.bias', 'output_layer_1.bias', 'lstm.weight_hh_l0_reverse', 'lstm.weight_ih_l1_reverse', 'lstm.weight_hh_l1', 'lstm.bias_ih_l1_reverse', 'lstm.bias_ih_l0_reverse', 'output_layer_1.weight', 'lstm.weight_hh_l1_reverse', 'lstm.weight_hh_l0', 'lstm.weight_ih_l1', 'lstm.bias_hh_l0_reverse']
You should probably TRAIN this model on a down-stream task to be able to use it for predictions and inference.
1 GPUs are available. Let's use them.
device:  cuda
[KnowledgeGraph] Loading spo from /Lyq/experiment/K-BERT-HUGGINGFACE/brain/kgs/CnDbpedia.spo
Start training.
Loading sentences from ./datasets/book_multilabels_task/train.tsv
There are 9097 sentence in total. We use 1 processes to inject knowledge into sentences.
Progress of process 0: 0/9097
Loading sentences from ./datasets/book_multilabels_task/dev.tsv
There are 2084 sentence in total. We use 1 processes to inject knowledge into sentences.
Progress of process 0: 0/2084
Loading sentences from ./datasets/book_multilabels_task/test.tsv
There are 2067 sentence in total. We use 1 processes to inject knowledge into sentences.
Progress of process 0: 0/2067
Epoch id: 1, Training steps: 100, Avg loss: 0.227, Time: 0:00:59
Epoch id: 1, Training steps: 200, Avg loss: 0.086, Time: 0:01:55
Start evaluation on dev dataset.
/root/miniconda3/envs/lyq/lib/python3.8/site-packages/sklearn/metrics/_classification.py:1469: UndefinedMetricWarning: Precision is ill-defined and being set to 0.0 in samples with no predicted labels. Use `zero_division` parameter to control this behavior.
  _warn_prf(average, modifier, msg_start, len(result))
Acc. (Correct/Total):  0.00%% Prec: 0.0000 F1: 0.0000
Epoch id: 2, Training steps: 100, Avg loss: 0.146, Time: 0:04:00
Epoch id: 2, Training steps: 200, Avg loss: 0.069, Time: 0:04:50
Start evaluation on dev dataset.
/root/miniconda3/envs/lyq/lib/python3.8/site-packages/sklearn/metrics/_classification.py:1469: UndefinedMetricWarning: Precision is ill-defined and being set to 0.0 in samples with no predicted labels. Use `zero_division` parameter to control this behavior.
  _warn_prf(average, modifier, msg_start, len(result))
Acc. (Correct/Total):  1.34%% Prec: 0.0365 F1: 0.0288
Start evaluation on test dataset.
/root/miniconda3/envs/lyq/lib/python3.8/site-packages/sklearn/metrics/_classification.py:1469: UndefinedMetricWarning: Precision is ill-defined and being set to 0.0 in samples with no predicted labels. Use `zero_division` parameter to control this behavior.
  _warn_prf(average, modifier, msg_start, len(result))
Acc. (Correct/Total):  0.73%% Prec: 0.0256 F1: 0.0194
Epoch id: 3, Training steps: 100, Avg loss: 0.102, Time: 0:07:03
Epoch id: 3, Training steps: 200, Avg loss: 0.046, Time: 0:07:57
Start evaluation on dev dataset.
/root/miniconda3/envs/lyq/lib/python3.8/site-packages/sklearn/metrics/_classification.py:1469: UndefinedMetricWarning: Precision is ill-defined and being set to 0.0 in samples with no predicted labels. Use `zero_division` parameter to control this behavior.
  _warn_prf(average, modifier, msg_start, len(result))
Acc. (Correct/Total): 13.58%% Prec: 0.2392 F1: 0.2044
Start evaluation on test dataset.
/root/miniconda3/envs/lyq/lib/python3.8/site-packages/sklearn/metrics/_classification.py:1469: UndefinedMetricWarning: Precision is ill-defined and being set to 0.0 in samples with no predicted labels. Use `zero_division` parameter to control this behavior.
  _warn_prf(average, modifier, msg_start, len(result))
Acc. (Correct/Total): 16.98%% Prec: 0.2830 F1: 0.2451
Epoch id: 4, Training steps: 100, Avg loss: 0.073, Time: 0:10:08
Epoch id: 4, Training steps: 200, Avg loss: 0.035, Time: 0:11:03
Start evaluation on dev dataset.
/root/miniconda3/envs/lyq/lib/python3.8/site-packages/sklearn/metrics/_classification.py:1469: UndefinedMetricWarning: Precision is ill-defined and being set to 0.0 in samples with no predicted labels. Use `zero_division` parameter to control this behavior.
  _warn_prf(average, modifier, msg_start, len(result))
Acc. (Correct/Total): 21.21%% Prec: 0.3529 F1: 0.3066
Start evaluation on test dataset.
/root/miniconda3/envs/lyq/lib/python3.8/site-packages/sklearn/metrics/_classification.py:1469: UndefinedMetricWarning: Precision is ill-defined and being set to 0.0 in samples with no predicted labels. Use `zero_division` parameter to control this behavior.
  _warn_prf(average, modifier, msg_start, len(result))
Acc. (Correct/Total): 25.83%% Prec: 0.3928 F1: 0.3487
Epoch id: 5, Training steps: 100, Avg loss: 0.059, Time: 0:13:15
Epoch id: 5, Training steps: 200, Avg loss: 0.029, Time: 0:14:06
Start evaluation on dev dataset.
/root/miniconda3/envs/lyq/lib/python3.8/site-packages/sklearn/metrics/_classification.py:1469: UndefinedMetricWarning: Precision is ill-defined and being set to 0.0 in samples with no predicted labels. Use `zero_division` parameter to control this behavior.
  _warn_prf(average, modifier, msg_start, len(result))
Acc. (Correct/Total): 31.72%% Prec: 0.4734 F1: 0.4242
Start evaluation on test dataset.
/root/miniconda3/envs/lyq/lib/python3.8/site-packages/sklearn/metrics/_classification.py:1469: UndefinedMetricWarning: Precision is ill-defined and being set to 0.0 in samples with no predicted labels. Use `zero_division` parameter to control this behavior.
  _warn_prf(average, modifier, msg_start, len(result))
Acc. (Correct/Total): 36.28%% Prec: 0.5184 F1: 0.4698
Epoch id: 6, Training steps: 100, Avg loss: 0.049, Time: 0:16:18
Epoch id: 6, Training steps: 200, Avg loss: 0.024, Time: 0:17:15
Start evaluation on dev dataset.
/root/miniconda3/envs/lyq/lib/python3.8/site-packages/sklearn/metrics/_classification.py:1469: UndefinedMetricWarning: Precision is ill-defined and being set to 0.0 in samples with no predicted labels. Use `zero_division` parameter to control this behavior.
  _warn_prf(average, modifier, msg_start, len(result))
Acc. (Correct/Total): 32.63%% Prec: 0.5005 F1: 0.4453
Start evaluation on test dataset.
/root/miniconda3/envs/lyq/lib/python3.8/site-packages/sklearn/metrics/_classification.py:1469: UndefinedMetricWarning: Precision is ill-defined and being set to 0.0 in samples with no predicted labels. Use `zero_division` parameter to control this behavior.
  _warn_prf(average, modifier, msg_start, len(result))
Acc. (Correct/Total): 38.56%% Prec: 0.5566 F1: 0.5017
Epoch id: 7, Training steps: 100, Avg loss: 0.041, Time: 0:19:24
Epoch id: 7, Training steps: 200, Avg loss: 0.020, Time: 0:20:16
Start evaluation on dev dataset.
/root/miniconda3/envs/lyq/lib/python3.8/site-packages/sklearn/metrics/_classification.py:1469: UndefinedMetricWarning: Precision is ill-defined and being set to 0.0 in samples with no predicted labels. Use `zero_division` parameter to control this behavior.
  _warn_prf(average, modifier, msg_start, len(result))
Acc. (Correct/Total): 37.19%% Prec: 0.5504 F1: 0.4957
Start evaluation on test dataset.
/root/miniconda3/envs/lyq/lib/python3.8/site-packages/sklearn/metrics/_classification.py:1469: UndefinedMetricWarning: Precision is ill-defined and being set to 0.0 in samples with no predicted labels. Use `zero_division` parameter to control this behavior.
  _warn_prf(average, modifier, msg_start, len(result))
Acc. (Correct/Total): 42.53%% Prec: 0.6069 F1: 0.5496
Epoch id: 8, Training steps: 100, Avg loss: 0.035, Time: 0:22:29
Epoch id: 8, Training steps: 200, Avg loss: 0.017, Time: 0:23:19
Start evaluation on dev dataset.
/root/miniconda3/envs/lyq/lib/python3.8/site-packages/sklearn/metrics/_classification.py:1469: UndefinedMetricWarning: Precision is ill-defined and being set to 0.0 in samples with no predicted labels. Use `zero_division` parameter to control this behavior.
  _warn_prf(average, modifier, msg_start, len(result))
Acc. (Correct/Total): 38.44%% Prec: 0.5738 F1: 0.5158
Start evaluation on test dataset.
/root/miniconda3/envs/lyq/lib/python3.8/site-packages/sklearn/metrics/_classification.py:1469: UndefinedMetricWarning: Precision is ill-defined and being set to 0.0 in samples with no predicted labels. Use `zero_division` parameter to control this behavior.
  _warn_prf(average, modifier, msg_start, len(result))
Acc. (Correct/Total): 44.90%% Prec: 0.6280 F1: 0.5728
Epoch id: 9, Training steps: 100, Avg loss: 0.030, Time: 0:25:17
Epoch id: 9, Training steps: 200, Avg loss: 0.015, Time: 0:26:09
Start evaluation on dev dataset.
/root/miniconda3/envs/lyq/lib/python3.8/site-packages/sklearn/metrics/_classification.py:1469: UndefinedMetricWarning: Precision is ill-defined and being set to 0.0 in samples with no predicted labels. Use `zero_division` parameter to control this behavior.
  _warn_prf(average, modifier, msg_start, len(result))
Acc. (Correct/Total): 42.61%% Prec: 0.6202 F1: 0.5649
Start evaluation on test dataset.
/root/miniconda3/envs/lyq/lib/python3.8/site-packages/sklearn/metrics/_classification.py:1469: UndefinedMetricWarning: Precision is ill-defined and being set to 0.0 in samples with no predicted labels. Use `zero_division` parameter to control this behavior.
  _warn_prf(average, modifier, msg_start, len(result))
Acc. (Correct/Total): 48.62%% Prec: 0.6880 F1: 0.6282
Epoch id: 10, Training steps: 100, Avg loss: 0.025, Time: 0:28:22
Epoch id: 10, Training steps: 200, Avg loss: 0.013, Time: 0:29:08
Start evaluation on dev dataset.
/root/miniconda3/envs/lyq/lib/python3.8/site-packages/sklearn/metrics/_classification.py:1469: UndefinedMetricWarning: Precision is ill-defined and being set to 0.0 in samples with no predicted labels. Use `zero_division` parameter to control this behavior.
  _warn_prf(average, modifier, msg_start, len(result))
Acc. (Correct/Total): 44.77%% Prec: 0.6575 F1: 0.5987
Start evaluation on test dataset.
/root/miniconda3/envs/lyq/lib/python3.8/site-packages/sklearn/metrics/_classification.py:1469: UndefinedMetricWarning: Precision is ill-defined and being set to 0.0 in samples with no predicted labels. Use `zero_division` parameter to control this behavior.
  _warn_prf(average, modifier, msg_start, len(result))
Acc. (Correct/Total): 52.54%% Prec: 0.7166 F1: 0.6602
Epoch id: 11, Training steps: 100, Avg loss: 0.022, Time: 0:31:16
Epoch id: 11, Training steps: 200, Avg loss: 0.011, Time: 0:32:12
Start evaluation on dev dataset.
/root/miniconda3/envs/lyq/lib/python3.8/site-packages/sklearn/metrics/_classification.py:1469: UndefinedMetricWarning: Precision is ill-defined and being set to 0.0 in samples with no predicted labels. Use `zero_division` parameter to control this behavior.
  _warn_prf(average, modifier, msg_start, len(result))
Acc. (Correct/Total): 45.54%% Prec: 0.6583 F1: 0.6032
Start evaluation on test dataset.
/root/miniconda3/envs/lyq/lib/python3.8/site-packages/sklearn/metrics/_classification.py:1469: UndefinedMetricWarning: Precision is ill-defined and being set to 0.0 in samples with no predicted labels. Use `zero_division` parameter to control this behavior.
  _warn_prf(average, modifier, msg_start, len(result))
Acc. (Correct/Total): 51.86%% Prec: 0.7077 F1: 0.6534
Epoch id: 12, Training steps: 100, Avg loss: 0.019, Time: 0:34:23
Epoch id: 12, Training steps: 200, Avg loss: 0.010, Time: 0:35:15
Start evaluation on dev dataset.
/root/miniconda3/envs/lyq/lib/python3.8/site-packages/sklearn/metrics/_classification.py:1469: UndefinedMetricWarning: Precision is ill-defined and being set to 0.0 in samples with no predicted labels. Use `zero_division` parameter to control this behavior.
  _warn_prf(average, modifier, msg_start, len(result))
Acc. (Correct/Total): 43.14%% Prec: 0.6408 F1: 0.5792
Epoch id: 13, Training steps: 100, Avg loss: 0.016, Time: 0:37:09
Epoch id: 13, Training steps: 200, Avg loss: 0.008, Time: 0:38:02
Start evaluation on dev dataset.
/root/miniconda3/envs/lyq/lib/python3.8/site-packages/sklearn/metrics/_classification.py:1469: UndefinedMetricWarning: Precision is ill-defined and being set to 0.0 in samples with no predicted labels. Use `zero_division` parameter to control this behavior.
  _warn_prf(average, modifier, msg_start, len(result))
Acc. (Correct/Total): 46.11%% Prec: 0.6731 F1: 0.6157
Start evaluation on test dataset.
/root/miniconda3/envs/lyq/lib/python3.8/site-packages/sklearn/metrics/_classification.py:1469: UndefinedMetricWarning: Precision is ill-defined and being set to 0.0 in samples with no predicted labels. Use `zero_division` parameter to control this behavior.
  _warn_prf(average, modifier, msg_start, len(result))
Acc. (Correct/Total): 55.49%% Prec: 0.7446 F1: 0.6893
Epoch id: 14, Training steps: 100, Avg loss: 0.014, Time: 0:40:05
Epoch id: 14, Training steps: 200, Avg loss: 0.007, Time: 0:41:01
Start evaluation on dev dataset.
/root/miniconda3/envs/lyq/lib/python3.8/site-packages/sklearn/metrics/_classification.py:1469: UndefinedMetricWarning: Precision is ill-defined and being set to 0.0 in samples with no predicted labels. Use `zero_division` parameter to control this behavior.
  _warn_prf(average, modifier, msg_start, len(result))
Acc. (Correct/Total): 47.26%% Prec: 0.6725 F1: 0.6164
Start evaluation on test dataset.
/root/miniconda3/envs/lyq/lib/python3.8/site-packages/sklearn/metrics/_classification.py:1469: UndefinedMetricWarning: Precision is ill-defined and being set to 0.0 in samples with no predicted labels. Use `zero_division` parameter to control this behavior.
  _warn_prf(average, modifier, msg_start, len(result))
Acc. (Correct/Total): 53.89%% Prec: 0.7192 F1: 0.6664
Epoch id: 15, Training steps: 100, Avg loss: 0.011, Time: 0:43:14
Epoch id: 15, Training steps: 200, Avg loss: 0.006, Time: 0:44:01
Start evaluation on dev dataset.
/root/miniconda3/envs/lyq/lib/python3.8/site-packages/sklearn/metrics/_classification.py:1469: UndefinedMetricWarning: Precision is ill-defined and being set to 0.0 in samples with no predicted labels. Use `zero_division` parameter to control this behavior.
  _warn_prf(average, modifier, msg_start, len(result))
Acc. (Correct/Total): 48.51%% Prec: 0.6899 F1: 0.6384
Start evaluation on test dataset.
/root/miniconda3/envs/lyq/lib/python3.8/site-packages/sklearn/metrics/_classification.py:1469: UndefinedMetricWarning: Precision is ill-defined and being set to 0.0 in samples with no predicted labels. Use `zero_division` parameter to control this behavior.
  _warn_prf(average, modifier, msg_start, len(result))
Acc. (Correct/Total): 56.89%% Prec: 0.7457 F1: 0.6984
Epoch id: 16, Training steps: 100, Avg loss: 0.010, Time: 0:46:10
Epoch id: 16, Training steps: 200, Avg loss: 0.005, Time: 0:47:10
Start evaluation on dev dataset.
/root/miniconda3/envs/lyq/lib/python3.8/site-packages/sklearn/metrics/_classification.py:1469: UndefinedMetricWarning: Precision is ill-defined and being set to 0.0 in samples with no predicted labels. Use `zero_division` parameter to control this behavior.
  _warn_prf(average, modifier, msg_start, len(result))
Acc. (Correct/Total): 50.53%% Prec: 0.7035 F1: 0.6545
Start evaluation on test dataset.
/root/miniconda3/envs/lyq/lib/python3.8/site-packages/sklearn/metrics/_classification.py:1469: UndefinedMetricWarning: Precision is ill-defined and being set to 0.0 in samples with no predicted labels. Use `zero_division` parameter to control this behavior.
  _warn_prf(average, modifier, msg_start, len(result))
Acc. (Correct/Total): 58.10%% Prec: 0.7501 F1: 0.7062
Epoch id: 17, Training steps: 100, Avg loss: 0.009, Time: 0:49:20
Epoch id: 17, Training steps: 200, Avg loss: 0.005, Time: 0:50:10
Start evaluation on dev dataset.
/root/miniconda3/envs/lyq/lib/python3.8/site-packages/sklearn/metrics/_classification.py:1469: UndefinedMetricWarning: Precision is ill-defined and being set to 0.0 in samples with no predicted labels. Use `zero_division` parameter to control this behavior.
  _warn_prf(average, modifier, msg_start, len(result))
Acc. (Correct/Total): 47.55%% Prec: 0.6816 F1: 0.6286
Epoch id: 18, Training steps: 100, Avg loss: 0.008, Time: 0:52:06
Epoch id: 18, Training steps: 200, Avg loss: 0.004, Time: 0:52:55
Start evaluation on dev dataset.
/root/miniconda3/envs/lyq/lib/python3.8/site-packages/sklearn/metrics/_classification.py:1469: UndefinedMetricWarning: Precision is ill-defined and being set to 0.0 in samples with no predicted labels. Use `zero_division` parameter to control this behavior.
  _warn_prf(average, modifier, msg_start, len(result))
Acc. (Correct/Total): 49.57%% Prec: 0.6975 F1: 0.6485
Epoch id: 19, Training steps: 100, Avg loss: 0.007, Time: 0:54:43
Epoch id: 19, Training steps: 200, Avg loss: 0.003, Time: 0:55:35
Start evaluation on dev dataset.
/root/miniconda3/envs/lyq/lib/python3.8/site-packages/sklearn/metrics/_classification.py:1469: UndefinedMetricWarning: Precision is ill-defined and being set to 0.0 in samples with no predicted labels. Use `zero_division` parameter to control this behavior.
  _warn_prf(average, modifier, msg_start, len(result))
Acc. (Correct/Total): 51.06%% Prec: 0.7059 F1: 0.6609
Start evaluation on test dataset.
/root/miniconda3/envs/lyq/lib/python3.8/site-packages/sklearn/metrics/_classification.py:1469: UndefinedMetricWarning: Precision is ill-defined and being set to 0.0 in samples with no predicted labels. Use `zero_division` parameter to control this behavior.
  _warn_prf(average, modifier, msg_start, len(result))
Acc. (Correct/Total): 58.49%% Prec: 0.7678 F1: 0.7222
Epoch id: 20, Training steps: 100, Avg loss: 0.006, Time: 0:57:49
Epoch id: 20, Training steps: 200, Avg loss: 0.003, Time: 0:58:38
Start evaluation on dev dataset.
/root/miniconda3/envs/lyq/lib/python3.8/site-packages/sklearn/metrics/_classification.py:1469: UndefinedMetricWarning: Precision is ill-defined and being set to 0.0 in samples with no predicted labels. Use `zero_division` parameter to control this behavior.
  _warn_prf(average, modifier, msg_start, len(result))
Acc. (Correct/Total): 51.10%% Prec: 0.7108 F1: 0.6647
Start evaluation on test dataset.
/root/miniconda3/envs/lyq/lib/python3.8/site-packages/sklearn/metrics/_classification.py:1469: UndefinedMetricWarning: Precision is ill-defined and being set to 0.0 in samples with no predicted labels. Use `zero_division` parameter to control this behavior.
  _warn_prf(average, modifier, msg_start, len(result))
Acc. (Correct/Total): 57.18%% Prec: 0.7534 F1: 0.7085
Final evaluation on the test dataset.
The number of evaluation instances:  2067
/root/miniconda3/envs/lyq/lib/python3.8/site-packages/sklearn/metrics/_classification.py:1469: UndefinedMetricWarning: Precision is ill-defined and being set to 0.0 in samples with no predicted labels. Use `zero_division` parameter to control this behavior.
  _warn_prf(average, modifier, msg_start, len(result))
/root/miniconda3/envs/lyq/lib/python3.8/site-packages/sklearn/metrics/_classification.py:1469: UndefinedMetricWarning: Precision and F-score are ill-defined and being set to 0.0 in labels with no predicted samples. Use `zero_division` parameter to control this behavior.
  _warn_prf(average, modifier, msg_start, len(result))
/root/miniconda3/envs/lyq/lib/python3.8/site-packages/sklearn/metrics/_classification.py:1469: UndefinedMetricWarning: Precision and F-score are ill-defined and being set to 0.0 in samples with no predicted labels. Use `zero_division` parameter to control this behavior.
  _warn_prf(average, modifier, msg_start, len(result))
Acc. (Correct/Total): 57.18% Prec: 0.7534 F1: 0.7085
Precision, Recall and F1-Score...
              precision    recall  f1-score   support

         教育学     0.8307    0.8755    0.8525       241
          法学     0.8814    0.7634    0.8182       224
      中国语言文学     0.8232    0.7297    0.7736       185
         政治学     0.8226    0.6258    0.7108       163
         社会学     0.8138    0.7516    0.7815       157
         心理学     0.8539    0.6179    0.7170       123
       应用经济学     0.6702    0.5385    0.5972       117
         历史学     0.9661    0.5229    0.6786       109
     环境科学与工程     0.8980    0.8148    0.8544       108
          哲学     0.7317    0.6186    0.6704        97
      外国语言文学     0.7869    0.5647    0.6575        85
         生物学     0.8696    0.7595    0.8108        79
      交通运输工程     0.9231    0.9231    0.9231        78
        临床医学     0.8824    0.5921    0.7087        76
    计算机科学与技术     0.7619    0.6761    0.7164        71
        土木工程     0.9254    0.9394    0.9323        66
   航空宇航科学与技术     0.9444    0.8361    0.8870        61
         民族学     0.6136    0.4909    0.5455        55
   公共卫生与预防医学     0.5763    0.6667    0.6182        51
         美术学     0.9057    0.9600    0.9320        50
         艺术学     0.8500    0.7907    0.8193        43
         地理学     0.8696    0.4762    0.6154        42
         体育学     0.9000    0.4500    0.6000        40
       理论经济学     0.6944    0.6579    0.6757        38
         中医学     0.8529    0.7838    0.8169        37
         物理学     0.8108    0.8333    0.8219        36
          林学     0.8696    0.6061    0.7143        33
          数学     0.7000    0.4375    0.5385        32
     电子科学与技术     0.6957    0.5161    0.5926        31
        基础医学     0.6842    0.4483    0.5417        29
        工商管理     0.8182    0.3333    0.4737        27
       新闻传播学     0.7778    0.6364    0.7000        22
         天文学     0.8000    0.9091    0.8511        22
         地质学     0.8750    0.6667    0.7568        21
         畜牧学     0.8095    0.8095    0.8095        21
   军事思想及军事历史     0.8235    0.7000    0.7568        20
     管理科学与工程     0.5238    0.6111    0.5641        18
     测绘科学与技术     0.7647    0.7647    0.7647        17
        水利工程     0.8750    0.4375    0.5833        16
        大气科学     1.0000    0.5625    0.7200        16
     兵器科学与技术     0.6316    0.8000    0.7059        15
       地球物理学     0.5714    0.2857    0.3810        14
        电气工程     1.0000    0.3846    0.5556        13
         作物学     1.0000    0.3846    0.5556        13
     控制科学与工程     0.3000    0.2308    0.2609        13
     信息与通信工程     0.6923    0.6923    0.6923        13
        公共管理     0.0000    0.0000    0.0000        13
         建筑学     0.8000    0.3077    0.4444        13
     化学工程与技术     0.9091    0.8333    0.8696        12
          力学     0.8889    0.7273    0.8000        11
        海洋科学     0.9000    0.8182    0.8571        11
     轻工技术与工程     0.6000    0.2727    0.3750        11
        农业工程     1.0000    0.2000    0.3333        10
         园艺学     0.9000    0.9000    0.9000        10
       中西医结合     1.0000    0.4000    0.5714        10
        机械工程     1.0000    0.4444    0.6154         9
       科学技术史     1.0000    0.3750    0.5455         8
     船舶与海洋工程     1.0000    0.7500    0.8571         8
   图书情报与档案管理     0.8333    0.6250    0.7143         8
        植物保护     0.7778    0.8750    0.8235         8
     材料科学与工程     0.8333    0.6250    0.7143         8
         统计学     0.4615    0.7500    0.5714         8
          化学     1.0000    0.8750    0.9333         8
     食品科学与工程     1.0000    0.3750    0.5455         8
          水产     1.0000    0.5714    0.7273         7
          药学     1.0000    0.5714    0.7273         7
     农业资源与环境     1.0000    0.8571    0.9231         7
         世界史     0.6000    0.4286    0.5000         7
        系统科学     0.8000    0.5714    0.6667         7
      农林经济管理     1.0000    0.6000    0.7500         5
       军队指挥学     1.0000    0.4000    0.5714         5
        矿业工程     0.6000    0.6000    0.6000         5
     纺织科学与工程     0.7143    1.0000    0.8333         5
  动力工程及工程热物理     0.0000    0.0000    0.0000         4
        林业工程     0.0000    0.0000    0.0000         4
     仪器科学与技术     0.0000    0.0000    0.0000         3
         战略学     1.0000    0.3333    0.5000         3
   地质资源与地质工程     0.0000    0.0000    0.0000         3
        旅游管理     0.5000    0.3333    0.4000         3
 图书馆、情报与档案管理     0.0000    0.0000    0.0000         2
        冶金工程     1.0000    0.5000    0.6667         2
      核科学与技术     0.0000    0.0000    0.0000         2

   micro avg     0.8166    0.6767    0.7401      3093
   macro avg     0.7535    0.5658    0.6267      3093
weighted avg     0.8164    0.6767    0.7299      3093
 samples avg     0.7534    0.6922    0.7085      3093

