/root/miniconda3/envs/lyq/lib/python3.8/site-packages/scipy/__init__.py:146: UserWarning: A NumPy version >=1.16.5 and <1.23.0 is required for this version of SciPy (detected version 1.23.5
  warnings.warn(f"A NumPy version >={np_minversion} and <{np_maxversion}"
  0%|          | 0/82 [00:00<?, ?it/s]100%|██████████| 82/82 [00:00<00:00, 1215310.70it/s]
model:  ernie-rcnn-catlstm
pretrained:  ernie1
task:  MLC-slice
dataset:  book_multilabels_task_slice
seq_length:  256
hidden_dropout_prob:  0.1
attention_probs_dropout_prob:  0.1
epochs_num:  20
batch_size:  32
learning_rate:  2e-05
report_steps:  100
kg_name:  CnDbpedia
no_kg:  False
no_vm:  False
Vocabulary Size:  17964
[BertClassifier] use visible_matrix: True
Some weights of ErnieRCNNForMultiLabelSequenceClassificationSliceCatLSTM were not initialized from the model checkpoint at ./models/ernie1 and are newly initialized: ['lstm.weight_ih_l1_reverse', 'lstm.bias_hh_l1', 'classifier.bias', 'lstm.bias_hh_l0', 'lstm.bias_ih_l0', 'lstm.weight_hh_l0_reverse', 'classifier.weight', 'lstm.weight_hh_l1_reverse', 'output_layer_1.weight', 'lstm.bias_ih_l1', 'lstm.bias_hh_l1_reverse', 'lstm.weight_ih_l0', 'lstm.bias_hh_l0_reverse', 'lstm.weight_hh_l0', 'lstm.weight_ih_l0_reverse', 'lstm.weight_hh_l1', 'lstm.bias_ih_l0_reverse', 'lstm.bias_ih_l1_reverse', 'lstm.weight_ih_l1', 'output_layer_1.bias']
You should probably TRAIN this model on a down-stream task to be able to use it for predictions and inference.
1 GPUs are available. Let's use them.
device:  cuda
[KnowledgeGraph] Loading spo from /Zy/experiment/K-BERT-HUGGINGFACE/brain/kgs/CnDbpedia.spo
Start training.
Loading sentences from ./datasets/book_multilabels_task_slice/train.tsv
There are 9097 sentence in total. We use 1 processes to inject knowledge into sentences.
Progress of process 0: 0/9097
Loading sentences from ./datasets/book_multilabels_task_slice/dev.tsv
There are 2084 sentence in total. We use 1 processes to inject knowledge into sentences.
Progress of process 0: 0/2084
Loading sentences from ./datasets/book_multilabels_task_slice/test.tsv
There are 2067 sentence in total. We use 1 processes to inject knowledge into sentences.
Progress of process 0: 0/2067
Epoch id: 1, Training steps: 100, Avg loss: 0.175, Time: 0:02:45
Epoch id: 1, Training steps: 200, Avg loss: 0.082, Time: 0:05:34
Start evaluation on dev dataset.
/root/miniconda3/envs/lyq/lib/python3.8/site-packages/sklearn/metrics/_classification.py:1469: UndefinedMetricWarning: Precision is ill-defined and being set to 0.0 in samples with no predicted labels. Use `zero_division` parameter to control this behavior.
  _warn_prf(average, modifier, msg_start, len(result))
Acc. (Correct/Total):  0.00%% Prec: 0.0000 F1: 0.0000
Epoch id: 2, Training steps: 100, Avg loss: 0.133, Time: 0:11:34
Epoch id: 2, Training steps: 200, Avg loss: 0.056, Time: 0:14:15
Start evaluation on dev dataset.
/root/miniconda3/envs/lyq/lib/python3.8/site-packages/sklearn/metrics/_classification.py:1469: UndefinedMetricWarning: Precision is ill-defined and being set to 0.0 in samples with no predicted labels. Use `zero_division` parameter to control this behavior.
  _warn_prf(average, modifier, msg_start, len(result))
Acc. (Correct/Total): 15.88%% Prec: 0.2330 F1: 0.2097
Start evaluation on test dataset.
/root/miniconda3/envs/lyq/lib/python3.8/site-packages/sklearn/metrics/_classification.py:1469: UndefinedMetricWarning: Precision is ill-defined and being set to 0.0 in samples with no predicted labels. Use `zero_division` parameter to control this behavior.
  _warn_prf(average, modifier, msg_start, len(result))
Acc. (Correct/Total): 20.71%% Prec: 0.2961 F1: 0.2664
Epoch id: 3, Training steps: 100, Avg loss: 0.082, Time: 0:20:39
Epoch id: 3, Training steps: 200, Avg loss: 0.037, Time: 0:23:24
Start evaluation on dev dataset.
/root/miniconda3/envs/lyq/lib/python3.8/site-packages/sklearn/metrics/_classification.py:1469: UndefinedMetricWarning: Precision is ill-defined and being set to 0.0 in samples with no predicted labels. Use `zero_division` parameter to control this behavior.
  _warn_prf(average, modifier, msg_start, len(result))
Acc. (Correct/Total): 22.70%% Prec: 0.3620 F1: 0.3193
Start evaluation on test dataset.
/root/miniconda3/envs/lyq/lib/python3.8/site-packages/sklearn/metrics/_classification.py:1469: UndefinedMetricWarning: Precision is ill-defined and being set to 0.0 in samples with no predicted labels. Use `zero_division` parameter to control this behavior.
  _warn_prf(average, modifier, msg_start, len(result))
Acc. (Correct/Total): 30.62%% Prec: 0.4371 F1: 0.3942
Epoch id: 4, Training steps: 100, Avg loss: 0.062, Time: 0:30:18
Epoch id: 4, Training steps: 200, Avg loss: 0.031, Time: 0:32:56
Start evaluation on dev dataset.
/root/miniconda3/envs/lyq/lib/python3.8/site-packages/sklearn/metrics/_classification.py:1469: UndefinedMetricWarning: Precision is ill-defined and being set to 0.0 in samples with no predicted labels. Use `zero_division` parameter to control this behavior.
  _warn_prf(average, modifier, msg_start, len(result))
Acc. (Correct/Total): 32.58%% Prec: 0.5134 F1: 0.4581
Start evaluation on test dataset.
/root/miniconda3/envs/lyq/lib/python3.8/site-packages/sklearn/metrics/_classification.py:1469: UndefinedMetricWarning: Precision is ill-defined and being set to 0.0 in samples with no predicted labels. Use `zero_division` parameter to control this behavior.
  _warn_prf(average, modifier, msg_start, len(result))
Acc. (Correct/Total): 40.06%% Prec: 0.5685 F1: 0.5164
Epoch id: 5, Training steps: 100, Avg loss: 0.050, Time: 0:39:29
Epoch id: 5, Training steps: 200, Avg loss: 0.025, Time: 0:42:11
Start evaluation on dev dataset.
/root/miniconda3/envs/lyq/lib/python3.8/site-packages/sklearn/metrics/_classification.py:1469: UndefinedMetricWarning: Precision is ill-defined and being set to 0.0 in samples with no predicted labels. Use `zero_division` parameter to control this behavior.
  _warn_prf(average, modifier, msg_start, len(result))
Acc. (Correct/Total): 36.47%% Prec: 0.5501 F1: 0.4964
Start evaluation on test dataset.
/root/miniconda3/envs/lyq/lib/python3.8/site-packages/sklearn/metrics/_classification.py:1469: UndefinedMetricWarning: Precision is ill-defined and being set to 0.0 in samples with no predicted labels. Use `zero_division` parameter to control this behavior.
  _warn_prf(average, modifier, msg_start, len(result))
Acc. (Correct/Total): 45.43%% Prec: 0.6217 F1: 0.5707
Epoch id: 6, Training steps: 100, Avg loss: 0.041, Time: 0:48:41
Epoch id: 6, Training steps: 200, Avg loss: 0.022, Time: 0:51:24
Start evaluation on dev dataset.
/root/miniconda3/envs/lyq/lib/python3.8/site-packages/sklearn/metrics/_classification.py:1469: UndefinedMetricWarning: Precision is ill-defined and being set to 0.0 in samples with no predicted labels. Use `zero_division` parameter to control this behavior.
  _warn_prf(average, modifier, msg_start, len(result))
Acc. (Correct/Total): 39.49%% Prec: 0.5785 F1: 0.5256
Start evaluation on test dataset.
/root/miniconda3/envs/lyq/lib/python3.8/site-packages/sklearn/metrics/_classification.py:1469: UndefinedMetricWarning: Precision is ill-defined and being set to 0.0 in samples with no predicted labels. Use `zero_division` parameter to control this behavior.
  _warn_prf(average, modifier, msg_start, len(result))
Acc. (Correct/Total): 46.93%% Prec: 0.6528 F1: 0.5965
Epoch id: 7, Training steps: 100, Avg loss: 0.037, Time: 0:57:49
Epoch id: 7, Training steps: 200, Avg loss: 0.019, Time: 1:00:33
Start evaluation on dev dataset.
/root/miniconda3/envs/lyq/lib/python3.8/site-packages/sklearn/metrics/_classification.py:1469: UndefinedMetricWarning: Precision is ill-defined and being set to 0.0 in samples with no predicted labels. Use `zero_division` parameter to control this behavior.
  _warn_prf(average, modifier, msg_start, len(result))
Acc. (Correct/Total): 42.08%% Prec: 0.6120 F1: 0.5572
Start evaluation on test dataset.
/root/miniconda3/envs/lyq/lib/python3.8/site-packages/sklearn/metrics/_classification.py:1469: UndefinedMetricWarning: Precision is ill-defined and being set to 0.0 in samples with no predicted labels. Use `zero_division` parameter to control this behavior.
  _warn_prf(average, modifier, msg_start, len(result))
Acc. (Correct/Total): 50.56%% Prec: 0.6908 F1: 0.6348
Epoch id: 8, Training steps: 100, Avg loss: 0.032, Time: 1:07:11
Epoch id: 8, Training steps: 200, Avg loss: 0.021, Time: 1:09:56
Start evaluation on dev dataset.
/root/miniconda3/envs/lyq/lib/python3.8/site-packages/sklearn/metrics/_classification.py:1469: UndefinedMetricWarning: Precision is ill-defined and being set to 0.0 in samples with no predicted labels. Use `zero_division` parameter to control this behavior.
  _warn_prf(average, modifier, msg_start, len(result))
Acc. (Correct/Total): 46.16%% Prec: 0.6585 F1: 0.6059
Start evaluation on test dataset.
/root/miniconda3/envs/lyq/lib/python3.8/site-packages/sklearn/metrics/_classification.py:1469: UndefinedMetricWarning: Precision is ill-defined and being set to 0.0 in samples with no predicted labels. Use `zero_division` parameter to control this behavior.
  _warn_prf(average, modifier, msg_start, len(result))
Acc. (Correct/Total): 53.80%% Prec: 0.7276 F1: 0.6748
Epoch id: 9, Training steps: 100, Avg loss: 0.034, Time: 1:16:48
Epoch id: 9, Training steps: 200, Avg loss: 0.019, Time: 1:19:24
Start evaluation on dev dataset.
/root/miniconda3/envs/lyq/lib/python3.8/site-packages/sklearn/metrics/_classification.py:1469: UndefinedMetricWarning: Precision is ill-defined and being set to 0.0 in samples with no predicted labels. Use `zero_division` parameter to control this behavior.
  _warn_prf(average, modifier, msg_start, len(result))
Acc. (Correct/Total): 46.93%% Prec: 0.6651 F1: 0.6121
Start evaluation on test dataset.
/root/miniconda3/envs/lyq/lib/python3.8/site-packages/sklearn/metrics/_classification.py:1469: UndefinedMetricWarning: Precision is ill-defined and being set to 0.0 in samples with no predicted labels. Use `zero_division` parameter to control this behavior.
  _warn_prf(average, modifier, msg_start, len(result))
Acc. (Correct/Total): 54.48%% Prec: 0.7234 F1: 0.6730
Epoch id: 10, Training steps: 100, Avg loss: 0.027, Time: 1:25:51
Epoch id: 10, Training steps: 200, Avg loss: 0.014, Time: 1:28:27
Start evaluation on dev dataset.
/root/miniconda3/envs/lyq/lib/python3.8/site-packages/sklearn/metrics/_classification.py:1469: UndefinedMetricWarning: Precision is ill-defined and being set to 0.0 in samples with no predicted labels. Use `zero_division` parameter to control this behavior.
  _warn_prf(average, modifier, msg_start, len(result))
Acc. (Correct/Total): 48.56%% Prec: 0.6831 F1: 0.6336
Start evaluation on test dataset.
/root/miniconda3/envs/lyq/lib/python3.8/site-packages/sklearn/metrics/_classification.py:1469: UndefinedMetricWarning: Precision is ill-defined and being set to 0.0 in samples with no predicted labels. Use `zero_division` parameter to control this behavior.
  _warn_prf(average, modifier, msg_start, len(result))
Acc. (Correct/Total): 55.73%% Prec: 0.7365 F1: 0.6888
Epoch id: 11, Training steps: 100, Avg loss: 0.023, Time: 1:35:14
Epoch id: 11, Training steps: 200, Avg loss: 0.011, Time: 1:37:45
Start evaluation on dev dataset.
/root/miniconda3/envs/lyq/lib/python3.8/site-packages/sklearn/metrics/_classification.py:1469: UndefinedMetricWarning: Precision is ill-defined and being set to 0.0 in samples with no predicted labels. Use `zero_division` parameter to control this behavior.
  _warn_prf(average, modifier, msg_start, len(result))
Acc. (Correct/Total): 49.23%% Prec: 0.6870 F1: 0.6360
Start evaluation on test dataset.
/root/miniconda3/envs/lyq/lib/python3.8/site-packages/sklearn/metrics/_classification.py:1469: UndefinedMetricWarning: Precision is ill-defined and being set to 0.0 in samples with no predicted labels. Use `zero_division` parameter to control this behavior.
  _warn_prf(average, modifier, msg_start, len(result))
Acc. (Correct/Total): 56.41%% Prec: 0.7455 F1: 0.6942
Epoch id: 12, Training steps: 100, Avg loss: 0.020, Time: 1:44:34
Epoch id: 12, Training steps: 200, Avg loss: 0.010, Time: 1:47:14
Start evaluation on dev dataset.
/root/miniconda3/envs/lyq/lib/python3.8/site-packages/sklearn/metrics/_classification.py:1469: UndefinedMetricWarning: Precision is ill-defined and being set to 0.0 in samples with no predicted labels. Use `zero_division` parameter to control this behavior.
  _warn_prf(average, modifier, msg_start, len(result))
Acc. (Correct/Total): 51.58%% Prec: 0.7137 F1: 0.6662
Start evaluation on test dataset.
/root/miniconda3/envs/lyq/lib/python3.8/site-packages/sklearn/metrics/_classification.py:1469: UndefinedMetricWarning: Precision is ill-defined and being set to 0.0 in samples with no predicted labels. Use `zero_division` parameter to control this behavior.
  _warn_prf(average, modifier, msg_start, len(result))
Acc. (Correct/Total): 57.81%% Prec: 0.7579 F1: 0.7130
Epoch id: 13, Training steps: 100, Avg loss: 0.018, Time: 1:53:56
Epoch id: 13, Training steps: 200, Avg loss: 0.008, Time: 1:56:32
Start evaluation on dev dataset.
/root/miniconda3/envs/lyq/lib/python3.8/site-packages/sklearn/metrics/_classification.py:1469: UndefinedMetricWarning: Precision is ill-defined and being set to 0.0 in samples with no predicted labels. Use `zero_division` parameter to control this behavior.
  _warn_prf(average, modifier, msg_start, len(result))
Acc. (Correct/Total): 51.73%% Prec: 0.7143 F1: 0.6670
Start evaluation on test dataset.
/root/miniconda3/envs/lyq/lib/python3.8/site-packages/sklearn/metrics/_classification.py:1469: UndefinedMetricWarning: Precision is ill-defined and being set to 0.0 in samples with no predicted labels. Use `zero_division` parameter to control this behavior.
  _warn_prf(average, modifier, msg_start, len(result))
Acc. (Correct/Total): 58.78%% Prec: 0.7658 F1: 0.7221
Epoch id: 14, Training steps: 100, Avg loss: 0.015, Time: 2:03:34
Epoch id: 14, Training steps: 200, Avg loss: 0.008, Time: 2:06:24
Start evaluation on dev dataset.
/root/miniconda3/envs/lyq/lib/python3.8/site-packages/sklearn/metrics/_classification.py:1469: UndefinedMetricWarning: Precision is ill-defined and being set to 0.0 in samples with no predicted labels. Use `zero_division` parameter to control this behavior.
  _warn_prf(average, modifier, msg_start, len(result))
Acc. (Correct/Total): 51.87%% Prec: 0.7190 F1: 0.6742
Start evaluation on test dataset.
/root/miniconda3/envs/lyq/lib/python3.8/site-packages/sklearn/metrics/_classification.py:1469: UndefinedMetricWarning: Precision is ill-defined and being set to 0.0 in samples with no predicted labels. Use `zero_division` parameter to control this behavior.
  _warn_prf(average, modifier, msg_start, len(result))
Acc. (Correct/Total): 58.15%% Prec: 0.7639 F1: 0.7215
Epoch id: 15, Training steps: 100, Avg loss: 0.014, Time: 2:13:09
Epoch id: 15, Training steps: 200, Avg loss: 0.006, Time: 2:15:55
Start evaluation on dev dataset.
/root/miniconda3/envs/lyq/lib/python3.8/site-packages/sklearn/metrics/_classification.py:1469: UndefinedMetricWarning: Precision is ill-defined and being set to 0.0 in samples with no predicted labels. Use `zero_division` parameter to control this behavior.
  _warn_prf(average, modifier, msg_start, len(result))
Acc. (Correct/Total): 52.02%% Prec: 0.7253 F1: 0.6830
Start evaluation on test dataset.
/root/miniconda3/envs/lyq/lib/python3.8/site-packages/sklearn/metrics/_classification.py:1469: UndefinedMetricWarning: Precision is ill-defined and being set to 0.0 in samples with no predicted labels. Use `zero_division` parameter to control this behavior.
  _warn_prf(average, modifier, msg_start, len(result))
Acc. (Correct/Total): 60.76%% Prec: 0.7798 F1: 0.7411
Epoch id: 16, Training steps: 100, Avg loss: 0.012, Time: 2:22:41
Epoch id: 16, Training steps: 200, Avg loss: 0.006, Time: 2:25:27
Start evaluation on dev dataset.
/root/miniconda3/envs/lyq/lib/python3.8/site-packages/sklearn/metrics/_classification.py:1469: UndefinedMetricWarning: Precision is ill-defined and being set to 0.0 in samples with no predicted labels. Use `zero_division` parameter to control this behavior.
  _warn_prf(average, modifier, msg_start, len(result))
Acc. (Correct/Total): 51.82%% Prec: 0.7188 F1: 0.6773
Epoch id: 17, Training steps: 100, Avg loss: 0.010, Time: 2:31:14
Epoch id: 17, Training steps: 200, Avg loss: 0.005, Time: 2:34:01
Start evaluation on dev dataset.
/root/miniconda3/envs/lyq/lib/python3.8/site-packages/sklearn/metrics/_classification.py:1469: UndefinedMetricWarning: Precision is ill-defined and being set to 0.0 in samples with no predicted labels. Use `zero_division` parameter to control this behavior.
  _warn_prf(average, modifier, msg_start, len(result))
Acc. (Correct/Total): 52.35%% Prec: 0.7172 F1: 0.6763
Start evaluation on test dataset.
/root/miniconda3/envs/lyq/lib/python3.8/site-packages/sklearn/metrics/_classification.py:1469: UndefinedMetricWarning: Precision is ill-defined and being set to 0.0 in samples with no predicted labels. Use `zero_division` parameter to control this behavior.
  _warn_prf(average, modifier, msg_start, len(result))
Acc. (Correct/Total): 60.76%% Prec: 0.7806 F1: 0.7417
Epoch id: 18, Training steps: 100, Avg loss: 0.009, Time: 2:41:02
Epoch id: 18, Training steps: 200, Avg loss: 0.004, Time: 2:43:47
Start evaluation on dev dataset.
/root/miniconda3/envs/lyq/lib/python3.8/site-packages/sklearn/metrics/_classification.py:1469: UndefinedMetricWarning: Precision is ill-defined and being set to 0.0 in samples with no predicted labels. Use `zero_division` parameter to control this behavior.
  _warn_prf(average, modifier, msg_start, len(result))
Acc. (Correct/Total): 53.02%% Prec: 0.7285 F1: 0.6871
Start evaluation on test dataset.
/root/miniconda3/envs/lyq/lib/python3.8/site-packages/sklearn/metrics/_classification.py:1469: UndefinedMetricWarning: Precision is ill-defined and being set to 0.0 in samples with no predicted labels. Use `zero_division` parameter to control this behavior.
  _warn_prf(average, modifier, msg_start, len(result))
Acc. (Correct/Total): 61.30%% Prec: 0.7891 F1: 0.7495
Epoch id: 19, Training steps: 100, Avg loss: 0.008, Time: 2:50:51
Epoch id: 19, Training steps: 200, Avg loss: 0.004, Time: 2:53:34
Start evaluation on dev dataset.
/root/miniconda3/envs/lyq/lib/python3.8/site-packages/sklearn/metrics/_classification.py:1469: UndefinedMetricWarning: Precision is ill-defined and being set to 0.0 in samples with no predicted labels. Use `zero_division` parameter to control this behavior.
  _warn_prf(average, modifier, msg_start, len(result))
Acc. (Correct/Total): 52.98%% Prec: 0.7345 F1: 0.6969
Epoch id: 20, Training steps: 100, Avg loss: 0.007, Time: 2:59:36
Epoch id: 20, Training steps: 200, Avg loss: 0.003, Time: 3:02:25
Start evaluation on dev dataset.
/root/miniconda3/envs/lyq/lib/python3.8/site-packages/sklearn/metrics/_classification.py:1469: UndefinedMetricWarning: Precision is ill-defined and being set to 0.0 in samples with no predicted labels. Use `zero_division` parameter to control this behavior.
  _warn_prf(average, modifier, msg_start, len(result))
Acc. (Correct/Total): 52.93%% Prec: 0.7354 F1: 0.6966
Final evaluation on the test dataset.
The number of evaluation instances:  2067
/root/miniconda3/envs/lyq/lib/python3.8/site-packages/sklearn/metrics/_classification.py:1469: UndefinedMetricWarning: Precision is ill-defined and being set to 0.0 in samples with no predicted labels. Use `zero_division` parameter to control this behavior.
  _warn_prf(average, modifier, msg_start, len(result))
/root/miniconda3/envs/lyq/lib/python3.8/site-packages/sklearn/metrics/_classification.py:1469: UndefinedMetricWarning: Precision and F-score are ill-defined and being set to 0.0 in labels with no predicted samples. Use `zero_division` parameter to control this behavior.
  _warn_prf(average, modifier, msg_start, len(result))
/root/miniconda3/envs/lyq/lib/python3.8/site-packages/sklearn/metrics/_classification.py:1469: UndefinedMetricWarning: Precision and F-score are ill-defined and being set to 0.0 in samples with no predicted labels. Use `zero_division` parameter to control this behavior.
  _warn_prf(average, modifier, msg_start, len(result))
Acc. (Correct/Total): 61.30% Prec: 0.7891 F1: 0.7495
Precision, Recall and F1-Score...
              precision    recall  f1-score   support

         教育学     0.9057    0.9170    0.9113       241
          法学     0.8571    0.8839    0.8703       224
      中国语言文学     0.9521    0.7514    0.8399       185
         政治学     0.8333    0.6442    0.7266       163
         社会学     0.8705    0.7707    0.8176       157
         心理学     0.9178    0.5447    0.6837       123
       应用经济学     0.7750    0.5299    0.6294       117
         历史学     0.8500    0.6239    0.7196       109
     环境科学与工程     0.9020    0.8519    0.8762       108
          哲学     0.8205    0.6598    0.7314        97
      外国语言文学     0.8077    0.7412    0.7730        85
         生物学     0.8750    0.7975    0.8344        79
      交通运输工程     0.9136    0.9487    0.9308        78
        临床医学     0.9630    0.6842    0.8000        76
    计算机科学与技术     0.7763    0.8310    0.8027        71
        土木工程     0.8767    0.9697    0.9209        66
   航空宇航科学与技术     0.9818    0.8852    0.9310        61
         民族学     0.7500    0.4364    0.5517        55
   公共卫生与预防医学     0.6727    0.7255    0.6981        51
         美术学     0.8000    0.9600    0.8727        50
         艺术学     0.7317    0.6977    0.7143        43
         地理学     0.8438    0.6429    0.7297        42
         体育学     0.8800    0.5500    0.6769        40
       理论经济学     0.7692    0.7895    0.7792        38
         中医学     0.8857    0.8378    0.8611        37
         物理学     0.8649    0.8889    0.8767        36
          林学     0.7097    0.6667    0.6875        33
          数学     0.7917    0.5938    0.6786        32
     电子科学与技术     0.6500    0.4194    0.5098        31
        基础医学     0.6667    0.2069    0.3158        29
        工商管理     0.9286    0.4815    0.6341        27
       新闻传播学     0.9375    0.6818    0.7895        22
         天文学     0.7200    0.8182    0.7660        22
         地质学     0.6800    0.8095    0.7391        21
         畜牧学     0.9000    0.8571    0.8780        21
   军事思想及军事历史     0.8000    0.6000    0.6857        20
     管理科学与工程     0.6500    0.7222    0.6842        18
     测绘科学与技术     0.7500    0.7059    0.7273        17
        水利工程     0.9000    0.5625    0.6923        16
        大气科学     0.7857    0.6875    0.7333        16
     兵器科学与技术     0.7143    0.6667    0.6897        15
       地球物理学     0.6667    0.2857    0.4000        14
        电气工程     1.0000    0.3846    0.5556        13
         作物学     0.8750    0.5385    0.6667        13
     控制科学与工程     0.4286    0.2308    0.3000        13
     信息与通信工程     0.7778    0.5385    0.6364        13
        公共管理     0.2222    0.1538    0.1818        13
         建筑学     0.8333    0.3846    0.5263        13
     化学工程与技术     0.8889    0.6667    0.7619        12
          力学     0.8182    0.8182    0.8182        11
        海洋科学     0.9091    0.9091    0.9091        11
     轻工技术与工程     0.2000    0.1818    0.1905        11
        农业工程     1.0000    0.3000    0.4615        10
         园艺学     0.8889    0.8000    0.8421        10
       中西医结合     1.0000    0.7000    0.8235        10
        机械工程     1.0000    0.4444    0.6154         9
       科学技术史     1.0000    0.3750    0.5455         8
     船舶与海洋工程     0.8571    0.7500    0.8000         8
   图书情报与档案管理     0.7500    0.7500    0.7500         8
        植物保护     0.8750    0.8750    0.8750         8
     材料科学与工程     1.0000    0.7500    0.8571         8
         统计学     0.7000    0.8750    0.7778         8
          化学     0.8571    0.7500    0.8000         8
     食品科学与工程     1.0000    0.6250    0.7692         8
          水产     1.0000    0.8571    0.9231         7
          药学     1.0000    0.8571    0.9231         7
     农业资源与环境     1.0000    0.2857    0.4444         7
         世界史     0.8571    0.8571    0.8571         7
        系统科学     0.8571    0.8571    0.8571         7
      农林经济管理     0.8000    0.8000    0.8000         5
       军队指挥学     1.0000    0.4000    0.5714         5
        矿业工程     0.6667    0.4000    0.5000         5
     纺织科学与工程     0.7143    1.0000    0.8333         5
  动力工程及工程热物理     0.0000    0.0000    0.0000         4
        林业工程     0.0000    0.0000    0.0000         4
     仪器科学与技术     0.0000    0.0000    0.0000         3
         战略学     0.5000    0.3333    0.4000         3
   地质资源与地质工程     0.0000    0.0000    0.0000         3
        旅游管理     1.0000    0.3333    0.5000         3
 图书馆、情报与档案管理     0.0000    0.0000    0.0000         2
        冶金工程     0.0000    0.0000    0.0000         2
      核科学与技术     0.0000    0.0000    0.0000         2

   micro avg     0.8451    0.7197    0.7774      3093
   macro avg     0.7513    0.5989    0.6493      3093
weighted avg     0.8412    0.7197    0.7659      3093
 samples avg     0.7891    0.7374    0.7495      3093

