/root/miniconda3/envs/lyq/lib/python3.8/site-packages/scipy/__init__.py:146: UserWarning: A NumPy version >=1.16.5 and <1.23.0 is required for this version of SciPy (detected version 1.23.5
  warnings.warn(f"A NumPy version >={np_minversion} and <{np_maxversion}"
  0%|          | 0/82 [00:00<?, ?it/s]100%|██████████| 82/82 [00:00<00:00, 328807.77it/s]
model:  ernie-rcnn
pretrained:  ernie1
task:  MLC
dataset:  book_multilabels_task
seq_length:  256
hidden_dropout_prob:  0.1
attention_probs_dropout_prob:  0.1
epochs_num:  20
batch_size:  32
learning_rate:  1e-05
report_steps:  100
kg_name:  CnDbpedia
no_kg:  False
no_vm:  False
Vocabulary Size:  17964
[BertClassifier] use visible_matrix: True
Some weights of ErnieRCNNForMultiLabelSequenceClassification were not initialized from the model checkpoint at ./models/ernie1 and are newly initialized: ['lstm.bias_hh_l1', 'lstm.weight_ih_l1_reverse', 'lstm.weight_ih_l0', 'output_layer_1.bias', 'lstm.bias_ih_l0_reverse', 'lstm.weight_hh_l0', 'lstm.weight_hh_l1', 'lstm.bias_ih_l1_reverse', 'lstm.weight_hh_l1_reverse', 'output_layer_1.weight', 'lstm.weight_hh_l0_reverse', 'lstm.weight_ih_l0_reverse', 'lstm.bias_hh_l0_reverse', 'lstm.weight_ih_l1', 'lstm.bias_ih_l0', 'lstm.bias_hh_l1_reverse', 'lstm.bias_hh_l0', 'classifier.bias', 'lstm.bias_ih_l1', 'classifier.weight']
You should probably TRAIN this model on a down-stream task to be able to use it for predictions and inference.
1 GPUs are available. Let's use them.
device:  cuda
[KnowledgeGraph] Loading spo from /Lyq/experiment/K-BERT-HUGGINGFACE/brain/kgs/CnDbpedia.spo
Start training.
Loading sentences from ./datasets/book_multilabels_task/train.tsv
There are 9097 sentence in total. We use 1 processes to inject knowledge into sentences.
Progress of process 0: 0/9097
Loading sentences from ./datasets/book_multilabels_task/dev.tsv
There are 2084 sentence in total. We use 1 processes to inject knowledge into sentences.
Progress of process 0: 0/2084
Loading sentences from ./datasets/book_multilabels_task/test.tsv
There are 2067 sentence in total. We use 1 processes to inject knowledge into sentences.
Progress of process 0: 0/2067
Epoch id: 1, Training steps: 100, Avg loss: 0.349, Time: 0:00:56
Epoch id: 1, Training steps: 200, Avg loss: 0.122, Time: 0:01:49
Start evaluation on dev dataset.
/root/miniconda3/envs/lyq/lib/python3.8/site-packages/sklearn/metrics/_classification.py:1469: UndefinedMetricWarning: Precision is ill-defined and being set to 0.0 in samples with no predicted labels. Use `zero_division` parameter to control this behavior.
  _warn_prf(average, modifier, msg_start, len(result))
Acc. (Correct/Total):  0.00%% Prec: 0.0000 F1: 0.0000
Epoch id: 2, Training steps: 100, Avg loss: 0.163, Time: 0:03:40
Epoch id: 2, Training steps: 200, Avg loss: 0.082, Time: 0:04:31
Start evaluation on dev dataset.
/root/miniconda3/envs/lyq/lib/python3.8/site-packages/sklearn/metrics/_classification.py:1469: UndefinedMetricWarning: Precision is ill-defined and being set to 0.0 in samples with no predicted labels. Use `zero_division` parameter to control this behavior.
  _warn_prf(average, modifier, msg_start, len(result))
Acc. (Correct/Total):  0.00%% Prec: 0.0000 F1: 0.0000
Epoch id: 3, Training steps: 100, Avg loss: 0.147, Time: 0:06:19
Epoch id: 3, Training steps: 200, Avg loss: 0.074, Time: 0:07:09
Start evaluation on dev dataset.
/root/miniconda3/envs/lyq/lib/python3.8/site-packages/sklearn/metrics/_classification.py:1469: UndefinedMetricWarning: Precision is ill-defined and being set to 0.0 in samples with no predicted labels. Use `zero_division` parameter to control this behavior.
  _warn_prf(average, modifier, msg_start, len(result))
Acc. (Correct/Total):  0.00%% Prec: 0.0000 F1: 0.0000
Epoch id: 4, Training steps: 100, Avg loss: 0.128, Time: 0:08:59
Epoch id: 4, Training steps: 200, Avg loss: 0.064, Time: 0:09:48
Start evaluation on dev dataset.
/root/miniconda3/envs/lyq/lib/python3.8/site-packages/sklearn/metrics/_classification.py:1469: UndefinedMetricWarning: Precision is ill-defined and being set to 0.0 in samples with no predicted labels. Use `zero_division` parameter to control this behavior.
  _warn_prf(average, modifier, msg_start, len(result))
Acc. (Correct/Total):  1.10%% Prec: 0.0257 F1: 0.0210
Start evaluation on test dataset.
/root/miniconda3/envs/lyq/lib/python3.8/site-packages/sklearn/metrics/_classification.py:1469: UndefinedMetricWarning: Precision is ill-defined and being set to 0.0 in samples with no predicted labels. Use `zero_division` parameter to control this behavior.
  _warn_prf(average, modifier, msg_start, len(result))
Acc. (Correct/Total):  0.53%% Prec: 0.0135 F1: 0.0107
Epoch id: 5, Training steps: 100, Avg loss: 0.110, Time: 0:11:58
Epoch id: 5, Training steps: 200, Avg loss: 0.054, Time: 0:12:50
Start evaluation on dev dataset.
/root/miniconda3/envs/lyq/lib/python3.8/site-packages/sklearn/metrics/_classification.py:1469: UndefinedMetricWarning: Precision is ill-defined and being set to 0.0 in samples with no predicted labels. Use `zero_division` parameter to control this behavior.
  _warn_prf(average, modifier, msg_start, len(result))
Acc. (Correct/Total):  9.55%% Prec: 0.1492 F1: 0.1319
Start evaluation on test dataset.
/root/miniconda3/envs/lyq/lib/python3.8/site-packages/sklearn/metrics/_classification.py:1469: UndefinedMetricWarning: Precision is ill-defined and being set to 0.0 in samples with no predicted labels. Use `zero_division` parameter to control this behavior.
  _warn_prf(average, modifier, msg_start, len(result))
Acc. (Correct/Total): 10.16%% Prec: 0.1514 F1: 0.1347
Epoch id: 6, Training steps: 100, Avg loss: 0.093, Time: 0:14:50
Epoch id: 6, Training steps: 200, Avg loss: 0.046, Time: 0:15:39
Start evaluation on dev dataset.
/root/miniconda3/envs/lyq/lib/python3.8/site-packages/sklearn/metrics/_classification.py:1469: UndefinedMetricWarning: Precision is ill-defined and being set to 0.0 in samples with no predicted labels. Use `zero_division` parameter to control this behavior.
  _warn_prf(average, modifier, msg_start, len(result))
Acc. (Correct/Total): 11.80%% Prec: 0.2181 F1: 0.1852
Start evaluation on test dataset.
/root/miniconda3/envs/lyq/lib/python3.8/site-packages/sklearn/metrics/_classification.py:1469: UndefinedMetricWarning: Precision is ill-defined and being set to 0.0 in samples with no predicted labels. Use `zero_division` parameter to control this behavior.
  _warn_prf(average, modifier, msg_start, len(result))
Acc. (Correct/Total): 14.32%% Prec: 0.2542 F1: 0.2169
Epoch id: 7, Training steps: 100, Avg loss: 0.080, Time: 0:17:40
Epoch id: 7, Training steps: 200, Avg loss: 0.041, Time: 0:18:29
Start evaluation on dev dataset.
/root/miniconda3/envs/lyq/lib/python3.8/site-packages/sklearn/metrics/_classification.py:1469: UndefinedMetricWarning: Precision is ill-defined and being set to 0.0 in samples with no predicted labels. Use `zero_division` parameter to control this behavior.
  _warn_prf(average, modifier, msg_start, len(result))
Acc. (Correct/Total): 19.48%% Prec: 0.3253 F1: 0.2827
Start evaluation on test dataset.
/root/miniconda3/envs/lyq/lib/python3.8/site-packages/sklearn/metrics/_classification.py:1469: UndefinedMetricWarning: Precision is ill-defined and being set to 0.0 in samples with no predicted labels. Use `zero_division` parameter to control this behavior.
  _warn_prf(average, modifier, msg_start, len(result))
Acc. (Correct/Total): 23.17%% Prec: 0.3442 F1: 0.3072
Epoch id: 8, Training steps: 100, Avg loss: 0.072, Time: 0:20:35
Epoch id: 8, Training steps: 200, Avg loss: 0.037, Time: 0:21:25
Start evaluation on dev dataset.
/root/miniconda3/envs/lyq/lib/python3.8/site-packages/sklearn/metrics/_classification.py:1469: UndefinedMetricWarning: Precision is ill-defined and being set to 0.0 in samples with no predicted labels. Use `zero_division` parameter to control this behavior.
  _warn_prf(average, modifier, msg_start, len(result))
Acc. (Correct/Total): 20.87%% Prec: 0.3426 F1: 0.2998
Start evaluation on test dataset.
/root/miniconda3/envs/lyq/lib/python3.8/site-packages/sklearn/metrics/_classification.py:1469: UndefinedMetricWarning: Precision is ill-defined and being set to 0.0 in samples with no predicted labels. Use `zero_division` parameter to control this behavior.
  _warn_prf(average, modifier, msg_start, len(result))
Acc. (Correct/Total): 24.63%% Prec: 0.3786 F1: 0.3361
Epoch id: 9, Training steps: 100, Avg loss: 0.065, Time: 0:23:21
Epoch id: 9, Training steps: 200, Avg loss: 0.034, Time: 0:24:08
Start evaluation on dev dataset.
/root/miniconda3/envs/lyq/lib/python3.8/site-packages/sklearn/metrics/_classification.py:1469: UndefinedMetricWarning: Precision is ill-defined and being set to 0.0 in samples with no predicted labels. Use `zero_division` parameter to control this behavior.
  _warn_prf(average, modifier, msg_start, len(result))
Acc. (Correct/Total): 26.10%% Prec: 0.4177 F1: 0.3678
Start evaluation on test dataset.
/root/miniconda3/envs/lyq/lib/python3.8/site-packages/sklearn/metrics/_classification.py:1469: UndefinedMetricWarning: Precision is ill-defined and being set to 0.0 in samples with no predicted labels. Use `zero_division` parameter to control this behavior.
  _warn_prf(average, modifier, msg_start, len(result))
Acc. (Correct/Total): 30.48%% Prec: 0.4521 F1: 0.4059
Epoch id: 10, Training steps: 100, Avg loss: 0.057, Time: 0:26:21
Epoch id: 10, Training steps: 200, Avg loss: 0.030, Time: 0:27:11
Start evaluation on dev dataset.
/root/miniconda3/envs/lyq/lib/python3.8/site-packages/sklearn/metrics/_classification.py:1469: UndefinedMetricWarning: Precision is ill-defined and being set to 0.0 in samples with no predicted labels. Use `zero_division` parameter to control this behavior.
  _warn_prf(average, modifier, msg_start, len(result))
Acc. (Correct/Total): 25.96%% Prec: 0.4170 F1: 0.3667
Epoch id: 11, Training steps: 100, Avg loss: 0.054, Time: 0:28:53
Epoch id: 11, Training steps: 200, Avg loss: 0.027, Time: 0:29:44
Start evaluation on dev dataset.
/root/miniconda3/envs/lyq/lib/python3.8/site-packages/sklearn/metrics/_classification.py:1469: UndefinedMetricWarning: Precision is ill-defined and being set to 0.0 in samples with no predicted labels. Use `zero_division` parameter to control this behavior.
  _warn_prf(average, modifier, msg_start, len(result))
Acc. (Correct/Total): 30.04%% Prec: 0.4643 F1: 0.4127
Start evaluation on test dataset.
/root/miniconda3/envs/lyq/lib/python3.8/site-packages/sklearn/metrics/_classification.py:1469: UndefinedMetricWarning: Precision is ill-defined and being set to 0.0 in samples with no predicted labels. Use `zero_division` parameter to control this behavior.
  _warn_prf(average, modifier, msg_start, len(result))
Acc. (Correct/Total): 33.53%% Prec: 0.4942 F1: 0.4445
Epoch id: 12, Training steps: 100, Avg loss: 0.051, Time: 0:32:05
Epoch id: 12, Training steps: 200, Avg loss: 0.025, Time: 0:32:54
Start evaluation on dev dataset.
/root/miniconda3/envs/lyq/lib/python3.8/site-packages/sklearn/metrics/_classification.py:1469: UndefinedMetricWarning: Precision is ill-defined and being set to 0.0 in samples with no predicted labels. Use `zero_division` parameter to control this behavior.
  _warn_prf(average, modifier, msg_start, len(result))
Acc. (Correct/Total): 32.34%% Prec: 0.4882 F1: 0.4387
Start evaluation on test dataset.
/root/miniconda3/envs/lyq/lib/python3.8/site-packages/sklearn/metrics/_classification.py:1469: UndefinedMetricWarning: Precision is ill-defined and being set to 0.0 in samples with no predicted labels. Use `zero_division` parameter to control this behavior.
  _warn_prf(average, modifier, msg_start, len(result))
Acc. (Correct/Total): 36.87%% Prec: 0.5385 F1: 0.4858
Epoch id: 13, Training steps: 100, Avg loss: 0.044, Time: 0:35:11
Epoch id: 13, Training steps: 200, Avg loss: 0.023, Time: 0:36:04
Start evaluation on dev dataset.
/root/miniconda3/envs/lyq/lib/python3.8/site-packages/sklearn/metrics/_classification.py:1469: UndefinedMetricWarning: Precision is ill-defined and being set to 0.0 in samples with no predicted labels. Use `zero_division` parameter to control this behavior.
  _warn_prf(average, modifier, msg_start, len(result))
Acc. (Correct/Total): 33.45%% Prec: 0.5091 F1: 0.4560
Start evaluation on test dataset.
/root/miniconda3/envs/lyq/lib/python3.8/site-packages/sklearn/metrics/_classification.py:1469: UndefinedMetricWarning: Precision is ill-defined and being set to 0.0 in samples with no predicted labels. Use `zero_division` parameter to control this behavior.
  _warn_prf(average, modifier, msg_start, len(result))
Acc. (Correct/Total): 36.77%% Prec: 0.5416 F1: 0.4880
Epoch id: 14, Training steps: 100, Avg loss: 0.041, Time: 0:38:25
Epoch id: 14, Training steps: 200, Avg loss: 0.021, Time: 0:39:19
Start evaluation on dev dataset.
/root/miniconda3/envs/lyq/lib/python3.8/site-packages/sklearn/metrics/_classification.py:1469: UndefinedMetricWarning: Precision is ill-defined and being set to 0.0 in samples with no predicted labels. Use `zero_division` parameter to control this behavior.
  _warn_prf(average, modifier, msg_start, len(result))
Acc. (Correct/Total): 35.75%% Prec: 0.5444 F1: 0.4890
Start evaluation on test dataset.
/root/miniconda3/envs/lyq/lib/python3.8/site-packages/sklearn/metrics/_classification.py:1469: UndefinedMetricWarning: Precision is ill-defined and being set to 0.0 in samples with no predicted labels. Use `zero_division` parameter to control this behavior.
  _warn_prf(average, modifier, msg_start, len(result))
Acc. (Correct/Total): 39.53%% Prec: 0.5796 F1: 0.5223
Epoch id: 15, Training steps: 100, Avg loss: 0.038, Time: 0:41:15
Epoch id: 15, Training steps: 200, Avg loss: 0.020, Time: 0:42:03
Start evaluation on dev dataset.
/root/miniconda3/envs/lyq/lib/python3.8/site-packages/sklearn/metrics/_classification.py:1469: UndefinedMetricWarning: Precision is ill-defined and being set to 0.0 in samples with no predicted labels. Use `zero_division` parameter to control this behavior.
  _warn_prf(average, modifier, msg_start, len(result))
Acc. (Correct/Total): 37.33%% Prec: 0.5691 F1: 0.5124
Start evaluation on test dataset.
/root/miniconda3/envs/lyq/lib/python3.8/site-packages/sklearn/metrics/_classification.py:1469: UndefinedMetricWarning: Precision is ill-defined and being set to 0.0 in samples with no predicted labels. Use `zero_division` parameter to control this behavior.
  _warn_prf(average, modifier, msg_start, len(result))
Acc. (Correct/Total): 42.82%% Prec: 0.6155 F1: 0.5582
Epoch id: 16, Training steps: 100, Avg loss: 0.033, Time: 0:44:06
Epoch id: 16, Training steps: 200, Avg loss: 0.018, Time: 0:44:57
Start evaluation on dev dataset.
/root/miniconda3/envs/lyq/lib/python3.8/site-packages/sklearn/metrics/_classification.py:1469: UndefinedMetricWarning: Precision is ill-defined and being set to 0.0 in samples with no predicted labels. Use `zero_division` parameter to control this behavior.
  _warn_prf(average, modifier, msg_start, len(result))
Acc. (Correct/Total): 38.29%% Prec: 0.5727 F1: 0.5169
Start evaluation on test dataset.
/root/miniconda3/envs/lyq/lib/python3.8/site-packages/sklearn/metrics/_classification.py:1469: UndefinedMetricWarning: Precision is ill-defined and being set to 0.0 in samples with no predicted labels. Use `zero_division` parameter to control this behavior.
  _warn_prf(average, modifier, msg_start, len(result))
Acc. (Correct/Total): 43.49%% Prec: 0.6210 F1: 0.5651
Epoch id: 17, Training steps: 100, Avg loss: 0.031, Time: 0:47:10
Epoch id: 17, Training steps: 200, Avg loss: 0.016, Time: 0:47:59
Start evaluation on dev dataset.
/root/miniconda3/envs/lyq/lib/python3.8/site-packages/sklearn/metrics/_classification.py:1469: UndefinedMetricWarning: Precision is ill-defined and being set to 0.0 in samples with no predicted labels. Use `zero_division` parameter to control this behavior.
  _warn_prf(average, modifier, msg_start, len(result))
Acc. (Correct/Total): 36.52%% Prec: 0.5569 F1: 0.5006
Epoch id: 18, Training steps: 100, Avg loss: 0.028, Time: 0:49:49
Epoch id: 18, Training steps: 200, Avg loss: 0.014, Time: 0:50:42
Start evaluation on dev dataset.
/root/miniconda3/envs/lyq/lib/python3.8/site-packages/sklearn/metrics/_classification.py:1469: UndefinedMetricWarning: Precision is ill-defined and being set to 0.0 in samples with no predicted labels. Use `zero_division` parameter to control this behavior.
  _warn_prf(average, modifier, msg_start, len(result))
Acc. (Correct/Total): 39.30%% Prec: 0.5853 F1: 0.5299
Start evaluation on test dataset.
/root/miniconda3/envs/lyq/lib/python3.8/site-packages/sklearn/metrics/_classification.py:1469: UndefinedMetricWarning: Precision is ill-defined and being set to 0.0 in samples with no predicted labels. Use `zero_division` parameter to control this behavior.
  _warn_prf(average, modifier, msg_start, len(result))
Acc. (Correct/Total): 44.22%% Prec: 0.6239 F1: 0.5695
Epoch id: 19, Training steps: 100, Avg loss: 0.027, Time: 0:52:50
Epoch id: 19, Training steps: 200, Avg loss: 0.013, Time: 0:53:38
Start evaluation on dev dataset.
/root/miniconda3/envs/lyq/lib/python3.8/site-packages/sklearn/metrics/_classification.py:1469: UndefinedMetricWarning: Precision is ill-defined and being set to 0.0 in samples with no predicted labels. Use `zero_division` parameter to control this behavior.
  _warn_prf(average, modifier, msg_start, len(result))
Acc. (Correct/Total): 39.92%% Prec: 0.5930 F1: 0.5369
Start evaluation on test dataset.
/root/miniconda3/envs/lyq/lib/python3.8/site-packages/sklearn/metrics/_classification.py:1469: UndefinedMetricWarning: Precision is ill-defined and being set to 0.0 in samples with no predicted labels. Use `zero_division` parameter to control this behavior.
  _warn_prf(average, modifier, msg_start, len(result))
Acc. (Correct/Total): 45.91%% Prec: 0.6436 F1: 0.5891
Epoch id: 20, Training steps: 100, Avg loss: 0.023, Time: 0:55:52
Epoch id: 20, Training steps: 200, Avg loss: 0.012, Time: 0:56:44
Start evaluation on dev dataset.
/root/miniconda3/envs/lyq/lib/python3.8/site-packages/sklearn/metrics/_classification.py:1469: UndefinedMetricWarning: Precision is ill-defined and being set to 0.0 in samples with no predicted labels. Use `zero_division` parameter to control this behavior.
  _warn_prf(average, modifier, msg_start, len(result))
Acc. (Correct/Total): 40.64%% Prec: 0.5953 F1: 0.5435
Start evaluation on test dataset.
/root/miniconda3/envs/lyq/lib/python3.8/site-packages/sklearn/metrics/_classification.py:1469: UndefinedMetricWarning: Precision is ill-defined and being set to 0.0 in samples with no predicted labels. Use `zero_division` parameter to control this behavior.
  _warn_prf(average, modifier, msg_start, len(result))
Acc. (Correct/Total): 46.11%% Prec: 0.6520 F1: 0.5955
Final evaluation on the test dataset.
The number of evaluation instances:  2067
/root/miniconda3/envs/lyq/lib/python3.8/site-packages/sklearn/metrics/_classification.py:1469: UndefinedMetricWarning: Precision is ill-defined and being set to 0.0 in samples with no predicted labels. Use `zero_division` parameter to control this behavior.
  _warn_prf(average, modifier, msg_start, len(result))
/root/miniconda3/envs/lyq/lib/python3.8/site-packages/sklearn/metrics/_classification.py:1469: UndefinedMetricWarning: Precision and F-score are ill-defined and being set to 0.0 in labels with no predicted samples. Use `zero_division` parameter to control this behavior.
  _warn_prf(average, modifier, msg_start, len(result))
/root/miniconda3/envs/lyq/lib/python3.8/site-packages/sklearn/metrics/_classification.py:1469: UndefinedMetricWarning: Precision and F-score are ill-defined and being set to 0.0 in samples with no predicted labels. Use `zero_division` parameter to control this behavior.
  _warn_prf(average, modifier, msg_start, len(result))
Acc. (Correct/Total): 46.11% Prec: 0.6520 F1: 0.5955
Precision, Recall and F1-Score...
              precision    recall  f1-score   support

         教育学     0.8565    0.7925    0.8233       241
          法学     0.8735    0.6473    0.7436       224
      中国语言文学     0.7473    0.7351    0.7411       185
         政治学     0.7411    0.5092    0.6036       163
         社会学     0.8991    0.6242    0.7368       157
         心理学     0.7714    0.4390    0.5596       123
       应用经济学     0.7308    0.4872    0.5846       117
         历史学     0.9130    0.3853    0.5419       109
     环境科学与工程     0.8987    0.6574    0.7594       108
          哲学     0.7097    0.4536    0.5535        97
      外国语言文学     0.7885    0.4824    0.5985        85
         生物学     0.8793    0.6456    0.7445        79
      交通运输工程     0.9114    0.9231    0.9172        78
        临床医学     0.9000    0.5921    0.7143        76
    计算机科学与技术     0.7368    0.5915    0.6562        71
        土木工程     0.9231    0.9091    0.9160        66
   航空宇航科学与技术     0.9464    0.8689    0.9060        61
         民族学     0.7200    0.3273    0.4500        55
   公共卫生与预防医学     0.6170    0.5686    0.5918        51
         美术学     0.7778    0.8400    0.8077        50
         艺术学     0.9032    0.6512    0.7568        43
         地理学     1.0000    0.3095    0.4727        42
         体育学     1.0000    0.3750    0.5455        40
       理论经济学     0.8333    0.3947    0.5357        38
         中医学     0.9032    0.7568    0.8235        37
         物理学     0.8286    0.8056    0.8169        36
          林学     0.8500    0.5152    0.6415        33
          数学     0.7692    0.3125    0.4444        32
     电子科学与技术     0.5882    0.3226    0.4167        31
        基础医学     0.7273    0.2759    0.4000        29
        工商管理     1.0000    0.0370    0.0714        27
       新闻传播学     0.8182    0.4091    0.5455        22
         天文学     0.7727    0.7727    0.7727        22
         地质学     0.9286    0.6190    0.7429        21
         畜牧学     0.8824    0.7143    0.7895        21
   军事思想及军事历史     0.9286    0.6500    0.7647        20
     管理科学与工程     0.6667    0.2222    0.3333        18
     测绘科学与技术     0.7000    0.4118    0.5185        17
        水利工程     1.0000    0.5000    0.6667        16
        大气科学     0.9091    0.6250    0.7407        16
     兵器科学与技术     0.8889    0.5333    0.6667        15
       地球物理学     0.6667    0.1429    0.2353        14
        电气工程     1.0000    0.3077    0.4706        13
         作物学     0.5714    0.3077    0.4000        13
     控制科学与工程     1.0000    0.1538    0.2667        13
     信息与通信工程     0.6667    0.1538    0.2500        13
        公共管理     0.0000    0.0000    0.0000        13
         建筑学     0.0000    0.0000    0.0000        13
     化学工程与技术     1.0000    0.5833    0.7368        12
          力学     1.0000    0.2727    0.4286        11
        海洋科学     1.0000    0.5455    0.7059        11
     轻工技术与工程     1.0000    0.0909    0.1667        11
        农业工程     0.0000    0.0000    0.0000        10
         园艺学     1.0000    0.5000    0.6667        10
       中西医结合     1.0000    0.6000    0.7500        10
        机械工程     1.0000    0.3333    0.5000         9
       科学技术史     0.0000    0.0000    0.0000         8
     船舶与海洋工程     1.0000    0.5000    0.6667         8
   图书情报与档案管理     0.0000    0.0000    0.0000         8
        植物保护     1.0000    0.5000    0.6667         8
     材料科学与工程     1.0000    0.2500    0.4000         8
         统计学     0.6000    0.7500    0.6667         8
          化学     1.0000    0.6250    0.7692         8
     食品科学与工程     0.0000    0.0000    0.0000         8
          水产     1.0000    0.1429    0.2500         7
          药学     1.0000    0.2857    0.4444         7
     农业资源与环境     0.0000    0.0000    0.0000         7
         世界史     0.0000    0.0000    0.0000         7
        系统科学     0.0000    0.0000    0.0000         7
      农林经济管理     0.0000    0.0000    0.0000         5
       军队指挥学     1.0000    0.2000    0.3333         5
        矿业工程     1.0000    0.2000    0.3333         5
     纺织科学与工程     1.0000    0.2000    0.3333         5
  动力工程及工程热物理     0.0000    0.0000    0.0000         4
        林业工程     0.0000    0.0000    0.0000         4
     仪器科学与技术     0.0000    0.0000    0.0000         3
         战略学     0.0000    0.0000    0.0000         3
   地质资源与地质工程     0.0000    0.0000    0.0000         3
        旅游管理     0.0000    0.0000    0.0000         3
 图书馆、情报与档案管理     0.0000    0.0000    0.0000         2
        冶金工程     0.0000    0.0000    0.0000         2
      核科学与技术     0.0000    0.0000    0.0000         2

   micro avg     0.8273    0.5574    0.6660      3093
   macro avg     0.6676    0.3700    0.4495      3093
weighted avg     0.8052    0.5574    0.6401      3093
 samples avg     0.6520    0.5703    0.5955      3093

