nohup: ignoring input
/root/miniconda3/envs/lyq/lib/python3.8/site-packages/scipy/__init__.py:146: UserWarning: A NumPy version >=1.16.5 and <1.23.0 is required for this version of SciPy (detected version 1.23.5
  warnings.warn(f"A NumPy version >={np_minversion} and <{np_maxversion}"
  0%|          | 0/82 [00:00<?, ?it/s]100%|██████████| 82/82 [00:00<00:00, 646490.47it/s]
model:  ernie-rcnn-catlstm
pretrained:  ernie1
task:  MLC-slice
dataset:  book_multilabels_task_slice
seq_length:  256
hidden_dropout_prob:  0.1
attention_probs_dropout_prob:  0.1
epochs_num:  20
batch_size:  8
learning_rate:  2e-05
report_steps:  100
kg_name:  CnDbpedia
no_kg:  True
no_vm:  True
GPU:  NVIDIA GeForce RTX 3090
Vocabulary Size:  17964
[BertClassifier] use visible_matrix: False
Some weights of ErnieRCNNForMultiLabelSequenceClassificationSliceCatLSTM were not initialized from the model checkpoint at ./models/ernie1 and are newly initialized: ['lstm.bias_ih_l1_reverse', 'lstm.bias_hh_l0', 'lstm.bias_hh_l0_reverse', 'lstm.bias_ih_l0_reverse', 'lstm.weight_hh_l0_reverse', 'lstm.weight_ih_l1_reverse', 'lstm.weight_ih_l1', 'classifier.weight', 'lstm.bias_hh_l1', 'lstm.bias_ih_l1', 'lstm.weight_hh_l1', 'classifier.bias', 'lstm.weight_hh_l1_reverse', 'output_layer_1.bias', 'lstm.weight_ih_l0_reverse', 'lstm.weight_hh_l0', 'lstm.weight_ih_l0', 'output_layer_1.weight', 'lstm.bias_hh_l1_reverse', 'lstm.bias_ih_l0']
You should probably TRAIN this model on a down-stream task to be able to use it for predictions and inference.
1 GPUs are available. Let's use them.
device:  cuda
Start training.
Loading sentences from ./datasets/book_multilabels_task_slice/train.tsv
There are 9097 sentence in total. We use 1 processes to inject knowledge into sentences.
Progress of process 0: 0/9097
Loading sentences from ./datasets/book_multilabels_task_slice/dev.tsv
There are 2084 sentence in total. We use 1 processes to inject knowledge into sentences.
Progress of process 0: 0/2084
Loading sentences from ./datasets/book_multilabels_task_slice/test.tsv
There are 2067 sentence in total. We use 1 processes to inject knowledge into sentences.
Progress of process 0: 0/2067
Start evaluation on dev dataset.
Acc. (Correct/Total):  0.00% micro-Prec: 0.0000 micro-Recall:0.0000 micro-F1: 0.0000
Start evaluation on test dataset.
Acc. (Correct/Total):  0.00% micro-Prec: 0.0000 micro-Recall:0.0000 micro-F1: 0.0000
Epoch id: 1, Training steps: 100,  Train Loss: 0.072,  Train Acc:  0.00%,  Train Avg Loss: 0.191,   Val Loss: 0.099,  Val Acc:  0.00%,  Time: 0:01:20 *
Start evaluation on dev dataset.
Acc. (Correct/Total):  0.00% micro-Prec: 0.0000 micro-Recall:0.0000 micro-F1: 0.0000
Epoch id: 1, Training steps: 200,  Train Loss: 0.079,  Train Acc:  0.00%,  Train Avg Loss: 0.084,   Val Loss:   0.1,  Val Acc:  0.00%,  Time: 0:02:14 
Start evaluation on dev dataset.
Acc. (Correct/Total):  0.00% micro-Prec: 0.0000 micro-Recall:0.0000 micro-F1: 0.0000
Start evaluation on test dataset.
Acc. (Correct/Total):  0.00% micro-Prec: 0.0000 micro-Recall:0.0000 micro-F1: 0.0000
Epoch id: 1, Training steps: 300,  Train Loss: 0.067,  Train Acc:  0.00%,  Train Avg Loss: 0.081,   Val Loss: 0.086,  Val Acc:  0.00%,  Time: 0:03:34 *
Start evaluation on dev dataset.
Acc. (Correct/Total):  0.00% micro-Prec: 0.0000 micro-Recall:0.0000 micro-F1: 0.0000
Start evaluation on test dataset.
Acc. (Correct/Total):  0.00% micro-Prec: 0.0000 micro-Recall:0.0000 micro-F1: 0.0000
Epoch id: 1, Training steps: 400,  Train Loss: 0.084,  Train Acc:  0.00%,  Train Avg Loss: 0.079,   Val Loss: 0.083,  Val Acc:  0.00%,  Time: 0:04:54 *
Start evaluation on dev dataset.
Acc. (Correct/Total):  0.00% micro-Prec: 0.0000 micro-Recall:0.0000 micro-F1: 0.0000
Epoch id: 1, Training steps: 500,  Train Loss: 0.066,  Train Acc:  0.00%,  Train Avg Loss: 0.078,   Val Loss:   0.1,  Val Acc:  0.00%,  Time: 0:05:48 
Start evaluation on dev dataset.
Acc. (Correct/Total):  0.00% micro-Prec: 0.0000 micro-Recall:0.0000 micro-F1: 0.0000
Epoch id: 1, Training steps: 600,  Train Loss: 0.064,  Train Acc:  0.00%,  Train Avg Loss: 0.074,   Val Loss:  0.12,  Val Acc:  0.00%,  Time: 0:06:41 
Start evaluation on dev dataset.
Acc. (Correct/Total):  0.82% micro-Prec: 0.8061 micro-Recall:0.0256 micro-F1: 0.0496
Epoch id: 1, Training steps: 700,  Train Loss: 0.066,  Train Acc:  0.00%,  Train Avg Loss: 0.068,   Val Loss:  0.11,  Val Acc:  0.82%,  Time: 0:07:35 
Start evaluation on dev dataset.
Acc. (Correct/Total):  7.34% micro-Prec: 0.8632 micro-Recall:0.1062 micro-F1: 0.1891
Epoch id: 1, Training steps: 800,  Train Loss: 0.048,  Train Acc:  0.00%,  Train Avg Loss: 0.063,   Val Loss:   0.1,  Val Acc:  7.34%,  Time: 0:08:29 
Start evaluation on dev dataset.
Acc. (Correct/Total): 11.66% micro-Prec: 0.7966 micro-Recall:0.1509 micro-F1: 0.2537
Epoch id: 1, Training steps: 900,  Train Loss: 0.045,  Train Acc: 12.50%,  Train Avg Loss: 0.057,   Val Loss: 0.097,  Val Acc: 11.66%,  Time: 0:09:22 
Start evaluation on dev dataset.
Acc. (Correct/Total): 11.08% micro-Prec: 0.8199 micro-Recall:0.1415 micro-F1: 0.2413
Epoch id: 1, Training steps: 1000,  Train Loss: 0.042,  Train Acc: 12.50%,  Train Avg Loss: 0.054,   Val Loss: 0.084,  Val Acc: 11.08%,  Time: 0:10:16 
Start evaluation on dev dataset.
Acc. (Correct/Total): 16.65% micro-Prec: 0.8106 micro-Recall:0.1939 micro-F1: 0.3130
Epoch id: 1, Training steps: 1100,  Train Loss: 0.037,  Train Acc: 12.50%,  Train Avg Loss: 0.051,   Val Loss: 0.086,  Val Acc: 16.65%,  Time: 0:11:10 
Start evaluation on dev dataset.
Acc. (Correct/Total): 22.02% micro-Prec: 0.8094 micro-Recall:0.2612 micro-F1: 0.3950
Start evaluation on test dataset.
Acc. (Correct/Total): 25.69% micro-Prec: 0.8596 micro-Recall:0.3029 micro-F1: 0.4480
Epoch id: 2, Training steps: 100,  Train Loss: 0.053,  Train Acc: 12.50%,  Train Avg Loss: 0.064,   Val Loss: 0.079,  Val Acc: 22.02%,  Time: 0:12:40 *
Start evaluation on dev dataset.
Acc. (Correct/Total): 24.42% micro-Prec: 0.7937 micro-Recall:0.3001 micro-F1: 0.4355
Start evaluation on test dataset.
Acc. (Correct/Total): 28.25% micro-Prec: 0.8630 micro-Recall:0.3401 micro-F1: 0.4879
Epoch id: 2, Training steps: 200,  Train Loss: 0.034,  Train Acc: 25.00%,  Train Avg Loss: 0.043,   Val Loss: 0.067,  Val Acc: 24.42%,  Time: 0:13:59 *
Start evaluation on dev dataset.
Acc. (Correct/Total): 27.21% micro-Prec: 0.8146 micro-Recall:0.3286 micro-F1: 0.4683
Start evaluation on test dataset.
Acc. (Correct/Total): 31.35% micro-Prec: 0.8721 micro-Recall:0.3815 micro-F1: 0.5308
Epoch id: 2, Training steps: 300,  Train Loss: 0.042,  Train Acc:  0.00%,  Train Avg Loss: 0.044,   Val Loss: 0.066,  Val Acc: 27.21%,  Time: 0:15:19 *
Start evaluation on dev dataset.
Acc. (Correct/Total): 26.54% micro-Prec: 0.8168 micro-Recall:0.3176 micro-F1: 0.4573
Start evaluation on test dataset.
Acc. (Correct/Total): 32.90% micro-Prec: 0.8910 micro-Recall:0.3805 micro-F1: 0.5333
Epoch id: 2, Training steps: 400,  Train Loss: 0.019,  Train Acc: 25.00%,  Train Avg Loss: 0.039,   Val Loss: 0.059,  Val Acc: 26.54%,  Time: 0:16:39 *
Start evaluation on dev dataset.
Acc. (Correct/Total): 30.57% micro-Prec: 0.8109 micro-Recall:0.3804 micro-F1: 0.5178
Epoch id: 2, Training steps: 500,  Train Loss:  0.03,  Train Acc: 50.00%,  Train Avg Loss: 0.040,   Val Loss: 0.068,  Val Acc: 30.57%,  Time: 0:17:33 
Start evaluation on dev dataset.
Acc. (Correct/Total): 27.88% micro-Prec: 0.8133 micro-Recall:0.3597 micro-F1: 0.4988
Epoch id: 2, Training steps: 600,  Train Loss: 0.026,  Train Acc: 37.50%,  Train Avg Loss: 0.039,   Val Loss:  0.06,  Val Acc: 27.88%,  Time: 0:18:26 
Start evaluation on dev dataset.
Acc. (Correct/Total): 32.63% micro-Prec: 0.8056 micro-Recall:0.3878 micro-F1: 0.5236
Start evaluation on test dataset.
Acc. (Correct/Total): 36.14% micro-Prec: 0.8626 micro-Recall:0.4261 micro-F1: 0.5704
Epoch id: 2, Training steps: 700,  Train Loss: 0.021,  Train Acc: 50.00%,  Train Avg Loss: 0.034,   Val Loss: 0.056,  Val Acc: 32.63%,  Time: 0:19:46 *
Start evaluation on dev dataset.
Acc. (Correct/Total): 32.15% micro-Prec: 0.8101 micro-Recall:0.4005 micro-F1: 0.5360
Epoch id: 2, Training steps: 800,  Train Loss: 0.016,  Train Acc: 37.50%,  Train Avg Loss: 0.035,   Val Loss: 0.057,  Val Acc: 32.15%,  Time: 0:20:40 
Start evaluation on dev dataset.
Acc. (Correct/Total): 31.77% micro-Prec: 0.8048 micro-Recall:0.4005 micro-F1: 0.5348
Start evaluation on test dataset.
Acc. (Correct/Total): 40.11% micro-Prec: 0.8699 micro-Recall:0.4714 micro-F1: 0.6114
Epoch id: 2, Training steps: 900,  Train Loss: 0.037,  Train Acc: 25.00%,  Train Avg Loss: 0.035,   Val Loss: 0.053,  Val Acc: 31.77%,  Time: 0:21:59 *
Start evaluation on dev dataset.
Acc. (Correct/Total): 32.29% micro-Prec: 0.8028 micro-Recall:0.4111 micro-F1: 0.5438
Epoch id: 2, Training steps: 1000,  Train Loss: 0.038,  Train Acc: 37.50%,  Train Avg Loss: 0.035,   Val Loss: 0.061,  Val Acc: 32.29%,  Time: 0:22:53 
Start evaluation on dev dataset.
Acc. (Correct/Total): 35.22% micro-Prec: 0.8269 micro-Recall:0.4377 micro-F1: 0.5724
Start evaluation on test dataset.
Acc. (Correct/Total): 40.35% micro-Prec: 0.8675 micro-Recall:0.4911 micro-F1: 0.6272
Epoch id: 2, Training steps: 1100,  Train Loss: 0.049,  Train Acc: 12.50%,  Train Avg Loss: 0.034,   Val Loss: 0.052,  Val Acc: 35.22%,  Time: 0:24:14 *
Start evaluation on dev dataset.
Acc. (Correct/Total): 35.08% micro-Prec: 0.8149 micro-Recall:0.4319 micro-F1: 0.5645
Start evaluation on test dataset.
Acc. (Correct/Total): 41.27% micro-Prec: 0.8563 micro-Recall:0.4914 micro-F1: 0.6245
Epoch id: 3, Training steps: 100,  Train Loss: 0.025,  Train Acc: 62.50%,  Train Avg Loss: 0.042,   Val Loss: 0.051,  Val Acc: 35.08%,  Time: 0:25:44 *
Start evaluation on dev dataset.
Acc. (Correct/Total): 35.94% micro-Prec: 0.8236 micro-Recall:0.4367 micro-F1: 0.5708
Start evaluation on test dataset.
Acc. (Correct/Total): 42.24% micro-Prec: 0.8827 micro-Recall:0.5011 micro-F1: 0.6393
Epoch id: 3, Training steps: 200,  Train Loss: 0.047,  Train Acc: 12.50%,  Train Avg Loss: 0.029,   Val Loss: 0.047,  Val Acc: 35.94%,  Time: 0:27:04 *
Start evaluation on dev dataset.
Acc. (Correct/Total): 39.92% micro-Prec: 0.8022 micro-Recall:0.4924 micro-F1: 0.6102
Epoch id: 3, Training steps: 300,  Train Loss: 0.034,  Train Acc: 37.50%,  Train Avg Loss: 0.028,   Val Loss: 0.053,  Val Acc: 39.92%,  Time: 0:27:58 
Start evaluation on dev dataset.
Acc. (Correct/Total): 37.91% micro-Prec: 0.8104 micro-Recall:0.4704 micro-F1: 0.5952
Epoch id: 3, Training steps: 400,  Train Loss: 0.029,  Train Acc: 12.50%,  Train Avg Loss: 0.028,   Val Loss: 0.049,  Val Acc: 37.91%,  Time: 0:28:52 
Start evaluation on dev dataset.
Acc. (Correct/Total): 33.59% micro-Prec: 0.7650 micro-Recall:0.4374 micro-F1: 0.5565
Epoch id: 3, Training steps: 500,  Train Loss: 0.044,  Train Acc: 25.00%,  Train Avg Loss: 0.026,   Val Loss: 0.067,  Val Acc: 33.59%,  Time: 0:29:46 
Start evaluation on dev dataset.
Acc. (Correct/Total): 36.37% micro-Prec: 0.7825 micro-Recall:0.4623 micro-F1: 0.5812
Epoch id: 3, Training steps: 600,  Train Loss: 0.019,  Train Acc: 37.50%,  Train Avg Loss: 0.029,   Val Loss: 0.057,  Val Acc: 36.37%,  Time: 0:30:40 
Start evaluation on dev dataset.
Acc. (Correct/Total): 37.28% micro-Prec: 0.7896 micro-Recall:0.4749 micro-F1: 0.5931
Epoch id: 3, Training steps: 700,  Train Loss: 0.019,  Train Acc: 37.50%,  Train Avg Loss: 0.028,   Val Loss: 0.055,  Val Acc: 37.28%,  Time: 0:31:33 
Start evaluation on dev dataset.
Acc. (Correct/Total): 36.95% micro-Prec: 0.7804 micro-Recall:0.4717 micro-F1: 0.5880
Epoch id: 3, Training steps: 800,  Train Loss: 0.032,  Train Acc: 37.50%,  Train Avg Loss: 0.028,   Val Loss: 0.055,  Val Acc: 36.95%,  Time: 0:32:27 
Start evaluation on dev dataset.
Acc. (Correct/Total): 38.05% micro-Prec: 0.8061 micro-Recall:0.4736 micro-F1: 0.5967
Epoch id: 3, Training steps: 900,  Train Loss: 0.014,  Train Acc: 75.00%,  Train Avg Loss: 0.027,   Val Loss: 0.052,  Val Acc: 38.05%,  Time: 0:33:20 
Start evaluation on dev dataset.
Acc. (Correct/Total): 38.44% micro-Prec: 0.7939 micro-Recall:0.4888 micro-F1: 0.6051
Epoch id: 3, Training steps: 1000,  Train Loss: 0.032,  Train Acc: 25.00%,  Train Avg Loss: 0.026,   Val Loss: 0.053,  Val Acc: 38.44%,  Time: 0:34:14 
Start evaluation on dev dataset.
Acc. (Correct/Total): 39.97% micro-Prec: 0.8020 micro-Recall:0.4995 micro-F1: 0.6156
Epoch id: 3, Training steps: 1100,  Train Loss: 0.038,  Train Acc: 25.00%,  Train Avg Loss: 0.028,   Val Loss: 0.053,  Val Acc: 39.97%,  Time: 0:35:07 
Start evaluation on dev dataset.
Acc. (Correct/Total): 39.59% micro-Prec: 0.7596 micro-Recall:0.5196 micro-F1: 0.6171
Epoch id: 4, Training steps: 100,  Train Loss: 0.021,  Train Acc: 50.00%,  Train Avg Loss: 0.034,   Val Loss: 0.062,  Val Acc: 39.59%,  Time: 0:36:11 
Start evaluation on dev dataset.
Acc. (Correct/Total): 40.88% micro-Prec: 0.7769 micro-Recall:0.5231 micro-F1: 0.6253
Epoch id: 4, Training steps: 200,  Train Loss: 0.038,  Train Acc: 50.00%,  Train Avg Loss: 0.025,   Val Loss: 0.061,  Val Acc: 40.88%,  Time: 0:37:04 
Start evaluation on dev dataset.
Acc. (Correct/Total): 41.22% micro-Prec: 0.7720 micro-Recall:0.5293 micro-F1: 0.6280
Epoch id: 4, Training steps: 300,  Train Loss: 0.014,  Train Acc: 62.50%,  Train Avg Loss: 0.023,   Val Loss: 0.057,  Val Acc: 41.22%,  Time: 0:37:58 
Start evaluation on dev dataset.
Acc. (Correct/Total): 41.12% micro-Prec: 0.7749 micro-Recall:0.5248 micro-F1: 0.6257
Epoch id: 4, Training steps: 400,  Train Loss: 0.012,  Train Acc: 62.50%,  Train Avg Loss: 0.023,   Val Loss: 0.057,  Val Acc: 41.12%,  Time: 0:38:51 
Start evaluation on dev dataset.
Acc. (Correct/Total): 42.95% micro-Prec: 0.7879 micro-Recall:0.5507 micro-F1: 0.6482
Epoch id: 4, Training steps: 500,  Train Loss: 0.015,  Train Acc: 50.00%,  Train Avg Loss: 0.023,   Val Loss: 0.054,  Val Acc: 42.95%,  Time: 0:39:45 
Start evaluation on dev dataset.
Acc. (Correct/Total): 42.03% micro-Prec: 0.7860 micro-Recall:0.5267 micro-F1: 0.6307
Epoch id: 4, Training steps: 600,  Train Loss: 0.016,  Train Acc: 25.00%,  Train Avg Loss: 0.022,   Val Loss: 0.055,  Val Acc: 42.03%,  Time: 0:40:38 
Start evaluation on dev dataset.
Acc. (Correct/Total): 43.28% micro-Prec: 0.7810 micro-Recall:0.5529 micro-F1: 0.6475
Epoch id: 4, Training steps: 700,  Train Loss: 0.014,  Train Acc: 75.00%,  Train Avg Loss: 0.023,   Val Loss: 0.055,  Val Acc: 43.28%,  Time: 0:41:32 
Start evaluation on dev dataset.
Acc. (Correct/Total): 43.43% micro-Prec: 0.7806 micro-Recall:0.5380 micro-F1: 0.6370
Epoch id: 4, Training steps: 800,  Train Loss: 0.0043,  Train Acc: 87.50%,  Train Avg Loss: 0.023,   Val Loss: 0.054,  Val Acc: 43.43%,  Time: 0:42:26 
Start evaluation on dev dataset.
Acc. (Correct/Total): 44.15% micro-Prec: 0.7915 micro-Recall:0.5604 micro-F1: 0.6562
Epoch id: 4, Training steps: 900,  Train Loss: 0.019,  Train Acc: 37.50%,  Train Avg Loss: 0.022,   Val Loss:  0.05,  Val Acc: 44.15%,  Time: 0:43:20 
Start evaluation on dev dataset.
Acc. (Correct/Total): 44.24% micro-Prec: 0.7855 micro-Recall:0.5678 micro-F1: 0.6592
Epoch id: 4, Training steps: 1000,  Train Loss:  0.03,  Train Acc: 37.50%,  Train Avg Loss: 0.020,   Val Loss: 0.051,  Val Acc: 44.24%,  Time: 0:44:14 
Start evaluation on dev dataset.
Acc. (Correct/Total): 45.44% micro-Prec: 0.7816 micro-Recall:0.5769 micro-F1: 0.6638
Epoch id: 4, Training steps: 1100,  Train Loss: 0.023,  Train Acc: 25.00%,  Train Avg Loss: 0.022,   Val Loss: 0.051,  Val Acc: 45.44%,  Time: 0:45:07 
Start evaluation on dev dataset.
Acc. (Correct/Total): 44.67% micro-Prec: 0.7962 micro-Recall:0.5665 micro-F1: 0.6620
Start evaluation on test dataset.
Acc. (Correct/Total): 52.83% micro-Prec: 0.8397 micro-Recall:0.6282 micro-F1: 0.7187
Epoch id: 5, Training steps: 100,  Train Loss: 0.012,  Train Acc: 50.00%,  Train Avg Loss: 0.027,   Val Loss: 0.047,  Val Acc: 44.67%,  Time: 0:46:38 *
Start evaluation on dev dataset.
Acc. (Correct/Total): 44.48% micro-Prec: 0.7945 micro-Recall:0.5659 micro-F1: 0.6610
Start evaluation on test dataset.
Acc. (Correct/Total): 53.46% micro-Prec: 0.8515 micro-Recall:0.6356 micro-F1: 0.7279
Epoch id: 5, Training steps: 200,  Train Loss: 0.011,  Train Acc: 50.00%,  Train Avg Loss: 0.017,   Val Loss: 0.046,  Val Acc: 44.48%,  Time: 0:47:58 *
Start evaluation on dev dataset.
Acc. (Correct/Total): 47.22% micro-Prec: 0.7879 micro-Recall:0.5989 micro-F1: 0.6805
Epoch id: 5, Training steps: 300,  Train Loss: 0.019,  Train Acc: 37.50%,  Train Avg Loss: 0.016,   Val Loss: 0.047,  Val Acc: 47.22%,  Time: 0:48:51 
Start evaluation on dev dataset.
Acc. (Correct/Total): 46.35% micro-Prec: 0.7925 micro-Recall:0.5785 micro-F1: 0.6688
Start evaluation on test dataset.
Acc. (Correct/Total): 53.80% micro-Prec: 0.8423 micro-Recall:0.6440 micro-F1: 0.7299
Epoch id: 5, Training steps: 400,  Train Loss: 0.027,  Train Acc: 25.00%,  Train Avg Loss: 0.017,   Val Loss: 0.046,  Val Acc: 46.35%,  Time: 0:50:11 *
Start evaluation on dev dataset.
Acc. (Correct/Total): 47.07% micro-Prec: 0.8137 micro-Recall:0.5869 micro-F1: 0.6820
Start evaluation on test dataset.
Acc. (Correct/Total): 53.07% micro-Prec: 0.8471 micro-Recall:0.6379 micro-F1: 0.7278
Epoch id: 5, Training steps: 500,  Train Loss: 0.0094,  Train Acc: 75.00%,  Train Avg Loss: 0.017,   Val Loss: 0.043,  Val Acc: 47.07%,  Time: 0:51:31 *
Start evaluation on dev dataset.
Acc. (Correct/Total): 47.07% micro-Prec: 0.7833 micro-Recall:0.6028 micro-F1: 0.6813
Epoch id: 5, Training steps: 600,  Train Loss: 0.026,  Train Acc: 37.50%,  Train Avg Loss: 0.018,   Val Loss: 0.047,  Val Acc: 47.07%,  Time: 0:52:24 
Start evaluation on dev dataset.
Acc. (Correct/Total): 47.65% micro-Prec: 0.7901 micro-Recall:0.6018 micro-F1: 0.6832
Epoch id: 5, Training steps: 700,  Train Loss: 0.025,  Train Acc: 62.50%,  Train Avg Loss: 0.017,   Val Loss: 0.044,  Val Acc: 47.65%,  Time: 0:53:18 
Start evaluation on dev dataset.
Acc. (Correct/Total): 44.82% micro-Prec: 0.7778 micro-Recall:0.5792 micro-F1: 0.6639
Epoch id: 5, Training steps: 800,  Train Loss: 0.021,  Train Acc: 62.50%,  Train Avg Loss: 0.018,   Val Loss: 0.045,  Val Acc: 44.82%,  Time: 0:54:12 
Start evaluation on dev dataset.
Acc. (Correct/Total): 46.69% micro-Prec: 0.7721 micro-Recall:0.6086 micro-F1: 0.6807
Epoch id: 5, Training steps: 900,  Train Loss: 0.012,  Train Acc: 50.00%,  Train Avg Loss: 0.018,   Val Loss: 0.047,  Val Acc: 46.69%,  Time: 0:55:05 
Start evaluation on dev dataset.
Acc. (Correct/Total): 47.70% micro-Prec: 0.7942 micro-Recall:0.6047 micro-F1: 0.6866
Epoch id: 5, Training steps: 1000,  Train Loss: 0.0058,  Train Acc: 75.00%,  Train Avg Loss: 0.018,   Val Loss: 0.046,  Val Acc: 47.70%,  Time: 0:55:59 
Start evaluation on dev dataset.
Acc. (Correct/Total): 47.55% micro-Prec: 0.7686 micro-Recall:0.6128 micro-F1: 0.6819
Epoch id: 5, Training steps: 1100,  Train Loss:  0.02,  Train Acc: 37.50%,  Train Avg Loss: 0.018,   Val Loss: 0.048,  Val Acc: 47.55%,  Time: 0:56:53 
Start evaluation on dev dataset.
Acc. (Correct/Total): 48.80% micro-Prec: 0.8076 micro-Recall:0.6073 micro-F1: 0.6933
Epoch id: 6, Training steps: 100,  Train Loss: 0.0091,  Train Acc: 50.00%,  Train Avg Loss: 0.021,   Val Loss: 0.044,  Val Acc: 48.80%,  Time: 0:57:57 
Start evaluation on dev dataset.
Acc. (Correct/Total): 49.81% micro-Prec: 0.7925 micro-Recall:0.6342 micro-F1: 0.7045
Epoch id: 6, Training steps: 200,  Train Loss: 0.015,  Train Acc: 75.00%,  Train Avg Loss: 0.014,   Val Loss: 0.043,  Val Acc: 49.81%,  Time: 0:58:50 
Start evaluation on dev dataset.
Acc. (Correct/Total): 48.85% micro-Prec: 0.7759 micro-Recall:0.6232 micro-F1: 0.6912
Epoch id: 6, Training steps: 300,  Train Loss: 0.027,  Train Acc: 37.50%,  Train Avg Loss: 0.015,   Val Loss: 0.046,  Val Acc: 48.85%,  Time: 0:59:44 
Start evaluation on dev dataset.
Acc. (Correct/Total): 49.23% micro-Prec: 0.7923 micro-Recall:0.6161 micro-F1: 0.6931
Epoch id: 6, Training steps: 400,  Train Loss: 0.0081,  Train Acc: 75.00%,  Train Avg Loss: 0.012,   Val Loss: 0.043,  Val Acc: 49.23%,  Time: 1:00:38 
Start evaluation on dev dataset.
Acc. (Correct/Total): 50.14% micro-Prec: 0.7945 micro-Recall:0.6232 micro-F1: 0.6985
Epoch id: 6, Training steps: 500,  Train Loss: 0.012,  Train Acc: 62.50%,  Train Avg Loss: 0.014,   Val Loss: 0.044,  Val Acc: 50.14%,  Time: 1:01:32 
Start evaluation on dev dataset.
Acc. (Correct/Total): 48.94% micro-Prec: 0.7924 micro-Recall:0.6093 micro-F1: 0.6889
Start evaluation on test dataset.
Acc. (Correct/Total): 55.25% micro-Prec: 0.8261 micro-Recall:0.6602 micro-F1: 0.7339
Epoch id: 6, Training steps: 600,  Train Loss: 0.031,  Train Acc: 25.00%,  Train Avg Loss: 0.014,   Val Loss: 0.043,  Val Acc: 48.94%,  Time: 1:02:52 *
Start evaluation on dev dataset.
Acc. (Correct/Total): 48.46% micro-Prec: 0.8065 micro-Recall:0.6044 micro-F1: 0.6910
Start evaluation on test dataset.
Acc. (Correct/Total): 54.91% micro-Prec: 0.8403 micro-Recall:0.6566 micro-F1: 0.7372
Epoch id: 6, Training steps: 700,  Train Loss: 0.012,  Train Acc: 50.00%,  Train Avg Loss: 0.014,   Val Loss: 0.041,  Val Acc: 48.46%,  Time: 1:04:11 *
Start evaluation on dev dataset.
Acc. (Correct/Total): 49.28% micro-Prec: 0.7822 micro-Recall:0.6174 micro-F1: 0.6901
Epoch id: 6, Training steps: 800,  Train Loss: 0.029,  Train Acc: 50.00%,  Train Avg Loss: 0.013,   Val Loss: 0.045,  Val Acc: 49.28%,  Time: 1:05:04 
Start evaluation on dev dataset.
Acc. (Correct/Total): 50.29% micro-Prec: 0.7939 micro-Recall:0.6199 micro-F1: 0.6962
Epoch id: 6, Training steps: 900,  Train Loss: 0.015,  Train Acc: 75.00%,  Train Avg Loss: 0.014,   Val Loss: 0.043,  Val Acc: 50.29%,  Time: 1:05:57 
Start evaluation on dev dataset.
Acc. (Correct/Total): 48.85% micro-Prec: 0.7935 micro-Recall:0.6144 micro-F1: 0.6926
Epoch id: 6, Training steps: 1000,  Train Loss: 0.036,  Train Acc: 37.50%,  Train Avg Loss: 0.014,   Val Loss: 0.044,  Val Acc: 48.85%,  Time: 1:06:51 
Start evaluation on dev dataset.
Acc. (Correct/Total): 48.18% micro-Prec: 0.7950 micro-Recall:0.6102 micro-F1: 0.6905
Start evaluation on test dataset.
Acc. (Correct/Total): 56.89% micro-Prec: 0.8481 micro-Recall:0.6770 micro-F1: 0.7530
Epoch id: 6, Training steps: 1100,  Train Loss: 0.0087,  Train Acc: 75.00%,  Train Avg Loss: 0.014,   Val Loss:  0.04,  Val Acc: 48.18%,  Time: 1:08:11 *
Start evaluation on dev dataset.
Acc. (Correct/Total): 51.68% micro-Prec: 0.7937 micro-Recall:0.6413 micro-F1: 0.7094
Epoch id: 7, Training steps: 100,  Train Loss: 0.0039,  Train Acc: 87.50%,  Train Avg Loss: 0.018,   Val Loss: 0.041,  Val Acc: 51.68%,  Time: 1:09:15 
Start evaluation on dev dataset.
Acc. (Correct/Total): 49.95% micro-Prec: 0.8041 micro-Recall:0.6164 micro-F1: 0.6978
Start evaluation on test dataset.
Acc. (Correct/Total): 56.89% micro-Prec: 0.8387 micro-Recall:0.6689 micro-F1: 0.7442
Epoch id: 7, Training steps: 200,  Train Loss: 0.0047,  Train Acc: 75.00%,  Train Avg Loss: 0.011,   Val Loss:  0.04,  Val Acc: 49.95%,  Time: 1:10:35 *
Start evaluation on dev dataset.
Acc. (Correct/Total): 51.20% micro-Prec: 0.7964 micro-Recall:0.6332 micro-F1: 0.7055
Epoch id: 7, Training steps: 300,  Train Loss: 0.0025,  Train Acc: 87.50%,  Train Avg Loss: 0.010,   Val Loss: 0.042,  Val Acc: 51.20%,  Time: 1:11:28 
Start evaluation on dev dataset.
Acc. (Correct/Total): 50.91% micro-Prec: 0.7914 micro-Recall:0.6352 micro-F1: 0.7047
Epoch id: 7, Training steps: 400,  Train Loss: 0.014,  Train Acc: 50.00%,  Train Avg Loss: 0.011,   Val Loss: 0.044,  Val Acc: 50.91%,  Time: 1:12:22 
Start evaluation on dev dataset.
Acc. (Correct/Total): 49.66% micro-Prec: 0.7902 micro-Recall:0.6280 micro-F1: 0.6999
Epoch id: 7, Training steps: 500,  Train Loss: 0.015,  Train Acc: 75.00%,  Train Avg Loss: 0.011,   Val Loss: 0.043,  Val Acc: 49.66%,  Time: 1:13:15 
Start evaluation on dev dataset.
Acc. (Correct/Total): 49.66% micro-Prec: 0.7844 micro-Recall:0.6277 micro-F1: 0.6974
Epoch id: 7, Training steps: 600,  Train Loss: 0.016,  Train Acc: 50.00%,  Train Avg Loss: 0.011,   Val Loss: 0.042,  Val Acc: 49.66%,  Time: 1:14:09 
Start evaluation on dev dataset.
Acc. (Correct/Total): 51.49% micro-Prec: 0.7851 micro-Recall:0.6468 micro-F1: 0.7093
Epoch id: 7, Training steps: 700,  Train Loss: 0.016,  Train Acc: 37.50%,  Train Avg Loss: 0.012,   Val Loss: 0.043,  Val Acc: 51.49%,  Time: 1:15:03 
Start evaluation on dev dataset.
Acc. (Correct/Total): 51.87% micro-Prec: 0.7951 micro-Recall:0.6381 micro-F1: 0.7080
Epoch id: 7, Training steps: 800,  Train Loss: 0.0065,  Train Acc: 62.50%,  Train Avg Loss: 0.012,   Val Loss: 0.041,  Val Acc: 51.87%,  Time: 1:15:56 
Start evaluation on dev dataset.
Acc. (Correct/Total): 53.69% micro-Prec: 0.8010 micro-Recall:0.6698 micro-F1: 0.7295
Epoch id: 7, Training steps: 900,  Train Loss: 0.021,  Train Acc: 50.00%,  Train Avg Loss: 0.012,   Val Loss: 0.041,  Val Acc: 53.69%,  Time: 1:16:50 
Start evaluation on dev dataset.
Acc. (Correct/Total): 51.54% micro-Prec: 0.7928 micro-Recall:0.6526 micro-F1: 0.7159
Epoch id: 7, Training steps: 1000,  Train Loss: 0.015,  Train Acc: 62.50%,  Train Avg Loss: 0.011,   Val Loss: 0.041,  Val Acc: 51.54%,  Time: 1:17:44 
Start evaluation on dev dataset.
Acc. (Correct/Total): 52.02% micro-Prec: 0.7774 micro-Recall:0.6659 micro-F1: 0.7173
Epoch id: 7, Training steps: 1100,  Train Loss: 0.0036,  Train Acc: 87.50%,  Train Avg Loss: 0.010,   Val Loss: 0.042,  Val Acc: 52.02%,  Time: 1:18:38 
Start evaluation on dev dataset.
Acc. (Correct/Total): 52.45% micro-Prec: 0.7885 micro-Recall:0.6565 micro-F1: 0.7165
Epoch id: 8, Training steps: 100,  Train Loss: 0.009,  Train Acc: 62.50%,  Train Avg Loss: 0.013,   Val Loss: 0.041,  Val Acc: 52.45%,  Time: 1:19:42 
Start evaluation on dev dataset.
Acc. (Correct/Total): 51.78% micro-Prec: 0.7794 micro-Recall:0.6656 micro-F1: 0.7180
Epoch id: 8, Training steps: 200,  Train Loss: 0.0089,  Train Acc: 50.00%,  Train Avg Loss: 0.008,   Val Loss: 0.042,  Val Acc: 51.78%,  Time: 1:20:36 
Start evaluation on dev dataset.
Acc. (Correct/Total): 51.44% micro-Prec: 0.7778 micro-Recall:0.6653 micro-F1: 0.7172
Epoch id: 8, Training steps: 300,  Train Loss: 0.0039,  Train Acc: 87.50%,  Train Avg Loss: 0.008,   Val Loss:  0.04,  Val Acc: 51.44%,  Time: 1:21:30 
Start evaluation on dev dataset.
Acc. (Correct/Total): 51.25% micro-Prec: 0.7719 micro-Recall:0.6617 micro-F1: 0.7126
Epoch id: 8, Training steps: 400,  Train Loss: 0.0098,  Train Acc: 62.50%,  Train Avg Loss: 0.011,   Val Loss: 0.042,  Val Acc: 51.25%,  Time: 1:22:23 
Start evaluation on dev dataset.
Acc. (Correct/Total): 52.06% micro-Prec: 0.7915 micro-Recall:0.6601 micro-F1: 0.7199
Start evaluation on test dataset.
Acc. (Correct/Total): 58.10% micro-Prec: 0.8315 micro-Recall:0.7006 micro-F1: 0.7605
Epoch id: 8, Training steps: 500,  Train Loss: 0.011,  Train Acc: 62.50%,  Train Avg Loss: 0.008,   Val Loss: 0.038,  Val Acc: 52.06%,  Time: 1:23:43 *
Start evaluation on dev dataset.
Acc. (Correct/Total): 51.34% micro-Prec: 0.7833 micro-Recall:0.6601 micro-F1: 0.7164
Epoch id: 8, Training steps: 600,  Train Loss: 0.011,  Train Acc: 62.50%,  Train Avg Loss: 0.009,   Val Loss:  0.04,  Val Acc: 51.34%,  Time: 1:24:37 
Start evaluation on dev dataset.
Acc. (Correct/Total): 52.40% micro-Prec: 0.7739 micro-Recall:0.6704 micro-F1: 0.7185
Epoch id: 8, Training steps: 700,  Train Loss: 0.0018,  Train Acc: 100.00%,  Train Avg Loss: 0.009,   Val Loss: 0.041,  Val Acc: 52.40%,  Time: 1:25:30 
Start evaluation on dev dataset.
Acc. (Correct/Total): 53.50% micro-Prec: 0.7882 micro-Recall:0.6688 micro-F1: 0.7236
Epoch id: 8, Training steps: 800,  Train Loss: 0.0036,  Train Acc: 87.50%,  Train Avg Loss: 0.009,   Val Loss: 0.039,  Val Acc: 53.50%,  Time: 1:26:24 
Start evaluation on dev dataset.
Acc. (Correct/Total): 51.30% micro-Prec: 0.7835 micro-Recall:0.6455 micro-F1: 0.7078
Epoch id: 8, Training steps: 900,  Train Loss:  0.01,  Train Acc: 75.00%,  Train Avg Loss: 0.009,   Val Loss: 0.038,  Val Acc: 51.30%,  Time: 1:27:18 
Start evaluation on dev dataset.
Acc. (Correct/Total): 50.96% micro-Prec: 0.7757 micro-Recall:0.6504 micro-F1: 0.7075
Epoch id: 8, Training steps: 1000,  Train Loss: 0.016,  Train Acc: 37.50%,  Train Avg Loss: 0.010,   Val Loss: 0.041,  Val Acc: 50.96%,  Time: 1:28:11 
Start evaluation on dev dataset.
Acc. (Correct/Total): 52.40% micro-Prec: 0.7821 micro-Recall:0.6565 micro-F1: 0.7138
Epoch id: 8, Training steps: 1100,  Train Loss: 0.0047,  Train Acc: 75.00%,  Train Avg Loss: 0.011,   Val Loss: 0.042,  Val Acc: 52.40%,  Time: 1:29:05 
Start evaluation on dev dataset.
Acc. (Correct/Total): 51.87% micro-Prec: 0.7877 micro-Recall:0.6546 micro-F1: 0.7150
Epoch id: 9, Training steps: 100,  Train Loss: 0.011,  Train Acc: 75.00%,  Train Avg Loss: 0.011,   Val Loss: 0.039,  Val Acc: 51.87%,  Time: 1:30:09 
Start evaluation on dev dataset.
Acc. (Correct/Total): 51.15% micro-Prec: 0.7816 micro-Recall:0.6478 micro-F1: 0.7084
Epoch id: 9, Training steps: 200,  Train Loss: 0.0066,  Train Acc: 75.00%,  Train Avg Loss: 0.007,   Val Loss: 0.039,  Val Acc: 51.15%,  Time: 1:31:03 
Start evaluation on dev dataset.
Acc. (Correct/Total): 52.54% micro-Prec: 0.7870 micro-Recall:0.6640 micro-F1: 0.7203
Epoch id: 9, Training steps: 300,  Train Loss: 0.0043,  Train Acc: 87.50%,  Train Avg Loss: 0.007,   Val Loss: 0.039,  Val Acc: 52.54%,  Time: 1:31:57 
Start evaluation on dev dataset.
Acc. (Correct/Total): 52.40% micro-Prec: 0.7783 micro-Recall:0.6614 micro-F1: 0.7151
Epoch id: 9, Training steps: 400,  Train Loss: 0.0053,  Train Acc: 75.00%,  Train Avg Loss: 0.007,   Val Loss: 0.039,  Val Acc: 52.40%,  Time: 1:32:50 
Start evaluation on dev dataset.
Acc. (Correct/Total): 51.06% micro-Prec: 0.7614 micro-Recall:0.6685 micro-F1: 0.7119
Epoch id: 9, Training steps: 500,  Train Loss: 0.0098,  Train Acc: 50.00%,  Train Avg Loss: 0.007,   Val Loss: 0.041,  Val Acc: 51.06%,  Time: 1:33:44 
Start evaluation on dev dataset.
Acc. (Correct/Total): 51.06% micro-Prec: 0.7848 micro-Recall:0.6365 micro-F1: 0.7029
Epoch id: 9, Training steps: 600,  Train Loss: 0.015,  Train Acc: 50.00%,  Train Avg Loss: 0.007,   Val Loss:  0.04,  Val Acc: 51.06%,  Time: 1:34:38 
Start evaluation on dev dataset.
Acc. (Correct/Total): 51.97% micro-Prec: 0.7683 micro-Recall:0.6679 micro-F1: 0.7146
Epoch id: 9, Training steps: 700,  Train Loss: 0.0075,  Train Acc: 75.00%,  Train Avg Loss: 0.007,   Val Loss: 0.041,  Val Acc: 51.97%,  Time: 1:35:32 
Start evaluation on dev dataset.
Acc. (Correct/Total): 53.12% micro-Prec: 0.7928 micro-Recall:0.6688 micro-F1: 0.7255
Epoch id: 9, Training steps: 800,  Train Loss: 0.0043,  Train Acc: 75.00%,  Train Avg Loss: 0.007,   Val Loss: 0.039,  Val Acc: 53.12%,  Time: 1:36:25 
Start evaluation on dev dataset.
Acc. (Correct/Total): 53.55% micro-Prec: 0.7901 micro-Recall:0.6714 micro-F1: 0.7259
Start evaluation on test dataset.
Acc. (Correct/Total): 61.10% micro-Prec: 0.8316 micro-Recall:0.7281 micro-F1: 0.7764
Epoch id: 9, Training steps: 900,  Train Loss: 0.011,  Train Acc: 62.50%,  Train Avg Loss: 0.007,   Val Loss: 0.038,  Val Acc: 53.55%,  Time: 1:37:44 *
Start evaluation on dev dataset.
Acc. (Correct/Total): 53.02% micro-Prec: 0.7824 micro-Recall:0.6750 micro-F1: 0.7247
Epoch id: 9, Training steps: 1000,  Train Loss: 0.0045,  Train Acc: 62.50%,  Train Avg Loss: 0.007,   Val Loss: 0.039,  Val Acc: 53.02%,  Time: 1:38:38 
Start evaluation on dev dataset.
Acc. (Correct/Total): 53.36% micro-Prec: 0.7887 micro-Recall:0.6779 micro-F1: 0.7291
Epoch id: 9, Training steps: 1100,  Train Loss: 0.0086,  Train Acc: 62.50%,  Train Avg Loss: 0.007,   Val Loss: 0.038,  Val Acc: 53.36%,  Time: 1:39:32 
Start evaluation on dev dataset.
Acc. (Correct/Total): 54.17% micro-Prec: 0.8066 micro-Recall:0.6805 micro-F1: 0.7382
Start evaluation on test dataset.
Acc. (Correct/Total): 59.89% micro-Prec: 0.8396 micro-Recall:0.7262 micro-F1: 0.7788
Epoch id: 10, Training steps: 100,  Train Loss: 0.0074,  Train Acc: 75.00%,  Train Avg Loss: 0.008,   Val Loss: 0.035,  Val Acc: 54.17%,  Time: 1:41:03 *
Start evaluation on dev dataset.
Acc. (Correct/Total): 52.50% micro-Prec: 0.7915 micro-Recall:0.6734 micro-F1: 0.7277
Epoch id: 10, Training steps: 200,  Train Loss: 0.0021,  Train Acc: 87.50%,  Train Avg Loss: 0.005,   Val Loss: 0.037,  Val Acc: 52.50%,  Time: 1:41:56 
Start evaluation on dev dataset.
Acc. (Correct/Total): 53.89% micro-Prec: 0.7840 micro-Recall:0.6779 micro-F1: 0.7271
Epoch id: 10, Training steps: 300,  Train Loss: 0.0039,  Train Acc: 87.50%,  Train Avg Loss: 0.006,   Val Loss: 0.038,  Val Acc: 53.89%,  Time: 1:42:50 
Start evaluation on dev dataset.
Acc. (Correct/Total): 53.02% micro-Prec: 0.7773 micro-Recall:0.6747 micro-F1: 0.7224
Epoch id: 10, Training steps: 400,  Train Loss: 0.014,  Train Acc: 37.50%,  Train Avg Loss: 0.006,   Val Loss: 0.039,  Val Acc: 53.02%,  Time: 1:43:44 
Start evaluation on dev dataset.
Acc. (Correct/Total): 52.35% micro-Prec: 0.7775 micro-Recall:0.6743 micro-F1: 0.7223
Epoch id: 10, Training steps: 500,  Train Loss: 0.008,  Train Acc: 75.00%,  Train Avg Loss: 0.005,   Val Loss: 0.038,  Val Acc: 52.35%,  Time: 1:44:38 
Start evaluation on dev dataset.
Acc. (Correct/Total): 52.98% micro-Prec: 0.7825 micro-Recall:0.6743 micro-F1: 0.7244
Epoch id: 10, Training steps: 600,  Train Loss: 0.015,  Train Acc: 25.00%,  Train Avg Loss: 0.005,   Val Loss: 0.037,  Val Acc: 52.98%,  Time: 1:45:31 
Start evaluation on dev dataset.
Acc. (Correct/Total): 53.45% micro-Prec: 0.7754 micro-Recall:0.6782 micro-F1: 0.7235
Epoch id: 10, Training steps: 700,  Train Loss: 0.0064,  Train Acc: 87.50%,  Train Avg Loss: 0.006,   Val Loss: 0.039,  Val Acc: 53.45%,  Time: 1:46:25 
Start evaluation on dev dataset.
Acc. (Correct/Total): 54.22% micro-Prec: 0.7806 micro-Recall:0.6876 micro-F1: 0.7312
Epoch id: 10, Training steps: 800,  Train Loss: 0.017,  Train Acc: 62.50%,  Train Avg Loss: 0.006,   Val Loss: 0.038,  Val Acc: 54.22%,  Time: 1:47:18 
Start evaluation on dev dataset.
Acc. (Correct/Total): 53.41% micro-Prec: 0.7807 micro-Recall:0.6789 micro-F1: 0.7262
Epoch id: 10, Training steps: 900,  Train Loss: 0.0035,  Train Acc: 87.50%,  Train Avg Loss: 0.006,   Val Loss: 0.038,  Val Acc: 53.41%,  Time: 1:48:12 
Start evaluation on dev dataset.
Acc. (Correct/Total): 53.55% micro-Prec: 0.7810 micro-Recall:0.6892 micro-F1: 0.7322
Epoch id: 10, Training steps: 1000,  Train Loss: 0.0061,  Train Acc: 75.00%,  Train Avg Loss: 0.006,   Val Loss: 0.038,  Val Acc: 53.55%,  Time: 1:49:06 
Start evaluation on dev dataset.
Acc. (Correct/Total): 54.41% micro-Prec: 0.7764 micro-Recall:0.6934 micro-F1: 0.7326
Epoch id: 10, Training steps: 1100,  Train Loss: 0.0064,  Train Acc: 87.50%,  Train Avg Loss: 0.006,   Val Loss: 0.037,  Val Acc: 54.41%,  Time: 1:49:59 
No optimization for a long time, auto-stopping...
Final evaluation on the test dataset.
The number of evaluation instances:  2067
Acc. (Correct/Total): 59.89% micro-Prec: 0.8396 micro-Recall:0.7262 micro-F1: 0.7788
              precision    recall  f1-score   support

         教育学     0.8550    0.9295    0.8907       241
          法学     0.9083    0.8839    0.8959       224
      中国语言文学     0.9236    0.7838    0.8480       185
         政治学     0.8947    0.6258    0.7365       163
         社会学     0.9197    0.8025    0.8571       157
         心理学     0.8315    0.6016    0.6981       123
       应用经济学     0.7692    0.5128    0.6154       117
         历史学     0.7625    0.5596    0.6455       109
     环境科学与工程     0.8800    0.8148    0.8462       108
          哲学     0.8333    0.5670    0.6748        97
      外国语言文学     0.8769    0.6706    0.7600        85
         生物学     0.8714    0.7722    0.8188        79
      交通运输工程     0.9250    0.9487    0.9367        78
        临床医学     0.8906    0.7500    0.8143        76
    计算机科学与技术     0.8475    0.7042    0.7692        71
        土木工程     0.8889    0.9697    0.9275        66
   航空宇航科学与技术     0.9661    0.9344    0.9500        61
         民族学     0.6957    0.5818    0.6337        55
   公共卫生与预防医学     0.7843    0.7843    0.7843        51
         美术学     0.7778    0.9800    0.8673        50
         艺术学     0.8333    0.6977    0.7595        43
         地理学     0.7750    0.7381    0.7561        42
         体育学     0.8462    0.5500    0.6667        40
       理论经济学     0.8235    0.7368    0.7778        38
         中医学     0.9333    0.7568    0.8358        37
         物理学     0.8293    0.9444    0.8831        36
          林学     0.7273    0.7273    0.7273        33
          数学     0.8824    0.4688    0.6122        32
     电子科学与技术     0.6500    0.4194    0.5098        31
        基础医学     0.7500    0.4138    0.5333        29
        工商管理     0.6667    0.6667    0.6667        27
       新闻传播学     0.7619    0.7273    0.7442        22
         天文学     0.7727    0.7727    0.7727        22
         地质学     0.7391    0.8095    0.7727        21
         畜牧学     0.7826    0.8571    0.8182        21
   军事思想及军事历史     0.8667    0.6500    0.7429        20
     管理科学与工程     0.6190    0.7222    0.6667        18
     测绘科学与技术     0.6667    0.8235    0.7368        17
        水利工程     0.9000    0.5625    0.6923        16
        大气科学     0.8571    0.7500    0.8000        16
     兵器科学与技术     0.7059    0.8000    0.7500        15
       地球物理学     0.6000    0.2143    0.3158        14
        电气工程     1.0000    0.5385    0.7000        13
         作物学     0.7778    0.5385    0.6364        13
     控制科学与工程     0.2667    0.3077    0.2857        13
     信息与通信工程     0.7500    0.6923    0.7200        13
        公共管理     0.2857    0.3077    0.2963        13
         建筑学     1.0000    0.1538    0.2667        13
     化学工程与技术     0.7500    0.7500    0.7500        12
          力学     1.0000    0.2727    0.4286        11
        海洋科学     0.9000    0.8182    0.8571        11
     轻工技术与工程     0.5714    0.3636    0.4444        11
        农业工程     1.0000    0.2000    0.3333        10
         园艺学     0.9000    0.9000    0.9000        10
       中西医结合     1.0000    0.5000    0.6667        10
        机械工程     1.0000    0.5556    0.7143         9
       科学技术史     1.0000    0.7500    0.8571         8
     船舶与海洋工程     0.7500    0.7500    0.7500         8
   图书情报与档案管理     0.7000    0.8750    0.7778         8
        植物保护     0.7778    0.8750    0.8235         8
     材料科学与工程     1.0000    0.7500    0.8571         8
         统计学     0.5000    0.8750    0.6364         8
          化学     1.0000    0.7500    0.8571         8
     食品科学与工程     0.7143    0.6250    0.6667         8
          水产     1.0000    0.8571    0.9231         7
          药学     1.0000    0.8571    0.9231         7
     农业资源与环境     1.0000    0.5714    0.7273         7
         世界史     0.7778    1.0000    0.8750         7
        系统科学     1.0000    0.2857    0.4444         7
      农林经济管理     1.0000    0.8000    0.8889         5
       军队指挥学     1.0000    0.4000    0.5714         5
        矿业工程     0.6667    0.4000    0.5000         5
     纺织科学与工程     0.7143    1.0000    0.8333         5
  动力工程及工程热物理     0.0000    0.0000    0.0000         4
        林业工程     0.0000    0.0000    0.0000         4
     仪器科学与技术     0.0000    0.0000    0.0000         3
         战略学     0.5000    1.0000    0.6667         3
   地质资源与地质工程     1.0000    0.3333    0.5000         3
        旅游管理     1.0000    0.3333    0.5000         3
 图书馆、情报与档案管理     0.0000    0.0000    0.0000         2
        冶金工程     1.0000    0.5000    0.6667         2
      核科学与技术     0.0000    0.0000    0.0000         2

   micro avg     0.8396    0.7262    0.7788      3093
   macro avg     0.7731    0.6277    0.6678      3093
weighted avg     0.8410    0.7262    0.7690      3093
 samples avg     0.7878    0.7438    0.7507      3093

