/root/miniconda3/envs/lyq/lib/python3.8/site-packages/scipy/__init__.py:146: UserWarning: A NumPy version >=1.16.5 and <1.23.0 is required for this version of SciPy (detected version 1.23.5
  warnings.warn(f"A NumPy version >={np_minversion} and <{np_maxversion}"
  0%|          | 0/82 [00:00<?, ?it/s]100%|██████████| 82/82 [00:00<00:00, 1127648.94it/s]
model:  ernie-rcnn
pretrained:  ernie1
task:  MLC
dataset:  book_multilabels_task
seq_length:  256
hidden_dropout_prob:  0.1
attention_probs_dropout_prob:  0.1
epochs_num:  20
batch_size:  16
learning_rate:  2e-05
report_steps:  100
kg_name:  CnDbpedia
no_kg:  False
no_vm:  False
Vocabulary Size:  17964
[BertClassifier] use visible_matrix: True
Some weights of ErnieRCNNForMultiLabelSequenceClassification were not initialized from the model checkpoint at ./models/ernie1 and are newly initialized: ['output_layer_1.weight', 'classifier.weight', 'lstm.bias_hh_l1_reverse', 'lstm.weight_ih_l0_reverse', 'lstm.bias_hh_l1', 'lstm.bias_hh_l0_reverse', 'lstm.bias_ih_l1_reverse', 'lstm.weight_ih_l1', 'lstm.weight_hh_l1', 'lstm.weight_hh_l0_reverse', 'lstm.weight_ih_l0', 'lstm.bias_ih_l0_reverse', 'lstm.weight_hh_l1_reverse', 'classifier.bias', 'output_layer_1.bias', 'lstm.bias_ih_l0', 'lstm.bias_ih_l1', 'lstm.weight_hh_l0', 'lstm.bias_hh_l0', 'lstm.weight_ih_l1_reverse']
You should probably TRAIN this model on a down-stream task to be able to use it for predictions and inference.
1 GPUs are available. Let's use them.
device:  cuda
[KnowledgeGraph] Loading spo from /Lyq/experiment/K-BERT-HUGGINGFACE/brain/kgs/CnDbpedia.spo
Start training.
Loading sentences from ./datasets/book_multilabels_task/train.tsv
There are 9097 sentence in total. We use 1 processes to inject knowledge into sentences.
Progress of process 0: 0/9097
Loading sentences from ./datasets/book_multilabels_task/dev.tsv
There are 2084 sentence in total. We use 1 processes to inject knowledge into sentences.
Progress of process 0: 0/2084
Loading sentences from ./datasets/book_multilabels_task/test.tsv
There are 2067 sentence in total. We use 1 processes to inject knowledge into sentences.
Progress of process 0: 0/2067
Epoch id: 1, Training steps: 100, Avg loss: 0.252, Time: 0:00:25
Epoch id: 1, Training steps: 200, Avg loss: 0.090, Time: 0:00:48
Epoch id: 1, Training steps: 300, Avg loss: 0.082, Time: 0:01:12
Epoch id: 1, Training steps: 400, Avg loss: 0.081, Time: 0:01:38
Epoch id: 1, Training steps: 500, Avg loss: 0.076, Time: 0:02:00
Start evaluation on dev dataset.
/root/miniconda3/envs/lyq/lib/python3.8/site-packages/sklearn/metrics/_classification.py:1469: UndefinedMetricWarning: Precision is ill-defined and being set to 0.0 in samples with no predicted labels. Use `zero_division` parameter to control this behavior.
  _warn_prf(average, modifier, msg_start, len(result))
Acc. (Correct/Total):  0.00%% Prec: 0.0000 F1: 0.0000
Epoch id: 2, Training steps: 100, Avg loss: 0.116, Time: 0:03:01
Epoch id: 2, Training steps: 200, Avg loss: 0.061, Time: 0:03:26
Epoch id: 2, Training steps: 300, Avg loss: 0.056, Time: 0:03:50
Epoch id: 2, Training steps: 400, Avg loss: 0.052, Time: 0:04:15
Epoch id: 2, Training steps: 500, Avg loss: 0.047, Time: 0:04:38
Start evaluation on dev dataset.
/root/miniconda3/envs/lyq/lib/python3.8/site-packages/sklearn/metrics/_classification.py:1469: UndefinedMetricWarning: Precision is ill-defined and being set to 0.0 in samples with no predicted labels. Use `zero_division` parameter to control this behavior.
  _warn_prf(average, modifier, msg_start, len(result))
Acc. (Correct/Total): 10.56%% Prec: 0.1876 F1: 0.1613
Start evaluation on test dataset.
/root/miniconda3/envs/lyq/lib/python3.8/site-packages/sklearn/metrics/_classification.py:1469: UndefinedMetricWarning: Precision is ill-defined and being set to 0.0 in samples with no predicted labels. Use `zero_division` parameter to control this behavior.
  _warn_prf(average, modifier, msg_start, len(result))
Acc. (Correct/Total): 13.88%% Prec: 0.2192 F1: 0.1928
Epoch id: 3, Training steps: 100, Avg loss: 0.074, Time: 0:06:06
Epoch id: 3, Training steps: 200, Avg loss: 0.040, Time: 0:06:29
Epoch id: 3, Training steps: 300, Avg loss: 0.038, Time: 0:06:54
Epoch id: 3, Training steps: 400, Avg loss: 0.036, Time: 0:07:19
Epoch id: 3, Training steps: 500, Avg loss: 0.036, Time: 0:07:41
Start evaluation on dev dataset.
/root/miniconda3/envs/lyq/lib/python3.8/site-packages/sklearn/metrics/_classification.py:1469: UndefinedMetricWarning: Precision is ill-defined and being set to 0.0 in samples with no predicted labels. Use `zero_division` parameter to control this behavior.
  _warn_prf(average, modifier, msg_start, len(result))
Acc. (Correct/Total): 23.46%% Prec: 0.3829 F1: 0.3340
Start evaluation on test dataset.
/root/miniconda3/envs/lyq/lib/python3.8/site-packages/sklearn/metrics/_classification.py:1469: UndefinedMetricWarning: Precision is ill-defined and being set to 0.0 in samples with no predicted labels. Use `zero_division` parameter to control this behavior.
  _warn_prf(average, modifier, msg_start, len(result))
Acc. (Correct/Total): 26.37%% Prec: 0.4248 F1: 0.3722
Epoch id: 4, Training steps: 100, Avg loss: 0.054, Time: 0:09:06
Epoch id: 4, Training steps: 200, Avg loss: 0.029, Time: 0:09:28
Epoch id: 4, Training steps: 300, Avg loss: 0.030, Time: 0:09:50
Epoch id: 4, Training steps: 400, Avg loss: 0.029, Time: 0:10:14
Epoch id: 4, Training steps: 500, Avg loss: 0.027, Time: 0:10:40
Start evaluation on dev dataset.
/root/miniconda3/envs/lyq/lib/python3.8/site-packages/sklearn/metrics/_classification.py:1469: UndefinedMetricWarning: Precision is ill-defined and being set to 0.0 in samples with no predicted labels. Use `zero_division` parameter to control this behavior.
  _warn_prf(average, modifier, msg_start, len(result))
Acc. (Correct/Total): 28.60%% Prec: 0.4619 F1: 0.4047
Start evaluation on test dataset.
/root/miniconda3/envs/lyq/lib/python3.8/site-packages/sklearn/metrics/_classification.py:1469: UndefinedMetricWarning: Precision is ill-defined and being set to 0.0 in samples with no predicted labels. Use `zero_division` parameter to control this behavior.
  _warn_prf(average, modifier, msg_start, len(result))
Acc. (Correct/Total): 32.61%% Prec: 0.4983 F1: 0.4422
Epoch id: 5, Training steps: 100, Avg loss: 0.044, Time: 0:12:11
Epoch id: 5, Training steps: 200, Avg loss: 0.023, Time: 0:12:35
Epoch id: 5, Training steps: 300, Avg loss: 0.024, Time: 0:13:00
Epoch id: 5, Training steps: 400, Avg loss: 0.022, Time: 0:13:24
Epoch id: 5, Training steps: 500, Avg loss: 0.023, Time: 0:13:50
Start evaluation on dev dataset.
/root/miniconda3/envs/lyq/lib/python3.8/site-packages/sklearn/metrics/_classification.py:1469: UndefinedMetricWarning: Precision is ill-defined and being set to 0.0 in samples with no predicted labels. Use `zero_division` parameter to control this behavior.
  _warn_prf(average, modifier, msg_start, len(result))
Acc. (Correct/Total): 34.45%% Prec: 0.5250 F1: 0.4701
Start evaluation on test dataset.
/root/miniconda3/envs/lyq/lib/python3.8/site-packages/sklearn/metrics/_classification.py:1469: UndefinedMetricWarning: Precision is ill-defined and being set to 0.0 in samples with no predicted labels. Use `zero_division` parameter to control this behavior.
  _warn_prf(average, modifier, msg_start, len(result))
Acc. (Correct/Total): 39.77%% Prec: 0.5692 F1: 0.5165
Epoch id: 6, Training steps: 100, Avg loss: 0.034, Time: 0:15:15
Epoch id: 6, Training steps: 200, Avg loss: 0.019, Time: 0:15:39
Epoch id: 6, Training steps: 300, Avg loss: 0.019, Time: 0:16:01
Epoch id: 6, Training steps: 400, Avg loss: 0.019, Time: 0:16:27
Epoch id: 6, Training steps: 500, Avg loss: 0.019, Time: 0:16:50
Start evaluation on dev dataset.
/root/miniconda3/envs/lyq/lib/python3.8/site-packages/sklearn/metrics/_classification.py:1469: UndefinedMetricWarning: Precision is ill-defined and being set to 0.0 in samples with no predicted labels. Use `zero_division` parameter to control this behavior.
  _warn_prf(average, modifier, msg_start, len(result))
Acc. (Correct/Total): 35.99%% Prec: 0.5607 F1: 0.4981
Start evaluation on test dataset.
/root/miniconda3/envs/lyq/lib/python3.8/site-packages/sklearn/metrics/_classification.py:1469: UndefinedMetricWarning: Precision is ill-defined and being set to 0.0 in samples with no predicted labels. Use `zero_division` parameter to control this behavior.
  _warn_prf(average, modifier, msg_start, len(result))
Acc. (Correct/Total): 42.96%% Prec: 0.6154 F1: 0.5561
Epoch id: 7, Training steps: 100, Avg loss: 0.029, Time: 0:18:18
Epoch id: 7, Training steps: 200, Avg loss: 0.016, Time: 0:18:40
Epoch id: 7, Training steps: 300, Avg loss: 0.015, Time: 0:19:05
Epoch id: 7, Training steps: 400, Avg loss: 0.015, Time: 0:19:27
Epoch id: 7, Training steps: 500, Avg loss: 0.015, Time: 0:19:50
Start evaluation on dev dataset.
/root/miniconda3/envs/lyq/lib/python3.8/site-packages/sklearn/metrics/_classification.py:1469: UndefinedMetricWarning: Precision is ill-defined and being set to 0.0 in samples with no predicted labels. Use `zero_division` parameter to control this behavior.
  _warn_prf(average, modifier, msg_start, len(result))
Acc. (Correct/Total): 41.27%% Prec: 0.6132 F1: 0.5538
Start evaluation on test dataset.
/root/miniconda3/envs/lyq/lib/python3.8/site-packages/sklearn/metrics/_classification.py:1469: UndefinedMetricWarning: Precision is ill-defined and being set to 0.0 in samples with no predicted labels. Use `zero_division` parameter to control this behavior.
  _warn_prf(average, modifier, msg_start, len(result))
Acc. (Correct/Total): 49.01%% Prec: 0.6692 F1: 0.6167
Epoch id: 8, Training steps: 100, Avg loss: 0.023, Time: 0:21:18
Epoch id: 8, Training steps: 200, Avg loss: 0.012, Time: 0:21:42
Epoch id: 8, Training steps: 300, Avg loss: 0.013, Time: 0:22:07
Epoch id: 8, Training steps: 400, Avg loss: 0.012, Time: 0:22:31
Epoch id: 8, Training steps: 500, Avg loss: 0.013, Time: 0:22:55
Start evaluation on dev dataset.
/root/miniconda3/envs/lyq/lib/python3.8/site-packages/sklearn/metrics/_classification.py:1469: UndefinedMetricWarning: Precision is ill-defined and being set to 0.0 in samples with no predicted labels. Use `zero_division` parameter to control this behavior.
  _warn_prf(average, modifier, msg_start, len(result))
Acc. (Correct/Total): 42.37%% Prec: 0.6205 F1: 0.5625
Start evaluation on test dataset.
/root/miniconda3/envs/lyq/lib/python3.8/site-packages/sklearn/metrics/_classification.py:1469: UndefinedMetricWarning: Precision is ill-defined and being set to 0.0 in samples with no predicted labels. Use `zero_division` parameter to control this behavior.
  _warn_prf(average, modifier, msg_start, len(result))
Acc. (Correct/Total): 48.48%% Prec: 0.6790 F1: 0.6204
Epoch id: 9, Training steps: 100, Avg loss: 0.019, Time: 0:24:27
Epoch id: 9, Training steps: 200, Avg loss: 0.010, Time: 0:24:48
Epoch id: 9, Training steps: 300, Avg loss: 0.010, Time: 0:25:12
Epoch id: 9, Training steps: 400, Avg loss: 0.010, Time: 0:25:33
Epoch id: 9, Training steps: 500, Avg loss: 0.010, Time: 0:25:56
Start evaluation on dev dataset.
/root/miniconda3/envs/lyq/lib/python3.8/site-packages/sklearn/metrics/_classification.py:1469: UndefinedMetricWarning: Precision is ill-defined and being set to 0.0 in samples with no predicted labels. Use `zero_division` parameter to control this behavior.
  _warn_prf(average, modifier, msg_start, len(result))
Acc. (Correct/Total): 45.59%% Prec: 0.6588 F1: 0.6057
Start evaluation on test dataset.
/root/miniconda3/envs/lyq/lib/python3.8/site-packages/sklearn/metrics/_classification.py:1469: UndefinedMetricWarning: Precision is ill-defined and being set to 0.0 in samples with no predicted labels. Use `zero_division` parameter to control this behavior.
  _warn_prf(average, modifier, msg_start, len(result))
Acc. (Correct/Total): 51.52%% Prec: 0.7152 F1: 0.6576
Epoch id: 10, Training steps: 100, Avg loss: 0.015, Time: 0:27:23
Epoch id: 10, Training steps: 200, Avg loss: 0.008, Time: 0:27:46
Epoch id: 10, Training steps: 300, Avg loss: 0.009, Time: 0:28:09
Epoch id: 10, Training steps: 400, Avg loss: 0.008, Time: 0:28:32
Epoch id: 10, Training steps: 500, Avg loss: 0.008, Time: 0:28:53
Start evaluation on dev dataset.
/root/miniconda3/envs/lyq/lib/python3.8/site-packages/sklearn/metrics/_classification.py:1469: UndefinedMetricWarning: Precision is ill-defined and being set to 0.0 in samples with no predicted labels. Use `zero_division` parameter to control this behavior.
  _warn_prf(average, modifier, msg_start, len(result))
Acc. (Correct/Total): 45.49%% Prec: 0.6559 F1: 0.6010
Epoch id: 11, Training steps: 100, Avg loss: 0.013, Time: 0:29:54
Epoch id: 11, Training steps: 200, Avg loss: 0.007, Time: 0:30:18
Epoch id: 11, Training steps: 300, Avg loss: 0.007, Time: 0:30:41
Epoch id: 11, Training steps: 400, Avg loss: 0.007, Time: 0:31:03
Epoch id: 11, Training steps: 500, Avg loss: 0.007, Time: 0:31:29
Start evaluation on dev dataset.
/root/miniconda3/envs/lyq/lib/python3.8/site-packages/sklearn/metrics/_classification.py:1469: UndefinedMetricWarning: Precision is ill-defined and being set to 0.0 in samples with no predicted labels. Use `zero_division` parameter to control this behavior.
  _warn_prf(average, modifier, msg_start, len(result))
Acc. (Correct/Total): 48.18%% Prec: 0.6827 F1: 0.6306
Start evaluation on test dataset.
/root/miniconda3/envs/lyq/lib/python3.8/site-packages/sklearn/metrics/_classification.py:1469: UndefinedMetricWarning: Precision is ill-defined and being set to 0.0 in samples with no predicted labels. Use `zero_division` parameter to control this behavior.
  _warn_prf(average, modifier, msg_start, len(result))
Acc. (Correct/Total): 52.98%% Prec: 0.7200 F1: 0.6690
Epoch id: 12, Training steps: 100, Avg loss: 0.011, Time: 0:33:00
Epoch id: 12, Training steps: 200, Avg loss: 0.005, Time: 0:33:25
Epoch id: 12, Training steps: 300, Avg loss: 0.006, Time: 0:33:47
Epoch id: 12, Training steps: 400, Avg loss: 0.005, Time: 0:34:11
Epoch id: 12, Training steps: 500, Avg loss: 0.006, Time: 0:34:34
Start evaluation on dev dataset.
/root/miniconda3/envs/lyq/lib/python3.8/site-packages/sklearn/metrics/_classification.py:1469: UndefinedMetricWarning: Precision is ill-defined and being set to 0.0 in samples with no predicted labels. Use `zero_division` parameter to control this behavior.
  _warn_prf(average, modifier, msg_start, len(result))
Acc. (Correct/Total): 48.27%% Prec: 0.6770 F1: 0.6288
Start evaluation on test dataset.
/root/miniconda3/envs/lyq/lib/python3.8/site-packages/sklearn/metrics/_classification.py:1469: UndefinedMetricWarning: Precision is ill-defined and being set to 0.0 in samples with no predicted labels. Use `zero_division` parameter to control this behavior.
  _warn_prf(average, modifier, msg_start, len(result))
Acc. (Correct/Total): 51.62%% Prec: 0.6959 F1: 0.6480
Epoch id: 13, Training steps: 100, Avg loss: 0.010, Time: 0:35:59
Epoch id: 13, Training steps: 200, Avg loss: 0.005, Time: 0:36:24
Epoch id: 13, Training steps: 300, Avg loss: 0.004, Time: 0:36:47
Epoch id: 13, Training steps: 400, Avg loss: 0.005, Time: 0:37:10
Epoch id: 13, Training steps: 500, Avg loss: 0.005, Time: 0:37:34
Start evaluation on dev dataset.
/root/miniconda3/envs/lyq/lib/python3.8/site-packages/sklearn/metrics/_classification.py:1469: UndefinedMetricWarning: Precision is ill-defined and being set to 0.0 in samples with no predicted labels. Use `zero_division` parameter to control this behavior.
  _warn_prf(average, modifier, msg_start, len(result))
Acc. (Correct/Total): 48.61%% Prec: 0.6948 F1: 0.6480
Start evaluation on test dataset.
/root/miniconda3/envs/lyq/lib/python3.8/site-packages/sklearn/metrics/_classification.py:1469: UndefinedMetricWarning: Precision is ill-defined and being set to 0.0 in samples with no predicted labels. Use `zero_division` parameter to control this behavior.
  _warn_prf(average, modifier, msg_start, len(result))
Acc. (Correct/Total): 55.73%% Prec: 0.7527 F1: 0.7057
Epoch id: 14, Training steps: 100, Avg loss: 0.007, Time: 0:39:10
Epoch id: 14, Training steps: 200, Avg loss: 0.004, Time: 0:39:32
Epoch id: 14, Training steps: 300, Avg loss: 0.004, Time: 0:39:55
Epoch id: 14, Training steps: 400, Avg loss: 0.004, Time: 0:40:17
Epoch id: 14, Training steps: 500, Avg loss: 0.004, Time: 0:40:41
Start evaluation on dev dataset.
/root/miniconda3/envs/lyq/lib/python3.8/site-packages/sklearn/metrics/_classification.py:1469: UndefinedMetricWarning: Precision is ill-defined and being set to 0.0 in samples with no predicted labels. Use `zero_division` parameter to control this behavior.
  _warn_prf(average, modifier, msg_start, len(result))
Acc. (Correct/Total): 50.00%% Prec: 0.7056 F1: 0.6571
Start evaluation on test dataset.
/root/miniconda3/envs/lyq/lib/python3.8/site-packages/sklearn/metrics/_classification.py:1469: UndefinedMetricWarning: Precision is ill-defined and being set to 0.0 in samples with no predicted labels. Use `zero_division` parameter to control this behavior.
  _warn_prf(average, modifier, msg_start, len(result))
Acc. (Correct/Total): 56.17%% Prec: 0.7448 F1: 0.6984
Epoch id: 15, Training steps: 100, Avg loss: 0.006, Time: 0:42:17
Epoch id: 15, Training steps: 200, Avg loss: 0.004, Time: 0:42:42
Epoch id: 15, Training steps: 300, Avg loss: 0.003, Time: 0:43:06
Epoch id: 15, Training steps: 400, Avg loss: 0.004, Time: 0:43:28
Epoch id: 15, Training steps: 500, Avg loss: 0.003, Time: 0:43:54
Start evaluation on dev dataset.
/root/miniconda3/envs/lyq/lib/python3.8/site-packages/sklearn/metrics/_classification.py:1469: UndefinedMetricWarning: Precision is ill-defined and being set to 0.0 in samples with no predicted labels. Use `zero_division` parameter to control this behavior.
  _warn_prf(average, modifier, msg_start, len(result))
Acc. (Correct/Total): 50.96%% Prec: 0.7061 F1: 0.6600
Start evaluation on test dataset.
/root/miniconda3/envs/lyq/lib/python3.8/site-packages/sklearn/metrics/_classification.py:1469: UndefinedMetricWarning: Precision is ill-defined and being set to 0.0 in samples with no predicted labels. Use `zero_division` parameter to control this behavior.
  _warn_prf(average, modifier, msg_start, len(result))
Acc. (Correct/Total): 57.14%% Prec: 0.7525 F1: 0.7072
Epoch id: 16, Training steps: 100, Avg loss: 0.006, Time: 0:45:23
Epoch id: 16, Training steps: 200, Avg loss: 0.003, Time: 0:45:45
Epoch id: 16, Training steps: 300, Avg loss: 0.003, Time: 0:46:09
Epoch id: 16, Training steps: 400, Avg loss: 0.003, Time: 0:46:31
Epoch id: 16, Training steps: 500, Avg loss: 0.004, Time: 0:46:57
Start evaluation on dev dataset.
/root/miniconda3/envs/lyq/lib/python3.8/site-packages/sklearn/metrics/_classification.py:1469: UndefinedMetricWarning: Precision is ill-defined and being set to 0.0 in samples with no predicted labels. Use `zero_division` parameter to control this behavior.
  _warn_prf(average, modifier, msg_start, len(result))
Acc. (Correct/Total): 51.54%% Prec: 0.7111 F1: 0.6711
Start evaluation on test dataset.
/root/miniconda3/envs/lyq/lib/python3.8/site-packages/sklearn/metrics/_classification.py:1469: UndefinedMetricWarning: Precision is ill-defined and being set to 0.0 in samples with no predicted labels. Use `zero_division` parameter to control this behavior.
  _warn_prf(average, modifier, msg_start, len(result))
Acc. (Correct/Total): 58.06%% Prec: 0.7596 F1: 0.7179
Epoch id: 17, Training steps: 100, Avg loss: 0.005, Time: 0:48:26
Epoch id: 17, Training steps: 200, Avg loss: 0.003, Time: 0:48:50
Epoch id: 17, Training steps: 300, Avg loss: 0.003, Time: 0:49:12
Epoch id: 17, Training steps: 400, Avg loss: 0.003, Time: 0:49:34
Epoch id: 17, Training steps: 500, Avg loss: 0.003, Time: 0:49:57
Start evaluation on dev dataset.
/root/miniconda3/envs/lyq/lib/python3.8/site-packages/sklearn/metrics/_classification.py:1469: UndefinedMetricWarning: Precision is ill-defined and being set to 0.0 in samples with no predicted labels. Use `zero_division` parameter to control this behavior.
  _warn_prf(average, modifier, msg_start, len(result))
Acc. (Correct/Total): 51.10%% Prec: 0.7059 F1: 0.6636
Epoch id: 18, Training steps: 100, Avg loss: 0.004, Time: 0:51:00
Epoch id: 18, Training steps: 200, Avg loss: 0.002, Time: 0:51:25
Epoch id: 18, Training steps: 300, Avg loss: 0.002, Time: 0:51:48
Epoch id: 18, Training steps: 400, Avg loss: 0.002, Time: 0:52:11
Epoch id: 18, Training steps: 500, Avg loss: 0.003, Time: 0:52:35
Start evaluation on dev dataset.
/root/miniconda3/envs/lyq/lib/python3.8/site-packages/sklearn/metrics/_classification.py:1469: UndefinedMetricWarning: Precision is ill-defined and being set to 0.0 in samples with no predicted labels. Use `zero_division` parameter to control this behavior.
  _warn_prf(average, modifier, msg_start, len(result))
Acc. (Correct/Total): 52.78%% Prec: 0.7275 F1: 0.6882
Start evaluation on test dataset.
/root/miniconda3/envs/lyq/lib/python3.8/site-packages/sklearn/metrics/_classification.py:1469: UndefinedMetricWarning: Precision is ill-defined and being set to 0.0 in samples with no predicted labels. Use `zero_division` parameter to control this behavior.
  _warn_prf(average, modifier, msg_start, len(result))
Acc. (Correct/Total): 57.52%% Prec: 0.7668 F1: 0.7240
Epoch id: 19, Training steps: 100, Avg loss: 0.004, Time: 0:54:01
Epoch id: 19, Training steps: 200, Avg loss: 0.002, Time: 0:54:24
Epoch id: 19, Training steps: 300, Avg loss: 0.002, Time: 0:54:47
Epoch id: 19, Training steps: 400, Avg loss: 0.002, Time: 0:55:11
Epoch id: 19, Training steps: 500, Avg loss: 0.003, Time: 0:55:35
Start evaluation on dev dataset.
/root/miniconda3/envs/lyq/lib/python3.8/site-packages/sklearn/metrics/_classification.py:1469: UndefinedMetricWarning: Precision is ill-defined and being set to 0.0 in samples with no predicted labels. Use `zero_division` parameter to control this behavior.
  _warn_prf(average, modifier, msg_start, len(result))
Acc. (Correct/Total): 52.16%% Prec: 0.7286 F1: 0.6869
Epoch id: 20, Training steps: 100, Avg loss: 0.004, Time: 0:56:37
Epoch id: 20, Training steps: 200, Avg loss: 0.002, Time: 0:56:59
Epoch id: 20, Training steps: 300, Avg loss: 0.002, Time: 0:57:24
Epoch id: 20, Training steps: 400, Avg loss: 0.002, Time: 0:57:47
Epoch id: 20, Training steps: 500, Avg loss: 0.002, Time: 0:58:11
Start evaluation on dev dataset.
/root/miniconda3/envs/lyq/lib/python3.8/site-packages/sklearn/metrics/_classification.py:1469: UndefinedMetricWarning: Precision is ill-defined and being set to 0.0 in samples with no predicted labels. Use `zero_division` parameter to control this behavior.
  _warn_prf(average, modifier, msg_start, len(result))
Acc. (Correct/Total): 53.21%% Prec: 0.7177 F1: 0.6794
Start evaluation on test dataset.
/root/miniconda3/envs/lyq/lib/python3.8/site-packages/sklearn/metrics/_classification.py:1469: UndefinedMetricWarning: Precision is ill-defined and being set to 0.0 in samples with no predicted labels. Use `zero_division` parameter to control this behavior.
  _warn_prf(average, modifier, msg_start, len(result))
Acc. (Correct/Total): 56.94%% Prec: 0.7496 F1: 0.7100
Final evaluation on the test dataset.
The number of evaluation instances:  2067
/root/miniconda3/envs/lyq/lib/python3.8/site-packages/sklearn/metrics/_classification.py:1469: UndefinedMetricWarning: Precision is ill-defined and being set to 0.0 in samples with no predicted labels. Use `zero_division` parameter to control this behavior.
  _warn_prf(average, modifier, msg_start, len(result))
/root/miniconda3/envs/lyq/lib/python3.8/site-packages/sklearn/metrics/_classification.py:1469: UndefinedMetricWarning: Precision and F-score are ill-defined and being set to 0.0 in labels with no predicted samples. Use `zero_division` parameter to control this behavior.
  _warn_prf(average, modifier, msg_start, len(result))
/root/miniconda3/envs/lyq/lib/python3.8/site-packages/sklearn/metrics/_classification.py:1469: UndefinedMetricWarning: Precision and F-score are ill-defined and being set to 0.0 in samples with no predicted labels. Use `zero_division` parameter to control this behavior.
  _warn_prf(average, modifier, msg_start, len(result))
Acc. (Correct/Total): 56.94% Prec: 0.7496 F1: 0.7100
Precision, Recall and F1-Score...
              precision    recall  f1-score   support

         教育学     0.8465    0.8465    0.8465       241
          法学     0.8762    0.7902    0.8310       224
      中国语言文学     0.8052    0.6703    0.7316       185
         政治学     0.7965    0.5521    0.6522       163
         社会学     0.8200    0.7834    0.8013       157
         心理学     0.7857    0.5366    0.6377       123
       应用经济学     0.7108    0.5043    0.5900       117
         历史学     0.8452    0.6514    0.7358       109
     环境科学与工程     0.9000    0.8333    0.8654       108
          哲学     0.7833    0.4845    0.5987        97
      外国语言文学     0.6629    0.6941    0.6782        85
         生物学     0.8214    0.8734    0.8466        79
      交通运输工程     0.9231    0.9231    0.9231        78
        临床医学     0.8413    0.6974    0.7626        76
    计算机科学与技术     0.7627    0.6338    0.6923        71
        土木工程     0.9275    0.9697    0.9481        66
   航空宇航科学与技术     0.9492    0.9180    0.9333        61
         民族学     0.6667    0.4727    0.5532        55
   公共卫生与预防医学     0.5385    0.5490    0.5437        51
         美术学     0.7538    0.9800    0.8522        50
         艺术学     0.7778    0.8140    0.7955        43
         地理学     0.8846    0.5476    0.6765        42
         体育学     0.9630    0.6500    0.7761        40
       理论经济学     0.6842    0.6842    0.6842        38
         中医学     0.9032    0.7568    0.8235        37
         物理学     0.7727    0.9444    0.8500        36
          林学     0.7500    0.4545    0.5660        33
          数学     0.6087    0.4375    0.5091        32
     电子科学与技术     0.6400    0.5161    0.5714        31
        基础医学     0.5185    0.4828    0.5000        29
        工商管理     0.8235    0.5185    0.6364        27
       新闻传播学     0.8000    0.7273    0.7619        22
         天文学     0.7917    0.8636    0.8261        22
         地质学     0.8095    0.8095    0.8095        21
         畜牧学     0.8636    0.9048    0.8837        21
   军事思想及军事历史     0.7778    0.7000    0.7368        20
     管理科学与工程     0.5000    0.6667    0.5714        18
     测绘科学与技术     0.7222    0.7647    0.7429        17
        水利工程     0.8571    0.7500    0.8000        16
        大气科学     0.8462    0.6875    0.7586        16
     兵器科学与技术     0.5789    0.7333    0.6471        15
       地球物理学     0.7500    0.4286    0.5455        14
        电气工程     0.7778    0.5385    0.6364        13
         作物学     0.8333    0.3846    0.5263        13
     控制科学与工程     0.2727    0.2308    0.2500        13
     信息与通信工程     0.8750    0.5385    0.6667        13
        公共管理     0.0000    0.0000    0.0000        13
         建筑学     0.6667    0.1538    0.2500        13
     化学工程与技术     0.8889    0.6667    0.7619        12
          力学     0.8750    0.6364    0.7368        11
        海洋科学     0.9167    1.0000    0.9565        11
     轻工技术与工程     0.7143    0.4545    0.5556        11
        农业工程     1.0000    0.4000    0.5714        10
         园艺学     1.0000    0.7000    0.8235        10
       中西医结合     1.0000    0.5000    0.6667        10
        机械工程     1.0000    0.4444    0.6154         9
       科学技术史     0.6364    0.8750    0.7368         8
     船舶与海洋工程     0.8750    0.8750    0.8750         8
   图书情报与档案管理     0.7143    0.6250    0.6667         8
        植物保护     0.6364    0.8750    0.7368         8
     材料科学与工程     0.7500    0.3750    0.5000         8
         统计学     0.5000    0.7500    0.6000         8
          化学     0.7778    0.8750    0.8235         8
     食品科学与工程     1.0000    0.5000    0.6667         8
          水产     1.0000    1.0000    1.0000         7
          药学     1.0000    0.5714    0.7273         7
     农业资源与环境     1.0000    0.7143    0.8333         7
         世界史     0.5000    0.2857    0.3636         7
        系统科学     0.7143    0.7143    0.7143         7
      农林经济管理     0.8000    0.8000    0.8000         5
       军队指挥学     1.0000    0.4000    0.5714         5
        矿业工程     0.6000    0.6000    0.6000         5
     纺织科学与工程     0.7143    1.0000    0.8333         5
  动力工程及工程热物理     0.0000    0.0000    0.0000         4
        林业工程     0.0000    0.0000    0.0000         4
     仪器科学与技术     0.0000    0.0000    0.0000         3
         战略学     1.0000    0.3333    0.5000         3
   地质资源与地质工程     0.0000    0.0000    0.0000         3
        旅游管理     1.0000    0.6667    0.8000         3
 图书馆、情报与档案管理     0.0000    0.0000    0.0000         2
        冶金工程     1.0000    0.5000    0.6667         2
      核科学与技术     1.0000    0.5000    0.6667         2

   micro avg     0.7978    0.6887    0.7392      3093
   macro avg     0.7400    0.6060    0.6487      3093
weighted avg     0.7954    0.6887    0.7299      3093
 samples avg     0.7496    0.6989    0.7100      3093

