/root/miniconda3/envs/lyq/lib/python3.8/site-packages/scipy/__init__.py:146: UserWarning: A NumPy version >=1.16.5 and <1.23.0 is required for this version of SciPy (detected version 1.23.5
  warnings.warn(f"A NumPy version >={np_minversion} and <{np_maxversion}"
  0%|          | 0/82 [00:00<?, ?it/s]100%|██████████| 82/82 [00:00<00:00, 914715.23it/s]
model:  ernie-rcnn-catlstm
pretrained:  ernie1
task:  MLC-slice
dataset:  book_multilabels_task_slice
seq_length:  256
hidden_dropout_prob:  0.1
attention_probs_dropout_prob:  0.1
epochs_num:  20
batch_size:  32
learning_rate:  2e-05
report_steps:  100
kg_name:  CnDbpedia
no_kg:  True
no_vm:  True
Vocabulary Size:  17964
[BertClassifier] use visible_matrix: False
Some weights of ErnieRCNNForMultiLabelSequenceClassificationSliceCatLSTM were not initialized from the model checkpoint at ./models/ernie1 and are newly initialized: ['output_layer_1.bias', 'lstm.weight_hh_l1_reverse', 'lstm.bias_ih_l0', 'classifier.bias', 'lstm.bias_ih_l1', 'lstm.bias_hh_l1_reverse', 'lstm.bias_ih_l0_reverse', 'output_layer_1.weight', 'lstm.weight_ih_l1', 'lstm.weight_hh_l1', 'lstm.weight_hh_l0', 'lstm.bias_hh_l0', 'lstm.bias_hh_l1', 'classifier.weight', 'lstm.weight_ih_l0_reverse', 'lstm.bias_hh_l0_reverse', 'lstm.bias_ih_l1_reverse', 'lstm.weight_hh_l0_reverse', 'lstm.weight_ih_l1_reverse', 'lstm.weight_ih_l0']
You should probably TRAIN this model on a down-stream task to be able to use it for predictions and inference.
1 GPUs are available. Let's use them.
device:  cuda
Start training.
Loading sentences from ./datasets/book_multilabels_task_slice/train.tsv
There are 9097 sentence in total. We use 1 processes to inject knowledge into sentences.
Progress of process 0: 0/9097
Loading sentences from ./datasets/book_multilabels_task_slice/dev.tsv
There are 2084 sentence in total. We use 1 processes to inject knowledge into sentences.
Progress of process 0: 0/2084
Loading sentences from ./datasets/book_multilabels_task_slice/test.tsv
There are 2067 sentence in total. We use 1 processes to inject knowledge into sentences.
Progress of process 0: 0/2067
Epoch id: 1, Training steps: 100, Avg loss: 0.180, Time: 0:01:31
Epoch id: 1, Training steps: 200, Avg loss: 0.082, Time: 0:03:03
Start evaluation on dev dataset.
/root/miniconda3/envs/lyq/lib/python3.8/site-packages/sklearn/metrics/_classification.py:1469: UndefinedMetricWarning: Precision is ill-defined and being set to 0.0 in samples with no predicted labels. Use `zero_division` parameter to control this behavior.
  _warn_prf(average, modifier, msg_start, len(result))
Acc. (Correct/Total):  0.00%% Prec: 0.0005 F1: 0.0003
Epoch id: 2, Training steps: 100, Avg loss: 0.129, Time: 0:06:13
Epoch id: 2, Training steps: 200, Avg loss: 0.053, Time: 0:07:45
Start evaluation on dev dataset.
/root/miniconda3/envs/lyq/lib/python3.8/site-packages/sklearn/metrics/_classification.py:1469: UndefinedMetricWarning: Precision is ill-defined and being set to 0.0 in samples with no predicted labels. Use `zero_division` parameter to control this behavior.
  _warn_prf(average, modifier, msg_start, len(result))
Acc. (Correct/Total): 19.24%% Prec: 0.2874 F1: 0.2571
Start evaluation on test dataset.
/root/miniconda3/envs/lyq/lib/python3.8/site-packages/sklearn/metrics/_classification.py:1469: UndefinedMetricWarning: Precision is ill-defined and being set to 0.0 in samples with no predicted labels. Use `zero_division` parameter to control this behavior.
  _warn_prf(average, modifier, msg_start, len(result))
Acc. (Correct/Total): 24.92%% Prec: 0.3502 F1: 0.3171
Epoch id: 3, Training steps: 100, Avg loss: 0.078, Time: 0:11:16
Epoch id: 3, Training steps: 200, Avg loss: 0.037, Time: 0:12:48
Start evaluation on dev dataset.
/root/miniconda3/envs/lyq/lib/python3.8/site-packages/sklearn/metrics/_classification.py:1469: UndefinedMetricWarning: Precision is ill-defined and being set to 0.0 in samples with no predicted labels. Use `zero_division` parameter to control this behavior.
  _warn_prf(average, modifier, msg_start, len(result))
Acc. (Correct/Total): 26.01%% Prec: 0.3952 F1: 0.3518
Start evaluation on test dataset.
/root/miniconda3/envs/lyq/lib/python3.8/site-packages/sklearn/metrics/_classification.py:1469: UndefinedMetricWarning: Precision is ill-defined and being set to 0.0 in samples with no predicted labels. Use `zero_division` parameter to control this behavior.
  _warn_prf(average, modifier, msg_start, len(result))
Acc. (Correct/Total): 33.24%% Prec: 0.4622 F1: 0.4203
Epoch id: 4, Training steps: 100, Avg loss: 0.060, Time: 0:16:19
Epoch id: 4, Training steps: 200, Avg loss: 0.030, Time: 0:17:51
Start evaluation on dev dataset.
/root/miniconda3/envs/lyq/lib/python3.8/site-packages/sklearn/metrics/_classification.py:1469: UndefinedMetricWarning: Precision is ill-defined and being set to 0.0 in samples with no predicted labels. Use `zero_division` parameter to control this behavior.
  _warn_prf(average, modifier, msg_start, len(result))
Acc. (Correct/Total): 35.60%% Prec: 0.5328 F1: 0.4818
Start evaluation on test dataset.
/root/miniconda3/envs/lyq/lib/python3.8/site-packages/sklearn/metrics/_classification.py:1469: UndefinedMetricWarning: Precision is ill-defined and being set to 0.0 in samples with no predicted labels. Use `zero_division` parameter to control this behavior.
  _warn_prf(average, modifier, msg_start, len(result))
Acc. (Correct/Total): 41.75%% Prec: 0.5926 F1: 0.5405
Epoch id: 5, Training steps: 100, Avg loss: 0.050, Time: 0:21:22
Epoch id: 5, Training steps: 200, Avg loss: 0.024, Time: 0:22:54
Start evaluation on dev dataset.
/root/miniconda3/envs/lyq/lib/python3.8/site-packages/sklearn/metrics/_classification.py:1469: UndefinedMetricWarning: Precision is ill-defined and being set to 0.0 in samples with no predicted labels. Use `zero_division` parameter to control this behavior.
  _warn_prf(average, modifier, msg_start, len(result))
Acc. (Correct/Total): 37.67%% Prec: 0.5493 F1: 0.4990
Start evaluation on test dataset.
/root/miniconda3/envs/lyq/lib/python3.8/site-packages/sklearn/metrics/_classification.py:1469: UndefinedMetricWarning: Precision is ill-defined and being set to 0.0 in samples with no predicted labels. Use `zero_division` parameter to control this behavior.
  _warn_prf(average, modifier, msg_start, len(result))
Acc. (Correct/Total): 45.09%% Prec: 0.6178 F1: 0.5671
Epoch id: 6, Training steps: 100, Avg loss: 0.040, Time: 0:26:26
Epoch id: 6, Training steps: 200, Avg loss: 0.021, Time: 0:27:58
Start evaluation on dev dataset.
/root/miniconda3/envs/lyq/lib/python3.8/site-packages/sklearn/metrics/_classification.py:1469: UndefinedMetricWarning: Precision is ill-defined and being set to 0.0 in samples with no predicted labels. Use `zero_division` parameter to control this behavior.
  _warn_prf(average, modifier, msg_start, len(result))
Acc. (Correct/Total): 38.58%% Prec: 0.5828 F1: 0.5243
Start evaluation on test dataset.
/root/miniconda3/envs/lyq/lib/python3.8/site-packages/sklearn/metrics/_classification.py:1469: UndefinedMetricWarning: Precision is ill-defined and being set to 0.0 in samples with no predicted labels. Use `zero_division` parameter to control this behavior.
  _warn_prf(average, modifier, msg_start, len(result))
Acc. (Correct/Total): 46.93%% Prec: 0.6522 F1: 0.5957
Epoch id: 7, Training steps: 100, Avg loss: 0.035, Time: 0:31:29
Epoch id: 7, Training steps: 200, Avg loss: 0.018, Time: 0:33:01
Start evaluation on dev dataset.
/root/miniconda3/envs/lyq/lib/python3.8/site-packages/sklearn/metrics/_classification.py:1469: UndefinedMetricWarning: Precision is ill-defined and being set to 0.0 in samples with no predicted labels. Use `zero_division` parameter to control this behavior.
  _warn_prf(average, modifier, msg_start, len(result))
Acc. (Correct/Total): 42.51%% Prec: 0.6215 F1: 0.5635
Start evaluation on test dataset.
/root/miniconda3/envs/lyq/lib/python3.8/site-packages/sklearn/metrics/_classification.py:1469: UndefinedMetricWarning: Precision is ill-defined and being set to 0.0 in samples with no predicted labels. Use `zero_division` parameter to control this behavior.
  _warn_prf(average, modifier, msg_start, len(result))
Acc. (Correct/Total): 50.31%% Prec: 0.6841 F1: 0.6299
Epoch id: 8, Training steps: 100, Avg loss: 0.032, Time: 0:36:33
Epoch id: 8, Training steps: 200, Avg loss: 0.017, Time: 0:38:04
Start evaluation on dev dataset.
/root/miniconda3/envs/lyq/lib/python3.8/site-packages/sklearn/metrics/_classification.py:1469: UndefinedMetricWarning: Precision is ill-defined and being set to 0.0 in samples with no predicted labels. Use `zero_division` parameter to control this behavior.
  _warn_prf(average, modifier, msg_start, len(result))
Acc. (Correct/Total): 48.46%% Prec: 0.6927 F1: 0.6368
Start evaluation on test dataset.
/root/miniconda3/envs/lyq/lib/python3.8/site-packages/sklearn/metrics/_classification.py:1469: UndefinedMetricWarning: Precision is ill-defined and being set to 0.0 in samples with no predicted labels. Use `zero_division` parameter to control this behavior.
  _warn_prf(average, modifier, msg_start, len(result))
Acc. (Correct/Total): 55.97%% Prec: 0.7523 F1: 0.6988
Epoch id: 9, Training steps: 100, Avg loss: 0.027, Time: 0:41:36
Epoch id: 9, Training steps: 200, Avg loss: 0.015, Time: 0:43:08
Start evaluation on dev dataset.
/root/miniconda3/envs/lyq/lib/python3.8/site-packages/sklearn/metrics/_classification.py:1469: UndefinedMetricWarning: Precision is ill-defined and being set to 0.0 in samples with no predicted labels. Use `zero_division` parameter to control this behavior.
  _warn_prf(average, modifier, msg_start, len(result))
Acc. (Correct/Total): 48.32%% Prec: 0.6887 F1: 0.6336
Epoch id: 10, Training steps: 100, Avg loss: 0.024, Time: 0:46:18
Epoch id: 10, Training steps: 200, Avg loss: 0.012, Time: 0:47:50
Start evaluation on dev dataset.
/root/miniconda3/envs/lyq/lib/python3.8/site-packages/sklearn/metrics/_classification.py:1469: UndefinedMetricWarning: Precision is ill-defined and being set to 0.0 in samples with no predicted labels. Use `zero_division` parameter to control this behavior.
  _warn_prf(average, modifier, msg_start, len(result))
Acc. (Correct/Total): 48.27%% Prec: 0.6858 F1: 0.6302
Epoch id: 11, Training steps: 100, Avg loss: 0.021, Time: 0:51:00
Epoch id: 11, Training steps: 200, Avg loss: 0.011, Time: 0:52:31
Start evaluation on dev dataset.
/root/miniconda3/envs/lyq/lib/python3.8/site-packages/sklearn/metrics/_classification.py:1469: UndefinedMetricWarning: Precision is ill-defined and being set to 0.0 in samples with no predicted labels. Use `zero_division` parameter to control this behavior.
  _warn_prf(average, modifier, msg_start, len(result))
Acc. (Correct/Total): 48.80%% Prec: 0.6899 F1: 0.6376
Start evaluation on test dataset.
/root/miniconda3/envs/lyq/lib/python3.8/site-packages/sklearn/metrics/_classification.py:1469: UndefinedMetricWarning: Precision is ill-defined and being set to 0.0 in samples with no predicted labels. Use `zero_division` parameter to control this behavior.
  _warn_prf(average, modifier, msg_start, len(result))
Acc. (Correct/Total): 57.62%% Prec: 0.7576 F1: 0.7084
Epoch id: 12, Training steps: 100, Avg loss: 0.019, Time: 0:56:03
Epoch id: 12, Training steps: 200, Avg loss: 0.009, Time: 0:57:35
Start evaluation on dev dataset.
/root/miniconda3/envs/lyq/lib/python3.8/site-packages/sklearn/metrics/_classification.py:1469: UndefinedMetricWarning: Precision is ill-defined and being set to 0.0 in samples with no predicted labels. Use `zero_division` parameter to control this behavior.
  _warn_prf(average, modifier, msg_start, len(result))
Acc. (Correct/Total): 50.96%% Prec: 0.7175 F1: 0.6644
Start evaluation on test dataset.
/root/miniconda3/envs/lyq/lib/python3.8/site-packages/sklearn/metrics/_classification.py:1469: UndefinedMetricWarning: Precision is ill-defined and being set to 0.0 in samples with no predicted labels. Use `zero_division` parameter to control this behavior.
  _warn_prf(average, modifier, msg_start, len(result))
Acc. (Correct/Total): 58.30%% Prec: 0.7707 F1: 0.7248
Epoch id: 13, Training steps: 100, Avg loss: 0.016, Time: 1:01:07
Epoch id: 13, Training steps: 200, Avg loss: 0.008, Time: 1:02:39
Start evaluation on dev dataset.
/root/miniconda3/envs/lyq/lib/python3.8/site-packages/sklearn/metrics/_classification.py:1469: UndefinedMetricWarning: Precision is ill-defined and being set to 0.0 in samples with no predicted labels. Use `zero_division` parameter to control this behavior.
  _warn_prf(average, modifier, msg_start, len(result))
Acc. (Correct/Total): 51.73%% Prec: 0.7216 F1: 0.6730
Start evaluation on test dataset.
/root/miniconda3/envs/lyq/lib/python3.8/site-packages/sklearn/metrics/_classification.py:1469: UndefinedMetricWarning: Precision is ill-defined and being set to 0.0 in samples with no predicted labels. Use `zero_division` parameter to control this behavior.
  _warn_prf(average, modifier, msg_start, len(result))
Acc. (Correct/Total): 60.38%% Prec: 0.7863 F1: 0.7396
Epoch id: 14, Training steps: 100, Avg loss: 0.014, Time: 1:06:10
Epoch id: 14, Training steps: 200, Avg loss: 0.007, Time: 1:07:42
Start evaluation on dev dataset.
/root/miniconda3/envs/lyq/lib/python3.8/site-packages/sklearn/metrics/_classification.py:1469: UndefinedMetricWarning: Precision is ill-defined and being set to 0.0 in samples with no predicted labels. Use `zero_division` parameter to control this behavior.
  _warn_prf(average, modifier, msg_start, len(result))
Acc. (Correct/Total): 51.73%% Prec: 0.7205 F1: 0.6738
Epoch id: 15, Training steps: 100, Avg loss: 0.013, Time: 1:10:52
Epoch id: 15, Training steps: 200, Avg loss: 0.006, Time: 1:12:24
Start evaluation on dev dataset.
/root/miniconda3/envs/lyq/lib/python3.8/site-packages/sklearn/metrics/_classification.py:1469: UndefinedMetricWarning: Precision is ill-defined and being set to 0.0 in samples with no predicted labels. Use `zero_division` parameter to control this behavior.
  _warn_prf(average, modifier, msg_start, len(result))
Acc. (Correct/Total): 52.11%% Prec: 0.7330 F1: 0.6876
Start evaluation on test dataset.
/root/miniconda3/envs/lyq/lib/python3.8/site-packages/sklearn/metrics/_classification.py:1469: UndefinedMetricWarning: Precision is ill-defined and being set to 0.0 in samples with no predicted labels. Use `zero_division` parameter to control this behavior.
  _warn_prf(average, modifier, msg_start, len(result))
Acc. (Correct/Total): 61.34%% Prec: 0.7936 F1: 0.7517
Epoch id: 16, Training steps: 100, Avg loss: 0.010, Time: 1:15:56
Epoch id: 16, Training steps: 200, Avg loss: 0.005, Time: 1:17:28
Start evaluation on dev dataset.
/root/miniconda3/envs/lyq/lib/python3.8/site-packages/sklearn/metrics/_classification.py:1469: UndefinedMetricWarning: Precision is ill-defined and being set to 0.0 in samples with no predicted labels. Use `zero_division` parameter to control this behavior.
  _warn_prf(average, modifier, msg_start, len(result))
Acc. (Correct/Total): 53.02%% Prec: 0.7308 F1: 0.6900
Start evaluation on test dataset.
/root/miniconda3/envs/lyq/lib/python3.8/site-packages/sklearn/metrics/_classification.py:1469: UndefinedMetricWarning: Precision is ill-defined and being set to 0.0 in samples with no predicted labels. Use `zero_division` parameter to control this behavior.
  _warn_prf(average, modifier, msg_start, len(result))
Acc. (Correct/Total): 61.68%% Prec: 0.7912 F1: 0.7531
Epoch id: 17, Training steps: 100, Avg loss: 0.010, Time: 1:20:59
Epoch id: 17, Training steps: 200, Avg loss: 0.005, Time: 1:22:31
Start evaluation on dev dataset.
/root/miniconda3/envs/lyq/lib/python3.8/site-packages/sklearn/metrics/_classification.py:1469: UndefinedMetricWarning: Precision is ill-defined and being set to 0.0 in samples with no predicted labels. Use `zero_division` parameter to control this behavior.
  _warn_prf(average, modifier, msg_start, len(result))
Acc. (Correct/Total): 53.69%% Prec: 0.7350 F1: 0.6915
Start evaluation on test dataset.
/root/miniconda3/envs/lyq/lib/python3.8/site-packages/sklearn/metrics/_classification.py:1469: UndefinedMetricWarning: Precision is ill-defined and being set to 0.0 in samples with no predicted labels. Use `zero_division` parameter to control this behavior.
  _warn_prf(average, modifier, msg_start, len(result))
Acc. (Correct/Total): 62.31%% Prec: 0.7908 F1: 0.7534
Epoch id: 18, Training steps: 100, Avg loss: 0.008, Time: 1:26:02
Epoch id: 18, Training steps: 200, Avg loss: 0.004, Time: 1:27:34
Start evaluation on dev dataset.
/root/miniconda3/envs/lyq/lib/python3.8/site-packages/sklearn/metrics/_classification.py:1469: UndefinedMetricWarning: Precision is ill-defined and being set to 0.0 in samples with no predicted labels. Use `zero_division` parameter to control this behavior.
  _warn_prf(average, modifier, msg_start, len(result))
Acc. (Correct/Total): 54.46%% Prec: 0.7395 F1: 0.7023
Start evaluation on test dataset.
/root/miniconda3/envs/lyq/lib/python3.8/site-packages/sklearn/metrics/_classification.py:1469: UndefinedMetricWarning: Precision is ill-defined and being set to 0.0 in samples with no predicted labels. Use `zero_division` parameter to control this behavior.
  _warn_prf(average, modifier, msg_start, len(result))
Acc. (Correct/Total): 62.55%% Prec: 0.7932 F1: 0.7607
Epoch id: 19, Training steps: 100, Avg loss: 0.008, Time: 1:31:06
Epoch id: 19, Training steps: 200, Avg loss: 0.004, Time: 1:32:38
Start evaluation on dev dataset.
/root/miniconda3/envs/lyq/lib/python3.8/site-packages/sklearn/metrics/_classification.py:1469: UndefinedMetricWarning: Precision is ill-defined and being set to 0.0 in samples with no predicted labels. Use `zero_division` parameter to control this behavior.
  _warn_prf(average, modifier, msg_start, len(result))
Acc. (Correct/Total): 54.41%% Prec: 0.7438 F1: 0.7019
Epoch id: 20, Training steps: 100, Avg loss: 0.006, Time: 1:35:49
Epoch id: 20, Training steps: 200, Avg loss: 0.003, Time: 1:37:21
Start evaluation on dev dataset.
/root/miniconda3/envs/lyq/lib/python3.8/site-packages/sklearn/metrics/_classification.py:1469: UndefinedMetricWarning: Precision is ill-defined and being set to 0.0 in samples with no predicted labels. Use `zero_division` parameter to control this behavior.
  _warn_prf(average, modifier, msg_start, len(result))
Acc. (Correct/Total): 54.03%% Prec: 0.7374 F1: 0.6975
Final evaluation on the test dataset.
The number of evaluation instances:  2067
/root/miniconda3/envs/lyq/lib/python3.8/site-packages/sklearn/metrics/_classification.py:1469: UndefinedMetricWarning: Precision is ill-defined and being set to 0.0 in samples with no predicted labels. Use `zero_division` parameter to control this behavior.
  _warn_prf(average, modifier, msg_start, len(result))
/root/miniconda3/envs/lyq/lib/python3.8/site-packages/sklearn/metrics/_classification.py:1469: UndefinedMetricWarning: Precision and F-score are ill-defined and being set to 0.0 in labels with no predicted samples. Use `zero_division` parameter to control this behavior.
  _warn_prf(average, modifier, msg_start, len(result))
/root/miniconda3/envs/lyq/lib/python3.8/site-packages/sklearn/metrics/_classification.py:1469: UndefinedMetricWarning: Precision and F-score are ill-defined and being set to 0.0 in samples with no predicted labels. Use `zero_division` parameter to control this behavior.
  _warn_prf(average, modifier, msg_start, len(result))
Acc. (Correct/Total): 62.55% Prec: 0.7932 F1: 0.7607
Precision, Recall and F1-Score...
              precision    recall  f1-score   support

         教育学     0.8687    0.9336    0.9000       241
          法学     0.8889    0.8929    0.8909       224
      中国语言文学     0.9595    0.7676    0.8529       185
         政治学     0.7362    0.7362    0.7362       163
         社会学     0.9014    0.8153    0.8562       157
         心理学     0.8659    0.5772    0.6927       123
       应用经济学     0.7895    0.5128    0.6218       117
         历史学     0.8947    0.6239    0.7351       109
     环境科学与工程     0.9271    0.8241    0.8725       108
          哲学     0.8228    0.6701    0.7386        97
      外国语言文学     0.8462    0.7765    0.8098        85
         生物学     0.8333    0.8228    0.8280        79
      交通运输工程     0.9250    0.9487    0.9367        78
        临床医学     0.9242    0.8026    0.8592        76
    计算机科学与技术     0.8507    0.8028    0.8261        71
        土木工程     0.8767    0.9697    0.9209        66
   航空宇航科学与技术     1.0000    0.8852    0.9391        61
         民族学     0.7619    0.5818    0.6598        55
   公共卫生与预防医学     0.6364    0.6863    0.6604        51
         美术学     0.8421    0.9600    0.8972        50
         艺术学     0.8529    0.6744    0.7532        43
         地理学     0.8286    0.6905    0.7532        42
         体育学     0.9000    0.6750    0.7714        40
       理论经济学     0.8485    0.7368    0.7887        38
         中医学     0.9355    0.7838    0.8529        37
         物理学     0.8250    0.9167    0.8684        36
          林学     0.6818    0.4545    0.5455        33
          数学     0.8947    0.5312    0.6667        32
     电子科学与技术     0.6400    0.5161    0.5714        31
        基础医学     0.5714    0.2759    0.3721        29
        工商管理     0.8750    0.5185    0.6512        27
       新闻传播学     0.7000    0.6364    0.6667        22
         天文学     0.6923    0.8182    0.7500        22
         地质学     0.7778    0.6667    0.7179        21
         畜牧学     0.8182    0.8571    0.8372        21
   军事思想及军事历史     0.7895    0.7500    0.7692        20
     管理科学与工程     0.6316    0.6667    0.6486        18
     测绘科学与技术     0.8235    0.8235    0.8235        17
        水利工程     0.8000    0.5000    0.6154        16
        大气科学     0.7059    0.7500    0.7273        16
     兵器科学与技术     0.7059    0.8000    0.7500        15
       地球物理学     0.6667    0.2857    0.4000        14
        电气工程     1.0000    0.4615    0.6316        13
         作物学     0.8182    0.6923    0.7500        13
     控制科学与工程     0.3333    0.1538    0.2105        13
     信息与通信工程     0.6364    0.5385    0.5833        13
        公共管理     0.3125    0.3846    0.3448        13
         建筑学     0.8571    0.4615    0.6000        13
     化学工程与技术     1.0000    0.8333    0.9091        12
          力学     0.7778    0.6364    0.7000        11
        海洋科学     0.9000    0.8182    0.8571        11
     轻工技术与工程     0.5000    0.4545    0.4762        11
        农业工程     1.0000    0.2000    0.3333        10
         园艺学     0.8000    0.8000    0.8000        10
       中西医结合     1.0000    0.6000    0.7500        10
        机械工程     1.0000    0.6667    0.8000         9
       科学技术史     1.0000    0.5000    0.6667         8
     船舶与海洋工程     0.8889    1.0000    0.9412         8
   图书情报与档案管理     0.6667    0.7500    0.7059         8
        植物保护     0.8750    0.8750    0.8750         8
     材料科学与工程     0.8571    0.7500    0.8000         8
         统计学     0.6000    0.7500    0.6667         8
          化学     1.0000    0.5000    0.6667         8
     食品科学与工程     1.0000    0.3750    0.5455         8
          水产     1.0000    1.0000    1.0000         7
          药学     1.0000    0.8571    0.9231         7
     农业资源与环境     0.8000    0.5714    0.6667         7
         世界史     1.0000    1.0000    1.0000         7
        系统科学     1.0000    0.5714    0.7273         7
      农林经济管理     0.6667    0.8000    0.7273         5
       军队指挥学     1.0000    0.4000    0.5714         5
        矿业工程     0.7500    0.6000    0.6667         5
     纺织科学与工程     0.7143    1.0000    0.8333         5
  动力工程及工程热物理     0.0000    0.0000    0.0000         4
        林业工程     0.3333    0.2500    0.2857         4
     仪器科学与技术     0.0000    0.0000    0.0000         3
         战略学     1.0000    0.3333    0.5000         3
   地质资源与地质工程     0.4000    0.6667    0.5000         3
        旅游管理     1.0000    0.3333    0.5000         3
 图书馆、情报与档案管理     0.0000    0.0000    0.0000         2
        冶金工程     1.0000    0.5000    0.6667         2
      核科学与技术     0.0000    0.0000    0.0000         2

   micro avg     0.8422    0.7404    0.7880      3093
   macro avg     0.7756    0.6342    0.6795      3093
weighted avg     0.8417    0.7404    0.7795      3093
 samples avg     0.7932    0.7546    0.7607      3093

