/root/miniconda3/envs/lyq/lib/python3.8/site-packages/scipy/__init__.py:146: UserWarning: A NumPy version >=1.16.5 and <1.23.0 is required for this version of SciPy (detected version 1.23.5
  warnings.warn(f"A NumPy version >={np_minversion} and <{np_maxversion}"

  0%|          | 0/82 [00:00<?, ?it/s]
100%|██████████| 82/82 [00:00<00:00, 842972.86it/s]
model:  ernie-rcnn
pretrained:  ernie1
task:  MLC
dataset:  book_multilabels_task
seq_length:  256
hidden_dropout_prob:  0.1
attention_probs_dropout_prob:  0.1
epochs_num:  20
batch_size:  32
learning_rate:  1.3e-05
report_steps:  100
kg_name:  CnDbpedia
no_kg:  False
no_vm:  False
Vocabulary Size:  17964
[BertClassifier] use visible_matrix: True
Some weights of ErnieRCNNForMultiLabelSequenceClassification were not initialized from the model checkpoint at ./models/ernie1 and are newly initialized: ['classifier.bias', 'lstm.weight_ih_l1_reverse', 'lstm.bias_hh_l0_reverse', 'lstm.bias_ih_l1', 'lstm.bias_hh_l0', 'lstm.bias_hh_l1', 'lstm.bias_ih_l0_reverse', 'lstm.weight_ih_l0', 'lstm.bias_ih_l1_reverse', 'classifier.weight', 'lstm.weight_hh_l1_reverse', 'lstm.weight_ih_l0_reverse', 'lstm.bias_hh_l1_reverse', 'output_layer_1.weight', 'output_layer_1.bias', 'lstm.weight_hh_l0', 'lstm.weight_hh_l1', 'lstm.weight_ih_l1', 'lstm.weight_hh_l0_reverse', 'lstm.bias_ih_l0']
You should probably TRAIN this model on a down-stream task to be able to use it for predictions and inference.
1 GPUs are available. Let's use them.
device:  cuda
[KnowledgeGraph] Loading spo from /Lyq/experiment/K-BERT-HUGGINGFACE/brain/kgs/CnDbpedia.spo
Start training.
Loading sentences from ./datasets/book_multilabels_task/train.tsv
There are 9097 sentence in total. We use 1 processes to inject knowledge into sentences.
Progress of process 0: 0/9097
Loading sentences from ./datasets/book_multilabels_task/dev.tsv
There are 2084 sentence in total. We use 1 processes to inject knowledge into sentences.
Progress of process 0: 0/2084
Loading sentences from ./datasets/book_multilabels_task/test.tsv
There are 2067 sentence in total. We use 1 processes to inject knowledge into sentences.
Progress of process 0: 0/2067
Epoch id: 1, Training steps: 100, Avg loss: 0.305, Time: 0:00:49
Epoch id: 1, Training steps: 200, Avg loss: 0.103, Time: 0:01:38
Start evaluation on dev dataset.
/root/miniconda3/envs/lyq/lib/python3.8/site-packages/sklearn/metrics/_classification.py:1469: UndefinedMetricWarning: Precision is ill-defined and being set to 0.0 in samples with no predicted labels. Use `zero_division` parameter to control this behavior.
  _warn_prf(average, modifier, msg_start, len(result))
Acc. (Correct/Total):  0.00%% Prec: 0.0000 F1: 0.0000
Epoch id: 2, Training steps: 100, Avg loss: 0.156, Time: 0:03:19
Epoch id: 2, Training steps: 200, Avg loss: 0.079, Time: 0:04:09
Start evaluation on dev dataset.
/root/miniconda3/envs/lyq/lib/python3.8/site-packages/sklearn/metrics/_classification.py:1469: UndefinedMetricWarning: Precision is ill-defined and being set to 0.0 in samples with no predicted labels. Use `zero_division` parameter to control this behavior.
  _warn_prf(average, modifier, msg_start, len(result))
Acc. (Correct/Total):  0.00%% Prec: 0.0000 F1: 0.0000
Epoch id: 3, Training steps: 100, Avg loss: 0.137, Time: 0:05:49
Epoch id: 3, Training steps: 200, Avg loss: 0.068, Time: 0:06:33
Start evaluation on dev dataset.
/root/miniconda3/envs/lyq/lib/python3.8/site-packages/sklearn/metrics/_classification.py:1469: UndefinedMetricWarning: Precision is ill-defined and being set to 0.0 in samples with no predicted labels. Use `zero_division` parameter to control this behavior.
  _warn_prf(average, modifier, msg_start, len(result))
Acc. (Correct/Total):  0.10%% Prec: 0.0010 F1: 0.0010
Start evaluation on test dataset.
/root/miniconda3/envs/lyq/lib/python3.8/site-packages/sklearn/metrics/_classification.py:1469: UndefinedMetricWarning: Precision is ill-defined and being set to 0.0 in samples with no predicted labels. Use `zero_division` parameter to control this behavior.
  _warn_prf(average, modifier, msg_start, len(result))
Acc. (Correct/Total):  0.05%% Prec: 0.0010 F1: 0.0007
Epoch id: 4, Training steps: 100, Avg loss: 0.115, Time: 0:08:35
Epoch id: 4, Training steps: 200, Avg loss: 0.057, Time: 0:09:23
Start evaluation on dev dataset.
/root/miniconda3/envs/lyq/lib/python3.8/site-packages/sklearn/metrics/_classification.py:1469: UndefinedMetricWarning: Precision is ill-defined and being set to 0.0 in samples with no predicted labels. Use `zero_division` parameter to control this behavior.
  _warn_prf(average, modifier, msg_start, len(result))
Acc. (Correct/Total):  6.96%% Prec: 0.1404 F1: 0.1164
Start evaluation on test dataset.
/root/miniconda3/envs/lyq/lib/python3.8/site-packages/sklearn/metrics/_classification.py:1469: UndefinedMetricWarning: Precision is ill-defined and being set to 0.0 in samples with no predicted labels. Use `zero_division` parameter to control this behavior.
  _warn_prf(average, modifier, msg_start, len(result))
Acc. (Correct/Total):  7.06%% Prec: 0.1592 F1: 0.1293
Epoch id: 5, Training steps: 100, Avg loss: 0.095, Time: 0:11:21
Epoch id: 5, Training steps: 200, Avg loss: 0.045, Time: 0:12:08
Start evaluation on dev dataset.
/root/miniconda3/envs/lyq/lib/python3.8/site-packages/sklearn/metrics/_classification.py:1469: UndefinedMetricWarning: Precision is ill-defined and being set to 0.0 in samples with no predicted labels. Use `zero_division` parameter to control this behavior.
  _warn_prf(average, modifier, msg_start, len(result))
Acc. (Correct/Total): 14.54%% Prec: 0.2260 F1: 0.1993
Start evaluation on test dataset.
/root/miniconda3/envs/lyq/lib/python3.8/site-packages/sklearn/metrics/_classification.py:1469: UndefinedMetricWarning: Precision is ill-defined and being set to 0.0 in samples with no predicted labels. Use `zero_division` parameter to control this behavior.
  _warn_prf(average, modifier, msg_start, len(result))
Acc. (Correct/Total): 14.85%% Prec: 0.2579 F1: 0.2216
Epoch id: 6, Training steps: 100, Avg loss: 0.081, Time: 0:14:12
Epoch id: 6, Training steps: 200, Avg loss: 0.040, Time: 0:15:00
Start evaluation on dev dataset.
/root/miniconda3/envs/lyq/lib/python3.8/site-packages/sklearn/metrics/_classification.py:1469: UndefinedMetricWarning: Precision is ill-defined and being set to 0.0 in samples with no predicted labels. Use `zero_division` parameter to control this behavior.
  _warn_prf(average, modifier, msg_start, len(result))
Acc. (Correct/Total): 19.77%% Prec: 0.3196 F1: 0.2808
Start evaluation on test dataset.
/root/miniconda3/envs/lyq/lib/python3.8/site-packages/sklearn/metrics/_classification.py:1469: UndefinedMetricWarning: Precision is ill-defined and being set to 0.0 in samples with no predicted labels. Use `zero_division` parameter to control this behavior.
  _warn_prf(average, modifier, msg_start, len(result))
Acc. (Correct/Total): 23.56%% Prec: 0.3563 F1: 0.3180
Epoch id: 7, Training steps: 100, Avg loss: 0.069, Time: 0:16:59
Epoch id: 7, Training steps: 200, Avg loss: 0.036, Time: 0:17:46
Start evaluation on dev dataset.
/root/miniconda3/envs/lyq/lib/python3.8/site-packages/sklearn/metrics/_classification.py:1469: UndefinedMetricWarning: Precision is ill-defined and being set to 0.0 in samples with no predicted labels. Use `zero_division` parameter to control this behavior.
  _warn_prf(average, modifier, msg_start, len(result))
Acc. (Correct/Total): 23.46%% Prec: 0.3697 F1: 0.3268
Start evaluation on test dataset.
/root/miniconda3/envs/lyq/lib/python3.8/site-packages/sklearn/metrics/_classification.py:1469: UndefinedMetricWarning: Precision is ill-defined and being set to 0.0 in samples with no predicted labels. Use `zero_division` parameter to control this behavior.
  _warn_prf(average, modifier, msg_start, len(result))
Acc. (Correct/Total): 29.12%% Prec: 0.4226 F1: 0.3811
Epoch id: 8, Training steps: 100, Avg loss: 0.061, Time: 0:19:50
Epoch id: 8, Training steps: 200, Avg loss: 0.031, Time: 0:20:41
Start evaluation on dev dataset.
/root/miniconda3/envs/lyq/lib/python3.8/site-packages/sklearn/metrics/_classification.py:1469: UndefinedMetricWarning: Precision is ill-defined and being set to 0.0 in samples with no predicted labels. Use `zero_division` parameter to control this behavior.
  _warn_prf(average, modifier, msg_start, len(result))
Acc. (Correct/Total): 25.10%% Prec: 0.4115 F1: 0.3603
Start evaluation on test dataset.
/root/miniconda3/envs/lyq/lib/python3.8/site-packages/sklearn/metrics/_classification.py:1469: UndefinedMetricWarning: Precision is ill-defined and being set to 0.0 in samples with no predicted labels. Use `zero_division` parameter to control this behavior.
  _warn_prf(average, modifier, msg_start, len(result))
Acc. (Correct/Total): 30.19%% Prec: 0.4509 F1: 0.4028
Epoch id: 9, Training steps: 100, Avg loss: 0.054, Time: 0:22:43
Epoch id: 9, Training steps: 200, Avg loss: 0.027, Time: 0:23:29
Start evaluation on dev dataset.
/root/miniconda3/envs/lyq/lib/python3.8/site-packages/sklearn/metrics/_classification.py:1469: UndefinedMetricWarning: Precision is ill-defined and being set to 0.0 in samples with no predicted labels. Use `zero_division` parameter to control this behavior.
  _warn_prf(average, modifier, msg_start, len(result))
Acc. (Correct/Total): 28.60%% Prec: 0.4580 F1: 0.4032
Start evaluation on test dataset.
/root/miniconda3/envs/lyq/lib/python3.8/site-packages/sklearn/metrics/_classification.py:1469: UndefinedMetricWarning: Precision is ill-defined and being set to 0.0 in samples with no predicted labels. Use `zero_division` parameter to control this behavior.
  _warn_prf(average, modifier, msg_start, len(result))
Acc. (Correct/Total): 32.90%% Prec: 0.4964 F1: 0.4430
Epoch id: 10, Training steps: 100, Avg loss: 0.049, Time: 0:25:29
Epoch id: 10, Training steps: 200, Avg loss: 0.024, Time: 0:26:15
Start evaluation on dev dataset.
/root/miniconda3/envs/lyq/lib/python3.8/site-packages/sklearn/metrics/_classification.py:1469: UndefinedMetricWarning: Precision is ill-defined and being set to 0.0 in samples with no predicted labels. Use `zero_division` parameter to control this behavior.
  _warn_prf(average, modifier, msg_start, len(result))
Acc. (Correct/Total): 31.53%% Prec: 0.5145 F1: 0.4530
Start evaluation on test dataset.
/root/miniconda3/envs/lyq/lib/python3.8/site-packages/sklearn/metrics/_classification.py:1469: UndefinedMetricWarning: Precision is ill-defined and being set to 0.0 in samples with no predicted labels. Use `zero_division` parameter to control this behavior.
  _warn_prf(average, modifier, msg_start, len(result))
Acc. (Correct/Total): 37.59%% Prec: 0.5518 F1: 0.4965
Epoch id: 11, Training steps: 100, Avg loss: 0.043, Time: 0:28:15
Epoch id: 11, Training steps: 200, Avg loss: 0.022, Time: 0:29:03
Start evaluation on dev dataset.
/root/miniconda3/envs/lyq/lib/python3.8/site-packages/sklearn/metrics/_classification.py:1469: UndefinedMetricWarning: Precision is ill-defined and being set to 0.0 in samples with no predicted labels. Use `zero_division` parameter to control this behavior.
  _warn_prf(average, modifier, msg_start, len(result))
Acc. (Correct/Total): 33.78%% Prec: 0.5248 F1: 0.4682
Start evaluation on test dataset.
/root/miniconda3/envs/lyq/lib/python3.8/site-packages/sklearn/metrics/_classification.py:1469: UndefinedMetricWarning: Precision is ill-defined and being set to 0.0 in samples with no predicted labels. Use `zero_division` parameter to control this behavior.
  _warn_prf(average, modifier, msg_start, len(result))
Acc. (Correct/Total): 39.91%% Prec: 0.5791 F1: 0.5233
Epoch id: 12, Training steps: 100, Avg loss: 0.038, Time: 0:31:02
Epoch id: 12, Training steps: 200, Avg loss: 0.019, Time: 0:31:47
Start evaluation on dev dataset.
/root/miniconda3/envs/lyq/lib/python3.8/site-packages/sklearn/metrics/_classification.py:1469: UndefinedMetricWarning: Precision is ill-defined and being set to 0.0 in samples with no predicted labels. Use `zero_division` parameter to control this behavior.
  _warn_prf(average, modifier, msg_start, len(result))
Acc. (Correct/Total): 36.47%% Prec: 0.5566 F1: 0.4989
Start evaluation on test dataset.
/root/miniconda3/envs/lyq/lib/python3.8/site-packages/sklearn/metrics/_classification.py:1469: UndefinedMetricWarning: Precision is ill-defined and being set to 0.0 in samples with no predicted labels. Use `zero_division` parameter to control this behavior.
  _warn_prf(average, modifier, msg_start, len(result))
Acc. (Correct/Total): 41.70%% Prec: 0.6001 F1: 0.5434
Epoch id: 13, Training steps: 100, Avg loss: 0.034, Time: 0:33:52
Epoch id: 13, Training steps: 200, Avg loss: 0.018, Time: 0:34:44
Start evaluation on dev dataset.
/root/miniconda3/envs/lyq/lib/python3.8/site-packages/sklearn/metrics/_classification.py:1469: UndefinedMetricWarning: Precision is ill-defined and being set to 0.0 in samples with no predicted labels. Use `zero_division` parameter to control this behavior.
  _warn_prf(average, modifier, msg_start, len(result))
Acc. (Correct/Total): 37.57%% Prec: 0.5638 F1: 0.5072
Start evaluation on test dataset.
/root/miniconda3/envs/lyq/lib/python3.8/site-packages/sklearn/metrics/_classification.py:1469: UndefinedMetricWarning: Precision is ill-defined and being set to 0.0 in samples with no predicted labels. Use `zero_division` parameter to control this behavior.
  _warn_prf(average, modifier, msg_start, len(result))
Acc. (Correct/Total): 43.35%% Prec: 0.6284 F1: 0.5682
Epoch id: 14, Training steps: 100, Avg loss: 0.031, Time: 0:36:42
Epoch id: 14, Training steps: 200, Avg loss: 0.015, Time: 0:37:27
Start evaluation on dev dataset.
/root/miniconda3/envs/lyq/lib/python3.8/site-packages/sklearn/metrics/_classification.py:1469: UndefinedMetricWarning: Precision is ill-defined and being set to 0.0 in samples with no predicted labels. Use `zero_division` parameter to control this behavior.
  _warn_prf(average, modifier, msg_start, len(result))
Acc. (Correct/Total): 39.68%% Prec: 0.5873 F1: 0.5316
Start evaluation on test dataset.
/root/miniconda3/envs/lyq/lib/python3.8/site-packages/sklearn/metrics/_classification.py:1469: UndefinedMetricWarning: Precision is ill-defined and being set to 0.0 in samples with no predicted labels. Use `zero_division` parameter to control this behavior.
  _warn_prf(average, modifier, msg_start, len(result))
Acc. (Correct/Total): 45.33%% Prec: 0.6413 F1: 0.5850
Epoch id: 15, Training steps: 100, Avg loss: 0.026, Time: 0:39:29
Epoch id: 15, Training steps: 200, Avg loss: 0.014, Time: 0:40:15
Start evaluation on dev dataset.
/root/miniconda3/envs/lyq/lib/python3.8/site-packages/sklearn/metrics/_classification.py:1469: UndefinedMetricWarning: Precision is ill-defined and being set to 0.0 in samples with no predicted labels. Use `zero_division` parameter to control this behavior.
  _warn_prf(average, modifier, msg_start, len(result))
Acc. (Correct/Total): 39.44%% Prec: 0.5930 F1: 0.5369
Epoch id: 16, Training steps: 100, Avg loss: 0.023, Time: 0:41:58
Epoch id: 16, Training steps: 200, Avg loss: 0.013, Time: 0:42:46
Start evaluation on dev dataset.
/root/miniconda3/envs/lyq/lib/python3.8/site-packages/sklearn/metrics/_classification.py:1469: UndefinedMetricWarning: Precision is ill-defined and being set to 0.0 in samples with no predicted labels. Use `zero_division` parameter to control this behavior.
  _warn_prf(average, modifier, msg_start, len(result))
Acc. (Correct/Total): 39.59%% Prec: 0.5945 F1: 0.5374
Epoch id: 17, Training steps: 100, Avg loss: 0.021, Time: 0:44:31
Epoch id: 17, Training steps: 200, Avg loss: 0.010, Time: 0:45:22
Start evaluation on dev dataset.
/root/miniconda3/envs/lyq/lib/python3.8/site-packages/sklearn/metrics/_classification.py:1469: UndefinedMetricWarning: Precision is ill-defined and being set to 0.0 in samples with no predicted labels. Use `zero_division` parameter to control this behavior.
  _warn_prf(average, modifier, msg_start, len(result))
Acc. (Correct/Total): 42.66%% Prec: 0.6247 F1: 0.5691
Start evaluation on test dataset.
/root/miniconda3/envs/lyq/lib/python3.8/site-packages/sklearn/metrics/_classification.py:1469: UndefinedMetricWarning: Precision is ill-defined and being set to 0.0 in samples with no predicted labels. Use `zero_division` parameter to control this behavior.
  _warn_prf(average, modifier, msg_start, len(result))
Acc. (Correct/Total): 47.56%% Prec: 0.6724 F1: 0.6152
Epoch id: 18, Training steps: 100, Avg loss: 0.018, Time: 0:47:22
Epoch id: 18, Training steps: 200, Avg loss: 0.010, Time: 0:48:10
Start evaluation on dev dataset.
/root/miniconda3/envs/lyq/lib/python3.8/site-packages/sklearn/metrics/_classification.py:1469: UndefinedMetricWarning: Precision is ill-defined and being set to 0.0 in samples with no predicted labels. Use `zero_division` parameter to control this behavior.
  _warn_prf(average, modifier, msg_start, len(result))
Acc. (Correct/Total): 42.56%% Prec: 0.6348 F1: 0.5779
Epoch id: 19, Training steps: 100, Avg loss: 0.017, Time: 0:49:54
Epoch id: 19, Training steps: 200, Avg loss: 0.008, Time: 0:50:41
Start evaluation on dev dataset.
/root/miniconda3/envs/lyq/lib/python3.8/site-packages/sklearn/metrics/_classification.py:1469: UndefinedMetricWarning: Precision is ill-defined and being set to 0.0 in samples with no predicted labels. Use `zero_division` parameter to control this behavior.
  _warn_prf(average, modifier, msg_start, len(result))
Acc. (Correct/Total): 43.57%% Prec: 0.6334 F1: 0.5794
Start evaluation on test dataset.
/root/miniconda3/envs/lyq/lib/python3.8/site-packages/sklearn/metrics/_classification.py:1469: UndefinedMetricWarning: Precision is ill-defined and being set to 0.0 in samples with no predicted labels. Use `zero_division` parameter to control this behavior.
  _warn_prf(average, modifier, msg_start, len(result))
Acc. (Correct/Total): 49.01%% Prec: 0.6784 F1: 0.6241
Epoch id: 20, Training steps: 100, Avg loss: 0.015, Time: 0:52:43
Epoch id: 20, Training steps: 200, Avg loss: 0.008, Time: 0:53:32
Start evaluation on dev dataset.
/root/miniconda3/envs/lyq/lib/python3.8/site-packages/sklearn/metrics/_classification.py:1469: UndefinedMetricWarning: Precision is ill-defined and being set to 0.0 in samples with no predicted labels. Use `zero_division` parameter to control this behavior.
  _warn_prf(average, modifier, msg_start, len(result))
Acc. (Correct/Total): 42.99%% Prec: 0.6359 F1: 0.5802
Final evaluation on the test dataset.
The number of evaluation instances:  2067
/root/miniconda3/envs/lyq/lib/python3.8/site-packages/sklearn/metrics/_classification.py:1469: UndefinedMetricWarning: Precision is ill-defined and being set to 0.0 in samples with no predicted labels. Use `zero_division` parameter to control this behavior.
  _warn_prf(average, modifier, msg_start, len(result))
/root/miniconda3/envs/lyq/lib/python3.8/site-packages/sklearn/metrics/_classification.py:1469: UndefinedMetricWarning: Precision and F-score are ill-defined and being set to 0.0 in labels with no predicted samples. Use `zero_division` parameter to control this behavior.
  _warn_prf(average, modifier, msg_start, len(result))
/root/miniconda3/envs/lyq/lib/python3.8/site-packages/sklearn/metrics/_classification.py:1469: UndefinedMetricWarning: Precision and F-score are ill-defined and being set to 0.0 in samples with no predicted labels. Use `zero_division` parameter to control this behavior.
  _warn_prf(average, modifier, msg_start, len(result))
Acc. (Correct/Total): 49.01% Prec: 0.6784 F1: 0.6241
Precision, Recall and F1-Score...
              precision    recall  f1-score   support

         教育学     0.8761    0.8216    0.8480       241
          法学     0.7650    0.7991    0.7817       224
      中国语言文学     0.7030    0.7676    0.7339       185
         政治学     0.7607    0.5460    0.6357       163
         社会学     0.8702    0.7261    0.7917       157
         心理学     0.7246    0.4065    0.5208       123
       应用经济学     0.8182    0.4615    0.5902       117
         历史学     0.9767    0.3853    0.5526       109
     环境科学与工程     0.8866    0.7963    0.8390       108
          哲学     0.6757    0.5155    0.5848        97
      外国语言文学     0.8571    0.4235    0.5669        85
         生物学     0.8438    0.6835    0.7552        79
      交通运输工程     0.8902    0.9359    0.9125        78
        临床医学     0.9143    0.4211    0.5766        76
    计算机科学与技术     0.7143    0.6338    0.6716        71
        土木工程     0.8841    0.9242    0.9037        66
   航空宇航科学与技术     0.9123    0.8525    0.8814        61
         民族学     0.6500    0.4727    0.5474        55
   公共卫生与预防医学     0.6222    0.5490    0.5833        51
         美术学     0.8936    0.8400    0.8660        50
         艺术学     0.8529    0.6744    0.7532        43
         地理学     1.0000    0.3095    0.4727        42
         体育学     0.9048    0.4750    0.6230        40
       理论经济学     0.7500    0.4737    0.5806        38
         中医学     0.9062    0.7838    0.8406        37
         物理学     0.8485    0.7778    0.8116        36
          林学     0.9333    0.4242    0.5833        33
          数学     0.8462    0.3438    0.4889        32
     电子科学与技术     0.6250    0.3226    0.4255        31
        基础医学     0.6154    0.2759    0.3810        29
        工商管理     0.8000    0.1481    0.2500        27
       新闻传播学     0.7857    0.5000    0.6111        22
         天文学     0.8261    0.8636    0.8444        22
         地质学     0.9167    0.5238    0.6667        21
         畜牧学     0.8000    0.7619    0.7805        21
   军事思想及军事历史     0.9375    0.7500    0.8333        20
     管理科学与工程     0.5333    0.4444    0.4848        18
     测绘科学与技术     0.8750    0.4118    0.5600        17
        水利工程     1.0000    0.2500    0.4000        16
        大气科学     0.7778    0.4375    0.5600        16
     兵器科学与技术     0.8462    0.7333    0.7857        15
       地球物理学     1.0000    0.0714    0.1333        14
        电气工程     0.7500    0.2308    0.3529        13
         作物学     1.0000    0.3846    0.5556        13
     控制科学与工程     0.0000    0.0000    0.0000        13
     信息与通信工程     0.7500    0.4615    0.5714        13
        公共管理     0.0000    0.0000    0.0000        13
         建筑学     0.0000    0.0000    0.0000        13
     化学工程与技术     1.0000    0.5833    0.7368        12
          力学     1.0000    0.1818    0.3077        11
        海洋科学     1.0000    0.1818    0.3077        11
     轻工技术与工程     1.0000    0.1818    0.3077        11
        农业工程     1.0000    0.1000    0.1818        10
         园艺学     0.9091    1.0000    0.9524        10
       中西医结合     1.0000    0.7000    0.8235        10
        机械工程     0.6667    0.2222    0.3333         9
       科学技术史     0.0000    0.0000    0.0000         8
     船舶与海洋工程     0.8000    0.5000    0.6154         8
   图书情报与档案管理     0.7500    0.3750    0.5000         8
        植物保护     1.0000    0.6250    0.7692         8
     材料科学与工程     1.0000    0.1250    0.2222         8
         统计学     0.7143    0.6250    0.6667         8
          化学     1.0000    0.7500    0.8571         8
     食品科学与工程     1.0000    0.1250    0.2222         8
          水产     1.0000    0.2857    0.4444         7
          药学     1.0000    0.2857    0.4444         7
     农业资源与环境     0.0000    0.0000    0.0000         7
         世界史     1.0000    0.1429    0.2500         7
        系统科学     0.0000    0.0000    0.0000         7
      农林经济管理     0.0000    0.0000    0.0000         5
       军队指挥学     1.0000    0.2000    0.3333         5
        矿业工程     0.0000    0.0000    0.0000         5
     纺织科学与工程     0.6667    0.8000    0.7273         5
  动力工程及工程热物理     0.0000    0.0000    0.0000         4
        林业工程     0.0000    0.0000    0.0000         4
     仪器科学与技术     0.0000    0.0000    0.0000         3
         战略学     0.0000    0.0000    0.0000         3
   地质资源与地质工程     0.0000    0.0000    0.0000         3
        旅游管理     0.0000    0.0000    0.0000         3
 图书馆、情报与档案管理     0.0000    0.0000    0.0000         2
        冶金工程     0.0000    0.0000    0.0000         2
      核科学与技术     0.0000    0.0000    0.0000         2

   micro avg     0.8099    0.5910    0.6834      3093
   macro avg     0.6784    0.3998    0.4695      3093
weighted avg     0.7977    0.5910    0.6555      3093
 samples avg     0.6784    0.6002    0.6241      3093

