/root/miniconda3/envs/lyq/lib/python3.8/site-packages/scipy/__init__.py:146: UserWarning: A NumPy version >=1.16.5 and <1.23.0 is required for this version of SciPy (detected version 1.23.5
  warnings.warn(f"A NumPy version >={np_minversion} and <{np_maxversion}"
  0%|          | 0/82 [00:00<?, ?it/s]100%|██████████| 82/82 [00:00<00:00, 994025.80it/s]
model:  ernie-rcnn
pretrained:  ernie1
task:  MLC
dataset:  book_multilabels_task
seq_length:  256
hidden_dropout_prob:  0.1
attention_probs_dropout_prob:  0.1
epochs_num:  20
batch_size:  32
learning_rate:  2.6e-05
report_steps:  100
kg_name:  CnDbpedia
no_kg:  False
no_vm:  False
Vocabulary Size:  17964
[BertClassifier] use visible_matrix: True
Some weights of ErnieRCNNForMultiLabelSequenceClassification were not initialized from the model checkpoint at ./models/ernie1 and are newly initialized: ['lstm.weight_ih_l1', 'classifier.bias', 'lstm.bias_hh_l0_reverse', 'lstm.bias_hh_l1', 'lstm.weight_hh_l0_reverse', 'lstm.weight_ih_l0_reverse', 'lstm.bias_ih_l0', 'lstm.bias_ih_l1', 'lstm.bias_ih_l1_reverse', 'classifier.weight', 'lstm.weight_hh_l0', 'lstm.bias_hh_l0', 'lstm.bias_hh_l1_reverse', 'lstm.weight_hh_l1_reverse', 'lstm.weight_hh_l1', 'lstm.bias_ih_l0_reverse', 'output_layer_1.weight', 'output_layer_1.bias', 'lstm.weight_ih_l1_reverse', 'lstm.weight_ih_l0']
You should probably TRAIN this model on a down-stream task to be able to use it for predictions and inference.
1 GPUs are available. Let's use them.
device:  cuda
[KnowledgeGraph] Loading spo from /Lyq/experiment/K-BERT-HUGGINGFACE/brain/kgs/CnDbpedia.spo
Start training.
Loading sentences from ./datasets/book_multilabels_task/train.tsv
There are 9097 sentence in total. We use 1 processes to inject knowledge into sentences.
Progress of process 0: 0/9097
Loading sentences from ./datasets/book_multilabels_task/dev.tsv
There are 2084 sentence in total. We use 1 processes to inject knowledge into sentences.
Progress of process 0: 0/2084
Loading sentences from ./datasets/book_multilabels_task/test.tsv
There are 2067 sentence in total. We use 1 processes to inject knowledge into sentences.
Progress of process 0: 0/2067
Epoch id: 1, Training steps: 100, Avg loss: 0.213, Time: 0:00:53
Epoch id: 1, Training steps: 200, Avg loss: 0.084, Time: 0:01:42
Start evaluation on dev dataset.
/root/miniconda3/envs/lyq/lib/python3.8/site-packages/sklearn/metrics/_classification.py:1469: UndefinedMetricWarning: Precision is ill-defined and being set to 0.0 in samples with no predicted labels. Use `zero_division` parameter to control this behavior.
  _warn_prf(average, modifier, msg_start, len(result))
Acc. (Correct/Total):  0.00%% Prec: 0.0000 F1: 0.0000
Epoch id: 2, Training steps: 100, Avg loss: 0.141, Time: 0:03:36
Epoch id: 2, Training steps: 200, Avg loss: 0.065, Time: 0:04:28
Start evaluation on dev dataset.
/root/miniconda3/envs/lyq/lib/python3.8/site-packages/sklearn/metrics/_classification.py:1469: UndefinedMetricWarning: Precision is ill-defined and being set to 0.0 in samples with no predicted labels. Use `zero_division` parameter to control this behavior.
  _warn_prf(average, modifier, msg_start, len(result))
Acc. (Correct/Total):  3.36%% Prec: 0.0648 F1: 0.0541
Start evaluation on test dataset.
/root/miniconda3/envs/lyq/lib/python3.8/site-packages/sklearn/metrics/_classification.py:1469: UndefinedMetricWarning: Precision is ill-defined and being set to 0.0 in samples with no predicted labels. Use `zero_division` parameter to control this behavior.
  _warn_prf(average, modifier, msg_start, len(result))
Acc. (Correct/Total):  4.02%% Prec: 0.0714 F1: 0.0609
Epoch id: 3, Training steps: 100, Avg loss: 0.100, Time: 0:06:35
Epoch id: 3, Training steps: 200, Avg loss: 0.045, Time: 0:07:26
Start evaluation on dev dataset.
/root/miniconda3/envs/lyq/lib/python3.8/site-packages/sklearn/metrics/_classification.py:1469: UndefinedMetricWarning: Precision is ill-defined and being set to 0.0 in samples with no predicted labels. Use `zero_division` parameter to control this behavior.
  _warn_prf(average, modifier, msg_start, len(result))
Acc. (Correct/Total): 15.21%% Prec: 0.2687 F1: 0.2302
Start evaluation on test dataset.
/root/miniconda3/envs/lyq/lib/python3.8/site-packages/sklearn/metrics/_classification.py:1469: UndefinedMetricWarning: Precision is ill-defined and being set to 0.0 in samples with no predicted labels. Use `zero_division` parameter to control this behavior.
  _warn_prf(average, modifier, msg_start, len(result))
Acc. (Correct/Total): 17.90%% Prec: 0.3014 F1: 0.2608
Epoch id: 4, Training steps: 100, Avg loss: 0.073, Time: 0:09:33
Epoch id: 4, Training steps: 200, Avg loss: 0.035, Time: 0:10:24
Start evaluation on dev dataset.
/root/miniconda3/envs/lyq/lib/python3.8/site-packages/sklearn/metrics/_classification.py:1469: UndefinedMetricWarning: Precision is ill-defined and being set to 0.0 in samples with no predicted labels. Use `zero_division` parameter to control this behavior.
  _warn_prf(average, modifier, msg_start, len(result))
Acc. (Correct/Total): 23.03%% Prec: 0.3697 F1: 0.3243
Start evaluation on test dataset.
/root/miniconda3/envs/lyq/lib/python3.8/site-packages/sklearn/metrics/_classification.py:1469: UndefinedMetricWarning: Precision is ill-defined and being set to 0.0 in samples with no predicted labels. Use `zero_division` parameter to control this behavior.
  _warn_prf(average, modifier, msg_start, len(result))
Acc. (Correct/Total): 28.88%% Prec: 0.4257 F1: 0.3808
Epoch id: 5, Training steps: 100, Avg loss: 0.058, Time: 0:12:20
Epoch id: 5, Training steps: 200, Avg loss: 0.029, Time: 0:13:08
Start evaluation on dev dataset.
/root/miniconda3/envs/lyq/lib/python3.8/site-packages/sklearn/metrics/_classification.py:1469: UndefinedMetricWarning: Precision is ill-defined and being set to 0.0 in samples with no predicted labels. Use `zero_division` parameter to control this behavior.
  _warn_prf(average, modifier, msg_start, len(result))
Acc. (Correct/Total): 30.61%% Prec: 0.4635 F1: 0.4147
Start evaluation on test dataset.
/root/miniconda3/envs/lyq/lib/python3.8/site-packages/sklearn/metrics/_classification.py:1469: UndefinedMetricWarning: Precision is ill-defined and being set to 0.0 in samples with no predicted labels. Use `zero_division` parameter to control this behavior.
  _warn_prf(average, modifier, msg_start, len(result))
Acc. (Correct/Total): 35.03%% Prec: 0.5073 F1: 0.4594
Epoch id: 6, Training steps: 100, Avg loss: 0.048, Time: 0:15:26
Epoch id: 6, Training steps: 200, Avg loss: 0.023, Time: 0:16:12
Start evaluation on dev dataset.
/root/miniconda3/envs/lyq/lib/python3.8/site-packages/sklearn/metrics/_classification.py:1469: UndefinedMetricWarning: Precision is ill-defined and being set to 0.0 in samples with no predicted labels. Use `zero_division` parameter to control this behavior.
  _warn_prf(average, modifier, msg_start, len(result))
Acc. (Correct/Total): 31.62%% Prec: 0.4978 F1: 0.4404
Start evaluation on test dataset.
/root/miniconda3/envs/lyq/lib/python3.8/site-packages/sklearn/metrics/_classification.py:1469: UndefinedMetricWarning: Precision is ill-defined and being set to 0.0 in samples with no predicted labels. Use `zero_division` parameter to control this behavior.
  _warn_prf(average, modifier, msg_start, len(result))
Acc. (Correct/Total): 38.22%% Prec: 0.5513 F1: 0.4982
Epoch id: 7, Training steps: 100, Avg loss: 0.040, Time: 0:18:20
Epoch id: 7, Training steps: 200, Avg loss: 0.020, Time: 0:19:13
Start evaluation on dev dataset.
/root/miniconda3/envs/lyq/lib/python3.8/site-packages/sklearn/metrics/_classification.py:1469: UndefinedMetricWarning: Precision is ill-defined and being set to 0.0 in samples with no predicted labels. Use `zero_division` parameter to control this behavior.
  _warn_prf(average, modifier, msg_start, len(result))
Acc. (Correct/Total): 34.45%% Prec: 0.5398 F1: 0.4802
Start evaluation on test dataset.
/root/miniconda3/envs/lyq/lib/python3.8/site-packages/sklearn/metrics/_classification.py:1469: UndefinedMetricWarning: Precision is ill-defined and being set to 0.0 in samples with no predicted labels. Use `zero_division` parameter to control this behavior.
  _warn_prf(average, modifier, msg_start, len(result))
Acc. (Correct/Total): 41.85%% Prec: 0.5941 F1: 0.5393
Epoch id: 8, Training steps: 100, Avg loss: 0.034, Time: 0:21:12
Epoch id: 8, Training steps: 200, Avg loss: 0.016, Time: 0:21:57
Start evaluation on dev dataset.
/root/miniconda3/envs/lyq/lib/python3.8/site-packages/sklearn/metrics/_classification.py:1469: UndefinedMetricWarning: Precision is ill-defined and being set to 0.0 in samples with no predicted labels. Use `zero_division` parameter to control this behavior.
  _warn_prf(average, modifier, msg_start, len(result))
Acc. (Correct/Total): 38.44%% Prec: 0.5710 F1: 0.5158
Start evaluation on test dataset.
/root/miniconda3/envs/lyq/lib/python3.8/site-packages/sklearn/metrics/_classification.py:1469: UndefinedMetricWarning: Precision is ill-defined and being set to 0.0 in samples with no predicted labels. Use `zero_division` parameter to control this behavior.
  _warn_prf(average, modifier, msg_start, len(result))
Acc. (Correct/Total): 44.61%% Prec: 0.6357 F1: 0.5778
Epoch id: 9, Training steps: 100, Avg loss: 0.027, Time: 0:24:16
Epoch id: 9, Training steps: 200, Avg loss: 0.014, Time: 0:25:07
Start evaluation on dev dataset.
/root/miniconda3/envs/lyq/lib/python3.8/site-packages/sklearn/metrics/_classification.py:1469: UndefinedMetricWarning: Precision is ill-defined and being set to 0.0 in samples with no predicted labels. Use `zero_division` parameter to control this behavior.
  _warn_prf(average, modifier, msg_start, len(result))
Acc. (Correct/Total): 40.12%% Prec: 0.5956 F1: 0.5393
Start evaluation on test dataset.
/root/miniconda3/envs/lyq/lib/python3.8/site-packages/sklearn/metrics/_classification.py:1469: UndefinedMetricWarning: Precision is ill-defined and being set to 0.0 in samples with no predicted labels. Use `zero_division` parameter to control this behavior.
  _warn_prf(average, modifier, msg_start, len(result))
Acc. (Correct/Total): 46.88%% Prec: 0.6697 F1: 0.6096
Epoch id: 10, Training steps: 100, Avg loss: 0.023, Time: 0:27:14
Epoch id: 10, Training steps: 200, Avg loss: 0.012, Time: 0:28:02
Start evaluation on dev dataset.
/root/miniconda3/envs/lyq/lib/python3.8/site-packages/sklearn/metrics/_classification.py:1469: UndefinedMetricWarning: Precision is ill-defined and being set to 0.0 in samples with no predicted labels. Use `zero_division` parameter to control this behavior.
  _warn_prf(average, modifier, msg_start, len(result))
Acc. (Correct/Total): 42.75%% Prec: 0.6368 F1: 0.5790
Start evaluation on test dataset.
/root/miniconda3/envs/lyq/lib/python3.8/site-packages/sklearn/metrics/_classification.py:1469: UndefinedMetricWarning: Precision is ill-defined and being set to 0.0 in samples with no predicted labels. Use `zero_division` parameter to control this behavior.
  _warn_prf(average, modifier, msg_start, len(result))
Acc. (Correct/Total): 51.38%% Prec: 0.6940 F1: 0.6423
Epoch id: 11, Training steps: 100, Avg loss: 0.019, Time: 0:30:03
Epoch id: 11, Training steps: 200, Avg loss: 0.010, Time: 0:30:54
Start evaluation on dev dataset.
/root/miniconda3/envs/lyq/lib/python3.8/site-packages/sklearn/metrics/_classification.py:1469: UndefinedMetricWarning: Precision is ill-defined and being set to 0.0 in samples with no predicted labels. Use `zero_division` parameter to control this behavior.
  _warn_prf(average, modifier, msg_start, len(result))
Acc. (Correct/Total): 44.05%% Prec: 0.6336 F1: 0.5783
Start evaluation on test dataset.
/root/miniconda3/envs/lyq/lib/python3.8/site-packages/sklearn/metrics/_classification.py:1469: UndefinedMetricWarning: Precision is ill-defined and being set to 0.0 in samples with no predicted labels. Use `zero_division` parameter to control this behavior.
  _warn_prf(average, modifier, msg_start, len(result))
Acc. (Correct/Total): 49.64%% Prec: 0.6910 F1: 0.6350
Epoch id: 12, Training steps: 100, Avg loss: 0.015, Time: 0:33:02
Epoch id: 12, Training steps: 200, Avg loss: 0.008, Time: 0:33:57
Start evaluation on dev dataset.
/root/miniconda3/envs/lyq/lib/python3.8/site-packages/sklearn/metrics/_classification.py:1469: UndefinedMetricWarning: Precision is ill-defined and being set to 0.0 in samples with no predicted labels. Use `zero_division` parameter to control this behavior.
  _warn_prf(average, modifier, msg_start, len(result))
Acc. (Correct/Total): 40.26%% Prec: 0.6110 F1: 0.5515
Epoch id: 13, Training steps: 100, Avg loss: 0.014, Time: 0:35:49
Epoch id: 13, Training steps: 200, Avg loss: 0.007, Time: 0:36:35
Start evaluation on dev dataset.
/root/miniconda3/envs/lyq/lib/python3.8/site-packages/sklearn/metrics/_classification.py:1469: UndefinedMetricWarning: Precision is ill-defined and being set to 0.0 in samples with no predicted labels. Use `zero_division` parameter to control this behavior.
  _warn_prf(average, modifier, msg_start, len(result))
Acc. (Correct/Total): 46.16%% Prec: 0.6578 F1: 0.6076
Start evaluation on test dataset.
/root/miniconda3/envs/lyq/lib/python3.8/site-packages/sklearn/metrics/_classification.py:1469: UndefinedMetricWarning: Precision is ill-defined and being set to 0.0 in samples with no predicted labels. Use `zero_division` parameter to control this behavior.
  _warn_prf(average, modifier, msg_start, len(result))
Acc. (Correct/Total): 52.78%% Prec: 0.7204 F1: 0.6701
Epoch id: 14, Training steps: 100, Avg loss: 0.013, Time: 0:38:49
Epoch id: 14, Training steps: 200, Avg loss: 0.006, Time: 0:39:40
Start evaluation on dev dataset.
/root/miniconda3/envs/lyq/lib/python3.8/site-packages/sklearn/metrics/_classification.py:1469: UndefinedMetricWarning: Precision is ill-defined and being set to 0.0 in samples with no predicted labels. Use `zero_division` parameter to control this behavior.
  _warn_prf(average, modifier, msg_start, len(result))
Acc. (Correct/Total): 45.54%% Prec: 0.6564 F1: 0.6031
Epoch id: 15, Training steps: 100, Avg loss: 0.010, Time: 0:41:24
Epoch id: 15, Training steps: 200, Avg loss: 0.005, Time: 0:42:18
Start evaluation on dev dataset.
/root/miniconda3/envs/lyq/lib/python3.8/site-packages/sklearn/metrics/_classification.py:1469: UndefinedMetricWarning: Precision is ill-defined and being set to 0.0 in samples with no predicted labels. Use `zero_division` parameter to control this behavior.
  _warn_prf(average, modifier, msg_start, len(result))
Acc. (Correct/Total): 47.26%% Prec: 0.6768 F1: 0.6263
Start evaluation on test dataset.
/root/miniconda3/envs/lyq/lib/python3.8/site-packages/sklearn/metrics/_classification.py:1469: UndefinedMetricWarning: Precision is ill-defined and being set to 0.0 in samples with no predicted labels. Use `zero_division` parameter to control this behavior.
  _warn_prf(average, modifier, msg_start, len(result))
Acc. (Correct/Total): 54.33%% Prec: 0.7214 F1: 0.6750
Epoch id: 16, Training steps: 100, Avg loss: 0.008, Time: 0:44:43
Epoch id: 16, Training steps: 200, Avg loss: 0.005, Time: 0:45:32
Start evaluation on dev dataset.
/root/miniconda3/envs/lyq/lib/python3.8/site-packages/sklearn/metrics/_classification.py:1469: UndefinedMetricWarning: Precision is ill-defined and being set to 0.0 in samples with no predicted labels. Use `zero_division` parameter to control this behavior.
  _warn_prf(average, modifier, msg_start, len(result))
Acc. (Correct/Total): 48.08%% Prec: 0.6775 F1: 0.6296
Start evaluation on test dataset.
/root/miniconda3/envs/lyq/lib/python3.8/site-packages/sklearn/metrics/_classification.py:1469: UndefinedMetricWarning: Precision is ill-defined and being set to 0.0 in samples with no predicted labels. Use `zero_division` parameter to control this behavior.
  _warn_prf(average, modifier, msg_start, len(result))
Acc. (Correct/Total): 54.52%% Prec: 0.7333 F1: 0.6866
Epoch id: 17, Training steps: 100, Avg loss: 0.007, Time: 0:47:36
Epoch id: 17, Training steps: 200, Avg loss: 0.004, Time: 0:48:28
Start evaluation on dev dataset.
/root/miniconda3/envs/lyq/lib/python3.8/site-packages/sklearn/metrics/_classification.py:1469: UndefinedMetricWarning: Precision is ill-defined and being set to 0.0 in samples with no predicted labels. Use `zero_division` parameter to control this behavior.
  _warn_prf(average, modifier, msg_start, len(result))
Acc. (Correct/Total): 46.55%% Prec: 0.6735 F1: 0.6210
Epoch id: 18, Training steps: 100, Avg loss: 0.007, Time: 0:50:21
Epoch id: 18, Training steps: 200, Avg loss: 0.003, Time: 0:51:09
Start evaluation on dev dataset.
/root/miniconda3/envs/lyq/lib/python3.8/site-packages/sklearn/metrics/_classification.py:1469: UndefinedMetricWarning: Precision is ill-defined and being set to 0.0 in samples with no predicted labels. Use `zero_division` parameter to control this behavior.
  _warn_prf(average, modifier, msg_start, len(result))
Acc. (Correct/Total): 48.32%% Prec: 0.6887 F1: 0.6457
Start evaluation on test dataset.
/root/miniconda3/envs/lyq/lib/python3.8/site-packages/sklearn/metrics/_classification.py:1469: UndefinedMetricWarning: Precision is ill-defined and being set to 0.0 in samples with no predicted labels. Use `zero_division` parameter to control this behavior.
  _warn_prf(average, modifier, msg_start, len(result))
Acc. (Correct/Total): 55.15%% Prec: 0.7413 F1: 0.7000
Epoch id: 19, Training steps: 100, Avg loss: 0.007, Time: 0:53:31
Epoch id: 19, Training steps: 200, Avg loss: 0.003, Time: 0:54:22
Start evaluation on dev dataset.
/root/miniconda3/envs/lyq/lib/python3.8/site-packages/sklearn/metrics/_classification.py:1469: UndefinedMetricWarning: Precision is ill-defined and being set to 0.0 in samples with no predicted labels. Use `zero_division` parameter to control this behavior.
  _warn_prf(average, modifier, msg_start, len(result))
Acc. (Correct/Total): 48.61%% Prec: 0.6827 F1: 0.6372
Start evaluation on test dataset.
/root/miniconda3/envs/lyq/lib/python3.8/site-packages/sklearn/metrics/_classification.py:1469: UndefinedMetricWarning: Precision is ill-defined and being set to 0.0 in samples with no predicted labels. Use `zero_division` parameter to control this behavior.
  _warn_prf(average, modifier, msg_start, len(result))
Acc. (Correct/Total): 54.48%% Prec: 0.7288 F1: 0.6845
Epoch id: 20, Training steps: 100, Avg loss: 0.005, Time: 0:56:31
Epoch id: 20, Training steps: 200, Avg loss: 0.002, Time: 0:57:23
Start evaluation on dev dataset.
/root/miniconda3/envs/lyq/lib/python3.8/site-packages/sklearn/metrics/_classification.py:1469: UndefinedMetricWarning: Precision is ill-defined and being set to 0.0 in samples with no predicted labels. Use `zero_division` parameter to control this behavior.
  _warn_prf(average, modifier, msg_start, len(result))
Acc. (Correct/Total): 49.18%% Prec: 0.6874 F1: 0.6400
Start evaluation on test dataset.
/root/miniconda3/envs/lyq/lib/python3.8/site-packages/sklearn/metrics/_classification.py:1469: UndefinedMetricWarning: Precision is ill-defined and being set to 0.0 in samples with no predicted labels. Use `zero_division` parameter to control this behavior.
  _warn_prf(average, modifier, msg_start, len(result))
Acc. (Correct/Total): 55.49%% Prec: 0.7374 F1: 0.6897
Final evaluation on the test dataset.
The number of evaluation instances:  2067
/root/miniconda3/envs/lyq/lib/python3.8/site-packages/sklearn/metrics/_classification.py:1469: UndefinedMetricWarning: Precision is ill-defined and being set to 0.0 in samples with no predicted labels. Use `zero_division` parameter to control this behavior.
  _warn_prf(average, modifier, msg_start, len(result))
/root/miniconda3/envs/lyq/lib/python3.8/site-packages/sklearn/metrics/_classification.py:1469: UndefinedMetricWarning: Precision and F-score are ill-defined and being set to 0.0 in labels with no predicted samples. Use `zero_division` parameter to control this behavior.
  _warn_prf(average, modifier, msg_start, len(result))
/root/miniconda3/envs/lyq/lib/python3.8/site-packages/sklearn/metrics/_classification.py:1469: UndefinedMetricWarning: Precision and F-score are ill-defined and being set to 0.0 in samples with no predicted labels. Use `zero_division` parameter to control this behavior.
  _warn_prf(average, modifier, msg_start, len(result))
Acc. (Correct/Total): 55.49% Prec: 0.7374 F1: 0.6897
Precision, Recall and F1-Score...
              precision    recall  f1-score   support

         教育学     0.8745    0.8382    0.8559       241
          法学     0.8600    0.7679    0.8113       224
      中国语言文学     0.7347    0.7784    0.7559       185
         政治学     0.7541    0.5644    0.6456       163
         社会学     0.8540    0.7452    0.7959       157
         心理学     0.8529    0.4715    0.6073       123
       应用经济学     0.7011    0.5214    0.5980       117
         历史学     0.9206    0.5321    0.6744       109
     环境科学与工程     0.8989    0.7407    0.8122       108
          哲学     0.7500    0.5567    0.6391        97
      外国语言文学     0.8167    0.5765    0.6759        85
         生物学     0.8194    0.7468    0.7815        79
      交通运输工程     0.9333    0.8974    0.9150        78
        临床医学     0.8431    0.5658    0.6772        76
    计算机科学与技术     0.6711    0.7183    0.6939        71
        土木工程     0.9394    0.9394    0.9394        66
   航空宇航科学与技术     0.9643    0.8852    0.9231        61
         民族学     0.6316    0.4364    0.5161        55
   公共卫生与预防医学     0.6571    0.4510    0.5349        51
         美术学     0.8393    0.9400    0.8868        50
         艺术学     0.8750    0.8140    0.8434        43
         地理学     0.9565    0.5238    0.6769        42
         体育学     1.0000    0.5750    0.7302        40
       理论经济学     0.7667    0.6053    0.6765        38
         中医学     0.8824    0.8108    0.8451        37
         物理学     0.7949    0.8611    0.8267        36
          林学     0.7895    0.4545    0.5769        33
          数学     0.6667    0.3750    0.4800        32
     电子科学与技术     0.7692    0.3226    0.4545        31
        基础医学     0.6071    0.5862    0.5965        29
        工商管理     0.9000    0.3333    0.4865        27
       新闻传播学     0.8889    0.7273    0.8000        22
         天文学     0.7826    0.8182    0.8000        22
         地质学     0.8667    0.6190    0.7222        21
         畜牧学     0.7391    0.8095    0.7727        21
   军事思想及军事历史     0.8125    0.6500    0.7222        20
     管理科学与工程     0.5833    0.7778    0.6667        18
     测绘科学与技术     0.7143    0.5882    0.6452        17
        水利工程     0.7500    0.3750    0.5000        16
        大气科学     0.7692    0.6250    0.6897        16
     兵器科学与技术     0.6842    0.8667    0.7647        15
       地球物理学     0.6667    0.1429    0.2353        14
        电气工程     1.0000    0.4615    0.6316        13
         作物学     0.7778    0.5385    0.6364        13
     控制科学与工程     0.2222    0.1538    0.1818        13
     信息与通信工程     0.7143    0.7692    0.7407        13
        公共管理     0.0000    0.0000    0.0000        13
         建筑学     0.6667    0.1538    0.2500        13
     化学工程与技术     0.8571    0.5000    0.6316        12
          力学     0.6250    0.4545    0.5263        11
        海洋科学     0.9091    0.9091    0.9091        11
     轻工技术与工程     0.6667    0.5455    0.6000        11
        农业工程     0.6667    0.2000    0.3077        10
         园艺学     0.7778    0.7000    0.7368        10
       中西医结合     1.0000    0.5000    0.6667        10
        机械工程     1.0000    0.4444    0.6154         9
       科学技术史     1.0000    0.5000    0.6667         8
     船舶与海洋工程     0.8571    0.7500    0.8000         8
   图书情报与档案管理     0.6667    0.5000    0.5714         8
        植物保护     0.6364    0.8750    0.7368         8
     材料科学与工程     1.0000    0.6250    0.7692         8
         统计学     0.5000    0.7500    0.6000         8
          化学     0.8571    0.7500    0.8000         8
     食品科学与工程     0.7143    0.6250    0.6667         8
          水产     1.0000    0.7143    0.8333         7
          药学     1.0000    0.7143    0.8333         7
     农业资源与环境     1.0000    0.4286    0.6000         7
         世界史     0.6667    0.2857    0.4000         7
        系统科学     0.8000    0.5714    0.6667         7
      农林经济管理     0.8000    0.8000    0.8000         5
       军队指挥学     1.0000    0.4000    0.5714         5
        矿业工程     0.6000    0.6000    0.6000         5
     纺织科学与工程     0.7143    1.0000    0.8333         5
  动力工程及工程热物理     0.0000    0.0000    0.0000         4
        林业工程     0.3333    0.2500    0.2857         4
     仪器科学与技术     0.0000    0.0000    0.0000         3
         战略学     1.0000    0.3333    0.5000         3
   地质资源与地质工程     1.0000    0.3333    0.5000         3
        旅游管理     0.0000    0.0000    0.0000         3
 图书馆、情报与档案管理     0.0000    0.0000    0.0000         2
        冶金工程     0.0000    0.0000    0.0000         2
      核科学与技术     0.0000    0.0000    0.0000         2

   micro avg     0.8088    0.6563    0.7246      3093
   macro avg     0.7270    0.5496    0.6063      3093
weighted avg     0.8062    0.6563    0.7125      3093
 samples avg     0.7374    0.6704    0.6897      3093

