/root/miniconda3/envs/lyq/lib/python3.8/site-packages/scipy/__init__.py:146: UserWarning: A NumPy version >=1.16.5 and <1.23.0 is required for this version of SciPy (detected version 1.23.5
  warnings.warn(f"A NumPy version >={np_minversion} and <{np_maxversion}"
  0%|          | 0/82 [00:00<?, ?it/s]100%|██████████| 82/82 [00:00<00:00, 409443.96it/s]
model:  ernie-rcnn
pretrained:  ernie1
task:  MLC
dataset:  book_multilabels_task
seq_length:  256
hidden_dropout_prob:  0.1
attention_probs_dropout_prob:  0.1
epochs_num:  20
batch_size:  32
learning_rate:  2.2e-05
report_steps:  100
kg_name:  CnDbpedia
no_kg:  False
no_vm:  False
Vocabulary Size:  17964
[BertClassifier] use visible_matrix: True
Some weights of ErnieRCNNForMultiLabelSequenceClassification were not initialized from the model checkpoint at ./models/ernie1 and are newly initialized: ['lstm.weight_hh_l0_reverse', 'lstm.bias_hh_l0_reverse', 'lstm.weight_hh_l1_reverse', 'output_layer_1.bias', 'lstm.bias_hh_l1_reverse', 'classifier.bias', 'classifier.weight', 'lstm.weight_hh_l1', 'lstm.weight_ih_l0', 'lstm.weight_ih_l0_reverse', 'output_layer_1.weight', 'lstm.weight_ih_l1_reverse', 'lstm.weight_ih_l1', 'lstm.weight_hh_l0', 'lstm.bias_ih_l1', 'lstm.bias_ih_l1_reverse', 'lstm.bias_hh_l0', 'lstm.bias_hh_l1', 'lstm.bias_ih_l0_reverse', 'lstm.bias_ih_l0']
You should probably TRAIN this model on a down-stream task to be able to use it for predictions and inference.
1 GPUs are available. Let's use them.
device:  cuda
[KnowledgeGraph] Loading spo from /Lyq/experiment/K-BERT-HUGGINGFACE/brain/kgs/CnDbpedia.spo
Start training.
Loading sentences from ./datasets/book_multilabels_task/train.tsv
There are 9097 sentence in total. We use 1 processes to inject knowledge into sentences.
Progress of process 0: 0/9097
Loading sentences from ./datasets/book_multilabels_task/dev.tsv
There are 2084 sentence in total. We use 1 processes to inject knowledge into sentences.
Progress of process 0: 0/2084
Loading sentences from ./datasets/book_multilabels_task/test.tsv
There are 2067 sentence in total. We use 1 processes to inject knowledge into sentences.
Progress of process 0: 0/2067
Epoch id: 1, Training steps: 100, Avg loss: 0.233, Time: 0:00:55
Epoch id: 1, Training steps: 200, Avg loss: 0.087, Time: 0:01:49
Start evaluation on dev dataset.
/root/miniconda3/envs/lyq/lib/python3.8/site-packages/sklearn/metrics/_classification.py:1469: UndefinedMetricWarning: Precision is ill-defined and being set to 0.0 in samples with no predicted labels. Use `zero_division` parameter to control this behavior.
  _warn_prf(average, modifier, msg_start, len(result))
Acc. (Correct/Total):  0.00%% Prec: 0.0000 F1: 0.0000
Epoch id: 2, Training steps: 100, Avg loss: 0.147, Time: 0:03:50
Epoch id: 2, Training steps: 200, Avg loss: 0.071, Time: 0:04:45
Start evaluation on dev dataset.
/root/miniconda3/envs/lyq/lib/python3.8/site-packages/sklearn/metrics/_classification.py:1469: UndefinedMetricWarning: Precision is ill-defined and being set to 0.0 in samples with no predicted labels. Use `zero_division` parameter to control this behavior.
  _warn_prf(average, modifier, msg_start, len(result))
Acc. (Correct/Total):  0.10%% Prec: 0.0084 F1: 0.0060
Start evaluation on test dataset.
/root/miniconda3/envs/lyq/lib/python3.8/site-packages/sklearn/metrics/_classification.py:1469: UndefinedMetricWarning: Precision is ill-defined and being set to 0.0 in samples with no predicted labels. Use `zero_division` parameter to control this behavior.
  _warn_prf(average, modifier, msg_start, len(result))
Acc. (Correct/Total):  0.15%% Prec: 0.0053 F1: 0.0040
Epoch id: 3, Training steps: 100, Avg loss: 0.113, Time: 0:06:56
Epoch id: 3, Training steps: 200, Avg loss: 0.052, Time: 0:07:53
Start evaluation on dev dataset.
/root/miniconda3/envs/lyq/lib/python3.8/site-packages/sklearn/metrics/_classification.py:1469: UndefinedMetricWarning: Precision is ill-defined and being set to 0.0 in samples with no predicted labels. Use `zero_division` parameter to control this behavior.
  _warn_prf(average, modifier, msg_start, len(result))
Acc. (Correct/Total):  9.84%% Prec: 0.1610 F1: 0.1397
Start evaluation on test dataset.
/root/miniconda3/envs/lyq/lib/python3.8/site-packages/sklearn/metrics/_classification.py:1469: UndefinedMetricWarning: Precision is ill-defined and being set to 0.0 in samples with no predicted labels. Use `zero_division` parameter to control this behavior.
  _warn_prf(average, modifier, msg_start, len(result))
Acc. (Correct/Total):  9.68%% Prec: 0.2046 F1: 0.1683
Epoch id: 4, Training steps: 100, Avg loss: 0.084, Time: 0:10:05
Epoch id: 4, Training steps: 200, Avg loss: 0.040, Time: 0:10:55
Start evaluation on dev dataset.
/root/miniconda3/envs/lyq/lib/python3.8/site-packages/sklearn/metrics/_classification.py:1469: UndefinedMetricWarning: Precision is ill-defined and being set to 0.0 in samples with no predicted labels. Use `zero_division` parameter to control this behavior.
  _warn_prf(average, modifier, msg_start, len(result))
Acc. (Correct/Total): 18.62%% Prec: 0.2968 F1: 0.2598
Start evaluation on test dataset.
/root/miniconda3/envs/lyq/lib/python3.8/site-packages/sklearn/metrics/_classification.py:1469: UndefinedMetricWarning: Precision is ill-defined and being set to 0.0 in samples with no predicted labels. Use `zero_division` parameter to control this behavior.
  _warn_prf(average, modifier, msg_start, len(result))
Acc. (Correct/Total): 22.79%% Prec: 0.3454 F1: 0.3075
Epoch id: 5, Training steps: 100, Avg loss: 0.066, Time: 0:13:15
Epoch id: 5, Training steps: 200, Avg loss: 0.033, Time: 0:14:11
Start evaluation on dev dataset.
/root/miniconda3/envs/lyq/lib/python3.8/site-packages/sklearn/metrics/_classification.py:1469: UndefinedMetricWarning: Precision is ill-defined and being set to 0.0 in samples with no predicted labels. Use `zero_division` parameter to control this behavior.
  _warn_prf(average, modifier, msg_start, len(result))
Acc. (Correct/Total): 28.84%% Prec: 0.4369 F1: 0.3918
Start evaluation on test dataset.
/root/miniconda3/envs/lyq/lib/python3.8/site-packages/sklearn/metrics/_classification.py:1469: UndefinedMetricWarning: Precision is ill-defined and being set to 0.0 in samples with no predicted labels. Use `zero_division` parameter to control this behavior.
  _warn_prf(average, modifier, msg_start, len(result))
Acc. (Correct/Total): 32.56%% Prec: 0.4719 F1: 0.4275
Epoch id: 6, Training steps: 100, Avg loss: 0.056, Time: 0:16:26
Epoch id: 6, Training steps: 200, Avg loss: 0.027, Time: 0:17:29
Start evaluation on dev dataset.
/root/miniconda3/envs/lyq/lib/python3.8/site-packages/sklearn/metrics/_classification.py:1469: UndefinedMetricWarning: Precision is ill-defined and being set to 0.0 in samples with no predicted labels. Use `zero_division` parameter to control this behavior.
  _warn_prf(average, modifier, msg_start, len(result))
Acc. (Correct/Total): 29.51%% Prec: 0.4657 F1: 0.4112
Start evaluation on test dataset.
/root/miniconda3/envs/lyq/lib/python3.8/site-packages/sklearn/metrics/_classification.py:1469: UndefinedMetricWarning: Precision is ill-defined and being set to 0.0 in samples with no predicted labels. Use `zero_division` parameter to control this behavior.
  _warn_prf(average, modifier, msg_start, len(result))
Acc. (Correct/Total): 35.95%% Prec: 0.5194 F1: 0.4686
Epoch id: 7, Training steps: 100, Avg loss: 0.047, Time: 0:19:52
Epoch id: 7, Training steps: 200, Avg loss: 0.023, Time: 0:20:44
Start evaluation on dev dataset.
/root/miniconda3/envs/lyq/lib/python3.8/site-packages/sklearn/metrics/_classification.py:1469: UndefinedMetricWarning: Precision is ill-defined and being set to 0.0 in samples with no predicted labels. Use `zero_division` parameter to control this behavior.
  _warn_prf(average, modifier, msg_start, len(result))
Acc. (Correct/Total): 32.01%% Prec: 0.5091 F1: 0.4495
Start evaluation on test dataset.
/root/miniconda3/envs/lyq/lib/python3.8/site-packages/sklearn/metrics/_classification.py:1469: UndefinedMetricWarning: Precision is ill-defined and being set to 0.0 in samples with no predicted labels. Use `zero_division` parameter to control this behavior.
  _warn_prf(average, modifier, msg_start, len(result))
Acc. (Correct/Total): 38.07%% Prec: 0.5522 F1: 0.4988
Epoch id: 8, Training steps: 100, Avg loss: 0.040, Time: 0:22:59
Epoch id: 8, Training steps: 200, Avg loss: 0.020, Time: 0:23:51
Start evaluation on dev dataset.
/root/miniconda3/envs/lyq/lib/python3.8/site-packages/sklearn/metrics/_classification.py:1469: UndefinedMetricWarning: Precision is ill-defined and being set to 0.0 in samples with no predicted labels. Use `zero_division` parameter to control this behavior.
  _warn_prf(average, modifier, msg_start, len(result))
Acc. (Correct/Total): 36.61%% Prec: 0.5413 F1: 0.4874
Start evaluation on test dataset.
/root/miniconda3/envs/lyq/lib/python3.8/site-packages/sklearn/metrics/_classification.py:1469: UndefinedMetricWarning: Precision is ill-defined and being set to 0.0 in samples with no predicted labels. Use `zero_division` parameter to control this behavior.
  _warn_prf(average, modifier, msg_start, len(result))
Acc. (Correct/Total): 41.56%% Prec: 0.5852 F1: 0.5324
Epoch id: 9, Training steps: 100, Avg loss: 0.034, Time: 0:26:03
Epoch id: 9, Training steps: 200, Avg loss: 0.017, Time: 0:27:00
Start evaluation on dev dataset.
/root/miniconda3/envs/lyq/lib/python3.8/site-packages/sklearn/metrics/_classification.py:1469: UndefinedMetricWarning: Precision is ill-defined and being set to 0.0 in samples with no predicted labels. Use `zero_division` parameter to control this behavior.
  _warn_prf(average, modifier, msg_start, len(result))
Acc. (Correct/Total): 41.99%% Prec: 0.6080 F1: 0.5528
Start evaluation on test dataset.
/root/miniconda3/envs/lyq/lib/python3.8/site-packages/sklearn/metrics/_classification.py:1469: UndefinedMetricWarning: Precision is ill-defined and being set to 0.0 in samples with no predicted labels. Use `zero_division` parameter to control this behavior.
  _warn_prf(average, modifier, msg_start, len(result))
Acc. (Correct/Total): 46.69%% Prec: 0.6541 F1: 0.5975
Epoch id: 10, Training steps: 100, Avg loss: 0.028, Time: 0:29:21
Epoch id: 10, Training steps: 200, Avg loss: 0.014, Time: 0:30:11
Start evaluation on dev dataset.
/root/miniconda3/envs/lyq/lib/python3.8/site-packages/sklearn/metrics/_classification.py:1469: UndefinedMetricWarning: Precision is ill-defined and being set to 0.0 in samples with no predicted labels. Use `zero_division` parameter to control this behavior.
  _warn_prf(average, modifier, msg_start, len(result))
Acc. (Correct/Total): 41.99%% Prec: 0.6192 F1: 0.5616
Epoch id: 11, Training steps: 100, Avg loss: 0.024, Time: 0:32:06
Epoch id: 11, Training steps: 200, Avg loss: 0.012, Time: 0:33:02
Start evaluation on dev dataset.
/root/miniconda3/envs/lyq/lib/python3.8/site-packages/sklearn/metrics/_classification.py:1469: UndefinedMetricWarning: Precision is ill-defined and being set to 0.0 in samples with no predicted labels. Use `zero_division` parameter to control this behavior.
  _warn_prf(average, modifier, msg_start, len(result))
Acc. (Correct/Total): 42.37%% Prec: 0.6236 F1: 0.5645
Start evaluation on test dataset.
/root/miniconda3/envs/lyq/lib/python3.8/site-packages/sklearn/metrics/_classification.py:1469: UndefinedMetricWarning: Precision is ill-defined and being set to 0.0 in samples with no predicted labels. Use `zero_division` parameter to control this behavior.
  _warn_prf(average, modifier, msg_start, len(result))
Acc. (Correct/Total): 49.01%% Prec: 0.6742 F1: 0.6188
Epoch id: 12, Training steps: 100, Avg loss: 0.020, Time: 0:35:21
Epoch id: 12, Training steps: 200, Avg loss: 0.010, Time: 0:36:14
Start evaluation on dev dataset.
/root/miniconda3/envs/lyq/lib/python3.8/site-packages/sklearn/metrics/_classification.py:1469: UndefinedMetricWarning: Precision is ill-defined and being set to 0.0 in samples with no predicted labels. Use `zero_division` parameter to control this behavior.
  _warn_prf(average, modifier, msg_start, len(result))
Acc. (Correct/Total): 45.11%% Prec: 0.6484 F1: 0.5936
Start evaluation on test dataset.
/root/miniconda3/envs/lyq/lib/python3.8/site-packages/sklearn/metrics/_classification.py:1469: UndefinedMetricWarning: Precision is ill-defined and being set to 0.0 in samples with no predicted labels. Use `zero_division` parameter to control this behavior.
  _warn_prf(average, modifier, msg_start, len(result))
Acc. (Correct/Total): 51.33%% Prec: 0.6983 F1: 0.6451
Epoch id: 13, Training steps: 100, Avg loss: 0.017, Time: 0:38:35
Epoch id: 13, Training steps: 200, Avg loss: 0.008, Time: 0:39:28
Start evaluation on dev dataset.
/root/miniconda3/envs/lyq/lib/python3.8/site-packages/sklearn/metrics/_classification.py:1469: UndefinedMetricWarning: Precision is ill-defined and being set to 0.0 in samples with no predicted labels. Use `zero_division` parameter to control this behavior.
  _warn_prf(average, modifier, msg_start, len(result))
Acc. (Correct/Total): 46.11%% Prec: 0.6518 F1: 0.5993
Start evaluation on test dataset.
/root/miniconda3/envs/lyq/lib/python3.8/site-packages/sklearn/metrics/_classification.py:1469: UndefinedMetricWarning: Precision is ill-defined and being set to 0.0 in samples with no predicted labels. Use `zero_division` parameter to control this behavior.
  _warn_prf(average, modifier, msg_start, len(result))
Acc. (Correct/Total): 52.78%% Prec: 0.7083 F1: 0.6577
Epoch id: 14, Training steps: 100, Avg loss: 0.015, Time: 0:41:38
Epoch id: 14, Training steps: 200, Avg loss: 0.007, Time: 0:42:34
Start evaluation on dev dataset.
/root/miniconda3/envs/lyq/lib/python3.8/site-packages/sklearn/metrics/_classification.py:1469: UndefinedMetricWarning: Precision is ill-defined and being set to 0.0 in samples with no predicted labels. Use `zero_division` parameter to control this behavior.
  _warn_prf(average, modifier, msg_start, len(result))
Acc. (Correct/Total): 45.25%% Prec: 0.6595 F1: 0.6032
Epoch id: 15, Training steps: 100, Avg loss: 0.012, Time: 0:44:38
Epoch id: 15, Training steps: 200, Avg loss: 0.006, Time: 0:45:29
Start evaluation on dev dataset.
/root/miniconda3/envs/lyq/lib/python3.8/site-packages/sklearn/metrics/_classification.py:1469: UndefinedMetricWarning: Precision is ill-defined and being set to 0.0 in samples with no predicted labels. Use `zero_division` parameter to control this behavior.
  _warn_prf(average, modifier, msg_start, len(result))
Acc. (Correct/Total): 46.55%% Prec: 0.6671 F1: 0.6134
Start evaluation on test dataset.
/root/miniconda3/envs/lyq/lib/python3.8/site-packages/sklearn/metrics/_classification.py:1469: UndefinedMetricWarning: Precision is ill-defined and being set to 0.0 in samples with no predicted labels. Use `zero_division` parameter to control this behavior.
  _warn_prf(average, modifier, msg_start, len(result))
Acc. (Correct/Total): 53.17%% Prec: 0.7231 F1: 0.6708
Epoch id: 16, Training steps: 100, Avg loss: 0.010, Time: 0:47:51
Epoch id: 16, Training steps: 200, Avg loss: 0.006, Time: 0:48:46
Start evaluation on dev dataset.
/root/miniconda3/envs/lyq/lib/python3.8/site-packages/sklearn/metrics/_classification.py:1469: UndefinedMetricWarning: Precision is ill-defined and being set to 0.0 in samples with no predicted labels. Use `zero_division` parameter to control this behavior.
  _warn_prf(average, modifier, msg_start, len(result))
Acc. (Correct/Total): 48.03%% Prec: 0.6722 F1: 0.6215
Start evaluation on test dataset.
/root/miniconda3/envs/lyq/lib/python3.8/site-packages/sklearn/metrics/_classification.py:1469: UndefinedMetricWarning: Precision is ill-defined and being set to 0.0 in samples with no predicted labels. Use `zero_division` parameter to control this behavior.
  _warn_prf(average, modifier, msg_start, len(result))
Acc. (Correct/Total): 52.98%% Prec: 0.7236 F1: 0.6718
Epoch id: 17, Training steps: 100, Avg loss: 0.010, Time: 0:51:01
Epoch id: 17, Training steps: 200, Avg loss: 0.005, Time: 0:51:55
Start evaluation on dev dataset.
/root/miniconda3/envs/lyq/lib/python3.8/site-packages/sklearn/metrics/_classification.py:1469: UndefinedMetricWarning: Precision is ill-defined and being set to 0.0 in samples with no predicted labels. Use `zero_division` parameter to control this behavior.
  _warn_prf(average, modifier, msg_start, len(result))
Acc. (Correct/Total): 46.74%% Prec: 0.6687 F1: 0.6159
Epoch id: 18, Training steps: 100, Avg loss: 0.008, Time: 0:54:05
Epoch id: 18, Training steps: 200, Avg loss: 0.004, Time: 0:54:59
Start evaluation on dev dataset.
/root/miniconda3/envs/lyq/lib/python3.8/site-packages/sklearn/metrics/_classification.py:1469: UndefinedMetricWarning: Precision is ill-defined and being set to 0.0 in samples with no predicted labels. Use `zero_division` parameter to control this behavior.
  _warn_prf(average, modifier, msg_start, len(result))
Acc. (Correct/Total): 48.99%% Prec: 0.6903 F1: 0.6425
Start evaluation on test dataset.
/root/miniconda3/envs/lyq/lib/python3.8/site-packages/sklearn/metrics/_classification.py:1469: UndefinedMetricWarning: Precision is ill-defined and being set to 0.0 in samples with no predicted labels. Use `zero_division` parameter to control this behavior.
  _warn_prf(average, modifier, msg_start, len(result))
Acc. (Correct/Total): 55.25%% Prec: 0.7396 F1: 0.6929
Epoch id: 19, Training steps: 100, Avg loss: 0.007, Time: 0:57:31
Epoch id: 19, Training steps: 200, Avg loss: 0.003, Time: 0:58:28
Start evaluation on dev dataset.
/root/miniconda3/envs/lyq/lib/python3.8/site-packages/sklearn/metrics/_classification.py:1469: UndefinedMetricWarning: Precision is ill-defined and being set to 0.0 in samples with no predicted labels. Use `zero_division` parameter to control this behavior.
  _warn_prf(average, modifier, msg_start, len(result))
Acc. (Correct/Total): 48.37%% Prec: 0.6863 F1: 0.6383
Epoch id: 20, Training steps: 100, Avg loss: 0.006, Time: 1:00:25
Epoch id: 20, Training steps: 200, Avg loss: 0.003, Time: 1:01:20
Start evaluation on dev dataset.
/root/miniconda3/envs/lyq/lib/python3.8/site-packages/sklearn/metrics/_classification.py:1469: UndefinedMetricWarning: Precision is ill-defined and being set to 0.0 in samples with no predicted labels. Use `zero_division` parameter to control this behavior.
  _warn_prf(average, modifier, msg_start, len(result))
Acc. (Correct/Total): 49.57%% Prec: 0.6880 F1: 0.6418
Start evaluation on test dataset.
/root/miniconda3/envs/lyq/lib/python3.8/site-packages/sklearn/metrics/_classification.py:1469: UndefinedMetricWarning: Precision is ill-defined and being set to 0.0 in samples with no predicted labels. Use `zero_division` parameter to control this behavior.
  _warn_prf(average, modifier, msg_start, len(result))
Acc. (Correct/Total): 55.97%% Prec: 0.7321 F1: 0.6893
Final evaluation on the test dataset.
The number of evaluation instances:  2067
/root/miniconda3/envs/lyq/lib/python3.8/site-packages/sklearn/metrics/_classification.py:1469: UndefinedMetricWarning: Precision is ill-defined and being set to 0.0 in samples with no predicted labels. Use `zero_division` parameter to control this behavior.
  _warn_prf(average, modifier, msg_start, len(result))
/root/miniconda3/envs/lyq/lib/python3.8/site-packages/sklearn/metrics/_classification.py:1469: UndefinedMetricWarning: Precision and F-score are ill-defined and being set to 0.0 in labels with no predicted samples. Use `zero_division` parameter to control this behavior.
  _warn_prf(average, modifier, msg_start, len(result))
/root/miniconda3/envs/lyq/lib/python3.8/site-packages/sklearn/metrics/_classification.py:1469: UndefinedMetricWarning: Precision and F-score are ill-defined and being set to 0.0 in samples with no predicted labels. Use `zero_division` parameter to control this behavior.
  _warn_prf(average, modifier, msg_start, len(result))
Acc. (Correct/Total): 55.97% Prec: 0.7321 F1: 0.6893
Precision, Recall and F1-Score...
              precision    recall  f1-score   support

         教育学     0.8655    0.8548    0.8601       241
          法学     0.8348    0.8348    0.8348       224
      中国语言文学     0.7433    0.7514    0.7473       185
         政治学     0.7319    0.6196    0.6711       163
         社会学     0.8712    0.7325    0.7958       157
         心理学     0.7922    0.4959    0.6100       123
       应用经济学     0.6632    0.5385    0.5943       117
         历史学     0.9692    0.5780    0.7241       109
     环境科学与工程     0.8977    0.7315    0.8061       108
          哲学     0.7162    0.5464    0.6199        97
      外国语言文学     0.7903    0.5765    0.6667        85
         生物学     0.8750    0.7975    0.8344        79
      交通运输工程     0.9146    0.9615    0.9375        78
        临床医学     0.9231    0.6316    0.7500        76
    计算机科学与技术     0.7742    0.6761    0.7218        71
        土木工程     0.9143    0.9697    0.9412        66
   航空宇航科学与技术     0.9298    0.8689    0.8983        61
         民族学     0.5789    0.4000    0.4731        55
   公共卫生与预防医学     0.6250    0.4902    0.5495        51
         美术学     0.8163    0.8000    0.8081        50
         艺术学     0.7805    0.7442    0.7619        43
         地理学     0.9583    0.5476    0.6970        42
         体育学     0.9545    0.5250    0.6774        40
       理论经济学     0.9000    0.2368    0.3750        38
         中医学     0.8205    0.8649    0.8421        37
         物理学     0.7632    0.8056    0.7838        36
          林学     0.8824    0.4545    0.6000        33
          数学     0.6400    0.5000    0.5614        32
     电子科学与技术     0.5200    0.4194    0.4643        31
        基础医学     0.5500    0.3793    0.4490        29
        工商管理     1.0000    0.2593    0.4118        27
       新闻传播学     0.9375    0.6818    0.7895        22
         天文学     0.7826    0.8182    0.8000        22
         地质学     0.8947    0.8095    0.8500        21
         畜牧学     0.7727    0.8095    0.7907        21
   军事思想及军事历史     0.8667    0.6500    0.7429        20
     管理科学与工程     0.5556    0.8333    0.6667        18
     测绘科学与技术     0.7692    0.5882    0.6667        17
        水利工程     0.7857    0.6875    0.7333        16
        大气科学     0.8333    0.6250    0.7143        16
     兵器科学与技术     0.7333    0.7333    0.7333        15
       地球物理学     0.4286    0.2143    0.2857        14
        电气工程     0.8333    0.3846    0.5263        13
         作物学     0.8571    0.4615    0.6000        13
     控制科学与工程     0.2857    0.1538    0.2000        13
     信息与通信工程     0.7273    0.6154    0.6667        13
        公共管理     0.0000    0.0000    0.0000        13
         建筑学     0.8000    0.3077    0.4444        13
     化学工程与技术     0.8889    0.6667    0.7619        12
          力学     0.8333    0.4545    0.5882        11
        海洋科学     0.8889    0.7273    0.8000        11
     轻工技术与工程     0.5000    0.3636    0.4211        11
        农业工程     1.0000    0.3000    0.4615        10
         园艺学     0.9000    0.9000    0.9000        10
       中西医结合     1.0000    0.6000    0.7500        10
        机械工程     1.0000    0.4444    0.6154         9
       科学技术史     1.0000    0.3750    0.5455         8
     船舶与海洋工程     0.8571    0.7500    0.8000         8
   图书情报与档案管理     1.0000    0.6250    0.7692         8
        植物保护     0.8889    1.0000    0.9412         8
     材料科学与工程     0.8333    0.6250    0.7143         8
         统计学     0.4286    0.7500    0.5455         8
          化学     1.0000    0.7500    0.8571         8
     食品科学与工程     1.0000    0.2500    0.4000         8
          水产     1.0000    0.5714    0.7273         7
          药学     1.0000    0.8571    0.9231         7
     农业资源与环境     1.0000    0.4286    0.6000         7
         世界史     0.6667    0.2857    0.4000         7
        系统科学     0.8000    0.5714    0.6667         7
      农林经济管理     0.6000    0.6000    0.6000         5
       军队指挥学     1.0000    0.4000    0.5714         5
        矿业工程     0.5000    0.4000    0.4444         5
     纺织科学与工程     0.7143    1.0000    0.8333         5
  动力工程及工程热物理     0.0000    0.0000    0.0000         4
        林业工程     0.0000    0.0000    0.0000         4
     仪器科学与技术     0.0000    0.0000    0.0000         3
         战略学     0.0000    0.0000    0.0000         3
   地质资源与地质工程     0.0000    0.0000    0.0000         3
        旅游管理     0.0000    0.0000    0.0000         3
 图书馆、情报与档案管理     0.0000    0.0000    0.0000         2
        冶金工程     1.0000    0.5000    0.6667         2
      核科学与技术     0.0000    0.0000    0.0000         2

   micro avg     0.8053    0.6618    0.7265      3093
   macro avg     0.7215    0.5386    0.5973      3093
weighted avg     0.8023    0.6618    0.7134      3093
 samples avg     0.7321    0.6735    0.6893      3093

