/root/miniconda3/envs/lyq/lib/python3.8/site-packages/scipy/__init__.py:146: UserWarning: A NumPy version >=1.16.5 and <1.23.0 is required for this version of SciPy (detected version 1.23.5
  warnings.warn(f"A NumPy version >={np_minversion} and <{np_maxversion}"
  0%|          | 0/82 [00:00<?, ?it/s]100%|██████████| 82/82 [00:00<00:00, 1338260.42it/s]
model:  ernie-rcnn-catlstmwide
pretrained:  ernie1
task:  MLC-slice
dataset:  book_multilabels_task_slice
seq_length:  256
hidden_dropout_prob:  0.1
attention_probs_dropout_prob:  0.1
epochs_num:  20
batch_size:  8
learning_rate:  2e-05
report_steps:  100
kg_name:  CnDbpedia
no_kg:  False
no_vm:  False
Vocabulary Size:  17964
[BertClassifier] use visible_matrix: True
Some weights of ErnieRCNNForMultiLabelSequenceClassificationSliceCatLSTMWide were not initialized from the model checkpoint at ./models/ernie1 and are newly initialized: ['lstm.weight_ih_l0_reverse', 'lstm.bias_ih_l0', 'lstm.bias_ih_l1', 'lstm.bias_ih_l1_reverse', 'output_layer_1.weight', 'lstm.bias_ih_l0_reverse', 'lstm.weight_ih_l1_reverse', 'lstm.weight_hh_l1', 'lstm.weight_ih_l1', 'classifier.bias', 'lstm.bias_hh_l0', 'output_layer_1.bias', 'lstm.bias_hh_l1', 'lstm.weight_ih_l0', 'lstm.weight_hh_l0_reverse', 'classifier.weight', 'lstm.weight_hh_l1_reverse', 'lstm.weight_hh_l0', 'lstm.bias_hh_l0_reverse', 'lstm.bias_hh_l1_reverse']
You should probably TRAIN this model on a down-stream task to be able to use it for predictions and inference.
1 GPUs are available. Let's use them.
device:  cuda
[KnowledgeGraph] Loading spo from /Zy/experiment/K-BERT-HUGGINGFACE/brain/kgs/CnDbpedia.spo
Start training.
Loading sentences from ./datasets/book_multilabels_task_slice/train.tsv
There are 9097 sentence in total. We use 1 processes to inject knowledge into sentences.
Progress of process 0: 0/9097
Loading sentences from ./datasets/book_multilabels_task_slice/dev.tsv
There are 2084 sentence in total. We use 1 processes to inject knowledge into sentences.
Progress of process 0: 0/2084
Loading sentences from ./datasets/book_multilabels_task_slice/test.tsv
There are 2067 sentence in total. We use 1 processes to inject knowledge into sentences.
Progress of process 0: 0/2067
Epoch id: 1, Training steps: 100, Avg loss: 0.170, Time: 0:00:35
Epoch id: 1, Training steps: 200, Avg loss: 0.083, Time: 0:01:08
Epoch id: 1, Training steps: 300, Avg loss: 0.080, Time: 0:01:42
Epoch id: 1, Training steps: 400, Avg loss: 0.081, Time: 0:02:15
Epoch id: 1, Training steps: 500, Avg loss: 0.078, Time: 0:02:49
Epoch id: 1, Training steps: 600, Avg loss: 0.074, Time: 0:03:24
Epoch id: 1, Training steps: 700, Avg loss: 0.065, Time: 0:03:59
Epoch id: 1, Training steps: 800, Avg loss: 0.058, Time: 0:04:34
Epoch id: 1, Training steps: 900, Avg loss: 0.050, Time: 0:05:08
Epoch id: 1, Training steps: 1000, Avg loss: 0.046, Time: 0:05:43
Epoch id: 1, Training steps: 1100, Avg loss: 0.044, Time: 0:06:17
Start evaluation on dev dataset.
/root/miniconda3/envs/lyq/lib/python3.8/site-packages/sklearn/metrics/_classification.py:1469: UndefinedMetricWarning: Precision is ill-defined and being set to 0.0 in samples with no predicted labels. Use `zero_division` parameter to control this behavior.
  _warn_prf(average, modifier, msg_start, len(result))
Acc. (Correct/Total): 19.77%% Prec: 0.2987 F1: 0.2668
Start evaluation on test dataset.
/root/miniconda3/envs/lyq/lib/python3.8/site-packages/sklearn/metrics/_classification.py:1469: UndefinedMetricWarning: Precision is ill-defined and being set to 0.0 in samples with no predicted labels. Use `zero_division` parameter to control this behavior.
  _warn_prf(average, modifier, msg_start, len(result))
Acc. (Correct/Total): 26.95%% Prec: 0.3607 F1: 0.3312
Epoch id: 2, Training steps: 100, Avg loss: 0.056, Time: 0:08:35
Epoch id: 2, Training steps: 200, Avg loss: 0.037, Time: 0:09:09
Epoch id: 2, Training steps: 300, Avg loss: 0.037, Time: 0:09:45
Epoch id: 2, Training steps: 400, Avg loss: 0.036, Time: 0:10:21
Epoch id: 2, Training steps: 500, Avg loss: 0.032, Time: 0:10:56
Epoch id: 2, Training steps: 600, Avg loss: 0.029, Time: 0:11:31
Epoch id: 2, Training steps: 700, Avg loss: 0.030, Time: 0:12:06
Epoch id: 2, Training steps: 800, Avg loss: 0.032, Time: 0:12:39
Epoch id: 2, Training steps: 900, Avg loss: 0.029, Time: 0:13:14
Epoch id: 2, Training steps: 1000, Avg loss: 0.030, Time: 0:13:49
Epoch id: 2, Training steps: 1100, Avg loss: 0.031, Time: 0:14:24
Start evaluation on dev dataset.
/root/miniconda3/envs/lyq/lib/python3.8/site-packages/sklearn/metrics/_classification.py:1469: UndefinedMetricWarning: Precision is ill-defined and being set to 0.0 in samples with no predicted labels. Use `zero_division` parameter to control this behavior.
  _warn_prf(average, modifier, msg_start, len(result))
Acc. (Correct/Total): 35.84%% Prec: 0.5511 F1: 0.4921
Start evaluation on test dataset.
/root/miniconda3/envs/lyq/lib/python3.8/site-packages/sklearn/metrics/_classification.py:1469: UndefinedMetricWarning: Precision is ill-defined and being set to 0.0 in samples with no predicted labels. Use `zero_division` parameter to control this behavior.
  _warn_prf(average, modifier, msg_start, len(result))
Acc. (Correct/Total): 41.61%% Prec: 0.5907 F1: 0.5371
Epoch id: 3, Training steps: 100, Avg loss: 0.034, Time: 0:16:44
Epoch id: 3, Training steps: 200, Avg loss: 0.023, Time: 0:17:19
Epoch id: 3, Training steps: 300, Avg loss: 0.025, Time: 0:17:53
Epoch id: 3, Training steps: 400, Avg loss: 0.023, Time: 0:18:28
Epoch id: 3, Training steps: 500, Avg loss: 0.021, Time: 0:19:02
Epoch id: 3, Training steps: 600, Avg loss: 0.023, Time: 0:19:36
Epoch id: 3, Training steps: 700, Avg loss: 0.022, Time: 0:20:12
Epoch id: 3, Training steps: 800, Avg loss: 0.023, Time: 0:20:47
Epoch id: 3, Training steps: 900, Avg loss: 0.021, Time: 0:21:23
Epoch id: 3, Training steps: 1000, Avg loss: 0.021, Time: 0:21:57
Epoch id: 3, Training steps: 1100, Avg loss: 0.023, Time: 0:22:31
Start evaluation on dev dataset.
/root/miniconda3/envs/lyq/lib/python3.8/site-packages/sklearn/metrics/_classification.py:1469: UndefinedMetricWarning: Precision is ill-defined and being set to 0.0 in samples with no predicted labels. Use `zero_division` parameter to control this behavior.
  _warn_prf(average, modifier, msg_start, len(result))
Acc. (Correct/Total): 39.06%% Prec: 0.6032 F1: 0.5395
Start evaluation on test dataset.
/root/miniconda3/envs/lyq/lib/python3.8/site-packages/sklearn/metrics/_classification.py:1469: UndefinedMetricWarning: Precision is ill-defined and being set to 0.0 in samples with no predicted labels. Use `zero_division` parameter to control this behavior.
  _warn_prf(average, modifier, msg_start, len(result))
Acc. (Correct/Total): 46.83%% Prec: 0.6447 F1: 0.5929
Epoch id: 4, Training steps: 100, Avg loss: 0.026, Time: 0:24:52
Epoch id: 4, Training steps: 200, Avg loss: 0.017, Time: 0:25:26
Epoch id: 4, Training steps: 300, Avg loss: 0.018, Time: 0:26:00
Epoch id: 4, Training steps: 400, Avg loss: 0.017, Time: 0:26:34
Epoch id: 4, Training steps: 500, Avg loss: 0.017, Time: 0:27:08
Epoch id: 4, Training steps: 600, Avg loss: 0.017, Time: 0:27:41
Epoch id: 4, Training steps: 700, Avg loss: 0.020, Time: 0:28:16
Epoch id: 4, Training steps: 800, Avg loss: 0.018, Time: 0:28:50
Epoch id: 4, Training steps: 900, Avg loss: 0.018, Time: 0:29:25
Epoch id: 4, Training steps: 1000, Avg loss: 0.018, Time: 0:29:59
Epoch id: 4, Training steps: 1100, Avg loss: 0.019, Time: 0:30:35
Start evaluation on dev dataset.
/root/miniconda3/envs/lyq/lib/python3.8/site-packages/sklearn/metrics/_classification.py:1469: UndefinedMetricWarning: Precision is ill-defined and being set to 0.0 in samples with no predicted labels. Use `zero_division` parameter to control this behavior.
  _warn_prf(average, modifier, msg_start, len(result))
Acc. (Correct/Total): 48.27%% Prec: 0.6676 F1: 0.6177
Start evaluation on test dataset.
/root/miniconda3/envs/lyq/lib/python3.8/site-packages/sklearn/metrics/_classification.py:1469: UndefinedMetricWarning: Precision is ill-defined and being set to 0.0 in samples with no predicted labels. Use `zero_division` parameter to control this behavior.
  _warn_prf(average, modifier, msg_start, len(result))
Acc. (Correct/Total): 52.93%% Prec: 0.7090 F1: 0.6582
Epoch id: 5, Training steps: 100, Avg loss: 0.020, Time: 0:32:53
Epoch id: 5, Training steps: 200, Avg loss: 0.014, Time: 0:33:28
Epoch id: 5, Training steps: 300, Avg loss: 0.013, Time: 0:34:03
Epoch id: 5, Training steps: 400, Avg loss: 0.013, Time: 0:34:38
Epoch id: 5, Training steps: 500, Avg loss: 0.014, Time: 0:35:13
Epoch id: 5, Training steps: 600, Avg loss: 0.014, Time: 0:35:47
Epoch id: 5, Training steps: 700, Avg loss: 0.014, Time: 0:36:21
Epoch id: 5, Training steps: 800, Avg loss: 0.014, Time: 0:36:56
Epoch id: 5, Training steps: 900, Avg loss: 0.014, Time: 0:37:30
Epoch id: 5, Training steps: 1000, Avg loss: 0.014, Time: 0:38:03
Epoch id: 5, Training steps: 1100, Avg loss: 0.014, Time: 0:38:39
Start evaluation on dev dataset.
/root/miniconda3/envs/lyq/lib/python3.8/site-packages/sklearn/metrics/_classification.py:1469: UndefinedMetricWarning: Precision is ill-defined and being set to 0.0 in samples with no predicted labels. Use `zero_division` parameter to control this behavior.
  _warn_prf(average, modifier, msg_start, len(result))
Acc. (Correct/Total): 48.75%% Prec: 0.6999 F1: 0.6452
Start evaluation on test dataset.
/root/miniconda3/envs/lyq/lib/python3.8/site-packages/sklearn/metrics/_classification.py:1469: UndefinedMetricWarning: Precision is ill-defined and being set to 0.0 in samples with no predicted labels. Use `zero_division` parameter to control this behavior.
  _warn_prf(average, modifier, msg_start, len(result))
Acc. (Correct/Total): 56.07%% Prec: 0.7512 F1: 0.6997
Epoch id: 6, Training steps: 100, Avg loss: 0.017, Time: 0:41:04
Epoch id: 6, Training steps: 200, Avg loss: 0.010, Time: 0:41:39
Epoch id: 6, Training steps: 300, Avg loss: 0.010, Time: 0:42:12
Epoch id: 6, Training steps: 400, Avg loss: 0.010, Time: 0:42:47
Epoch id: 6, Training steps: 500, Avg loss: 0.010, Time: 0:43:21
Epoch id: 6, Training steps: 600, Avg loss: 0.010, Time: 0:43:56
Epoch id: 6, Training steps: 700, Avg loss: 0.011, Time: 0:44:31
Epoch id: 6, Training steps: 800, Avg loss: 0.011, Time: 0:45:06
Epoch id: 6, Training steps: 900, Avg loss: 0.011, Time: 0:45:41
Epoch id: 6, Training steps: 1000, Avg loss: 0.011, Time: 0:46:17
Epoch id: 6, Training steps: 1100, Avg loss: 0.011, Time: 0:46:51
Start evaluation on dev dataset.
/root/miniconda3/envs/lyq/lib/python3.8/site-packages/sklearn/metrics/_classification.py:1469: UndefinedMetricWarning: Precision is ill-defined and being set to 0.0 in samples with no predicted labels. Use `zero_division` parameter to control this behavior.
  _warn_prf(average, modifier, msg_start, len(result))
Acc. (Correct/Total): 51.78%% Prec: 0.7272 F1: 0.6833
Start evaluation on test dataset.
/root/miniconda3/envs/lyq/lib/python3.8/site-packages/sklearn/metrics/_classification.py:1469: UndefinedMetricWarning: Precision is ill-defined and being set to 0.0 in samples with no predicted labels. Use `zero_division` parameter to control this behavior.
  _warn_prf(average, modifier, msg_start, len(result))
Acc. (Correct/Total): 58.68%% Prec: 0.7716 F1: 0.7274
Epoch id: 7, Training steps: 100, Avg loss: 0.012, Time: 0:49:14
Epoch id: 7, Training steps: 200, Avg loss: 0.008, Time: 0:49:49
Epoch id: 7, Training steps: 300, Avg loss: 0.008, Time: 0:50:25
Epoch id: 7, Training steps: 400, Avg loss: 0.008, Time: 0:50:59
Epoch id: 7, Training steps: 500, Avg loss: 0.008, Time: 0:51:36
Epoch id: 7, Training steps: 600, Avg loss: 0.008, Time: 0:52:11
Epoch id: 7, Training steps: 700, Avg loss: 0.008, Time: 0:52:46
Epoch id: 7, Training steps: 800, Avg loss: 0.008, Time: 0:53:21
Epoch id: 7, Training steps: 900, Avg loss: 0.008, Time: 0:53:58
Epoch id: 7, Training steps: 1000, Avg loss: 0.008, Time: 0:54:34
Epoch id: 7, Training steps: 1100, Avg loss: 0.010, Time: 0:55:09
Start evaluation on dev dataset.
/root/miniconda3/envs/lyq/lib/python3.8/site-packages/sklearn/metrics/_classification.py:1469: UndefinedMetricWarning: Precision is ill-defined and being set to 0.0 in samples with no predicted labels. Use `zero_division` parameter to control this behavior.
  _warn_prf(average, modifier, msg_start, len(result))
Acc. (Correct/Total): 53.41%% Prec: 0.7371 F1: 0.6914
Start evaluation on test dataset.
/root/miniconda3/envs/lyq/lib/python3.8/site-packages/sklearn/metrics/_classification.py:1469: UndefinedMetricWarning: Precision is ill-defined and being set to 0.0 in samples with no predicted labels. Use `zero_division` parameter to control this behavior.
  _warn_prf(average, modifier, msg_start, len(result))
Acc. (Correct/Total): 60.81%% Prec: 0.7821 F1: 0.7423
Epoch id: 8, Training steps: 100, Avg loss: 0.009, Time: 0:57:33
Epoch id: 8, Training steps: 200, Avg loss: 0.007, Time: 0:58:07
Epoch id: 8, Training steps: 300, Avg loss: 0.005, Time: 0:58:43
Epoch id: 8, Training steps: 400, Avg loss: 0.006, Time: 0:59:19
Epoch id: 8, Training steps: 500, Avg loss: 0.006, Time: 0:59:56
Epoch id: 8, Training steps: 600, Avg loss: 0.006, Time: 1:00:31
Epoch id: 8, Training steps: 700, Avg loss: 0.006, Time: 1:01:06
Epoch id: 8, Training steps: 800, Avg loss: 0.006, Time: 1:01:39
Epoch id: 8, Training steps: 900, Avg loss: 0.007, Time: 1:02:14
Epoch id: 8, Training steps: 1000, Avg loss: 0.006, Time: 1:02:50
Epoch id: 8, Training steps: 1100, Avg loss: 0.007, Time: 1:03:27
Start evaluation on dev dataset.
/root/miniconda3/envs/lyq/lib/python3.8/site-packages/sklearn/metrics/_classification.py:1469: UndefinedMetricWarning: Precision is ill-defined and being set to 0.0 in samples with no predicted labels. Use `zero_division` parameter to control this behavior.
  _warn_prf(average, modifier, msg_start, len(result))
Acc. (Correct/Total): 52.02%% Prec: 0.7259 F1: 0.6760
Epoch id: 9, Training steps: 100, Avg loss: 0.007, Time: 1:05:06
Epoch id: 9, Training steps: 200, Avg loss: 0.004, Time: 1:05:42
Epoch id: 9, Training steps: 300, Avg loss: 0.005, Time: 1:06:17
Epoch id: 9, Training steps: 400, Avg loss: 0.004, Time: 1:06:50
Epoch id: 9, Training steps: 500, Avg loss: 0.004, Time: 1:07:25
Epoch id: 9, Training steps: 600, Avg loss: 0.005, Time: 1:08:00
Epoch id: 9, Training steps: 700, Avg loss: 0.005, Time: 1:08:36
Epoch id: 9, Training steps: 800, Avg loss: 0.005, Time: 1:09:14
Epoch id: 9, Training steps: 900, Avg loss: 0.005, Time: 1:09:50
Epoch id: 9, Training steps: 1000, Avg loss: 0.005, Time: 1:10:26
Epoch id: 9, Training steps: 1100, Avg loss: 0.005, Time: 1:11:02
Start evaluation on dev dataset.
/root/miniconda3/envs/lyq/lib/python3.8/site-packages/sklearn/metrics/_classification.py:1469: UndefinedMetricWarning: Precision is ill-defined and being set to 0.0 in samples with no predicted labels. Use `zero_division` parameter to control this behavior.
  _warn_prf(average, modifier, msg_start, len(result))
Acc. (Correct/Total): 55.13%% Prec: 0.7570 F1: 0.7122
Start evaluation on test dataset.
/root/miniconda3/envs/lyq/lib/python3.8/site-packages/sklearn/metrics/_classification.py:1469: UndefinedMetricWarning: Precision is ill-defined and being set to 0.0 in samples with no predicted labels. Use `zero_division` parameter to control this behavior.
  _warn_prf(average, modifier, msg_start, len(result))
Acc. (Correct/Total): 60.52%% Prec: 0.7876 F1: 0.7498
Epoch id: 10, Training steps: 100, Avg loss: 0.006, Time: 1:13:24
Epoch id: 10, Training steps: 200, Avg loss: 0.003, Time: 1:13:59
Epoch id: 10, Training steps: 300, Avg loss: 0.004, Time: 1:14:35
Epoch id: 10, Training steps: 400, Avg loss: 0.003, Time: 1:15:12
Epoch id: 10, Training steps: 500, Avg loss: 0.004, Time: 1:15:47
Epoch id: 10, Training steps: 600, Avg loss: 0.003, Time: 1:16:23
Epoch id: 10, Training steps: 700, Avg loss: 0.004, Time: 1:16:58
Epoch id: 10, Training steps: 800, Avg loss: 0.004, Time: 1:17:34
Epoch id: 10, Training steps: 900, Avg loss: 0.003, Time: 1:18:10
Epoch id: 10, Training steps: 1000, Avg loss: 0.004, Time: 1:18:46
Epoch id: 10, Training steps: 1100, Avg loss: 0.004, Time: 1:19:22
Start evaluation on dev dataset.
/root/miniconda3/envs/lyq/lib/python3.8/site-packages/sklearn/metrics/_classification.py:1469: UndefinedMetricWarning: Precision is ill-defined and being set to 0.0 in samples with no predicted labels. Use `zero_division` parameter to control this behavior.
  _warn_prf(average, modifier, msg_start, len(result))
Acc. (Correct/Total): 54.13%% Prec: 0.7457 F1: 0.7048
Epoch id: 11, Training steps: 100, Avg loss: 0.004, Time: 1:21:00
Epoch id: 11, Training steps: 200, Avg loss: 0.002, Time: 1:21:36
Epoch id: 11, Training steps: 300, Avg loss: 0.003, Time: 1:22:10
Epoch id: 11, Training steps: 400, Avg loss: 0.003, Time: 1:22:45
Epoch id: 11, Training steps: 500, Avg loss: 0.003, Time: 1:23:21
Epoch id: 11, Training steps: 600, Avg loss: 0.003, Time: 1:23:57
Epoch id: 11, Training steps: 700, Avg loss: 0.003, Time: 1:24:34
Epoch id: 11, Training steps: 800, Avg loss: 0.004, Time: 1:25:10
Epoch id: 11, Training steps: 900, Avg loss: 0.003, Time: 1:25:45
Epoch id: 11, Training steps: 1000, Avg loss: 0.004, Time: 1:26:22
Epoch id: 11, Training steps: 1100, Avg loss: 0.006, Time: 1:26:57
Start evaluation on dev dataset.
/root/miniconda3/envs/lyq/lib/python3.8/site-packages/sklearn/metrics/_classification.py:1469: UndefinedMetricWarning: Precision is ill-defined and being set to 0.0 in samples with no predicted labels. Use `zero_division` parameter to control this behavior.
  _warn_prf(average, modifier, msg_start, len(result))
Acc. (Correct/Total): 53.69%% Prec: 0.7475 F1: 0.7112
Epoch id: 12, Training steps: 100, Avg loss: 0.004, Time: 1:28:31
Epoch id: 12, Training steps: 200, Avg loss: 0.002, Time: 1:29:08
Epoch id: 12, Training steps: 300, Avg loss: 0.002, Time: 1:29:44
Epoch id: 12, Training steps: 400, Avg loss: 0.002, Time: 1:30:21
Epoch id: 12, Training steps: 500, Avg loss: 0.002, Time: 1:30:58
Epoch id: 12, Training steps: 600, Avg loss: 0.003, Time: 1:31:34
Epoch id: 12, Training steps: 700, Avg loss: 0.003, Time: 1:32:09
Epoch id: 12, Training steps: 800, Avg loss: 0.003, Time: 1:32:44
Epoch id: 12, Training steps: 900, Avg loss: 0.003, Time: 1:33:19
Epoch id: 12, Training steps: 1000, Avg loss: 0.003, Time: 1:33:55
Epoch id: 12, Training steps: 1100, Avg loss: 0.003, Time: 1:34:31
Start evaluation on dev dataset.
/root/miniconda3/envs/lyq/lib/python3.8/site-packages/sklearn/metrics/_classification.py:1469: UndefinedMetricWarning: Precision is ill-defined and being set to 0.0 in samples with no predicted labels. Use `zero_division` parameter to control this behavior.
  _warn_prf(average, modifier, msg_start, len(result))
Acc. (Correct/Total): 54.99%% Prec: 0.7546 F1: 0.7196
Epoch id: 13, Training steps: 100, Avg loss: 0.003, Time: 1:36:13
Epoch id: 13, Training steps: 200, Avg loss: 0.002, Time: 1:36:49
Epoch id: 13, Training steps: 300, Avg loss: 0.001, Time: 1:37:24
Epoch id: 13, Training steps: 400, Avg loss: 0.002, Time: 1:37:58
Epoch id: 13, Training steps: 500, Avg loss: 0.002, Time: 1:38:35
Epoch id: 13, Training steps: 600, Avg loss: 0.002, Time: 1:39:10
Epoch id: 13, Training steps: 700, Avg loss: 0.002, Time: 1:39:45
Epoch id: 13, Training steps: 800, Avg loss: 0.002, Time: 1:40:21
Epoch id: 13, Training steps: 900, Avg loss: 0.002, Time: 1:40:57
Epoch id: 13, Training steps: 1000, Avg loss: 0.002, Time: 1:41:31
Epoch id: 13, Training steps: 1100, Avg loss: 0.002, Time: 1:42:05
Start evaluation on dev dataset.
/root/miniconda3/envs/lyq/lib/python3.8/site-packages/sklearn/metrics/_classification.py:1469: UndefinedMetricWarning: Precision is ill-defined and being set to 0.0 in samples with no predicted labels. Use `zero_division` parameter to control this behavior.
  _warn_prf(average, modifier, msg_start, len(result))
Acc. (Correct/Total): 54.13%% Prec: 0.7504 F1: 0.7128
Epoch id: 14, Training steps: 100, Avg loss: 0.003, Time: 1:43:37
Epoch id: 14, Training steps: 200, Avg loss: 0.002, Time: 1:44:12
Epoch id: 14, Training steps: 300, Avg loss: 0.002, Time: 1:44:48
Epoch id: 14, Training steps: 400, Avg loss: 0.006, Time: 1:45:23
Epoch id: 14, Training steps: 500, Avg loss: 0.004, Time: 1:45:57
Epoch id: 14, Training steps: 600, Avg loss: 0.003, Time: 1:46:31
Epoch id: 14, Training steps: 700, Avg loss: 0.003, Time: 1:47:05
Epoch id: 14, Training steps: 800, Avg loss: 0.004, Time: 1:47:38
Epoch id: 14, Training steps: 900, Avg loss: 0.003, Time: 1:48:14
Epoch id: 14, Training steps: 1000, Avg loss: 0.003, Time: 1:48:49
Epoch id: 14, Training steps: 1100, Avg loss: 0.003, Time: 1:49:25
Start evaluation on dev dataset.
/root/miniconda3/envs/lyq/lib/python3.8/site-packages/sklearn/metrics/_classification.py:1469: UndefinedMetricWarning: Precision is ill-defined and being set to 0.0 in samples with no predicted labels. Use `zero_division` parameter to control this behavior.
  _warn_prf(average, modifier, msg_start, len(result))
Acc. (Correct/Total): 54.80%% Prec: 0.7516 F1: 0.7195
Epoch id: 15, Training steps: 100, Avg loss: 0.002, Time: 1:51:03
Epoch id: 15, Training steps: 200, Avg loss: 0.002, Time: 1:51:40
Epoch id: 15, Training steps: 300, Avg loss: 0.001, Time: 1:52:14
Epoch id: 15, Training steps: 400, Avg loss: 0.001, Time: 1:52:50
Epoch id: 15, Training steps: 500, Avg loss: 0.001, Time: 1:53:25
Epoch id: 15, Training steps: 600, Avg loss: 0.001, Time: 1:54:00
Epoch id: 15, Training steps: 700, Avg loss: 0.002, Time: 1:54:35
Epoch id: 15, Training steps: 800, Avg loss: 0.002, Time: 1:55:09
Epoch id: 15, Training steps: 900, Avg loss: 0.002, Time: 1:55:44
Epoch id: 15, Training steps: 1000, Avg loss: 0.001, Time: 1:56:20
Epoch id: 15, Training steps: 1100, Avg loss: 0.001, Time: 1:56:55
Start evaluation on dev dataset.
/root/miniconda3/envs/lyq/lib/python3.8/site-packages/sklearn/metrics/_classification.py:1469: UndefinedMetricWarning: Precision is ill-defined and being set to 0.0 in samples with no predicted labels. Use `zero_division` parameter to control this behavior.
  _warn_prf(average, modifier, msg_start, len(result))
Acc. (Correct/Total): 55.18%% Prec: 0.7518 F1: 0.7270
Start evaluation on test dataset.
/root/miniconda3/envs/lyq/lib/python3.8/site-packages/sklearn/metrics/_classification.py:1469: UndefinedMetricWarning: Precision is ill-defined and being set to 0.0 in samples with no predicted labels. Use `zero_division` parameter to control this behavior.
  _warn_prf(average, modifier, msg_start, len(result))
Acc. (Correct/Total): 63.57%% Prec: 0.8008 F1: 0.7752
Epoch id: 16, Training steps: 100, Avg loss: 0.002, Time: 1:59:34
Epoch id: 16, Training steps: 200, Avg loss: 0.001, Time: 2:00:11
Epoch id: 16, Training steps: 300, Avg loss: 0.001, Time: 2:00:50
Epoch id: 16, Training steps: 400, Avg loss: 0.001, Time: 2:01:27
Epoch id: 16, Training steps: 500, Avg loss: 0.001, Time: 2:02:04
Epoch id: 16, Training steps: 600, Avg loss: 0.001, Time: 2:02:41
Epoch id: 16, Training steps: 700, Avg loss: 0.001, Time: 2:03:18
Epoch id: 16, Training steps: 800, Avg loss: 0.001, Time: 2:03:56
Epoch id: 16, Training steps: 900, Avg loss: 0.001, Time: 2:04:32
Epoch id: 16, Training steps: 1000, Avg loss: 0.001, Time: 2:05:09
Epoch id: 16, Training steps: 1100, Avg loss: 0.001, Time: 2:05:48
Start evaluation on dev dataset.
/root/miniconda3/envs/lyq/lib/python3.8/site-packages/sklearn/metrics/_classification.py:1469: UndefinedMetricWarning: Precision is ill-defined and being set to 0.0 in samples with no predicted labels. Use `zero_division` parameter to control this behavior.
  _warn_prf(average, modifier, msg_start, len(result))
Acc. (Correct/Total): 55.66%% Prec: 0.7604 F1: 0.7316
Start evaluation on test dataset.
/root/miniconda3/envs/lyq/lib/python3.8/site-packages/sklearn/metrics/_classification.py:1469: UndefinedMetricWarning: Precision is ill-defined and being set to 0.0 in samples with no predicted labels. Use `zero_division` parameter to control this behavior.
  _warn_prf(average, modifier, msg_start, len(result))
Acc. (Correct/Total): 62.89%% Prec: 0.8027 F1: 0.7781
Epoch id: 17, Training steps: 100, Avg loss: 0.001, Time: 2:08:25
Epoch id: 17, Training steps: 200, Avg loss: 0.001, Time: 2:09:03
Epoch id: 17, Training steps: 300, Avg loss: 0.001, Time: 2:09:40
Epoch id: 17, Training steps: 400, Avg loss: 0.001, Time: 2:10:16
Epoch id: 17, Training steps: 500, Avg loss: 0.001, Time: 2:10:55
Epoch id: 17, Training steps: 600, Avg loss: 0.001, Time: 2:11:32
Epoch id: 17, Training steps: 700, Avg loss: 0.001, Time: 2:12:10
Epoch id: 17, Training steps: 800, Avg loss: 0.001, Time: 2:12:47
Epoch id: 17, Training steps: 900, Avg loss: 0.001, Time: 2:13:24
Epoch id: 17, Training steps: 1000, Avg loss: 0.001, Time: 2:14:01
Epoch id: 17, Training steps: 1100, Avg loss: 0.001, Time: 2:14:37
Start evaluation on dev dataset.
/root/miniconda3/envs/lyq/lib/python3.8/site-packages/sklearn/metrics/_classification.py:1469: UndefinedMetricWarning: Precision is ill-defined and being set to 0.0 in samples with no predicted labels. Use `zero_division` parameter to control this behavior.
  _warn_prf(average, modifier, msg_start, len(result))
Acc. (Correct/Total): 55.47%% Prec: 0.7492 F1: 0.7161
Epoch id: 18, Training steps: 100, Avg loss: 0.001, Time: 2:16:23
Epoch id: 18, Training steps: 200, Avg loss: 0.001, Time: 2:17:01
Epoch id: 18, Training steps: 300, Avg loss: 0.001, Time: 2:17:40
Epoch id: 18, Training steps: 400, Avg loss: 0.001, Time: 2:18:17
Epoch id: 18, Training steps: 500, Avg loss: 0.001, Time: 2:18:55
Epoch id: 18, Training steps: 600, Avg loss: 0.001, Time: 2:19:32
Epoch id: 18, Training steps: 700, Avg loss: 0.001, Time: 2:20:08
Epoch id: 18, Training steps: 800, Avg loss: 0.001, Time: 2:20:46
Epoch id: 18, Training steps: 900, Avg loss: 0.001, Time: 2:21:24
Epoch id: 18, Training steps: 1000, Avg loss: 0.001, Time: 2:22:02
Epoch id: 18, Training steps: 1100, Avg loss: 0.001, Time: 2:22:39
Start evaluation on dev dataset.
/root/miniconda3/envs/lyq/lib/python3.8/site-packages/sklearn/metrics/_classification.py:1469: UndefinedMetricWarning: Precision is ill-defined and being set to 0.0 in samples with no predicted labels. Use `zero_division` parameter to control this behavior.
  _warn_prf(average, modifier, msg_start, len(result))
Acc. (Correct/Total): 56.24%% Prec: 0.7552 F1: 0.7293
Start evaluation on test dataset.
/root/miniconda3/envs/lyq/lib/python3.8/site-packages/sklearn/metrics/_classification.py:1469: UndefinedMetricWarning: Precision is ill-defined and being set to 0.0 in samples with no predicted labels. Use `zero_division` parameter to control this behavior.
  _warn_prf(average, modifier, msg_start, len(result))
Acc. (Correct/Total): 63.33%% Prec: 0.8028 F1: 0.7786
Epoch id: 19, Training steps: 100, Avg loss: 0.001, Time: 2:25:16
Epoch id: 19, Training steps: 200, Avg loss: 0.001, Time: 2:25:54
Epoch id: 19, Training steps: 300, Avg loss: 0.001, Time: 2:26:31
Epoch id: 19, Training steps: 400, Avg loss: 0.001, Time: 2:27:09
Epoch id: 19, Training steps: 500, Avg loss: 0.001, Time: 2:27:46
Epoch id: 19, Training steps: 600, Avg loss: 0.001, Time: 2:28:23
Epoch id: 19, Training steps: 700, Avg loss: 0.001, Time: 2:29:01
Epoch id: 19, Training steps: 800, Avg loss: 0.001, Time: 2:29:39
Epoch id: 19, Training steps: 900, Avg loss: 0.001, Time: 2:30:17
Epoch id: 19, Training steps: 1000, Avg loss: 0.001, Time: 2:30:57
Epoch id: 19, Training steps: 1100, Avg loss: 0.001, Time: 2:31:36
Start evaluation on dev dataset.
/root/miniconda3/envs/lyq/lib/python3.8/site-packages/sklearn/metrics/_classification.py:1469: UndefinedMetricWarning: Precision is ill-defined and being set to 0.0 in samples with no predicted labels. Use `zero_division` parameter to control this behavior.
  _warn_prf(average, modifier, msg_start, len(result))
Acc. (Correct/Total): 56.14%% Prec: 0.7530 F1: 0.7220
Epoch id: 20, Training steps: 100, Avg loss: 0.001, Time: 2:33:23
Epoch id: 20, Training steps: 200, Avg loss: 0.001, Time: 2:34:01
Epoch id: 20, Training steps: 300, Avg loss: 0.001, Time: 2:34:38
Epoch id: 20, Training steps: 400, Avg loss: 0.001, Time: 2:35:14
Epoch id: 20, Training steps: 500, Avg loss: 0.000, Time: 2:35:48
Epoch id: 20, Training steps: 600, Avg loss: 0.000, Time: 2:36:23
Epoch id: 20, Training steps: 700, Avg loss: 0.000, Time: 2:36:58
Epoch id: 20, Training steps: 800, Avg loss: 0.001, Time: 2:37:34
Epoch id: 20, Training steps: 900, Avg loss: 0.001, Time: 2:38:12
Epoch id: 20, Training steps: 1000, Avg loss: 0.002, Time: 2:38:48
Epoch id: 20, Training steps: 1100, Avg loss: 0.001, Time: 2:39:24
Start evaluation on dev dataset.
/root/miniconda3/envs/lyq/lib/python3.8/site-packages/sklearn/metrics/_classification.py:1469: UndefinedMetricWarning: Precision is ill-defined and being set to 0.0 in samples with no predicted labels. Use `zero_division` parameter to control this behavior.
  _warn_prf(average, modifier, msg_start, len(result))
Acc. (Correct/Total): 56.48%% Prec: 0.7584 F1: 0.7277
Start evaluation on test dataset.
/root/miniconda3/envs/lyq/lib/python3.8/site-packages/sklearn/metrics/_classification.py:1469: UndefinedMetricWarning: Precision is ill-defined and being set to 0.0 in samples with no predicted labels. Use `zero_division` parameter to control this behavior.
  _warn_prf(average, modifier, msg_start, len(result))
Acc. (Correct/Total): 62.51%% Prec: 0.7991 F1: 0.7748
Final evaluation on the test dataset.
The number of evaluation instances:  2067
/root/miniconda3/envs/lyq/lib/python3.8/site-packages/sklearn/metrics/_classification.py:1469: UndefinedMetricWarning: Precision is ill-defined and being set to 0.0 in samples with no predicted labels. Use `zero_division` parameter to control this behavior.
  _warn_prf(average, modifier, msg_start, len(result))
/root/miniconda3/envs/lyq/lib/python3.8/site-packages/sklearn/metrics/_classification.py:1469: UndefinedMetricWarning: Precision and F-score are ill-defined and being set to 0.0 in labels with no predicted samples. Use `zero_division` parameter to control this behavior.
  _warn_prf(average, modifier, msg_start, len(result))
/root/miniconda3/envs/lyq/lib/python3.8/site-packages/sklearn/metrics/_classification.py:1469: UndefinedMetricWarning: Precision and F-score are ill-defined and being set to 0.0 in samples with no predicted labels. Use `zero_division` parameter to control this behavior.
  _warn_prf(average, modifier, msg_start, len(result))
Acc. (Correct/Total): 62.51% Prec: 0.7991 F1: 0.7748
Precision, Recall and F1-Score...
              precision    recall  f1-score   support

         教育学     0.8462    0.9585    0.8988       241
          法学     0.8761    0.8839    0.8800       224
      中国语言文学     0.8788    0.7838    0.8286       185
         政治学     0.7301    0.7301    0.7301       163
         社会学     0.9124    0.7962    0.8503       157
         心理学     0.8953    0.6260    0.7368       123
       应用经济学     0.7303    0.5556    0.6311       117
         历史学     0.9219    0.5413    0.6821       109
     环境科学与工程     0.8609    0.9167    0.8879       108
          哲学     0.8415    0.7113    0.7709        97
      外国语言文学     0.7097    0.7765    0.7416        85
         生物学     0.8732    0.7848    0.8267        79
      交通运输工程     0.9241    0.9359    0.9299        78
        临床医学     0.9000    0.7105    0.7941        76
    计算机科学与技术     0.8030    0.7465    0.7737        71
        土木工程     0.8767    0.9697    0.9209        66
   航空宇航科学与技术     0.9818    0.8852    0.9310        61
         民族学     0.6591    0.5273    0.5859        55
   公共卫生与预防医学     0.5507    0.7451    0.6333        51
         美术学     0.8750    0.9800    0.9245        50
         艺术学     0.7234    0.7907    0.7556        43
         地理学     0.8250    0.7857    0.8049        42
         体育学     0.8571    0.6000    0.7059        40
       理论经济学     0.6957    0.8421    0.7619        38
         中医学     0.8919    0.8919    0.8919        37
         物理学     0.8611    0.8611    0.8611        36
          林学     0.7917    0.5758    0.6667        33
          数学     0.8889    0.5000    0.6400        32
     电子科学与技术     0.6364    0.4516    0.5283        31
        基础医学     0.4737    0.6207    0.5373        29
        工商管理     0.9048    0.7037    0.7917        27
       新闻传播学     0.8235    0.6364    0.7179        22
         天文学     0.8400    0.9545    0.8936        22
         地质学     0.8235    0.6667    0.7368        21
         畜牧学     0.8636    0.9048    0.8837        21
   军事思想及军事历史     0.8750    0.7000    0.7778        20
     管理科学与工程     0.6154    0.8889    0.7273        18
     测绘科学与技术     0.7500    0.8824    0.8108        17
        水利工程     0.7333    0.6875    0.7097        16
        大气科学     0.8571    0.7500    0.8000        16
     兵器科学与技术     0.6471    0.7333    0.6875        15
       地球物理学     0.7500    0.4286    0.5455        14
        电气工程     0.8571    0.4615    0.6000        13
         作物学     0.7000    0.5385    0.6087        13
     控制科学与工程     0.3333    0.3846    0.3571        13
     信息与通信工程     0.5500    0.8462    0.6667        13
        公共管理     0.5000    0.4615    0.4800        13
         建筑学     0.7500    0.2308    0.3529        13
     化学工程与技术     0.9000    0.7500    0.8182        12
          力学     0.8182    0.8182    0.8182        11
        海洋科学     0.9167    1.0000    0.9565        11
     轻工技术与工程     0.4615    0.5455    0.5000        11
        农业工程     1.0000    0.4000    0.5714        10
         园艺学     0.8333    1.0000    0.9091        10
       中西医结合     1.0000    0.6000    0.7500        10
        机械工程     0.8333    0.5556    0.6667         9
       科学技术史     1.0000    0.3750    0.5455         8
     船舶与海洋工程     0.8889    1.0000    0.9412         8
   图书情报与档案管理     0.7778    0.8750    0.8235         8
        植物保护     0.8000    1.0000    0.8889         8
     材料科学与工程     1.0000    0.7500    0.8571         8
         统计学     0.5385    0.8750    0.6667         8
          化学     0.8750    0.8750    0.8750         8
     食品科学与工程     1.0000    0.6250    0.7692         8
          水产     1.0000    1.0000    1.0000         7
          药学     1.0000    0.7143    0.8333         7
     农业资源与环境     1.0000    0.2857    0.4444         7
         世界史     0.8750    1.0000    0.9333         7
        系统科学     1.0000    0.8571    0.9231         7
      农林经济管理     0.4444    0.8000    0.5714         5
       军队指挥学     1.0000    0.6000    0.7500         5
        矿业工程     0.5000    0.4000    0.4444         5
     纺织科学与工程     0.7143    1.0000    0.8333         5
  动力工程及工程热物理     0.0000    0.0000    0.0000         4
        林业工程     0.5000    0.5000    0.5000         4
     仪器科学与技术     0.0000    0.0000    0.0000         3
         战略学     1.0000    0.3333    0.5000         3
   地质资源与地质工程     0.5000    0.6667    0.5714         3
        旅游管理     0.5000    0.3333    0.4000         3
 图书馆、情报与档案管理     0.0000    0.0000    0.0000         2
        冶金工程     1.0000    0.5000    0.6667         2
      核科学与技术     0.0000    0.0000    0.0000         2

   micro avg     0.8144    0.7604    0.7865      3093
   macro avg     0.7578    0.6754    0.6950      3093
weighted avg     0.8217    0.7604    0.7806      3093
 samples avg     0.7991    0.7779    0.7748      3093

