/root/miniconda3/envs/lyq/lib/python3.8/site-packages/scipy/__init__.py:146: UserWarning: A NumPy version >=1.16.5 and <1.23.0 is required for this version of SciPy (detected version 1.23.5
  warnings.warn(f"A NumPy version >={np_minversion} and <{np_maxversion}"
  0%|          | 0/82 [00:00<?, ?it/s]100%|██████████| 82/82 [00:00<00:00, 405581.28it/s]
model:  ernie-rcnn
pretrained:  ernie1
task:  MLC
dataset:  book_multilabels_task
seq_length:  256
hidden_dropout_prob:  0.1
attention_probs_dropout_prob:  0.1
epochs_num:  40
batch_size:  8
learning_rate:  2e-05
report_steps:  100
kg_name:  CnDbpedia
no_kg:  False
no_vm:  False
Vocabulary Size:  17964
[BertClassifier] use visible_matrix: True
Some weights of ErnieRCNNForMultiLabelSequenceClassification were not initialized from the model checkpoint at ./models/ernie1 and are newly initialized: ['lstm.weight_hh_l0_reverse', 'lstm.weight_ih_l1_reverse', 'lstm.bias_ih_l1_reverse', 'lstm.weight_ih_l0', 'lstm.weight_ih_l1', 'lstm.bias_ih_l0_reverse', 'lstm.weight_ih_l0_reverse', 'lstm.bias_ih_l0', 'classifier.weight', 'classifier.bias', 'output_layer_1.weight', 'lstm.weight_hh_l1_reverse', 'lstm.weight_hh_l0', 'lstm.weight_hh_l1', 'lstm.bias_hh_l1_reverse', 'lstm.bias_ih_l1', 'output_layer_1.bias', 'lstm.bias_hh_l0_reverse', 'lstm.bias_hh_l0', 'lstm.bias_hh_l1']
You should probably TRAIN this model on a down-stream task to be able to use it for predictions and inference.
1 GPUs are available. Let's use them.
device:  cuda
[KnowledgeGraph] Loading spo from /Lyq/experiment/K-BERT-HUGGINGFACE/brain/kgs/CnDbpedia.spo
Start training.
Loading sentences from ./datasets/book_multilabels_task/train.tsv
There are 9097 sentence in total. We use 1 processes to inject knowledge into sentences.
Progress of process 0: 0/9097
Loading sentences from ./datasets/book_multilabels_task/dev.tsv
There are 2084 sentence in total. We use 1 processes to inject knowledge into sentences.
Progress of process 0: 0/2084
Loading sentences from ./datasets/book_multilabels_task/test.tsv
There are 2067 sentence in total. We use 1 processes to inject knowledge into sentences.
Progress of process 0: 0/2067
Epoch id: 1, Training steps: 100, Avg loss: 0.260, Time: 0:00:16
Epoch id: 1, Training steps: 200, Avg loss: 0.093, Time: 0:00:33
Epoch id: 1, Training steps: 300, Avg loss: 0.085, Time: 0:00:49
Epoch id: 1, Training steps: 400, Avg loss: 0.082, Time: 0:01:06
Epoch id: 1, Training steps: 500, Avg loss: 0.078, Time: 0:01:23
Epoch id: 1, Training steps: 600, Avg loss: 0.074, Time: 0:01:39
Epoch id: 1, Training steps: 700, Avg loss: 0.072, Time: 0:01:57
Epoch id: 1, Training steps: 800, Avg loss: 0.066, Time: 0:02:12
Epoch id: 1, Training steps: 900, Avg loss: 0.061, Time: 0:02:29
Epoch id: 1, Training steps: 1000, Avg loss: 0.059, Time: 0:02:45
Epoch id: 1, Training steps: 1100, Avg loss: 0.053, Time: 0:03:02
Start evaluation on dev dataset.
/root/miniconda3/envs/lyq/lib/python3.8/site-packages/sklearn/metrics/_classification.py:1469: UndefinedMetricWarning: Precision is ill-defined and being set to 0.0 in samples with no predicted labels. Use `zero_division` parameter to control this behavior.
  _warn_prf(average, modifier, msg_start, len(result))
Acc. (Correct/Total):  8.69%% Prec: 0.1310 F1: 0.1160
Start evaluation on test dataset.
/root/miniconda3/envs/lyq/lib/python3.8/site-packages/sklearn/metrics/_classification.py:1469: UndefinedMetricWarning: Precision is ill-defined and being set to 0.0 in samples with no predicted labels. Use `zero_division` parameter to control this behavior.
  _warn_prf(average, modifier, msg_start, len(result))
Acc. (Correct/Total):  7.74%% Prec: 0.1500 F1: 0.1252
Epoch id: 2, Training steps: 100, Avg loss: 0.069, Time: 0:04:33
Epoch id: 2, Training steps: 200, Avg loss: 0.048, Time: 0:04:48
Epoch id: 2, Training steps: 300, Avg loss: 0.045, Time: 0:05:05
Epoch id: 2, Training steps: 400, Avg loss: 0.043, Time: 0:05:20
Epoch id: 2, Training steps: 500, Avg loss: 0.041, Time: 0:05:36
Epoch id: 2, Training steps: 600, Avg loss: 0.039, Time: 0:05:53
Epoch id: 2, Training steps: 700, Avg loss: 0.039, Time: 0:06:09
Epoch id: 2, Training steps: 800, Avg loss: 0.037, Time: 0:06:25
Epoch id: 2, Training steps: 900, Avg loss: 0.038, Time: 0:06:41
Epoch id: 2, Training steps: 1000, Avg loss: 0.036, Time: 0:06:58
Epoch id: 2, Training steps: 1100, Avg loss: 0.034, Time: 0:07:14
Start evaluation on dev dataset.
/root/miniconda3/envs/lyq/lib/python3.8/site-packages/sklearn/metrics/_classification.py:1469: UndefinedMetricWarning: Precision is ill-defined and being set to 0.0 in samples with no predicted labels. Use `zero_division` parameter to control this behavior.
  _warn_prf(average, modifier, msg_start, len(result))
Acc. (Correct/Total): 23.70%% Prec: 0.3618 F1: 0.3217
Start evaluation on test dataset.
/root/miniconda3/envs/lyq/lib/python3.8/site-packages/sklearn/metrics/_classification.py:1469: UndefinedMetricWarning: Precision is ill-defined and being set to 0.0 in samples with no predicted labels. Use `zero_division` parameter to control this behavior.
  _warn_prf(average, modifier, msg_start, len(result))
Acc. (Correct/Total): 25.54%% Prec: 0.3928 F1: 0.3490
Epoch id: 3, Training steps: 100, Avg loss: 0.043, Time: 0:08:47
Epoch id: 3, Training steps: 200, Avg loss: 0.029, Time: 0:09:03
Epoch id: 3, Training steps: 300, Avg loss: 0.031, Time: 0:09:19
Epoch id: 3, Training steps: 400, Avg loss: 0.031, Time: 0:09:35
Epoch id: 3, Training steps: 500, Avg loss: 0.029, Time: 0:09:51
Epoch id: 3, Training steps: 600, Avg loss: 0.029, Time: 0:10:06
Epoch id: 3, Training steps: 700, Avg loss: 0.029, Time: 0:10:22
Epoch id: 3, Training steps: 800, Avg loss: 0.028, Time: 0:10:37
Epoch id: 3, Training steps: 900, Avg loss: 0.029, Time: 0:10:55
Epoch id: 3, Training steps: 1000, Avg loss: 0.027, Time: 0:11:11
Epoch id: 3, Training steps: 1100, Avg loss: 0.025, Time: 0:11:27
Start evaluation on dev dataset.
/root/miniconda3/envs/lyq/lib/python3.8/site-packages/sklearn/metrics/_classification.py:1469: UndefinedMetricWarning: Precision is ill-defined and being set to 0.0 in samples with no predicted labels. Use `zero_division` parameter to control this behavior.
  _warn_prf(average, modifier, msg_start, len(result))
Acc. (Correct/Total): 28.69%% Prec: 0.4511 F1: 0.3990
Start evaluation on test dataset.
/root/miniconda3/envs/lyq/lib/python3.8/site-packages/sklearn/metrics/_classification.py:1469: UndefinedMetricWarning: Precision is ill-defined and being set to 0.0 in samples with no predicted labels. Use `zero_division` parameter to control this behavior.
  _warn_prf(average, modifier, msg_start, len(result))
Acc. (Correct/Total): 31.83%% Prec: 0.4935 F1: 0.4362
Epoch id: 4, Training steps: 100, Avg loss: 0.033, Time: 0:12:56
Epoch id: 4, Training steps: 200, Avg loss: 0.022, Time: 0:13:12
Epoch id: 4, Training steps: 300, Avg loss: 0.022, Time: 0:13:28
Epoch id: 4, Training steps: 400, Avg loss: 0.023, Time: 0:13:44
Epoch id: 4, Training steps: 500, Avg loss: 0.023, Time: 0:14:00
Epoch id: 4, Training steps: 600, Avg loss: 0.021, Time: 0:14:17
Epoch id: 4, Training steps: 700, Avg loss: 0.023, Time: 0:14:33
Epoch id: 4, Training steps: 800, Avg loss: 0.021, Time: 0:14:49
Epoch id: 4, Training steps: 900, Avg loss: 0.021, Time: 0:15:05
Epoch id: 4, Training steps: 1000, Avg loss: 0.024, Time: 0:15:20
Epoch id: 4, Training steps: 1100, Avg loss: 0.021, Time: 0:15:36
Start evaluation on dev dataset.
/root/miniconda3/envs/lyq/lib/python3.8/site-packages/sklearn/metrics/_classification.py:1469: UndefinedMetricWarning: Precision is ill-defined and being set to 0.0 in samples with no predicted labels. Use `zero_division` parameter to control this behavior.
  _warn_prf(average, modifier, msg_start, len(result))
Acc. (Correct/Total): 38.63%% Prec: 0.5843 F1: 0.5236
Start evaluation on test dataset.
/root/miniconda3/envs/lyq/lib/python3.8/site-packages/sklearn/metrics/_classification.py:1469: UndefinedMetricWarning: Precision is ill-defined and being set to 0.0 in samples with no predicted labels. Use `zero_division` parameter to control this behavior.
  _warn_prf(average, modifier, msg_start, len(result))
Acc. (Correct/Total): 43.35%% Prec: 0.6147 F1: 0.5566
Epoch id: 5, Training steps: 100, Avg loss: 0.026, Time: 0:17:04
Epoch id: 5, Training steps: 200, Avg loss: 0.018, Time: 0:17:19
Epoch id: 5, Training steps: 300, Avg loss: 0.017, Time: 0:17:35
Epoch id: 5, Training steps: 400, Avg loss: 0.018, Time: 0:17:51
Epoch id: 5, Training steps: 500, Avg loss: 0.017, Time: 0:18:06
Epoch id: 5, Training steps: 600, Avg loss: 0.018, Time: 0:18:22
Epoch id: 5, Training steps: 700, Avg loss: 0.018, Time: 0:18:37
Epoch id: 5, Training steps: 800, Avg loss: 0.016, Time: 0:18:53
Epoch id: 5, Training steps: 900, Avg loss: 0.017, Time: 0:19:08
Epoch id: 5, Training steps: 1000, Avg loss: 0.018, Time: 0:19:24
Epoch id: 5, Training steps: 1100, Avg loss: 0.015, Time: 0:19:40
Start evaluation on dev dataset.
/root/miniconda3/envs/lyq/lib/python3.8/site-packages/sklearn/metrics/_classification.py:1469: UndefinedMetricWarning: Precision is ill-defined and being set to 0.0 in samples with no predicted labels. Use `zero_division` parameter to control this behavior.
  _warn_prf(average, modifier, msg_start, len(result))
Acc. (Correct/Total): 40.74%% Prec: 0.6068 F1: 0.5473
Start evaluation on test dataset.
/root/miniconda3/envs/lyq/lib/python3.8/site-packages/sklearn/metrics/_classification.py:1469: UndefinedMetricWarning: Precision is ill-defined and being set to 0.0 in samples with no predicted labels. Use `zero_division` parameter to control this behavior.
  _warn_prf(average, modifier, msg_start, len(result))
Acc. (Correct/Total): 46.78%% Prec: 0.6676 F1: 0.6062
Epoch id: 6, Training steps: 100, Avg loss: 0.020, Time: 0:21:08
Epoch id: 6, Training steps: 200, Avg loss: 0.013, Time: 0:21:24
Epoch id: 6, Training steps: 300, Avg loss: 0.013, Time: 0:21:40
Epoch id: 6, Training steps: 400, Avg loss: 0.014, Time: 0:21:55
Epoch id: 6, Training steps: 500, Avg loss: 0.013, Time: 0:22:10
Epoch id: 6, Training steps: 600, Avg loss: 0.014, Time: 0:22:26
Epoch id: 6, Training steps: 700, Avg loss: 0.012, Time: 0:22:41
Epoch id: 6, Training steps: 800, Avg loss: 0.014, Time: 0:22:57
Epoch id: 6, Training steps: 900, Avg loss: 0.014, Time: 0:23:14
Epoch id: 6, Training steps: 1000, Avg loss: 0.012, Time: 0:23:29
Epoch id: 6, Training steps: 1100, Avg loss: 0.012, Time: 0:23:45
Start evaluation on dev dataset.
/root/miniconda3/envs/lyq/lib/python3.8/site-packages/sklearn/metrics/_classification.py:1469: UndefinedMetricWarning: Precision is ill-defined and being set to 0.0 in samples with no predicted labels. Use `zero_division` parameter to control this behavior.
  _warn_prf(average, modifier, msg_start, len(result))
Acc. (Correct/Total): 42.90%% Prec: 0.6384 F1: 0.5772
Start evaluation on test dataset.
/root/miniconda3/envs/lyq/lib/python3.8/site-packages/sklearn/metrics/_classification.py:1469: UndefinedMetricWarning: Precision is ill-defined and being set to 0.0 in samples with no predicted labels. Use `zero_division` parameter to control this behavior.
  _warn_prf(average, modifier, msg_start, len(result))
Acc. (Correct/Total): 47.90%% Prec: 0.6839 F1: 0.6224
Epoch id: 7, Training steps: 100, Avg loss: 0.015, Time: 0:25:13
Epoch id: 7, Training steps: 200, Avg loss: 0.010, Time: 0:25:30
Epoch id: 7, Training steps: 300, Avg loss: 0.011, Time: 0:25:46
Epoch id: 7, Training steps: 400, Avg loss: 0.010, Time: 0:26:03
Epoch id: 7, Training steps: 500, Avg loss: 0.009, Time: 0:26:18
Epoch id: 7, Training steps: 600, Avg loss: 0.011, Time: 0:26:34
Epoch id: 7, Training steps: 700, Avg loss: 0.011, Time: 0:26:50
Epoch id: 7, Training steps: 800, Avg loss: 0.010, Time: 0:27:06
Epoch id: 7, Training steps: 900, Avg loss: 0.011, Time: 0:27:22
Epoch id: 7, Training steps: 1000, Avg loss: 0.011, Time: 0:27:38
Epoch id: 7, Training steps: 1100, Avg loss: 0.012, Time: 0:27:55
Start evaluation on dev dataset.
/root/miniconda3/envs/lyq/lib/python3.8/site-packages/sklearn/metrics/_classification.py:1469: UndefinedMetricWarning: Precision is ill-defined and being set to 0.0 in samples with no predicted labels. Use `zero_division` parameter to control this behavior.
  _warn_prf(average, modifier, msg_start, len(result))
Acc. (Correct/Total): 46.69%% Prec: 0.6696 F1: 0.6160
Start evaluation on test dataset.
/root/miniconda3/envs/lyq/lib/python3.8/site-packages/sklearn/metrics/_classification.py:1469: UndefinedMetricWarning: Precision is ill-defined and being set to 0.0 in samples with no predicted labels. Use `zero_division` parameter to control this behavior.
  _warn_prf(average, modifier, msg_start, len(result))
Acc. (Correct/Total): 53.89%% Prec: 0.7238 F1: 0.6735
Epoch id: 8, Training steps: 100, Avg loss: 0.013, Time: 0:29:23
Epoch id: 8, Training steps: 200, Avg loss: 0.008, Time: 0:29:40
Epoch id: 8, Training steps: 300, Avg loss: 0.008, Time: 0:29:55
Epoch id: 8, Training steps: 400, Avg loss: 0.007, Time: 0:30:11
Epoch id: 8, Training steps: 500, Avg loss: 0.007, Time: 0:30:27
Epoch id: 8, Training steps: 600, Avg loss: 0.009, Time: 0:30:43
Epoch id: 8, Training steps: 700, Avg loss: 0.007, Time: 0:30:59
Epoch id: 8, Training steps: 800, Avg loss: 0.008, Time: 0:31:15
Epoch id: 8, Training steps: 900, Avg loss: 0.009, Time: 0:31:31
Epoch id: 8, Training steps: 1000, Avg loss: 0.009, Time: 0:31:46
Epoch id: 8, Training steps: 1100, Avg loss: 0.009, Time: 0:32:02
Start evaluation on dev dataset.
/root/miniconda3/envs/lyq/lib/python3.8/site-packages/sklearn/metrics/_classification.py:1469: UndefinedMetricWarning: Precision is ill-defined and being set to 0.0 in samples with no predicted labels. Use `zero_division` parameter to control this behavior.
  _warn_prf(average, modifier, msg_start, len(result))
Acc. (Correct/Total): 47.41%% Prec: 0.6635 F1: 0.6152
Start evaluation on test dataset.
/root/miniconda3/envs/lyq/lib/python3.8/site-packages/sklearn/metrics/_classification.py:1469: UndefinedMetricWarning: Precision is ill-defined and being set to 0.0 in samples with no predicted labels. Use `zero_division` parameter to control this behavior.
  _warn_prf(average, modifier, msg_start, len(result))
Acc. (Correct/Total): 54.04%% Prec: 0.7217 F1: 0.6773
Epoch id: 9, Training steps: 100, Avg loss: 0.010, Time: 0:33:30
Epoch id: 9, Training steps: 200, Avg loss: 0.006, Time: 0:33:46
Epoch id: 9, Training steps: 300, Avg loss: 0.006, Time: 0:34:02
Epoch id: 9, Training steps: 400, Avg loss: 0.007, Time: 0:34:18
Epoch id: 9, Training steps: 500, Avg loss: 0.006, Time: 0:34:34
Epoch id: 9, Training steps: 600, Avg loss: 0.006, Time: 0:34:50
Epoch id: 9, Training steps: 700, Avg loss: 0.007, Time: 0:35:06
Epoch id: 9, Training steps: 800, Avg loss: 0.006, Time: 0:35:22
Epoch id: 9, Training steps: 900, Avg loss: 0.007, Time: 0:35:37
Epoch id: 9, Training steps: 1000, Avg loss: 0.007, Time: 0:35:53
Epoch id: 9, Training steps: 1100, Avg loss: 0.007, Time: 0:36:09
Start evaluation on dev dataset.
/root/miniconda3/envs/lyq/lib/python3.8/site-packages/sklearn/metrics/_classification.py:1469: UndefinedMetricWarning: Precision is ill-defined and being set to 0.0 in samples with no predicted labels. Use `zero_division` parameter to control this behavior.
  _warn_prf(average, modifier, msg_start, len(result))
Acc. (Correct/Total): 48.56%% Prec: 0.6818 F1: 0.6336
Start evaluation on test dataset.
/root/miniconda3/envs/lyq/lib/python3.8/site-packages/sklearn/metrics/_classification.py:1469: UndefinedMetricWarning: Precision is ill-defined and being set to 0.0 in samples with no predicted labels. Use `zero_division` parameter to control this behavior.
  _warn_prf(average, modifier, msg_start, len(result))
Acc. (Correct/Total): 55.01%% Prec: 0.7308 F1: 0.6842
Epoch id: 10, Training steps: 100, Avg loss: 0.008, Time: 0:37:40
Epoch id: 10, Training steps: 200, Avg loss: 0.005, Time: 0:37:56
Epoch id: 10, Training steps: 300, Avg loss: 0.004, Time: 0:38:12
Epoch id: 10, Training steps: 400, Avg loss: 0.005, Time: 0:38:27
Epoch id: 10, Training steps: 500, Avg loss: 0.005, Time: 0:38:44
Epoch id: 10, Training steps: 600, Avg loss: 0.006, Time: 0:39:00
Epoch id: 10, Training steps: 700, Avg loss: 0.005, Time: 0:39:16
Epoch id: 10, Training steps: 800, Avg loss: 0.005, Time: 0:39:31
Epoch id: 10, Training steps: 900, Avg loss: 0.005, Time: 0:39:47
Epoch id: 10, Training steps: 1000, Avg loss: 0.006, Time: 0:40:04
Epoch id: 10, Training steps: 1100, Avg loss: 0.006, Time: 0:40:19
Start evaluation on dev dataset.
/root/miniconda3/envs/lyq/lib/python3.8/site-packages/sklearn/metrics/_classification.py:1469: UndefinedMetricWarning: Precision is ill-defined and being set to 0.0 in samples with no predicted labels. Use `zero_division` parameter to control this behavior.
  _warn_prf(average, modifier, msg_start, len(result))
Acc. (Correct/Total): 48.46%% Prec: 0.6820 F1: 0.6344
Epoch id: 11, Training steps: 100, Avg loss: 0.007, Time: 0:41:16
Epoch id: 11, Training steps: 200, Avg loss: 0.005, Time: 0:41:32
Epoch id: 11, Training steps: 300, Avg loss: 0.004, Time: 0:41:49
Epoch id: 11, Training steps: 400, Avg loss: 0.005, Time: 0:42:06
Epoch id: 11, Training steps: 500, Avg loss: 0.005, Time: 0:42:21
Epoch id: 11, Training steps: 600, Avg loss: 0.004, Time: 0:42:37
Epoch id: 11, Training steps: 700, Avg loss: 0.005, Time: 0:42:53
Epoch id: 11, Training steps: 800, Avg loss: 0.005, Time: 0:43:10
Epoch id: 11, Training steps: 900, Avg loss: 0.005, Time: 0:43:25
Epoch id: 11, Training steps: 1000, Avg loss: 0.005, Time: 0:43:41
Epoch id: 11, Training steps: 1100, Avg loss: 0.004, Time: 0:43:57
Start evaluation on dev dataset.
/root/miniconda3/envs/lyq/lib/python3.8/site-packages/sklearn/metrics/_classification.py:1469: UndefinedMetricWarning: Precision is ill-defined and being set to 0.0 in samples with no predicted labels. Use `zero_division` parameter to control this behavior.
  _warn_prf(average, modifier, msg_start, len(result))
Acc. (Correct/Total): 48.37%% Prec: 0.6809 F1: 0.6331
Epoch id: 12, Training steps: 100, Avg loss: 0.005, Time: 0:44:52
Epoch id: 12, Training steps: 200, Avg loss: 0.004, Time: 0:45:07
Epoch id: 12, Training steps: 300, Avg loss: 0.003, Time: 0:45:22
Epoch id: 12, Training steps: 400, Avg loss: 0.003, Time: 0:45:38
Epoch id: 12, Training steps: 500, Avg loss: 0.004, Time: 0:45:54
Epoch id: 12, Training steps: 600, Avg loss: 0.003, Time: 0:46:10
Epoch id: 12, Training steps: 700, Avg loss: 0.004, Time: 0:46:27
Epoch id: 12, Training steps: 800, Avg loss: 0.004, Time: 0:46:42
Epoch id: 12, Training steps: 900, Avg loss: 0.004, Time: 0:47:00
Epoch id: 12, Training steps: 1000, Avg loss: 0.005, Time: 0:47:15
Epoch id: 12, Training steps: 1100, Avg loss: 0.004, Time: 0:47:30
Start evaluation on dev dataset.
/root/miniconda3/envs/lyq/lib/python3.8/site-packages/sklearn/metrics/_classification.py:1469: UndefinedMetricWarning: Precision is ill-defined and being set to 0.0 in samples with no predicted labels. Use `zero_division` parameter to control this behavior.
  _warn_prf(average, modifier, msg_start, len(result))
Acc. (Correct/Total): 49.90%% Prec: 0.6982 F1: 0.6576
Start evaluation on test dataset.
/root/miniconda3/envs/lyq/lib/python3.8/site-packages/sklearn/metrics/_classification.py:1469: UndefinedMetricWarning: Precision is ill-defined and being set to 0.0 in samples with no predicted labels. Use `zero_division` parameter to control this behavior.
  _warn_prf(average, modifier, msg_start, len(result))
Acc. (Correct/Total): 57.47%% Prec: 0.7529 F1: 0.7156
Epoch id: 13, Training steps: 100, Avg loss: 0.004, Time: 0:49:00
Epoch id: 13, Training steps: 200, Avg loss: 0.003, Time: 0:49:16
Epoch id: 13, Training steps: 300, Avg loss: 0.003, Time: 0:49:33
Epoch id: 13, Training steps: 400, Avg loss: 0.003, Time: 0:49:48
Epoch id: 13, Training steps: 500, Avg loss: 0.004, Time: 0:50:04
Epoch id: 13, Training steps: 600, Avg loss: 0.003, Time: 0:50:20
Epoch id: 13, Training steps: 700, Avg loss: 0.003, Time: 0:50:36
Epoch id: 13, Training steps: 800, Avg loss: 0.004, Time: 0:50:53
Epoch id: 13, Training steps: 900, Avg loss: 0.004, Time: 0:51:08
Epoch id: 13, Training steps: 1000, Avg loss: 0.004, Time: 0:51:23
Epoch id: 13, Training steps: 1100, Avg loss: 0.004, Time: 0:51:39
Start evaluation on dev dataset.
/root/miniconda3/envs/lyq/lib/python3.8/site-packages/sklearn/metrics/_classification.py:1469: UndefinedMetricWarning: Precision is ill-defined and being set to 0.0 in samples with no predicted labels. Use `zero_division` parameter to control this behavior.
  _warn_prf(average, modifier, msg_start, len(result))
Acc. (Correct/Total): 51.01%% Prec: 0.7043 F1: 0.6646
Start evaluation on test dataset.
/root/miniconda3/envs/lyq/lib/python3.8/site-packages/sklearn/metrics/_classification.py:1469: UndefinedMetricWarning: Precision is ill-defined and being set to 0.0 in samples with no predicted labels. Use `zero_division` parameter to control this behavior.
  _warn_prf(average, modifier, msg_start, len(result))
Acc. (Correct/Total): 56.99%% Prec: 0.7497 F1: 0.7115
Epoch id: 14, Training steps: 100, Avg loss: 0.004, Time: 0:53:08
Epoch id: 14, Training steps: 200, Avg loss: 0.002, Time: 0:53:24
Epoch id: 14, Training steps: 300, Avg loss: 0.002, Time: 0:53:40
Epoch id: 14, Training steps: 400, Avg loss: 0.003, Time: 0:53:57
Epoch id: 14, Training steps: 500, Avg loss: 0.003, Time: 0:54:13
Epoch id: 14, Training steps: 600, Avg loss: 0.002, Time: 0:54:29
Epoch id: 14, Training steps: 700, Avg loss: 0.002, Time: 0:54:44
Epoch id: 14, Training steps: 800, Avg loss: 0.002, Time: 0:55:00
Epoch id: 14, Training steps: 900, Avg loss: 0.003, Time: 0:55:15
Epoch id: 14, Training steps: 1000, Avg loss: 0.002, Time: 0:55:30
Epoch id: 14, Training steps: 1100, Avg loss: 0.004, Time: 0:55:47
Start evaluation on dev dataset.
/root/miniconda3/envs/lyq/lib/python3.8/site-packages/sklearn/metrics/_classification.py:1469: UndefinedMetricWarning: Precision is ill-defined and being set to 0.0 in samples with no predicted labels. Use `zero_division` parameter to control this behavior.
  _warn_prf(average, modifier, msg_start, len(result))
Acc. (Correct/Total): 51.30%% Prec: 0.7003 F1: 0.6633
Start evaluation on test dataset.
/root/miniconda3/envs/lyq/lib/python3.8/site-packages/sklearn/metrics/_classification.py:1469: UndefinedMetricWarning: Precision is ill-defined and being set to 0.0 in samples with no predicted labels. Use `zero_division` parameter to control this behavior.
  _warn_prf(average, modifier, msg_start, len(result))
Acc. (Correct/Total): 56.27%% Prec: 0.7454 F1: 0.7074
Epoch id: 15, Training steps: 100, Avg loss: 0.003, Time: 0:57:20
Epoch id: 15, Training steps: 200, Avg loss: 0.002, Time: 0:57:36
Epoch id: 15, Training steps: 300, Avg loss: 0.003, Time: 0:57:51
Epoch id: 15, Training steps: 400, Avg loss: 0.003, Time: 0:58:08
Epoch id: 15, Training steps: 500, Avg loss: 0.003, Time: 0:58:25
Epoch id: 15, Training steps: 600, Avg loss: 0.002, Time: 0:58:40
Epoch id: 15, Training steps: 700, Avg loss: 0.002, Time: 0:58:56
Epoch id: 15, Training steps: 800, Avg loss: 0.003, Time: 0:59:12
Epoch id: 15, Training steps: 900, Avg loss: 0.003, Time: 0:59:28
Epoch id: 15, Training steps: 1000, Avg loss: 0.003, Time: 0:59:44
Epoch id: 15, Training steps: 1100, Avg loss: 0.002, Time: 1:00:00
Start evaluation on dev dataset.
/root/miniconda3/envs/lyq/lib/python3.8/site-packages/sklearn/metrics/_classification.py:1469: UndefinedMetricWarning: Precision is ill-defined and being set to 0.0 in samples with no predicted labels. Use `zero_division` parameter to control this behavior.
  _warn_prf(average, modifier, msg_start, len(result))
Acc. (Correct/Total): 52.16%% Prec: 0.7107 F1: 0.6706
Start evaluation on test dataset.
/root/miniconda3/envs/lyq/lib/python3.8/site-packages/sklearn/metrics/_classification.py:1469: UndefinedMetricWarning: Precision is ill-defined and being set to 0.0 in samples with no predicted labels. Use `zero_division` parameter to control this behavior.
  _warn_prf(average, modifier, msg_start, len(result))
Acc. (Correct/Total): 58.30%% Prec: 0.7542 F1: 0.7146
Epoch id: 16, Training steps: 100, Avg loss: 0.002, Time: 1:01:27
Epoch id: 16, Training steps: 200, Avg loss: 0.002, Time: 1:01:43
Epoch id: 16, Training steps: 300, Avg loss: 0.002, Time: 1:01:58
Epoch id: 16, Training steps: 400, Avg loss: 0.002, Time: 1:02:14
Epoch id: 16, Training steps: 500, Avg loss: 0.002, Time: 1:02:29
Epoch id: 16, Training steps: 600, Avg loss: 0.002, Time: 1:02:47
Epoch id: 16, Training steps: 700, Avg loss: 0.002, Time: 1:03:04
Epoch id: 16, Training steps: 800, Avg loss: 0.002, Time: 1:03:19
Epoch id: 16, Training steps: 900, Avg loss: 0.002, Time: 1:03:36
Epoch id: 16, Training steps: 1000, Avg loss: 0.002, Time: 1:03:53
Epoch id: 16, Training steps: 1100, Avg loss: 0.003, Time: 1:04:09
Start evaluation on dev dataset.
/root/miniconda3/envs/lyq/lib/python3.8/site-packages/sklearn/metrics/_classification.py:1469: UndefinedMetricWarning: Precision is ill-defined and being set to 0.0 in samples with no predicted labels. Use `zero_division` parameter to control this behavior.
  _warn_prf(average, modifier, msg_start, len(result))
Acc. (Correct/Total): 51.49%% Prec: 0.6995 F1: 0.6668
Epoch id: 17, Training steps: 100, Avg loss: 0.003, Time: 1:05:04
Epoch id: 17, Training steps: 200, Avg loss: 0.002, Time: 1:05:20
Epoch id: 17, Training steps: 300, Avg loss: 0.002, Time: 1:05:37
Epoch id: 17, Training steps: 400, Avg loss: 0.001, Time: 1:05:53
Epoch id: 17, Training steps: 500, Avg loss: 0.001, Time: 1:06:09
Epoch id: 17, Training steps: 600, Avg loss: 0.002, Time: 1:06:24
Epoch id: 17, Training steps: 700, Avg loss: 0.002, Time: 1:06:41
Epoch id: 17, Training steps: 800, Avg loss: 0.002, Time: 1:06:58
Epoch id: 17, Training steps: 900, Avg loss: 0.002, Time: 1:07:13
Epoch id: 17, Training steps: 1000, Avg loss: 0.002, Time: 1:07:27
Epoch id: 17, Training steps: 1100, Avg loss: 0.002, Time: 1:07:43
Start evaluation on dev dataset.
/root/miniconda3/envs/lyq/lib/python3.8/site-packages/sklearn/metrics/_classification.py:1469: UndefinedMetricWarning: Precision is ill-defined and being set to 0.0 in samples with no predicted labels. Use `zero_division` parameter to control this behavior.
  _warn_prf(average, modifier, msg_start, len(result))
Acc. (Correct/Total): 50.77%% Prec: 0.6965 F1: 0.6612
Epoch id: 18, Training steps: 100, Avg loss: 0.002, Time: 1:08:37
Epoch id: 18, Training steps: 200, Avg loss: 0.001, Time: 1:08:53
Epoch id: 18, Training steps: 300, Avg loss: 0.001, Time: 1:09:09
Epoch id: 18, Training steps: 400, Avg loss: 0.002, Time: 1:09:26
Epoch id: 18, Training steps: 500, Avg loss: 0.002, Time: 1:09:41
Epoch id: 18, Training steps: 600, Avg loss: 0.002, Time: 1:09:59
Epoch id: 18, Training steps: 700, Avg loss: 0.002, Time: 1:10:15
Epoch id: 18, Training steps: 800, Avg loss: 0.002, Time: 1:10:30
Epoch id: 18, Training steps: 900, Avg loss: 0.001, Time: 1:10:47
Epoch id: 18, Training steps: 1000, Avg loss: 0.002, Time: 1:11:03
Epoch id: 18, Training steps: 1100, Avg loss: 0.002, Time: 1:11:19
Start evaluation on dev dataset.
/root/miniconda3/envs/lyq/lib/python3.8/site-packages/sklearn/metrics/_classification.py:1469: UndefinedMetricWarning: Precision is ill-defined and being set to 0.0 in samples with no predicted labels. Use `zero_division` parameter to control this behavior.
  _warn_prf(average, modifier, msg_start, len(result))
Acc. (Correct/Total): 50.96%% Prec: 0.7036 F1: 0.6686
Epoch id: 19, Training steps: 100, Avg loss: 0.004, Time: 1:12:15
Epoch id: 19, Training steps: 200, Avg loss: 0.001, Time: 1:12:31
Epoch id: 19, Training steps: 300, Avg loss: 0.001, Time: 1:12:47
Epoch id: 19, Training steps: 400, Avg loss: 0.002, Time: 1:13:03
Epoch id: 19, Training steps: 500, Avg loss: 0.002, Time: 1:13:19
Epoch id: 19, Training steps: 600, Avg loss: 0.002, Time: 1:13:35
Epoch id: 19, Training steps: 700, Avg loss: 0.002, Time: 1:13:51
Epoch id: 19, Training steps: 800, Avg loss: 0.001, Time: 1:14:07
Epoch id: 19, Training steps: 900, Avg loss: 0.002, Time: 1:14:23
Epoch id: 19, Training steps: 1000, Avg loss: 0.002, Time: 1:14:38
Epoch id: 19, Training steps: 1100, Avg loss: 0.002, Time: 1:14:55
Start evaluation on dev dataset.
/root/miniconda3/envs/lyq/lib/python3.8/site-packages/sklearn/metrics/_classification.py:1469: UndefinedMetricWarning: Precision is ill-defined and being set to 0.0 in samples with no predicted labels. Use `zero_division` parameter to control this behavior.
  _warn_prf(average, modifier, msg_start, len(result))
Acc. (Correct/Total): 51.20%% Prec: 0.6967 F1: 0.6669
Epoch id: 20, Training steps: 100, Avg loss: 0.002, Time: 1:15:51
Epoch id: 20, Training steps: 200, Avg loss: 0.002, Time: 1:16:06
Epoch id: 20, Training steps: 300, Avg loss: 0.002, Time: 1:16:23
Epoch id: 20, Training steps: 400, Avg loss: 0.001, Time: 1:16:38
Epoch id: 20, Training steps: 500, Avg loss: 0.001, Time: 1:16:55
Epoch id: 20, Training steps: 600, Avg loss: 0.002, Time: 1:17:11
Epoch id: 20, Training steps: 700, Avg loss: 0.002, Time: 1:17:26
Epoch id: 20, Training steps: 800, Avg loss: 0.002, Time: 1:17:43
Epoch id: 20, Training steps: 900, Avg loss: 0.001, Time: 1:17:59
Epoch id: 20, Training steps: 1000, Avg loss: 0.002, Time: 1:18:14
Epoch id: 20, Training steps: 1100, Avg loss: 0.003, Time: 1:18:30
Start evaluation on dev dataset.
/root/miniconda3/envs/lyq/lib/python3.8/site-packages/sklearn/metrics/_classification.py:1469: UndefinedMetricWarning: Precision is ill-defined and being set to 0.0 in samples with no predicted labels. Use `zero_division` parameter to control this behavior.
  _warn_prf(average, modifier, msg_start, len(result))
Acc. (Correct/Total): 52.54%% Prec: 0.7130 F1: 0.6764
Start evaluation on test dataset.
/root/miniconda3/envs/lyq/lib/python3.8/site-packages/sklearn/metrics/_classification.py:1469: UndefinedMetricWarning: Precision is ill-defined and being set to 0.0 in samples with no predicted labels. Use `zero_division` parameter to control this behavior.
  _warn_prf(average, modifier, msg_start, len(result))
Acc. (Correct/Total): 57.14%% Prec: 0.7455 F1: 0.7067
Epoch id: 21, Training steps: 100, Avg loss: 0.002, Time: 1:20:01
Epoch id: 21, Training steps: 200, Avg loss: 0.001, Time: 1:20:17
Epoch id: 21, Training steps: 300, Avg loss: 0.001, Time: 1:20:33
Epoch id: 21, Training steps: 400, Avg loss: 0.001, Time: 1:20:49
Epoch id: 21, Training steps: 500, Avg loss: 0.001, Time: 1:21:05
Epoch id: 21, Training steps: 600, Avg loss: 0.001, Time: 1:21:21
Epoch id: 21, Training steps: 700, Avg loss: 0.001, Time: 1:21:37
Epoch id: 21, Training steps: 800, Avg loss: 0.002, Time: 1:21:54
Epoch id: 21, Training steps: 900, Avg loss: 0.002, Time: 1:22:10
Epoch id: 21, Training steps: 1000, Avg loss: 0.002, Time: 1:22:26
Epoch id: 21, Training steps: 1100, Avg loss: 0.002, Time: 1:22:43
Start evaluation on dev dataset.
/root/miniconda3/envs/lyq/lib/python3.8/site-packages/sklearn/metrics/_classification.py:1469: UndefinedMetricWarning: Precision is ill-defined and being set to 0.0 in samples with no predicted labels. Use `zero_division` parameter to control this behavior.
  _warn_prf(average, modifier, msg_start, len(result))
Acc. (Correct/Total): 52.59%% Prec: 0.7152 F1: 0.6901
Start evaluation on test dataset.
/root/miniconda3/envs/lyq/lib/python3.8/site-packages/sklearn/metrics/_classification.py:1469: UndefinedMetricWarning: Precision is ill-defined and being set to 0.0 in samples with no predicted labels. Use `zero_division` parameter to control this behavior.
  _warn_prf(average, modifier, msg_start, len(result))
Acc. (Correct/Total): 57.76%% Prec: 0.7510 F1: 0.7264
Epoch id: 22, Training steps: 100, Avg loss: 0.002, Time: 1:24:14
Epoch id: 22, Training steps: 200, Avg loss: 0.001, Time: 1:24:31
Epoch id: 22, Training steps: 300, Avg loss: 0.001, Time: 1:24:47
Epoch id: 22, Training steps: 400, Avg loss: 0.001, Time: 1:25:03
Epoch id: 22, Training steps: 500, Avg loss: 0.001, Time: 1:25:19
Epoch id: 22, Training steps: 600, Avg loss: 0.001, Time: 1:25:35
Epoch id: 22, Training steps: 700, Avg loss: 0.001, Time: 1:25:52
Epoch id: 22, Training steps: 800, Avg loss: 0.001, Time: 1:26:08
Epoch id: 22, Training steps: 900, Avg loss: 0.001, Time: 1:26:24
Epoch id: 22, Training steps: 1000, Avg loss: 0.002, Time: 1:26:40
Epoch id: 22, Training steps: 1100, Avg loss: 0.002, Time: 1:26:57
Start evaluation on dev dataset.
/root/miniconda3/envs/lyq/lib/python3.8/site-packages/sklearn/metrics/_classification.py:1469: UndefinedMetricWarning: Precision is ill-defined and being set to 0.0 in samples with no predicted labels. Use `zero_division` parameter to control this behavior.
  _warn_prf(average, modifier, msg_start, len(result))
Acc. (Correct/Total): 52.50%% Prec: 0.7098 F1: 0.6795
Epoch id: 23, Training steps: 100, Avg loss: 0.002, Time: 1:27:50
Epoch id: 23, Training steps: 200, Avg loss: 0.001, Time: 1:28:07
Epoch id: 23, Training steps: 300, Avg loss: 0.001, Time: 1:28:22
Epoch id: 23, Training steps: 400, Avg loss: 0.001, Time: 1:28:38
Epoch id: 23, Training steps: 500, Avg loss: 0.002, Time: 1:28:55
Epoch id: 23, Training steps: 600, Avg loss: 0.002, Time: 1:29:10
Epoch id: 23, Training steps: 700, Avg loss: 0.001, Time: 1:29:27
Epoch id: 23, Training steps: 800, Avg loss: 0.001, Time: 1:29:42
Epoch id: 23, Training steps: 900, Avg loss: 0.001, Time: 1:30:01
Epoch id: 23, Training steps: 1000, Avg loss: 0.001, Time: 1:30:16
Epoch id: 23, Training steps: 1100, Avg loss: 0.001, Time: 1:30:31
Start evaluation on dev dataset.
/root/miniconda3/envs/lyq/lib/python3.8/site-packages/sklearn/metrics/_classification.py:1469: UndefinedMetricWarning: Precision is ill-defined and being set to 0.0 in samples with no predicted labels. Use `zero_division` parameter to control this behavior.
  _warn_prf(average, modifier, msg_start, len(result))
Acc. (Correct/Total): 52.16%% Prec: 0.7077 F1: 0.6759
Epoch id: 24, Training steps: 100, Avg loss: 0.002, Time: 1:31:26
Epoch id: 24, Training steps: 200, Avg loss: 0.001, Time: 1:31:42
Epoch id: 24, Training steps: 300, Avg loss: 0.001, Time: 1:31:59
Epoch id: 24, Training steps: 400, Avg loss: 0.001, Time: 1:32:15
Epoch id: 24, Training steps: 500, Avg loss: 0.001, Time: 1:32:31
Epoch id: 24, Training steps: 600, Avg loss: 0.001, Time: 1:32:48
Epoch id: 24, Training steps: 700, Avg loss: 0.001, Time: 1:33:05
Epoch id: 24, Training steps: 800, Avg loss: 0.001, Time: 1:33:20
Epoch id: 24, Training steps: 900, Avg loss: 0.001, Time: 1:33:36
Epoch id: 24, Training steps: 1000, Avg loss: 0.001, Time: 1:33:54
Epoch id: 24, Training steps: 1100, Avg loss: 0.001, Time: 1:34:08
Start evaluation on dev dataset.
/root/miniconda3/envs/lyq/lib/python3.8/site-packages/sklearn/metrics/_classification.py:1469: UndefinedMetricWarning: Precision is ill-defined and being set to 0.0 in samples with no predicted labels. Use `zero_division` parameter to control this behavior.
  _warn_prf(average, modifier, msg_start, len(result))
Acc. (Correct/Total): 52.64%% Prec: 0.7123 F1: 0.6832
Start evaluation on test dataset.
/root/miniconda3/envs/lyq/lib/python3.8/site-packages/sklearn/metrics/_classification.py:1469: UndefinedMetricWarning: Precision is ill-defined and being set to 0.0 in samples with no predicted labels. Use `zero_division` parameter to control this behavior.
  _warn_prf(average, modifier, msg_start, len(result))
Acc. (Correct/Total): 59.70%% Prec: 0.7587 F1: 0.7300
Epoch id: 25, Training steps: 100, Avg loss: 0.001, Time: 1:35:37
Epoch id: 25, Training steps: 200, Avg loss: 0.001, Time: 1:35:54
Epoch id: 25, Training steps: 300, Avg loss: 0.001, Time: 1:36:09
Epoch id: 25, Training steps: 400, Avg loss: 0.001, Time: 1:36:26
Epoch id: 25, Training steps: 500, Avg loss: 0.001, Time: 1:36:41
Epoch id: 25, Training steps: 600, Avg loss: 0.001, Time: 1:36:57
Epoch id: 25, Training steps: 700, Avg loss: 0.001, Time: 1:37:14
Epoch id: 25, Training steps: 800, Avg loss: 0.001, Time: 1:37:29
Epoch id: 25, Training steps: 900, Avg loss: 0.001, Time: 1:37:46
Epoch id: 25, Training steps: 1000, Avg loss: 0.002, Time: 1:38:02
Epoch id: 25, Training steps: 1100, Avg loss: 0.001, Time: 1:38:18
Start evaluation on dev dataset.
/root/miniconda3/envs/lyq/lib/python3.8/site-packages/sklearn/metrics/_classification.py:1469: UndefinedMetricWarning: Precision is ill-defined and being set to 0.0 in samples with no predicted labels. Use `zero_division` parameter to control this behavior.
  _warn_prf(average, modifier, msg_start, len(result))
Acc. (Correct/Total): 52.30%% Prec: 0.7177 F1: 0.6885
Epoch id: 26, Training steps: 100, Avg loss: 0.001, Time: 1:39:14
Epoch id: 26, Training steps: 200, Avg loss: 0.001, Time: 1:39:29
Epoch id: 26, Training steps: 300, Avg loss: 0.001, Time: 1:39:45
Epoch id: 26, Training steps: 400, Avg loss: 0.001, Time: 1:40:01
Epoch id: 26, Training steps: 500, Avg loss: 0.001, Time: 1:40:18
Epoch id: 26, Training steps: 600, Avg loss: 0.001, Time: 1:40:33
Epoch id: 26, Training steps: 700, Avg loss: 0.001, Time: 1:40:50
Epoch id: 26, Training steps: 800, Avg loss: 0.001, Time: 1:41:07
Epoch id: 26, Training steps: 900, Avg loss: 0.001, Time: 1:41:23
Epoch id: 26, Training steps: 1000, Avg loss: 0.001, Time: 1:41:39
Epoch id: 26, Training steps: 1100, Avg loss: 0.002, Time: 1:41:56
Start evaluation on dev dataset.
/root/miniconda3/envs/lyq/lib/python3.8/site-packages/sklearn/metrics/_classification.py:1469: UndefinedMetricWarning: Precision is ill-defined and being set to 0.0 in samples with no predicted labels. Use `zero_division` parameter to control this behavior.
  _warn_prf(average, modifier, msg_start, len(result))
Acc. (Correct/Total): 49.95%% Prec: 0.6943 F1: 0.6576
Epoch id: 27, Training steps: 100, Avg loss: 0.001, Time: 1:42:51
Epoch id: 27, Training steps: 200, Avg loss: 0.001, Time: 1:43:06
Epoch id: 27, Training steps: 300, Avg loss: 0.002, Time: 1:43:21
Epoch id: 27, Training steps: 400, Avg loss: 0.001, Time: 1:43:36
Epoch id: 27, Training steps: 500, Avg loss: 0.001, Time: 1:43:52
Epoch id: 27, Training steps: 600, Avg loss: 0.001, Time: 1:44:09
Epoch id: 27, Training steps: 700, Avg loss: 0.001, Time: 1:44:25
Epoch id: 27, Training steps: 800, Avg loss: 0.001, Time: 1:44:40
Epoch id: 27, Training steps: 900, Avg loss: 0.001, Time: 1:44:56
Epoch id: 27, Training steps: 1000, Avg loss: 0.001, Time: 1:45:13
Epoch id: 27, Training steps: 1100, Avg loss: 0.001, Time: 1:45:28
Start evaluation on dev dataset.
/root/miniconda3/envs/lyq/lib/python3.8/site-packages/sklearn/metrics/_classification.py:1469: UndefinedMetricWarning: Precision is ill-defined and being set to 0.0 in samples with no predicted labels. Use `zero_division` parameter to control this behavior.
  _warn_prf(average, modifier, msg_start, len(result))
Acc. (Correct/Total): 52.59%% Prec: 0.7056 F1: 0.6779
Epoch id: 28, Training steps: 100, Avg loss: 0.002, Time: 1:46:14
Epoch id: 28, Training steps: 200, Avg loss: 0.001, Time: 1:46:26
Epoch id: 28, Training steps: 300, Avg loss: 0.001, Time: 1:46:38
Epoch id: 28, Training steps: 400, Avg loss: 0.000, Time: 1:46:53
Epoch id: 28, Training steps: 500, Avg loss: 0.002, Time: 1:47:09
Epoch id: 28, Training steps: 600, Avg loss: 0.001, Time: 1:47:25
Epoch id: 28, Training steps: 700, Avg loss: 0.000, Time: 1:47:41
Epoch id: 28, Training steps: 800, Avg loss: 0.000, Time: 1:47:58
Epoch id: 28, Training steps: 900, Avg loss: 0.001, Time: 1:48:13
Epoch id: 28, Training steps: 1000, Avg loss: 0.000, Time: 1:48:29
Epoch id: 28, Training steps: 1100, Avg loss: 0.001, Time: 1:48:45
Start evaluation on dev dataset.
/root/miniconda3/envs/lyq/lib/python3.8/site-packages/sklearn/metrics/_classification.py:1469: UndefinedMetricWarning: Precision is ill-defined and being set to 0.0 in samples with no predicted labels. Use `zero_division` parameter to control this behavior.
  _warn_prf(average, modifier, msg_start, len(result))
Acc. (Correct/Total): 53.89%% Prec: 0.7151 F1: 0.6896
Start evaluation on test dataset.
/root/miniconda3/envs/lyq/lib/python3.8/site-packages/sklearn/metrics/_classification.py:1469: UndefinedMetricWarning: Precision is ill-defined and being set to 0.0 in samples with no predicted labels. Use `zero_division` parameter to control this behavior.
  _warn_prf(average, modifier, msg_start, len(result))
Acc. (Correct/Total): 60.43%% Prec: 0.7667 F1: 0.7375
Epoch id: 29, Training steps: 100, Avg loss: 0.001, Time: 1:50:15
Epoch id: 29, Training steps: 200, Avg loss: 0.000, Time: 1:50:30
Epoch id: 29, Training steps: 300, Avg loss: 0.001, Time: 1:50:47
Epoch id: 29, Training steps: 400, Avg loss: 0.001, Time: 1:51:03
Epoch id: 29, Training steps: 500, Avg loss: 0.001, Time: 1:51:18
Epoch id: 29, Training steps: 600, Avg loss: 0.001, Time: 1:51:35
Epoch id: 29, Training steps: 700, Avg loss: 0.001, Time: 1:51:51
Epoch id: 29, Training steps: 800, Avg loss: 0.001, Time: 1:52:08
Epoch id: 29, Training steps: 900, Avg loss: 0.001, Time: 1:52:23
Epoch id: 29, Training steps: 1000, Avg loss: 0.001, Time: 1:52:38
Epoch id: 29, Training steps: 1100, Avg loss: 0.001, Time: 1:52:54
Start evaluation on dev dataset.
/root/miniconda3/envs/lyq/lib/python3.8/site-packages/sklearn/metrics/_classification.py:1469: UndefinedMetricWarning: Precision is ill-defined and being set to 0.0 in samples with no predicted labels. Use `zero_division` parameter to control this behavior.
  _warn_prf(average, modifier, msg_start, len(result))
Acc. (Correct/Total): 52.93%% Prec: 0.7096 F1: 0.6844
Epoch id: 30, Training steps: 100, Avg loss: 0.001, Time: 1:53:49
Epoch id: 30, Training steps: 200, Avg loss: 0.001, Time: 1:54:05
Epoch id: 30, Training steps: 300, Avg loss: 0.000, Time: 1:54:21
Epoch id: 30, Training steps: 400, Avg loss: 0.001, Time: 1:54:38
Epoch id: 30, Training steps: 500, Avg loss: 0.001, Time: 1:54:54
Epoch id: 30, Training steps: 600, Avg loss: 0.001, Time: 1:55:12
Epoch id: 30, Training steps: 700, Avg loss: 0.001, Time: 1:55:27
Epoch id: 30, Training steps: 800, Avg loss: 0.000, Time: 1:55:42
Epoch id: 30, Training steps: 900, Avg loss: 0.001, Time: 1:55:58
Epoch id: 30, Training steps: 1000, Avg loss: 0.000, Time: 1:56:15
Epoch id: 30, Training steps: 1100, Avg loss: 0.001, Time: 1:56:30
Start evaluation on dev dataset.
/root/miniconda3/envs/lyq/lib/python3.8/site-packages/sklearn/metrics/_classification.py:1469: UndefinedMetricWarning: Precision is ill-defined and being set to 0.0 in samples with no predicted labels. Use `zero_division` parameter to control this behavior.
  _warn_prf(average, modifier, msg_start, len(result))
Acc. (Correct/Total): 54.13%% Prec: 0.7315 F1: 0.7048
Start evaluation on test dataset.
/root/miniconda3/envs/lyq/lib/python3.8/site-packages/sklearn/metrics/_classification.py:1469: UndefinedMetricWarning: Precision is ill-defined and being set to 0.0 in samples with no predicted labels. Use `zero_division` parameter to control this behavior.
  _warn_prf(average, modifier, msg_start, len(result))
Acc. (Correct/Total): 59.80%% Prec: 0.7636 F1: 0.7379
Epoch id: 31, Training steps: 100, Avg loss: 0.001, Time: 1:57:59
Epoch id: 31, Training steps: 200, Avg loss: 0.001, Time: 1:58:14
Epoch id: 31, Training steps: 300, Avg loss: 0.002, Time: 1:58:29
Epoch id: 31, Training steps: 400, Avg loss: 0.002, Time: 1:58:46
Epoch id: 31, Training steps: 500, Avg loss: 0.001, Time: 1:59:03
Epoch id: 31, Training steps: 600, Avg loss: 0.001, Time: 1:59:18
Epoch id: 31, Training steps: 700, Avg loss: 0.001, Time: 1:59:35
Epoch id: 31, Training steps: 800, Avg loss: 0.001, Time: 1:59:51
Epoch id: 31, Training steps: 900, Avg loss: 0.001, Time: 2:00:06
Epoch id: 31, Training steps: 1000, Avg loss: 0.001, Time: 2:00:21
Epoch id: 31, Training steps: 1100, Avg loss: 0.001, Time: 2:00:37
Start evaluation on dev dataset.
/root/miniconda3/envs/lyq/lib/python3.8/site-packages/sklearn/metrics/_classification.py:1469: UndefinedMetricWarning: Precision is ill-defined and being set to 0.0 in samples with no predicted labels. Use `zero_division` parameter to control this behavior.
  _warn_prf(average, modifier, msg_start, len(result))
Acc. (Correct/Total): 51.63%% Prec: 0.7044 F1: 0.6718
Epoch id: 32, Training steps: 100, Avg loss: 0.002, Time: 2:01:33
Epoch id: 32, Training steps: 200, Avg loss: 0.001, Time: 2:01:49
Epoch id: 32, Training steps: 300, Avg loss: 0.000, Time: 2:02:05
Epoch id: 32, Training steps: 400, Avg loss: 0.001, Time: 2:02:20
Epoch id: 32, Training steps: 500, Avg loss: 0.001, Time: 2:02:36
Epoch id: 32, Training steps: 600, Avg loss: 0.001, Time: 2:02:53
Epoch id: 32, Training steps: 700, Avg loss: 0.001, Time: 2:03:08
Epoch id: 32, Training steps: 800, Avg loss: 0.001, Time: 2:03:24
Epoch id: 32, Training steps: 900, Avg loss: 0.001, Time: 2:03:40
Epoch id: 32, Training steps: 1000, Avg loss: 0.001, Time: 2:03:57
Epoch id: 32, Training steps: 1100, Avg loss: 0.001, Time: 2:04:13
Start evaluation on dev dataset.
/root/miniconda3/envs/lyq/lib/python3.8/site-packages/sklearn/metrics/_classification.py:1469: UndefinedMetricWarning: Precision is ill-defined and being set to 0.0 in samples with no predicted labels. Use `zero_division` parameter to control this behavior.
  _warn_prf(average, modifier, msg_start, len(result))
Acc. (Correct/Total): 52.83%% Prec: 0.7175 F1: 0.6888
Epoch id: 33, Training steps: 100, Avg loss: 0.001, Time: 2:05:07
Epoch id: 33, Training steps: 200, Avg loss: 0.001, Time: 2:05:23
Epoch id: 33, Training steps: 300, Avg loss: 0.001, Time: 2:05:38
Epoch id: 33, Training steps: 400, Avg loss: 0.001, Time: 2:05:56
Epoch id: 33, Training steps: 500, Avg loss: 0.001, Time: 2:06:12
Epoch id: 33, Training steps: 600, Avg loss: 0.000, Time: 2:06:28
Epoch id: 33, Training steps: 700, Avg loss: 0.001, Time: 2:06:45
Epoch id: 33, Training steps: 800, Avg loss: 0.001, Time: 2:07:02
Epoch id: 33, Training steps: 900, Avg loss: 0.000, Time: 2:07:18
Epoch id: 33, Training steps: 1000, Avg loss: 0.001, Time: 2:07:34
Epoch id: 33, Training steps: 1100, Avg loss: 0.001, Time: 2:07:49
Start evaluation on dev dataset.
/root/miniconda3/envs/lyq/lib/python3.8/site-packages/sklearn/metrics/_classification.py:1469: UndefinedMetricWarning: Precision is ill-defined and being set to 0.0 in samples with no predicted labels. Use `zero_division` parameter to control this behavior.
  _warn_prf(average, modifier, msg_start, len(result))
Acc. (Correct/Total): 53.60%% Prec: 0.7190 F1: 0.6920
Epoch id: 34, Training steps: 100, Avg loss: 0.001, Time: 2:08:44
Epoch id: 34, Training steps: 200, Avg loss: 0.000, Time: 2:09:00
Epoch id: 34, Training steps: 300, Avg loss: 0.000, Time: 2:09:16
Epoch id: 34, Training steps: 400, Avg loss: 0.000, Time: 2:09:32
Epoch id: 34, Training steps: 500, Avg loss: 0.000, Time: 2:09:49
Epoch id: 34, Training steps: 600, Avg loss: 0.000, Time: 2:10:05
Epoch id: 34, Training steps: 700, Avg loss: 0.000, Time: 2:10:21
Epoch id: 34, Training steps: 800, Avg loss: 0.001, Time: 2:10:37
Epoch id: 34, Training steps: 900, Avg loss: 0.001, Time: 2:10:53
Epoch id: 34, Training steps: 1000, Avg loss: 0.001, Time: 2:11:10
Epoch id: 34, Training steps: 1100, Avg loss: 0.001, Time: 2:11:24
Start evaluation on dev dataset.
/root/miniconda3/envs/lyq/lib/python3.8/site-packages/sklearn/metrics/_classification.py:1469: UndefinedMetricWarning: Precision is ill-defined and being set to 0.0 in samples with no predicted labels. Use `zero_division` parameter to control this behavior.
  _warn_prf(average, modifier, msg_start, len(result))
Acc. (Correct/Total): 53.21%% Prec: 0.7148 F1: 0.6922
Epoch id: 35, Training steps: 100, Avg loss: 0.001, Time: 2:12:20
Epoch id: 35, Training steps: 200, Avg loss: 0.001, Time: 2:12:36
Epoch id: 35, Training steps: 300, Avg loss: 0.000, Time: 2:12:53
Epoch id: 35, Training steps: 400, Avg loss: 0.001, Time: 2:13:09
Epoch id: 35, Training steps: 500, Avg loss: 0.001, Time: 2:13:24
Epoch id: 35, Training steps: 600, Avg loss: 0.001, Time: 2:13:40
Epoch id: 35, Training steps: 700, Avg loss: 0.000, Time: 2:13:58
Epoch id: 35, Training steps: 800, Avg loss: 0.001, Time: 2:14:13
Epoch id: 35, Training steps: 900, Avg loss: 0.001, Time: 2:14:28
Epoch id: 35, Training steps: 1000, Avg loss: 0.001, Time: 2:14:44
Epoch id: 35, Training steps: 1100, Avg loss: 0.001, Time: 2:15:00
Start evaluation on dev dataset.
/root/miniconda3/envs/lyq/lib/python3.8/site-packages/sklearn/metrics/_classification.py:1469: UndefinedMetricWarning: Precision is ill-defined and being set to 0.0 in samples with no predicted labels. Use `zero_division` parameter to control this behavior.
  _warn_prf(average, modifier, msg_start, len(result))
Acc. (Correct/Total): 53.55%% Prec: 0.7177 F1: 0.6941
Epoch id: 36, Training steps: 100, Avg loss: 0.001, Time: 2:15:54
Epoch id: 36, Training steps: 200, Avg loss: 0.001, Time: 2:16:10
Epoch id: 36, Training steps: 300, Avg loss: 0.001, Time: 2:16:25
Epoch id: 36, Training steps: 400, Avg loss: 0.001, Time: 2:16:40
Epoch id: 36, Training steps: 500, Avg loss: 0.001, Time: 2:16:57
Epoch id: 36, Training steps: 600, Avg loss: 0.002, Time: 2:17:13
Epoch id: 36, Training steps: 700, Avg loss: 0.002, Time: 2:17:29
Epoch id: 36, Training steps: 800, Avg loss: 0.001, Time: 2:17:45
Epoch id: 36, Training steps: 900, Avg loss: 0.001, Time: 2:18:02
Epoch id: 36, Training steps: 1000, Avg loss: 0.001, Time: 2:18:18
Epoch id: 36, Training steps: 1100, Avg loss: 0.001, Time: 2:18:34
Start evaluation on dev dataset.
/root/miniconda3/envs/lyq/lib/python3.8/site-packages/sklearn/metrics/_classification.py:1469: UndefinedMetricWarning: Precision is ill-defined and being set to 0.0 in samples with no predicted labels. Use `zero_division` parameter to control this behavior.
  _warn_prf(average, modifier, msg_start, len(result))
Acc. (Correct/Total): 53.74%% Prec: 0.7145 F1: 0.6899
Epoch id: 37, Training steps: 100, Avg loss: 0.002, Time: 2:19:29
Epoch id: 37, Training steps: 200, Avg loss: 0.002, Time: 2:19:45
Epoch id: 37, Training steps: 300, Avg loss: 0.001, Time: 2:20:01
Epoch id: 37, Training steps: 400, Avg loss: 0.001, Time: 2:20:17
Epoch id: 37, Training steps: 500, Avg loss: 0.001, Time: 2:20:34
Epoch id: 37, Training steps: 600, Avg loss: 0.001, Time: 2:20:51
Epoch id: 37, Training steps: 700, Avg loss: 0.001, Time: 2:21:07
Epoch id: 37, Training steps: 800, Avg loss: 0.000, Time: 2:21:23
Epoch id: 37, Training steps: 900, Avg loss: 0.000, Time: 2:21:38
Epoch id: 37, Training steps: 1000, Avg loss: 0.000, Time: 2:21:55
Epoch id: 37, Training steps: 1100, Avg loss: 0.000, Time: 2:22:10
Start evaluation on dev dataset.
/root/miniconda3/envs/lyq/lib/python3.8/site-packages/sklearn/metrics/_classification.py:1469: UndefinedMetricWarning: Precision is ill-defined and being set to 0.0 in samples with no predicted labels. Use `zero_division` parameter to control this behavior.
  _warn_prf(average, modifier, msg_start, len(result))
Acc. (Correct/Total): 52.78%% Prec: 0.7027 F1: 0.6750
Epoch id: 38, Training steps: 100, Avg loss: 0.001, Time: 2:23:06
Epoch id: 38, Training steps: 200, Avg loss: 0.000, Time: 2:23:22
Epoch id: 38, Training steps: 300, Avg loss: 0.001, Time: 2:23:38
Epoch id: 38, Training steps: 400, Avg loss: 0.000, Time: 2:23:54
Epoch id: 38, Training steps: 500, Avg loss: 0.000, Time: 2:24:12
Epoch id: 38, Training steps: 600, Avg loss: 0.000, Time: 2:24:27
Epoch id: 38, Training steps: 700, Avg loss: 0.001, Time: 2:24:44
Epoch id: 38, Training steps: 800, Avg loss: 0.000, Time: 2:25:00
Epoch id: 38, Training steps: 900, Avg loss: 0.001, Time: 2:25:17
Epoch id: 38, Training steps: 1000, Avg loss: 0.002, Time: 2:25:33
Epoch id: 38, Training steps: 1100, Avg loss: 0.001, Time: 2:25:49
Start evaluation on dev dataset.
/root/miniconda3/envs/lyq/lib/python3.8/site-packages/sklearn/metrics/_classification.py:1469: UndefinedMetricWarning: Precision is ill-defined and being set to 0.0 in samples with no predicted labels. Use `zero_division` parameter to control this behavior.
  _warn_prf(average, modifier, msg_start, len(result))
Acc. (Correct/Total): 52.78%% Prec: 0.7043 F1: 0.6746
Epoch id: 39, Training steps: 100, Avg loss: 0.001, Time: 2:26:45
Epoch id: 39, Training steps: 200, Avg loss: 0.001, Time: 2:27:01
Epoch id: 39, Training steps: 300, Avg loss: 0.000, Time: 2:27:17
Epoch id: 39, Training steps: 400, Avg loss: 0.000, Time: 2:27:33
Epoch id: 39, Training steps: 500, Avg loss: 0.000, Time: 2:27:50
Epoch id: 39, Training steps: 600, Avg loss: 0.000, Time: 2:28:07
Epoch id: 39, Training steps: 700, Avg loss: 0.001, Time: 2:28:22
Epoch id: 39, Training steps: 800, Avg loss: 0.001, Time: 2:28:39
Epoch id: 39, Training steps: 900, Avg loss: 0.000, Time: 2:28:56
Epoch id: 39, Training steps: 1000, Avg loss: 0.001, Time: 2:29:11
Epoch id: 39, Training steps: 1100, Avg loss: 0.001, Time: 2:29:27
Start evaluation on dev dataset.
/root/miniconda3/envs/lyq/lib/python3.8/site-packages/sklearn/metrics/_classification.py:1469: UndefinedMetricWarning: Precision is ill-defined and being set to 0.0 in samples with no predicted labels. Use `zero_division` parameter to control this behavior.
  _warn_prf(average, modifier, msg_start, len(result))
Acc. (Correct/Total): 54.17%% Prec: 0.7210 F1: 0.6950
Start evaluation on test dataset.
/root/miniconda3/envs/lyq/lib/python3.8/site-packages/sklearn/metrics/_classification.py:1469: UndefinedMetricWarning: Precision is ill-defined and being set to 0.0 in samples with no predicted labels. Use `zero_division` parameter to control this behavior.
  _warn_prf(average, modifier, msg_start, len(result))
Acc. (Correct/Total): 58.49%% Prec: 0.7562 F1: 0.7270
Epoch id: 40, Training steps: 100, Avg loss: 0.001, Time: 2:30:57
Epoch id: 40, Training steps: 200, Avg loss: 0.001, Time: 2:31:14
Epoch id: 40, Training steps: 300, Avg loss: 0.001, Time: 2:31:29
Epoch id: 40, Training steps: 400, Avg loss: 0.001, Time: 2:31:44
Epoch id: 40, Training steps: 500, Avg loss: 0.001, Time: 2:32:00
Epoch id: 40, Training steps: 600, Avg loss: 0.001, Time: 2:32:16
Epoch id: 40, Training steps: 700, Avg loss: 0.000, Time: 2:32:32
Epoch id: 40, Training steps: 800, Avg loss: 0.000, Time: 2:32:47
Epoch id: 40, Training steps: 900, Avg loss: 0.000, Time: 2:33:03
Epoch id: 40, Training steps: 1000, Avg loss: 0.000, Time: 2:33:19
Epoch id: 40, Training steps: 1100, Avg loss: 0.001, Time: 2:33:36
Start evaluation on dev dataset.
/root/miniconda3/envs/lyq/lib/python3.8/site-packages/sklearn/metrics/_classification.py:1469: UndefinedMetricWarning: Precision is ill-defined and being set to 0.0 in samples with no predicted labels. Use `zero_division` parameter to control this behavior.
  _warn_prf(average, modifier, msg_start, len(result))
Acc. (Correct/Total): 53.55%% Prec: 0.7198 F1: 0.6942
Final evaluation on the test dataset.
The number of evaluation instances:  2067
/root/miniconda3/envs/lyq/lib/python3.8/site-packages/sklearn/metrics/_classification.py:1469: UndefinedMetricWarning: Precision is ill-defined and being set to 0.0 in samples with no predicted labels. Use `zero_division` parameter to control this behavior.
  _warn_prf(average, modifier, msg_start, len(result))
/root/miniconda3/envs/lyq/lib/python3.8/site-packages/sklearn/metrics/_classification.py:1469: UndefinedMetricWarning: Precision and F-score are ill-defined and being set to 0.0 in labels with no predicted samples. Use `zero_division` parameter to control this behavior.
  _warn_prf(average, modifier, msg_start, len(result))
/root/miniconda3/envs/lyq/lib/python3.8/site-packages/sklearn/metrics/_classification.py:1469: UndefinedMetricWarning: Precision and F-score are ill-defined and being set to 0.0 in samples with no predicted labels. Use `zero_division` parameter to control this behavior.
  _warn_prf(average, modifier, msg_start, len(result))
Acc. (Correct/Total): 58.49% Prec: 0.7562 F1: 0.7270
Precision, Recall and F1-Score...
              precision    recall  f1-score   support

         教育学     0.7727    0.9170    0.8387       241
          法学     0.8089    0.8125    0.8107       224
      中国语言文学     0.8014    0.6108    0.6933       185
         政治学     0.7609    0.6442    0.6977       163
         社会学     0.7792    0.7643    0.7717       157
         心理学     0.7683    0.5122    0.6146       123
       应用经济学     0.6842    0.5556    0.6132       117
         历史学     0.8537    0.6422    0.7330       109
     环境科学与工程     0.8716    0.8796    0.8756       108
          哲学     0.7126    0.6392    0.6739        97
      外国语言文学     0.7654    0.7294    0.7470        85
         生物学     0.7848    0.7848    0.7848        79
      交通运输工程     0.8941    0.9744    0.9325        78
        临床医学     0.8413    0.6974    0.7626        76
    计算机科学与技术     0.8103    0.6620    0.7287        71
        土木工程     0.9143    0.9697    0.9412        66
   航空宇航科学与技术     0.9483    0.9016    0.9244        61
         民族学     0.6250    0.5455    0.5825        55
   公共卫生与预防医学     0.5849    0.6078    0.5962        51
         美术学     0.6806    0.9800    0.8033        50
         艺术学     0.7551    0.8605    0.8043        43
         地理学     0.8750    0.6667    0.7568        42
         体育学     0.8387    0.6500    0.7324        40
       理论经济学     0.7692    0.7895    0.7792        38
         中医学     0.8158    0.8378    0.8267        37
         物理学     0.7750    0.8611    0.8158        36
          林学     0.8182    0.5455    0.6545        33
          数学     0.7143    0.6250    0.6667        32
     电子科学与技术     0.6296    0.5484    0.5862        31
        基础医学     0.5417    0.4483    0.4906        29
        工商管理     0.6923    0.3333    0.4500        27
       新闻传播学     0.8750    0.6364    0.7368        22
         天文学     0.8261    0.8636    0.8444        22
         地质学     0.7778    0.6667    0.7179        21
         畜牧学     0.8261    0.9048    0.8636        21
   军事思想及军事历史     0.7391    0.8500    0.7907        20
     管理科学与工程     0.4839    0.8333    0.6122        18
     测绘科学与技术     0.7368    0.8235    0.7778        17
        水利工程     0.9231    0.7500    0.8276        16
        大气科学     0.7500    0.7500    0.7500        16
     兵器科学与技术     0.7333    0.7333    0.7333        15
       地球物理学     0.6667    0.4286    0.5217        14
        电气工程     1.0000    0.5385    0.7000        13
         作物学     0.7143    0.3846    0.5000        13
     控制科学与工程     0.3333    0.3846    0.3571        13
     信息与通信工程     0.5882    0.7692    0.6667        13
        公共管理     0.0000    0.0000    0.0000        13
         建筑学     0.8000    0.3077    0.4444        13
     化学工程与技术     0.7857    0.9167    0.8462        12
          力学     1.0000    0.6364    0.7778        11
        海洋科学     0.9091    0.9091    0.9091        11
     轻工技术与工程     0.5000    0.6364    0.5600        11
        农业工程     0.8571    0.6000    0.7059        10
         园艺学     0.8182    0.9000    0.8571        10
       中西医结合     1.0000    0.1000    0.1818        10
        机械工程     1.0000    0.6667    0.8000         9
       科学技术史     0.0000    0.0000    0.0000         8
     船舶与海洋工程     0.8750    0.8750    0.8750         8
   图书情报与档案管理     1.0000    0.6250    0.7692         8
        植物保护     0.7500    0.7500    0.7500         8
     材料科学与工程     1.0000    0.5000    0.6667         8
         统计学     0.4286    0.7500    0.5455         8
          化学     0.8750    0.8750    0.8750         8
     食品科学与工程     0.8333    0.6250    0.7143         8
          水产     1.0000    1.0000    1.0000         7
          药学     1.0000    0.8571    0.9231         7
     农业资源与环境     1.0000    0.8571    0.9231         7
         世界史     0.3333    0.2857    0.3077         7
        系统科学     0.6667    0.8571    0.7500         7
      农林经济管理     0.5000    0.8000    0.6154         5
       军队指挥学     1.0000    0.4000    0.5714         5
        矿业工程     0.6667    0.8000    0.7273         5
     纺织科学与工程     0.7143    1.0000    0.8333         5
  动力工程及工程热物理     0.0000    0.0000    0.0000         4
        林业工程     0.5000    0.5000    0.5000         4
     仪器科学与技术     0.0000    0.0000    0.0000         3
         战略学     0.5000    0.6667    0.5714         3
   地质资源与地质工程     0.2500    0.3333    0.2857         3
        旅游管理     1.0000    0.6667    0.8000         3
 图书馆、情报与档案管理     0.0000    0.0000    0.0000         2
        冶金工程     1.0000    1.0000    1.0000         2
      核科学与技术     1.0000    1.0000    1.0000         2

   micro avg     0.7705    0.7174    0.7430      3093
   macro avg     0.7247    0.6587    0.6729      3093
weighted avg     0.7733    0.7174    0.7356      3093
 samples avg     0.7562    0.7242    0.7270      3093

