/root/miniconda3/envs/lyq/lib/python3.8/site-packages/scipy/__init__.py:146: UserWarning: A NumPy version >=1.16.5 and <1.23.0 is required for this version of SciPy (detected version 1.23.5
  warnings.warn(f"A NumPy version >={np_minversion} and <{np_maxversion}"
  0%|          | 0/82 [00:00<?, ?it/s]100%|██████████| 82/82 [00:00<00:00, 960706.50it/s]
model:  ernie-rcnn
pretrained:  ernie1
task:  MLC-slice
dataset:  book_multilabels_task_slice
seq_length:  256
hidden_dropout_prob:  0.1
attention_probs_dropout_prob:  0.1
epochs_num:  20
batch_size:  16
learning_rate:  2e-05
report_steps:  100
kg_name:  CnDbpedia
no_kg:  False
no_vm:  False
Vocabulary Size:  17964
[BertClassifier] use visible_matrix: True
Some weights of ErnieRCNNForMultiLabelSequenceClassificationSlice were not initialized from the model checkpoint at ./models/ernie1 and are newly initialized: ['lstm.weight_ih_l1_reverse', 'lstm.bias_ih_l0', 'lstm.weight_hh_l0_reverse', 'lstm.weight_ih_l0', 'lstm.bias_ih_l1_reverse', 'classifier.bias', 'lstm.weight_hh_l0', 'classifier.weight', 'lstm.bias_hh_l0_reverse', 'lstm.bias_hh_l1_reverse', 'lstm.bias_hh_l0', 'lstm.weight_hh_l1', 'lstm.bias_hh_l1', 'lstm.weight_ih_l0_reverse', 'output_layer_1.weight', 'output_layer_1.bias', 'lstm.bias_ih_l1', 'lstm.weight_hh_l1_reverse', 'lstm.weight_ih_l1', 'lstm.bias_ih_l0_reverse']
You should probably TRAIN this model on a down-stream task to be able to use it for predictions and inference.
1 GPUs are available. Let's use them.
device:  cuda
[KnowledgeGraph] Loading spo from /Lyq/experiment/K-BERT-HUGGINGFACE/brain/kgs/CnDbpedia.spo
Start training.
Loading sentences from ./datasets/book_multilabels_task_slice/train.tsv
There are 9097 sentence in total. We use 1 processes to inject knowledge into sentences.
Progress of process 0: 0/9097
Loading sentences from ./datasets/book_multilabels_task_slice/dev.tsv
There are 2084 sentence in total. We use 1 processes to inject knowledge into sentences.
Progress of process 0: 0/2084
Loading sentences from ./datasets/book_multilabels_task_slice/test.tsv
There are 2067 sentence in total. We use 1 processes to inject knowledge into sentences.
Progress of process 0: 0/2067
Epoch id: 1, Training steps: 100, Avg loss: 0.279, Time: 0:01:02
Epoch id: 1, Training steps: 200, Avg loss: 0.096, Time: 0:02:02
Epoch id: 1, Training steps: 300, Avg loss: 0.085, Time: 0:03:06
Epoch id: 1, Training steps: 400, Avg loss: 0.084, Time: 0:04:06
Epoch id: 1, Training steps: 500, Avg loss: 0.081, Time: 0:05:07
Start evaluation on dev dataset.
/root/miniconda3/envs/lyq/lib/python3.8/site-packages/sklearn/metrics/_classification.py:1469: UndefinedMetricWarning: Precision is ill-defined and being set to 0.0 in samples with no predicted labels. Use `zero_division` parameter to control this behavior.
  _warn_prf(average, modifier, msg_start, len(result))
Acc. (Correct/Total):  0.00%% Prec: 0.0000 F1: 0.0000
Epoch id: 2, Training steps: 100, Avg loss: 0.124, Time: 0:07:19
Epoch id: 2, Training steps: 200, Avg loss: 0.068, Time: 0:08:21
Epoch id: 2, Training steps: 300, Avg loss: 0.062, Time: 0:09:24
Epoch id: 2, Training steps: 400, Avg loss: 0.056, Time: 0:10:27
Epoch id: 2, Training steps: 500, Avg loss: 0.051, Time: 0:11:28
Start evaluation on dev dataset.
/root/miniconda3/envs/lyq/lib/python3.8/site-packages/sklearn/metrics/_classification.py:1469: UndefinedMetricWarning: Precision is ill-defined and being set to 0.0 in samples with no predicted labels. Use `zero_division` parameter to control this behavior.
  _warn_prf(average, modifier, msg_start, len(result))
Acc. (Correct/Total):  2.54%% Prec: 0.0641 F1: 0.0512
Start evaluation on test dataset.
/root/miniconda3/envs/lyq/lib/python3.8/site-packages/sklearn/metrics/_classification.py:1469: UndefinedMetricWarning: Precision is ill-defined and being set to 0.0 in samples with no predicted labels. Use `zero_division` parameter to control this behavior.
  _warn_prf(average, modifier, msg_start, len(result))
Acc. (Correct/Total):  5.85%% Prec: 0.0929 F1: 0.0817
Epoch id: 3, Training steps: 100, Avg loss: 0.080, Time: 0:14:15
Epoch id: 3, Training steps: 200, Avg loss: 0.042, Time: 0:15:17
Epoch id: 3, Training steps: 300, Avg loss: 0.040, Time: 0:16:19
Epoch id: 3, Training steps: 400, Avg loss: 0.038, Time: 0:17:21
Epoch id: 3, Training steps: 500, Avg loss: 0.037, Time: 0:18:23
Start evaluation on dev dataset.
/root/miniconda3/envs/lyq/lib/python3.8/site-packages/sklearn/metrics/_classification.py:1469: UndefinedMetricWarning: Precision is ill-defined and being set to 0.0 in samples with no predicted labels. Use `zero_division` parameter to control this behavior.
  _warn_prf(average, modifier, msg_start, len(result))
Acc. (Correct/Total): 19.00%% Prec: 0.3069 F1: 0.2685
Start evaluation on test dataset.
/root/miniconda3/envs/lyq/lib/python3.8/site-packages/sklearn/metrics/_classification.py:1469: UndefinedMetricWarning: Precision is ill-defined and being set to 0.0 in samples with no predicted labels. Use `zero_division` parameter to control this behavior.
  _warn_prf(average, modifier, msg_start, len(result))
Acc. (Correct/Total): 24.29%% Prec: 0.3379 F1: 0.3061
Epoch id: 4, Training steps: 100, Avg loss: 0.057, Time: 0:21:10
Epoch id: 4, Training steps: 200, Avg loss: 0.032, Time: 0:22:11
Epoch id: 4, Training steps: 300, Avg loss: 0.031, Time: 0:23:14
Epoch id: 4, Training steps: 400, Avg loss: 0.030, Time: 0:24:16
Epoch id: 4, Training steps: 500, Avg loss: 0.029, Time: 0:25:18
Start evaluation on dev dataset.
/root/miniconda3/envs/lyq/lib/python3.8/site-packages/sklearn/metrics/_classification.py:1469: UndefinedMetricWarning: Precision is ill-defined and being set to 0.0 in samples with no predicted labels. Use `zero_division` parameter to control this behavior.
  _warn_prf(average, modifier, msg_start, len(result))
Acc. (Correct/Total): 25.96%% Prec: 0.3940 F1: 0.3504
Start evaluation on test dataset.
/root/miniconda3/envs/lyq/lib/python3.8/site-packages/sklearn/metrics/_classification.py:1469: UndefinedMetricWarning: Precision is ill-defined and being set to 0.0 in samples with no predicted labels. Use `zero_division` parameter to control this behavior.
  _warn_prf(average, modifier, msg_start, len(result))
Acc. (Correct/Total): 31.16%% Prec: 0.4335 F1: 0.3939
Epoch id: 5, Training steps: 100, Avg loss: 0.048, Time: 0:28:04
Epoch id: 5, Training steps: 200, Avg loss: 0.026, Time: 0:29:05
Epoch id: 5, Training steps: 300, Avg loss: 0.026, Time: 0:30:06
Epoch id: 5, Training steps: 400, Avg loss: 0.025, Time: 0:31:06
Epoch id: 5, Training steps: 500, Avg loss: 0.025, Time: 0:32:06
Start evaluation on dev dataset.
/root/miniconda3/envs/lyq/lib/python3.8/site-packages/sklearn/metrics/_classification.py:1469: UndefinedMetricWarning: Precision is ill-defined and being set to 0.0 in samples with no predicted labels. Use `zero_division` parameter to control this behavior.
  _warn_prf(average, modifier, msg_start, len(result))
Acc. (Correct/Total): 32.68%% Prec: 0.4707 F1: 0.4242
Start evaluation on test dataset.
/root/miniconda3/envs/lyq/lib/python3.8/site-packages/sklearn/metrics/_classification.py:1469: UndefinedMetricWarning: Precision is ill-defined and being set to 0.0 in samples with no predicted labels. Use `zero_division` parameter to control this behavior.
  _warn_prf(average, modifier, msg_start, len(result))
Acc. (Correct/Total): 37.98%% Prec: 0.5186 F1: 0.4752
Epoch id: 6, Training steps: 100, Avg loss: 0.038, Time: 0:34:48
Epoch id: 6, Training steps: 200, Avg loss: 0.022, Time: 0:35:50
Epoch id: 6, Training steps: 300, Avg loss: 0.021, Time: 0:36:50
Epoch id: 6, Training steps: 400, Avg loss: 0.022, Time: 0:37:49
Epoch id: 6, Training steps: 500, Avg loss: 0.021, Time: 0:38:51
Start evaluation on dev dataset.
/root/miniconda3/envs/lyq/lib/python3.8/site-packages/sklearn/metrics/_classification.py:1469: UndefinedMetricWarning: Precision is ill-defined and being set to 0.0 in samples with no predicted labels. Use `zero_division` parameter to control this behavior.
  _warn_prf(average, modifier, msg_start, len(result))
Acc. (Correct/Total): 35.56%% Prec: 0.5156 F1: 0.4654
Start evaluation on test dataset.
/root/miniconda3/envs/lyq/lib/python3.8/site-packages/sklearn/metrics/_classification.py:1469: UndefinedMetricWarning: Precision is ill-defined and being set to 0.0 in samples with no predicted labels. Use `zero_division` parameter to control this behavior.
  _warn_prf(average, modifier, msg_start, len(result))
Acc. (Correct/Total): 41.17%% Prec: 0.5658 F1: 0.5161
Epoch id: 7, Training steps: 100, Avg loss: 0.034, Time: 0:41:41
Epoch id: 7, Training steps: 200, Avg loss: 0.019, Time: 0:42:45
Epoch id: 7, Training steps: 300, Avg loss: 0.019, Time: 0:43:48
Epoch id: 7, Training steps: 400, Avg loss: 0.019, Time: 0:44:51
Epoch id: 7, Training steps: 500, Avg loss: 0.018, Time: 0:45:52
Start evaluation on dev dataset.
/root/miniconda3/envs/lyq/lib/python3.8/site-packages/sklearn/metrics/_classification.py:1469: UndefinedMetricWarning: Precision is ill-defined and being set to 0.0 in samples with no predicted labels. Use `zero_division` parameter to control this behavior.
  _warn_prf(average, modifier, msg_start, len(result))
Acc. (Correct/Total): 39.68%% Prec: 0.5782 F1: 0.5228
Start evaluation on test dataset.
/root/miniconda3/envs/lyq/lib/python3.8/site-packages/sklearn/metrics/_classification.py:1469: UndefinedMetricWarning: Precision is ill-defined and being set to 0.0 in samples with no predicted labels. Use `zero_division` parameter to control this behavior.
  _warn_prf(average, modifier, msg_start, len(result))
Acc. (Correct/Total): 46.11%% Prec: 0.6301 F1: 0.5776
Epoch id: 8, Training steps: 100, Avg loss: 0.028, Time: 0:48:37
Epoch id: 8, Training steps: 200, Avg loss: 0.016, Time: 0:49:39
Epoch id: 8, Training steps: 300, Avg loss: 0.016, Time: 0:50:39
Epoch id: 8, Training steps: 400, Avg loss: 0.015, Time: 0:51:41
Epoch id: 8, Training steps: 500, Avg loss: 0.017, Time: 0:52:44
Start evaluation on dev dataset.
/root/miniconda3/envs/lyq/lib/python3.8/site-packages/sklearn/metrics/_classification.py:1469: UndefinedMetricWarning: Precision is ill-defined and being set to 0.0 in samples with no predicted labels. Use `zero_division` parameter to control this behavior.
  _warn_prf(average, modifier, msg_start, len(result))
Acc. (Correct/Total): 40.21%% Prec: 0.5789 F1: 0.5232
Start evaluation on test dataset.
/root/miniconda3/envs/lyq/lib/python3.8/site-packages/sklearn/metrics/_classification.py:1469: UndefinedMetricWarning: Precision is ill-defined and being set to 0.0 in samples with no predicted labels. Use `zero_division` parameter to control this behavior.
  _warn_prf(average, modifier, msg_start, len(result))
Acc. (Correct/Total): 45.19%% Prec: 0.6340 F1: 0.5760
Epoch id: 9, Training steps: 100, Avg loss: 0.025, Time: 0:55:31
Epoch id: 9, Training steps: 200, Avg loss: 0.014, Time: 0:56:33
Epoch id: 9, Training steps: 300, Avg loss: 0.014, Time: 0:57:33
Epoch id: 9, Training steps: 400, Avg loss: 0.014, Time: 0:58:37
Epoch id: 9, Training steps: 500, Avg loss: 0.013, Time: 0:59:39
Start evaluation on dev dataset.
/root/miniconda3/envs/lyq/lib/python3.8/site-packages/sklearn/metrics/_classification.py:1469: UndefinedMetricWarning: Precision is ill-defined and being set to 0.0 in samples with no predicted labels. Use `zero_division` parameter to control this behavior.
  _warn_prf(average, modifier, msg_start, len(result))
Acc. (Correct/Total): 43.76%% Prec: 0.6492 F1: 0.5884
Start evaluation on test dataset.
/root/miniconda3/envs/lyq/lib/python3.8/site-packages/sklearn/metrics/_classification.py:1469: UndefinedMetricWarning: Precision is ill-defined and being set to 0.0 in samples with no predicted labels. Use `zero_division` parameter to control this behavior.
  _warn_prf(average, modifier, msg_start, len(result))
Acc. (Correct/Total): 50.02%% Prec: 0.6977 F1: 0.6383
Epoch id: 10, Training steps: 100, Avg loss: 0.021, Time: 1:02:24
Epoch id: 10, Training steps: 200, Avg loss: 0.011, Time: 1:03:23
Epoch id: 10, Training steps: 300, Avg loss: 0.012, Time: 1:04:23
Epoch id: 10, Training steps: 400, Avg loss: 0.012, Time: 1:05:23
Epoch id: 10, Training steps: 500, Avg loss: 0.011, Time: 1:06:24
Start evaluation on dev dataset.
/root/miniconda3/envs/lyq/lib/python3.8/site-packages/sklearn/metrics/_classification.py:1469: UndefinedMetricWarning: Precision is ill-defined and being set to 0.0 in samples with no predicted labels. Use `zero_division` parameter to control this behavior.
  _warn_prf(average, modifier, msg_start, len(result))
Acc. (Correct/Total): 44.96%% Prec: 0.6425 F1: 0.5865
Start evaluation on test dataset.
/root/miniconda3/envs/lyq/lib/python3.8/site-packages/sklearn/metrics/_classification.py:1469: UndefinedMetricWarning: Precision is ill-defined and being set to 0.0 in samples with no predicted labels. Use `zero_division` parameter to control this behavior.
  _warn_prf(average, modifier, msg_start, len(result))
Acc. (Correct/Total): 51.28%% Prec: 0.6929 F1: 0.6386
Epoch id: 11, Training steps: 100, Avg loss: 0.018, Time: 1:09:13
Epoch id: 11, Training steps: 200, Avg loss: 0.010, Time: 1:10:14
Epoch id: 11, Training steps: 300, Avg loss: 0.010, Time: 1:11:16
Epoch id: 11, Training steps: 400, Avg loss: 0.010, Time: 1:12:16
Epoch id: 11, Training steps: 500, Avg loss: 0.009, Time: 1:13:20
Start evaluation on dev dataset.
/root/miniconda3/envs/lyq/lib/python3.8/site-packages/sklearn/metrics/_classification.py:1469: UndefinedMetricWarning: Precision is ill-defined and being set to 0.0 in samples with no predicted labels. Use `zero_division` parameter to control this behavior.
  _warn_prf(average, modifier, msg_start, len(result))
Acc. (Correct/Total): 46.40%% Prec: 0.6667 F1: 0.6078
Start evaluation on test dataset.
/root/miniconda3/envs/lyq/lib/python3.8/site-packages/sklearn/metrics/_classification.py:1469: UndefinedMetricWarning: Precision is ill-defined and being set to 0.0 in samples with no predicted labels. Use `zero_division` parameter to control this behavior.
  _warn_prf(average, modifier, msg_start, len(result))
Acc. (Correct/Total): 51.91%% Prec: 0.7199 F1: 0.6590
Epoch id: 12, Training steps: 100, Avg loss: 0.019, Time: 1:16:11
Epoch id: 12, Training steps: 200, Avg loss: 0.009, Time: 1:17:13
Epoch id: 12, Training steps: 300, Avg loss: 0.010, Time: 1:18:15
Epoch id: 12, Training steps: 400, Avg loss: 0.009, Time: 1:19:18
Epoch id: 12, Training steps: 500, Avg loss: 0.009, Time: 1:20:22
Start evaluation on dev dataset.
/root/miniconda3/envs/lyq/lib/python3.8/site-packages/sklearn/metrics/_classification.py:1469: UndefinedMetricWarning: Precision is ill-defined and being set to 0.0 in samples with no predicted labels. Use `zero_division` parameter to control this behavior.
  _warn_prf(average, modifier, msg_start, len(result))
Acc. (Correct/Total): 46.88%% Prec: 0.6675 F1: 0.6117
Start evaluation on test dataset.
/root/miniconda3/envs/lyq/lib/python3.8/site-packages/sklearn/metrics/_classification.py:1469: UndefinedMetricWarning: Precision is ill-defined and being set to 0.0 in samples with no predicted labels. Use `zero_division` parameter to control this behavior.
  _warn_prf(average, modifier, msg_start, len(result))
Acc. (Correct/Total): 53.07%% Prec: 0.7275 F1: 0.6688
Epoch id: 13, Training steps: 100, Avg loss: 0.014, Time: 1:23:15
Epoch id: 13, Training steps: 200, Avg loss: 0.008, Time: 1:24:19
Epoch id: 13, Training steps: 300, Avg loss: 0.008, Time: 1:25:22
Epoch id: 13, Training steps: 400, Avg loss: 0.007, Time: 1:26:23
Epoch id: 13, Training steps: 500, Avg loss: 0.007, Time: 1:27:22
Start evaluation on dev dataset.
/root/miniconda3/envs/lyq/lib/python3.8/site-packages/sklearn/metrics/_classification.py:1469: UndefinedMetricWarning: Precision is ill-defined and being set to 0.0 in samples with no predicted labels. Use `zero_division` parameter to control this behavior.
  _warn_prf(average, modifier, msg_start, len(result))
Acc. (Correct/Total): 49.62%% Prec: 0.7026 F1: 0.6450
Start evaluation on test dataset.
/root/miniconda3/envs/lyq/lib/python3.8/site-packages/sklearn/metrics/_classification.py:1469: UndefinedMetricWarning: Precision is ill-defined and being set to 0.0 in samples with no predicted labels. Use `zero_division` parameter to control this behavior.
  _warn_prf(average, modifier, msg_start, len(result))
Acc. (Correct/Total): 54.96%% Prec: 0.7325 F1: 0.6786
Epoch id: 14, Training steps: 100, Avg loss: 0.012, Time: 1:30:14
Epoch id: 14, Training steps: 200, Avg loss: 0.007, Time: 1:31:17
Epoch id: 14, Training steps: 300, Avg loss: 0.007, Time: 1:32:18
Epoch id: 14, Training steps: 400, Avg loss: 0.006, Time: 1:33:19
Epoch id: 14, Training steps: 500, Avg loss: 0.006, Time: 1:34:21
Start evaluation on dev dataset.
/root/miniconda3/envs/lyq/lib/python3.8/site-packages/sklearn/metrics/_classification.py:1469: UndefinedMetricWarning: Precision is ill-defined and being set to 0.0 in samples with no predicted labels. Use `zero_division` parameter to control this behavior.
  _warn_prf(average, modifier, msg_start, len(result))
Acc. (Correct/Total): 50.48%% Prec: 0.7234 F1: 0.6689
Start evaluation on test dataset.
/root/miniconda3/envs/lyq/lib/python3.8/site-packages/sklearn/metrics/_classification.py:1469: UndefinedMetricWarning: Precision is ill-defined and being set to 0.0 in samples with no predicted labels. Use `zero_division` parameter to control this behavior.
  _warn_prf(average, modifier, msg_start, len(result))
Acc. (Correct/Total): 56.85%% Prec: 0.7618 F1: 0.7087
Epoch id: 15, Training steps: 100, Avg loss: 0.010, Time: 1:37:15
Epoch id: 15, Training steps: 200, Avg loss: 0.005, Time: 1:38:19
Epoch id: 15, Training steps: 300, Avg loss: 0.005, Time: 1:39:18
Epoch id: 15, Training steps: 400, Avg loss: 0.006, Time: 1:40:21
Epoch id: 15, Training steps: 500, Avg loss: 0.006, Time: 1:41:25
Start evaluation on dev dataset.
/root/miniconda3/envs/lyq/lib/python3.8/site-packages/sklearn/metrics/_classification.py:1469: UndefinedMetricWarning: Precision is ill-defined and being set to 0.0 in samples with no predicted labels. Use `zero_division` parameter to control this behavior.
  _warn_prf(average, modifier, msg_start, len(result))
Acc. (Correct/Total): 50.43%% Prec: 0.7139 F1: 0.6581
Epoch id: 16, Training steps: 100, Avg loss: 0.009, Time: 1:43:40
Epoch id: 16, Training steps: 200, Avg loss: 0.005, Time: 1:44:42
Epoch id: 16, Training steps: 300, Avg loss: 0.005, Time: 1:45:44
Epoch id: 16, Training steps: 400, Avg loss: 0.005, Time: 1:46:45
Epoch id: 16, Training steps: 500, Avg loss: 0.005, Time: 1:47:48
Start evaluation on dev dataset.
/root/miniconda3/envs/lyq/lib/python3.8/site-packages/sklearn/metrics/_classification.py:1469: UndefinedMetricWarning: Precision is ill-defined and being set to 0.0 in samples with no predicted labels. Use `zero_division` parameter to control this behavior.
  _warn_prf(average, modifier, msg_start, len(result))
Acc. (Correct/Total): 50.34%% Prec: 0.7349 F1: 0.6765
Epoch id: 17, Training steps: 100, Avg loss: 0.007, Time: 1:50:03
Epoch id: 17, Training steps: 200, Avg loss: 0.004, Time: 1:51:07
Epoch id: 17, Training steps: 300, Avg loss: 0.004, Time: 1:52:10
Epoch id: 17, Training steps: 400, Avg loss: 0.004, Time: 1:53:12
Epoch id: 17, Training steps: 500, Avg loss: 0.004, Time: 1:54:15
Start evaluation on dev dataset.
/root/miniconda3/envs/lyq/lib/python3.8/site-packages/sklearn/metrics/_classification.py:1469: UndefinedMetricWarning: Precision is ill-defined and being set to 0.0 in samples with no predicted labels. Use `zero_division` parameter to control this behavior.
  _warn_prf(average, modifier, msg_start, len(result))
Acc. (Correct/Total): 48.22%% Prec: 0.7140 F1: 0.6538
Epoch id: 18, Training steps: 100, Avg loss: 0.006, Time: 1:56:34
Epoch id: 18, Training steps: 200, Avg loss: 0.004, Time: 1:57:36
Epoch id: 18, Training steps: 300, Avg loss: 0.004, Time: 1:58:39
Epoch id: 18, Training steps: 400, Avg loss: 0.004, Time: 1:59:42
Epoch id: 18, Training steps: 500, Avg loss: 0.004, Time: 2:00:44
Start evaluation on dev dataset.
/root/miniconda3/envs/lyq/lib/python3.8/site-packages/sklearn/metrics/_classification.py:1469: UndefinedMetricWarning: Precision is ill-defined and being set to 0.0 in samples with no predicted labels. Use `zero_division` parameter to control this behavior.
  _warn_prf(average, modifier, msg_start, len(result))
Acc. (Correct/Total): 51.92%% Prec: 0.7366 F1: 0.6851
Start evaluation on test dataset.
/root/miniconda3/envs/lyq/lib/python3.8/site-packages/sklearn/metrics/_classification.py:1469: UndefinedMetricWarning: Precision is ill-defined and being set to 0.0 in samples with no predicted labels. Use `zero_division` parameter to control this behavior.
  _warn_prf(average, modifier, msg_start, len(result))
Acc. (Correct/Total): 57.96%% Prec: 0.7682 F1: 0.7204
Epoch id: 19, Training steps: 100, Avg loss: 0.006, Time: 2:03:39
Epoch id: 19, Training steps: 200, Avg loss: 0.004, Time: 2:04:40
Epoch id: 19, Training steps: 300, Avg loss: 0.004, Time: 2:05:46
Epoch id: 19, Training steps: 400, Avg loss: 0.004, Time: 2:06:48
Epoch id: 19, Training steps: 500, Avg loss: 0.004, Time: 2:07:53
Start evaluation on dev dataset.
/root/miniconda3/envs/lyq/lib/python3.8/site-packages/sklearn/metrics/_classification.py:1469: UndefinedMetricWarning: Precision is ill-defined and being set to 0.0 in samples with no predicted labels. Use `zero_division` parameter to control this behavior.
  _warn_prf(average, modifier, msg_start, len(result))
Acc. (Correct/Total): 53.60%% Prec: 0.7335 F1: 0.6869
Start evaluation on test dataset.
/root/miniconda3/envs/lyq/lib/python3.8/site-packages/sklearn/metrics/_classification.py:1469: UndefinedMetricWarning: Precision is ill-defined and being set to 0.0 in samples with no predicted labels. Use `zero_division` parameter to control this behavior.
  _warn_prf(average, modifier, msg_start, len(result))
Acc. (Correct/Total): 58.93%% Prec: 0.7744 F1: 0.7274
Epoch id: 20, Training steps: 100, Avg loss: 0.005, Time: 2:10:42
Epoch id: 20, Training steps: 200, Avg loss: 0.003, Time: 2:11:44
Epoch id: 20, Training steps: 300, Avg loss: 0.003, Time: 2:12:41
Epoch id: 20, Training steps: 400, Avg loss: 0.003, Time: 2:13:45
Epoch id: 20, Training steps: 500, Avg loss: 0.003, Time: 2:14:48
Start evaluation on dev dataset.
/root/miniconda3/envs/lyq/lib/python3.8/site-packages/sklearn/metrics/_classification.py:1469: UndefinedMetricWarning: Precision is ill-defined and being set to 0.0 in samples with no predicted labels. Use `zero_division` parameter to control this behavior.
  _warn_prf(average, modifier, msg_start, len(result))
Acc. (Correct/Total): 53.36%% Prec: 0.7479 F1: 0.6965
Final evaluation on the test dataset.
The number of evaluation instances:  2067
/root/miniconda3/envs/lyq/lib/python3.8/site-packages/sklearn/metrics/_classification.py:1469: UndefinedMetricWarning: Precision is ill-defined and being set to 0.0 in samples with no predicted labels. Use `zero_division` parameter to control this behavior.
  _warn_prf(average, modifier, msg_start, len(result))
/root/miniconda3/envs/lyq/lib/python3.8/site-packages/sklearn/metrics/_classification.py:1469: UndefinedMetricWarning: Precision and F-score are ill-defined and being set to 0.0 in labels with no predicted samples. Use `zero_division` parameter to control this behavior.
  _warn_prf(average, modifier, msg_start, len(result))
/root/miniconda3/envs/lyq/lib/python3.8/site-packages/sklearn/metrics/_classification.py:1469: UndefinedMetricWarning: Precision and F-score are ill-defined and being set to 0.0 in samples with no predicted labels. Use `zero_division` parameter to control this behavior.
  _warn_prf(average, modifier, msg_start, len(result))
Acc. (Correct/Total): 58.93% Prec: 0.7744 F1: 0.7274
Precision, Recall and F1-Score...
              precision    recall  f1-score   support

         教育学     0.8911    0.9170    0.9039       241
          法学     0.8920    0.8482    0.8696       224
      中国语言文学     0.8053    0.8270    0.8160       185
         政治学     0.8189    0.6380    0.7172       163
         社会学     0.8939    0.7516    0.8166       157
         心理学     0.9079    0.5610    0.6935       123
       应用经济学     0.7882    0.5726    0.6634       117
         历史学     0.8750    0.5138    0.6474       109
     环境科学与工程     0.9121    0.7685    0.8342       108
          哲学     0.8095    0.5258    0.6375        97
      外国语言文学     0.8542    0.4824    0.6165        85
         生物学     0.8852    0.6835    0.7714        79
      交通运输工程     0.9589    0.8974    0.9272        78
        临床医学     0.9608    0.6447    0.7717        76
    计算机科学与技术     0.9362    0.6197    0.7458        71
        土木工程     0.9254    0.9394    0.9323        66
   航空宇航科学与技术     0.9474    0.8852    0.9153        61
         民族学     0.6757    0.4545    0.5435        55
   公共卫生与预防医学     0.7250    0.5686    0.6374        51
         美术学     0.8654    0.9000    0.8824        50
         艺术学     0.7391    0.7907    0.7640        43
         地理学     0.8235    0.6667    0.7368        42
         体育学     0.9583    0.5750    0.7188        40
       理论经济学     0.8485    0.7368    0.7887        38
         中医学     0.9000    0.7297    0.8060        37
         物理学     0.8611    0.8611    0.8611        36
          林学     0.8500    0.5152    0.6415        33
          数学     0.7368    0.4375    0.5490        32
     电子科学与技术     0.6400    0.5161    0.5714        31
        基础医学     0.5000    0.3793    0.4314        29
        工商管理     0.8947    0.6296    0.7391        27
       新闻传播学     0.8125    0.5909    0.6842        22
         天文学     0.7727    0.7727    0.7727        22
         地质学     0.7895    0.7143    0.7500        21
         畜牧学     0.8571    0.8571    0.8571        21
   军事思想及军事历史     0.8889    0.8000    0.8421        20
     管理科学与工程     0.6250    0.8333    0.7143        18
     测绘科学与技术     0.8462    0.6471    0.7333        17
        水利工程     1.0000    0.6875    0.8148        16
        大气科学     0.8125    0.8125    0.8125        16
     兵器科学与技术     0.7333    0.7333    0.7333        15
       地球物理学     0.7500    0.4286    0.5455        14
        电气工程     1.0000    0.4615    0.6316        13
         作物学     0.7778    0.5385    0.6364        13
     控制科学与工程     0.3333    0.2308    0.2727        13
     信息与通信工程     0.6154    0.6154    0.6154        13
        公共管理     0.1667    0.0769    0.1053        13
         建筑学     0.8333    0.3846    0.5263        13
     化学工程与技术     0.8000    0.6667    0.7273        12
          力学     1.0000    0.8182    0.9000        11
        海洋科学     0.9000    0.8182    0.8571        11
     轻工技术与工程     0.2500    0.0909    0.1333        11
        农业工程     1.0000    0.2000    0.3333        10
         园艺学     0.8750    0.7000    0.7778        10
       中西医结合     1.0000    0.3000    0.4615        10
        机械工程     1.0000    0.5556    0.7143         9
       科学技术史     1.0000    0.3750    0.5455         8
     船舶与海洋工程     1.0000    0.5000    0.6667         8
   图书情报与档案管理     0.6000    0.3750    0.4615         8
        植物保护     1.0000    0.7500    0.8571         8
     材料科学与工程     1.0000    0.6250    0.7692         8
         统计学     0.6667    0.5000    0.5714         8
          化学     0.8889    1.0000    0.9412         8
     食品科学与工程     0.7500    0.7500    0.7500         8
          水产     1.0000    0.5714    0.7273         7
          药学     1.0000    0.7143    0.8333         7
     农业资源与环境     1.0000    0.4286    0.6000         7
         世界史     0.6667    0.5714    0.6154         7
        系统科学     0.7143    0.7143    0.7143         7
      农林经济管理     1.0000    0.8000    0.8889         5
       军队指挥学     1.0000    0.4000    0.5714         5
        矿业工程     1.0000    0.4000    0.5714         5
     纺织科学与工程     0.7143    1.0000    0.8333         5
  动力工程及工程热物理     0.0000    0.0000    0.0000         4
        林业工程     0.3333    0.2500    0.2857         4
     仪器科学与技术     0.0000    0.0000    0.0000         3
         战略学     1.0000    0.3333    0.5000         3
   地质资源与地质工程     0.0000    0.0000    0.0000         3
        旅游管理     1.0000    0.3333    0.5000         3
 图书馆、情报与档案管理     0.0000    0.0000    0.0000         2
        冶金工程     0.0000    0.0000    0.0000         2
      核科学与技术     0.0000    0.0000    0.0000         2

   micro avg     0.8494    0.6877    0.7601      3093
   macro avg     0.7665    0.5678    0.6354      3093
weighted avg     0.8447    0.6877    0.7486      3093
 samples avg     0.7744    0.7095    0.7274      3093

