/root/miniconda3/envs/lyq/lib/python3.8/site-packages/scipy/__init__.py:146: UserWarning: A NumPy version >=1.16.5 and <1.23.0 is required for this version of SciPy (detected version 1.23.5
  warnings.warn(f"A NumPy version >={np_minversion} and <{np_maxversion}"
  0%|          | 0/82 [00:00<?, ?it/s]100%|██████████| 82/82 [00:00<00:00, 393066.20it/s]
model:  ernie-rcnn
pretrained:  ernie1
task:  MLC
dataset:  book_multilabels_task
seq_length:  256
hidden_dropout_prob:  0.1
attention_probs_dropout_prob:  0.1
epochs_num:  20
batch_size:  32
learning_rate:  2.7e-05
report_steps:  100
kg_name:  CnDbpedia
no_kg:  False
no_vm:  False
Vocabulary Size:  17964
[BertClassifier] use visible_matrix: True
Some weights of ErnieRCNNForMultiLabelSequenceClassification were not initialized from the model checkpoint at ./models/ernie1 and are newly initialized: ['lstm.bias_ih_l0_reverse', 'lstm.weight_ih_l1_reverse', 'output_layer_1.bias', 'classifier.bias', 'lstm.bias_ih_l1', 'lstm.weight_hh_l1', 'lstm.bias_hh_l0', 'lstm.bias_hh_l1_reverse', 'lstm.weight_hh_l0', 'lstm.weight_ih_l1', 'lstm.bias_hh_l0_reverse', 'lstm.bias_ih_l1_reverse', 'classifier.weight', 'lstm.bias_ih_l0', 'lstm.weight_hh_l0_reverse', 'lstm.weight_ih_l0_reverse', 'output_layer_1.weight', 'lstm.weight_ih_l0', 'lstm.bias_hh_l1', 'lstm.weight_hh_l1_reverse']
You should probably TRAIN this model on a down-stream task to be able to use it for predictions and inference.
1 GPUs are available. Let's use them.
device:  cuda
[KnowledgeGraph] Loading spo from /Lyq/experiment/K-BERT-HUGGINGFACE/brain/kgs/CnDbpedia.spo
Start training.
Loading sentences from ./datasets/book_multilabels_task/train.tsv
There are 9097 sentence in total. We use 1 processes to inject knowledge into sentences.
Progress of process 0: 0/9097
Loading sentences from ./datasets/book_multilabels_task/dev.tsv
There are 2084 sentence in total. We use 1 processes to inject knowledge into sentences.
Progress of process 0: 0/2084
Loading sentences from ./datasets/book_multilabels_task/test.tsv
There are 2067 sentence in total. We use 1 processes to inject knowledge into sentences.
Progress of process 0: 0/2067
Epoch id: 1, Training steps: 100, Avg loss: 0.208, Time: 0:00:55
Epoch id: 1, Training steps: 200, Avg loss: 0.084, Time: 0:01:50
Start evaluation on dev dataset.
/root/miniconda3/envs/lyq/lib/python3.8/site-packages/sklearn/metrics/_classification.py:1469: UndefinedMetricWarning: Precision is ill-defined and being set to 0.0 in samples with no predicted labels. Use `zero_division` parameter to control this behavior.
  _warn_prf(average, modifier, msg_start, len(result))
Acc. (Correct/Total):  0.00%% Prec: 0.0000 F1: 0.0000
Epoch id: 2, Training steps: 100, Avg loss: 0.137, Time: 0:03:44
Epoch id: 2, Training steps: 200, Avg loss: 0.062, Time: 0:04:35
Start evaluation on dev dataset.
/root/miniconda3/envs/lyq/lib/python3.8/site-packages/sklearn/metrics/_classification.py:1469: UndefinedMetricWarning: Precision is ill-defined and being set to 0.0 in samples with no predicted labels. Use `zero_division` parameter to control this behavior.
  _warn_prf(average, modifier, msg_start, len(result))
Acc. (Correct/Total):  4.03%% Prec: 0.0720 F1: 0.0612
Start evaluation on test dataset.
/root/miniconda3/envs/lyq/lib/python3.8/site-packages/sklearn/metrics/_classification.py:1469: UndefinedMetricWarning: Precision is ill-defined and being set to 0.0 in samples with no predicted labels. Use `zero_division` parameter to control this behavior.
  _warn_prf(average, modifier, msg_start, len(result))
Acc. (Correct/Total):  4.21%% Prec: 0.0832 F1: 0.0693
Epoch id: 3, Training steps: 100, Avg loss: 0.094, Time: 0:06:56
Epoch id: 3, Training steps: 200, Avg loss: 0.043, Time: 0:07:46
Start evaluation on dev dataset.
/root/miniconda3/envs/lyq/lib/python3.8/site-packages/sklearn/metrics/_classification.py:1469: UndefinedMetricWarning: Precision is ill-defined and being set to 0.0 in samples with no predicted labels. Use `zero_division` parameter to control this behavior.
  _warn_prf(average, modifier, msg_start, len(result))
Acc. (Correct/Total): 16.70%% Prec: 0.2850 F1: 0.2458
Start evaluation on test dataset.
/root/miniconda3/envs/lyq/lib/python3.8/site-packages/sklearn/metrics/_classification.py:1469: UndefinedMetricWarning: Precision is ill-defined and being set to 0.0 in samples with no predicted labels. Use `zero_division` parameter to control this behavior.
  _warn_prf(average, modifier, msg_start, len(result))
Acc. (Correct/Total): 21.04%% Prec: 0.3246 F1: 0.2867
Epoch id: 4, Training steps: 100, Avg loss: 0.068, Time: 0:09:59
Epoch id: 4, Training steps: 200, Avg loss: 0.033, Time: 0:10:52
Start evaluation on dev dataset.
/root/miniconda3/envs/lyq/lib/python3.8/site-packages/sklearn/metrics/_classification.py:1469: UndefinedMetricWarning: Precision is ill-defined and being set to 0.0 in samples with no predicted labels. Use `zero_division` parameter to control this behavior.
  _warn_prf(average, modifier, msg_start, len(result))
Acc. (Correct/Total): 23.18%% Prec: 0.3868 F1: 0.3357
Start evaluation on test dataset.
/root/miniconda3/envs/lyq/lib/python3.8/site-packages/sklearn/metrics/_classification.py:1469: UndefinedMetricWarning: Precision is ill-defined and being set to 0.0 in samples with no predicted labels. Use `zero_division` parameter to control this behavior.
  _warn_prf(average, modifier, msg_start, len(result))
Acc. (Correct/Total): 28.21%% Prec: 0.4371 F1: 0.3866
Epoch id: 5, Training steps: 100, Avg loss: 0.054, Time: 0:13:08
Epoch id: 5, Training steps: 200, Avg loss: 0.027, Time: 0:13:58
Start evaluation on dev dataset.
/root/miniconda3/envs/lyq/lib/python3.8/site-packages/sklearn/metrics/_classification.py:1469: UndefinedMetricWarning: Precision is ill-defined and being set to 0.0 in samples with no predicted labels. Use `zero_division` parameter to control this behavior.
  _warn_prf(average, modifier, msg_start, len(result))
Acc. (Correct/Total): 31.57%% Prec: 0.4753 F1: 0.4265
Start evaluation on test dataset.
/root/miniconda3/envs/lyq/lib/python3.8/site-packages/sklearn/metrics/_classification.py:1469: UndefinedMetricWarning: Precision is ill-defined and being set to 0.0 in samples with no predicted labels. Use `zero_division` parameter to control this behavior.
  _warn_prf(average, modifier, msg_start, len(result))
Acc. (Correct/Total): 36.77%% Prec: 0.5273 F1: 0.4784
Epoch id: 6, Training steps: 100, Avg loss: 0.044, Time: 0:16:24
Epoch id: 6, Training steps: 200, Avg loss: 0.021, Time: 0:17:21
Start evaluation on dev dataset.
/root/miniconda3/envs/lyq/lib/python3.8/site-packages/sklearn/metrics/_classification.py:1469: UndefinedMetricWarning: Precision is ill-defined and being set to 0.0 in samples with no predicted labels. Use `zero_division` parameter to control this behavior.
  _warn_prf(average, modifier, msg_start, len(result))
Acc. (Correct/Total): 33.06%% Prec: 0.5216 F1: 0.4609
Start evaluation on test dataset.
/root/miniconda3/envs/lyq/lib/python3.8/site-packages/sklearn/metrics/_classification.py:1469: UndefinedMetricWarning: Precision is ill-defined and being set to 0.0 in samples with no predicted labels. Use `zero_division` parameter to control this behavior.
  _warn_prf(average, modifier, msg_start, len(result))
Acc. (Correct/Total): 40.64%% Prec: 0.5822 F1: 0.5274
Epoch id: 7, Training steps: 100, Avg loss: 0.037, Time: 0:19:40
Epoch id: 7, Training steps: 200, Avg loss: 0.018, Time: 0:20:33
Start evaluation on dev dataset.
/root/miniconda3/envs/lyq/lib/python3.8/site-packages/sklearn/metrics/_classification.py:1469: UndefinedMetricWarning: Precision is ill-defined and being set to 0.0 in samples with no predicted labels. Use `zero_division` parameter to control this behavior.
  _warn_prf(average, modifier, msg_start, len(result))
Acc. (Correct/Total): 35.46%% Prec: 0.5475 F1: 0.4877
Start evaluation on test dataset.
/root/miniconda3/envs/lyq/lib/python3.8/site-packages/sklearn/metrics/_classification.py:1469: UndefinedMetricWarning: Precision is ill-defined and being set to 0.0 in samples with no predicted labels. Use `zero_division` parameter to control this behavior.
  _warn_prf(average, modifier, msg_start, len(result))
Acc. (Correct/Total): 41.75%% Prec: 0.5997 F1: 0.5442
Epoch id: 8, Training steps: 100, Avg loss: 0.030, Time: 0:22:51
Epoch id: 8, Training steps: 200, Avg loss: 0.015, Time: 0:23:41
Start evaluation on dev dataset.
/root/miniconda3/envs/lyq/lib/python3.8/site-packages/sklearn/metrics/_classification.py:1469: UndefinedMetricWarning: Precision is ill-defined and being set to 0.0 in samples with no predicted labels. Use `zero_division` parameter to control this behavior.
  _warn_prf(average, modifier, msg_start, len(result))
Acc. (Correct/Total): 39.35%% Prec: 0.5831 F1: 0.5255
Start evaluation on test dataset.
/root/miniconda3/envs/lyq/lib/python3.8/site-packages/sklearn/metrics/_classification.py:1469: UndefinedMetricWarning: Precision is ill-defined and being set to 0.0 in samples with no predicted labels. Use `zero_division` parameter to control this behavior.
  _warn_prf(average, modifier, msg_start, len(result))
Acc. (Correct/Total): 45.72%% Prec: 0.6467 F1: 0.5875
Epoch id: 9, Training steps: 100, Avg loss: 0.025, Time: 0:26:04
Epoch id: 9, Training steps: 200, Avg loss: 0.013, Time: 0:27:00
Start evaluation on dev dataset.
/root/miniconda3/envs/lyq/lib/python3.8/site-packages/sklearn/metrics/_classification.py:1469: UndefinedMetricWarning: Precision is ill-defined and being set to 0.0 in samples with no predicted labels. Use `zero_division` parameter to control this behavior.
  _warn_prf(average, modifier, msg_start, len(result))
Acc. (Correct/Total): 42.51%% Prec: 0.6232 F1: 0.5669
Start evaluation on test dataset.
/root/miniconda3/envs/lyq/lib/python3.8/site-packages/sklearn/metrics/_classification.py:1469: UndefinedMetricWarning: Precision is ill-defined and being set to 0.0 in samples with no predicted labels. Use `zero_division` parameter to control this behavior.
  _warn_prf(average, modifier, msg_start, len(result))
Acc. (Correct/Total): 49.88%% Prec: 0.6866 F1: 0.6319
Epoch id: 10, Training steps: 100, Avg loss: 0.020, Time: 0:29:21
Epoch id: 10, Training steps: 200, Avg loss: 0.010, Time: 0:30:16
Start evaluation on dev dataset.
/root/miniconda3/envs/lyq/lib/python3.8/site-packages/sklearn/metrics/_classification.py:1469: UndefinedMetricWarning: Precision is ill-defined and being set to 0.0 in samples with no predicted labels. Use `zero_division` parameter to control this behavior.
  _warn_prf(average, modifier, msg_start, len(result))
Acc. (Correct/Total): 42.71%% Prec: 0.6354 F1: 0.5738
Start evaluation on test dataset.
/root/miniconda3/envs/lyq/lib/python3.8/site-packages/sklearn/metrics/_classification.py:1469: UndefinedMetricWarning: Precision is ill-defined and being set to 0.0 in samples with no predicted labels. Use `zero_division` parameter to control this behavior.
  _warn_prf(average, modifier, msg_start, len(result))
Acc. (Correct/Total): 49.59%% Prec: 0.6877 F1: 0.6306
Epoch id: 11, Training steps: 100, Avg loss: 0.017, Time: 0:32:50
Epoch id: 11, Training steps: 200, Avg loss: 0.008, Time: 0:33:38
Start evaluation on dev dataset.
/root/miniconda3/envs/lyq/lib/python3.8/site-packages/sklearn/metrics/_classification.py:1469: UndefinedMetricWarning: Precision is ill-defined and being set to 0.0 in samples with no predicted labels. Use `zero_division` parameter to control this behavior.
  _warn_prf(average, modifier, msg_start, len(result))
Acc. (Correct/Total): 44.48%% Prec: 0.6503 F1: 0.5919
Start evaluation on test dataset.
/root/miniconda3/envs/lyq/lib/python3.8/site-packages/sklearn/metrics/_classification.py:1469: UndefinedMetricWarning: Precision is ill-defined and being set to 0.0 in samples with no predicted labels. Use `zero_division` parameter to control this behavior.
  _warn_prf(average, modifier, msg_start, len(result))
Acc. (Correct/Total): 49.44%% Prec: 0.6978 F1: 0.6388
Epoch id: 12, Training steps: 100, Avg loss: 0.014, Time: 0:36:03
Epoch id: 12, Training steps: 200, Avg loss: 0.007, Time: 0:36:59
Start evaluation on dev dataset.
/root/miniconda3/envs/lyq/lib/python3.8/site-packages/sklearn/metrics/_classification.py:1469: UndefinedMetricWarning: Precision is ill-defined and being set to 0.0 in samples with no predicted labels. Use `zero_division` parameter to control this behavior.
  _warn_prf(average, modifier, msg_start, len(result))
Acc. (Correct/Total): 41.84%% Prec: 0.6221 F1: 0.5662
Epoch id: 13, Training steps: 100, Avg loss: 0.014, Time: 0:38:42
Epoch id: 13, Training steps: 200, Avg loss: 0.007, Time: 0:39:26
Start evaluation on dev dataset.
/root/miniconda3/envs/lyq/lib/python3.8/site-packages/sklearn/metrics/_classification.py:1469: UndefinedMetricWarning: Precision is ill-defined and being set to 0.0 in samples with no predicted labels. Use `zero_division` parameter to control this behavior.
  _warn_prf(average, modifier, msg_start, len(result))
Acc. (Correct/Total): 46.31%% Prec: 0.6608 F1: 0.6086
Start evaluation on test dataset.
/root/miniconda3/envs/lyq/lib/python3.8/site-packages/sklearn/metrics/_classification.py:1469: UndefinedMetricWarning: Precision is ill-defined and being set to 0.0 in samples with no predicted labels. Use `zero_division` parameter to control this behavior.
  _warn_prf(average, modifier, msg_start, len(result))
Acc. (Correct/Total): 53.02%% Prec: 0.7234 F1: 0.6689
Epoch id: 14, Training steps: 100, Avg loss: 0.012, Time: 0:41:25
Epoch id: 14, Training steps: 200, Avg loss: 0.006, Time: 0:42:12
Start evaluation on dev dataset.
/root/miniconda3/envs/lyq/lib/python3.8/site-packages/sklearn/metrics/_classification.py:1469: UndefinedMetricWarning: Precision is ill-defined and being set to 0.0 in samples with no predicted labels. Use `zero_division` parameter to control this behavior.
  _warn_prf(average, modifier, msg_start, len(result))
Acc. (Correct/Total): 45.92%% Prec: 0.6592 F1: 0.6067
Epoch id: 15, Training steps: 100, Avg loss: 0.011, Time: 0:43:49
Epoch id: 15, Training steps: 200, Avg loss: 0.005, Time: 0:44:37
Start evaluation on dev dataset.
/root/miniconda3/envs/lyq/lib/python3.8/site-packages/sklearn/metrics/_classification.py:1469: UndefinedMetricWarning: Precision is ill-defined and being set to 0.0 in samples with no predicted labels. Use `zero_division` parameter to control this behavior.
  _warn_prf(average, modifier, msg_start, len(result))
Acc. (Correct/Total): 48.03%% Prec: 0.6794 F1: 0.6288
Start evaluation on test dataset.
/root/miniconda3/envs/lyq/lib/python3.8/site-packages/sklearn/metrics/_classification.py:1469: UndefinedMetricWarning: Precision is ill-defined and being set to 0.0 in samples with no predicted labels. Use `zero_division` parameter to control this behavior.
  _warn_prf(average, modifier, msg_start, len(result))
Acc. (Correct/Total): 53.70%% Prec: 0.7300 F1: 0.6775
Epoch id: 16, Training steps: 100, Avg loss: 0.007, Time: 0:46:33
Epoch id: 16, Training steps: 200, Avg loss: 0.004, Time: 0:47:22
Start evaluation on dev dataset.
/root/miniconda3/envs/lyq/lib/python3.8/site-packages/sklearn/metrics/_classification.py:1469: UndefinedMetricWarning: Precision is ill-defined and being set to 0.0 in samples with no predicted labels. Use `zero_division` parameter to control this behavior.
  _warn_prf(average, modifier, msg_start, len(result))
Acc. (Correct/Total): 48.46%% Prec: 0.6831 F1: 0.6364
Start evaluation on test dataset.
/root/miniconda3/envs/lyq/lib/python3.8/site-packages/sklearn/metrics/_classification.py:1469: UndefinedMetricWarning: Precision is ill-defined and being set to 0.0 in samples with no predicted labels. Use `zero_division` parameter to control this behavior.
  _warn_prf(average, modifier, msg_start, len(result))
Acc. (Correct/Total): 54.14%% Prec: 0.7280 F1: 0.6811
Epoch id: 17, Training steps: 100, Avg loss: 0.007, Time: 0:49:16
Epoch id: 17, Training steps: 200, Avg loss: 0.003, Time: 0:50:03
Start evaluation on dev dataset.
/root/miniconda3/envs/lyq/lib/python3.8/site-packages/sklearn/metrics/_classification.py:1469: UndefinedMetricWarning: Precision is ill-defined and being set to 0.0 in samples with no predicted labels. Use `zero_division` parameter to control this behavior.
  _warn_prf(average, modifier, msg_start, len(result))
Acc. (Correct/Total): 48.61%% Prec: 0.6791 F1: 0.6343
Start evaluation on test dataset.
/root/miniconda3/envs/lyq/lib/python3.8/site-packages/sklearn/metrics/_classification.py:1469: UndefinedMetricWarning: Precision is ill-defined and being set to 0.0 in samples with no predicted labels. Use `zero_division` parameter to control this behavior.
  _warn_prf(average, modifier, msg_start, len(result))
Acc. (Correct/Total): 54.62%% Prec: 0.7317 F1: 0.6840
Epoch id: 18, Training steps: 100, Avg loss: 0.006, Time: 0:52:06
Epoch id: 18, Training steps: 200, Avg loss: 0.003, Time: 0:52:51
Start evaluation on dev dataset.
/root/miniconda3/envs/lyq/lib/python3.8/site-packages/sklearn/metrics/_classification.py:1469: UndefinedMetricWarning: Precision is ill-defined and being set to 0.0 in samples with no predicted labels. Use `zero_division` parameter to control this behavior.
  _warn_prf(average, modifier, msg_start, len(result))
Acc. (Correct/Total): 49.95%% Prec: 0.6927 F1: 0.6482
Start evaluation on test dataset.
/root/miniconda3/envs/lyq/lib/python3.8/site-packages/sklearn/metrics/_classification.py:1469: UndefinedMetricWarning: Precision is ill-defined and being set to 0.0 in samples with no predicted labels. Use `zero_division` parameter to control this behavior.
  _warn_prf(average, modifier, msg_start, len(result))
Acc. (Correct/Total): 55.88%% Prec: 0.7432 F1: 0.6980
Epoch id: 19, Training steps: 100, Avg loss: 0.008, Time: 0:54:47
Epoch id: 19, Training steps: 200, Avg loss: 0.003, Time: 0:55:35
Start evaluation on dev dataset.
/root/miniconda3/envs/lyq/lib/python3.8/site-packages/sklearn/metrics/_classification.py:1469: UndefinedMetricWarning: Precision is ill-defined and being set to 0.0 in samples with no predicted labels. Use `zero_division` parameter to control this behavior.
  _warn_prf(average, modifier, msg_start, len(result))
Acc. (Correct/Total): 49.76%% Prec: 0.6887 F1: 0.6455
Epoch id: 20, Training steps: 100, Avg loss: 0.005, Time: 0:57:17
Epoch id: 20, Training steps: 200, Avg loss: 0.002, Time: 0:58:02
Start evaluation on dev dataset.
/root/miniconda3/envs/lyq/lib/python3.8/site-packages/sklearn/metrics/_classification.py:1469: UndefinedMetricWarning: Precision is ill-defined and being set to 0.0 in samples with no predicted labels. Use `zero_division` parameter to control this behavior.
  _warn_prf(average, modifier, msg_start, len(result))
Acc. (Correct/Total): 50.00%% Prec: 0.6955 F1: 0.6537
Start evaluation on test dataset.
/root/miniconda3/envs/lyq/lib/python3.8/site-packages/sklearn/metrics/_classification.py:1469: UndefinedMetricWarning: Precision is ill-defined and being set to 0.0 in samples with no predicted labels. Use `zero_division` parameter to control this behavior.
  _warn_prf(average, modifier, msg_start, len(result))
Acc. (Correct/Total): 57.33%% Prec: 0.7512 F1: 0.7111
Final evaluation on the test dataset.
The number of evaluation instances:  2067
/root/miniconda3/envs/lyq/lib/python3.8/site-packages/sklearn/metrics/_classification.py:1469: UndefinedMetricWarning: Precision is ill-defined and being set to 0.0 in samples with no predicted labels. Use `zero_division` parameter to control this behavior.
  _warn_prf(average, modifier, msg_start, len(result))
/root/miniconda3/envs/lyq/lib/python3.8/site-packages/sklearn/metrics/_classification.py:1469: UndefinedMetricWarning: Precision and F-score are ill-defined and being set to 0.0 in labels with no predicted samples. Use `zero_division` parameter to control this behavior.
  _warn_prf(average, modifier, msg_start, len(result))
/root/miniconda3/envs/lyq/lib/python3.8/site-packages/sklearn/metrics/_classification.py:1469: UndefinedMetricWarning: Precision and F-score are ill-defined and being set to 0.0 in samples with no predicted labels. Use `zero_division` parameter to control this behavior.
  _warn_prf(average, modifier, msg_start, len(result))
Acc. (Correct/Total): 57.33% Prec: 0.7512 F1: 0.7111
Precision, Recall and F1-Score...
              precision    recall  f1-score   support

         教育学     0.8844    0.8257    0.8541       241
          法学     0.8700    0.7768    0.8208       224
      中国语言文学     0.8012    0.7405    0.7697       185
         政治学     0.7647    0.5583    0.6454       163
         社会学     0.8205    0.8153    0.8179       157
         心理学     0.8101    0.5203    0.6337       123
       应用经济学     0.6452    0.5128    0.5714       117
         历史学     0.9194    0.5229    0.6667       109
     环境科学与工程     0.8700    0.8056    0.8365       108
          哲学     0.6979    0.6907    0.6943        97
      外国语言文学     0.8387    0.6118    0.7075        85
         生物学     0.8205    0.8101    0.8153        79
      交通运输工程     0.8916    0.9487    0.9193        78
        临床医学     0.8298    0.5132    0.6341        76
    计算机科学与技术     0.7429    0.7324    0.7376        71
        土木工程     0.8873    0.9545    0.9197        66
   航空宇航科学与技术     0.9455    0.8525    0.8966        61
         民族学     0.6727    0.6727    0.6727        55
   公共卫生与预防医学     0.6122    0.5882    0.6000        51
         美术学     0.8333    1.0000    0.9091        50
         艺术学     0.7727    0.7907    0.7816        43
         地理学     0.8929    0.5952    0.7143        42
         体育学     0.9600    0.6000    0.7385        40
       理论经济学     0.6667    0.6842    0.6753        38
         中医学     0.8929    0.6757    0.7692        37
         物理学     0.7857    0.9167    0.8462        36
          林学     0.8500    0.5152    0.6415        33
          数学     0.6190    0.4062    0.4906        32
     电子科学与技术     0.7368    0.4516    0.5600        31
        基础医学     0.4516    0.4828    0.4667        29
        工商管理     0.8000    0.2963    0.4324        27
       新闻传播学     0.8095    0.7727    0.7907        22
         天文学     0.7600    0.8636    0.8085        22
         地质学     0.8095    0.8095    0.8095        21
         畜牧学     0.7727    0.8095    0.7907        21
   军事思想及军事历史     0.7273    0.8000    0.7619        20
     管理科学与工程     0.5769    0.8333    0.6818        18
     测绘科学与技术     0.7647    0.7647    0.7647        17
        水利工程     0.7500    0.5625    0.6429        16
        大气科学     0.7333    0.6875    0.7097        16
     兵器科学与技术     0.6842    0.8667    0.7647        15
       地球物理学     0.8000    0.2857    0.4211        14
        电气工程     1.0000    0.3846    0.5556        13
         作物学     0.7778    0.5385    0.6364        13
     控制科学与工程     0.3750    0.2308    0.2857        13
     信息与通信工程     0.6000    0.6923    0.6429        13
        公共管理     0.0000    0.0000    0.0000        13
         建筑学     0.6667    0.3077    0.4211        13
     化学工程与技术     0.9091    0.8333    0.8696        12
          力学     0.6667    0.3636    0.4706        11
        海洋科学     0.9167    1.0000    0.9565        11
     轻工技术与工程     0.5000    0.5455    0.5217        11
        农业工程     1.0000    0.4000    0.5714        10
         园艺学     0.9000    0.9000    0.9000        10
       中西医结合     1.0000    0.3000    0.4615        10
        机械工程     1.0000    0.4444    0.6154         9
       科学技术史     1.0000    0.5000    0.6667         8
     船舶与海洋工程     0.8750    0.8750    0.8750         8
   图书情报与档案管理     0.6667    0.5000    0.5714         8
        植物保护     0.7000    0.8750    0.7778         8
     材料科学与工程     1.0000    0.5000    0.6667         8
         统计学     0.4545    0.6250    0.5263         8
          化学     1.0000    0.7500    0.8571         8
     食品科学与工程     0.7500    0.3750    0.5000         8
          水产     1.0000    0.8571    0.9231         7
          药学     1.0000    0.7143    0.8333         7
     农业资源与环境     1.0000    0.7143    0.8333         7
         世界史     0.7500    0.4286    0.5455         7
        系统科学     0.8333    0.7143    0.7692         7
      农林经济管理     0.6667    0.8000    0.7273         5
       军队指挥学     1.0000    0.2000    0.3333         5
        矿业工程     0.6000    0.6000    0.6000         5
     纺织科学与工程     0.7143    1.0000    0.8333         5
  动力工程及工程热物理     0.0000    0.0000    0.0000         4
        林业工程     0.5000    0.2500    0.3333         4
     仪器科学与技术     0.0000    0.0000    0.0000         3
         战略学     0.2500    0.3333    0.2857         3
   地质资源与地质工程     1.0000    0.3333    0.5000         3
        旅游管理     0.0000    0.0000    0.0000         3
 图书馆、情报与档案管理     0.0000    0.0000    0.0000         2
        冶金工程     1.0000    0.5000    0.6667         2
      核科学与技术     0.0000    0.0000    0.0000         2

   micro avg     0.7968    0.6857    0.7371      3093
   macro avg     0.7298    0.5891    0.6307      3093
weighted avg     0.7982    0.6857    0.7274      3093
 samples avg     0.7512    0.6984    0.7111      3093

