/root/miniconda3/envs/lyq/lib/python3.8/site-packages/scipy/__init__.py:146: UserWarning: A NumPy version >=1.16.5 and <1.23.0 is required for this version of SciPy (detected version 1.23.5
  warnings.warn(f"A NumPy version >={np_minversion} and <{np_maxversion}"
  0%|          | 0/82 [00:00<?, ?it/s]100%|██████████| 82/82 [00:00<00:00, 803581.61it/s]
model:  ernie-rcnn
pretrained:  ernie1
task:  MLC
dataset:  book_multilabels_task
seq_length:  256
hidden_dropout_prob:  0.1
attention_probs_dropout_prob:  0.1
epochs_num:  20
batch_size:  8
learning_rate:  2e-05
report_steps:  100
kg_name:  CnDbpedia
no_kg:  False
no_vm:  False
Vocabulary Size:  17964
[BertClassifier] use visible_matrix: True
Some weights of ErnieRCNNForMultiLabelSequenceClassification were not initialized from the model checkpoint at ./models/ernie1 and are newly initialized: ['lstm.weight_ih_l0', 'lstm.weight_ih_l1', 'lstm.weight_hh_l0_reverse', 'lstm.weight_hh_l1_reverse', 'lstm.bias_hh_l0_reverse', 'output_layer_1.weight', 'lstm.bias_ih_l1_reverse', 'classifier.weight', 'lstm.weight_hh_l1', 'lstm.weight_hh_l0', 'lstm.weight_ih_l1_reverse', 'classifier.bias', 'lstm.bias_hh_l1', 'lstm.weight_ih_l0_reverse', 'lstm.bias_ih_l0_reverse', 'lstm.bias_ih_l1', 'output_layer_1.bias', 'lstm.bias_ih_l0', 'lstm.bias_hh_l1_reverse', 'lstm.bias_hh_l0']
You should probably TRAIN this model on a down-stream task to be able to use it for predictions and inference.
1 GPUs are available. Let's use them.
device:  cuda
[KnowledgeGraph] Loading spo from /Lyq/experiment/K-BERT-HUGGINGFACE/brain/kgs/CnDbpedia.spo
Start training.
Loading sentences from ./datasets/book_multilabels_task/train.tsv
There are 9097 sentence in total. We use 1 processes to inject knowledge into sentences.
Progress of process 0: 0/9097
Loading sentences from ./datasets/book_multilabels_task/dev.tsv
There are 2084 sentence in total. We use 1 processes to inject knowledge into sentences.
Progress of process 0: 0/2084
Loading sentences from ./datasets/book_multilabels_task/test.tsv
There are 2067 sentence in total. We use 1 processes to inject knowledge into sentences.
Progress of process 0: 0/2067
Epoch id: 1, Training steps: 100, Avg loss: 0.262, Time: 0:00:16
Epoch id: 1, Training steps: 200, Avg loss: 0.094, Time: 0:00:32
Epoch id: 1, Training steps: 300, Avg loss: 0.085, Time: 0:00:50
Epoch id: 1, Training steps: 400, Avg loss: 0.082, Time: 0:01:06
Epoch id: 1, Training steps: 500, Avg loss: 0.079, Time: 0:01:23
Epoch id: 1, Training steps: 600, Avg loss: 0.077, Time: 0:01:39
Epoch id: 1, Training steps: 700, Avg loss: 0.073, Time: 0:01:55
Epoch id: 1, Training steps: 800, Avg loss: 0.064, Time: 0:02:11
Epoch id: 1, Training steps: 900, Avg loss: 0.061, Time: 0:02:26
Epoch id: 1, Training steps: 1000, Avg loss: 0.057, Time: 0:02:43
Epoch id: 1, Training steps: 1100, Avg loss: 0.051, Time: 0:02:58
Start evaluation on dev dataset.
/root/miniconda3/envs/lyq/lib/python3.8/site-packages/sklearn/metrics/_classification.py:1469: UndefinedMetricWarning: Precision is ill-defined and being set to 0.0 in samples with no predicted labels. Use `zero_division` parameter to control this behavior.
  _warn_prf(average, modifier, msg_start, len(result))
Acc. (Correct/Total):  8.54%% Prec: 0.1269 F1: 0.1131
Start evaluation on test dataset.
/root/miniconda3/envs/lyq/lib/python3.8/site-packages/sklearn/metrics/_classification.py:1469: UndefinedMetricWarning: Precision is ill-defined and being set to 0.0 in samples with no predicted labels. Use `zero_division` parameter to control this behavior.
  _warn_prf(average, modifier, msg_start, len(result))
Acc. (Correct/Total): 10.21%% Prec: 0.1703 F1: 0.1472
Epoch id: 2, Training steps: 100, Avg loss: 0.066, Time: 0:04:28
Epoch id: 2, Training steps: 200, Avg loss: 0.048, Time: 0:04:45
Epoch id: 2, Training steps: 300, Avg loss: 0.046, Time: 0:05:02
Epoch id: 2, Training steps: 400, Avg loss: 0.042, Time: 0:05:18
Epoch id: 2, Training steps: 500, Avg loss: 0.040, Time: 0:05:32
Epoch id: 2, Training steps: 600, Avg loss: 0.039, Time: 0:05:49
Epoch id: 2, Training steps: 700, Avg loss: 0.038, Time: 0:06:05
Epoch id: 2, Training steps: 800, Avg loss: 0.036, Time: 0:06:21
Epoch id: 2, Training steps: 900, Avg loss: 0.039, Time: 0:06:37
Epoch id: 2, Training steps: 1000, Avg loss: 0.037, Time: 0:06:53
Epoch id: 2, Training steps: 1100, Avg loss: 0.033, Time: 0:07:09
Start evaluation on dev dataset.
/root/miniconda3/envs/lyq/lib/python3.8/site-packages/sklearn/metrics/_classification.py:1469: UndefinedMetricWarning: Precision is ill-defined and being set to 0.0 in samples with no predicted labels. Use `zero_division` parameter to control this behavior.
  _warn_prf(average, modifier, msg_start, len(result))
Acc. (Correct/Total): 26.49%% Prec: 0.4213 F1: 0.3713
Start evaluation on test dataset.
/root/miniconda3/envs/lyq/lib/python3.8/site-packages/sklearn/metrics/_classification.py:1469: UndefinedMetricWarning: Precision is ill-defined and being set to 0.0 in samples with no predicted labels. Use `zero_division` parameter to control this behavior.
  _warn_prf(average, modifier, msg_start, len(result))
Acc. (Correct/Total): 32.37%% Prec: 0.4794 F1: 0.4298
Epoch id: 3, Training steps: 100, Avg loss: 0.043, Time: 0:08:37
Epoch id: 3, Training steps: 200, Avg loss: 0.029, Time: 0:08:53
Epoch id: 3, Training steps: 300, Avg loss: 0.031, Time: 0:09:09
Epoch id: 3, Training steps: 400, Avg loss: 0.031, Time: 0:09:25
Epoch id: 3, Training steps: 500, Avg loss: 0.029, Time: 0:09:41
Epoch id: 3, Training steps: 600, Avg loss: 0.029, Time: 0:09:57
Epoch id: 3, Training steps: 700, Avg loss: 0.029, Time: 0:10:14
Epoch id: 3, Training steps: 800, Avg loss: 0.029, Time: 0:10:30
Epoch id: 3, Training steps: 900, Avg loss: 0.029, Time: 0:10:45
Epoch id: 3, Training steps: 1000, Avg loss: 0.028, Time: 0:11:02
Epoch id: 3, Training steps: 1100, Avg loss: 0.025, Time: 0:11:19
Start evaluation on dev dataset.
/root/miniconda3/envs/lyq/lib/python3.8/site-packages/sklearn/metrics/_classification.py:1469: UndefinedMetricWarning: Precision is ill-defined and being set to 0.0 in samples with no predicted labels. Use `zero_division` parameter to control this behavior.
  _warn_prf(average, modifier, msg_start, len(result))
Acc. (Correct/Total): 30.57%% Prec: 0.4916 F1: 0.4332
Start evaluation on test dataset.
/root/miniconda3/envs/lyq/lib/python3.8/site-packages/sklearn/metrics/_classification.py:1469: UndefinedMetricWarning: Precision is ill-defined and being set to 0.0 in samples with no predicted labels. Use `zero_division` parameter to control this behavior.
  _warn_prf(average, modifier, msg_start, len(result))
Acc. (Correct/Total): 34.83%% Prec: 0.5382 F1: 0.4775
Epoch id: 4, Training steps: 100, Avg loss: 0.034, Time: 0:12:49
Epoch id: 4, Training steps: 200, Avg loss: 0.023, Time: 0:13:04
Epoch id: 4, Training steps: 300, Avg loss: 0.022, Time: 0:13:20
Epoch id: 4, Training steps: 400, Avg loss: 0.023, Time: 0:13:36
Epoch id: 4, Training steps: 500, Avg loss: 0.024, Time: 0:13:53
Epoch id: 4, Training steps: 600, Avg loss: 0.022, Time: 0:14:10
Epoch id: 4, Training steps: 700, Avg loss: 0.023, Time: 0:14:25
Epoch id: 4, Training steps: 800, Avg loss: 0.022, Time: 0:14:42
Epoch id: 4, Training steps: 900, Avg loss: 0.020, Time: 0:14:58
Epoch id: 4, Training steps: 1000, Avg loss: 0.023, Time: 0:15:14
Epoch id: 4, Training steps: 1100, Avg loss: 0.021, Time: 0:15:30
Start evaluation on dev dataset.
/root/miniconda3/envs/lyq/lib/python3.8/site-packages/sklearn/metrics/_classification.py:1469: UndefinedMetricWarning: Precision is ill-defined and being set to 0.0 in samples with no predicted labels. Use `zero_division` parameter to control this behavior.
  _warn_prf(average, modifier, msg_start, len(result))
Acc. (Correct/Total): 40.40%% Prec: 0.6038 F1: 0.5455
Start evaluation on test dataset.
/root/miniconda3/envs/lyq/lib/python3.8/site-packages/sklearn/metrics/_classification.py:1469: UndefinedMetricWarning: Precision is ill-defined and being set to 0.0 in samples with no predicted labels. Use `zero_division` parameter to control this behavior.
  _warn_prf(average, modifier, msg_start, len(result))
Acc. (Correct/Total): 43.98%% Prec: 0.6336 F1: 0.5749
Epoch id: 5, Training steps: 100, Avg loss: 0.027, Time: 0:16:58
Epoch id: 5, Training steps: 200, Avg loss: 0.018, Time: 0:17:13
Epoch id: 5, Training steps: 300, Avg loss: 0.018, Time: 0:17:29
Epoch id: 5, Training steps: 400, Avg loss: 0.018, Time: 0:17:45
Epoch id: 5, Training steps: 500, Avg loss: 0.018, Time: 0:18:01
Epoch id: 5, Training steps: 600, Avg loss: 0.019, Time: 0:18:17
Epoch id: 5, Training steps: 700, Avg loss: 0.018, Time: 0:18:33
Epoch id: 5, Training steps: 800, Avg loss: 0.016, Time: 0:18:51
Epoch id: 5, Training steps: 900, Avg loss: 0.018, Time: 0:19:06
Epoch id: 5, Training steps: 1000, Avg loss: 0.018, Time: 0:19:22
Epoch id: 5, Training steps: 1100, Avg loss: 0.015, Time: 0:19:38
Start evaluation on dev dataset.
/root/miniconda3/envs/lyq/lib/python3.8/site-packages/sklearn/metrics/_classification.py:1469: UndefinedMetricWarning: Precision is ill-defined and being set to 0.0 in samples with no predicted labels. Use `zero_division` parameter to control this behavior.
  _warn_prf(average, modifier, msg_start, len(result))
Acc. (Correct/Total): 42.99%% Prec: 0.6357 F1: 0.5766
Start evaluation on test dataset.
/root/miniconda3/envs/lyq/lib/python3.8/site-packages/sklearn/metrics/_classification.py:1469: UndefinedMetricWarning: Precision is ill-defined and being set to 0.0 in samples with no predicted labels. Use `zero_division` parameter to control this behavior.
  _warn_prf(average, modifier, msg_start, len(result))
Acc. (Correct/Total): 49.10%% Prec: 0.6831 F1: 0.6273
Epoch id: 6, Training steps: 100, Avg loss: 0.020, Time: 0:21:05
Epoch id: 6, Training steps: 200, Avg loss: 0.013, Time: 0:21:21
Epoch id: 6, Training steps: 300, Avg loss: 0.014, Time: 0:21:36
Epoch id: 6, Training steps: 400, Avg loss: 0.014, Time: 0:21:53
Epoch id: 6, Training steps: 500, Avg loss: 0.016, Time: 0:22:09
Epoch id: 6, Training steps: 600, Avg loss: 0.015, Time: 0:22:25
Epoch id: 6, Training steps: 700, Avg loss: 0.013, Time: 0:22:41
Epoch id: 6, Training steps: 800, Avg loss: 0.014, Time: 0:22:58
Epoch id: 6, Training steps: 900, Avg loss: 0.014, Time: 0:23:14
Epoch id: 6, Training steps: 1000, Avg loss: 0.014, Time: 0:23:30
Epoch id: 6, Training steps: 1100, Avg loss: 0.013, Time: 0:23:46
Start evaluation on dev dataset.
/root/miniconda3/envs/lyq/lib/python3.8/site-packages/sklearn/metrics/_classification.py:1469: UndefinedMetricWarning: Precision is ill-defined and being set to 0.0 in samples with no predicted labels. Use `zero_division` parameter to control this behavior.
  _warn_prf(average, modifier, msg_start, len(result))
Acc. (Correct/Total): 44.19%% Prec: 0.6433 F1: 0.5861
Start evaluation on test dataset.
/root/miniconda3/envs/lyq/lib/python3.8/site-packages/sklearn/metrics/_classification.py:1469: UndefinedMetricWarning: Precision is ill-defined and being set to 0.0 in samples with no predicted labels. Use `zero_division` parameter to control this behavior.
  _warn_prf(average, modifier, msg_start, len(result))
Acc. (Correct/Total): 49.69%% Prec: 0.6866 F1: 0.6312
Epoch id: 7, Training steps: 100, Avg loss: 0.016, Time: 0:25:13
Epoch id: 7, Training steps: 200, Avg loss: 0.011, Time: 0:25:28
Epoch id: 7, Training steps: 300, Avg loss: 0.011, Time: 0:25:45
Epoch id: 7, Training steps: 400, Avg loss: 0.011, Time: 0:26:03
Epoch id: 7, Training steps: 500, Avg loss: 0.010, Time: 0:26:17
Epoch id: 7, Training steps: 600, Avg loss: 0.011, Time: 0:26:32
Epoch id: 7, Training steps: 700, Avg loss: 0.012, Time: 0:26:48
Epoch id: 7, Training steps: 800, Avg loss: 0.011, Time: 0:27:04
Epoch id: 7, Training steps: 900, Avg loss: 0.011, Time: 0:27:19
Epoch id: 7, Training steps: 1000, Avg loss: 0.011, Time: 0:27:35
Epoch id: 7, Training steps: 1100, Avg loss: 0.012, Time: 0:27:52
Start evaluation on dev dataset.
/root/miniconda3/envs/lyq/lib/python3.8/site-packages/sklearn/metrics/_classification.py:1469: UndefinedMetricWarning: Precision is ill-defined and being set to 0.0 in samples with no predicted labels. Use `zero_division` parameter to control this behavior.
  _warn_prf(average, modifier, msg_start, len(result))
Acc. (Correct/Total): 47.70%% Prec: 0.6691 F1: 0.6189
Start evaluation on test dataset.
/root/miniconda3/envs/lyq/lib/python3.8/site-packages/sklearn/metrics/_classification.py:1469: UndefinedMetricWarning: Precision is ill-defined and being set to 0.0 in samples with no predicted labels. Use `zero_division` parameter to control this behavior.
  _warn_prf(average, modifier, msg_start, len(result))
Acc. (Correct/Total): 54.77%% Prec: 0.7326 F1: 0.6793
Epoch id: 8, Training steps: 100, Avg loss: 0.014, Time: 0:29:21
Epoch id: 8, Training steps: 200, Avg loss: 0.008, Time: 0:29:38
Epoch id: 8, Training steps: 300, Avg loss: 0.009, Time: 0:29:54
Epoch id: 8, Training steps: 400, Avg loss: 0.009, Time: 0:30:10
Epoch id: 8, Training steps: 500, Avg loss: 0.008, Time: 0:30:25
Epoch id: 8, Training steps: 600, Avg loss: 0.009, Time: 0:30:42
Epoch id: 8, Training steps: 700, Avg loss: 0.008, Time: 0:30:59
Epoch id: 8, Training steps: 800, Avg loss: 0.009, Time: 0:31:15
Epoch id: 8, Training steps: 900, Avg loss: 0.009, Time: 0:31:31
Epoch id: 8, Training steps: 1000, Avg loss: 0.009, Time: 0:31:46
Epoch id: 8, Training steps: 1100, Avg loss: 0.009, Time: 0:32:02
Start evaluation on dev dataset.
/root/miniconda3/envs/lyq/lib/python3.8/site-packages/sklearn/metrics/_classification.py:1469: UndefinedMetricWarning: Precision is ill-defined and being set to 0.0 in samples with no predicted labels. Use `zero_division` parameter to control this behavior.
  _warn_prf(average, modifier, msg_start, len(result))
Acc. (Correct/Total): 49.86%% Prec: 0.6899 F1: 0.6446
Start evaluation on test dataset.
/root/miniconda3/envs/lyq/lib/python3.8/site-packages/sklearn/metrics/_classification.py:1469: UndefinedMetricWarning: Precision is ill-defined and being set to 0.0 in samples with no predicted labels. Use `zero_division` parameter to control this behavior.
  _warn_prf(average, modifier, msg_start, len(result))
Acc. (Correct/Total): 57.04%% Prec: 0.7532 F1: 0.7053
Epoch id: 9, Training steps: 100, Avg loss: 0.010, Time: 0:33:30
Epoch id: 9, Training steps: 200, Avg loss: 0.006, Time: 0:33:46
Epoch id: 9, Training steps: 300, Avg loss: 0.006, Time: 0:34:02
Epoch id: 9, Training steps: 400, Avg loss: 0.008, Time: 0:34:17
Epoch id: 9, Training steps: 500, Avg loss: 0.007, Time: 0:34:34
Epoch id: 9, Training steps: 600, Avg loss: 0.007, Time: 0:34:51
Epoch id: 9, Training steps: 700, Avg loss: 0.008, Time: 0:35:08
Epoch id: 9, Training steps: 800, Avg loss: 0.007, Time: 0:35:24
Epoch id: 9, Training steps: 900, Avg loss: 0.007, Time: 0:35:41
Epoch id: 9, Training steps: 1000, Avg loss: 0.008, Time: 0:35:57
Epoch id: 9, Training steps: 1100, Avg loss: 0.007, Time: 0:36:13
Start evaluation on dev dataset.
/root/miniconda3/envs/lyq/lib/python3.8/site-packages/sklearn/metrics/_classification.py:1469: UndefinedMetricWarning: Precision is ill-defined and being set to 0.0 in samples with no predicted labels. Use `zero_division` parameter to control this behavior.
  _warn_prf(average, modifier, msg_start, len(result))
Acc. (Correct/Total): 49.33%% Prec: 0.6867 F1: 0.6452
Epoch id: 10, Training steps: 100, Avg loss: 0.009, Time: 0:37:11
Epoch id: 10, Training steps: 200, Avg loss: 0.007, Time: 0:37:28
Epoch id: 10, Training steps: 300, Avg loss: 0.006, Time: 0:37:44
Epoch id: 10, Training steps: 400, Avg loss: 0.006, Time: 0:38:01
Epoch id: 10, Training steps: 500, Avg loss: 0.007, Time: 0:38:18
Epoch id: 10, Training steps: 600, Avg loss: 0.007, Time: 0:38:34
Epoch id: 10, Training steps: 700, Avg loss: 0.006, Time: 0:38:51
Epoch id: 10, Training steps: 800, Avg loss: 0.006, Time: 0:39:06
Epoch id: 10, Training steps: 900, Avg loss: 0.006, Time: 0:39:22
Epoch id: 10, Training steps: 1000, Avg loss: 0.006, Time: 0:39:38
Epoch id: 10, Training steps: 1100, Avg loss: 0.006, Time: 0:39:55
Start evaluation on dev dataset.
/root/miniconda3/envs/lyq/lib/python3.8/site-packages/sklearn/metrics/_classification.py:1469: UndefinedMetricWarning: Precision is ill-defined and being set to 0.0 in samples with no predicted labels. Use `zero_division` parameter to control this behavior.
  _warn_prf(average, modifier, msg_start, len(result))
Acc. (Correct/Total): 49.62%% Prec: 0.6905 F1: 0.6454
Epoch id: 11, Training steps: 100, Avg loss: 0.008, Time: 0:40:52
Epoch id: 11, Training steps: 200, Avg loss: 0.004, Time: 0:41:08
Epoch id: 11, Training steps: 300, Avg loss: 0.005, Time: 0:41:23
Epoch id: 11, Training steps: 400, Avg loss: 0.005, Time: 0:41:40
Epoch id: 11, Training steps: 500, Avg loss: 0.005, Time: 0:41:57
Epoch id: 11, Training steps: 600, Avg loss: 0.005, Time: 0:42:14
Epoch id: 11, Training steps: 700, Avg loss: 0.005, Time: 0:42:30
Epoch id: 11, Training steps: 800, Avg loss: 0.006, Time: 0:42:45
Epoch id: 11, Training steps: 900, Avg loss: 0.005, Time: 0:43:01
Epoch id: 11, Training steps: 1000, Avg loss: 0.005, Time: 0:43:17
Epoch id: 11, Training steps: 1100, Avg loss: 0.006, Time: 0:43:33
Start evaluation on dev dataset.
/root/miniconda3/envs/lyq/lib/python3.8/site-packages/sklearn/metrics/_classification.py:1469: UndefinedMetricWarning: Precision is ill-defined and being set to 0.0 in samples with no predicted labels. Use `zero_division` parameter to control this behavior.
  _warn_prf(average, modifier, msg_start, len(result))
Acc. (Correct/Total): 52.11%% Prec: 0.7027 F1: 0.6618
Start evaluation on test dataset.
/root/miniconda3/envs/lyq/lib/python3.8/site-packages/sklearn/metrics/_classification.py:1469: UndefinedMetricWarning: Precision is ill-defined and being set to 0.0 in samples with no predicted labels. Use `zero_division` parameter to control this behavior.
  _warn_prf(average, modifier, msg_start, len(result))
Acc. (Correct/Total): 56.85%% Prec: 0.7464 F1: 0.7049
Epoch id: 12, Training steps: 100, Avg loss: 0.005, Time: 0:45:05
Epoch id: 12, Training steps: 200, Avg loss: 0.004, Time: 0:45:23
Epoch id: 12, Training steps: 300, Avg loss: 0.004, Time: 0:45:39
Epoch id: 12, Training steps: 400, Avg loss: 0.004, Time: 0:45:55
Epoch id: 12, Training steps: 500, Avg loss: 0.004, Time: 0:46:12
Epoch id: 12, Training steps: 600, Avg loss: 0.004, Time: 0:46:28
Epoch id: 12, Training steps: 700, Avg loss: 0.004, Time: 0:46:45
Epoch id: 12, Training steps: 800, Avg loss: 0.004, Time: 0:47:01
Epoch id: 12, Training steps: 900, Avg loss: 0.004, Time: 0:47:17
Epoch id: 12, Training steps: 1000, Avg loss: 0.005, Time: 0:47:33
Epoch id: 12, Training steps: 1100, Avg loss: 0.004, Time: 0:47:51
Start evaluation on dev dataset.
/root/miniconda3/envs/lyq/lib/python3.8/site-packages/sklearn/metrics/_classification.py:1469: UndefinedMetricWarning: Precision is ill-defined and being set to 0.0 in samples with no predicted labels. Use `zero_division` parameter to control this behavior.
  _warn_prf(average, modifier, msg_start, len(result))
Acc. (Correct/Total): 52.06%% Prec: 0.7149 F1: 0.6728
Epoch id: 13, Training steps: 100, Avg loss: 0.004, Time: 0:48:46
Epoch id: 13, Training steps: 200, Avg loss: 0.003, Time: 0:49:03
Epoch id: 13, Training steps: 300, Avg loss: 0.003, Time: 0:49:19
Epoch id: 13, Training steps: 400, Avg loss: 0.003, Time: 0:49:36
Epoch id: 13, Training steps: 500, Avg loss: 0.003, Time: 0:49:52
Epoch id: 13, Training steps: 600, Avg loss: 0.004, Time: 0:50:08
Epoch id: 13, Training steps: 700, Avg loss: 0.003, Time: 0:50:24
Epoch id: 13, Training steps: 800, Avg loss: 0.003, Time: 0:50:40
Epoch id: 13, Training steps: 900, Avg loss: 0.004, Time: 0:50:57
Epoch id: 13, Training steps: 1000, Avg loss: 0.003, Time: 0:51:13
Epoch id: 13, Training steps: 1100, Avg loss: 0.003, Time: 0:51:30
Start evaluation on dev dataset.
/root/miniconda3/envs/lyq/lib/python3.8/site-packages/sklearn/metrics/_classification.py:1469: UndefinedMetricWarning: Precision is ill-defined and being set to 0.0 in samples with no predicted labels. Use `zero_division` parameter to control this behavior.
  _warn_prf(average, modifier, msg_start, len(result))
Acc. (Correct/Total): 53.55%% Prec: 0.7193 F1: 0.6883
Start evaluation on test dataset.
/root/miniconda3/envs/lyq/lib/python3.8/site-packages/sklearn/metrics/_classification.py:1469: UndefinedMetricWarning: Precision is ill-defined and being set to 0.0 in samples with no predicted labels. Use `zero_division` parameter to control this behavior.
  _warn_prf(average, modifier, msg_start, len(result))
Acc. (Correct/Total): 59.80%% Prec: 0.7658 F1: 0.7338
Epoch id: 14, Training steps: 100, Avg loss: 0.004, Time: 0:53:02
Epoch id: 14, Training steps: 200, Avg loss: 0.003, Time: 0:53:17
Epoch id: 14, Training steps: 300, Avg loss: 0.003, Time: 0:53:32
Epoch id: 14, Training steps: 400, Avg loss: 0.003, Time: 0:53:48
Epoch id: 14, Training steps: 500, Avg loss: 0.003, Time: 0:54:04
Epoch id: 14, Training steps: 600, Avg loss: 0.003, Time: 0:54:20
Epoch id: 14, Training steps: 700, Avg loss: 0.003, Time: 0:54:36
Epoch id: 14, Training steps: 800, Avg loss: 0.003, Time: 0:54:53
Epoch id: 14, Training steps: 900, Avg loss: 0.003, Time: 0:55:09
Epoch id: 14, Training steps: 1000, Avg loss: 0.003, Time: 0:55:25
Epoch id: 14, Training steps: 1100, Avg loss: 0.003, Time: 0:55:42
Start evaluation on dev dataset.
/root/miniconda3/envs/lyq/lib/python3.8/site-packages/sklearn/metrics/_classification.py:1469: UndefinedMetricWarning: Precision is ill-defined and being set to 0.0 in samples with no predicted labels. Use `zero_division` parameter to control this behavior.
  _warn_prf(average, modifier, msg_start, len(result))
Acc. (Correct/Total): 52.54%% Prec: 0.7124 F1: 0.6763
Epoch id: 15, Training steps: 100, Avg loss: 0.003, Time: 0:56:35
Epoch id: 15, Training steps: 200, Avg loss: 0.002, Time: 0:56:52
Epoch id: 15, Training steps: 300, Avg loss: 0.002, Time: 0:57:09
Epoch id: 15, Training steps: 400, Avg loss: 0.003, Time: 0:57:25
Epoch id: 15, Training steps: 500, Avg loss: 0.003, Time: 0:57:40
Epoch id: 15, Training steps: 600, Avg loss: 0.003, Time: 0:57:56
Epoch id: 15, Training steps: 700, Avg loss: 0.003, Time: 0:58:13
Epoch id: 15, Training steps: 800, Avg loss: 0.003, Time: 0:58:28
Epoch id: 15, Training steps: 900, Avg loss: 0.002, Time: 0:58:43
Epoch id: 15, Training steps: 1000, Avg loss: 0.003, Time: 0:58:59
Epoch id: 15, Training steps: 1100, Avg loss: 0.003, Time: 0:59:15
Start evaluation on dev dataset.
/root/miniconda3/envs/lyq/lib/python3.8/site-packages/sklearn/metrics/_classification.py:1469: UndefinedMetricWarning: Precision is ill-defined and being set to 0.0 in samples with no predicted labels. Use `zero_division` parameter to control this behavior.
  _warn_prf(average, modifier, msg_start, len(result))
Acc. (Correct/Total): 52.21%% Prec: 0.7026 F1: 0.6679
Epoch id: 16, Training steps: 100, Avg loss: 0.003, Time: 1:00:11
Epoch id: 16, Training steps: 200, Avg loss: 0.002, Time: 1:00:27
Epoch id: 16, Training steps: 300, Avg loss: 0.002, Time: 1:00:43
Epoch id: 16, Training steps: 400, Avg loss: 0.002, Time: 1:01:00
Epoch id: 16, Training steps: 500, Avg loss: 0.002, Time: 1:01:15
Epoch id: 16, Training steps: 600, Avg loss: 0.002, Time: 1:01:31
Epoch id: 16, Training steps: 700, Avg loss: 0.002, Time: 1:01:48
Epoch id: 16, Training steps: 800, Avg loss: 0.002, Time: 1:02:04
Epoch id: 16, Training steps: 900, Avg loss: 0.002, Time: 1:02:20
Epoch id: 16, Training steps: 1000, Avg loss: 0.002, Time: 1:02:35
Epoch id: 16, Training steps: 1100, Avg loss: 0.003, Time: 1:02:52
Start evaluation on dev dataset.
/root/miniconda3/envs/lyq/lib/python3.8/site-packages/sklearn/metrics/_classification.py:1469: UndefinedMetricWarning: Precision is ill-defined and being set to 0.0 in samples with no predicted labels. Use `zero_division` parameter to control this behavior.
  _warn_prf(average, modifier, msg_start, len(result))
Acc. (Correct/Total): 53.12%% Prec: 0.7202 F1: 0.6894
Epoch id: 17, Training steps: 100, Avg loss: 0.003, Time: 1:03:46
Epoch id: 17, Training steps: 200, Avg loss: 0.002, Time: 1:04:03
Epoch id: 17, Training steps: 300, Avg loss: 0.001, Time: 1:04:19
Epoch id: 17, Training steps: 400, Avg loss: 0.002, Time: 1:04:34
Epoch id: 17, Training steps: 500, Avg loss: 0.002, Time: 1:04:50
Epoch id: 17, Training steps: 600, Avg loss: 0.002, Time: 1:05:06
Epoch id: 17, Training steps: 700, Avg loss: 0.002, Time: 1:05:21
Epoch id: 17, Training steps: 800, Avg loss: 0.001, Time: 1:05:37
Epoch id: 17, Training steps: 900, Avg loss: 0.002, Time: 1:05:54
Epoch id: 17, Training steps: 1000, Avg loss: 0.002, Time: 1:06:11
Epoch id: 17, Training steps: 1100, Avg loss: 0.002, Time: 1:06:27
Start evaluation on dev dataset.
/root/miniconda3/envs/lyq/lib/python3.8/site-packages/sklearn/metrics/_classification.py:1469: UndefinedMetricWarning: Precision is ill-defined and being set to 0.0 in samples with no predicted labels. Use `zero_division` parameter to control this behavior.
  _warn_prf(average, modifier, msg_start, len(result))
Acc. (Correct/Total): 53.36%% Prec: 0.7187 F1: 0.6891
Epoch id: 18, Training steps: 100, Avg loss: 0.002, Time: 1:07:22
Epoch id: 18, Training steps: 200, Avg loss: 0.002, Time: 1:07:39
Epoch id: 18, Training steps: 300, Avg loss: 0.002, Time: 1:07:54
Epoch id: 18, Training steps: 400, Avg loss: 0.001, Time: 1:08:10
Epoch id: 18, Training steps: 500, Avg loss: 0.002, Time: 1:08:25
Epoch id: 18, Training steps: 600, Avg loss: 0.002, Time: 1:08:43
Epoch id: 18, Training steps: 700, Avg loss: 0.002, Time: 1:08:59
Epoch id: 18, Training steps: 800, Avg loss: 0.002, Time: 1:09:14
Epoch id: 18, Training steps: 900, Avg loss: 0.002, Time: 1:09:29
Epoch id: 18, Training steps: 1000, Avg loss: 0.002, Time: 1:09:46
Epoch id: 18, Training steps: 1100, Avg loss: 0.002, Time: 1:10:02
Start evaluation on dev dataset.
/root/miniconda3/envs/lyq/lib/python3.8/site-packages/sklearn/metrics/_classification.py:1469: UndefinedMetricWarning: Precision is ill-defined and being set to 0.0 in samples with no predicted labels. Use `zero_division` parameter to control this behavior.
  _warn_prf(average, modifier, msg_start, len(result))
Acc. (Correct/Total): 52.02%% Prec: 0.7075 F1: 0.6755
Epoch id: 19, Training steps: 100, Avg loss: 0.002, Time: 1:10:57
Epoch id: 19, Training steps: 200, Avg loss: 0.001, Time: 1:11:13
Epoch id: 19, Training steps: 300, Avg loss: 0.001, Time: 1:11:28
Epoch id: 19, Training steps: 400, Avg loss: 0.001, Time: 1:11:44
Epoch id: 19, Training steps: 500, Avg loss: 0.002, Time: 1:12:00
Epoch id: 19, Training steps: 600, Avg loss: 0.003, Time: 1:12:17
Epoch id: 19, Training steps: 700, Avg loss: 0.002, Time: 1:12:31
Epoch id: 19, Training steps: 800, Avg loss: 0.002, Time: 1:12:49
Epoch id: 19, Training steps: 900, Avg loss: 0.002, Time: 1:13:05
Epoch id: 19, Training steps: 1000, Avg loss: 0.002, Time: 1:13:20
Epoch id: 19, Training steps: 1100, Avg loss: 0.002, Time: 1:13:35
Start evaluation on dev dataset.
/root/miniconda3/envs/lyq/lib/python3.8/site-packages/sklearn/metrics/_classification.py:1469: UndefinedMetricWarning: Precision is ill-defined and being set to 0.0 in samples with no predicted labels. Use `zero_division` parameter to control this behavior.
  _warn_prf(average, modifier, msg_start, len(result))
Acc. (Correct/Total): 54.37%% Prec: 0.7240 F1: 0.7017
Start evaluation on test dataset.
/root/miniconda3/envs/lyq/lib/python3.8/site-packages/sklearn/metrics/_classification.py:1469: UndefinedMetricWarning: Precision is ill-defined and being set to 0.0 in samples with no predicted labels. Use `zero_division` parameter to control this behavior.
  _warn_prf(average, modifier, msg_start, len(result))
Acc. (Correct/Total): 60.57%% Prec: 0.7671 F1: 0.7440
Epoch id: 20, Training steps: 100, Avg loss: 0.003, Time: 1:15:02
Epoch id: 20, Training steps: 200, Avg loss: 0.002, Time: 1:15:17
Epoch id: 20, Training steps: 300, Avg loss: 0.002, Time: 1:15:32
Epoch id: 20, Training steps: 400, Avg loss: 0.001, Time: 1:15:48
Epoch id: 20, Training steps: 500, Avg loss: 0.001, Time: 1:16:03
Epoch id: 20, Training steps: 600, Avg loss: 0.002, Time: 1:16:19
Epoch id: 20, Training steps: 700, Avg loss: 0.001, Time: 1:16:35
Epoch id: 20, Training steps: 800, Avg loss: 0.002, Time: 1:16:51
Epoch id: 20, Training steps: 900, Avg loss: 0.002, Time: 1:17:07
Epoch id: 20, Training steps: 1000, Avg loss: 0.001, Time: 1:17:23
Epoch id: 20, Training steps: 1100, Avg loss: 0.002, Time: 1:17:37
Start evaluation on dev dataset.
/root/miniconda3/envs/lyq/lib/python3.8/site-packages/sklearn/metrics/_classification.py:1469: UndefinedMetricWarning: Precision is ill-defined and being set to 0.0 in samples with no predicted labels. Use `zero_division` parameter to control this behavior.
  _warn_prf(average, modifier, msg_start, len(result))
Acc. (Correct/Total): 50.72%% Prec: 0.6915 F1: 0.6627
Final evaluation on the test dataset.
The number of evaluation instances:  2067
/root/miniconda3/envs/lyq/lib/python3.8/site-packages/sklearn/metrics/_classification.py:1469: UndefinedMetricWarning: Precision is ill-defined and being set to 0.0 in samples with no predicted labels. Use `zero_division` parameter to control this behavior.
  _warn_prf(average, modifier, msg_start, len(result))
/root/miniconda3/envs/lyq/lib/python3.8/site-packages/sklearn/metrics/_classification.py:1469: UndefinedMetricWarning: Precision and F-score are ill-defined and being set to 0.0 in labels with no predicted samples. Use `zero_division` parameter to control this behavior.
  _warn_prf(average, modifier, msg_start, len(result))
/root/miniconda3/envs/lyq/lib/python3.8/site-packages/sklearn/metrics/_classification.py:1469: UndefinedMetricWarning: Precision and F-score are ill-defined and being set to 0.0 in samples with no predicted labels. Use `zero_division` parameter to control this behavior.
  _warn_prf(average, modifier, msg_start, len(result))
Acc. (Correct/Total): 60.57% Prec: 0.7671 F1: 0.7440
Precision, Recall and F1-Score...
              precision    recall  f1-score   support

         教育学     0.8843    0.8880    0.8861       241
          法学     0.8033    0.8750    0.8376       224
      中国语言文学     0.7898    0.7514    0.7701       185
         政治学     0.7664    0.6442    0.7000       163
         社会学     0.7771    0.8217    0.7988       157
         心理学     0.7907    0.5528    0.6507       123
       应用经济学     0.6373    0.5556    0.5936       117
         历史学     0.8889    0.7339    0.8040       109
     环境科学与工程     0.8476    0.8241    0.8357       108
          哲学     0.7763    0.6082    0.6821        97
      外国语言文学     0.7922    0.7176    0.7531        85
         生物学     0.8354    0.8354    0.8354        79
      交通运输工程     0.9155    0.8333    0.8725        78
        临床医学     0.7945    0.7632    0.7785        76
    计算机科学与技术     0.7027    0.7324    0.7172        71
        土木工程     0.9552    0.9697    0.9624        66
   航空宇航科学与技术     0.9818    0.8852    0.9310        61
         民族学     0.5909    0.7091    0.6446        55
   公共卫生与预防医学     0.6098    0.4902    0.5435        51
         美术学     0.8246    0.9400    0.8785        50
         艺术学     0.7647    0.9070    0.8298        43
         地理学     0.8108    0.7143    0.7595        42
         体育学     0.9231    0.6000    0.7273        40
       理论经济学     0.7222    0.6842    0.7027        38
         中医学     0.8649    0.8649    0.8649        37
         物理学     0.7674    0.9167    0.8354        36
          林学     0.8333    0.4545    0.5882        33
          数学     0.6923    0.5625    0.6207        32
     电子科学与技术     0.6667    0.5161    0.5818        31
        基础医学     0.6207    0.6207    0.6207        29
        工商管理     0.9167    0.4074    0.5641        27
       新闻传播学     0.7826    0.8182    0.8000        22
         天文学     0.8333    0.9091    0.8696        22
         地质学     0.8889    0.7619    0.8205        21
         畜牧学     0.8636    0.9048    0.8837        21
   军事思想及军事历史     0.8235    0.7000    0.7568        20
     管理科学与工程     0.5000    0.8333    0.6250        18
     测绘科学与技术     0.7222    0.7647    0.7429        17
        水利工程     1.0000    0.6875    0.8148        16
        大气科学     0.8235    0.8750    0.8485        16
     兵器科学与技术     0.6190    0.8667    0.7222        15
       地球物理学     0.7500    0.4286    0.5455        14
        电气工程     1.0000    0.3846    0.5556        13
         作物学     0.7000    0.5385    0.6087        13
     控制科学与工程     0.2143    0.2308    0.2222        13
     信息与通信工程     0.5789    0.8462    0.6875        13
        公共管理     0.0000    0.0000    0.0000        13
         建筑学     0.8000    0.3077    0.4444        13
     化学工程与技术     0.9167    0.9167    0.9167        12
          力学     0.6667    0.7273    0.6957        11
        海洋科学     0.9167    1.0000    0.9565        11
     轻工技术与工程     0.6364    0.6364    0.6364        11
        农业工程     1.0000    0.5000    0.6667        10
         园艺学     0.8182    0.9000    0.8571        10
       中西医结合     1.0000    0.9000    0.9474        10
        机械工程     0.8333    0.5556    0.6667         9
       科学技术史     0.8333    0.6250    0.7143         8
     船舶与海洋工程     0.8571    0.7500    0.8000         8
   图书情报与档案管理     0.7500    0.7500    0.7500         8
        植物保护     0.8750    0.8750    0.8750         8
     材料科学与工程     0.7500    0.3750    0.5000         8
         统计学     0.6000    0.7500    0.6667         8
          化学     0.7778    0.8750    0.8235         8
     食品科学与工程     1.0000    0.6250    0.7692         8
          水产     1.0000    0.8571    0.9231         7
          药学     0.8571    0.8571    0.8571         7
     农业资源与环境     1.0000    0.8571    0.9231         7
         世界史     0.5000    0.4286    0.4615         7
        系统科学     0.7778    1.0000    0.8750         7
      农林经济管理     0.5714    0.8000    0.6667         5
       军队指挥学     1.0000    0.4000    0.5714         5
        矿业工程     0.6667    0.8000    0.7273         5
     纺织科学与工程     0.6667    0.8000    0.7273         5
  动力工程及工程热物理     0.0000    0.0000    0.0000         4
        林业工程     0.6667    0.5000    0.5714         4
     仪器科学与技术     0.0000    0.0000    0.0000         3
         战略学     1.0000    0.3333    0.5000         3
   地质资源与地质工程     0.0000    0.0000    0.0000         3
        旅游管理     0.5000    0.3333    0.4000         3
 图书馆、情报与档案管理     0.0000    0.0000    0.0000         2
        冶金工程     1.0000    1.0000    1.0000         2
      核科学与技术     1.0000    1.0000    1.0000         2

   micro avg     0.7905    0.7391    0.7639      3093
   macro avg     0.7425    0.6703    0.6898      3093
weighted avg     0.7913    0.7391    0.7573      3093
 samples avg     0.7671    0.7465    0.7440      3093

