/root/miniconda3/envs/lyq/lib/python3.8/site-packages/scipy/__init__.py:146: UserWarning: A NumPy version >=1.16.5 and <1.23.0 is required for this version of SciPy (detected version 1.23.5
  warnings.warn(f"A NumPy version >={np_minversion} and <{np_maxversion}"
  0%|          | 0/82 [00:00<?, ?it/s]100%|██████████| 82/82 [00:00<00:00, 655110.34it/s]
model:  ernie-rcnn
pretrained:  ernie1
task:  MLC
dataset:  book_multilabels_task
seq_length:  256
hidden_dropout_prob:  0.1
attention_probs_dropout_prob:  0.1
epochs_num:  20
batch_size:  16
learning_rate:  2e-05
report_steps:  100
kg_name:  CnDbpedia
no_kg:  True
no_vm:  True
Vocabulary Size:  17964
[BertClassifier] use visible_matrix: False
Some weights of ErnieRCNNForMultiLabelSequenceClassification were not initialized from the model checkpoint at ./models/ernie1 and are newly initialized: ['output_layer_1.weight', 'lstm.weight_hh_l1_reverse', 'lstm.weight_hh_l1', 'lstm.bias_hh_l1', 'lstm.weight_hh_l0_reverse', 'output_layer_1.bias', 'lstm.weight_ih_l1', 'lstm.weight_ih_l0', 'lstm.bias_ih_l0', 'lstm.bias_ih_l1_reverse', 'lstm.bias_ih_l0_reverse', 'lstm.bias_hh_l0_reverse', 'lstm.bias_ih_l1', 'lstm.weight_ih_l1_reverse', 'lstm.bias_hh_l1_reverse', 'lstm.weight_ih_l0_reverse', 'lstm.weight_hh_l0', 'classifier.bias', 'classifier.weight', 'lstm.bias_hh_l0']
You should probably TRAIN this model on a down-stream task to be able to use it for predictions and inference.
1 GPUs are available. Let's use them.
device:  cuda
Start training.
Loading sentences from ./datasets/book_multilabels_task/train.tsv
There are 9097 sentence in total. We use 1 processes to inject knowledge into sentences.
Progress of process 0: 0/9097
Loading sentences from ./datasets/book_multilabels_task/dev.tsv
There are 2084 sentence in total. We use 1 processes to inject knowledge into sentences.
Progress of process 0: 0/2084
Loading sentences from ./datasets/book_multilabels_task/test.tsv
There are 2067 sentence in total. We use 1 processes to inject knowledge into sentences.
Progress of process 0: 0/2067
Epoch id: 1, Training steps: 100, Avg loss: 0.261, Time: 0:00:20
Epoch id: 1, Training steps: 200, Avg loss: 0.092, Time: 0:00:39
Epoch id: 1, Training steps: 300, Avg loss: 0.082, Time: 0:00:58
Epoch id: 1, Training steps: 400, Avg loss: 0.081, Time: 0:01:18
Epoch id: 1, Training steps: 500, Avg loss: 0.075, Time: 0:01:37
Start evaluation on dev dataset.
/root/miniconda3/envs/lyq/lib/python3.8/site-packages/sklearn/metrics/_classification.py:1469: UndefinedMetricWarning: Precision is ill-defined and being set to 0.0 in samples with no predicted labels. Use `zero_division` parameter to control this behavior.
  _warn_prf(average, modifier, msg_start, len(result))
Acc. (Correct/Total):  0.05%% Prec: 0.0005 F1: 0.0005
Start evaluation on test dataset.
/root/miniconda3/envs/lyq/lib/python3.8/site-packages/sklearn/metrics/_classification.py:1469: UndefinedMetricWarning: Precision is ill-defined and being set to 0.0 in samples with no predicted labels. Use `zero_division` parameter to control this behavior.
  _warn_prf(average, modifier, msg_start, len(result))
Acc. (Correct/Total):  0.00%% Prec: 0.0000 F1: 0.0000
Epoch id: 2, Training steps: 100, Avg loss: 0.109, Time: 0:02:27
Epoch id: 2, Training steps: 200, Avg loss: 0.056, Time: 0:02:46
Epoch id: 2, Training steps: 300, Avg loss: 0.049, Time: 0:03:06
Epoch id: 2, Training steps: 400, Avg loss: 0.044, Time: 0:03:25
Epoch id: 2, Training steps: 500, Avg loss: 0.043, Time: 0:03:45
Start evaluation on dev dataset.
/root/miniconda3/envs/lyq/lib/python3.8/site-packages/sklearn/metrics/_classification.py:1469: UndefinedMetricWarning: Precision is ill-defined and being set to 0.0 in samples with no predicted labels. Use `zero_division` parameter to control this behavior.
  _warn_prf(average, modifier, msg_start, len(result))
Acc. (Correct/Total): 14.20%% Prec: 0.2418 F1: 0.2097
Start evaluation on test dataset.
/root/miniconda3/envs/lyq/lib/python3.8/site-packages/sklearn/metrics/_classification.py:1469: UndefinedMetricWarning: Precision is ill-defined and being set to 0.0 in samples with no predicted labels. Use `zero_division` parameter to control this behavior.
  _warn_prf(average, modifier, msg_start, len(result))
Acc. (Correct/Total): 17.56%% Prec: 0.2862 F1: 0.2496
Epoch id: 3, Training steps: 100, Avg loss: 0.062, Time: 0:04:35
Epoch id: 3, Training steps: 200, Avg loss: 0.036, Time: 0:04:54
Epoch id: 3, Training steps: 300, Avg loss: 0.033, Time: 0:05:13
Epoch id: 3, Training steps: 400, Avg loss: 0.033, Time: 0:05:32
Epoch id: 3, Training steps: 500, Avg loss: 0.032, Time: 0:05:50
Start evaluation on dev dataset.
/root/miniconda3/envs/lyq/lib/python3.8/site-packages/sklearn/metrics/_classification.py:1469: UndefinedMetricWarning: Precision is ill-defined and being set to 0.0 in samples with no predicted labels. Use `zero_division` parameter to control this behavior.
  _warn_prf(average, modifier, msg_start, len(result))
Acc. (Correct/Total): 23.18%% Prec: 0.3856 F1: 0.3355
Start evaluation on test dataset.
/root/miniconda3/envs/lyq/lib/python3.8/site-packages/sklearn/metrics/_classification.py:1469: UndefinedMetricWarning: Precision is ill-defined and being set to 0.0 in samples with no predicted labels. Use `zero_division` parameter to control this behavior.
  _warn_prf(average, modifier, msg_start, len(result))
Acc. (Correct/Total): 27.19%% Prec: 0.4364 F1: 0.3828
Epoch id: 4, Training steps: 100, Avg loss: 0.047, Time: 0:06:40
Epoch id: 4, Training steps: 200, Avg loss: 0.026, Time: 0:06:59
Epoch id: 4, Training steps: 300, Avg loss: 0.026, Time: 0:07:18
Epoch id: 4, Training steps: 400, Avg loss: 0.027, Time: 0:07:37
Epoch id: 4, Training steps: 500, Avg loss: 0.026, Time: 0:07:56
Start evaluation on dev dataset.
/root/miniconda3/envs/lyq/lib/python3.8/site-packages/sklearn/metrics/_classification.py:1469: UndefinedMetricWarning: Precision is ill-defined and being set to 0.0 in samples with no predicted labels. Use `zero_division` parameter to control this behavior.
  _warn_prf(average, modifier, msg_start, len(result))
Acc. (Correct/Total): 31.62%% Prec: 0.4964 F1: 0.4395
Start evaluation on test dataset.
/root/miniconda3/envs/lyq/lib/python3.8/site-packages/sklearn/metrics/_classification.py:1469: UndefinedMetricWarning: Precision is ill-defined and being set to 0.0 in samples with no predicted labels. Use `zero_division` parameter to control this behavior.
  _warn_prf(average, modifier, msg_start, len(result))
Acc. (Correct/Total): 38.07%% Prec: 0.5501 F1: 0.4964
Epoch id: 5, Training steps: 100, Avg loss: 0.039, Time: 0:08:45
Epoch id: 5, Training steps: 200, Avg loss: 0.022, Time: 0:09:04
Epoch id: 5, Training steps: 300, Avg loss: 0.025, Time: 0:09:23
Epoch id: 5, Training steps: 400, Avg loss: 0.021, Time: 0:09:42
Epoch id: 5, Training steps: 500, Avg loss: 0.022, Time: 0:10:01
Start evaluation on dev dataset.
/root/miniconda3/envs/lyq/lib/python3.8/site-packages/sklearn/metrics/_classification.py:1469: UndefinedMetricWarning: Precision is ill-defined and being set to 0.0 in samples with no predicted labels. Use `zero_division` parameter to control this behavior.
  _warn_prf(average, modifier, msg_start, len(result))
Acc. (Correct/Total): 37.91%% Prec: 0.5655 F1: 0.5075
Start evaluation on test dataset.
/root/miniconda3/envs/lyq/lib/python3.8/site-packages/sklearn/metrics/_classification.py:1469: UndefinedMetricWarning: Precision is ill-defined and being set to 0.0 in samples with no predicted labels. Use `zero_division` parameter to control this behavior.
  _warn_prf(average, modifier, msg_start, len(result))
Acc. (Correct/Total): 43.25%% Prec: 0.6144 F1: 0.5585
Epoch id: 6, Training steps: 100, Avg loss: 0.031, Time: 0:10:50
Epoch id: 6, Training steps: 200, Avg loss: 0.018, Time: 0:11:09
Epoch id: 6, Training steps: 300, Avg loss: 0.019, Time: 0:11:28
Epoch id: 6, Training steps: 400, Avg loss: 0.017, Time: 0:11:47
Epoch id: 6, Training steps: 500, Avg loss: 0.020, Time: 0:12:06
Start evaluation on dev dataset.
/root/miniconda3/envs/lyq/lib/python3.8/site-packages/sklearn/metrics/_classification.py:1469: UndefinedMetricWarning: Precision is ill-defined and being set to 0.0 in samples with no predicted labels. Use `zero_division` parameter to control this behavior.
  _warn_prf(average, modifier, msg_start, len(result))
Acc. (Correct/Total): 39.97%% Prec: 0.5999 F1: 0.5404
Start evaluation on test dataset.
/root/miniconda3/envs/lyq/lib/python3.8/site-packages/sklearn/metrics/_classification.py:1469: UndefinedMetricWarning: Precision is ill-defined and being set to 0.0 in samples with no predicted labels. Use `zero_division` parameter to control this behavior.
  _warn_prf(average, modifier, msg_start, len(result))
Acc. (Correct/Total): 45.67%% Prec: 0.6520 F1: 0.5921
Epoch id: 7, Training steps: 100, Avg loss: 0.040, Time: 0:12:55
Epoch id: 7, Training steps: 200, Avg loss: 0.016, Time: 0:13:14
Epoch id: 7, Training steps: 300, Avg loss: 0.015, Time: 0:13:33
Epoch id: 7, Training steps: 400, Avg loss: 0.015, Time: 0:13:52
Epoch id: 7, Training steps: 500, Avg loss: 0.015, Time: 0:14:11
Start evaluation on dev dataset.
/root/miniconda3/envs/lyq/lib/python3.8/site-packages/sklearn/metrics/_classification.py:1469: UndefinedMetricWarning: Precision is ill-defined and being set to 0.0 in samples with no predicted labels. Use `zero_division` parameter to control this behavior.
  _warn_prf(average, modifier, msg_start, len(result))
Acc. (Correct/Total): 46.40%% Prec: 0.6622 F1: 0.6052
Start evaluation on test dataset.
/root/miniconda3/envs/lyq/lib/python3.8/site-packages/sklearn/metrics/_classification.py:1469: UndefinedMetricWarning: Precision is ill-defined and being set to 0.0 in samples with no predicted labels. Use `zero_division` parameter to control this behavior.
  _warn_prf(average, modifier, msg_start, len(result))
Acc. (Correct/Total): 51.91%% Prec: 0.7098 F1: 0.6518
Epoch id: 8, Training steps: 100, Avg loss: 0.023, Time: 0:15:00
Epoch id: 8, Training steps: 200, Avg loss: 0.012, Time: 0:15:19
Epoch id: 8, Training steps: 300, Avg loss: 0.012, Time: 0:15:38
Epoch id: 8, Training steps: 400, Avg loss: 0.013, Time: 0:15:57
Epoch id: 8, Training steps: 500, Avg loss: 0.013, Time: 0:16:16
Start evaluation on dev dataset.
/root/miniconda3/envs/lyq/lib/python3.8/site-packages/sklearn/metrics/_classification.py:1469: UndefinedMetricWarning: Precision is ill-defined and being set to 0.0 in samples with no predicted labels. Use `zero_division` parameter to control this behavior.
  _warn_prf(average, modifier, msg_start, len(result))
Acc. (Correct/Total): 47.65%% Prec: 0.6921 F1: 0.6324
Start evaluation on test dataset.
/root/miniconda3/envs/lyq/lib/python3.8/site-packages/sklearn/metrics/_classification.py:1469: UndefinedMetricWarning: Precision is ill-defined and being set to 0.0 in samples with no predicted labels. Use `zero_division` parameter to control this behavior.
  _warn_prf(average, modifier, msg_start, len(result))
Acc. (Correct/Total): 54.96%% Prec: 0.7403 F1: 0.6848
Epoch id: 9, Training steps: 100, Avg loss: 0.018, Time: 0:17:05
Epoch id: 9, Training steps: 200, Avg loss: 0.010, Time: 0:17:24
Epoch id: 9, Training steps: 300, Avg loss: 0.010, Time: 0:17:43
Epoch id: 9, Training steps: 400, Avg loss: 0.011, Time: 0:18:02
Epoch id: 9, Training steps: 500, Avg loss: 0.010, Time: 0:18:21
Start evaluation on dev dataset.
/root/miniconda3/envs/lyq/lib/python3.8/site-packages/sklearn/metrics/_classification.py:1469: UndefinedMetricWarning: Precision is ill-defined and being set to 0.0 in samples with no predicted labels. Use `zero_division` parameter to control this behavior.
  _warn_prf(average, modifier, msg_start, len(result))
Acc. (Correct/Total): 50.34%% Prec: 0.7035 F1: 0.6505
Start evaluation on test dataset.
/root/miniconda3/envs/lyq/lib/python3.8/site-packages/sklearn/metrics/_classification.py:1469: UndefinedMetricWarning: Precision is ill-defined and being set to 0.0 in samples with no predicted labels. Use `zero_division` parameter to control this behavior.
  _warn_prf(average, modifier, msg_start, len(result))
Acc. (Correct/Total): 56.60%% Prec: 0.7441 F1: 0.6935
Epoch id: 10, Training steps: 100, Avg loss: 0.016, Time: 0:19:10
Epoch id: 10, Training steps: 200, Avg loss: 0.009, Time: 0:19:29
Epoch id: 10, Training steps: 300, Avg loss: 0.009, Time: 0:19:48
Epoch id: 10, Training steps: 400, Avg loss: 0.008, Time: 0:20:07
Epoch id: 10, Training steps: 500, Avg loss: 0.009, Time: 0:20:26
Start evaluation on dev dataset.
/root/miniconda3/envs/lyq/lib/python3.8/site-packages/sklearn/metrics/_classification.py:1469: UndefinedMetricWarning: Precision is ill-defined and being set to 0.0 in samples with no predicted labels. Use `zero_division` parameter to control this behavior.
  _warn_prf(average, modifier, msg_start, len(result))
Acc. (Correct/Total): 50.62%% Prec: 0.7032 F1: 0.6505
Start evaluation on test dataset.
/root/miniconda3/envs/lyq/lib/python3.8/site-packages/sklearn/metrics/_classification.py:1469: UndefinedMetricWarning: Precision is ill-defined and being set to 0.0 in samples with no predicted labels. Use `zero_division` parameter to control this behavior.
  _warn_prf(average, modifier, msg_start, len(result))
Acc. (Correct/Total): 56.36%% Prec: 0.7446 F1: 0.6930
Epoch id: 11, Training steps: 100, Avg loss: 0.015, Time: 0:21:15
Epoch id: 11, Training steps: 200, Avg loss: 0.008, Time: 0:21:34
Epoch id: 11, Training steps: 300, Avg loss: 0.007, Time: 0:21:53
Epoch id: 11, Training steps: 400, Avg loss: 0.008, Time: 0:22:12
Epoch id: 11, Training steps: 500, Avg loss: 0.008, Time: 0:22:30
Start evaluation on dev dataset.
/root/miniconda3/envs/lyq/lib/python3.8/site-packages/sklearn/metrics/_classification.py:1469: UndefinedMetricWarning: Precision is ill-defined and being set to 0.0 in samples with no predicted labels. Use `zero_division` parameter to control this behavior.
  _warn_prf(average, modifier, msg_start, len(result))
Acc. (Correct/Total): 52.02%% Prec: 0.7180 F1: 0.6652
Start evaluation on test dataset.
/root/miniconda3/envs/lyq/lib/python3.8/site-packages/sklearn/metrics/_classification.py:1469: UndefinedMetricWarning: Precision is ill-defined and being set to 0.0 in samples with no predicted labels. Use `zero_division` parameter to control this behavior.
  _warn_prf(average, modifier, msg_start, len(result))
Acc. (Correct/Total): 58.01%% Prec: 0.7575 F1: 0.7076
Epoch id: 12, Training steps: 100, Avg loss: 0.010, Time: 0:23:20
Epoch id: 12, Training steps: 200, Avg loss: 0.006, Time: 0:23:39
Epoch id: 12, Training steps: 300, Avg loss: 0.006, Time: 0:23:58
Epoch id: 12, Training steps: 400, Avg loss: 0.006, Time: 0:24:17
Epoch id: 12, Training steps: 500, Avg loss: 0.006, Time: 0:24:35
Start evaluation on dev dataset.
/root/miniconda3/envs/lyq/lib/python3.8/site-packages/sklearn/metrics/_classification.py:1469: UndefinedMetricWarning: Precision is ill-defined and being set to 0.0 in samples with no predicted labels. Use `zero_division` parameter to control this behavior.
  _warn_prf(average, modifier, msg_start, len(result))
Acc. (Correct/Total): 52.06%% Prec: 0.7208 F1: 0.6717
Start evaluation on test dataset.
/root/miniconda3/envs/lyq/lib/python3.8/site-packages/sklearn/metrics/_classification.py:1469: UndefinedMetricWarning: Precision is ill-defined and being set to 0.0 in samples with no predicted labels. Use `zero_division` parameter to control this behavior.
  _warn_prf(average, modifier, msg_start, len(result))
Acc. (Correct/Total): 58.20%% Prec: 0.7650 F1: 0.7163
Epoch id: 13, Training steps: 100, Avg loss: 0.009, Time: 0:25:25
Epoch id: 13, Training steps: 200, Avg loss: 0.005, Time: 0:25:43
Epoch id: 13, Training steps: 300, Avg loss: 0.005, Time: 0:26:02
Epoch id: 13, Training steps: 400, Avg loss: 0.005, Time: 0:26:21
Epoch id: 13, Training steps: 500, Avg loss: 0.006, Time: 0:26:40
Start evaluation on dev dataset.
/root/miniconda3/envs/lyq/lib/python3.8/site-packages/sklearn/metrics/_classification.py:1469: UndefinedMetricWarning: Precision is ill-defined and being set to 0.0 in samples with no predicted labels. Use `zero_division` parameter to control this behavior.
  _warn_prf(average, modifier, msg_start, len(result))
Acc. (Correct/Total): 53.74%% Prec: 0.7276 F1: 0.6806
Start evaluation on test dataset.
/root/miniconda3/envs/lyq/lib/python3.8/site-packages/sklearn/metrics/_classification.py:1469: UndefinedMetricWarning: Precision is ill-defined and being set to 0.0 in samples with no predicted labels. Use `zero_division` parameter to control this behavior.
  _warn_prf(average, modifier, msg_start, len(result))
Acc. (Correct/Total): 60.43%% Prec: 0.7791 F1: 0.7347
Epoch id: 14, Training steps: 100, Avg loss: 0.008, Time: 0:27:30
Epoch id: 14, Training steps: 200, Avg loss: 0.004, Time: 0:27:48
Epoch id: 14, Training steps: 300, Avg loss: 0.004, Time: 0:28:07
Epoch id: 14, Training steps: 400, Avg loss: 0.004, Time: 0:28:26
Epoch id: 14, Training steps: 500, Avg loss: 0.004, Time: 0:28:45
Start evaluation on dev dataset.
/root/miniconda3/envs/lyq/lib/python3.8/site-packages/sklearn/metrics/_classification.py:1469: UndefinedMetricWarning: Precision is ill-defined and being set to 0.0 in samples with no predicted labels. Use `zero_division` parameter to control this behavior.
  _warn_prf(average, modifier, msg_start, len(result))
Acc. (Correct/Total): 55.90%% Prec: 0.7427 F1: 0.7022
Start evaluation on test dataset.
/root/miniconda3/envs/lyq/lib/python3.8/site-packages/sklearn/metrics/_classification.py:1469: UndefinedMetricWarning: Precision is ill-defined and being set to 0.0 in samples with no predicted labels. Use `zero_division` parameter to control this behavior.
  _warn_prf(average, modifier, msg_start, len(result))
Acc. (Correct/Total): 61.64%% Prec: 0.7857 F1: 0.7448
Epoch id: 15, Training steps: 100, Avg loss: 0.007, Time: 0:29:34
Epoch id: 15, Training steps: 200, Avg loss: 0.003, Time: 0:29:53
Epoch id: 15, Training steps: 300, Avg loss: 0.004, Time: 0:30:12
Epoch id: 15, Training steps: 400, Avg loss: 0.004, Time: 0:30:31
Epoch id: 15, Training steps: 500, Avg loss: 0.003, Time: 0:30:50
Start evaluation on dev dataset.
/root/miniconda3/envs/lyq/lib/python3.8/site-packages/sklearn/metrics/_classification.py:1469: UndefinedMetricWarning: Precision is ill-defined and being set to 0.0 in samples with no predicted labels. Use `zero_division` parameter to control this behavior.
  _warn_prf(average, modifier, msg_start, len(result))
Acc. (Correct/Total): 56.38%% Prec: 0.7510 F1: 0.7104
Start evaluation on test dataset.
/root/miniconda3/envs/lyq/lib/python3.8/site-packages/sklearn/metrics/_classification.py:1469: UndefinedMetricWarning: Precision is ill-defined and being set to 0.0 in samples with no predicted labels. Use `zero_division` parameter to control this behavior.
  _warn_prf(average, modifier, msg_start, len(result))
Acc. (Correct/Total): 61.34%% Prec: 0.7875 F1: 0.7487
Epoch id: 16, Training steps: 100, Avg loss: 0.006, Time: 0:31:39
Epoch id: 16, Training steps: 200, Avg loss: 0.003, Time: 0:31:58
Epoch id: 16, Training steps: 300, Avg loss: 0.003, Time: 0:32:17
Epoch id: 16, Training steps: 400, Avg loss: 0.003, Time: 0:32:36
Epoch id: 16, Training steps: 500, Avg loss: 0.003, Time: 0:32:55
Start evaluation on dev dataset.
/root/miniconda3/envs/lyq/lib/python3.8/site-packages/sklearn/metrics/_classification.py:1469: UndefinedMetricWarning: Precision is ill-defined and being set to 0.0 in samples with no predicted labels. Use `zero_division` parameter to control this behavior.
  _warn_prf(average, modifier, msg_start, len(result))
Acc. (Correct/Total): 54.85%% Prec: 0.7399 F1: 0.6993
Epoch id: 17, Training steps: 100, Avg loss: 0.005, Time: 0:33:35
Epoch id: 17, Training steps: 200, Avg loss: 0.003, Time: 0:33:54
Epoch id: 17, Training steps: 300, Avg loss: 0.003, Time: 0:34:13
Epoch id: 17, Training steps: 400, Avg loss: 0.003, Time: 0:34:32
Epoch id: 17, Training steps: 500, Avg loss: 0.003, Time: 0:34:50
Start evaluation on dev dataset.
/root/miniconda3/envs/lyq/lib/python3.8/site-packages/sklearn/metrics/_classification.py:1469: UndefinedMetricWarning: Precision is ill-defined and being set to 0.0 in samples with no predicted labels. Use `zero_division` parameter to control this behavior.
  _warn_prf(average, modifier, msg_start, len(result))
Acc. (Correct/Total): 56.00%% Prec: 0.7411 F1: 0.7017
Epoch id: 18, Training steps: 100, Avg loss: 0.005, Time: 0:35:31
Epoch id: 18, Training steps: 200, Avg loss: 0.003, Time: 0:35:50
Epoch id: 18, Training steps: 300, Avg loss: 0.002, Time: 0:36:08
Epoch id: 18, Training steps: 400, Avg loss: 0.003, Time: 0:36:28
Epoch id: 18, Training steps: 500, Avg loss: 0.003, Time: 0:36:46
Start evaluation on dev dataset.
/root/miniconda3/envs/lyq/lib/python3.8/site-packages/sklearn/metrics/_classification.py:1469: UndefinedMetricWarning: Precision is ill-defined and being set to 0.0 in samples with no predicted labels. Use `zero_division` parameter to control this behavior.
  _warn_prf(average, modifier, msg_start, len(result))
Acc. (Correct/Total): 55.57%% Prec: 0.7369 F1: 0.6946
Epoch id: 19, Training steps: 100, Avg loss: 0.004, Time: 0:37:27
Epoch id: 19, Training steps: 200, Avg loss: 0.002, Time: 0:37:45
Epoch id: 19, Training steps: 300, Avg loss: 0.002, Time: 0:38:04
Epoch id: 19, Training steps: 400, Avg loss: 0.002, Time: 0:38:23
Epoch id: 19, Training steps: 500, Avg loss: 0.002, Time: 0:38:42
Start evaluation on dev dataset.
/root/miniconda3/envs/lyq/lib/python3.8/site-packages/sklearn/metrics/_classification.py:1469: UndefinedMetricWarning: Precision is ill-defined and being set to 0.0 in samples with no predicted labels. Use `zero_division` parameter to control this behavior.
  _warn_prf(average, modifier, msg_start, len(result))
Acc. (Correct/Total): 55.76%% Prec: 0.7447 F1: 0.7100
Epoch id: 20, Training steps: 100, Avg loss: 0.003, Time: 0:39:22
Epoch id: 20, Training steps: 200, Avg loss: 0.002, Time: 0:39:41
Epoch id: 20, Training steps: 300, Avg loss: 0.002, Time: 0:40:00
Epoch id: 20, Training steps: 400, Avg loss: 0.002, Time: 0:40:19
Epoch id: 20, Training steps: 500, Avg loss: 0.002, Time: 0:40:38
Start evaluation on dev dataset.
/root/miniconda3/envs/lyq/lib/python3.8/site-packages/sklearn/metrics/_classification.py:1469: UndefinedMetricWarning: Precision is ill-defined and being set to 0.0 in samples with no predicted labels. Use `zero_division` parameter to control this behavior.
  _warn_prf(average, modifier, msg_start, len(result))
Acc. (Correct/Total): 56.43%% Prec: 0.7463 F1: 0.7080
Start evaluation on test dataset.
/root/miniconda3/envs/lyq/lib/python3.8/site-packages/sklearn/metrics/_classification.py:1469: UndefinedMetricWarning: Precision is ill-defined and being set to 0.0 in samples with no predicted labels. Use `zero_division` parameter to control this behavior.
  _warn_prf(average, modifier, msg_start, len(result))
Acc. (Correct/Total): 62.36%% Prec: 0.7907 F1: 0.7527
Final evaluation on the test dataset.
The number of evaluation instances:  2067
/root/miniconda3/envs/lyq/lib/python3.8/site-packages/sklearn/metrics/_classification.py:1469: UndefinedMetricWarning: Precision is ill-defined and being set to 0.0 in samples with no predicted labels. Use `zero_division` parameter to control this behavior.
  _warn_prf(average, modifier, msg_start, len(result))
/root/miniconda3/envs/lyq/lib/python3.8/site-packages/sklearn/metrics/_classification.py:1469: UndefinedMetricWarning: Precision and F-score are ill-defined and being set to 0.0 in labels with no predicted samples. Use `zero_division` parameter to control this behavior.
  _warn_prf(average, modifier, msg_start, len(result))
/root/miniconda3/envs/lyq/lib/python3.8/site-packages/sklearn/metrics/_classification.py:1469: UndefinedMetricWarning: Precision and F-score are ill-defined and being set to 0.0 in samples with no predicted labels. Use `zero_division` parameter to control this behavior.
  _warn_prf(average, modifier, msg_start, len(result))
Acc. (Correct/Total): 62.36% Prec: 0.7907 F1: 0.7527
Precision, Recall and F1-Score...
              precision    recall  f1-score   support

         教育学     0.9008    0.9046    0.9027       241
          法学     0.9059    0.8170    0.8592       224
      中国语言文学     0.8294    0.7622    0.7944       185
         政治学     0.8201    0.6994    0.7550       163
         社会学     0.8905    0.7771    0.8299       157
         心理学     0.8539    0.6179    0.7170       123
       应用经济学     0.7765    0.5641    0.6535       117
         历史学     0.9157    0.6972    0.7917       109
     环境科学与工程     0.8990    0.8241    0.8599       108
          哲学     0.8333    0.5155    0.6369        97
      外国语言文学     0.8133    0.7176    0.7625        85
         生物学     0.8533    0.8101    0.8312        79
      交通运输工程     0.9125    0.9359    0.9241        78
        临床医学     0.8387    0.6842    0.7536        76
    计算机科学与技术     0.6974    0.7465    0.7211        71
        土木工程     0.9014    0.9697    0.9343        66
   航空宇航科学与技术     0.9508    0.9508    0.9508        61
         民族学     0.7568    0.5091    0.6087        55
   公共卫生与预防医学     0.6818    0.5882    0.6316        51
         美术学     0.8571    0.9600    0.9057        50
         艺术学     0.7907    0.7907    0.7907        43
         地理学     0.8621    0.5952    0.7042        42
         体育学     1.0000    0.5000    0.6667        40
       理论经济学     0.6970    0.6053    0.6479        38
         中医学     0.9189    0.9189    0.9189        37
         物理学     0.7674    0.9167    0.8354        36
          林学     0.7619    0.4848    0.5926        33
          数学     0.7692    0.6250    0.6897        32
     电子科学与技术     0.6400    0.5161    0.5714        31
        基础医学     0.5333    0.5517    0.5424        29
        工商管理     0.7500    0.6667    0.7059        27
       新闻传播学     0.9333    0.6364    0.7568        22
         天文学     0.8571    0.8182    0.8372        22
         地质学     0.9333    0.6667    0.7778        21
         畜牧学     0.7826    0.8571    0.8182        21
   军事思想及军事历史     0.8421    0.8000    0.8205        20
     管理科学与工程     0.5652    0.7222    0.6341        18
     测绘科学与技术     0.8000    0.7059    0.7500        17
        水利工程     1.0000    0.5000    0.6667        16
        大气科学     0.9231    0.7500    0.8276        16
     兵器科学与技术     0.6087    0.9333    0.7368        15
       地球物理学     1.0000    0.1429    0.2500        14
        电气工程     1.0000    0.5385    0.7000        13
         作物学     0.7500    0.4615    0.5714        13
     控制科学与工程     0.2857    0.3077    0.2963        13
     信息与通信工程     0.8333    0.7692    0.8000        13
        公共管理     0.2000    0.0769    0.1111        13
         建筑学     0.8571    0.4615    0.6000        13
     化学工程与技术     0.9091    0.8333    0.8696        12
          力学     0.7273    0.7273    0.7273        11
        海洋科学     1.0000    0.9091    0.9524        11
     轻工技术与工程     0.5714    0.3636    0.4444        11
        农业工程     1.0000    0.3000    0.4615        10
         园艺学     0.8889    0.8000    0.8421        10
       中西医结合     1.0000    0.7000    0.8235        10
        机械工程     1.0000    0.6667    0.8000         9
       科学技术史     1.0000    0.6250    0.7692         8
     船舶与海洋工程     0.8333    0.6250    0.7143         8
   图书情报与档案管理     0.8571    0.7500    0.8000         8
        植物保护     1.0000    1.0000    1.0000         8
     材料科学与工程     0.8333    0.6250    0.7143         8
         统计学     0.6000    0.7500    0.6667         8
          化学     1.0000    0.8750    0.9333         8
     食品科学与工程     0.8000    0.5000    0.6154         8
          水产     1.0000    0.7143    0.8333         7
          药学     1.0000    0.8571    0.9231         7
     农业资源与环境     1.0000    0.4286    0.6000         7
         世界史     1.0000    1.0000    1.0000         7
        系统科学     1.0000    0.5714    0.7273         7
      农林经济管理     0.6667    0.8000    0.7273         5
       军队指挥学     1.0000    0.4000    0.5714         5
        矿业工程     0.6000    0.6000    0.6000         5
     纺织科学与工程     0.7143    1.0000    0.8333         5
  动力工程及工程热物理     0.0000    0.0000    0.0000         4
        林业工程     0.0000    0.0000    0.0000         4
     仪器科学与技术     0.0000    0.0000    0.0000         3
         战略学     1.0000    0.3333    0.5000         3
   地质资源与地质工程     1.0000    0.3333    0.5000         3
        旅游管理     1.0000    0.6667    0.8000         3
 图书馆、情报与档案管理     0.0000    0.0000    0.0000         2
        冶金工程     1.0000    0.5000    0.6667         2
      核科学与技术     0.0000    0.0000    0.0000         2

   micro avg     0.8391    0.7249    0.7778      3093
   macro avg     0.7872    0.6296    0.6812      3093
weighted avg     0.8384    0.7249    0.7692      3093
 samples avg     0.7907    0.7408    0.7527      3093

