/root/miniconda3/envs/lyq/lib/python3.8/site-packages/scipy/__init__.py:146: UserWarning: A NumPy version >=1.16.5 and <1.23.0 is required for this version of SciPy (detected version 1.23.5
  warnings.warn(f"A NumPy version >={np_minversion} and <{np_maxversion}"
  0%|          | 0/82 [00:00<?, ?it/s]100%|██████████| 82/82 [00:00<00:00, 1333073.36it/s]
model:  ernie-rcnn
pretrained:  ernie1
task:  MLC
dataset:  book_multilabels_task
seq_length:  256
hidden_dropout_prob:  0.1
attention_probs_dropout_prob:  0.1
epochs_num:  20
batch_size:  32
learning_rate:  2e-05
report_steps:  100
kg_name:  CnDbpedia
no_kg:  False
no_vm:  False
Vocabulary Size:  17964
[BertClassifier] use visible_matrix: True
Some weights of ErnieRCNNForMultiLabelSequenceClassification were not initialized from the model checkpoint at ./models/ernie1 and are newly initialized: ['lstm.bias_ih_l1', 'lstm.weight_hh_l1', 'classifier.bias', 'lstm.bias_hh_l1', 'lstm.weight_ih_l0_reverse', 'lstm.weight_hh_l0_reverse', 'classifier.weight', 'lstm.bias_hh_l0', 'lstm.bias_hh_l0_reverse', 'output_layer_1.weight', 'output_layer_1.bias', 'lstm.bias_ih_l0_reverse', 'lstm.weight_ih_l1_reverse', 'lstm.bias_ih_l1_reverse', 'lstm.weight_ih_l1', 'lstm.bias_hh_l1_reverse', 'lstm.bias_ih_l0', 'lstm.weight_hh_l0', 'lstm.weight_ih_l0', 'lstm.weight_hh_l1_reverse']
You should probably TRAIN this model on a down-stream task to be able to use it for predictions and inference.
1 GPUs are available. Let's use them.
device:  cuda
[KnowledgeGraph] Loading spo from /Lyq/experiment/K-BERT-HUGGINGFACE/brain/kgs/CnDbpedia.spo
Start training.
Loading sentences from ./datasets/book_multilabels_task/train.tsv
There are 9097 sentence in total. We use 1 processes to inject knowledge into sentences.
Progress of process 0: 0/9097
Loading sentences from ./datasets/book_multilabels_task/dev.tsv
There are 2084 sentence in total. We use 1 processes to inject knowledge into sentences.
Progress of process 0: 0/2084
Loading sentences from ./datasets/book_multilabels_task/test.tsv
There are 2067 sentence in total. We use 1 processes to inject knowledge into sentences.
Progress of process 0: 0/2067
Epoch id: 1, Training steps: 100, Avg loss: 0.244, Time: 0:00:48
Epoch id: 1, Training steps: 200, Avg loss: 0.088, Time: 0:01:37
Start evaluation on dev dataset.
/root/miniconda3/envs/lyq/lib/python3.8/site-packages/sklearn/metrics/_classification.py:1469: UndefinedMetricWarning: Precision is ill-defined and being set to 0.0 in samples with no predicted labels. Use `zero_division` parameter to control this behavior.
  _warn_prf(average, modifier, msg_start, len(result))
Acc. (Correct/Total):  0.00%% Prec: 0.0000 F1: 0.0000
Epoch id: 2, Training steps: 100, Avg loss: 0.148, Time: 0:03:32
Epoch id: 2, Training steps: 200, Avg loss: 0.073, Time: 0:04:28
Start evaluation on dev dataset.
/root/miniconda3/envs/lyq/lib/python3.8/site-packages/sklearn/metrics/_classification.py:1469: UndefinedMetricWarning: Precision is ill-defined and being set to 0.0 in samples with no predicted labels. Use `zero_division` parameter to control this behavior.
  _warn_prf(average, modifier, msg_start, len(result))
Acc. (Correct/Total):  0.00%% Prec: 0.0000 F1: 0.0000
Epoch id: 3, Training steps: 100, Avg loss: 0.119, Time: 0:06:17
Epoch id: 3, Training steps: 200, Avg loss: 0.056, Time: 0:07:11
Start evaluation on dev dataset.
/root/miniconda3/envs/lyq/lib/python3.8/site-packages/sklearn/metrics/_classification.py:1469: UndefinedMetricWarning: Precision is ill-defined and being set to 0.0 in samples with no predicted labels. Use `zero_division` parameter to control this behavior.
  _warn_prf(average, modifier, msg_start, len(result))
Acc. (Correct/Total):  8.16%% Prec: 0.1392 F1: 0.1201
Start evaluation on test dataset.
/root/miniconda3/envs/lyq/lib/python3.8/site-packages/sklearn/metrics/_classification.py:1469: UndefinedMetricWarning: Precision is ill-defined and being set to 0.0 in samples with no predicted labels. Use `zero_division` parameter to control this behavior.
  _warn_prf(average, modifier, msg_start, len(result))
Acc. (Correct/Total):  8.51%% Prec: 0.1476 F1: 0.1261
Epoch id: 4, Training steps: 100, Avg loss: 0.089, Time: 0:09:20
Epoch id: 4, Training steps: 200, Avg loss: 0.043, Time: 0:10:11
Start evaluation on dev dataset.
/root/miniconda3/envs/lyq/lib/python3.8/site-packages/sklearn/metrics/_classification.py:1469: UndefinedMetricWarning: Precision is ill-defined and being set to 0.0 in samples with no predicted labels. Use `zero_division` parameter to control this behavior.
  _warn_prf(average, modifier, msg_start, len(result))
Acc. (Correct/Total): 13.24%% Prec: 0.2296 F1: 0.1969
Start evaluation on test dataset.
/root/miniconda3/envs/lyq/lib/python3.8/site-packages/sklearn/metrics/_classification.py:1469: UndefinedMetricWarning: Precision is ill-defined and being set to 0.0 in samples with no predicted labels. Use `zero_division` parameter to control this behavior.
  _warn_prf(average, modifier, msg_start, len(result))
Acc. (Correct/Total): 15.58%% Prec: 0.2617 F1: 0.2269
Epoch id: 5, Training steps: 100, Avg loss: 0.071, Time: 0:12:18
Epoch id: 5, Training steps: 200, Avg loss: 0.033, Time: 0:13:11
Start evaluation on dev dataset.
/root/miniconda3/envs/lyq/lib/python3.8/site-packages/sklearn/metrics/_classification.py:1469: UndefinedMetricWarning: Precision is ill-defined and being set to 0.0 in samples with no predicted labels. Use `zero_division` parameter to control this behavior.
  _warn_prf(average, modifier, msg_start, len(result))
Acc. (Correct/Total): 24.90%% Prec: 0.3932 F1: 0.3462
Start evaluation on test dataset.
/root/miniconda3/envs/lyq/lib/python3.8/site-packages/sklearn/metrics/_classification.py:1469: UndefinedMetricWarning: Precision is ill-defined and being set to 0.0 in samples with no predicted labels. Use `zero_division` parameter to control this behavior.
  _warn_prf(average, modifier, msg_start, len(result))
Acc. (Correct/Total): 28.88%% Prec: 0.4378 F1: 0.3898
Epoch id: 6, Training steps: 100, Avg loss: 0.058, Time: 0:15:21
Epoch id: 6, Training steps: 200, Avg loss: 0.029, Time: 0:16:10
Start evaluation on dev dataset.
/root/miniconda3/envs/lyq/lib/python3.8/site-packages/sklearn/metrics/_classification.py:1469: UndefinedMetricWarning: Precision is ill-defined and being set to 0.0 in samples with no predicted labels. Use `zero_division` parameter to control this behavior.
  _warn_prf(average, modifier, msg_start, len(result))
Acc. (Correct/Total): 31.00%% Prec: 0.4655 F1: 0.4175
Start evaluation on test dataset.
/root/miniconda3/envs/lyq/lib/python3.8/site-packages/sklearn/metrics/_classification.py:1469: UndefinedMetricWarning: Precision is ill-defined and being set to 0.0 in samples with no predicted labels. Use `zero_division` parameter to control this behavior.
  _warn_prf(average, modifier, msg_start, len(result))
Acc. (Correct/Total): 34.54%% Prec: 0.5065 F1: 0.4559
Epoch id: 7, Training steps: 100, Avg loss: 0.049, Time: 0:18:11
Epoch id: 7, Training steps: 200, Avg loss: 0.025, Time: 0:18:59
Start evaluation on dev dataset.
/root/miniconda3/envs/lyq/lib/python3.8/site-packages/sklearn/metrics/_classification.py:1469: UndefinedMetricWarning: Precision is ill-defined and being set to 0.0 in samples with no predicted labels. Use `zero_division` parameter to control this behavior.
  _warn_prf(average, modifier, msg_start, len(result))
Acc. (Correct/Total): 31.81%% Prec: 0.4796 F1: 0.4285
Start evaluation on test dataset.
/root/miniconda3/envs/lyq/lib/python3.8/site-packages/sklearn/metrics/_classification.py:1469: UndefinedMetricWarning: Precision is ill-defined and being set to 0.0 in samples with no predicted labels. Use `zero_division` parameter to control this behavior.
  _warn_prf(average, modifier, msg_start, len(result))
Acc. (Correct/Total): 36.62%% Prec: 0.5276 F1: 0.4764
Epoch id: 8, Training steps: 100, Avg loss: 0.042, Time: 0:20:57
Epoch id: 8, Training steps: 200, Avg loss: 0.021, Time: 0:21:43
Start evaluation on dev dataset.
/root/miniconda3/envs/lyq/lib/python3.8/site-packages/sklearn/metrics/_classification.py:1469: UndefinedMetricWarning: Precision is ill-defined and being set to 0.0 in samples with no predicted labels. Use `zero_division` parameter to control this behavior.
  _warn_prf(average, modifier, msg_start, len(result))
Acc. (Correct/Total): 33.54%% Prec: 0.5226 F1: 0.4637
Start evaluation on test dataset.
/root/miniconda3/envs/lyq/lib/python3.8/site-packages/sklearn/metrics/_classification.py:1469: UndefinedMetricWarning: Precision is ill-defined and being set to 0.0 in samples with no predicted labels. Use `zero_division` parameter to control this behavior.
  _warn_prf(average, modifier, msg_start, len(result))
Acc. (Correct/Total): 37.98%% Prec: 0.5658 F1: 0.5071
Epoch id: 9, Training steps: 100, Avg loss: 0.035, Time: 0:23:35
Epoch id: 9, Training steps: 200, Avg loss: 0.017, Time: 0:24:26
Start evaluation on dev dataset.
/root/miniconda3/envs/lyq/lib/python3.8/site-packages/sklearn/metrics/_classification.py:1469: UndefinedMetricWarning: Precision is ill-defined and being set to 0.0 in samples with no predicted labels. Use `zero_division` parameter to control this behavior.
  _warn_prf(average, modifier, msg_start, len(result))
Acc. (Correct/Total): 37.67%% Prec: 0.5619 F1: 0.5048
Start evaluation on test dataset.
/root/miniconda3/envs/lyq/lib/python3.8/site-packages/sklearn/metrics/_classification.py:1469: UndefinedMetricWarning: Precision is ill-defined and being set to 0.0 in samples with no predicted labels. Use `zero_division` parameter to control this behavior.
  _warn_prf(average, modifier, msg_start, len(result))
Acc. (Correct/Total): 43.20%% Prec: 0.6243 F1: 0.5637
Epoch id: 10, Training steps: 100, Avg loss: 0.030, Time: 0:26:26
Epoch id: 10, Training steps: 200, Avg loss: 0.015, Time: 0:27:19
Start evaluation on dev dataset.
/root/miniconda3/envs/lyq/lib/python3.8/site-packages/sklearn/metrics/_classification.py:1469: UndefinedMetricWarning: Precision is ill-defined and being set to 0.0 in samples with no predicted labels. Use `zero_division` parameter to control this behavior.
  _warn_prf(average, modifier, msg_start, len(result))
Acc. (Correct/Total): 41.07%% Prec: 0.6047 F1: 0.5488
Start evaluation on test dataset.
/root/miniconda3/envs/lyq/lib/python3.8/site-packages/sklearn/metrics/_classification.py:1469: UndefinedMetricWarning: Precision is ill-defined and being set to 0.0 in samples with no predicted labels. Use `zero_division` parameter to control this behavior.
  _warn_prf(average, modifier, msg_start, len(result))
Acc. (Correct/Total): 45.09%% Prec: 0.6528 F1: 0.5896
Epoch id: 11, Training steps: 100, Avg loss: 0.025, Time: 0:29:25
Epoch id: 11, Training steps: 200, Avg loss: 0.013, Time: 0:30:15
Start evaluation on dev dataset.
/root/miniconda3/envs/lyq/lib/python3.8/site-packages/sklearn/metrics/_classification.py:1469: UndefinedMetricWarning: Precision is ill-defined and being set to 0.0 in samples with no predicted labels. Use `zero_division` parameter to control this behavior.
  _warn_prf(average, modifier, msg_start, len(result))
Acc. (Correct/Total): 40.79%% Prec: 0.6042 F1: 0.5478
Epoch id: 12, Training steps: 100, Avg loss: 0.021, Time: 0:31:58
Epoch id: 12, Training steps: 200, Avg loss: 0.011, Time: 0:32:48
Start evaluation on dev dataset.
/root/miniconda3/envs/lyq/lib/python3.8/site-packages/sklearn/metrics/_classification.py:1469: UndefinedMetricWarning: Precision is ill-defined and being set to 0.0 in samples with no predicted labels. Use `zero_division` parameter to control this behavior.
  _warn_prf(average, modifier, msg_start, len(result))
Acc. (Correct/Total): 43.67%% Prec: 0.6341 F1: 0.5794
Start evaluation on test dataset.
/root/miniconda3/envs/lyq/lib/python3.8/site-packages/sklearn/metrics/_classification.py:1469: UndefinedMetricWarning: Precision is ill-defined and being set to 0.0 in samples with no predicted labels. Use `zero_division` parameter to control this behavior.
  _warn_prf(average, modifier, msg_start, len(result))
Acc. (Correct/Total): 49.25%% Prec: 0.6809 F1: 0.6247
Epoch id: 13, Training steps: 100, Avg loss: 0.019, Time: 0:34:52
Epoch id: 13, Training steps: 200, Avg loss: 0.009, Time: 0:35:40
Start evaluation on dev dataset.
/root/miniconda3/envs/lyq/lib/python3.8/site-packages/sklearn/metrics/_classification.py:1469: UndefinedMetricWarning: Precision is ill-defined and being set to 0.0 in samples with no predicted labels. Use `zero_division` parameter to control this behavior.
  _warn_prf(average, modifier, msg_start, len(result))
Acc. (Correct/Total): 44.10%% Prec: 0.6532 F1: 0.5926
Start evaluation on test dataset.
/root/miniconda3/envs/lyq/lib/python3.8/site-packages/sklearn/metrics/_classification.py:1469: UndefinedMetricWarning: Precision is ill-defined and being set to 0.0 in samples with no predicted labels. Use `zero_division` parameter to control this behavior.
  _warn_prf(average, modifier, msg_start, len(result))
Acc. (Correct/Total): 50.51%% Prec: 0.6995 F1: 0.6417
Epoch id: 14, Training steps: 100, Avg loss: 0.016, Time: 0:37:36
Epoch id: 14, Training steps: 200, Avg loss: 0.008, Time: 0:38:22
Start evaluation on dev dataset.
/root/miniconda3/envs/lyq/lib/python3.8/site-packages/sklearn/metrics/_classification.py:1469: UndefinedMetricWarning: Precision is ill-defined and being set to 0.0 in samples with no predicted labels. Use `zero_division` parameter to control this behavior.
  _warn_prf(average, modifier, msg_start, len(result))
Acc. (Correct/Total): 45.68%% Prec: 0.6528 F1: 0.5998
Start evaluation on test dataset.
/root/miniconda3/envs/lyq/lib/python3.8/site-packages/sklearn/metrics/_classification.py:1469: UndefinedMetricWarning: Precision is ill-defined and being set to 0.0 in samples with no predicted labels. Use `zero_division` parameter to control this behavior.
  _warn_prf(average, modifier, msg_start, len(result))
Acc. (Correct/Total): 50.99%% Prec: 0.7054 F1: 0.6478
Epoch id: 15, Training steps: 100, Avg loss: 0.014, Time: 0:40:32
Epoch id: 15, Training steps: 200, Avg loss: 0.006, Time: 0:41:20
Start evaluation on dev dataset.
/root/miniconda3/envs/lyq/lib/python3.8/site-packages/sklearn/metrics/_classification.py:1469: UndefinedMetricWarning: Precision is ill-defined and being set to 0.0 in samples with no predicted labels. Use `zero_division` parameter to control this behavior.
  _warn_prf(average, modifier, msg_start, len(result))
Acc. (Correct/Total): 47.26%% Prec: 0.6719 F1: 0.6190
Start evaluation on test dataset.
/root/miniconda3/envs/lyq/lib/python3.8/site-packages/sklearn/metrics/_classification.py:1469: UndefinedMetricWarning: Precision is ill-defined and being set to 0.0 in samples with no predicted labels. Use `zero_division` parameter to control this behavior.
  _warn_prf(average, modifier, msg_start, len(result))
Acc. (Correct/Total): 52.54%% Prec: 0.7200 F1: 0.6647
Epoch id: 16, Training steps: 100, Avg loss: 0.011, Time: 0:43:31
Epoch id: 16, Training steps: 200, Avg loss: 0.006, Time: 0:44:23
Start evaluation on dev dataset.
/root/miniconda3/envs/lyq/lib/python3.8/site-packages/sklearn/metrics/_classification.py:1469: UndefinedMetricWarning: Precision is ill-defined and being set to 0.0 in samples with no predicted labels. Use `zero_division` parameter to control this behavior.
  _warn_prf(average, modifier, msg_start, len(result))
Acc. (Correct/Total): 46.74%% Prec: 0.6659 F1: 0.6136
Epoch id: 17, Training steps: 100, Avg loss: 0.010, Time: 0:46:03
Epoch id: 17, Training steps: 200, Avg loss: 0.005, Time: 0:46:50
Start evaluation on dev dataset.
/root/miniconda3/envs/lyq/lib/python3.8/site-packages/sklearn/metrics/_classification.py:1469: UndefinedMetricWarning: Precision is ill-defined and being set to 0.0 in samples with no predicted labels. Use `zero_division` parameter to control this behavior.
  _warn_prf(average, modifier, msg_start, len(result))
Acc. (Correct/Total): 47.89%% Prec: 0.6822 F1: 0.6329
Start evaluation on test dataset.
/root/miniconda3/envs/lyq/lib/python3.8/site-packages/sklearn/metrics/_classification.py:1469: UndefinedMetricWarning: Precision is ill-defined and being set to 0.0 in samples with no predicted labels. Use `zero_division` parameter to control this behavior.
  _warn_prf(average, modifier, msg_start, len(result))
Acc. (Correct/Total): 53.60%% Prec: 0.7353 F1: 0.6813
Epoch id: 18, Training steps: 100, Avg loss: 0.009, Time: 0:49:00
Epoch id: 18, Training steps: 200, Avg loss: 0.005, Time: 0:49:48
Start evaluation on dev dataset.
/root/miniconda3/envs/lyq/lib/python3.8/site-packages/sklearn/metrics/_classification.py:1469: UndefinedMetricWarning: Precision is ill-defined and being set to 0.0 in samples with no predicted labels. Use `zero_division` parameter to control this behavior.
  _warn_prf(average, modifier, msg_start, len(result))
Acc. (Correct/Total): 48.27%% Prec: 0.6815 F1: 0.6351
Start evaluation on test dataset.
/root/miniconda3/envs/lyq/lib/python3.8/site-packages/sklearn/metrics/_classification.py:1469: UndefinedMetricWarning: Precision is ill-defined and being set to 0.0 in samples with no predicted labels. Use `zero_division` parameter to control this behavior.
  _warn_prf(average, modifier, msg_start, len(result))
Acc. (Correct/Total): 54.09%% Prec: 0.7244 F1: 0.6778
Epoch id: 19, Training steps: 100, Avg loss: 0.008, Time: 0:51:46
Epoch id: 19, Training steps: 200, Avg loss: 0.004, Time: 0:52:38
Start evaluation on dev dataset.
/root/miniconda3/envs/lyq/lib/python3.8/site-packages/sklearn/metrics/_classification.py:1469: UndefinedMetricWarning: Precision is ill-defined and being set to 0.0 in samples with no predicted labels. Use `zero_division` parameter to control this behavior.
  _warn_prf(average, modifier, msg_start, len(result))
Acc. (Correct/Total): 46.88%% Prec: 0.6742 F1: 0.6271
Epoch id: 20, Training steps: 100, Avg loss: 0.007, Time: 0:54:30
Epoch id: 20, Training steps: 200, Avg loss: 0.003, Time: 0:55:19
Start evaluation on dev dataset.
/root/miniconda3/envs/lyq/lib/python3.8/site-packages/sklearn/metrics/_classification.py:1469: UndefinedMetricWarning: Precision is ill-defined and being set to 0.0 in samples with no predicted labels. Use `zero_division` parameter to control this behavior.
  _warn_prf(average, modifier, msg_start, len(result))
Acc. (Correct/Total): 46.07%% Prec: 0.6623 F1: 0.6094
Final evaluation on the test dataset.
The number of evaluation instances:  2067
/root/miniconda3/envs/lyq/lib/python3.8/site-packages/sklearn/metrics/_classification.py:1469: UndefinedMetricWarning: Precision is ill-defined and being set to 0.0 in samples with no predicted labels. Use `zero_division` parameter to control this behavior.
  _warn_prf(average, modifier, msg_start, len(result))
/root/miniconda3/envs/lyq/lib/python3.8/site-packages/sklearn/metrics/_classification.py:1469: UndefinedMetricWarning: Precision and F-score are ill-defined and being set to 0.0 in labels with no predicted samples. Use `zero_division` parameter to control this behavior.
  _warn_prf(average, modifier, msg_start, len(result))
/root/miniconda3/envs/lyq/lib/python3.8/site-packages/sklearn/metrics/_classification.py:1469: UndefinedMetricWarning: Precision and F-score are ill-defined and being set to 0.0 in samples with no predicted labels. Use `zero_division` parameter to control this behavior.
  _warn_prf(average, modifier, msg_start, len(result))
Acc. (Correct/Total): 54.09% Prec: 0.7244 F1: 0.6778
Precision, Recall and F1-Score...
              precision    recall  f1-score   support

         教育学     0.8577    0.8755    0.8665       241
          法学     0.8381    0.7857    0.8111       224
      中国语言文学     0.7975    0.7027    0.7471       185
         政治学     0.8095    0.5215    0.6343       163
         社会学     0.8295    0.6815    0.7483       157
         心理学     0.7606    0.4390    0.5567       123
       应用经济学     0.6095    0.5470    0.5766       117
         历史学     0.9231    0.5505    0.6897       109
     环境科学与工程     0.9024    0.6852    0.7789       108
          哲学     0.7353    0.5155    0.6061        97
      外国语言文学     0.7681    0.6235    0.6883        85
         生物学     0.8077    0.7975    0.8025        79
      交通运输工程     0.9024    0.9487    0.9250        78
        临床医学     0.8919    0.4342    0.5841        76
    计算机科学与技术     0.7313    0.6901    0.7101        71
        土木工程     0.9143    0.9697    0.9412        66
   航空宇航科学与技术     0.9032    0.9180    0.9106        61
         民族学     0.6410    0.4545    0.5319        55
   公共卫生与预防医学     0.5833    0.5490    0.5657        51
         美术学     0.8269    0.8600    0.8431        50
         艺术学     0.8000    0.7442    0.7711        43
         地理学     0.9000    0.6429    0.7500        42
         体育学     0.9500    0.4750    0.6333        40
       理论经济学     0.6923    0.4737    0.5625        38
         中医学     0.9062    0.7838    0.8406        37
         物理学     0.8108    0.8333    0.8219        36
          林学     0.9000    0.5455    0.6792        33
          数学     0.6818    0.4688    0.5556        32
     电子科学与技术     0.5556    0.4839    0.5172        31
        基础医学     0.3929    0.3793    0.3860        29
        工商管理     0.7000    0.2593    0.3784        27
       新闻传播学     0.7083    0.7727    0.7391        22
         天文学     0.8000    0.9091    0.8511        22
         地质学     0.8000    0.7619    0.7805        21
         畜牧学     0.8000    0.7619    0.7805        21
   军事思想及军事历史     0.7368    0.7000    0.7179        20
     管理科学与工程     0.5714    0.6667    0.6154        18
     测绘科学与技术     0.7368    0.8235    0.7778        17
        水利工程     0.7778    0.4375    0.5600        16
        大气科学     0.8182    0.5625    0.6667        16
     兵器科学与技术     0.7500    0.8000    0.7742        15
       地球物理学     0.6667    0.1429    0.2353        14
        电气工程     1.0000    0.3846    0.5556        13
         作物学     0.6667    0.4615    0.5455        13
     控制科学与工程     0.4286    0.2308    0.3000        13
     信息与通信工程     0.7273    0.6154    0.6667        13
        公共管理     0.0000    0.0000    0.0000        13
         建筑学     0.5000    0.0769    0.1333        13
     化学工程与技术     1.0000    0.8333    0.9091        12
          力学     1.0000    0.3636    0.5333        11
        海洋科学     0.9000    0.8182    0.8571        11
     轻工技术与工程     0.7143    0.4545    0.5556        11
        农业工程     0.5000    0.1000    0.1667        10
         园艺学     0.8000    0.8000    0.8000        10
       中西医结合     1.0000    0.4000    0.5714        10
        机械工程     1.0000    0.3333    0.5000         9
       科学技术史     0.6000    0.3750    0.4615         8
     船舶与海洋工程     1.0000    0.7500    0.8571         8
   图书情报与档案管理     0.6667    0.5000    0.5714         8
        植物保护     0.8750    0.8750    0.8750         8
     材料科学与工程     0.8333    0.6250    0.7143         8
         统计学     0.5000    0.7500    0.6000         8
          化学     0.8750    0.8750    0.8750         8
     食品科学与工程     1.0000    0.2500    0.4000         8
          水产     1.0000    0.5714    0.7273         7
          药学     1.0000    0.7143    0.8333         7
     农业资源与环境     1.0000    0.4286    0.6000         7
         世界史     0.6000    0.4286    0.5000         7
        系统科学     0.8000    0.5714    0.6667         7
      农林经济管理     0.6000    0.6000    0.6000         5
       军队指挥学     1.0000    0.4000    0.5714         5
        矿业工程     0.7500    0.6000    0.6667         5
     纺织科学与工程     0.6667    0.8000    0.7273         5
  动力工程及工程热物理     0.0000    0.0000    0.0000         4
        林业工程     0.0000    0.0000    0.0000         4
     仪器科学与技术     0.0000    0.0000    0.0000         3
         战略学     0.2500    0.3333    0.2857         3
   地质资源与地质工程     1.0000    0.3333    0.5000         3
        旅游管理     0.0000    0.0000    0.0000         3
 图书馆、情报与档案管理     0.0000    0.0000    0.0000         2
        冶金工程     0.0000    0.0000    0.0000         2
      核科学与技术     0.0000    0.0000    0.0000         2

   micro avg     0.7920    0.6463    0.7118      3093
   macro avg     0.7042    0.5321    0.5858      3093
weighted avg     0.7903    0.6463    0.6994      3093
 samples avg     0.7244    0.6610    0.6778      3093

