/root/miniconda3/envs/lyq/lib/python3.8/site-packages/scipy/__init__.py:146: UserWarning: A NumPy version >=1.16.5 and <1.23.0 is required for this version of SciPy (detected version 1.23.5
  warnings.warn(f"A NumPy version >={np_minversion} and <{np_maxversion}"
  0%|          | 0/82 [00:00<?, ?it/s]100%|██████████| 82/82 [00:00<00:00, 379198.38it/s]
model:  ernie-rcnn
pretrained:  ernie1
task:  MLC
dataset:  book_multilabels_task
seq_length:  256
hidden_dropout_prob:  0.1
attention_probs_dropout_prob:  0.1
epochs_num:  20
batch_size:  32
learning_rate:  1.5e-05
report_steps:  100
kg_name:  CnDbpedia
no_kg:  False
no_vm:  False
Vocabulary Size:  17964
[BertClassifier] use visible_matrix: True
Some weights of ErnieRCNNForMultiLabelSequenceClassification were not initialized from the model checkpoint at ./models/ernie1 and are newly initialized: ['lstm.weight_ih_l1', 'lstm.bias_ih_l0', 'lstm.bias_hh_l0_reverse', 'classifier.bias', 'lstm.weight_hh_l0_reverse', 'lstm.bias_ih_l1', 'lstm.bias_hh_l1', 'output_layer_1.weight', 'lstm.weight_ih_l0_reverse', 'lstm.bias_ih_l1_reverse', 'lstm.weight_hh_l1_reverse', 'lstm.bias_hh_l0', 'lstm.bias_ih_l0_reverse', 'lstm.bias_hh_l1_reverse', 'classifier.weight', 'lstm.weight_ih_l0', 'lstm.weight_hh_l0', 'lstm.weight_hh_l1', 'output_layer_1.bias', 'lstm.weight_ih_l1_reverse']
You should probably TRAIN this model on a down-stream task to be able to use it for predictions and inference.
1 GPUs are available. Let's use them.
device:  cuda
[KnowledgeGraph] Loading spo from /Lyq/experiment/K-BERT-HUGGINGFACE/brain/kgs/CnDbpedia.spo
Start training.
Loading sentences from ./datasets/book_multilabels_task/train.tsv
There are 9097 sentence in total. We use 1 processes to inject knowledge into sentences.
Progress of process 0: 0/9097
Loading sentences from ./datasets/book_multilabels_task/dev.tsv
There are 2084 sentence in total. We use 1 processes to inject knowledge into sentences.
Progress of process 0: 0/2084
Loading sentences from ./datasets/book_multilabels_task/test.tsv
There are 2067 sentence in total. We use 1 processes to inject knowledge into sentences.
Progress of process 0: 0/2067
Epoch id: 1, Training steps: 100, Avg loss: 0.288, Time: 0:00:49
Epoch id: 1, Training steps: 200, Avg loss: 0.097, Time: 0:01:35
Start evaluation on dev dataset.
/root/miniconda3/envs/lyq/lib/python3.8/site-packages/sklearn/metrics/_classification.py:1469: UndefinedMetricWarning: Precision is ill-defined and being set to 0.0 in samples with no predicted labels. Use `zero_division` parameter to control this behavior.
  _warn_prf(average, modifier, msg_start, len(result))
Acc. (Correct/Total):  0.00%% Prec: 0.0000 F1: 0.0000
Epoch id: 2, Training steps: 100, Avg loss: 0.154, Time: 0:03:20
Epoch id: 2, Training steps: 200, Avg loss: 0.077, Time: 0:04:08
Start evaluation on dev dataset.
/root/miniconda3/envs/lyq/lib/python3.8/site-packages/sklearn/metrics/_classification.py:1469: UndefinedMetricWarning: Precision is ill-defined and being set to 0.0 in samples with no predicted labels. Use `zero_division` parameter to control this behavior.
  _warn_prf(average, modifier, msg_start, len(result))
Acc. (Correct/Total):  0.00%% Prec: 0.0000 F1: 0.0000
Epoch id: 3, Training steps: 100, Avg loss: 0.127, Time: 0:05:47
Epoch id: 3, Training steps: 200, Avg loss: 0.059, Time: 0:06:32
Start evaluation on dev dataset.
/root/miniconda3/envs/lyq/lib/python3.8/site-packages/sklearn/metrics/_classification.py:1469: UndefinedMetricWarning: Precision is ill-defined and being set to 0.0 in samples with no predicted labels. Use `zero_division` parameter to control this behavior.
  _warn_prf(average, modifier, msg_start, len(result))
Acc. (Correct/Total):  6.05%% Prec: 0.0830 F1: 0.0754
Start evaluation on test dataset.
/root/miniconda3/envs/lyq/lib/python3.8/site-packages/sklearn/metrics/_classification.py:1469: UndefinedMetricWarning: Precision is ill-defined and being set to 0.0 in samples with no predicted labels. Use `zero_division` parameter to control this behavior.
  _warn_prf(average, modifier, msg_start, len(result))
Acc. (Correct/Total):  6.29%% Prec: 0.0992 F1: 0.0868
Epoch id: 4, Training steps: 100, Avg loss: 0.094, Time: 0:08:24
Epoch id: 4, Training steps: 200, Avg loss: 0.046, Time: 0:09:09
Start evaluation on dev dataset.
/root/miniconda3/envs/lyq/lib/python3.8/site-packages/sklearn/metrics/_classification.py:1469: UndefinedMetricWarning: Precision is ill-defined and being set to 0.0 in samples with no predicted labels. Use `zero_division` parameter to control this behavior.
  _warn_prf(average, modifier, msg_start, len(result))
Acc. (Correct/Total): 14.44%% Prec: 0.2430 F1: 0.2105
Start evaluation on test dataset.
/root/miniconda3/envs/lyq/lib/python3.8/site-packages/sklearn/metrics/_classification.py:1469: UndefinedMetricWarning: Precision is ill-defined and being set to 0.0 in samples with no predicted labels. Use `zero_division` parameter to control this behavior.
  _warn_prf(average, modifier, msg_start, len(result))
Acc. (Correct/Total): 18.19%% Prec: 0.2808 F1: 0.2487
Epoch id: 5, Training steps: 100, Avg loss: 0.077, Time: 0:11:03
Epoch id: 5, Training steps: 200, Avg loss: 0.036, Time: 0:11:48
Start evaluation on dev dataset.
/root/miniconda3/envs/lyq/lib/python3.8/site-packages/sklearn/metrics/_classification.py:1469: UndefinedMetricWarning: Precision is ill-defined and being set to 0.0 in samples with no predicted labels. Use `zero_division` parameter to control this behavior.
  _warn_prf(average, modifier, msg_start, len(result))
Acc. (Correct/Total): 21.88%% Prec: 0.3587 F1: 0.3139
Start evaluation on test dataset.
/root/miniconda3/envs/lyq/lib/python3.8/site-packages/sklearn/metrics/_classification.py:1469: UndefinedMetricWarning: Precision is ill-defined and being set to 0.0 in samples with no predicted labels. Use `zero_division` parameter to control this behavior.
  _warn_prf(average, modifier, msg_start, len(result))
Acc. (Correct/Total): 27.19%% Prec: 0.3972 F1: 0.3567
Epoch id: 6, Training steps: 100, Avg loss: 0.066, Time: 0:13:44
Epoch id: 6, Training steps: 200, Avg loss: 0.033, Time: 0:14:30
Start evaluation on dev dataset.
/root/miniconda3/envs/lyq/lib/python3.8/site-packages/sklearn/metrics/_classification.py:1469: UndefinedMetricWarning: Precision is ill-defined and being set to 0.0 in samples with no predicted labels. Use `zero_division` parameter to control this behavior.
  _warn_prf(average, modifier, msg_start, len(result))
Acc. (Correct/Total): 26.92%% Prec: 0.4199 F1: 0.3725
Start evaluation on test dataset.
/root/miniconda3/envs/lyq/lib/python3.8/site-packages/sklearn/metrics/_classification.py:1469: UndefinedMetricWarning: Precision is ill-defined and being set to 0.0 in samples with no predicted labels. Use `zero_division` parameter to control this behavior.
  _warn_prf(average, modifier, msg_start, len(result))
Acc. (Correct/Total): 32.37%% Prec: 0.4710 F1: 0.4248
Epoch id: 7, Training steps: 100, Avg loss: 0.057, Time: 0:16:21
Epoch id: 7, Training steps: 200, Avg loss: 0.030, Time: 0:17:06
Start evaluation on dev dataset.
/root/miniconda3/envs/lyq/lib/python3.8/site-packages/sklearn/metrics/_classification.py:1469: UndefinedMetricWarning: Precision is ill-defined and being set to 0.0 in samples with no predicted labels. Use `zero_division` parameter to control this behavior.
  _warn_prf(average, modifier, msg_start, len(result))
Acc. (Correct/Total): 29.80%% Prec: 0.4590 F1: 0.4087
Start evaluation on test dataset.
/root/miniconda3/envs/lyq/lib/python3.8/site-packages/sklearn/metrics/_classification.py:1469: UndefinedMetricWarning: Precision is ill-defined and being set to 0.0 in samples with no predicted labels. Use `zero_division` parameter to control this behavior.
  _warn_prf(average, modifier, msg_start, len(result))
Acc. (Correct/Total): 36.14%% Prec: 0.5135 F1: 0.4658
Epoch id: 8, Training steps: 100, Avg loss: 0.051, Time: 0:19:01
Epoch id: 8, Training steps: 200, Avg loss: 0.026, Time: 0:19:49
Start evaluation on dev dataset.
/root/miniconda3/envs/lyq/lib/python3.8/site-packages/sklearn/metrics/_classification.py:1469: UndefinedMetricWarning: Precision is ill-defined and being set to 0.0 in samples with no predicted labels. Use `zero_division` parameter to control this behavior.
  _warn_prf(average, modifier, msg_start, len(result))
Acc. (Correct/Total): 34.84%% Prec: 0.5338 F1: 0.4763
Start evaluation on test dataset.
/root/miniconda3/envs/lyq/lib/python3.8/site-packages/sklearn/metrics/_classification.py:1469: UndefinedMetricWarning: Precision is ill-defined and being set to 0.0 in samples with no predicted labels. Use `zero_division` parameter to control this behavior.
  _warn_prf(average, modifier, msg_start, len(result))
Acc. (Correct/Total): 39.53%% Prec: 0.5699 F1: 0.5149
Epoch id: 9, Training steps: 100, Avg loss: 0.045, Time: 0:21:38
Epoch id: 9, Training steps: 200, Avg loss: 0.023, Time: 0:22:23
Start evaluation on dev dataset.
/root/miniconda3/envs/lyq/lib/python3.8/site-packages/sklearn/metrics/_classification.py:1469: UndefinedMetricWarning: Precision is ill-defined and being set to 0.0 in samples with no predicted labels. Use `zero_division` parameter to control this behavior.
  _warn_prf(average, modifier, msg_start, len(result))
Acc. (Correct/Total): 34.07%% Prec: 0.5324 F1: 0.4729
Epoch id: 10, Training steps: 100, Avg loss: 0.040, Time: 0:24:06
Epoch id: 10, Training steps: 200, Avg loss: 0.020, Time: 0:24:55
Start evaluation on dev dataset.
/root/miniconda3/envs/lyq/lib/python3.8/site-packages/sklearn/metrics/_classification.py:1469: UndefinedMetricWarning: Precision is ill-defined and being set to 0.0 in samples with no predicted labels. Use `zero_division` parameter to control this behavior.
  _warn_prf(average, modifier, msg_start, len(result))
Acc. (Correct/Total): 38.58%% Prec: 0.5741 F1: 0.5183
Start evaluation on test dataset.
/root/miniconda3/envs/lyq/lib/python3.8/site-packages/sklearn/metrics/_classification.py:1469: UndefinedMetricWarning: Precision is ill-defined and being set to 0.0 in samples with no predicted labels. Use `zero_division` parameter to control this behavior.
  _warn_prf(average, modifier, msg_start, len(result))
Acc. (Correct/Total): 43.11%% Prec: 0.6085 F1: 0.5533
Epoch id: 11, Training steps: 100, Avg loss: 0.036, Time: 0:26:48
Epoch id: 11, Training steps: 200, Avg loss: 0.018, Time: 0:27:33
Start evaluation on dev dataset.
/root/miniconda3/envs/lyq/lib/python3.8/site-packages/sklearn/metrics/_classification.py:1469: UndefinedMetricWarning: Precision is ill-defined and being set to 0.0 in samples with no predicted labels. Use `zero_division` parameter to control this behavior.
  _warn_prf(average, modifier, msg_start, len(result))
Acc. (Correct/Total): 40.50%% Prec: 0.5907 F1: 0.5375
Start evaluation on test dataset.
/root/miniconda3/envs/lyq/lib/python3.8/site-packages/sklearn/metrics/_classification.py:1469: UndefinedMetricWarning: Precision is ill-defined and being set to 0.0 in samples with no predicted labels. Use `zero_division` parameter to control this behavior.
  _warn_prf(average, modifier, msg_start, len(result))
Acc. (Correct/Total): 45.67%% Prec: 0.6389 F1: 0.5844
Epoch id: 12, Training steps: 100, Avg loss: 0.032, Time: 0:29:24
Epoch id: 12, Training steps: 200, Avg loss: 0.021, Time: 0:30:11
Start evaluation on dev dataset.
/root/miniconda3/envs/lyq/lib/python3.8/site-packages/sklearn/metrics/_classification.py:1469: UndefinedMetricWarning: Precision is ill-defined and being set to 0.0 in samples with no predicted labels. Use `zero_division` parameter to control this behavior.
  _warn_prf(average, modifier, msg_start, len(result))
Acc. (Correct/Total): 37.67%% Prec: 0.5626 F1: 0.5087
Epoch id: 13, Training steps: 100, Avg loss: 0.033, Time: 0:31:50
Epoch id: 13, Training steps: 200, Avg loss: 0.016, Time: 0:32:35
Start evaluation on dev dataset.
/root/miniconda3/envs/lyq/lib/python3.8/site-packages/sklearn/metrics/_classification.py:1469: UndefinedMetricWarning: Precision is ill-defined and being set to 0.0 in samples with no predicted labels. Use `zero_division` parameter to control this behavior.
  _warn_prf(average, modifier, msg_start, len(result))
Acc. (Correct/Total): 39.54%% Prec: 0.5984 F1: 0.5410
Epoch id: 14, Training steps: 100, Avg loss: 0.027, Time: 0:34:15
Epoch id: 14, Training steps: 200, Avg loss: 0.013, Time: 0:35:01
Start evaluation on dev dataset.
/root/miniconda3/envs/lyq/lib/python3.8/site-packages/sklearn/metrics/_classification.py:1469: UndefinedMetricWarning: Precision is ill-defined and being set to 0.0 in samples with no predicted labels. Use `zero_division` parameter to control this behavior.
  _warn_prf(average, modifier, msg_start, len(result))
Acc. (Correct/Total): 41.94%% Prec: 0.6158 F1: 0.5596
Start evaluation on test dataset.
/root/miniconda3/envs/lyq/lib/python3.8/site-packages/sklearn/metrics/_classification.py:1469: UndefinedMetricWarning: Precision is ill-defined and being set to 0.0 in samples with no predicted labels. Use `zero_division` parameter to control this behavior.
  _warn_prf(average, modifier, msg_start, len(result))
Acc. (Correct/Total): 49.64%% Prec: 0.6843 F1: 0.6282
Epoch id: 15, Training steps: 100, Avg loss: 0.023, Time: 0:36:51
Epoch id: 15, Training steps: 200, Avg loss: 0.012, Time: 0:37:38
Start evaluation on dev dataset.
/root/miniconda3/envs/lyq/lib/python3.8/site-packages/sklearn/metrics/_classification.py:1469: UndefinedMetricWarning: Precision is ill-defined and being set to 0.0 in samples with no predicted labels. Use `zero_division` parameter to control this behavior.
  _warn_prf(average, modifier, msg_start, len(result))
Acc. (Correct/Total): 44.43%% Prec: 0.6540 F1: 0.5977
Start evaluation on test dataset.
/root/miniconda3/envs/lyq/lib/python3.8/site-packages/sklearn/metrics/_classification.py:1469: UndefinedMetricWarning: Precision is ill-defined and being set to 0.0 in samples with no predicted labels. Use `zero_division` parameter to control this behavior.
  _warn_prf(average, modifier, msg_start, len(result))
Acc. (Correct/Total): 50.94%% Prec: 0.7125 F1: 0.6525
Epoch id: 16, Training steps: 100, Avg loss: 0.021, Time: 0:39:32
Epoch id: 16, Training steps: 200, Avg loss: 0.011, Time: 0:40:14
Start evaluation on dev dataset.
/root/miniconda3/envs/lyq/lib/python3.8/site-packages/sklearn/metrics/_classification.py:1469: UndefinedMetricWarning: Precision is ill-defined and being set to 0.0 in samples with no predicted labels. Use `zero_division` parameter to control this behavior.
  _warn_prf(average, modifier, msg_start, len(result))
Acc. (Correct/Total): 44.43%% Prec: 0.6440 F1: 0.5886
Epoch id: 17, Training steps: 100, Avg loss: 0.019, Time: 0:41:49
Epoch id: 17, Training steps: 200, Avg loss: 0.010, Time: 0:42:35
Start evaluation on dev dataset.
/root/miniconda3/envs/lyq/lib/python3.8/site-packages/sklearn/metrics/_classification.py:1469: UndefinedMetricWarning: Precision is ill-defined and being set to 0.0 in samples with no predicted labels. Use `zero_division` parameter to control this behavior.
  _warn_prf(average, modifier, msg_start, len(result))
Acc. (Correct/Total): 45.11%% Prec: 0.6522 F1: 0.5974
Start evaluation on test dataset.
/root/miniconda3/envs/lyq/lib/python3.8/site-packages/sklearn/metrics/_classification.py:1469: UndefinedMetricWarning: Precision is ill-defined and being set to 0.0 in samples with no predicted labels. Use `zero_division` parameter to control this behavior.
  _warn_prf(average, modifier, msg_start, len(result))
Acc. (Correct/Total): 52.35%% Prec: 0.7161 F1: 0.6602
Epoch id: 18, Training steps: 100, Avg loss: 0.016, Time: 0:44:27
Epoch id: 18, Training steps: 200, Avg loss: 0.009, Time: 0:45:14
Start evaluation on dev dataset.
/root/miniconda3/envs/lyq/lib/python3.8/site-packages/sklearn/metrics/_classification.py:1469: UndefinedMetricWarning: Precision is ill-defined and being set to 0.0 in samples with no predicted labels. Use `zero_division` parameter to control this behavior.
  _warn_prf(average, modifier, msg_start, len(result))
Acc. (Correct/Total): 43.47%% Prec: 0.6460 F1: 0.5874
Epoch id: 19, Training steps: 100, Avg loss: 0.015, Time: 0:46:51
Epoch id: 19, Training steps: 200, Avg loss: 0.007, Time: 0:47:36
Start evaluation on dev dataset.
/root/miniconda3/envs/lyq/lib/python3.8/site-packages/sklearn/metrics/_classification.py:1469: UndefinedMetricWarning: Precision is ill-defined and being set to 0.0 in samples with no predicted labels. Use `zero_division` parameter to control this behavior.
  _warn_prf(average, modifier, msg_start, len(result))
Acc. (Correct/Total): 46.55%% Prec: 0.6804 F1: 0.6259
Start evaluation on test dataset.
/root/miniconda3/envs/lyq/lib/python3.8/site-packages/sklearn/metrics/_classification.py:1469: UndefinedMetricWarning: Precision is ill-defined and being set to 0.0 in samples with no predicted labels. Use `zero_division` parameter to control this behavior.
  _warn_prf(average, modifier, msg_start, len(result))
Acc. (Correct/Total): 53.85%% Prec: 0.7346 F1: 0.6805
Epoch id: 20, Training steps: 100, Avg loss: 0.014, Time: 0:49:29
Epoch id: 20, Training steps: 200, Avg loss: 0.007, Time: 0:50:15
Start evaluation on dev dataset.
/root/miniconda3/envs/lyq/lib/python3.8/site-packages/sklearn/metrics/_classification.py:1469: UndefinedMetricWarning: Precision is ill-defined and being set to 0.0 in samples with no predicted labels. Use `zero_division` parameter to control this behavior.
  _warn_prf(average, modifier, msg_start, len(result))
Acc. (Correct/Total): 46.50%% Prec: 0.6712 F1: 0.6189
Final evaluation on the test dataset.
The number of evaluation instances:  2067
/root/miniconda3/envs/lyq/lib/python3.8/site-packages/sklearn/metrics/_classification.py:1469: UndefinedMetricWarning: Precision is ill-defined and being set to 0.0 in samples with no predicted labels. Use `zero_division` parameter to control this behavior.
  _warn_prf(average, modifier, msg_start, len(result))
/root/miniconda3/envs/lyq/lib/python3.8/site-packages/sklearn/metrics/_classification.py:1469: UndefinedMetricWarning: Precision and F-score are ill-defined and being set to 0.0 in labels with no predicted samples. Use `zero_division` parameter to control this behavior.
  _warn_prf(average, modifier, msg_start, len(result))
/root/miniconda3/envs/lyq/lib/python3.8/site-packages/sklearn/metrics/_classification.py:1469: UndefinedMetricWarning: Precision and F-score are ill-defined and being set to 0.0 in samples with no predicted labels. Use `zero_division` parameter to control this behavior.
  _warn_prf(average, modifier, msg_start, len(result))
Acc. (Correct/Total): 53.85% Prec: 0.7346 F1: 0.6805
Precision, Recall and F1-Score...
              precision    recall  f1-score   support

         教育学     0.8889    0.8631    0.8758       241
          法学     0.8350    0.7679    0.8000       224
      中国语言文学     0.8414    0.6595    0.7394       185
         政治学     0.7190    0.6748    0.6962       163
         社会学     0.8156    0.7325    0.7718       157
         心理学     0.8545    0.3821    0.5281       123
       应用经济学     0.7500    0.5385    0.6269       117
         历史学     0.9180    0.5138    0.6588       109
     环境科学与工程     0.8788    0.8056    0.8406       108
          哲学     0.7353    0.5155    0.6061        97
      外国语言文学     0.8136    0.5647    0.6667        85
         生物学     0.8028    0.7215    0.7600        79
      交通运输工程     0.9351    0.9231    0.9290        78
        临床医学     0.7209    0.8158    0.7654        76
    计算机科学与技术     0.7162    0.7465    0.7310        71
        土木工程     0.9403    0.9545    0.9474        66
   航空宇航科学与技术     0.9107    0.8361    0.8718        61
         民族学     0.6667    0.3636    0.4706        55
   公共卫生与预防医学     0.4909    0.5294    0.5094        51
         美术学     0.7963    0.8600    0.8269        50
         艺术学     0.8205    0.7442    0.7805        43
         地理学     0.9524    0.4762    0.6349        42
         体育学     1.0000    0.4750    0.6441        40
       理论经济学     0.8462    0.5789    0.6875        38
         中医学     0.8750    0.7568    0.8116        37
         物理学     0.8056    0.8056    0.8056        36
          林学     0.8571    0.5455    0.6667        33
          数学     0.7857    0.3438    0.4783        32
     电子科学与技术     0.7143    0.3226    0.4444        31
        基础医学     0.5000    0.3103    0.3830        29
        工商管理     1.0000    0.1111    0.2000        27
       新闻传播学     0.7895    0.6818    0.7317        22
         天文学     0.7727    0.7727    0.7727        22
         地质学     0.8824    0.7143    0.7895        21
         畜牧学     0.9000    0.8571    0.8780        21
   军事思想及军事历史     0.7368    0.7000    0.7179        20
     管理科学与工程     0.5500    0.6111    0.5789        18
     测绘科学与技术     0.7647    0.7647    0.7647        17
        水利工程     1.0000    0.3750    0.5455        16
        大气科学     0.9091    0.6250    0.7407        16
     兵器科学与技术     0.7222    0.8667    0.7879        15
       地球物理学     0.7500    0.2143    0.3333        14
        电气工程     0.8333    0.3846    0.5263        13
         作物学     0.8333    0.3846    0.5263        13
     控制科学与工程     0.1429    0.0769    0.1000        13
     信息与通信工程     0.6364    0.5385    0.5833        13
        公共管理     0.0000    0.0000    0.0000        13
         建筑学     0.6667    0.1538    0.2500        13
     化学工程与技术     1.0000    0.7500    0.8571        12
          力学     0.8750    0.6364    0.7368        11
        海洋科学     1.0000    0.5455    0.7059        11
     轻工技术与工程     1.0000    0.1818    0.3077        11
        农业工程     1.0000    0.1000    0.1818        10
         园艺学     1.0000    1.0000    1.0000        10
       中西医结合     1.0000    0.6000    0.7500        10
        机械工程     0.7500    0.3333    0.4615         9
       科学技术史     1.0000    0.2500    0.4000         8
     船舶与海洋工程     1.0000    0.6250    0.7692         8
   图书情报与档案管理     1.0000    0.6250    0.7692         8
        植物保护     0.8750    0.8750    0.8750         8
     材料科学与工程     0.8333    0.6250    0.7143         8
         统计学     0.6000    0.7500    0.6667         8
          化学     1.0000    0.6250    0.7692         8
     食品科学与工程     1.0000    0.2500    0.4000         8
          水产     1.0000    0.7143    0.8333         7
          药学     1.0000    0.7143    0.8333         7
     农业资源与环境     1.0000    0.1429    0.2500         7
         世界史     0.0000    0.0000    0.0000         7
        系统科学     0.8000    0.5714    0.6667         7
      农林经济管理     0.5000    0.2000    0.2857         5
       军队指挥学     1.0000    0.4000    0.5714         5
        矿业工程     1.0000    0.4000    0.5714         5
     纺织科学与工程     0.6667    0.8000    0.7273         5
  动力工程及工程热物理     0.0000    0.0000    0.0000         4
        林业工程     0.0000    0.0000    0.0000         4
     仪器科学与技术     0.0000    0.0000    0.0000         3
         战略学     0.0000    0.0000    0.0000         3
   地质资源与地质工程     0.0000    0.0000    0.0000         3
        旅游管理     0.0000    0.0000    0.0000         3
 图书馆、情报与档案管理     0.0000    0.0000    0.0000         2
        冶金工程     0.0000    0.0000    0.0000         2
      核科学与技术     0.0000    0.0000    0.0000         2

   micro avg     0.8084    0.6424    0.7159      3093
   macro avg     0.7192    0.4960    0.5596      3093
weighted avg     0.8084    0.6424    0.6989      3093
 samples avg     0.7346    0.6580    0.6805      3093

