/root/miniconda3/envs/lyq/lib/python3.8/site-packages/scipy/__init__.py:146: UserWarning: A NumPy version >=1.16.5 and <1.23.0 is required for this version of SciPy (detected version 1.23.5
  warnings.warn(f"A NumPy version >={np_minversion} and <{np_maxversion}"
  0%|          | 0/82 [00:00<?, ?it/s]100%|██████████| 82/82 [00:00<00:00, 706227.78it/s]
model:  ernie-rcnn
pretrained:  ernie1
task:  MLC
dataset:  book_multilabels_task
seq_length:  256
hidden_dropout_prob:  0.1
attention_probs_dropout_prob:  0.1
epochs_num:  20
batch_size:  32
learning_rate:  2e-05
report_steps:  100
kg_name:  CnDbpedia
no_kg:  False
no_vm:  False
Vocabulary Size:  17964
[BertClassifier] use visible_matrix: True
Some weights of ErnieRCNNForMultiLabelSequenceClassification were not initialized from the model checkpoint at ./models/ernie1 and are newly initialized: ['lstm.bias_ih_l1_reverse', 'lstm.bias_hh_l0_reverse', 'lstm.bias_hh_l1_reverse', 'classifier.bias', 'lstm.bias_ih_l0_reverse', 'lstm.bias_hh_l1', 'lstm.weight_ih_l1_reverse', 'lstm.weight_ih_l0_reverse', 'lstm.weight_hh_l1_reverse', 'lstm.weight_hh_l1', 'lstm.bias_hh_l0', 'lstm.weight_ih_l1', 'output_layer_1.bias', 'lstm.weight_hh_l0_reverse', 'lstm.bias_ih_l0', 'lstm.weight_hh_l0', 'lstm.weight_ih_l0', 'classifier.weight', 'output_layer_1.weight', 'lstm.bias_ih_l1']
You should probably TRAIN this model on a down-stream task to be able to use it for predictions and inference.
1 GPUs are available. Let's use them.
device:  cuda
[KnowledgeGraph] Loading spo from /Lyq/experiment/K-BERT-HUGGINGFACE/brain/kgs/CnDbpedia.spo
Start training.
Loading sentences from ./datasets/book_multilabels_task/train.tsv
There are 9097 sentence in total. We use 1 processes to inject knowledge into sentences.
Progress of process 0: 0/9097
Loading sentences from ./datasets/book_multilabels_task/dev.tsv
There are 2084 sentence in total. We use 1 processes to inject knowledge into sentences.
Progress of process 0: 0/2084
Loading sentences from ./datasets/book_multilabels_task/test.tsv
There are 2067 sentence in total. We use 1 processes to inject knowledge into sentences.
Progress of process 0: 0/2067
Epoch id: 1, Training steps: 100, Avg loss: 0.244, Time: 0:00:52
Epoch id: 1, Training steps: 200, Avg loss: 0.088, Time: 0:01:36
Start evaluation on dev dataset.
/root/miniconda3/envs/lyq/lib/python3.8/site-packages/sklearn/metrics/_classification.py:1469: UndefinedMetricWarning: Precision is ill-defined and being set to 0.0 in samples with no predicted labels. Use `zero_division` parameter to control this behavior.
  _warn_prf(average, modifier, msg_start, len(result))
Acc. (Correct/Total):  0.00%% Prec: 0.0000 F1: 0.0000
Epoch id: 2, Training steps: 100, Avg loss: 0.150, Time: 0:03:13
Epoch id: 2, Training steps: 200, Avg loss: 0.074, Time: 0:03:56
Start evaluation on dev dataset.
/root/miniconda3/envs/lyq/lib/python3.8/site-packages/sklearn/metrics/_classification.py:1469: UndefinedMetricWarning: Precision is ill-defined and being set to 0.0 in samples with no predicted labels. Use `zero_division` parameter to control this behavior.
  _warn_prf(average, modifier, msg_start, len(result))
Acc. (Correct/Total):  0.00%% Prec: 0.0034 F1: 0.0022
Epoch id: 3, Training steps: 100, Avg loss: 0.115, Time: 0:05:29
Epoch id: 3, Training steps: 200, Avg loss: 0.051, Time: 0:06:13
Start evaluation on dev dataset.
/root/miniconda3/envs/lyq/lib/python3.8/site-packages/sklearn/metrics/_classification.py:1469: UndefinedMetricWarning: Precision is ill-defined and being set to 0.0 in samples with no predicted labels. Use `zero_division` parameter to control this behavior.
  _warn_prf(average, modifier, msg_start, len(result))
Acc. (Correct/Total): 12.14%% Prec: 0.1951 F1: 0.1704
Start evaluation on test dataset.
/root/miniconda3/envs/lyq/lib/python3.8/site-packages/sklearn/metrics/_classification.py:1469: UndefinedMetricWarning: Precision is ill-defined and being set to 0.0 in samples with no predicted labels. Use `zero_division` parameter to control this behavior.
  _warn_prf(average, modifier, msg_start, len(result))
Acc. (Correct/Total): 13.50%% Prec: 0.2165 F1: 0.1893
Epoch id: 4, Training steps: 100, Avg loss: 0.080, Time: 0:08:02
Epoch id: 4, Training steps: 200, Avg loss: 0.039, Time: 0:08:46
Start evaluation on dev dataset.
/root/miniconda3/envs/lyq/lib/python3.8/site-packages/sklearn/metrics/_classification.py:1469: UndefinedMetricWarning: Precision is ill-defined and being set to 0.0 in samples with no predicted labels. Use `zero_division` parameter to control this behavior.
  _warn_prf(average, modifier, msg_start, len(result))
Acc. (Correct/Total): 16.94%% Prec: 0.2831 F1: 0.2453
Start evaluation on test dataset.
/root/miniconda3/envs/lyq/lib/python3.8/site-packages/sklearn/metrics/_classification.py:1469: UndefinedMetricWarning: Precision is ill-defined and being set to 0.0 in samples with no predicted labels. Use `zero_division` parameter to control this behavior.
  _warn_prf(average, modifier, msg_start, len(result))
Acc. (Correct/Total): 20.32%% Prec: 0.3249 F1: 0.2853
Epoch id: 5, Training steps: 100, Avg loss: 0.066, Time: 0:10:38
Epoch id: 5, Training steps: 200, Avg loss: 0.031, Time: 0:11:23
Start evaluation on dev dataset.
/root/miniconda3/envs/lyq/lib/python3.8/site-packages/sklearn/metrics/_classification.py:1469: UndefinedMetricWarning: Precision is ill-defined and being set to 0.0 in samples with no predicted labels. Use `zero_division` parameter to control this behavior.
  _warn_prf(average, modifier, msg_start, len(result))
Acc. (Correct/Total): 28.12%% Prec: 0.4287 F1: 0.3815
Start evaluation on test dataset.
/root/miniconda3/envs/lyq/lib/python3.8/site-packages/sklearn/metrics/_classification.py:1469: UndefinedMetricWarning: Precision is ill-defined and being set to 0.0 in samples with no predicted labels. Use `zero_division` parameter to control this behavior.
  _warn_prf(average, modifier, msg_start, len(result))
Acc. (Correct/Total): 32.75%% Prec: 0.4741 F1: 0.4271
Epoch id: 6, Training steps: 100, Avg loss: 0.055, Time: 0:13:13
Epoch id: 6, Training steps: 200, Avg loss: 0.027, Time: 0:13:59
Start evaluation on dev dataset.
/root/miniconda3/envs/lyq/lib/python3.8/site-packages/sklearn/metrics/_classification.py:1469: UndefinedMetricWarning: Precision is ill-defined and being set to 0.0 in samples with no predicted labels. Use `zero_division` parameter to control this behavior.
  _warn_prf(average, modifier, msg_start, len(result))
Acc. (Correct/Total): 30.13%% Prec: 0.4616 F1: 0.4128
Start evaluation on test dataset.
/root/miniconda3/envs/lyq/lib/python3.8/site-packages/sklearn/metrics/_classification.py:1469: UndefinedMetricWarning: Precision is ill-defined and being set to 0.0 in samples with no predicted labels. Use `zero_division` parameter to control this behavior.
  _warn_prf(average, modifier, msg_start, len(result))
Acc. (Correct/Total): 36.28%% Prec: 0.5261 F1: 0.4745
Epoch id: 7, Training steps: 100, Avg loss: 0.046, Time: 0:15:49
Epoch id: 7, Training steps: 200, Avg loss: 0.024, Time: 0:16:33
Start evaluation on dev dataset.
/root/miniconda3/envs/lyq/lib/python3.8/site-packages/sklearn/metrics/_classification.py:1469: UndefinedMetricWarning: Precision is ill-defined and being set to 0.0 in samples with no predicted labels. Use `zero_division` parameter to control this behavior.
  _warn_prf(average, modifier, msg_start, len(result))
Acc. (Correct/Total): 31.77%% Prec: 0.4894 F1: 0.4351
Start evaluation on test dataset.
/root/miniconda3/envs/lyq/lib/python3.8/site-packages/sklearn/metrics/_classification.py:1469: UndefinedMetricWarning: Precision is ill-defined and being set to 0.0 in samples with no predicted labels. Use `zero_division` parameter to control this behavior.
  _warn_prf(average, modifier, msg_start, len(result))
Acc. (Correct/Total): 37.35%% Prec: 0.5486 F1: 0.4938
Epoch id: 8, Training steps: 100, Avg loss: 0.042, Time: 0:18:22
Epoch id: 8, Training steps: 200, Avg loss: 0.021, Time: 0:19:06
Start evaluation on dev dataset.
/root/miniconda3/envs/lyq/lib/python3.8/site-packages/sklearn/metrics/_classification.py:1469: UndefinedMetricWarning: Precision is ill-defined and being set to 0.0 in samples with no predicted labels. Use `zero_division` parameter to control this behavior.
  _warn_prf(average, modifier, msg_start, len(result))
Acc. (Correct/Total): 37.76%% Prec: 0.5679 F1: 0.5109
Start evaluation on test dataset.
/root/miniconda3/envs/lyq/lib/python3.8/site-packages/sklearn/metrics/_classification.py:1469: UndefinedMetricWarning: Precision is ill-defined and being set to 0.0 in samples with no predicted labels. Use `zero_division` parameter to control this behavior.
  _warn_prf(average, modifier, msg_start, len(result))
Acc. (Correct/Total): 42.43%% Prec: 0.6101 F1: 0.5536
Epoch id: 9, Training steps: 100, Avg loss: 0.035, Time: 0:20:50
Epoch id: 9, Training steps: 200, Avg loss: 0.018, Time: 0:21:35
Start evaluation on dev dataset.
/root/miniconda3/envs/lyq/lib/python3.8/site-packages/sklearn/metrics/_classification.py:1469: UndefinedMetricWarning: Precision is ill-defined and being set to 0.0 in samples with no predicted labels. Use `zero_division` parameter to control this behavior.
  _warn_prf(average, modifier, msg_start, len(result))
Acc. (Correct/Total): 36.90%% Prec: 0.5605 F1: 0.5020
Epoch id: 10, Training steps: 100, Avg loss: 0.032, Time: 0:23:11
Epoch id: 10, Training steps: 200, Avg loss: 0.015, Time: 0:23:53
Start evaluation on dev dataset.
/root/miniconda3/envs/lyq/lib/python3.8/site-packages/sklearn/metrics/_classification.py:1469: UndefinedMetricWarning: Precision is ill-defined and being set to 0.0 in samples with no predicted labels. Use `zero_division` parameter to control this behavior.
  _warn_prf(average, modifier, msg_start, len(result))
Acc. (Correct/Total): 38.20%% Prec: 0.5799 F1: 0.5209
Start evaluation on test dataset.
/root/miniconda3/envs/lyq/lib/python3.8/site-packages/sklearn/metrics/_classification.py:1469: UndefinedMetricWarning: Precision is ill-defined and being set to 0.0 in samples with no predicted labels. Use `zero_division` parameter to control this behavior.
  _warn_prf(average, modifier, msg_start, len(result))
Acc. (Correct/Total): 44.75%% Prec: 0.6375 F1: 0.5782
Epoch id: 11, Training steps: 100, Avg loss: 0.027, Time: 0:25:36
Epoch id: 11, Training steps: 200, Avg loss: 0.013, Time: 0:26:21
Start evaluation on dev dataset.
/root/miniconda3/envs/lyq/lib/python3.8/site-packages/sklearn/metrics/_classification.py:1469: UndefinedMetricWarning: Precision is ill-defined and being set to 0.0 in samples with no predicted labels. Use `zero_division` parameter to control this behavior.
  _warn_prf(average, modifier, msg_start, len(result))
Acc. (Correct/Total): 43.76%% Prec: 0.6406 F1: 0.5840
Start evaluation on test dataset.
/root/miniconda3/envs/lyq/lib/python3.8/site-packages/sklearn/metrics/_classification.py:1469: UndefinedMetricWarning: Precision is ill-defined and being set to 0.0 in samples with no predicted labels. Use `zero_division` parameter to control this behavior.
  _warn_prf(average, modifier, msg_start, len(result))
Acc. (Correct/Total): 50.65%% Prec: 0.6951 F1: 0.6400
Epoch id: 12, Training steps: 100, Avg loss: 0.023, Time: 0:28:12
Epoch id: 12, Training steps: 200, Avg loss: 0.012, Time: 0:28:59
Start evaluation on dev dataset.
/root/miniconda3/envs/lyq/lib/python3.8/site-packages/sklearn/metrics/_classification.py:1469: UndefinedMetricWarning: Precision is ill-defined and being set to 0.0 in samples with no predicted labels. Use `zero_division` parameter to control this behavior.
  _warn_prf(average, modifier, msg_start, len(result))
Acc. (Correct/Total): 44.48%% Prec: 0.6360 F1: 0.5827
Start evaluation on test dataset.
/root/miniconda3/envs/lyq/lib/python3.8/site-packages/sklearn/metrics/_classification.py:1469: UndefinedMetricWarning: Precision is ill-defined and being set to 0.0 in samples with no predicted labels. Use `zero_division` parameter to control this behavior.
  _warn_prf(average, modifier, msg_start, len(result))
Acc. (Correct/Total): 50.46%% Prec: 0.6903 F1: 0.6354
Epoch id: 13, Training steps: 100, Avg loss: 0.020, Time: 0:30:49
Epoch id: 13, Training steps: 200, Avg loss: 0.010, Time: 0:31:35
Start evaluation on dev dataset.
/root/miniconda3/envs/lyq/lib/python3.8/site-packages/sklearn/metrics/_classification.py:1469: UndefinedMetricWarning: Precision is ill-defined and being set to 0.0 in samples with no predicted labels. Use `zero_division` parameter to control this behavior.
  _warn_prf(average, modifier, msg_start, len(result))
Acc. (Correct/Total): 45.63%% Prec: 0.6585 F1: 0.6038
Start evaluation on test dataset.
/root/miniconda3/envs/lyq/lib/python3.8/site-packages/sklearn/metrics/_classification.py:1469: UndefinedMetricWarning: Precision is ill-defined and being set to 0.0 in samples with no predicted labels. Use `zero_division` parameter to control this behavior.
  _warn_prf(average, modifier, msg_start, len(result))
Acc. (Correct/Total): 51.23%% Prec: 0.7008 F1: 0.6476
Epoch id: 14, Training steps: 100, Avg loss: 0.018, Time: 0:33:28
Epoch id: 14, Training steps: 200, Avg loss: 0.009, Time: 0:34:12
Start evaluation on dev dataset.
/root/miniconda3/envs/lyq/lib/python3.8/site-packages/sklearn/metrics/_classification.py:1469: UndefinedMetricWarning: Precision is ill-defined and being set to 0.0 in samples with no predicted labels. Use `zero_division` parameter to control this behavior.
  _warn_prf(average, modifier, msg_start, len(result))
Acc. (Correct/Total): 46.79%% Prec: 0.6682 F1: 0.6143
Start evaluation on test dataset.
/root/miniconda3/envs/lyq/lib/python3.8/site-packages/sklearn/metrics/_classification.py:1469: UndefinedMetricWarning: Precision is ill-defined and being set to 0.0 in samples with no predicted labels. Use `zero_division` parameter to control this behavior.
  _warn_prf(average, modifier, msg_start, len(result))
Acc. (Correct/Total): 53.89%% Prec: 0.7217 F1: 0.6689
Epoch id: 15, Training steps: 100, Avg loss: 0.015, Time: 0:36:04
Epoch id: 15, Training steps: 200, Avg loss: 0.008, Time: 0:36:50
Start evaluation on dev dataset.
/root/miniconda3/envs/lyq/lib/python3.8/site-packages/sklearn/metrics/_classification.py:1469: UndefinedMetricWarning: Precision is ill-defined and being set to 0.0 in samples with no predicted labels. Use `zero_division` parameter to control this behavior.
  _warn_prf(average, modifier, msg_start, len(result))
Acc. (Correct/Total): 46.74%% Prec: 0.6753 F1: 0.6211
Epoch id: 16, Training steps: 100, Avg loss: 0.013, Time: 0:38:38
Epoch id: 16, Training steps: 200, Avg loss: 0.007, Time: 0:39:21
Start evaluation on dev dataset.
/root/miniconda3/envs/lyq/lib/python3.8/site-packages/sklearn/metrics/_classification.py:1469: UndefinedMetricWarning: Precision is ill-defined and being set to 0.0 in samples with no predicted labels. Use `zero_division` parameter to control this behavior.
  _warn_prf(average, modifier, msg_start, len(result))
Acc. (Correct/Total): 48.51%% Prec: 0.6927 F1: 0.6396
Start evaluation on test dataset.
/root/miniconda3/envs/lyq/lib/python3.8/site-packages/sklearn/metrics/_classification.py:1469: UndefinedMetricWarning: Precision is ill-defined and being set to 0.0 in samples with no predicted labels. Use `zero_division` parameter to control this behavior.
  _warn_prf(average, modifier, msg_start, len(result))
Acc. (Correct/Total): 54.67%% Prec: 0.7372 F1: 0.6855
Epoch id: 17, Training steps: 100, Avg loss: 0.012, Time: 0:41:20
Epoch id: 17, Training steps: 200, Avg loss: 0.006, Time: 0:42:09
Start evaluation on dev dataset.
/root/miniconda3/envs/lyq/lib/python3.8/site-packages/sklearn/metrics/_classification.py:1469: UndefinedMetricWarning: Precision is ill-defined and being set to 0.0 in samples with no predicted labels. Use `zero_division` parameter to control this behavior.
  _warn_prf(average, modifier, msg_start, len(result))
Acc. (Correct/Total): 48.85%% Prec: 0.6941 F1: 0.6440
Start evaluation on test dataset.
/root/miniconda3/envs/lyq/lib/python3.8/site-packages/sklearn/metrics/_classification.py:1469: UndefinedMetricWarning: Precision is ill-defined and being set to 0.0 in samples with no predicted labels. Use `zero_division` parameter to control this behavior.
  _warn_prf(average, modifier, msg_start, len(result))
Acc. (Correct/Total): 55.06%% Prec: 0.7417 F1: 0.6913
Epoch id: 18, Training steps: 100, Avg loss: 0.010, Time: 0:44:07
Epoch id: 18, Training steps: 200, Avg loss: 0.005, Time: 0:44:52
Start evaluation on dev dataset.
/root/miniconda3/envs/lyq/lib/python3.8/site-packages/sklearn/metrics/_classification.py:1469: UndefinedMetricWarning: Precision is ill-defined and being set to 0.0 in samples with no predicted labels. Use `zero_division` parameter to control this behavior.
  _warn_prf(average, modifier, msg_start, len(result))
Acc. (Correct/Total): 49.14%% Prec: 0.6999 F1: 0.6473
Start evaluation on test dataset.
/root/miniconda3/envs/lyq/lib/python3.8/site-packages/sklearn/metrics/_classification.py:1469: UndefinedMetricWarning: Precision is ill-defined and being set to 0.0 in samples with no predicted labels. Use `zero_division` parameter to control this behavior.
  _warn_prf(average, modifier, msg_start, len(result))
Acc. (Correct/Total): 55.64%% Prec: 0.7354 F1: 0.6900
Epoch id: 19, Training steps: 100, Avg loss: 0.009, Time: 0:46:52
Epoch id: 19, Training steps: 200, Avg loss: 0.005, Time: 0:47:40
Start evaluation on dev dataset.
/root/miniconda3/envs/lyq/lib/python3.8/site-packages/sklearn/metrics/_classification.py:1469: UndefinedMetricWarning: Precision is ill-defined and being set to 0.0 in samples with no predicted labels. Use `zero_division` parameter to control this behavior.
  _warn_prf(average, modifier, msg_start, len(result))
Acc. (Correct/Total): 47.36%% Prec: 0.6787 F1: 0.6273
Epoch id: 20, Training steps: 100, Avg loss: 0.008, Time: 0:49:20
Epoch id: 20, Training steps: 200, Avg loss: 0.004, Time: 0:50:08
Start evaluation on dev dataset.
/root/miniconda3/envs/lyq/lib/python3.8/site-packages/sklearn/metrics/_classification.py:1469: UndefinedMetricWarning: Precision is ill-defined and being set to 0.0 in samples with no predicted labels. Use `zero_division` parameter to control this behavior.
  _warn_prf(average, modifier, msg_start, len(result))
Acc. (Correct/Total): 50.10%% Prec: 0.7025 F1: 0.6539
Start evaluation on test dataset.
/root/miniconda3/envs/lyq/lib/python3.8/site-packages/sklearn/metrics/_classification.py:1469: UndefinedMetricWarning: Precision is ill-defined and being set to 0.0 in samples with no predicted labels. Use `zero_division` parameter to control this behavior.
  _warn_prf(average, modifier, msg_start, len(result))
Acc. (Correct/Total): 55.01%% Prec: 0.7290 F1: 0.6830
Final evaluation on the test dataset.
The number of evaluation instances:  2067
/root/miniconda3/envs/lyq/lib/python3.8/site-packages/sklearn/metrics/_classification.py:1469: UndefinedMetricWarning: Precision is ill-defined and being set to 0.0 in samples with no predicted labels. Use `zero_division` parameter to control this behavior.
  _warn_prf(average, modifier, msg_start, len(result))
/root/miniconda3/envs/lyq/lib/python3.8/site-packages/sklearn/metrics/_classification.py:1469: UndefinedMetricWarning: Precision and F-score are ill-defined and being set to 0.0 in labels with no predicted samples. Use `zero_division` parameter to control this behavior.
  _warn_prf(average, modifier, msg_start, len(result))
/root/miniconda3/envs/lyq/lib/python3.8/site-packages/sklearn/metrics/_classification.py:1469: UndefinedMetricWarning: Precision and F-score are ill-defined and being set to 0.0 in samples with no predicted labels. Use `zero_division` parameter to control this behavior.
  _warn_prf(average, modifier, msg_start, len(result))
Acc. (Correct/Total): 55.01% Prec: 0.7290 F1: 0.6830
Precision, Recall and F1-Score...
              precision    recall  f1-score   support

         教育学     0.8217    0.8797    0.8497       241
          法学     0.8302    0.7857    0.8073       224
      中国语言文学     0.8224    0.6757    0.7418       185
         政治学     0.7521    0.5583    0.6408       163
         社会学     0.8295    0.6815    0.7483       157
         心理学     0.7604    0.5935    0.6667       123
       应用经济学     0.7722    0.5214    0.6224       117
         历史学     0.9437    0.6147    0.7444       109
     环境科学与工程     0.8667    0.8426    0.8545       108
          哲学     0.7885    0.4227    0.5503        97
      外国语言文学     0.7500    0.6000    0.6667        85
         生物学     0.7821    0.7722    0.7771        79
      交通运输工程     0.9091    0.8974    0.9032        78
        临床医学     0.8621    0.6579    0.7463        76
    计算机科学与技术     0.7027    0.7324    0.7172        71
        土木工程     0.9385    0.9242    0.9313        66
   航空宇航科学与技术     0.9107    0.8361    0.8718        61
         民族学     0.6667    0.4727    0.5532        55
   公共卫生与预防医学     0.6000    0.5294    0.5625        51
         美术学     0.8182    0.9000    0.8571        50
         艺术学     0.8649    0.7442    0.8000        43
         地理学     0.8636    0.4524    0.5938        42
         体育学     0.9545    0.5250    0.6774        40
       理论经济学     0.7241    0.5526    0.6269        38
         中医学     0.9118    0.8378    0.8732        37
         物理学     0.8158    0.8611    0.8378        36
          林学     0.8333    0.4545    0.5882        33
          数学     0.7037    0.5938    0.6441        32
     电子科学与技术     0.7273    0.2581    0.3810        31
        基础医学     0.3810    0.2759    0.3200        29
        工商管理     0.8571    0.2222    0.3529        27
       新闻传播学     0.7500    0.5455    0.6316        22
         天文学     0.7600    0.8636    0.8085        22
         地质学     0.8750    0.6667    0.7568        21
         畜牧学     0.8571    0.8571    0.8571        21
   军事思想及军事历史     0.7059    0.6000    0.6486        20
     管理科学与工程     0.6000    0.6667    0.6316        18
     测绘科学与技术     0.7500    0.7059    0.7273        17
        水利工程     0.7692    0.6250    0.6897        16
        大气科学     0.9167    0.6875    0.7857        16
     兵器科学与技术     0.6316    0.8000    0.7059        15
       地球物理学     0.6667    0.1429    0.2353        14
        电气工程     0.6667    0.4615    0.5455        13
         作物学     1.0000    0.4615    0.6316        13
     控制科学与工程     0.2500    0.1538    0.1905        13
     信息与通信工程     0.5714    0.6154    0.5926        13
        公共管理     0.0000    0.0000    0.0000        13
         建筑学     0.8000    0.3077    0.4444        13
     化学工程与技术     0.9091    0.8333    0.8696        12
          力学     0.8333    0.4545    0.5882        11
        海洋科学     0.8889    0.7273    0.8000        11
     轻工技术与工程     0.6000    0.2727    0.3750        11
        农业工程     1.0000    0.1000    0.1818        10
         园艺学     0.8333    1.0000    0.9091        10
       中西医结合     1.0000    0.5000    0.6667        10
        机械工程     1.0000    0.3333    0.5000         9
       科学技术史     1.0000    0.3750    0.5455         8
     船舶与海洋工程     0.8750    0.8750    0.8750         8
   图书情报与档案管理     0.8333    0.6250    0.7143         8
        植物保护     1.0000    0.7500    0.8571         8
     材料科学与工程     0.8333    0.6250    0.7143         8
         统计学     0.6000    0.7500    0.6667         8
          化学     1.0000    0.8750    0.9333         8
     食品科学与工程     1.0000    0.2500    0.4000         8
          水产     1.0000    0.7143    0.8333         7
          药学     1.0000    0.8571    0.9231         7
     农业资源与环境     1.0000    0.8571    0.9231         7
         世界史     1.0000    0.2857    0.4444         7
        系统科学     0.8000    0.5714    0.6667         7
      农林经济管理     0.6667    0.4000    0.5000         5
       军队指挥学     1.0000    0.4000    0.5714         5
        矿业工程     0.7500    0.6000    0.6667         5
     纺织科学与工程     0.6667    0.8000    0.7273         5
  动力工程及工程热物理     0.0000    0.0000    0.0000         4
        林业工程     0.0000    0.0000    0.0000         4
     仪器科学与技术     0.0000    0.0000    0.0000         3
         战略学     0.0000    0.0000    0.0000         3
   地质资源与地质工程     0.0000    0.0000    0.0000         3
        旅游管理     0.0000    0.0000    0.0000         3
 图书馆、情报与档案管理     0.0000    0.0000    0.0000         2
        冶金工程     0.0000    0.0000    0.0000         2
      核科学与技术     0.0000    0.0000    0.0000         2

   micro avg     0.8045    0.6560    0.7227      3093
   macro avg     0.7125    0.5325    0.5883      3093
weighted avg     0.7979    0.6560    0.7081      3093
 samples avg     0.7290    0.6655    0.6830      3093

