/root/miniconda3/envs/lyq/lib/python3.8/site-packages/scipy/__init__.py:146: UserWarning: A NumPy version >=1.16.5 and <1.23.0 is required for this version of SciPy (detected version 1.23.5
  warnings.warn(f"A NumPy version >={np_minversion} and <{np_maxversion}"
  0%|          | 0/82 [00:00<?, ?it/s]100%|██████████| 82/82 [00:00<00:00, 536556.83it/s]
model:  ernie-rcnn
pretrained:  ernie1
task:  MLC-slice
dataset:  book_multilabels_task_slice
seq_length:  256
hidden_dropout_prob:  0.1
attention_probs_dropout_prob:  0.1
epochs_num:  20
batch_size:  16
learning_rate:  2e-05
report_steps:  100
kg_name:  CnDbpedia
no_kg:  True
no_vm:  True
Vocabulary Size:  17964
[BertClassifier] use visible_matrix: False
Some weights of ErnieRCNNForMultiLabelSequenceClassificationSlice were not initialized from the model checkpoint at ./models/ernie1 and are newly initialized: ['lstm.bias_ih_l1', 'lstm.weight_ih_l0_reverse', 'lstm.weight_hh_l1', 'lstm.bias_ih_l0', 'lstm.weight_hh_l0', 'lstm.bias_hh_l0', 'lstm.bias_hh_l1_reverse', 'lstm.bias_ih_l1_reverse', 'lstm.bias_ih_l0_reverse', 'lstm.weight_ih_l1_reverse', 'output_layer_1.weight', 'classifier.weight', 'lstm.weight_ih_l1', 'lstm.bias_hh_l1', 'lstm.bias_hh_l0_reverse', 'lstm.weight_hh_l0_reverse', 'classifier.bias', 'output_layer_1.bias', 'lstm.weight_hh_l1_reverse', 'lstm.weight_ih_l0']
You should probably TRAIN this model on a down-stream task to be able to use it for predictions and inference.
1 GPUs are available. Let's use them.
device:  cuda
Start training.
Loading sentences from ./datasets/book_multilabels_task_slice/train.tsv
There are 9097 sentence in total. We use 1 processes to inject knowledge into sentences.
Progress of process 0: 0/9097
Loading sentences from ./datasets/book_multilabels_task_slice/dev.tsv
There are 2084 sentence in total. We use 1 processes to inject knowledge into sentences.
Progress of process 0: 0/2084
Loading sentences from ./datasets/book_multilabels_task_slice/test.tsv
There are 2067 sentence in total. We use 1 processes to inject knowledge into sentences.
Progress of process 0: 0/2067
Epoch id: 1, Training steps: 100, Avg loss: 0.294, Time: 0:00:50
Epoch id: 1, Training steps: 200, Avg loss: 0.104, Time: 0:01:39
Epoch id: 1, Training steps: 300, Avg loss: 0.087, Time: 0:02:29
Epoch id: 1, Training steps: 400, Avg loss: 0.086, Time: 0:03:19
Epoch id: 1, Training steps: 500, Avg loss: 0.084, Time: 0:04:08
Start evaluation on dev dataset.
/root/miniconda3/envs/lyq/lib/python3.8/site-packages/sklearn/metrics/_classification.py:1469: UndefinedMetricWarning: Precision is ill-defined and being set to 0.0 in samples with no predicted labels. Use `zero_division` parameter to control this behavior.
  _warn_prf(average, modifier, msg_start, len(result))
Acc. (Correct/Total):  0.00%% Prec: 0.0000 F1: 0.0000
Epoch id: 2, Training steps: 100, Avg loss: 0.132, Time: 0:05:54
Epoch id: 2, Training steps: 200, Avg loss: 0.070, Time: 0:06:44
Epoch id: 2, Training steps: 300, Avg loss: 0.065, Time: 0:07:33
Epoch id: 2, Training steps: 400, Avg loss: 0.061, Time: 0:08:23
Epoch id: 2, Training steps: 500, Avg loss: 0.055, Time: 0:09:13
Start evaluation on dev dataset.
/root/miniconda3/envs/lyq/lib/python3.8/site-packages/sklearn/metrics/_classification.py:1469: UndefinedMetricWarning: Precision is ill-defined and being set to 0.0 in samples with no predicted labels. Use `zero_division` parameter to control this behavior.
  _warn_prf(average, modifier, msg_start, len(result))
Acc. (Correct/Total): 15.60%% Prec: 0.2601 F1: 0.2275
Start evaluation on test dataset.
/root/miniconda3/envs/lyq/lib/python3.8/site-packages/sklearn/metrics/_classification.py:1469: UndefinedMetricWarning: Precision is ill-defined and being set to 0.0 in samples with no predicted labels. Use `zero_division` parameter to control this behavior.
  _warn_prf(average, modifier, msg_start, len(result))
Acc. (Correct/Total): 19.11%% Prec: 0.2850 F1: 0.2538
Epoch id: 3, Training steps: 100, Avg loss: 0.086, Time: 0:11:21
Epoch id: 3, Training steps: 200, Avg loss: 0.046, Time: 0:12:11
Epoch id: 3, Training steps: 300, Avg loss: 0.044, Time: 0:13:00
Epoch id: 3, Training steps: 400, Avg loss: 0.042, Time: 0:13:50
Epoch id: 3, Training steps: 500, Avg loss: 0.041, Time: 0:14:40
Start evaluation on dev dataset.
/root/miniconda3/envs/lyq/lib/python3.8/site-packages/sklearn/metrics/_classification.py:1469: UndefinedMetricWarning: Precision is ill-defined and being set to 0.0 in samples with no predicted labels. Use `zero_division` parameter to control this behavior.
  _warn_prf(average, modifier, msg_start, len(result))
Acc. (Correct/Total): 22.89%% Prec: 0.3498 F1: 0.3108
Start evaluation on test dataset.
/root/miniconda3/envs/lyq/lib/python3.8/site-packages/sklearn/metrics/_classification.py:1469: UndefinedMetricWarning: Precision is ill-defined and being set to 0.0 in samples with no predicted labels. Use `zero_division` parameter to control this behavior.
  _warn_prf(average, modifier, msg_start, len(result))
Acc. (Correct/Total): 26.22%% Prec: 0.3781 F1: 0.3396
Epoch id: 4, Training steps: 100, Avg loss: 0.063, Time: 0:16:48
Epoch id: 4, Training steps: 200, Avg loss: 0.035, Time: 0:17:38
Epoch id: 4, Training steps: 300, Avg loss: 0.035, Time: 0:18:28
Epoch id: 4, Training steps: 400, Avg loss: 0.034, Time: 0:19:17
Epoch id: 4, Training steps: 500, Avg loss: 0.033, Time: 0:20:07
Start evaluation on dev dataset.
/root/miniconda3/envs/lyq/lib/python3.8/site-packages/sklearn/metrics/_classification.py:1469: UndefinedMetricWarning: Precision is ill-defined and being set to 0.0 in samples with no predicted labels. Use `zero_division` parameter to control this behavior.
  _warn_prf(average, modifier, msg_start, len(result))
Acc. (Correct/Total): 27.16%% Prec: 0.4064 F1: 0.3632
Start evaluation on test dataset.
/root/miniconda3/envs/lyq/lib/python3.8/site-packages/sklearn/metrics/_classification.py:1469: UndefinedMetricWarning: Precision is ill-defined and being set to 0.0 in samples with no predicted labels. Use `zero_division` parameter to control this behavior.
  _warn_prf(average, modifier, msg_start, len(result))
Acc. (Correct/Total): 30.14%% Prec: 0.4514 F1: 0.4021
Epoch id: 5, Training steps: 100, Avg loss: 0.053, Time: 0:22:15
Epoch id: 5, Training steps: 200, Avg loss: 0.029, Time: 0:23:05
Epoch id: 5, Training steps: 300, Avg loss: 0.029, Time: 0:23:55
Epoch id: 5, Training steps: 400, Avg loss: 0.028, Time: 0:24:45
Epoch id: 5, Training steps: 500, Avg loss: 0.028, Time: 0:25:34
Start evaluation on dev dataset.
/root/miniconda3/envs/lyq/lib/python3.8/site-packages/sklearn/metrics/_classification.py:1469: UndefinedMetricWarning: Precision is ill-defined and being set to 0.0 in samples with no predicted labels. Use `zero_division` parameter to control this behavior.
  _warn_prf(average, modifier, msg_start, len(result))
Acc. (Correct/Total): 31.57%% Prec: 0.4659 F1: 0.4181
Start evaluation on test dataset.
/root/miniconda3/envs/lyq/lib/python3.8/site-packages/sklearn/metrics/_classification.py:1469: UndefinedMetricWarning: Precision is ill-defined and being set to 0.0 in samples with no predicted labels. Use `zero_division` parameter to control this behavior.
  _warn_prf(average, modifier, msg_start, len(result))
Acc. (Correct/Total): 36.53%% Prec: 0.5184 F1: 0.4698
Epoch id: 6, Training steps: 100, Avg loss: 0.044, Time: 0:27:43
Epoch id: 6, Training steps: 200, Avg loss: 0.025, Time: 0:28:33
Epoch id: 6, Training steps: 300, Avg loss: 0.023, Time: 0:29:22
Epoch id: 6, Training steps: 400, Avg loss: 0.024, Time: 0:30:12
Epoch id: 6, Training steps: 500, Avg loss: 0.024, Time: 0:31:02
Start evaluation on dev dataset.
/root/miniconda3/envs/lyq/lib/python3.8/site-packages/sklearn/metrics/_classification.py:1469: UndefinedMetricWarning: Precision is ill-defined and being set to 0.0 in samples with no predicted labels. Use `zero_division` parameter to control this behavior.
  _warn_prf(average, modifier, msg_start, len(result))
Acc. (Correct/Total): 32.97%% Prec: 0.4981 F1: 0.4444
Start evaluation on test dataset.
/root/miniconda3/envs/lyq/lib/python3.8/site-packages/sklearn/metrics/_classification.py:1469: UndefinedMetricWarning: Precision is ill-defined and being set to 0.0 in samples with no predicted labels. Use `zero_division` parameter to control this behavior.
  _warn_prf(average, modifier, msg_start, len(result))
Acc. (Correct/Total): 38.36%% Prec: 0.5721 F1: 0.5112
Epoch id: 7, Training steps: 100, Avg loss: 0.038, Time: 0:33:10
Epoch id: 7, Training steps: 200, Avg loss: 0.021, Time: 0:34:00
Epoch id: 7, Training steps: 300, Avg loss: 0.021, Time: 0:34:50
Epoch id: 7, Training steps: 400, Avg loss: 0.021, Time: 0:35:39
Epoch id: 7, Training steps: 500, Avg loss: 0.020, Time: 0:36:29
Start evaluation on dev dataset.
/root/miniconda3/envs/lyq/lib/python3.8/site-packages/sklearn/metrics/_classification.py:1469: UndefinedMetricWarning: Precision is ill-defined and being set to 0.0 in samples with no predicted labels. Use `zero_division` parameter to control this behavior.
  _warn_prf(average, modifier, msg_start, len(result))
Acc. (Correct/Total): 36.66%% Prec: 0.5432 F1: 0.4870
Start evaluation on test dataset.
/root/miniconda3/envs/lyq/lib/python3.8/site-packages/sklearn/metrics/_classification.py:1469: UndefinedMetricWarning: Precision is ill-defined and being set to 0.0 in samples with no predicted labels. Use `zero_division` parameter to control this behavior.
  _warn_prf(average, modifier, msg_start, len(result))
Acc. (Correct/Total): 40.88%% Prec: 0.5924 F1: 0.5331
Epoch id: 8, Training steps: 100, Avg loss: 0.032, Time: 0:38:37
Epoch id: 8, Training steps: 200, Avg loss: 0.018, Time: 0:39:27
Epoch id: 8, Training steps: 300, Avg loss: 0.018, Time: 0:40:17
Epoch id: 8, Training steps: 400, Avg loss: 0.018, Time: 0:41:07
Epoch id: 8, Training steps: 500, Avg loss: 0.018, Time: 0:41:56
Start evaluation on dev dataset.
/root/miniconda3/envs/lyq/lib/python3.8/site-packages/sklearn/metrics/_classification.py:1469: UndefinedMetricWarning: Precision is ill-defined and being set to 0.0 in samples with no predicted labels. Use `zero_division` parameter to control this behavior.
  _warn_prf(average, modifier, msg_start, len(result))
Acc. (Correct/Total): 38.68%% Prec: 0.5811 F1: 0.5198
Start evaluation on test dataset.
/root/miniconda3/envs/lyq/lib/python3.8/site-packages/sklearn/metrics/_classification.py:1469: UndefinedMetricWarning: Precision is ill-defined and being set to 0.0 in samples with no predicted labels. Use `zero_division` parameter to control this behavior.
  _warn_prf(average, modifier, msg_start, len(result))
Acc. (Correct/Total): 43.54%% Prec: 0.6089 F1: 0.5532
Epoch id: 9, Training steps: 100, Avg loss: 0.028, Time: 0:44:05
Epoch id: 9, Training steps: 200, Avg loss: 0.015, Time: 0:44:54
Epoch id: 9, Training steps: 300, Avg loss: 0.016, Time: 0:45:44
Epoch id: 9, Training steps: 400, Avg loss: 0.016, Time: 0:46:34
Epoch id: 9, Training steps: 500, Avg loss: 0.016, Time: 0:47:23
Start evaluation on dev dataset.
/root/miniconda3/envs/lyq/lib/python3.8/site-packages/sklearn/metrics/_classification.py:1469: UndefinedMetricWarning: Precision is ill-defined and being set to 0.0 in samples with no predicted labels. Use `zero_division` parameter to control this behavior.
  _warn_prf(average, modifier, msg_start, len(result))
Acc. (Correct/Total): 40.12%% Prec: 0.5988 F1: 0.5385
Start evaluation on test dataset.
/root/miniconda3/envs/lyq/lib/python3.8/site-packages/sklearn/metrics/_classification.py:1469: UndefinedMetricWarning: Precision is ill-defined and being set to 0.0 in samples with no predicted labels. Use `zero_division` parameter to control this behavior.
  _warn_prf(average, modifier, msg_start, len(result))
Acc. (Correct/Total): 44.94%% Prec: 0.6529 F1: 0.5893
Epoch id: 10, Training steps: 100, Avg loss: 0.025, Time: 0:49:32
Epoch id: 10, Training steps: 200, Avg loss: 0.013, Time: 0:50:21
Epoch id: 10, Training steps: 300, Avg loss: 0.014, Time: 0:51:11
Epoch id: 10, Training steps: 400, Avg loss: 0.014, Time: 0:52:01
Epoch id: 10, Training steps: 500, Avg loss: 0.013, Time: 0:52:50
Start evaluation on dev dataset.
/root/miniconda3/envs/lyq/lib/python3.8/site-packages/sklearn/metrics/_classification.py:1469: UndefinedMetricWarning: Precision is ill-defined and being set to 0.0 in samples with no predicted labels. Use `zero_division` parameter to control this behavior.
  _warn_prf(average, modifier, msg_start, len(result))
Acc. (Correct/Total): 40.74%% Prec: 0.6195 F1: 0.5552
Start evaluation on test dataset.
/root/miniconda3/envs/lyq/lib/python3.8/site-packages/sklearn/metrics/_classification.py:1469: UndefinedMetricWarning: Precision is ill-defined and being set to 0.0 in samples with no predicted labels. Use `zero_division` parameter to control this behavior.
  _warn_prf(average, modifier, msg_start, len(result))
Acc. (Correct/Total): 46.30%% Prec: 0.6652 F1: 0.6015
Epoch id: 11, Training steps: 100, Avg loss: 0.022, Time: 0:54:59
Epoch id: 11, Training steps: 200, Avg loss: 0.012, Time: 0:55:48
Epoch id: 11, Training steps: 300, Avg loss: 0.012, Time: 0:56:38
Epoch id: 11, Training steps: 400, Avg loss: 0.012, Time: 0:57:28
Epoch id: 11, Training steps: 500, Avg loss: 0.011, Time: 0:58:18
Start evaluation on dev dataset.
/root/miniconda3/envs/lyq/lib/python3.8/site-packages/sklearn/metrics/_classification.py:1469: UndefinedMetricWarning: Precision is ill-defined and being set to 0.0 in samples with no predicted labels. Use `zero_division` parameter to control this behavior.
  _warn_prf(average, modifier, msg_start, len(result))
Acc. (Correct/Total): 44.77%% Prec: 0.6695 F1: 0.6056
Start evaluation on test dataset.
/root/miniconda3/envs/lyq/lib/python3.8/site-packages/sklearn/metrics/_classification.py:1469: UndefinedMetricWarning: Precision is ill-defined and being set to 0.0 in samples with no predicted labels. Use `zero_division` parameter to control this behavior.
  _warn_prf(average, modifier, msg_start, len(result))
Acc. (Correct/Total): 48.91%% Prec: 0.7005 F1: 0.6347
Epoch id: 12, Training steps: 100, Avg loss: 0.018, Time: 1:00:26
Epoch id: 12, Training steps: 200, Avg loss: 0.010, Time: 1:01:15
Epoch id: 12, Training steps: 300, Avg loss: 0.011, Time: 1:02:05
Epoch id: 12, Training steps: 400, Avg loss: 0.011, Time: 1:02:55
Epoch id: 12, Training steps: 500, Avg loss: 0.011, Time: 1:03:45
Start evaluation on dev dataset.
/root/miniconda3/envs/lyq/lib/python3.8/site-packages/sklearn/metrics/_classification.py:1469: UndefinedMetricWarning: Precision is ill-defined and being set to 0.0 in samples with no predicted labels. Use `zero_division` parameter to control this behavior.
  _warn_prf(average, modifier, msg_start, len(result))
Acc. (Correct/Total): 43.81%% Prec: 0.6564 F1: 0.5912
Epoch id: 13, Training steps: 100, Avg loss: 0.016, Time: 1:05:30
Epoch id: 13, Training steps: 200, Avg loss: 0.009, Time: 1:06:20
Epoch id: 13, Training steps: 300, Avg loss: 0.009, Time: 1:07:10
Epoch id: 13, Training steps: 400, Avg loss: 0.010, Time: 1:08:00
Epoch id: 13, Training steps: 500, Avg loss: 0.009, Time: 1:08:49
Start evaluation on dev dataset.
/root/miniconda3/envs/lyq/lib/python3.8/site-packages/sklearn/metrics/_classification.py:1469: UndefinedMetricWarning: Precision is ill-defined and being set to 0.0 in samples with no predicted labels. Use `zero_division` parameter to control this behavior.
  _warn_prf(average, modifier, msg_start, len(result))
Acc. (Correct/Total): 44.67%% Prec: 0.6675 F1: 0.6028
Epoch id: 14, Training steps: 100, Avg loss: 0.015, Time: 1:10:35
Epoch id: 14, Training steps: 200, Avg loss: 0.009, Time: 1:11:25
Epoch id: 14, Training steps: 300, Avg loss: 0.008, Time: 1:12:15
Epoch id: 14, Training steps: 400, Avg loss: 0.008, Time: 1:13:04
Epoch id: 14, Training steps: 500, Avg loss: 0.008, Time: 1:13:54
Start evaluation on dev dataset.
/root/miniconda3/envs/lyq/lib/python3.8/site-packages/sklearn/metrics/_classification.py:1469: UndefinedMetricWarning: Precision is ill-defined and being set to 0.0 in samples with no predicted labels. Use `zero_division` parameter to control this behavior.
  _warn_prf(average, modifier, msg_start, len(result))
Acc. (Correct/Total): 48.80%% Prec: 0.7182 F1: 0.6549
Start evaluation on test dataset.
/root/miniconda3/envs/lyq/lib/python3.8/site-packages/sklearn/metrics/_classification.py:1469: UndefinedMetricWarning: Precision is ill-defined and being set to 0.0 in samples with no predicted labels. Use `zero_division` parameter to control this behavior.
  _warn_prf(average, modifier, msg_start, len(result))
Acc. (Correct/Total): 55.10%% Prec: 0.7545 F1: 0.6950
Epoch id: 15, Training steps: 100, Avg loss: 0.012, Time: 1:16:02
Epoch id: 15, Training steps: 200, Avg loss: 0.007, Time: 1:16:52
Epoch id: 15, Training steps: 300, Avg loss: 0.008, Time: 1:17:41
Epoch id: 15, Training steps: 400, Avg loss: 0.007, Time: 1:18:31
Epoch id: 15, Training steps: 500, Avg loss: 0.007, Time: 1:19:21
Start evaluation on dev dataset.
/root/miniconda3/envs/lyq/lib/python3.8/site-packages/sklearn/metrics/_classification.py:1469: UndefinedMetricWarning: Precision is ill-defined and being set to 0.0 in samples with no predicted labels. Use `zero_division` parameter to control this behavior.
  _warn_prf(average, modifier, msg_start, len(result))
Acc. (Correct/Total): 48.90%% Prec: 0.7116 F1: 0.6499
Start evaluation on test dataset.
/root/miniconda3/envs/lyq/lib/python3.8/site-packages/sklearn/metrics/_classification.py:1469: UndefinedMetricWarning: Precision is ill-defined and being set to 0.0 in samples with no predicted labels. Use `zero_division` parameter to control this behavior.
  _warn_prf(average, modifier, msg_start, len(result))
Acc. (Correct/Total): 54.43%% Prec: 0.7497 F1: 0.6888
Epoch id: 16, Training steps: 100, Avg loss: 0.011, Time: 1:21:29
Epoch id: 16, Training steps: 200, Avg loss: 0.006, Time: 1:22:19
Epoch id: 16, Training steps: 300, Avg loss: 0.006, Time: 1:23:08
Epoch id: 16, Training steps: 400, Avg loss: 0.007, Time: 1:23:58
Epoch id: 16, Training steps: 500, Avg loss: 0.006, Time: 1:24:48
Start evaluation on dev dataset.
/root/miniconda3/envs/lyq/lib/python3.8/site-packages/sklearn/metrics/_classification.py:1469: UndefinedMetricWarning: Precision is ill-defined and being set to 0.0 in samples with no predicted labels. Use `zero_division` parameter to control this behavior.
  _warn_prf(average, modifier, msg_start, len(result))
Acc. (Correct/Total): 48.51%% Prec: 0.7080 F1: 0.6470
Epoch id: 17, Training steps: 100, Avg loss: 0.010, Time: 1:26:34
Epoch id: 17, Training steps: 200, Avg loss: 0.006, Time: 1:27:24
Epoch id: 17, Training steps: 300, Avg loss: 0.005, Time: 1:28:13
Epoch id: 17, Training steps: 400, Avg loss: 0.006, Time: 1:29:03
Epoch id: 17, Training steps: 500, Avg loss: 0.006, Time: 1:29:53
Start evaluation on dev dataset.
/root/miniconda3/envs/lyq/lib/python3.8/site-packages/sklearn/metrics/_classification.py:1469: UndefinedMetricWarning: Precision is ill-defined and being set to 0.0 in samples with no predicted labels. Use `zero_division` parameter to control this behavior.
  _warn_prf(average, modifier, msg_start, len(result))
Acc. (Correct/Total): 50.53%% Prec: 0.7315 F1: 0.6755
Start evaluation on test dataset.
/root/miniconda3/envs/lyq/lib/python3.8/site-packages/sklearn/metrics/_classification.py:1469: UndefinedMetricWarning: Precision is ill-defined and being set to 0.0 in samples with no predicted labels. Use `zero_division` parameter to control this behavior.
  _warn_prf(average, modifier, msg_start, len(result))
Acc. (Correct/Total): 56.41%% Prec: 0.7708 F1: 0.7159
Epoch id: 18, Training steps: 100, Avg loss: 0.008, Time: 1:32:01
Epoch id: 18, Training steps: 200, Avg loss: 0.005, Time: 1:32:51
Epoch id: 18, Training steps: 300, Avg loss: 0.005, Time: 1:33:41
Epoch id: 18, Training steps: 400, Avg loss: 0.005, Time: 1:34:30
Epoch id: 18, Training steps: 500, Avg loss: 0.005, Time: 1:35:20
Start evaluation on dev dataset.
/root/miniconda3/envs/lyq/lib/python3.8/site-packages/sklearn/metrics/_classification.py:1469: UndefinedMetricWarning: Precision is ill-defined and being set to 0.0 in samples with no predicted labels. Use `zero_division` parameter to control this behavior.
  _warn_prf(average, modifier, msg_start, len(result))
Acc. (Correct/Total): 50.24%% Prec: 0.7147 F1: 0.6603
Epoch id: 19, Training steps: 100, Avg loss: 0.008, Time: 1:37:06
Epoch id: 19, Training steps: 200, Avg loss: 0.005, Time: 1:37:56
Epoch id: 19, Training steps: 300, Avg loss: 0.004, Time: 1:38:45
Epoch id: 19, Training steps: 400, Avg loss: 0.005, Time: 1:39:35
Epoch id: 19, Training steps: 500, Avg loss: 0.005, Time: 1:40:25
Start evaluation on dev dataset.
/root/miniconda3/envs/lyq/lib/python3.8/site-packages/sklearn/metrics/_classification.py:1469: UndefinedMetricWarning: Precision is ill-defined and being set to 0.0 in samples with no predicted labels. Use `zero_division` parameter to control this behavior.
  _warn_prf(average, modifier, msg_start, len(result))
Acc. (Correct/Total): 52.35%% Prec: 0.7462 F1: 0.6931
Start evaluation on test dataset.
/root/miniconda3/envs/lyq/lib/python3.8/site-packages/sklearn/metrics/_classification.py:1469: UndefinedMetricWarning: Precision is ill-defined and being set to 0.0 in samples with no predicted labels. Use `zero_division` parameter to control this behavior.
  _warn_prf(average, modifier, msg_start, len(result))
Acc. (Correct/Total): 56.51%% Prec: 0.7661 F1: 0.7142
Epoch id: 20, Training steps: 100, Avg loss: 0.007, Time: 1:42:33
Epoch id: 20, Training steps: 200, Avg loss: 0.004, Time: 1:43:23
Epoch id: 20, Training steps: 300, Avg loss: 0.004, Time: 1:44:13
Epoch id: 20, Training steps: 400, Avg loss: 0.004, Time: 1:45:02
Epoch id: 20, Training steps: 500, Avg loss: 0.004, Time: 1:45:52
Start evaluation on dev dataset.
/root/miniconda3/envs/lyq/lib/python3.8/site-packages/sklearn/metrics/_classification.py:1469: UndefinedMetricWarning: Precision is ill-defined and being set to 0.0 in samples with no predicted labels. Use `zero_division` parameter to control this behavior.
  _warn_prf(average, modifier, msg_start, len(result))
Acc. (Correct/Total): 50.67%% Prec: 0.7301 F1: 0.6769
Final evaluation on the test dataset.
The number of evaluation instances:  2067
/root/miniconda3/envs/lyq/lib/python3.8/site-packages/sklearn/metrics/_classification.py:1469: UndefinedMetricWarning: Precision is ill-defined and being set to 0.0 in samples with no predicted labels. Use `zero_division` parameter to control this behavior.
  _warn_prf(average, modifier, msg_start, len(result))
/root/miniconda3/envs/lyq/lib/python3.8/site-packages/sklearn/metrics/_classification.py:1469: UndefinedMetricWarning: Precision and F-score are ill-defined and being set to 0.0 in labels with no predicted samples. Use `zero_division` parameter to control this behavior.
  _warn_prf(average, modifier, msg_start, len(result))
/root/miniconda3/envs/lyq/lib/python3.8/site-packages/sklearn/metrics/_classification.py:1469: UndefinedMetricWarning: Precision and F-score are ill-defined and being set to 0.0 in samples with no predicted labels. Use `zero_division` parameter to control this behavior.
  _warn_prf(average, modifier, msg_start, len(result))
Acc. (Correct/Total): 56.51% Prec: 0.7661 F1: 0.7142
Precision, Recall and F1-Score...
              precision    recall  f1-score   support

         教育学     0.8627    0.9129    0.8871       241
          法学     0.8945    0.7946    0.8416       224
      中国语言文学     0.8897    0.6541    0.7539       185
         政治学     0.7833    0.5767    0.6643       163
         社会学     0.8952    0.7070    0.7900       157
         心理学     0.9643    0.4390    0.6034       123
       应用经济学     0.7333    0.5641    0.6377       117
         历史学     0.8793    0.4679    0.6108       109
     环境科学与工程     0.8837    0.7037    0.7835       108
          哲学     0.8667    0.5361    0.6624        97
      外国语言文学     0.7089    0.6588    0.6829        85
         生物学     0.7882    0.8481    0.8171        79
      交通运输工程     0.9125    0.9359    0.9241        78
        临床医学     0.8947    0.6711    0.7669        76
    计算机科学与技术     0.7639    0.7746    0.7692        71
        土木工程     0.9130    0.9545    0.9333        66
   航空宇航科学与技术     0.9800    0.8033    0.8829        61
         民族学     0.7812    0.4545    0.5747        55
   公共卫生与预防医学     0.5818    0.6275    0.6038        51
         美术学     0.9038    0.9400    0.9216        50
         艺术学     0.7105    0.6279    0.6667        43
         地理学     0.8611    0.7381    0.7949        42
         体育学     0.9000    0.4500    0.6000        40
       理论经济学     0.6957    0.8421    0.7619        38
         中医学     0.8919    0.8919    0.8919        37
         物理学     0.8621    0.6944    0.7692        36
          林学     0.8519    0.6970    0.7667        33
          数学     1.0000    0.3125    0.4762        32
     电子科学与技术     0.8889    0.2581    0.4000        31
        基础医学     0.7222    0.4483    0.5532        29
        工商管理     0.7857    0.4074    0.5366        27
       新闻传播学     0.8500    0.7727    0.8095        22
         天文学     0.7619    0.7273    0.7442        22
         地质学     0.9286    0.6190    0.7429        21
         畜牧学     0.7917    0.9048    0.8444        21
   军事思想及军事历史     0.7500    0.6000    0.6667        20
     管理科学与工程     0.6111    0.6111    0.6111        18
     测绘科学与技术     0.8000    0.7059    0.7500        17
        水利工程     0.7500    0.5625    0.6429        16
        大气科学     0.7857    0.6875    0.7333        16
     兵器科学与技术     0.7500    0.8000    0.7742        15
       地球物理学     0.5714    0.2857    0.3810        14
        电气工程     0.8750    0.5385    0.6667        13
         作物学     0.6250    0.7692    0.6897        13
     控制科学与工程     0.4000    0.3077    0.3478        13
     信息与通信工程     0.5455    0.4615    0.5000        13
        公共管理     0.2308    0.2308    0.2308        13
         建筑学     1.0000    0.3846    0.5556        13
     化学工程与技术     0.8750    0.5833    0.7000        12
          力学     1.0000    0.8182    0.9000        11
        海洋科学     0.9091    0.9091    0.9091        11
     轻工技术与工程     0.6000    0.5455    0.5714        11
        农业工程     1.0000    0.2000    0.3333        10
         园艺学     1.0000    0.8000    0.8889        10
       中西医结合     1.0000    0.9000    0.9474        10
        机械工程     1.0000    0.5556    0.7143         9
       科学技术史     1.0000    0.3750    0.5455         8
     船舶与海洋工程     0.8000    1.0000    0.8889         8
   图书情报与档案管理     0.6667    0.5000    0.5714         8
        植物保护     0.6667    1.0000    0.8000         8
     材料科学与工程     0.8571    0.7500    0.8000         8
         统计学     0.7500    0.7500    0.7500         8
          化学     1.0000    0.7500    0.8571         8
     食品科学与工程     0.6667    0.5000    0.5714         8
          水产     1.0000    0.5714    0.7273         7
          药学     1.0000    0.7143    0.8333         7
     农业资源与环境     1.0000    0.2857    0.4444         7
         世界史     0.7500    0.4286    0.5455         7
        系统科学     1.0000    0.4286    0.6000         7
      农林经济管理     0.6667    0.8000    0.7273         5
       军队指挥学     1.0000    0.4000    0.5714         5
        矿业工程     0.6667    0.4000    0.5000         5
     纺织科学与工程     0.7143    1.0000    0.8333         5
  动力工程及工程热物理     0.0000    0.0000    0.0000         4
        林业工程     0.0000    0.0000    0.0000         4
     仪器科学与技术     0.0000    0.0000    0.0000         3
         战略学     0.5000    0.3333    0.4000         3
   地质资源与地质工程     1.0000    0.3333    0.5000         3
        旅游管理     0.0000    0.0000    0.0000         3
 图书馆、情报与档案管理     0.0000    0.0000    0.0000         2
        冶金工程     1.0000    0.5000    0.6667         2
      核科学与技术     0.0000    0.0000    0.0000         2

   micro avg     0.8308    0.6715    0.7427      3093
   macro avg     0.7581    0.5792    0.6356      3093
weighted avg     0.8354    0.6715    0.7306      3093
 samples avg     0.7661    0.6946    0.7142      3093

