/root/miniconda3/envs/lyq/lib/python3.8/site-packages/scipy/__init__.py:146: UserWarning: A NumPy version >=1.16.5 and <1.23.0 is required for this version of SciPy (detected version 1.23.5
  warnings.warn(f"A NumPy version >={np_minversion} and <{np_maxversion}"
  0%|          | 0/82 [00:00<?, ?it/s]100%|██████████| 82/82 [00:00<00:00, 502825.92it/s]
model:  ernie-rcnn
pretrained:  ernie1
task:  MLC
dataset:  book_multilabels_task
seq_length:  256
hidden_dropout_prob:  0.1
attention_probs_dropout_prob:  0.1
epochs_num:  20
batch_size:  32
learning_rate:  3e-05
report_steps:  100
kg_name:  CnDbpedia
no_kg:  False
no_vm:  False
Vocabulary Size:  17964
[BertClassifier] use visible_matrix: True
Some weights of ErnieRCNNForMultiLabelSequenceClassification were not initialized from the model checkpoint at ./models/ernie1 and are newly initialized: ['lstm.bias_hh_l1_reverse', 'output_layer_1.bias', 'lstm.weight_hh_l1', 'lstm.weight_hh_l0_reverse', 'classifier.weight', 'lstm.bias_ih_l0', 'lstm.bias_hh_l0_reverse', 'lstm.weight_ih_l1', 'lstm.bias_ih_l1_reverse', 'lstm.bias_hh_l0', 'lstm.weight_hh_l1_reverse', 'lstm.bias_ih_l1', 'lstm.weight_ih_l0_reverse', 'output_layer_1.weight', 'lstm.weight_ih_l1_reverse', 'lstm.bias_ih_l0_reverse', 'classifier.bias', 'lstm.weight_ih_l0', 'lstm.weight_hh_l0', 'lstm.bias_hh_l1']
You should probably TRAIN this model on a down-stream task to be able to use it for predictions and inference.
1 GPUs are available. Let's use them.
device:  cuda
[KnowledgeGraph] Loading spo from /Lyq/experiment/K-BERT-HUGGINGFACE/brain/kgs/CnDbpedia.spo
Start training.
Loading sentences from ./datasets/book_multilabels_task/train.tsv
There are 9097 sentence in total. We use 1 processes to inject knowledge into sentences.
Progress of process 0: 0/9097
Loading sentences from ./datasets/book_multilabels_task/dev.tsv
There are 2084 sentence in total. We use 1 processes to inject knowledge into sentences.
Progress of process 0: 0/2084
Loading sentences from ./datasets/book_multilabels_task/test.tsv
There are 2067 sentence in total. We use 1 processes to inject knowledge into sentences.
Progress of process 0: 0/2067
Epoch id: 1, Training steps: 100, Avg loss: 0.197, Time: 0:00:50
Epoch id: 1, Training steps: 200, Avg loss: 0.083, Time: 0:01:39
Start evaluation on dev dataset.
/root/miniconda3/envs/lyq/lib/python3.8/site-packages/sklearn/metrics/_classification.py:1469: UndefinedMetricWarning: Precision is ill-defined and being set to 0.0 in samples with no predicted labels. Use `zero_division` parameter to control this behavior.
  _warn_prf(average, modifier, msg_start, len(result))
Acc. (Correct/Total):  0.00%% Prec: 0.0000 F1: 0.0000
Epoch id: 2, Training steps: 100, Avg loss: 0.133, Time: 0:03:24
Epoch id: 2, Training steps: 200, Avg loss: 0.055, Time: 0:04:10
Start evaluation on dev dataset.
/root/miniconda3/envs/lyq/lib/python3.8/site-packages/sklearn/metrics/_classification.py:1469: UndefinedMetricWarning: Precision is ill-defined and being set to 0.0 in samples with no predicted labels. Use `zero_division` parameter to control this behavior.
  _warn_prf(average, modifier, msg_start, len(result))
Acc. (Correct/Total): 11.37%% Prec: 0.1840 F1: 0.1616
Start evaluation on test dataset.
/root/miniconda3/envs/lyq/lib/python3.8/site-packages/sklearn/metrics/_classification.py:1469: UndefinedMetricWarning: Precision is ill-defined and being set to 0.0 in samples with no predicted labels. Use `zero_division` parameter to control this behavior.
  _warn_prf(average, modifier, msg_start, len(result))
Acc. (Correct/Total): 15.00%% Prec: 0.2252 F1: 0.2007
Epoch id: 3, Training steps: 100, Avg loss: 0.081, Time: 0:06:10
Epoch id: 3, Training steps: 200, Avg loss: 0.037, Time: 0:06:57
Start evaluation on dev dataset.
/root/miniconda3/envs/lyq/lib/python3.8/site-packages/sklearn/metrics/_classification.py:1469: UndefinedMetricWarning: Precision is ill-defined and being set to 0.0 in samples with no predicted labels. Use `zero_division` parameter to control this behavior.
  _warn_prf(average, modifier, msg_start, len(result))
Acc. (Correct/Total): 22.94%% Prec: 0.3757 F1: 0.3279
Start evaluation on test dataset.
/root/miniconda3/envs/lyq/lib/python3.8/site-packages/sklearn/metrics/_classification.py:1469: UndefinedMetricWarning: Precision is ill-defined and being set to 0.0 in samples with no predicted labels. Use `zero_division` parameter to control this behavior.
  _warn_prf(average, modifier, msg_start, len(result))
Acc. (Correct/Total): 27.09%% Prec: 0.4086 F1: 0.3637
Epoch id: 4, Training steps: 100, Avg loss: 0.062, Time: 0:08:59
Epoch id: 4, Training steps: 200, Avg loss: 0.030, Time: 0:09:47
Start evaluation on dev dataset.
/root/miniconda3/envs/lyq/lib/python3.8/site-packages/sklearn/metrics/_classification.py:1469: UndefinedMetricWarning: Precision is ill-defined and being set to 0.0 in samples with no predicted labels. Use `zero_division` parameter to control this behavior.
  _warn_prf(average, modifier, msg_start, len(result))
Acc. (Correct/Total): 31.14%% Prec: 0.4863 F1: 0.4300
Start evaluation on test dataset.
/root/miniconda3/envs/lyq/lib/python3.8/site-packages/sklearn/metrics/_classification.py:1469: UndefinedMetricWarning: Precision is ill-defined and being set to 0.0 in samples with no predicted labels. Use `zero_division` parameter to control this behavior.
  _warn_prf(average, modifier, msg_start, len(result))
Acc. (Correct/Total): 36.09%% Prec: 0.5319 F1: 0.4776
Epoch id: 5, Training steps: 100, Avg loss: 0.049, Time: 0:11:46
Epoch id: 5, Training steps: 200, Avg loss: 0.024, Time: 0:12:35
Start evaluation on dev dataset.
/root/miniconda3/envs/lyq/lib/python3.8/site-packages/sklearn/metrics/_classification.py:1469: UndefinedMetricWarning: Precision is ill-defined and being set to 0.0 in samples with no predicted labels. Use `zero_division` parameter to control this behavior.
  _warn_prf(average, modifier, msg_start, len(result))
Acc. (Correct/Total): 36.90%% Prec: 0.5533 F1: 0.4984
Start evaluation on test dataset.
/root/miniconda3/envs/lyq/lib/python3.8/site-packages/sklearn/metrics/_classification.py:1469: UndefinedMetricWarning: Precision is ill-defined and being set to 0.0 in samples with no predicted labels. Use `zero_division` parameter to control this behavior.
  _warn_prf(average, modifier, msg_start, len(result))
Acc. (Correct/Total): 43.73%% Prec: 0.6139 F1: 0.5596
Epoch id: 6, Training steps: 100, Avg loss: 0.040, Time: 0:14:38
Epoch id: 6, Training steps: 200, Avg loss: 0.020, Time: 0:15:28
Start evaluation on dev dataset.
/root/miniconda3/envs/lyq/lib/python3.8/site-packages/sklearn/metrics/_classification.py:1469: UndefinedMetricWarning: Precision is ill-defined and being set to 0.0 in samples with no predicted labels. Use `zero_division` parameter to control this behavior.
  _warn_prf(average, modifier, msg_start, len(result))
Acc. (Correct/Total): 36.90%% Prec: 0.5691 F1: 0.5067
Epoch id: 7, Training steps: 100, Avg loss: 0.033, Time: 0:17:16
Epoch id: 7, Training steps: 200, Avg loss: 0.017, Time: 0:18:10
Start evaluation on dev dataset.
/root/miniconda3/envs/lyq/lib/python3.8/site-packages/sklearn/metrics/_classification.py:1469: UndefinedMetricWarning: Precision is ill-defined and being set to 0.0 in samples with no predicted labels. Use `zero_division` parameter to control this behavior.
  _warn_prf(average, modifier, msg_start, len(result))
Acc. (Correct/Total): 42.90%% Prec: 0.6311 F1: 0.5724
Start evaluation on test dataset.
/root/miniconda3/envs/lyq/lib/python3.8/site-packages/sklearn/metrics/_classification.py:1469: UndefinedMetricWarning: Precision is ill-defined and being set to 0.0 in samples with no predicted labels. Use `zero_division` parameter to control this behavior.
  _warn_prf(average, modifier, msg_start, len(result))
Acc. (Correct/Total): 48.86%% Prec: 0.6816 F1: 0.6248
Epoch id: 8, Training steps: 100, Avg loss: 0.028, Time: 0:20:28
Epoch id: 8, Training steps: 200, Avg loss: 0.014, Time: 0:21:17
Start evaluation on dev dataset.
/root/miniconda3/envs/lyq/lib/python3.8/site-packages/sklearn/metrics/_classification.py:1469: UndefinedMetricWarning: Precision is ill-defined and being set to 0.0 in samples with no predicted labels. Use `zero_division` parameter to control this behavior.
  _warn_prf(average, modifier, msg_start, len(result))
Acc. (Correct/Total): 44.24%% Prec: 0.6375 F1: 0.5815
Start evaluation on test dataset.
/root/miniconda3/envs/lyq/lib/python3.8/site-packages/sklearn/metrics/_classification.py:1469: UndefinedMetricWarning: Precision is ill-defined and being set to 0.0 in samples with no predicted labels. Use `zero_division` parameter to control this behavior.
  _warn_prf(average, modifier, msg_start, len(result))
Acc. (Correct/Total): 49.44%% Prec: 0.6892 F1: 0.6300
Epoch id: 9, Training steps: 100, Avg loss: 0.023, Time: 0:23:24
Epoch id: 9, Training steps: 200, Avg loss: 0.012, Time: 0:24:14
Start evaluation on dev dataset.
/root/miniconda3/envs/lyq/lib/python3.8/site-packages/sklearn/metrics/_classification.py:1469: UndefinedMetricWarning: Precision is ill-defined and being set to 0.0 in samples with no predicted labels. Use `zero_division` parameter to control this behavior.
  _warn_prf(average, modifier, msg_start, len(result))
Acc. (Correct/Total): 44.87%% Prec: 0.6445 F1: 0.5871
Start evaluation on test dataset.
/root/miniconda3/envs/lyq/lib/python3.8/site-packages/sklearn/metrics/_classification.py:1469: UndefinedMetricWarning: Precision is ill-defined and being set to 0.0 in samples with no predicted labels. Use `zero_division` parameter to control this behavior.
  _warn_prf(average, modifier, msg_start, len(result))
Acc. (Correct/Total): 51.57%% Prec: 0.7085 F1: 0.6515
Epoch id: 10, Training steps: 100, Avg loss: 0.021, Time: 0:26:17
Epoch id: 10, Training steps: 200, Avg loss: 0.009, Time: 0:27:08
Start evaluation on dev dataset.
/root/miniconda3/envs/lyq/lib/python3.8/site-packages/sklearn/metrics/_classification.py:1469: UndefinedMetricWarning: Precision is ill-defined and being set to 0.0 in samples with no predicted labels. Use `zero_division` parameter to control this behavior.
  _warn_prf(average, modifier, msg_start, len(result))
Acc. (Correct/Total): 47.41%% Prec: 0.6842 F1: 0.6286
Start evaluation on test dataset.
/root/miniconda3/envs/lyq/lib/python3.8/site-packages/sklearn/metrics/_classification.py:1469: UndefinedMetricWarning: Precision is ill-defined and being set to 0.0 in samples with no predicted labels. Use `zero_division` parameter to control this behavior.
  _warn_prf(average, modifier, msg_start, len(result))
Acc. (Correct/Total): 52.64%% Prec: 0.7269 F1: 0.6717
Epoch id: 11, Training steps: 100, Avg loss: 0.017, Time: 0:29:13
Epoch id: 11, Training steps: 200, Avg loss: 0.009, Time: 0:30:02
Start evaluation on dev dataset.
/root/miniconda3/envs/lyq/lib/python3.8/site-packages/sklearn/metrics/_classification.py:1469: UndefinedMetricWarning: Precision is ill-defined and being set to 0.0 in samples with no predicted labels. Use `zero_division` parameter to control this behavior.
  _warn_prf(average, modifier, msg_start, len(result))
Acc. (Correct/Total): 49.14%% Prec: 0.6875 F1: 0.6362
Start evaluation on test dataset.
/root/miniconda3/envs/lyq/lib/python3.8/site-packages/sklearn/metrics/_classification.py:1469: UndefinedMetricWarning: Precision is ill-defined and being set to 0.0 in samples with no predicted labels. Use `zero_division` parameter to control this behavior.
  _warn_prf(average, modifier, msg_start, len(result))
Acc. (Correct/Total): 53.94%% Prec: 0.7340 F1: 0.6811
Epoch id: 12, Training steps: 100, Avg loss: 0.015, Time: 0:32:05
Epoch id: 12, Training steps: 200, Avg loss: 0.007, Time: 0:32:58
Start evaluation on dev dataset.
/root/miniconda3/envs/lyq/lib/python3.8/site-packages/sklearn/metrics/_classification.py:1469: UndefinedMetricWarning: Precision is ill-defined and being set to 0.0 in samples with no predicted labels. Use `zero_division` parameter to control this behavior.
  _warn_prf(average, modifier, msg_start, len(result))
Acc. (Correct/Total): 49.95%% Prec: 0.6927 F1: 0.6439
Start evaluation on test dataset.
/root/miniconda3/envs/lyq/lib/python3.8/site-packages/sklearn/metrics/_classification.py:1469: UndefinedMetricWarning: Precision is ill-defined and being set to 0.0 in samples with no predicted labels. Use `zero_division` parameter to control this behavior.
  _warn_prf(average, modifier, msg_start, len(result))
Acc. (Correct/Total): 55.68%% Prec: 0.7433 F1: 0.6942
Epoch id: 13, Training steps: 100, Avg loss: 0.012, Time: 0:35:01
Epoch id: 13, Training steps: 200, Avg loss: 0.006, Time: 0:35:48
Start evaluation on dev dataset.
/root/miniconda3/envs/lyq/lib/python3.8/site-packages/sklearn/metrics/_classification.py:1469: UndefinedMetricWarning: Precision is ill-defined and being set to 0.0 in samples with no predicted labels. Use `zero_division` parameter to control this behavior.
  _warn_prf(average, modifier, msg_start, len(result))
Acc. (Correct/Total): 50.24%% Prec: 0.6914 F1: 0.6471
Start evaluation on test dataset.
/root/miniconda3/envs/lyq/lib/python3.8/site-packages/sklearn/metrics/_classification.py:1469: UndefinedMetricWarning: Precision is ill-defined and being set to 0.0 in samples with no predicted labels. Use `zero_division` parameter to control this behavior.
  _warn_prf(average, modifier, msg_start, len(result))
Acc. (Correct/Total): 55.93%% Prec: 0.7389 F1: 0.6934
Epoch id: 14, Training steps: 100, Avg loss: 0.010, Time: 0:37:53
Epoch id: 14, Training steps: 200, Avg loss: 0.005, Time: 0:38:43
Start evaluation on dev dataset.
/root/miniconda3/envs/lyq/lib/python3.8/site-packages/sklearn/metrics/_classification.py:1469: UndefinedMetricWarning: Precision is ill-defined and being set to 0.0 in samples with no predicted labels. Use `zero_division` parameter to control this behavior.
  _warn_prf(average, modifier, msg_start, len(result))
Acc. (Correct/Total): 52.40%% Prec: 0.7056 F1: 0.6642
Start evaluation on test dataset.
/root/miniconda3/envs/lyq/lib/python3.8/site-packages/sklearn/metrics/_classification.py:1469: UndefinedMetricWarning: Precision is ill-defined and being set to 0.0 in samples with no predicted labels. Use `zero_division` parameter to control this behavior.
  _warn_prf(average, modifier, msg_start, len(result))
Acc. (Correct/Total): 57.28%% Prec: 0.7483 F1: 0.7038
Epoch id: 15, Training steps: 100, Avg loss: 0.008, Time: 0:40:51
Epoch id: 15, Training steps: 200, Avg loss: 0.004, Time: 0:41:41
Start evaluation on dev dataset.
/root/miniconda3/envs/lyq/lib/python3.8/site-packages/sklearn/metrics/_classification.py:1469: UndefinedMetricWarning: Precision is ill-defined and being set to 0.0 in samples with no predicted labels. Use `zero_division` parameter to control this behavior.
  _warn_prf(average, modifier, msg_start, len(result))
Acc. (Correct/Total): 51.34%% Prec: 0.6997 F1: 0.6552
Epoch id: 16, Training steps: 100, Avg loss: 0.007, Time: 0:43:28
Epoch id: 16, Training steps: 200, Avg loss: 0.004, Time: 0:44:20
Start evaluation on dev dataset.
/root/miniconda3/envs/lyq/lib/python3.8/site-packages/sklearn/metrics/_classification.py:1469: UndefinedMetricWarning: Precision is ill-defined and being set to 0.0 in samples with no predicted labels. Use `zero_division` parameter to control this behavior.
  _warn_prf(average, modifier, msg_start, len(result))
Acc. (Correct/Total): 50.82%% Prec: 0.6940 F1: 0.6511
Epoch id: 17, Training steps: 100, Avg loss: 0.007, Time: 0:46:06
Epoch id: 17, Training steps: 200, Avg loss: 0.003, Time: 0:46:53
Start evaluation on dev dataset.
/root/miniconda3/envs/lyq/lib/python3.8/site-packages/sklearn/metrics/_classification.py:1469: UndefinedMetricWarning: Precision is ill-defined and being set to 0.0 in samples with no predicted labels. Use `zero_division` parameter to control this behavior.
  _warn_prf(average, modifier, msg_start, len(result))
Acc. (Correct/Total): 51.97%% Prec: 0.7118 F1: 0.6713
Epoch id: 18, Training steps: 100, Avg loss: 0.006, Time: 0:48:42
Epoch id: 18, Training steps: 200, Avg loss: 0.003, Time: 0:49:33
Start evaluation on dev dataset.
/root/miniconda3/envs/lyq/lib/python3.8/site-packages/sklearn/metrics/_classification.py:1469: UndefinedMetricWarning: Precision is ill-defined and being set to 0.0 in samples with no predicted labels. Use `zero_division` parameter to control this behavior.
  _warn_prf(average, modifier, msg_start, len(result))
Acc. (Correct/Total): 52.30%% Prec: 0.7155 F1: 0.6720
Epoch id: 19, Training steps: 100, Avg loss: 0.005, Time: 0:51:19
Epoch id: 19, Training steps: 200, Avg loss: 0.002, Time: 0:52:08
Start evaluation on dev dataset.
/root/miniconda3/envs/lyq/lib/python3.8/site-packages/sklearn/metrics/_classification.py:1469: UndefinedMetricWarning: Precision is ill-defined and being set to 0.0 in samples with no predicted labels. Use `zero_division` parameter to control this behavior.
  _warn_prf(average, modifier, msg_start, len(result))
Acc. (Correct/Total): 52.30%% Prec: 0.7155 F1: 0.6772
Epoch id: 20, Training steps: 100, Avg loss: 0.004, Time: 0:53:59
Epoch id: 20, Training steps: 200, Avg loss: 0.002, Time: 0:54:50
Start evaluation on dev dataset.
/root/miniconda3/envs/lyq/lib/python3.8/site-packages/sklearn/metrics/_classification.py:1469: UndefinedMetricWarning: Precision is ill-defined and being set to 0.0 in samples with no predicted labels. Use `zero_division` parameter to control this behavior.
  _warn_prf(average, modifier, msg_start, len(result))
Acc. (Correct/Total): 51.63%% Prec: 0.7134 F1: 0.6768
Final evaluation on the test dataset.
The number of evaluation instances:  2067
/root/miniconda3/envs/lyq/lib/python3.8/site-packages/sklearn/metrics/_classification.py:1469: UndefinedMetricWarning: Precision is ill-defined and being set to 0.0 in samples with no predicted labels. Use `zero_division` parameter to control this behavior.
  _warn_prf(average, modifier, msg_start, len(result))
/root/miniconda3/envs/lyq/lib/python3.8/site-packages/sklearn/metrics/_classification.py:1469: UndefinedMetricWarning: Precision and F-score are ill-defined and being set to 0.0 in labels with no predicted samples. Use `zero_division` parameter to control this behavior.
  _warn_prf(average, modifier, msg_start, len(result))
/root/miniconda3/envs/lyq/lib/python3.8/site-packages/sklearn/metrics/_classification.py:1469: UndefinedMetricWarning: Precision and F-score are ill-defined and being set to 0.0 in samples with no predicted labels. Use `zero_division` parameter to control this behavior.
  _warn_prf(average, modifier, msg_start, len(result))
Acc. (Correct/Total): 57.28% Prec: 0.7483 F1: 0.7038
Precision, Recall and F1-Score...
              precision    recall  f1-score   support

         教育学     0.8492    0.8880    0.8682       241
          法学     0.8529    0.7768    0.8131       224
      中国语言文学     0.8059    0.7405    0.7718       185
         政治学     0.7778    0.6012    0.6782       163
         社会学     0.8511    0.7643    0.8054       157
         心理学     0.8133    0.4959    0.6162       123
       应用经济学     0.7209    0.5299    0.6108       117
         历史学     0.9559    0.5963    0.7345       109
     环境科学与工程     0.8636    0.8796    0.8716       108
          哲学     0.7647    0.5361    0.6303        97
      外国语言文学     0.8361    0.6000    0.6986        85
         生物学     0.8356    0.7722    0.8026        79
      交通运输工程     0.9221    0.9103    0.9161        78
        临床医学     0.8852    0.7105    0.7883        76
    计算机科学与技术     0.7183    0.7183    0.7183        71
        土木工程     0.9118    0.9394    0.9254        66
   航空宇航科学与技术     0.9500    0.9344    0.9421        61
         民族学     0.6327    0.5636    0.5962        55
   公共卫生与预防医学     0.5814    0.4902    0.5319        51
         美术学     0.8302    0.8800    0.8544        50
         艺术学     0.8158    0.7209    0.7654        43
         地理学     0.9500    0.4524    0.6129        42
         体育学     1.0000    0.4500    0.6207        40
       理论经济学     0.7600    0.5000    0.6032        38
         中医学     0.9118    0.8378    0.8732        37
         物理学     0.8235    0.7778    0.8000        36
          林学     0.7619    0.4848    0.5926        33
          数学     0.7308    0.5938    0.6552        32
     电子科学与技术     0.5789    0.3548    0.4400        31
        基础医学     0.4286    0.3103    0.3600        29
        工商管理     0.8000    0.2963    0.4324        27
       新闻传播学     0.7200    0.8182    0.7660        22
         天文学     0.7917    0.8636    0.8261        22
         地质学     0.8667    0.6190    0.7222        21
         畜牧学     0.8500    0.8095    0.8293        21
   军事思想及军事历史     0.8000    0.6000    0.6857        20
     管理科学与工程     0.4615    0.6667    0.5455        18
     测绘科学与技术     0.7500    0.7059    0.7273        17
        水利工程     0.8889    0.5000    0.6400        16
        大气科学     0.8571    0.7500    0.8000        16
     兵器科学与技术     0.6087    0.9333    0.7368        15
       地球物理学     0.4000    0.1429    0.2105        14
        电气工程     1.0000    0.3846    0.5556        13
         作物学     0.8333    0.3846    0.5263        13
     控制科学与工程     0.2308    0.2308    0.2308        13
     信息与通信工程     0.6667    0.6154    0.6400        13
        公共管理     0.0000    0.0000    0.0000        13
         建筑学     1.0000    0.3846    0.5556        13
     化学工程与技术     1.0000    0.8333    0.9091        12
          力学     0.8333    0.4545    0.5882        11
        海洋科学     1.0000    0.7273    0.8421        11
     轻工技术与工程     0.5556    0.4545    0.5000        11
        农业工程     1.0000    0.2000    0.3333        10
         园艺学     0.7692    1.0000    0.8696        10
       中西医结合     1.0000    0.4000    0.5714        10
        机械工程     1.0000    0.4444    0.6154         9
       科学技术史     0.6667    0.2500    0.3636         8
     船舶与海洋工程     0.8750    0.8750    0.8750         8
   图书情报与档案管理     0.8333    0.6250    0.7143         8
        植物保护     0.7500    0.7500    0.7500         8
     材料科学与工程     0.8000    0.5000    0.6154         8
         统计学     0.6667    0.7500    0.7059         8
          化学     1.0000    0.8750    0.9333         8
     食品科学与工程     1.0000    0.3750    0.5455         8
          水产     1.0000    0.7143    0.8333         7
          药学     1.0000    0.5714    0.7273         7
     农业资源与环境     1.0000    0.7143    0.8333         7
         世界史     0.6667    0.2857    0.4000         7
        系统科学     0.8000    0.5714    0.6667         7
      农林经济管理     0.6000    0.6000    0.6000         5
       军队指挥学     1.0000    0.4000    0.5714         5
        矿业工程     0.5000    0.6000    0.5455         5
     纺织科学与工程     0.6667    0.8000    0.7273         5
  动力工程及工程热物理     0.0000    0.0000    0.0000         4
        林业工程     0.0000    0.0000    0.0000         4
     仪器科学与技术     0.0000    0.0000    0.0000         3
         战略学     0.3333    0.3333    0.3333         3
   地质资源与地质工程     0.0000    0.0000    0.0000         3
        旅游管理     0.6667    0.6667    0.6667         3
 图书馆、情报与档案管理     0.0000    0.0000    0.0000         2
        冶金工程     1.0000    0.5000    0.6667         2
      核科学与技术     0.0000    0.0000    0.0000         2

   micro avg     0.8099    0.6735    0.7354      3093
   macro avg     0.7272    0.5584    0.6126      3093
weighted avg     0.8069    0.6735    0.7233      3093
 samples avg     0.7483    0.6868    0.7038      3093

