/root/miniconda3/envs/lyq/lib/python3.8/site-packages/scipy/__init__.py:146: UserWarning: A NumPy version >=1.16.5 and <1.23.0 is required for this version of SciPy (detected version 1.23.5
  warnings.warn(f"A NumPy version >={np_minversion} and <{np_maxversion}"
  0%|          | 0/82 [00:00<?, ?it/s]100%|██████████| 82/82 [00:00<00:00, 1307729.76it/s]
model:  ernie-rcnn-catlstm
pretrained:  ernie1
task:  MLC-slice
dataset:  book_multilabels_task_slice
seq_length:  256
hidden_dropout_prob:  0.1
attention_probs_dropout_prob:  0.1
epochs_num:  20
batch_size:  16
learning_rate:  2e-05
report_steps:  100
kg_name:  CnDbpedia
no_kg:  False
no_vm:  False
Vocabulary Size:  17964
[BertClassifier] use visible_matrix: True
Some weights of ErnieRCNNForMultiLabelSequenceClassificationSliceCatLSTM were not initialized from the model checkpoint at ./models/ernie1 and are newly initialized: ['lstm.bias_ih_l0_reverse', 'classifier.weight', 'lstm.bias_hh_l1_reverse', 'lstm.bias_hh_l0', 'lstm.weight_ih_l0', 'lstm.weight_ih_l1', 'lstm.weight_hh_l0_reverse', 'output_layer_1.weight', 'classifier.bias', 'lstm.weight_ih_l1_reverse', 'lstm.bias_ih_l1_reverse', 'lstm.weight_hh_l1_reverse', 'lstm.weight_ih_l0_reverse', 'lstm.weight_hh_l0', 'lstm.weight_hh_l1', 'lstm.bias_hh_l1', 'lstm.bias_ih_l1', 'lstm.bias_ih_l0', 'lstm.bias_hh_l0_reverse', 'output_layer_1.bias']
You should probably TRAIN this model on a down-stream task to be able to use it for predictions and inference.
1 GPUs are available. Let's use them.
device:  cuda
[KnowledgeGraph] Loading spo from /Zy/experiment/K-BERT-HUGGINGFACE/brain/kgs/CnDbpedia.spo
Start training.
Loading sentences from ./datasets/book_multilabels_task_slice/train.tsv
There are 9097 sentence in total. We use 1 processes to inject knowledge into sentences.
Progress of process 0: 0/9097
Loading sentences from ./datasets/book_multilabels_task_slice/dev.tsv
There are 2084 sentence in total. We use 1 processes to inject knowledge into sentences.
Progress of process 0: 0/2084
Loading sentences from ./datasets/book_multilabels_task_slice/test.tsv
There are 2067 sentence in total. We use 1 processes to inject knowledge into sentences.
Progress of process 0: 0/2067
Epoch id: 1, Training steps: 100, Avg loss: 0.181, Time: 0:01:17
Epoch id: 1, Training steps: 200, Avg loss: 0.083, Time: 0:02:31
Epoch id: 1, Training steps: 300, Avg loss: 0.079, Time: 0:03:43
Epoch id: 1, Training steps: 400, Avg loss: 0.071, Time: 0:05:00
Epoch id: 1, Training steps: 500, Avg loss: 0.060, Time: 0:06:14
Start evaluation on dev dataset.
/root/miniconda3/envs/lyq/lib/python3.8/site-packages/sklearn/metrics/_classification.py:1469: UndefinedMetricWarning: Precision is ill-defined and being set to 0.0 in samples with no predicted labels. Use `zero_division` parameter to control this behavior.
  _warn_prf(average, modifier, msg_start, len(result))
Acc. (Correct/Total): 12.24%% Prec: 0.1775 F1: 0.1602
Start evaluation on test dataset.
/root/miniconda3/envs/lyq/lib/python3.8/site-packages/sklearn/metrics/_classification.py:1469: UndefinedMetricWarning: Precision is ill-defined and being set to 0.0 in samples with no predicted labels. Use `zero_division` parameter to control this behavior.
  _warn_prf(average, modifier, msg_start, len(result))
Acc. (Correct/Total): 14.56%% Prec: 0.1981 F1: 0.1806
Epoch id: 2, Training steps: 100, Avg loss: 0.088, Time: 0:10:04
Epoch id: 2, Training steps: 200, Avg loss: 0.052, Time: 0:11:21
Epoch id: 2, Training steps: 300, Avg loss: 0.042, Time: 0:12:31
Epoch id: 2, Training steps: 400, Avg loss: 0.040, Time: 0:13:46
Epoch id: 2, Training steps: 500, Avg loss: 0.036, Time: 0:15:00
Start evaluation on dev dataset.
/root/miniconda3/envs/lyq/lib/python3.8/site-packages/sklearn/metrics/_classification.py:1469: UndefinedMetricWarning: Precision is ill-defined and being set to 0.0 in samples with no predicted labels. Use `zero_division` parameter to control this behavior.
  _warn_prf(average, modifier, msg_start, len(result))
Acc. (Correct/Total): 26.30%% Prec: 0.4122 F1: 0.3650
Start evaluation on test dataset.
/root/miniconda3/envs/lyq/lib/python3.8/site-packages/sklearn/metrics/_classification.py:1469: UndefinedMetricWarning: Precision is ill-defined and being set to 0.0 in samples with no predicted labels. Use `zero_division` parameter to control this behavior.
  _warn_prf(average, modifier, msg_start, len(result))
Acc. (Correct/Total): 33.48%% Prec: 0.4722 F1: 0.4281
Epoch id: 3, Training steps: 100, Avg loss: 0.055, Time: 0:18:34
Epoch id: 3, Training steps: 200, Avg loss: 0.031, Time: 0:19:54
Epoch id: 3, Training steps: 300, Avg loss: 0.030, Time: 0:21:08
Epoch id: 3, Training steps: 400, Avg loss: 0.029, Time: 0:22:22
Epoch id: 3, Training steps: 500, Avg loss: 0.028, Time: 0:23:35
Start evaluation on dev dataset.
/root/miniconda3/envs/lyq/lib/python3.8/site-packages/sklearn/metrics/_classification.py:1469: UndefinedMetricWarning: Precision is ill-defined and being set to 0.0 in samples with no predicted labels. Use `zero_division` parameter to control this behavior.
  _warn_prf(average, modifier, msg_start, len(result))
Acc. (Correct/Total): 34.93%% Prec: 0.5374 F1: 0.4810
Start evaluation on test dataset.
/root/miniconda3/envs/lyq/lib/python3.8/site-packages/sklearn/metrics/_classification.py:1469: UndefinedMetricWarning: Precision is ill-defined and being set to 0.0 in samples with no predicted labels. Use `zero_division` parameter to control this behavior.
  _warn_prf(average, modifier, msg_start, len(result))
Acc. (Correct/Total): 44.41%% Prec: 0.6030 F1: 0.5541
Epoch id: 4, Training steps: 100, Avg loss: 0.044, Time: 0:27:16
Epoch id: 4, Training steps: 200, Avg loss: 0.024, Time: 0:28:27
Epoch id: 4, Training steps: 300, Avg loss: 0.024, Time: 0:29:43
Epoch id: 4, Training steps: 400, Avg loss: 0.023, Time: 0:30:59
Epoch id: 4, Training steps: 500, Avg loss: 0.022, Time: 0:32:11
Start evaluation on dev dataset.
/root/miniconda3/envs/lyq/lib/python3.8/site-packages/sklearn/metrics/_classification.py:1469: UndefinedMetricWarning: Precision is ill-defined and being set to 0.0 in samples with no predicted labels. Use `zero_division` parameter to control this behavior.
  _warn_prf(average, modifier, msg_start, len(result))
Acc. (Correct/Total):  9.26%% Prec: 0.1332 F1: 0.1212
Epoch id: 5, Training steps: 100, Avg loss: 0.082, Time: 0:34:58
Epoch id: 5, Training steps: 200, Avg loss: 0.043, Time: 0:36:09
Epoch id: 5, Training steps: 300, Avg loss: 0.043, Time: 0:37:19
Epoch id: 5, Training steps: 400, Avg loss: 0.041, Time: 0:38:34
Epoch id: 5, Training steps: 500, Avg loss: 0.039, Time: 0:39:53
Start evaluation on dev dataset.
/root/miniconda3/envs/lyq/lib/python3.8/site-packages/sklearn/metrics/_classification.py:1469: UndefinedMetricWarning: Precision is ill-defined and being set to 0.0 in samples with no predicted labels. Use `zero_division` parameter to control this behavior.
  _warn_prf(average, modifier, msg_start, len(result))
Acc. (Correct/Total): 32.49%% Prec: 0.4773 F1: 0.4419
Epoch id: 6, Training steps: 100, Avg loss: 0.050, Time: 0:42:38
Epoch id: 6, Training steps: 200, Avg loss: 0.027, Time: 0:43:51
Epoch id: 6, Training steps: 300, Avg loss: 0.027, Time: 0:45:09
Epoch id: 6, Training steps: 400, Avg loss: 0.023, Time: 0:46:23
Epoch id: 6, Training steps: 500, Avg loss: 0.023, Time: 0:47:34
Start evaluation on dev dataset.
/root/miniconda3/envs/lyq/lib/python3.8/site-packages/sklearn/metrics/_classification.py:1469: UndefinedMetricWarning: Precision is ill-defined and being set to 0.0 in samples with no predicted labels. Use `zero_division` parameter to control this behavior.
  _warn_prf(average, modifier, msg_start, len(result))
Acc. (Correct/Total): 41.36%% Prec: 0.6076 F1: 0.5551
Start evaluation on test dataset.
/root/miniconda3/envs/lyq/lib/python3.8/site-packages/sklearn/metrics/_classification.py:1469: UndefinedMetricWarning: Precision is ill-defined and being set to 0.0 in samples with no predicted labels. Use `zero_division` parameter to control this behavior.
  _warn_prf(average, modifier, msg_start, len(result))
Acc. (Correct/Total): 49.49%% Prec: 0.6776 F1: 0.6260
Epoch id: 7, Training steps: 100, Avg loss: 0.034, Time: 0:51:19
Epoch id: 7, Training steps: 200, Avg loss: 0.018, Time: 0:52:36
Epoch id: 7, Training steps: 300, Avg loss: 0.018, Time: 0:53:53
Epoch id: 7, Training steps: 400, Avg loss: 0.019, Time: 0:55:10
Epoch id: 7, Training steps: 500, Avg loss: 0.018, Time: 0:56:29
Start evaluation on dev dataset.
/root/miniconda3/envs/lyq/lib/python3.8/site-packages/sklearn/metrics/_classification.py:1469: UndefinedMetricWarning: Precision is ill-defined and being set to 0.0 in samples with no predicted labels. Use `zero_division` parameter to control this behavior.
  _warn_prf(average, modifier, msg_start, len(result))
Acc. (Correct/Total): 44.82%% Prec: 0.6436 F1: 0.5946
Start evaluation on test dataset.
/root/miniconda3/envs/lyq/lib/python3.8/site-packages/sklearn/metrics/_classification.py:1469: UndefinedMetricWarning: Precision is ill-defined and being set to 0.0 in samples with no predicted labels. Use `zero_division` parameter to control this behavior.
  _warn_prf(average, modifier, msg_start, len(result))
Acc. (Correct/Total): 52.35%% Prec: 0.7133 F1: 0.6642
Epoch id: 8, Training steps: 100, Avg loss: 0.026, Time: 1:00:09
Epoch id: 8, Training steps: 200, Avg loss: 0.016, Time: 1:01:26
Epoch id: 8, Training steps: 300, Avg loss: 0.015, Time: 1:02:43
Epoch id: 8, Training steps: 400, Avg loss: 0.015, Time: 1:03:58
Epoch id: 8, Training steps: 500, Avg loss: 0.014, Time: 1:05:16
Start evaluation on dev dataset.
/root/miniconda3/envs/lyq/lib/python3.8/site-packages/sklearn/metrics/_classification.py:1469: UndefinedMetricWarning: Precision is ill-defined and being set to 0.0 in samples with no predicted labels. Use `zero_division` parameter to control this behavior.
  _warn_prf(average, modifier, msg_start, len(result))
Acc. (Correct/Total): 44.91%% Prec: 0.6488 F1: 0.5974
Start evaluation on test dataset.
/root/miniconda3/envs/lyq/lib/python3.8/site-packages/sklearn/metrics/_classification.py:1469: UndefinedMetricWarning: Precision is ill-defined and being set to 0.0 in samples with no predicted labels. Use `zero_division` parameter to control this behavior.
  _warn_prf(average, modifier, msg_start, len(result))
Acc. (Correct/Total): 54.33%% Prec: 0.7299 F1: 0.6786
Epoch id: 9, Training steps: 100, Avg loss: 0.024, Time: 1:08:55
Epoch id: 9, Training steps: 200, Avg loss: 0.012, Time: 1:10:11
Epoch id: 9, Training steps: 300, Avg loss: 0.013, Time: 1:11:28
Epoch id: 9, Training steps: 400, Avg loss: 0.014, Time: 1:12:45
Epoch id: 9, Training steps: 500, Avg loss: 0.014, Time: 1:13:58
Start evaluation on dev dataset.
/root/miniconda3/envs/lyq/lib/python3.8/site-packages/sklearn/metrics/_classification.py:1469: UndefinedMetricWarning: Precision is ill-defined and being set to 0.0 in samples with no predicted labels. Use `zero_division` parameter to control this behavior.
  _warn_prf(average, modifier, msg_start, len(result))
Acc. (Correct/Total): 47.70%% Prec: 0.6783 F1: 0.6305
Start evaluation on test dataset.
/root/miniconda3/envs/lyq/lib/python3.8/site-packages/sklearn/metrics/_classification.py:1469: UndefinedMetricWarning: Precision is ill-defined and being set to 0.0 in samples with no predicted labels. Use `zero_division` parameter to control this behavior.
  _warn_prf(average, modifier, msg_start, len(result))
Acc. (Correct/Total): 54.04%% Prec: 0.7288 F1: 0.6827
Epoch id: 10, Training steps: 100, Avg loss: 0.024, Time: 1:17:38
Epoch id: 10, Training steps: 200, Avg loss: 0.014, Time: 1:18:54
Epoch id: 10, Training steps: 300, Avg loss: 0.014, Time: 1:20:09
Epoch id: 10, Training steps: 400, Avg loss: 0.014, Time: 1:21:24
Epoch id: 10, Training steps: 500, Avg loss: 0.013, Time: 1:22:41
Start evaluation on dev dataset.
/root/miniconda3/envs/lyq/lib/python3.8/site-packages/sklearn/metrics/_classification.py:1469: UndefinedMetricWarning: Precision is ill-defined and being set to 0.0 in samples with no predicted labels. Use `zero_division` parameter to control this behavior.
  _warn_prf(average, modifier, msg_start, len(result))
Acc. (Correct/Total): 48.32%% Prec: 0.6903 F1: 0.6389
Start evaluation on test dataset.
/root/miniconda3/envs/lyq/lib/python3.8/site-packages/sklearn/metrics/_classification.py:1469: UndefinedMetricWarning: Precision is ill-defined and being set to 0.0 in samples with no predicted labels. Use `zero_division` parameter to control this behavior.
  _warn_prf(average, modifier, msg_start, len(result))
Acc. (Correct/Total): 54.86%% Prec: 0.7451 F1: 0.6987
Epoch id: 11, Training steps: 100, Avg loss: 0.019, Time: 1:26:34
Epoch id: 11, Training steps: 200, Avg loss: 0.010, Time: 1:27:45
Epoch id: 11, Training steps: 300, Avg loss: 0.012, Time: 1:29:06
Epoch id: 11, Training steps: 400, Avg loss: 0.013, Time: 1:30:24
Epoch id: 11, Training steps: 500, Avg loss: 0.012, Time: 1:31:44
Start evaluation on dev dataset.
/root/miniconda3/envs/lyq/lib/python3.8/site-packages/sklearn/metrics/_classification.py:1469: UndefinedMetricWarning: Precision is ill-defined and being set to 0.0 in samples with no predicted labels. Use `zero_division` parameter to control this behavior.
  _warn_prf(average, modifier, msg_start, len(result))
Acc. (Correct/Total): 47.17%% Prec: 0.6865 F1: 0.6400
Epoch id: 12, Training steps: 100, Avg loss: 0.017, Time: 1:34:36
Epoch id: 12, Training steps: 200, Avg loss: 0.009, Time: 1:35:57
Epoch id: 12, Training steps: 300, Avg loss: 0.009, Time: 1:37:08
Epoch id: 12, Training steps: 400, Avg loss: 0.009, Time: 1:38:25
Epoch id: 12, Training steps: 500, Avg loss: 0.009, Time: 1:39:40
Start evaluation on dev dataset.
/root/miniconda3/envs/lyq/lib/python3.8/site-packages/sklearn/metrics/_classification.py:1469: UndefinedMetricWarning: Precision is ill-defined and being set to 0.0 in samples with no predicted labels. Use `zero_division` parameter to control this behavior.
  _warn_prf(average, modifier, msg_start, len(result))
Acc. (Correct/Total): 49.23%% Prec: 0.7117 F1: 0.6656
Start evaluation on test dataset.
/root/miniconda3/envs/lyq/lib/python3.8/site-packages/sklearn/metrics/_classification.py:1469: UndefinedMetricWarning: Precision is ill-defined and being set to 0.0 in samples with no predicted labels. Use `zero_division` parameter to control this behavior.
  _warn_prf(average, modifier, msg_start, len(result))
Acc. (Correct/Total): 56.85%% Prec: 0.7544 F1: 0.7153
Epoch id: 13, Training steps: 100, Avg loss: 0.013, Time: 1:43:19
Epoch id: 13, Training steps: 200, Avg loss: 0.007, Time: 1:44:40
Epoch id: 13, Training steps: 300, Avg loss: 0.007, Time: 1:46:03
Epoch id: 13, Training steps: 400, Avg loss: 0.007, Time: 1:47:21
Epoch id: 13, Training steps: 500, Avg loss: 0.007, Time: 1:48:37
Start evaluation on dev dataset.
/root/miniconda3/envs/lyq/lib/python3.8/site-packages/sklearn/metrics/_classification.py:1469: UndefinedMetricWarning: Precision is ill-defined and being set to 0.0 in samples with no predicted labels. Use `zero_division` parameter to control this behavior.
  _warn_prf(average, modifier, msg_start, len(result))
Acc. (Correct/Total): 47.98%% Prec: 0.7005 F1: 0.6537
Epoch id: 14, Training steps: 100, Avg loss: 0.011, Time: 1:51:39
Epoch id: 14, Training steps: 200, Avg loss: 0.006, Time: 1:52:55
Epoch id: 14, Training steps: 300, Avg loss: 0.005, Time: 1:54:19
Epoch id: 14, Training steps: 400, Avg loss: 0.006, Time: 1:55:41
Epoch id: 14, Training steps: 500, Avg loss: 0.006, Time: 1:56:59
Start evaluation on dev dataset.
/root/miniconda3/envs/lyq/lib/python3.8/site-packages/sklearn/metrics/_classification.py:1469: UndefinedMetricWarning: Precision is ill-defined and being set to 0.0 in samples with no predicted labels. Use `zero_division` parameter to control this behavior.
  _warn_prf(average, modifier, msg_start, len(result))
Acc. (Correct/Total): 51.25%% Prec: 0.7250 F1: 0.6823
Start evaluation on test dataset.
/root/miniconda3/envs/lyq/lib/python3.8/site-packages/sklearn/metrics/_classification.py:1469: UndefinedMetricWarning: Precision is ill-defined and being set to 0.0 in samples with no predicted labels. Use `zero_division` parameter to control this behavior.
  _warn_prf(average, modifier, msg_start, len(result))
Acc. (Correct/Total): 58.20%% Prec: 0.7667 F1: 0.7300
Epoch id: 15, Training steps: 100, Avg loss: 0.009, Time: 2:01:00
Epoch id: 15, Training steps: 200, Avg loss: 0.005, Time: 2:02:19
Epoch id: 15, Training steps: 300, Avg loss: 0.005, Time: 2:03:39
Epoch id: 15, Training steps: 400, Avg loss: 0.006, Time: 2:05:00
Epoch id: 15, Training steps: 500, Avg loss: 0.005, Time: 2:06:21
Start evaluation on dev dataset.
/root/miniconda3/envs/lyq/lib/python3.8/site-packages/sklearn/metrics/_classification.py:1469: UndefinedMetricWarning: Precision is ill-defined and being set to 0.0 in samples with no predicted labels. Use `zero_division` parameter to control this behavior.
  _warn_prf(average, modifier, msg_start, len(result))
Acc. (Correct/Total): 52.11%% Prec: 0.7218 F1: 0.6806
Start evaluation on test dataset.
/root/miniconda3/envs/lyq/lib/python3.8/site-packages/sklearn/metrics/_classification.py:1469: UndefinedMetricWarning: Precision is ill-defined and being set to 0.0 in samples with no predicted labels. Use `zero_division` parameter to control this behavior.
  _warn_prf(average, modifier, msg_start, len(result))
Acc. (Correct/Total): 59.70%% Prec: 0.7776 F1: 0.7417
Epoch id: 16, Training steps: 100, Avg loss: 0.007, Time: 2:10:16
Epoch id: 16, Training steps: 200, Avg loss: 0.004, Time: 2:11:35
Epoch id: 16, Training steps: 300, Avg loss: 0.005, Time: 2:12:54
Epoch id: 16, Training steps: 400, Avg loss: 0.005, Time: 2:14:13
Epoch id: 16, Training steps: 500, Avg loss: 0.005, Time: 2:15:31
Start evaluation on dev dataset.
/root/miniconda3/envs/lyq/lib/python3.8/site-packages/sklearn/metrics/_classification.py:1469: UndefinedMetricWarning: Precision is ill-defined and being set to 0.0 in samples with no predicted labels. Use `zero_division` parameter to control this behavior.
  _warn_prf(average, modifier, msg_start, len(result))
Acc. (Correct/Total): 52.50%% Prec: 0.7249 F1: 0.6842
Start evaluation on test dataset.
/root/miniconda3/envs/lyq/lib/python3.8/site-packages/sklearn/metrics/_classification.py:1469: UndefinedMetricWarning: Precision is ill-defined and being set to 0.0 in samples with no predicted labels. Use `zero_division` parameter to control this behavior.
  _warn_prf(average, modifier, msg_start, len(result))
Acc. (Correct/Total): 60.62%% Prec: 0.7835 F1: 0.7472
Epoch id: 17, Training steps: 100, Avg loss: 0.007, Time: 2:19:29
Epoch id: 17, Training steps: 200, Avg loss: 0.004, Time: 2:20:50
Epoch id: 17, Training steps: 300, Avg loss: 0.004, Time: 2:22:06
Epoch id: 17, Training steps: 400, Avg loss: 0.004, Time: 2:23:23
Epoch id: 17, Training steps: 500, Avg loss: 0.004, Time: 2:24:40
Start evaluation on dev dataset.
/root/miniconda3/envs/lyq/lib/python3.8/site-packages/sklearn/metrics/_classification.py:1469: UndefinedMetricWarning: Precision is ill-defined and being set to 0.0 in samples with no predicted labels. Use `zero_division` parameter to control this behavior.
  _warn_prf(average, modifier, msg_start, len(result))
Acc. (Correct/Total): 53.17%% Prec: 0.7349 F1: 0.6938
Start evaluation on test dataset.
/root/miniconda3/envs/lyq/lib/python3.8/site-packages/sklearn/metrics/_classification.py:1469: UndefinedMetricWarning: Precision is ill-defined and being set to 0.0 in samples with no predicted labels. Use `zero_division` parameter to control this behavior.
  _warn_prf(average, modifier, msg_start, len(result))
Acc. (Correct/Total): 60.96%% Prec: 0.7882 F1: 0.7484
Epoch id: 18, Training steps: 100, Avg loss: 0.006, Time: 2:28:29
Epoch id: 18, Training steps: 200, Avg loss: 0.003, Time: 2:29:50
Epoch id: 18, Training steps: 300, Avg loss: 0.003, Time: 2:31:11
Epoch id: 18, Training steps: 400, Avg loss: 0.003, Time: 2:32:26
Epoch id: 18, Training steps: 500, Avg loss: 0.003, Time: 2:33:42
Start evaluation on dev dataset.
/root/miniconda3/envs/lyq/lib/python3.8/site-packages/sklearn/metrics/_classification.py:1469: UndefinedMetricWarning: Precision is ill-defined and being set to 0.0 in samples with no predicted labels. Use `zero_division` parameter to control this behavior.
  _warn_prf(average, modifier, msg_start, len(result))
Acc. (Correct/Total): 52.35%% Prec: 0.7290 F1: 0.6897
Epoch id: 19, Training steps: 100, Avg loss: 0.005, Time: 2:36:43
Epoch id: 19, Training steps: 200, Avg loss: 0.002, Time: 2:37:57
Epoch id: 19, Training steps: 300, Avg loss: 0.002, Time: 2:39:20
Epoch id: 19, Training steps: 400, Avg loss: 0.002, Time: 2:40:35
Epoch id: 19, Training steps: 500, Avg loss: 0.002, Time: 2:41:50
Start evaluation on dev dataset.
/root/miniconda3/envs/lyq/lib/python3.8/site-packages/sklearn/metrics/_classification.py:1469: UndefinedMetricWarning: Precision is ill-defined and being set to 0.0 in samples with no predicted labels. Use `zero_division` parameter to control this behavior.
  _warn_prf(average, modifier, msg_start, len(result))
Acc. (Correct/Total): 53.89%% Prec: 0.7362 F1: 0.7022
Start evaluation on test dataset.
/root/miniconda3/envs/lyq/lib/python3.8/site-packages/sklearn/metrics/_classification.py:1469: UndefinedMetricWarning: Precision is ill-defined and being set to 0.0 in samples with no predicted labels. Use `zero_division` parameter to control this behavior.
  _warn_prf(average, modifier, msg_start, len(result))
Acc. (Correct/Total): 61.01%% Prec: 0.7892 F1: 0.7573
Epoch id: 20, Training steps: 100, Avg loss: 0.003, Time: 2:45:31
Epoch id: 20, Training steps: 200, Avg loss: 0.002, Time: 2:46:41
Epoch id: 20, Training steps: 300, Avg loss: 0.002, Time: 2:47:53
Epoch id: 20, Training steps: 400, Avg loss: 0.002, Time: 2:49:07
Epoch id: 20, Training steps: 500, Avg loss: 0.002, Time: 2:50:22
Start evaluation on dev dataset.
/root/miniconda3/envs/lyq/lib/python3.8/site-packages/sklearn/metrics/_classification.py:1469: UndefinedMetricWarning: Precision is ill-defined and being set to 0.0 in samples with no predicted labels. Use `zero_division` parameter to control this behavior.
  _warn_prf(average, modifier, msg_start, len(result))
Acc. (Correct/Total): 52.88%% Prec: 0.7339 F1: 0.6954
Final evaluation on the test dataset.
The number of evaluation instances:  2067
/root/miniconda3/envs/lyq/lib/python3.8/site-packages/sklearn/metrics/_classification.py:1469: UndefinedMetricWarning: Precision is ill-defined and being set to 0.0 in samples with no predicted labels. Use `zero_division` parameter to control this behavior.
  _warn_prf(average, modifier, msg_start, len(result))
/root/miniconda3/envs/lyq/lib/python3.8/site-packages/sklearn/metrics/_classification.py:1469: UndefinedMetricWarning: Precision and F-score are ill-defined and being set to 0.0 in labels with no predicted samples. Use `zero_division` parameter to control this behavior.
  _warn_prf(average, modifier, msg_start, len(result))
/root/miniconda3/envs/lyq/lib/python3.8/site-packages/sklearn/metrics/_classification.py:1469: UndefinedMetricWarning: Precision and F-score are ill-defined and being set to 0.0 in samples with no predicted labels. Use `zero_division` parameter to control this behavior.
  _warn_prf(average, modifier, msg_start, len(result))
Acc. (Correct/Total): 61.01% Prec: 0.7892 F1: 0.7573
Precision, Recall and F1-Score...
              precision    recall  f1-score   support

         教育学     0.8529    0.9627    0.9045       241
          法学     0.8802    0.8527    0.8662       224
      中国语言文学     0.9189    0.7351    0.8168       185
         政治学     0.7730    0.6687    0.7171       163
         社会学     0.8267    0.7898    0.8078       157
         心理学     0.9036    0.6098    0.7282       123
       应用经济学     0.7952    0.5641    0.6600       117
         历史学     0.7955    0.6422    0.7107       109
     环境科学与工程     0.9029    0.8611    0.8815       108
          哲学     0.8125    0.5361    0.6460        97
      外国语言文学     0.8133    0.7176    0.7625        85
         生物学     0.8806    0.7468    0.8082        79
      交通运输工程     0.9048    0.9744    0.9383        78
        临床医学     0.8356    0.8026    0.8188        76
    计算机科学与技术     0.8406    0.8169    0.8286        71
        土木工程     0.8767    0.9697    0.9209        66
   航空宇航科学与技术     0.9483    0.9016    0.9244        61
         民族学     0.7297    0.4909    0.5870        55
   公共卫生与预防医学     0.5818    0.6275    0.6038        51
         美术学     0.8000    0.9600    0.8727        50
         艺术学     0.8049    0.7674    0.7857        43
         地理学     0.8710    0.6429    0.7397        42
         体育学     0.8333    0.6250    0.7143        40
       理论经济学     0.8056    0.7632    0.7838        38
         中医学     0.8485    0.7568    0.8000        37
         物理学     0.8000    0.8889    0.8421        36
          林学     0.6970    0.6970    0.6970        33
          数学     0.8500    0.5312    0.6538        32
     电子科学与技术     0.5806    0.5806    0.5806        31
        基础医学     0.6000    0.3103    0.4091        29
        工商管理     0.7727    0.6296    0.6939        27
       新闻传播学     0.7895    0.6818    0.7317        22
         天文学     0.7692    0.9091    0.8333        22
         地质学     0.7500    0.7143    0.7317        21
         畜牧学     0.9048    0.9048    0.9048        21
   军事思想及军事历史     0.8824    0.7500    0.8108        20
     管理科学与工程     0.5500    0.6111    0.5789        18
     测绘科学与技术     0.7895    0.8824    0.8333        17
        水利工程     0.7500    0.5625    0.6429        16
        大气科学     0.8125    0.8125    0.8125        16
     兵器科学与技术     0.6111    0.7333    0.6667        15
       地球物理学     0.5714    0.2857    0.3810        14
        电气工程     1.0000    0.5385    0.7000        13
         作物学     0.7778    0.5385    0.6364        13
     控制科学与工程     0.3750    0.2308    0.2857        13
     信息与通信工程     0.8182    0.6923    0.7500        13
        公共管理     0.0000    0.0000    0.0000        13
         建筑学     0.8000    0.3077    0.4444        13
     化学工程与技术     0.7500    0.7500    0.7500        12
          力学     0.7778    0.6364    0.7000        11
        海洋科学     0.9091    0.9091    0.9091        11
     轻工技术与工程     0.3333    0.3636    0.3478        11
        农业工程     1.0000    0.3000    0.4615        10
         园艺学     0.7273    0.8000    0.7619        10
       中西医结合     1.0000    0.5000    0.6667        10
        机械工程     1.0000    0.6667    0.8000         9
       科学技术史     1.0000    0.3750    0.5455         8
     船舶与海洋工程     0.8000    1.0000    0.8889         8
   图书情报与档案管理     0.7500    0.3750    0.5000         8
        植物保护     0.8889    1.0000    0.9412         8
     材料科学与工程     0.7500    0.7500    0.7500         8
         统计学     0.6364    0.8750    0.7368         8
          化学     1.0000    0.8750    0.9333         8
     食品科学与工程     1.0000    0.6250    0.7692         8
          水产     1.0000    0.8571    0.9231         7
          药学     0.8571    0.8571    0.8571         7
     农业资源与环境     0.8333    0.7143    0.7692         7
         世界史     1.0000    0.7143    0.8333         7
        系统科学     0.8333    0.7143    0.7692         7
      农林经济管理     0.6250    1.0000    0.7692         5
       军队指挥学     1.0000    0.4000    0.5714         5
        矿业工程     0.6667    0.8000    0.7273         5
     纺织科学与工程     0.7143    1.0000    0.8333         5
  动力工程及工程热物理     0.0000    0.0000    0.0000         4
        林业工程     0.0000    0.0000    0.0000         4
     仪器科学与技术     0.0000    0.0000    0.0000         3
         战略学     0.3333    0.6667    0.4444         3
   地质资源与地质工程     0.6667    0.6667    0.6667         3
        旅游管理     1.0000    0.6667    0.8000         3
 图书馆、情报与档案管理     0.0000    0.0000    0.0000         2
        冶金工程     1.0000    0.5000    0.6667         2
      核科学与技术     0.0000    0.0000    0.0000         2

   micro avg     0.8209    0.7349    0.7755      3093
   macro avg     0.7432    0.6456    0.6749      3093
weighted avg     0.8191    0.7349    0.7669      3093
 samples avg     0.7892    0.7532    0.7573      3093

