/root/miniconda3/envs/lyq/lib/python3.8/site-packages/scipy/__init__.py:146: UserWarning: A NumPy version >=1.16.5 and <1.23.0 is required for this version of SciPy (detected version 1.23.5
  warnings.warn(f"A NumPy version >={np_minversion} and <{np_maxversion}"
  0%|          | 0/82 [00:00<?, ?it/s]100%|██████████| 82/82 [00:00<00:00, 308183.63it/s]
model:  ernie-rcnn
pretrained:  ernie1
task:  MLC
dataset:  book_multilabels_task
seq_length:  256
hidden_dropout_prob:  0.1
attention_probs_dropout_prob:  0.1
epochs_num:  20
batch_size:  32
learning_rate:  1.1e-05
report_steps:  100
kg_name:  CnDbpedia
no_kg:  False
no_vm:  False
Vocabulary Size:  17964
[BertClassifier] use visible_matrix: True
Some weights of ErnieRCNNForMultiLabelSequenceClassification were not initialized from the model checkpoint at ./models/ernie1 and are newly initialized: ['lstm.weight_ih_l0_reverse', 'lstm.weight_hh_l1_reverse', 'lstm.weight_ih_l1', 'lstm.bias_hh_l0_reverse', 'lstm.weight_hh_l0', 'classifier.weight', 'output_layer_1.bias', 'lstm.weight_ih_l0', 'lstm.bias_ih_l1', 'classifier.bias', 'lstm.bias_hh_l1_reverse', 'lstm.bias_ih_l1_reverse', 'lstm.bias_ih_l0_reverse', 'lstm.weight_hh_l1', 'lstm.weight_hh_l0_reverse', 'output_layer_1.weight', 'lstm.bias_hh_l1', 'lstm.bias_ih_l0', 'lstm.weight_ih_l1_reverse', 'lstm.bias_hh_l0']
You should probably TRAIN this model on a down-stream task to be able to use it for predictions and inference.
1 GPUs are available. Let's use them.
device:  cuda
[KnowledgeGraph] Loading spo from /Lyq/experiment/K-BERT-HUGGINGFACE/brain/kgs/CnDbpedia.spo
Start training.
Loading sentences from ./datasets/book_multilabels_task/train.tsv
There are 9097 sentence in total. We use 1 processes to inject knowledge into sentences.
Progress of process 0: 0/9097
Loading sentences from ./datasets/book_multilabels_task/dev.tsv
There are 2084 sentence in total. We use 1 processes to inject knowledge into sentences.
Progress of process 0: 0/2084
Loading sentences from ./datasets/book_multilabels_task/test.tsv
There are 2067 sentence in total. We use 1 processes to inject knowledge into sentences.
Progress of process 0: 0/2067
Epoch id: 1, Training steps: 100, Avg loss: 0.332, Time: 0:00:53
Epoch id: 1, Training steps: 200, Avg loss: 0.114, Time: 0:01:40
Start evaluation on dev dataset.
/root/miniconda3/envs/lyq/lib/python3.8/site-packages/sklearn/metrics/_classification.py:1469: UndefinedMetricWarning: Precision is ill-defined and being set to 0.0 in samples with no predicted labels. Use `zero_division` parameter to control this behavior.
  _warn_prf(average, modifier, msg_start, len(result))
Acc. (Correct/Total):  0.00%% Prec: 0.0000 F1: 0.0000
Epoch id: 2, Training steps: 100, Avg loss: 0.161, Time: 0:03:24
Epoch id: 2, Training steps: 200, Avg loss: 0.082, Time: 0:04:19
Start evaluation on dev dataset.
/root/miniconda3/envs/lyq/lib/python3.8/site-packages/sklearn/metrics/_classification.py:1469: UndefinedMetricWarning: Precision is ill-defined and being set to 0.0 in samples with no predicted labels. Use `zero_division` parameter to control this behavior.
  _warn_prf(average, modifier, msg_start, len(result))
Acc. (Correct/Total):  0.00%% Prec: 0.0000 F1: 0.0000
Epoch id: 3, Training steps: 100, Avg loss: 0.143, Time: 0:06:11
Epoch id: 3, Training steps: 200, Avg loss: 0.072, Time: 0:06:59
Start evaluation on dev dataset.
/root/miniconda3/envs/lyq/lib/python3.8/site-packages/sklearn/metrics/_classification.py:1469: UndefinedMetricWarning: Precision is ill-defined and being set to 0.0 in samples with no predicted labels. Use `zero_division` parameter to control this behavior.
  _warn_prf(average, modifier, msg_start, len(result))
Acc. (Correct/Total):  0.05%% Prec: 0.0005 F1: 0.0005
Start evaluation on test dataset.
/root/miniconda3/envs/lyq/lib/python3.8/site-packages/sklearn/metrics/_classification.py:1469: UndefinedMetricWarning: Precision is ill-defined and being set to 0.0 in samples with no predicted labels. Use `zero_division` parameter to control this behavior.
  _warn_prf(average, modifier, msg_start, len(result))
Acc. (Correct/Total):  0.00%% Prec: 0.0000 F1: 0.0000
Epoch id: 4, Training steps: 100, Avg loss: 0.123, Time: 0:09:00
Epoch id: 4, Training steps: 200, Avg loss: 0.062, Time: 0:09:48
Start evaluation on dev dataset.
/root/miniconda3/envs/lyq/lib/python3.8/site-packages/sklearn/metrics/_classification.py:1469: UndefinedMetricWarning: Precision is ill-defined and being set to 0.0 in samples with no predicted labels. Use `zero_division` parameter to control this behavior.
  _warn_prf(average, modifier, msg_start, len(result))
Acc. (Correct/Total):  4.41%% Prec: 0.0823 F1: 0.0697
Start evaluation on test dataset.
/root/miniconda3/envs/lyq/lib/python3.8/site-packages/sklearn/metrics/_classification.py:1469: UndefinedMetricWarning: Precision is ill-defined and being set to 0.0 in samples with no predicted labels. Use `zero_division` parameter to control this behavior.
  _warn_prf(average, modifier, msg_start, len(result))
Acc. (Correct/Total):  4.11%% Prec: 0.0827 F1: 0.0683
Epoch id: 5, Training steps: 100, Avg loss: 0.104, Time: 0:11:44
Epoch id: 5, Training steps: 200, Avg loss: 0.050, Time: 0:12:35
Start evaluation on dev dataset.
/root/miniconda3/envs/lyq/lib/python3.8/site-packages/sklearn/metrics/_classification.py:1469: UndefinedMetricWarning: Precision is ill-defined and being set to 0.0 in samples with no predicted labels. Use `zero_division` parameter to control this behavior.
  _warn_prf(average, modifier, msg_start, len(result))
Acc. (Correct/Total): 11.76%% Prec: 0.1975 F1: 0.1711
Start evaluation on test dataset.
/root/miniconda3/envs/lyq/lib/python3.8/site-packages/sklearn/metrics/_classification.py:1469: UndefinedMetricWarning: Precision is ill-defined and being set to 0.0 in samples with no predicted labels. Use `zero_division` parameter to control this behavior.
  _warn_prf(average, modifier, msg_start, len(result))
Acc. (Correct/Total): 12.97%% Prec: 0.2095 F1: 0.1824
Epoch id: 6, Training steps: 100, Avg loss: 0.089, Time: 0:14:37
Epoch id: 6, Training steps: 200, Avg loss: 0.045, Time: 0:15:28
Start evaluation on dev dataset.
/root/miniconda3/envs/lyq/lib/python3.8/site-packages/sklearn/metrics/_classification.py:1469: UndefinedMetricWarning: Precision is ill-defined and being set to 0.0 in samples with no predicted labels. Use `zero_division` parameter to control this behavior.
  _warn_prf(average, modifier, msg_start, len(result))
Acc. (Correct/Total): 15.12%% Prec: 0.2462 F1: 0.2156
Start evaluation on test dataset.
/root/miniconda3/envs/lyq/lib/python3.8/site-packages/sklearn/metrics/_classification.py:1469: UndefinedMetricWarning: Precision is ill-defined and being set to 0.0 in samples with no predicted labels. Use `zero_division` parameter to control this behavior.
  _warn_prf(average, modifier, msg_start, len(result))
Acc. (Correct/Total): 16.45%% Prec: 0.2690 F1: 0.2348
Epoch id: 7, Training steps: 100, Avg loss: 0.079, Time: 0:17:33
Epoch id: 7, Training steps: 200, Avg loss: 0.041, Time: 0:18:25
Start evaluation on dev dataset.
/root/miniconda3/envs/lyq/lib/python3.8/site-packages/sklearn/metrics/_classification.py:1469: UndefinedMetricWarning: Precision is ill-defined and being set to 0.0 in samples with no predicted labels. Use `zero_division` parameter to control this behavior.
  _warn_prf(average, modifier, msg_start, len(result))
Acc. (Correct/Total): 20.30%% Prec: 0.3229 F1: 0.2845
Start evaluation on test dataset.
/root/miniconda3/envs/lyq/lib/python3.8/site-packages/sklearn/metrics/_classification.py:1469: UndefinedMetricWarning: Precision is ill-defined and being set to 0.0 in samples with no predicted labels. Use `zero_division` parameter to control this behavior.
  _warn_prf(average, modifier, msg_start, len(result))
Acc. (Correct/Total): 24.19%% Prec: 0.3578 F1: 0.3205
Epoch id: 8, Training steps: 100, Avg loss: 0.070, Time: 0:20:26
Epoch id: 8, Training steps: 200, Avg loss: 0.036, Time: 0:21:16
Start evaluation on dev dataset.
/root/miniconda3/envs/lyq/lib/python3.8/site-packages/sklearn/metrics/_classification.py:1469: UndefinedMetricWarning: Precision is ill-defined and being set to 0.0 in samples with no predicted labels. Use `zero_division` parameter to control this behavior.
  _warn_prf(average, modifier, msg_start, len(result))
Acc. (Correct/Total): 23.75%% Prec: 0.3832 F1: 0.3366
Start evaluation on test dataset.
/root/miniconda3/envs/lyq/lib/python3.8/site-packages/sklearn/metrics/_classification.py:1469: UndefinedMetricWarning: Precision is ill-defined and being set to 0.0 in samples with no predicted labels. Use `zero_division` parameter to control this behavior.
  _warn_prf(average, modifier, msg_start, len(result))
Acc. (Correct/Total): 27.82%% Prec: 0.4240 F1: 0.3774
Epoch id: 9, Training steps: 100, Avg loss: 0.063, Time: 0:23:16
Epoch id: 9, Training steps: 200, Avg loss: 0.033, Time: 0:24:02
Start evaluation on dev dataset.
/root/miniconda3/envs/lyq/lib/python3.8/site-packages/sklearn/metrics/_classification.py:1469: UndefinedMetricWarning: Precision is ill-defined and being set to 0.0 in samples with no predicted labels. Use `zero_division` parameter to control this behavior.
  _warn_prf(average, modifier, msg_start, len(result))
Acc. (Correct/Total): 25.96%% Prec: 0.4129 F1: 0.3644
Start evaluation on test dataset.
/root/miniconda3/envs/lyq/lib/python3.8/site-packages/sklearn/metrics/_classification.py:1469: UndefinedMetricWarning: Precision is ill-defined and being set to 0.0 in samples with no predicted labels. Use `zero_division` parameter to control this behavior.
  _warn_prf(average, modifier, msg_start, len(result))
Acc. (Correct/Total): 29.27%% Prec: 0.4487 F1: 0.3992
Epoch id: 10, Training steps: 100, Avg loss: 0.059, Time: 0:25:56
Epoch id: 10, Training steps: 200, Avg loss: 0.030, Time: 0:26:43
Start evaluation on dev dataset.
/root/miniconda3/envs/lyq/lib/python3.8/site-packages/sklearn/metrics/_classification.py:1469: UndefinedMetricWarning: Precision is ill-defined and being set to 0.0 in samples with no predicted labels. Use `zero_division` parameter to control this behavior.
  _warn_prf(average, modifier, msg_start, len(result))
Acc. (Correct/Total): 27.93%% Prec: 0.4559 F1: 0.3989
Start evaluation on test dataset.
/root/miniconda3/envs/lyq/lib/python3.8/site-packages/sklearn/metrics/_classification.py:1469: UndefinedMetricWarning: Precision is ill-defined and being set to 0.0 in samples with no predicted labels. Use `zero_division` parameter to control this behavior.
  _warn_prf(average, modifier, msg_start, len(result))
Acc. (Correct/Total): 31.64%% Prec: 0.4814 F1: 0.4284
Epoch id: 11, Training steps: 100, Avg loss: 0.053, Time: 0:28:43
Epoch id: 11, Training steps: 200, Avg loss: 0.028, Time: 0:29:31
Start evaluation on dev dataset.
/root/miniconda3/envs/lyq/lib/python3.8/site-packages/sklearn/metrics/_classification.py:1469: UndefinedMetricWarning: Precision is ill-defined and being set to 0.0 in samples with no predicted labels. Use `zero_division` parameter to control this behavior.
  _warn_prf(average, modifier, msg_start, len(result))
Acc. (Correct/Total): 30.52%% Prec: 0.4806 F1: 0.4257
Start evaluation on test dataset.
/root/miniconda3/envs/lyq/lib/python3.8/site-packages/sklearn/metrics/_classification.py:1469: UndefinedMetricWarning: Precision is ill-defined and being set to 0.0 in samples with no predicted labels. Use `zero_division` parameter to control this behavior.
  _warn_prf(average, modifier, msg_start, len(result))
Acc. (Correct/Total): 35.07%% Prec: 0.5247 F1: 0.4699
Epoch id: 12, Training steps: 100, Avg loss: 0.048, Time: 0:31:33
Epoch id: 12, Training steps: 200, Avg loss: 0.025, Time: 0:32:23
Start evaluation on dev dataset.
/root/miniconda3/envs/lyq/lib/python3.8/site-packages/sklearn/metrics/_classification.py:1469: UndefinedMetricWarning: Precision is ill-defined and being set to 0.0 in samples with no predicted labels. Use `zero_division` parameter to control this behavior.
  _warn_prf(average, modifier, msg_start, len(result))
Acc. (Correct/Total): 33.25%% Prec: 0.5164 F1: 0.4578
Start evaluation on test dataset.
/root/miniconda3/envs/lyq/lib/python3.8/site-packages/sklearn/metrics/_classification.py:1469: UndefinedMetricWarning: Precision is ill-defined and being set to 0.0 in samples with no predicted labels. Use `zero_division` parameter to control this behavior.
  _warn_prf(average, modifier, msg_start, len(result))
Acc. (Correct/Total): 37.64%% Prec: 0.5558 F1: 0.4995
Epoch id: 13, Training steps: 100, Avg loss: 0.045, Time: 0:34:24
Epoch id: 13, Training steps: 200, Avg loss: 0.023, Time: 0:35:12
Start evaluation on dev dataset.
/root/miniconda3/envs/lyq/lib/python3.8/site-packages/sklearn/metrics/_classification.py:1469: UndefinedMetricWarning: Precision is ill-defined and being set to 0.0 in samples with no predicted labels. Use `zero_division` parameter to control this behavior.
  _warn_prf(average, modifier, msg_start, len(result))
Acc. (Correct/Total): 35.08%% Prec: 0.5298 F1: 0.4744
Start evaluation on test dataset.
/root/miniconda3/envs/lyq/lib/python3.8/site-packages/sklearn/metrics/_classification.py:1469: UndefinedMetricWarning: Precision is ill-defined and being set to 0.0 in samples with no predicted labels. Use `zero_division` parameter to control this behavior.
  _warn_prf(average, modifier, msg_start, len(result))
Acc. (Correct/Total): 39.67%% Prec: 0.5788 F1: 0.5212
Epoch id: 14, Training steps: 100, Avg loss: 0.041, Time: 0:37:15
Epoch id: 14, Training steps: 200, Avg loss: 0.021, Time: 0:38:01
Start evaluation on dev dataset.
/root/miniconda3/envs/lyq/lib/python3.8/site-packages/sklearn/metrics/_classification.py:1469: UndefinedMetricWarning: Precision is ill-defined and being set to 0.0 in samples with no predicted labels. Use `zero_division` parameter to control this behavior.
  _warn_prf(average, modifier, msg_start, len(result))
Acc. (Correct/Total): 33.35%% Prec: 0.5204 F1: 0.4627
Epoch id: 15, Training steps: 100, Avg loss: 0.036, Time: 0:39:45
Epoch id: 15, Training steps: 200, Avg loss: 0.019, Time: 0:40:32
Start evaluation on dev dataset.
/root/miniconda3/envs/lyq/lib/python3.8/site-packages/sklearn/metrics/_classification.py:1469: UndefinedMetricWarning: Precision is ill-defined and being set to 0.0 in samples with no predicted labels. Use `zero_division` parameter to control this behavior.
  _warn_prf(average, modifier, msg_start, len(result))
Acc. (Correct/Total): 37.24%% Prec: 0.5494 F1: 0.4972
Start evaluation on test dataset.
/root/miniconda3/envs/lyq/lib/python3.8/site-packages/sklearn/metrics/_classification.py:1469: UndefinedMetricWarning: Precision is ill-defined and being set to 0.0 in samples with no predicted labels. Use `zero_division` parameter to control this behavior.
  _warn_prf(average, modifier, msg_start, len(result))
Acc. (Correct/Total): 40.54%% Prec: 0.5961 F1: 0.5379
Epoch id: 16, Training steps: 100, Avg loss: 0.034, Time: 0:42:34
Epoch id: 16, Training steps: 200, Avg loss: 0.018, Time: 0:43:22
Start evaluation on dev dataset.
/root/miniconda3/envs/lyq/lib/python3.8/site-packages/sklearn/metrics/_classification.py:1469: UndefinedMetricWarning: Precision is ill-defined and being set to 0.0 in samples with no predicted labels. Use `zero_division` parameter to control this behavior.
  _warn_prf(average, modifier, msg_start, len(result))
Acc. (Correct/Total): 36.85%% Prec: 0.5523 F1: 0.4977
Epoch id: 17, Training steps: 100, Avg loss: 0.031, Time: 0:45:06
Epoch id: 17, Training steps: 200, Avg loss: 0.015, Time: 0:45:53
Start evaluation on dev dataset.
/root/miniconda3/envs/lyq/lib/python3.8/site-packages/sklearn/metrics/_classification.py:1469: UndefinedMetricWarning: Precision is ill-defined and being set to 0.0 in samples with no predicted labels. Use `zero_division` parameter to control this behavior.
  _warn_prf(average, modifier, msg_start, len(result))
Acc. (Correct/Total): 37.62%% Prec: 0.5619 F1: 0.5068
Start evaluation on test dataset.
/root/miniconda3/envs/lyq/lib/python3.8/site-packages/sklearn/metrics/_classification.py:1469: UndefinedMetricWarning: Precision is ill-defined and being set to 0.0 in samples with no predicted labels. Use `zero_division` parameter to control this behavior.
  _warn_prf(average, modifier, msg_start, len(result))
Acc. (Correct/Total): 42.62%% Prec: 0.6151 F1: 0.5584
Epoch id: 18, Training steps: 100, Avg loss: 0.027, Time: 0:47:50
Epoch id: 18, Training steps: 200, Avg loss: 0.014, Time: 0:48:38
Start evaluation on dev dataset.
/root/miniconda3/envs/lyq/lib/python3.8/site-packages/sklearn/metrics/_classification.py:1469: UndefinedMetricWarning: Precision is ill-defined and being set to 0.0 in samples with no predicted labels. Use `zero_division` parameter to control this behavior.
  _warn_prf(average, modifier, msg_start, len(result))
Acc. (Correct/Total): 40.31%% Prec: 0.6008 F1: 0.5443
Start evaluation on test dataset.
/root/miniconda3/envs/lyq/lib/python3.8/site-packages/sklearn/metrics/_classification.py:1469: UndefinedMetricWarning: Precision is ill-defined and being set to 0.0 in samples with no predicted labels. Use `zero_division` parameter to control this behavior.
  _warn_prf(average, modifier, msg_start, len(result))
Acc. (Correct/Total): 44.85%% Prec: 0.6464 F1: 0.5894
Epoch id: 19, Training steps: 100, Avg loss: 0.025, Time: 0:50:36
Epoch id: 19, Training steps: 200, Avg loss: 0.013, Time: 0:51:22
Start evaluation on dev dataset.
/root/miniconda3/envs/lyq/lib/python3.8/site-packages/sklearn/metrics/_classification.py:1469: UndefinedMetricWarning: Precision is ill-defined and being set to 0.0 in samples with no predicted labels. Use `zero_division` parameter to control this behavior.
  _warn_prf(average, modifier, msg_start, len(result))
Acc. (Correct/Total): 39.64%% Prec: 0.5854 F1: 0.5317
Epoch id: 20, Training steps: 100, Avg loss: 0.023, Time: 0:53:05
Epoch id: 20, Training steps: 200, Avg loss: 0.012, Time: 0:53:52
Start evaluation on dev dataset.
/root/miniconda3/envs/lyq/lib/python3.8/site-packages/sklearn/metrics/_classification.py:1469: UndefinedMetricWarning: Precision is ill-defined and being set to 0.0 in samples with no predicted labels. Use `zero_division` parameter to control this behavior.
  _warn_prf(average, modifier, msg_start, len(result))
Acc. (Correct/Total): 40.02%% Prec: 0.5933 F1: 0.5387
Final evaluation on the test dataset.
The number of evaluation instances:  2067
/root/miniconda3/envs/lyq/lib/python3.8/site-packages/sklearn/metrics/_classification.py:1469: UndefinedMetricWarning: Precision is ill-defined and being set to 0.0 in samples with no predicted labels. Use `zero_division` parameter to control this behavior.
  _warn_prf(average, modifier, msg_start, len(result))
/root/miniconda3/envs/lyq/lib/python3.8/site-packages/sklearn/metrics/_classification.py:1469: UndefinedMetricWarning: Precision and F-score are ill-defined and being set to 0.0 in labels with no predicted samples. Use `zero_division` parameter to control this behavior.
  _warn_prf(average, modifier, msg_start, len(result))
/root/miniconda3/envs/lyq/lib/python3.8/site-packages/sklearn/metrics/_classification.py:1469: UndefinedMetricWarning: Precision and F-score are ill-defined and being set to 0.0 in samples with no predicted labels. Use `zero_division` parameter to control this behavior.
  _warn_prf(average, modifier, msg_start, len(result))
Acc. (Correct/Total): 44.85% Prec: 0.6464 F1: 0.5894
Precision, Recall and F1-Score...
              precision    recall  f1-score   support

         教育学     0.8449    0.8589    0.8519       241
          法学     0.8711    0.7545    0.8086       224
      中国语言文学     0.7711    0.6919    0.7293       185
         政治学     0.7952    0.4049    0.5366       163
         社会学     0.8678    0.6688    0.7554       157
         心理学     0.8600    0.3496    0.4971       123
       应用经济学     0.7000    0.4188    0.5241       117
         历史学     0.8475    0.4587    0.5952       109
     环境科学与工程     0.9114    0.6667    0.7701       108
          哲学     0.7818    0.4433    0.5658        97
      外国语言文学     0.8462    0.5176    0.6423        85
         生物学     0.8387    0.6582    0.7376        79
      交通运输工程     0.9189    0.8718    0.8947        78
        临床医学     0.9706    0.4342    0.6000        76
    计算机科学与技术     0.7586    0.6197    0.6822        71
        土木工程     0.9375    0.9091    0.9231        66
   航空宇航科学与技术     0.9630    0.8525    0.9043        61
         民族学     0.5862    0.3091    0.4048        55
   公共卫生与预防医学     0.7143    0.4902    0.5814        51
         美术学     0.8542    0.8200    0.8367        50
         艺术学     0.7273    0.7442    0.7356        43
         地理学     0.9500    0.4524    0.6129        42
         体育学     0.9444    0.4250    0.5862        40
       理论经济学     0.6538    0.4474    0.5312        38
         中医学     0.9062    0.7838    0.8406        37
         物理学     0.7143    0.8333    0.7692        36
          林学     0.8333    0.4545    0.5882        33
          数学     0.6316    0.3750    0.4706        32
     电子科学与技术     0.8333    0.3226    0.4651        31
        基础医学     0.6250    0.1724    0.2703        29
        工商管理     0.7500    0.2222    0.3429        27
       新闻传播学     0.7692    0.4545    0.5714        22
         天文学     0.9000    0.8182    0.8571        22
         地质学     1.0000    0.5238    0.6875        21
         畜牧学     0.8000    0.7619    0.7805        21
   军事思想及军事历史     0.8125    0.6500    0.7222        20
     管理科学与工程     0.8571    0.3333    0.4800        18
     测绘科学与技术     0.7857    0.6471    0.7097        17
        水利工程     0.8000    0.2500    0.3810        16
        大气科学     0.8571    0.3750    0.5217        16
     兵器科学与技术     0.8750    0.4667    0.6087        15
       地球物理学     0.5000    0.0714    0.1250        14
        电气工程     1.0000    0.2308    0.3750        13
         作物学     0.8571    0.4615    0.6000        13
     控制科学与工程     1.0000    0.0769    0.1429        13
     信息与通信工程     0.0000    0.0000    0.0000        13
        公共管理     0.0000    0.0000    0.0000        13
         建筑学     0.0000    0.0000    0.0000        13
     化学工程与技术     1.0000    0.5000    0.6667        12
          力学     1.0000    0.1818    0.3077        11
        海洋科学     1.0000    0.2727    0.4286        11
     轻工技术与工程     1.0000    0.1818    0.3077        11
        农业工程     0.0000    0.0000    0.0000        10
         园艺学     1.0000    0.5000    0.6667        10
       中西医结合     1.0000    0.8000    0.8889        10
        机械工程     1.0000    0.1111    0.2000         9
       科学技术史     0.0000    0.0000    0.0000         8
     船舶与海洋工程     1.0000    0.1250    0.2222         8
   图书情报与档案管理     0.0000    0.0000    0.0000         8
        植物保护     1.0000    0.7500    0.8571         8
     材料科学与工程     0.0000    0.0000    0.0000         8
         统计学     0.7500    0.3750    0.5000         8
          化学     1.0000    0.5000    0.6667         8
     食品科学与工程     0.0000    0.0000    0.0000         8
          水产     1.0000    0.1429    0.2500         7
          药学     1.0000    0.2857    0.4444         7
     农业资源与环境     0.0000    0.0000    0.0000         7
         世界史     0.0000    0.0000    0.0000         7
        系统科学     1.0000    0.1429    0.2500         7
      农林经济管理     0.0000    0.0000    0.0000         5
       军队指挥学     0.0000    0.0000    0.0000         5
        矿业工程     0.0000    0.0000    0.0000         5
     纺织科学与工程     0.5000    0.2000    0.2857         5
  动力工程及工程热物理     0.0000    0.0000    0.0000         4
        林业工程     0.0000    0.0000    0.0000         4
     仪器科学与技术     0.0000    0.0000    0.0000         3
         战略学     0.0000    0.0000    0.0000         3
   地质资源与地质工程     0.0000    0.0000    0.0000         3
        旅游管理     0.0000    0.0000    0.0000         3
 图书馆、情报与档案管理     0.0000    0.0000    0.0000         2
        冶金工程     0.0000    0.0000    0.0000         2
      核科学与技术     0.0000    0.0000    0.0000         2

   micro avg     0.8333    0.5558    0.6668      3093
   macro avg     0.6253    0.3490    0.4215      3093
weighted avg     0.7976    0.5558    0.6354      3093
 samples avg     0.6464    0.5638    0.5894      3093

