/root/miniconda3/envs/lyq/lib/python3.8/site-packages/scipy/__init__.py:146: UserWarning: A NumPy version >=1.16.5 and <1.23.0 is required for this version of SciPy (detected version 1.23.5
  warnings.warn(f"A NumPy version >={np_minversion} and <{np_maxversion}"
  0%|          | 0/82 [00:00<?, ?it/s]100%|██████████| 82/82 [00:00<00:00, 394871.33it/s]
model:  ernie-rcnn
pretrained:  ernie1
task:  MLC
dataset:  book_multilabels_task
seq_length:  256
hidden_dropout_prob:  0.1
attention_probs_dropout_prob:  0.1
epochs_num:  20
batch_size:  32
learning_rate:  1.6e-05
report_steps:  100
kg_name:  CnDbpedia
no_kg:  False
no_vm:  False
Vocabulary Size:  17964
[BertClassifier] use visible_matrix: True
Some weights of ErnieRCNNForMultiLabelSequenceClassification were not initialized from the model checkpoint at ./models/ernie1 and are newly initialized: ['lstm.weight_hh_l0_reverse', 'lstm.bias_hh_l1_reverse', 'lstm.weight_ih_l0_reverse', 'lstm.bias_ih_l0', 'lstm.bias_hh_l0_reverse', 'lstm.weight_ih_l1', 'output_layer_1.bias', 'classifier.weight', 'lstm.weight_ih_l1_reverse', 'lstm.bias_hh_l1', 'lstm.bias_ih_l0_reverse', 'lstm.bias_ih_l1_reverse', 'classifier.bias', 'lstm.bias_ih_l1', 'lstm.bias_hh_l0', 'lstm.weight_ih_l0', 'lstm.weight_hh_l0', 'lstm.weight_hh_l1_reverse', 'output_layer_1.weight', 'lstm.weight_hh_l1']
You should probably TRAIN this model on a down-stream task to be able to use it for predictions and inference.
1 GPUs are available. Let's use them.
device:  cuda
[KnowledgeGraph] Loading spo from /Lyq/experiment/K-BERT-HUGGINGFACE/brain/kgs/CnDbpedia.spo
Start training.
Loading sentences from ./datasets/book_multilabels_task/train.tsv
There are 9097 sentence in total. We use 1 processes to inject knowledge into sentences.
Progress of process 0: 0/9097
Loading sentences from ./datasets/book_multilabels_task/dev.tsv
There are 2084 sentence in total. We use 1 processes to inject knowledge into sentences.
Progress of process 0: 0/2084
Loading sentences from ./datasets/book_multilabels_task/test.tsv
There are 2067 sentence in total. We use 1 processes to inject knowledge into sentences.
Progress of process 0: 0/2067
Epoch id: 1, Training steps: 100, Avg loss: 0.274, Time: 0:00:49
Epoch id: 1, Training steps: 200, Avg loss: 0.094, Time: 0:01:34
Start evaluation on dev dataset.
/root/miniconda3/envs/lyq/lib/python3.8/site-packages/sklearn/metrics/_classification.py:1469: UndefinedMetricWarning: Precision is ill-defined and being set to 0.0 in samples with no predicted labels. Use `zero_division` parameter to control this behavior.
  _warn_prf(average, modifier, msg_start, len(result))
Acc. (Correct/Total):  0.00%% Prec: 0.0000 F1: 0.0000
Epoch id: 2, Training steps: 100, Avg loss: 0.152, Time: 0:03:13
Epoch id: 2, Training steps: 200, Avg loss: 0.076, Time: 0:03:59
Start evaluation on dev dataset.
/root/miniconda3/envs/lyq/lib/python3.8/site-packages/sklearn/metrics/_classification.py:1469: UndefinedMetricWarning: Precision is ill-defined and being set to 0.0 in samples with no predicted labels. Use `zero_division` parameter to control this behavior.
  _warn_prf(average, modifier, msg_start, len(result))
Acc. (Correct/Total):  0.00%% Prec: 0.0000 F1: 0.0000
Epoch id: 3, Training steps: 100, Avg loss: 0.130, Time: 0:05:40
Epoch id: 3, Training steps: 200, Avg loss: 0.064, Time: 0:06:29
Start evaluation on dev dataset.
/root/miniconda3/envs/lyq/lib/python3.8/site-packages/sklearn/metrics/_classification.py:1469: UndefinedMetricWarning: Precision is ill-defined and being set to 0.0 in samples with no predicted labels. Use `zero_division` parameter to control this behavior.
  _warn_prf(average, modifier, msg_start, len(result))
Acc. (Correct/Total):  1.30%% Prec: 0.0283 F1: 0.0230
Start evaluation on test dataset.
/root/miniconda3/envs/lyq/lib/python3.8/site-packages/sklearn/metrics/_classification.py:1469: UndefinedMetricWarning: Precision is ill-defined and being set to 0.0 in samples with no predicted labels. Use `zero_division` parameter to control this behavior.
  _warn_prf(average, modifier, msg_start, len(result))
Acc. (Correct/Total):  0.48%% Prec: 0.0169 F1: 0.0127
Epoch id: 4, Training steps: 100, Avg loss: 0.104, Time: 0:08:24
Epoch id: 4, Training steps: 200, Avg loss: 0.051, Time: 0:09:16
Start evaluation on dev dataset.
/root/miniconda3/envs/lyq/lib/python3.8/site-packages/sklearn/metrics/_classification.py:1469: UndefinedMetricWarning: Precision is ill-defined and being set to 0.0 in samples with no predicted labels. Use `zero_division` parameter to control this behavior.
  _warn_prf(average, modifier, msg_start, len(result))
Acc. (Correct/Total): 15.07%% Prec: 0.2536 F1: 0.2189
Start evaluation on test dataset.
/root/miniconda3/envs/lyq/lib/python3.8/site-packages/sklearn/metrics/_classification.py:1469: UndefinedMetricWarning: Precision is ill-defined and being set to 0.0 in samples with no predicted labels. Use `zero_division` parameter to control this behavior.
  _warn_prf(average, modifier, msg_start, len(result))
Acc. (Correct/Total): 14.37%% Prec: 0.2687 F1: 0.2277
Epoch id: 5, Training steps: 100, Avg loss: 0.084, Time: 0:11:21
Epoch id: 5, Training steps: 200, Avg loss: 0.040, Time: 0:12:09
Start evaluation on dev dataset.
/root/miniconda3/envs/lyq/lib/python3.8/site-packages/sklearn/metrics/_classification.py:1469: UndefinedMetricWarning: Precision is ill-defined and being set to 0.0 in samples with no predicted labels. Use `zero_division` parameter to control this behavior.
  _warn_prf(average, modifier, msg_start, len(result))
Acc. (Correct/Total): 20.25%% Prec: 0.3117 F1: 0.2761
Start evaluation on test dataset.
/root/miniconda3/envs/lyq/lib/python3.8/site-packages/sklearn/metrics/_classification.py:1469: UndefinedMetricWarning: Precision is ill-defined and being set to 0.0 in samples with no predicted labels. Use `zero_division` parameter to control this behavior.
  _warn_prf(average, modifier, msg_start, len(result))
Acc. (Correct/Total): 22.69%% Prec: 0.3488 F1: 0.3096
Epoch id: 6, Training steps: 100, Avg loss: 0.071, Time: 0:14:24
Epoch id: 6, Training steps: 200, Avg loss: 0.036, Time: 0:15:18
Start evaluation on dev dataset.
/root/miniconda3/envs/lyq/lib/python3.8/site-packages/sklearn/metrics/_classification.py:1469: UndefinedMetricWarning: Precision is ill-defined and being set to 0.0 in samples with no predicted labels. Use `zero_division` parameter to control this behavior.
  _warn_prf(average, modifier, msg_start, len(result))
Acc. (Correct/Total): 25.58%% Prec: 0.3997 F1: 0.3540
Start evaluation on test dataset.
/root/miniconda3/envs/lyq/lib/python3.8/site-packages/sklearn/metrics/_classification.py:1469: UndefinedMetricWarning: Precision is ill-defined and being set to 0.0 in samples with no predicted labels. Use `zero_division` parameter to control this behavior.
  _warn_prf(average, modifier, msg_start, len(result))
Acc. (Correct/Total): 29.61%% Prec: 0.4485 F1: 0.4003
Epoch id: 7, Training steps: 100, Avg loss: 0.060, Time: 0:17:23
Epoch id: 7, Training steps: 200, Avg loss: 0.031, Time: 0:18:18
Start evaluation on dev dataset.
/root/miniconda3/envs/lyq/lib/python3.8/site-packages/sklearn/metrics/_classification.py:1469: UndefinedMetricWarning: Precision is ill-defined and being set to 0.0 in samples with no predicted labels. Use `zero_division` parameter to control this behavior.
  _warn_prf(average, modifier, msg_start, len(result))
Acc. (Correct/Total): 27.11%% Prec: 0.4283 F1: 0.3779
Start evaluation on test dataset.
/root/miniconda3/envs/lyq/lib/python3.8/site-packages/sklearn/metrics/_classification.py:1469: UndefinedMetricWarning: Precision is ill-defined and being set to 0.0 in samples with no predicted labels. Use `zero_division` parameter to control this behavior.
  _warn_prf(average, modifier, msg_start, len(result))
Acc. (Correct/Total): 32.41%% Prec: 0.4758 F1: 0.4277
Epoch id: 8, Training steps: 100, Avg loss: 0.053, Time: 0:20:46
Epoch id: 8, Training steps: 200, Avg loss: 0.027, Time: 0:21:37
Start evaluation on dev dataset.
/root/miniconda3/envs/lyq/lib/python3.8/site-packages/sklearn/metrics/_classification.py:1469: UndefinedMetricWarning: Precision is ill-defined and being set to 0.0 in samples with no predicted labels. Use `zero_division` parameter to control this behavior.
  _warn_prf(average, modifier, msg_start, len(result))
Acc. (Correct/Total): 29.99%% Prec: 0.4801 F1: 0.4232
Start evaluation on test dataset.
/root/miniconda3/envs/lyq/lib/python3.8/site-packages/sklearn/metrics/_classification.py:1469: UndefinedMetricWarning: Precision is ill-defined and being set to 0.0 in samples with no predicted labels. Use `zero_division` parameter to control this behavior.
  _warn_prf(average, modifier, msg_start, len(result))
Acc. (Correct/Total): 33.62%% Prec: 0.5133 F1: 0.4574
Epoch id: 9, Training steps: 100, Avg loss: 0.046, Time: 0:24:03
Epoch id: 9, Training steps: 200, Avg loss: 0.023, Time: 0:25:03
Start evaluation on dev dataset.
/root/miniconda3/envs/lyq/lib/python3.8/site-packages/sklearn/metrics/_classification.py:1469: UndefinedMetricWarning: Precision is ill-defined and being set to 0.0 in samples with no predicted labels. Use `zero_division` parameter to control this behavior.
  _warn_prf(average, modifier, msg_start, len(result))
Acc. (Correct/Total): 32.77%% Prec: 0.5198 F1: 0.4597
Start evaluation on test dataset.
/root/miniconda3/envs/lyq/lib/python3.8/site-packages/sklearn/metrics/_classification.py:1469: UndefinedMetricWarning: Precision is ill-defined and being set to 0.0 in samples with no predicted labels. Use `zero_division` parameter to control this behavior.
  _warn_prf(average, modifier, msg_start, len(result))
Acc. (Correct/Total): 38.70%% Prec: 0.5803 F1: 0.5187
Epoch id: 10, Training steps: 100, Avg loss: 0.041, Time: 0:27:17
Epoch id: 10, Training steps: 200, Avg loss: 0.020, Time: 0:28:11
Start evaluation on dev dataset.
/root/miniconda3/envs/lyq/lib/python3.8/site-packages/sklearn/metrics/_classification.py:1469: UndefinedMetricWarning: Precision is ill-defined and being set to 0.0 in samples with no predicted labels. Use `zero_division` parameter to control this behavior.
  _warn_prf(average, modifier, msg_start, len(result))
Acc. (Correct/Total): 36.37%% Prec: 0.5590 F1: 0.4991
Start evaluation on test dataset.
/root/miniconda3/envs/lyq/lib/python3.8/site-packages/sklearn/metrics/_classification.py:1469: UndefinedMetricWarning: Precision is ill-defined and being set to 0.0 in samples with no predicted labels. Use `zero_division` parameter to control this behavior.
  _warn_prf(average, modifier, msg_start, len(result))
Acc. (Correct/Total): 41.41%% Prec: 0.6039 F1: 0.5453
Epoch id: 11, Training steps: 100, Avg loss: 0.036, Time: 0:30:47
Epoch id: 11, Training steps: 200, Avg loss: 0.018, Time: 0:31:45
Start evaluation on dev dataset.
/root/miniconda3/envs/lyq/lib/python3.8/site-packages/sklearn/metrics/_classification.py:1469: UndefinedMetricWarning: Precision is ill-defined and being set to 0.0 in samples with no predicted labels. Use `zero_division` parameter to control this behavior.
  _warn_prf(average, modifier, msg_start, len(result))
Acc. (Correct/Total): 36.18%% Prec: 0.5548 F1: 0.4968
Epoch id: 12, Training steps: 100, Avg loss: 0.031, Time: 0:33:37
Epoch id: 12, Training steps: 200, Avg loss: 0.016, Time: 0:34:31
Start evaluation on dev dataset.
/root/miniconda3/envs/lyq/lib/python3.8/site-packages/sklearn/metrics/_classification.py:1469: UndefinedMetricWarning: Precision is ill-defined and being set to 0.0 in samples with no predicted labels. Use `zero_division` parameter to control this behavior.
  _warn_prf(average, modifier, msg_start, len(result))
Acc. (Correct/Total): 39.88%% Prec: 0.5867 F1: 0.5334
Start evaluation on test dataset.
/root/miniconda3/envs/lyq/lib/python3.8/site-packages/sklearn/metrics/_classification.py:1469: UndefinedMetricWarning: Precision is ill-defined and being set to 0.0 in samples with no predicted labels. Use `zero_division` parameter to control this behavior.
  _warn_prf(average, modifier, msg_start, len(result))
Acc. (Correct/Total): 45.91%% Prec: 0.6521 F1: 0.5952
Epoch id: 13, Training steps: 100, Avg loss: 0.027, Time: 0:37:07
Epoch id: 13, Training steps: 200, Avg loss: 0.014, Time: 0:38:09
Start evaluation on dev dataset.
/root/miniconda3/envs/lyq/lib/python3.8/site-packages/sklearn/metrics/_classification.py:1469: UndefinedMetricWarning: Precision is ill-defined and being set to 0.0 in samples with no predicted labels. Use `zero_division` parameter to control this behavior.
  _warn_prf(average, modifier, msg_start, len(result))
Acc. (Correct/Total): 39.88%% Prec: 0.6015 F1: 0.5409
Epoch id: 14, Training steps: 100, Avg loss: 0.023, Time: 0:40:18
Epoch id: 14, Training steps: 200, Avg loss: 0.012, Time: 0:41:18
Start evaluation on dev dataset.
/root/miniconda3/envs/lyq/lib/python3.8/site-packages/sklearn/metrics/_classification.py:1469: UndefinedMetricWarning: Precision is ill-defined and being set to 0.0 in samples with no predicted labels. Use `zero_division` parameter to control this behavior.
  _warn_prf(average, modifier, msg_start, len(result))
Acc. (Correct/Total): 41.17%% Prec: 0.6088 F1: 0.5565
Start evaluation on test dataset.
/root/miniconda3/envs/lyq/lib/python3.8/site-packages/sklearn/metrics/_classification.py:1469: UndefinedMetricWarning: Precision is ill-defined and being set to 0.0 in samples with no predicted labels. Use `zero_division` parameter to control this behavior.
  _warn_prf(average, modifier, msg_start, len(result))
Acc. (Correct/Total): 47.36%% Prec: 0.6617 F1: 0.6083
Epoch id: 15, Training steps: 100, Avg loss: 0.021, Time: 0:43:54
Epoch id: 15, Training steps: 200, Avg loss: 0.011, Time: 0:44:49
Start evaluation on dev dataset.
/root/miniconda3/envs/lyq/lib/python3.8/site-packages/sklearn/metrics/_classification.py:1469: UndefinedMetricWarning: Precision is ill-defined and being set to 0.0 in samples with no predicted labels. Use `zero_division` parameter to control this behavior.
  _warn_prf(average, modifier, msg_start, len(result))
Acc. (Correct/Total): 42.42%% Prec: 0.6200 F1: 0.5662
Start evaluation on test dataset.
/root/miniconda3/envs/lyq/lib/python3.8/site-packages/sklearn/metrics/_classification.py:1469: UndefinedMetricWarning: Precision is ill-defined and being set to 0.0 in samples with no predicted labels. Use `zero_division` parameter to control this behavior.
  _warn_prf(average, modifier, msg_start, len(result))
Acc. (Correct/Total): 48.38%% Prec: 0.6806 F1: 0.6235
Epoch id: 16, Training steps: 100, Avg loss: 0.018, Time: 0:47:08
Epoch id: 16, Training steps: 200, Avg loss: 0.010, Time: 0:48:11
Start evaluation on dev dataset.
/root/miniconda3/envs/lyq/lib/python3.8/site-packages/sklearn/metrics/_classification.py:1469: UndefinedMetricWarning: Precision is ill-defined and being set to 0.0 in samples with no predicted labels. Use `zero_division` parameter to control this behavior.
  _warn_prf(average, modifier, msg_start, len(result))
Acc. (Correct/Total): 45.15%% Prec: 0.6441 F1: 0.5915
Start evaluation on test dataset.
/root/miniconda3/envs/lyq/lib/python3.8/site-packages/sklearn/metrics/_classification.py:1469: UndefinedMetricWarning: Precision is ill-defined and being set to 0.0 in samples with no predicted labels. Use `zero_division` parameter to control this behavior.
  _warn_prf(average, modifier, msg_start, len(result))
Acc. (Correct/Total): 49.15%% Prec: 0.6846 F1: 0.6305
Epoch id: 17, Training steps: 100, Avg loss: 0.016, Time: 0:50:38
Epoch id: 17, Training steps: 200, Avg loss: 0.008, Time: 0:51:33
Start evaluation on dev dataset.
/root/miniconda3/envs/lyq/lib/python3.8/site-packages/sklearn/metrics/_classification.py:1469: UndefinedMetricWarning: Precision is ill-defined and being set to 0.0 in samples with no predicted labels. Use `zero_division` parameter to control this behavior.
  _warn_prf(average, modifier, msg_start, len(result))
Acc. (Correct/Total): 43.62%% Prec: 0.6412 F1: 0.5857
Epoch id: 18, Training steps: 100, Avg loss: 0.014, Time: 0:53:38
Epoch id: 18, Training steps: 200, Avg loss: 0.007, Time: 0:54:34
Start evaluation on dev dataset.
/root/miniconda3/envs/lyq/lib/python3.8/site-packages/sklearn/metrics/_classification.py:1469: UndefinedMetricWarning: Precision is ill-defined and being set to 0.0 in samples with no predicted labels. Use `zero_division` parameter to control this behavior.
  _warn_prf(average, modifier, msg_start, len(result))
Acc. (Correct/Total): 41.94%% Prec: 0.6260 F1: 0.5699
Epoch id: 19, Training steps: 100, Avg loss: 0.013, Time: 0:56:39
Epoch id: 19, Training steps: 200, Avg loss: 0.006, Time: 0:57:41
Start evaluation on dev dataset.
/root/miniconda3/envs/lyq/lib/python3.8/site-packages/sklearn/metrics/_classification.py:1469: UndefinedMetricWarning: Precision is ill-defined and being set to 0.0 in samples with no predicted labels. Use `zero_division` parameter to control this behavior.
  _warn_prf(average, modifier, msg_start, len(result))
Acc. (Correct/Total): 44.67%% Prec: 0.6443 F1: 0.5939
Epoch id: 20, Training steps: 100, Avg loss: 0.011, Time: 0:59:54
Epoch id: 20, Training steps: 200, Avg loss: 0.005, Time: 1:00:50
Start evaluation on dev dataset.
/root/miniconda3/envs/lyq/lib/python3.8/site-packages/sklearn/metrics/_classification.py:1469: UndefinedMetricWarning: Precision is ill-defined and being set to 0.0 in samples with no predicted labels. Use `zero_division` parameter to control this behavior.
  _warn_prf(average, modifier, msg_start, len(result))
Acc. (Correct/Total): 44.15%% Prec: 0.6491 F1: 0.5955
Final evaluation on the test dataset.
The number of evaluation instances:  2067
/root/miniconda3/envs/lyq/lib/python3.8/site-packages/sklearn/metrics/_classification.py:1469: UndefinedMetricWarning: Precision is ill-defined and being set to 0.0 in samples with no predicted labels. Use `zero_division` parameter to control this behavior.
  _warn_prf(average, modifier, msg_start, len(result))
/root/miniconda3/envs/lyq/lib/python3.8/site-packages/sklearn/metrics/_classification.py:1469: UndefinedMetricWarning: Precision and F-score are ill-defined and being set to 0.0 in labels with no predicted samples. Use `zero_division` parameter to control this behavior.
  _warn_prf(average, modifier, msg_start, len(result))
/root/miniconda3/envs/lyq/lib/python3.8/site-packages/sklearn/metrics/_classification.py:1469: UndefinedMetricWarning: Precision and F-score are ill-defined and being set to 0.0 in samples with no predicted labels. Use `zero_division` parameter to control this behavior.
  _warn_prf(average, modifier, msg_start, len(result))
Acc. (Correct/Total): 49.15% Prec: 0.6846 F1: 0.6305
Precision, Recall and F1-Score...
              precision    recall  f1-score   support

         教育学     0.8104    0.9046    0.8549       241
          法学     0.8608    0.7455    0.7990       224
      中国语言文学     0.8392    0.6486    0.7317       185
         政治学     0.7419    0.5644    0.6411       163
         社会学     0.8188    0.7197    0.7661       157
         心理学     0.7614    0.5447    0.6351       123
       应用经济学     0.7612    0.4359    0.5543       117
         历史学     0.9322    0.5046    0.6548       109
     环境科学与工程     0.8810    0.6852    0.7708       108
          哲学     0.7581    0.4845    0.5912        97
      外国语言文学     0.8235    0.4941    0.6176        85
         生物学     0.8793    0.6456    0.7445        79
      交通运输工程     0.8889    0.9231    0.9057        78
        临床医学     0.8302    0.5789    0.6822        76
    计算机科学与技术     0.7458    0.6197    0.6769        71
        土木工程     0.9474    0.8182    0.8780        66
   航空宇航科学与技术     0.9310    0.8852    0.9076        61
         民族学     0.6667    0.3273    0.4390        55
   公共卫生与预防医学     0.5167    0.6078    0.5586        51
         美术学     0.8913    0.8200    0.8542        50
         艺术学     0.7750    0.7209    0.7470        43
         地理学     1.0000    0.4286    0.6000        42
         体育学     1.0000    0.4250    0.5965        40
       理论经济学     0.7931    0.6053    0.6866        38
         中医学     0.9545    0.5676    0.7119        37
         物理学     0.8333    0.8333    0.8333        36
          林学     0.8667    0.3939    0.5417        33
          数学     0.7692    0.3125    0.4444        32
     电子科学与技术     0.5455    0.3871    0.4528        31
        基础医学     0.6429    0.3103    0.4186        29
        工商管理     0.8750    0.2593    0.4000        27
       新闻传播学     0.8750    0.6364    0.7368        22
         天文学     0.8182    0.8182    0.8182        22
         地质学     0.7500    0.5714    0.6486        21
         畜牧学     0.7727    0.8095    0.7907        21
   军事思想及军事历史     0.8667    0.6500    0.7429        20
     管理科学与工程     0.4762    0.5556    0.5128        18
     测绘科学与技术     0.6875    0.6471    0.6667        17
        水利工程     1.0000    0.4375    0.6087        16
        大气科学     1.0000    0.5625    0.7200        16
     兵器科学与技术     0.7143    0.6667    0.6897        15
       地球物理学     0.5000    0.0714    0.1250        14
        电气工程     1.0000    0.1538    0.2667        13
         作物学     1.0000    0.3077    0.4706        13
     控制科学与工程     0.0000    0.0000    0.0000        13
     信息与通信工程     0.6667    0.3077    0.4211        13
        公共管理     0.0000    0.0000    0.0000        13
         建筑学     0.0000    0.0000    0.0000        13
     化学工程与技术     1.0000    0.7500    0.8571        12
          力学     0.8571    0.5455    0.6667        11
        海洋科学     0.8750    0.6364    0.7368        11
     轻工技术与工程     1.0000    0.0909    0.1667        11
        农业工程     1.0000    0.1000    0.1818        10
         园艺学     0.8889    0.8000    0.8421        10
       中西医结合     1.0000    0.2000    0.3333        10
        机械工程     1.0000    0.2222    0.3636         9
       科学技术史     0.0000    0.0000    0.0000         8
     船舶与海洋工程     1.0000    0.1250    0.2222         8
   图书情报与档案管理     1.0000    0.2500    0.4000         8
        植物保护     1.0000    0.7500    0.8571         8
     材料科学与工程     0.0000    0.0000    0.0000         8
         统计学     0.5455    0.7500    0.6316         8
          化学     1.0000    0.6250    0.7692         8
     食品科学与工程     1.0000    0.1250    0.2222         8
          水产     1.0000    0.2857    0.4444         7
          药学     1.0000    0.5714    0.7273         7
     农业资源与环境     1.0000    0.1429    0.2500         7
         世界史     0.6667    0.2857    0.4000         7
        系统科学     1.0000    0.2857    0.4444         7
      农林经济管理     0.0000    0.0000    0.0000         5
       军队指挥学     1.0000    0.2000    0.3333         5
        矿业工程     1.0000    0.2000    0.3333         5
     纺织科学与工程     0.6667    0.8000    0.7273         5
  动力工程及工程热物理     0.0000    0.0000    0.0000         4
        林业工程     0.0000    0.0000    0.0000         4
     仪器科学与技术     0.0000    0.0000    0.0000         3
         战略学     0.0000    0.0000    0.0000         3
   地质资源与地质工程     0.0000    0.0000    0.0000         3
        旅游管理     0.0000    0.0000    0.0000         3
 图书馆、情报与档案管理     0.0000    0.0000    0.0000         2
        冶金工程     0.0000    0.0000    0.0000         2
      核科学与技术     0.0000    0.0000    0.0000         2

   micro avg     0.8126    0.5988    0.6895      3093
   macro avg     0.6947    0.4163    0.4857      3093
weighted avg     0.8026    0.5988    0.6672      3093
 samples avg     0.6846    0.6071    0.6305      3093

