/root/miniconda3/envs/lyq/lib/python3.8/site-packages/scipy/__init__.py:146: UserWarning: A NumPy version >=1.16.5 and <1.23.0 is required for this version of SciPy (detected version 1.23.5
  warnings.warn(f"A NumPy version >={np_minversion} and <{np_maxversion}"
  0%|          | 0/82 [00:00<?, ?it/s]100%|██████████| 82/82 [00:00<00:00, 501359.95it/s]
model:  ernie-rcnn
pretrained:  ernie1
task:  MLC
dataset:  book_multilabels_task
seq_length:  256
hidden_dropout_prob:  0.1
attention_probs_dropout_prob:  0.1
epochs_num:  20
batch_size:  32
learning_rate:  1.2e-05
report_steps:  100
kg_name:  CnDbpedia
no_kg:  False
no_vm:  False
Vocabulary Size:  17964
[BertClassifier] use visible_matrix: True
Some weights of ErnieRCNNForMultiLabelSequenceClassification were not initialized from the model checkpoint at ./models/ernie1 and are newly initialized: ['lstm.bias_hh_l1_reverse', 'lstm.weight_ih_l1_reverse', 'output_layer_1.bias', 'lstm.bias_ih_l1', 'lstm.bias_ih_l0', 'lstm.weight_ih_l0', 'classifier.weight', 'classifier.bias', 'lstm.weight_hh_l0_reverse', 'lstm.weight_ih_l0_reverse', 'lstm.weight_ih_l1', 'lstm.bias_ih_l1_reverse', 'lstm.bias_hh_l0_reverse', 'lstm.weight_hh_l1', 'lstm.weight_hh_l0', 'lstm.bias_ih_l0_reverse', 'lstm.bias_hh_l0', 'output_layer_1.weight', 'lstm.bias_hh_l1', 'lstm.weight_hh_l1_reverse']
You should probably TRAIN this model on a down-stream task to be able to use it for predictions and inference.
1 GPUs are available. Let's use them.
device:  cuda
[KnowledgeGraph] Loading spo from /Lyq/experiment/K-BERT-HUGGINGFACE/brain/kgs/CnDbpedia.spo
Start training.
Loading sentences from ./datasets/book_multilabels_task/train.tsv
There are 9097 sentence in total. We use 1 processes to inject knowledge into sentences.
Progress of process 0: 0/9097
Loading sentences from ./datasets/book_multilabels_task/dev.tsv
There are 2084 sentence in total. We use 1 processes to inject knowledge into sentences.
Progress of process 0: 0/2084
Loading sentences from ./datasets/book_multilabels_task/test.tsv
There are 2067 sentence in total. We use 1 processes to inject knowledge into sentences.
Progress of process 0: 0/2067
Epoch id: 1, Training steps: 100, Avg loss: 0.319, Time: 0:00:51
Epoch id: 1, Training steps: 200, Avg loss: 0.107, Time: 0:01:39
Start evaluation on dev dataset.
/root/miniconda3/envs/lyq/lib/python3.8/site-packages/sklearn/metrics/_classification.py:1469: UndefinedMetricWarning: Precision is ill-defined and being set to 0.0 in samples with no predicted labels. Use `zero_division` parameter to control this behavior.
  _warn_prf(average, modifier, msg_start, len(result))
Acc. (Correct/Total):  0.00%% Prec: 0.0000 F1: 0.0000
Epoch id: 2, Training steps: 100, Avg loss: 0.158, Time: 0:03:24
Epoch id: 2, Training steps: 200, Avg loss: 0.080, Time: 0:04:11
Start evaluation on dev dataset.
/root/miniconda3/envs/lyq/lib/python3.8/site-packages/sklearn/metrics/_classification.py:1469: UndefinedMetricWarning: Precision is ill-defined and being set to 0.0 in samples with no predicted labels. Use `zero_division` parameter to control this behavior.
  _warn_prf(average, modifier, msg_start, len(result))
Acc. (Correct/Total):  0.00%% Prec: 0.0000 F1: 0.0000
Epoch id: 3, Training steps: 100, Avg loss: 0.138, Time: 0:05:51
Epoch id: 3, Training steps: 200, Avg loss: 0.069, Time: 0:06:38
Start evaluation on dev dataset.
/root/miniconda3/envs/lyq/lib/python3.8/site-packages/sklearn/metrics/_classification.py:1469: UndefinedMetricWarning: Precision is ill-defined and being set to 0.0 in samples with no predicted labels. Use `zero_division` parameter to control this behavior.
  _warn_prf(average, modifier, msg_start, len(result))
Acc. (Correct/Total):  0.00%% Prec: 0.0010 F1: 0.0006
Epoch id: 4, Training steps: 100, Avg loss: 0.118, Time: 0:08:17
Epoch id: 4, Training steps: 200, Avg loss: 0.058, Time: 0:09:05
Start evaluation on dev dataset.
/root/miniconda3/envs/lyq/lib/python3.8/site-packages/sklearn/metrics/_classification.py:1469: UndefinedMetricWarning: Precision is ill-defined and being set to 0.0 in samples with no predicted labels. Use `zero_division` parameter to control this behavior.
  _warn_prf(average, modifier, msg_start, len(result))
Acc. (Correct/Total):  5.61%% Prec: 0.1413 F1: 0.1128
Start evaluation on test dataset.
/root/miniconda3/envs/lyq/lib/python3.8/site-packages/sklearn/metrics/_classification.py:1469: UndefinedMetricWarning: Precision is ill-defined and being set to 0.0 in samples with no predicted labels. Use `zero_division` parameter to control this behavior.
  _warn_prf(average, modifier, msg_start, len(result))
Acc. (Correct/Total):  6.19%% Prec: 0.1408 F1: 0.1139
Epoch id: 5, Training steps: 100, Avg loss: 0.100, Time: 0:11:03
Epoch id: 5, Training steps: 200, Avg loss: 0.049, Time: 0:11:51
Start evaluation on dev dataset.
/root/miniconda3/envs/lyq/lib/python3.8/site-packages/sklearn/metrics/_classification.py:1469: UndefinedMetricWarning: Precision is ill-defined and being set to 0.0 in samples with no predicted labels. Use `zero_division` parameter to control this behavior.
  _warn_prf(average, modifier, msg_start, len(result))
Acc. (Correct/Total): 11.71%% Prec: 0.1888 F1: 0.1659
Start evaluation on test dataset.
/root/miniconda3/envs/lyq/lib/python3.8/site-packages/sklearn/metrics/_classification.py:1469: UndefinedMetricWarning: Precision is ill-defined and being set to 0.0 in samples with no predicted labels. Use `zero_division` parameter to control this behavior.
  _warn_prf(average, modifier, msg_start, len(result))
Acc. (Correct/Total): 12.34%% Prec: 0.2160 F1: 0.1850
Epoch id: 6, Training steps: 100, Avg loss: 0.086, Time: 0:13:49
Epoch id: 6, Training steps: 200, Avg loss: 0.042, Time: 0:14:31
Start evaluation on dev dataset.
/root/miniconda3/envs/lyq/lib/python3.8/site-packages/sklearn/metrics/_classification.py:1469: UndefinedMetricWarning: Precision is ill-defined and being set to 0.0 in samples with no predicted labels. Use `zero_division` parameter to control this behavior.
  _warn_prf(average, modifier, msg_start, len(result))
Acc. (Correct/Total): 17.32%% Prec: 0.2819 F1: 0.2471
Start evaluation on test dataset.
/root/miniconda3/envs/lyq/lib/python3.8/site-packages/sklearn/metrics/_classification.py:1469: UndefinedMetricWarning: Precision is ill-defined and being set to 0.0 in samples with no predicted labels. Use `zero_division` parameter to control this behavior.
  _warn_prf(average, modifier, msg_start, len(result))
Acc. (Correct/Total): 17.37%% Prec: 0.3077 F1: 0.2632
Epoch id: 7, Training steps: 100, Avg loss: 0.074, Time: 0:16:32
Epoch id: 7, Training steps: 200, Avg loss: 0.039, Time: 0:17:19
Start evaluation on dev dataset.
/root/miniconda3/envs/lyq/lib/python3.8/site-packages/sklearn/metrics/_classification.py:1469: UndefinedMetricWarning: Precision is ill-defined and being set to 0.0 in samples with no predicted labels. Use `zero_division` parameter to control this behavior.
  _warn_prf(average, modifier, msg_start, len(result))
Acc. (Correct/Total): 22.98%% Prec: 0.3644 F1: 0.3210
Start evaluation on test dataset.
/root/miniconda3/envs/lyq/lib/python3.8/site-packages/sklearn/metrics/_classification.py:1469: UndefinedMetricWarning: Precision is ill-defined and being set to 0.0 in samples with no predicted labels. Use `zero_division` parameter to control this behavior.
  _warn_prf(average, modifier, msg_start, len(result))
Acc. (Correct/Total): 26.12%% Prec: 0.3880 F1: 0.3471
Epoch id: 8, Training steps: 100, Avg loss: 0.067, Time: 0:19:20
Epoch id: 8, Training steps: 200, Avg loss: 0.034, Time: 0:20:08
Start evaluation on dev dataset.
/root/miniconda3/envs/lyq/lib/python3.8/site-packages/sklearn/metrics/_classification.py:1469: UndefinedMetricWarning: Precision is ill-defined and being set to 0.0 in samples with no predicted labels. Use `zero_division` parameter to control this behavior.
  _warn_prf(average, modifier, msg_start, len(result))
Acc. (Correct/Total): 22.70%% Prec: 0.3666 F1: 0.3218
Epoch id: 9, Training steps: 100, Avg loss: 0.058, Time: 0:21:53
Epoch id: 9, Training steps: 200, Avg loss: 0.031, Time: 0:22:42
Start evaluation on dev dataset.
/root/miniconda3/envs/lyq/lib/python3.8/site-packages/sklearn/metrics/_classification.py:1469: UndefinedMetricWarning: Precision is ill-defined and being set to 0.0 in samples with no predicted labels. Use `zero_division` parameter to control this behavior.
  _warn_prf(average, modifier, msg_start, len(result))
Acc. (Correct/Total): 26.10%% Prec: 0.4158 F1: 0.3662
Start evaluation on test dataset.
/root/miniconda3/envs/lyq/lib/python3.8/site-packages/sklearn/metrics/_classification.py:1469: UndefinedMetricWarning: Precision is ill-defined and being set to 0.0 in samples with no predicted labels. Use `zero_division` parameter to control this behavior.
  _warn_prf(average, modifier, msg_start, len(result))
Acc. (Correct/Total): 30.04%% Prec: 0.4494 F1: 0.4026
Epoch id: 10, Training steps: 100, Avg loss: 0.054, Time: 0:24:41
Epoch id: 10, Training steps: 200, Avg loss: 0.028, Time: 0:25:29
Start evaluation on dev dataset.
/root/miniconda3/envs/lyq/lib/python3.8/site-packages/sklearn/metrics/_classification.py:1469: UndefinedMetricWarning: Precision is ill-defined and being set to 0.0 in samples with no predicted labels. Use `zero_division` parameter to control this behavior.
  _warn_prf(average, modifier, msg_start, len(result))
Acc. (Correct/Total): 30.18%% Prec: 0.4700 F1: 0.4168
Start evaluation on test dataset.
/root/miniconda3/envs/lyq/lib/python3.8/site-packages/sklearn/metrics/_classification.py:1469: UndefinedMetricWarning: Precision is ill-defined and being set to 0.0 in samples with no predicted labels. Use `zero_division` parameter to control this behavior.
  _warn_prf(average, modifier, msg_start, len(result))
Acc. (Correct/Total): 33.19%% Prec: 0.4935 F1: 0.4435
Epoch id: 11, Training steps: 100, Avg loss: 0.048, Time: 0:27:24
Epoch id: 11, Training steps: 200, Avg loss: 0.024, Time: 0:28:10
Start evaluation on dev dataset.
/root/miniconda3/envs/lyq/lib/python3.8/site-packages/sklearn/metrics/_classification.py:1469: UndefinedMetricWarning: Precision is ill-defined and being set to 0.0 in samples with no predicted labels. Use `zero_division` parameter to control this behavior.
  _warn_prf(average, modifier, msg_start, len(result))
Acc. (Correct/Total): 32.44%% Prec: 0.4959 F1: 0.4413
Start evaluation on test dataset.
/root/miniconda3/envs/lyq/lib/python3.8/site-packages/sklearn/metrics/_classification.py:1469: UndefinedMetricWarning: Precision is ill-defined and being set to 0.0 in samples with no predicted labels. Use `zero_division` parameter to control this behavior.
  _warn_prf(average, modifier, msg_start, len(result))
Acc. (Correct/Total): 35.51%% Prec: 0.5314 F1: 0.4766
Epoch id: 12, Training steps: 100, Avg loss: 0.044, Time: 0:30:09
Epoch id: 12, Training steps: 200, Avg loss: 0.022, Time: 0:30:57
Start evaluation on dev dataset.
/root/miniconda3/envs/lyq/lib/python3.8/site-packages/sklearn/metrics/_classification.py:1469: UndefinedMetricWarning: Precision is ill-defined and being set to 0.0 in samples with no predicted labels. Use `zero_division` parameter to control this behavior.
  _warn_prf(average, modifier, msg_start, len(result))
Acc. (Correct/Total): 32.82%% Prec: 0.5022 F1: 0.4481
Start evaluation on test dataset.
/root/miniconda3/envs/lyq/lib/python3.8/site-packages/sklearn/metrics/_classification.py:1469: UndefinedMetricWarning: Precision is ill-defined and being set to 0.0 in samples with no predicted labels. Use `zero_division` parameter to control this behavior.
  _warn_prf(average, modifier, msg_start, len(result))
Acc. (Correct/Total): 36.43%% Prec: 0.5418 F1: 0.4870
Epoch id: 13, Training steps: 100, Avg loss: 0.038, Time: 0:32:53
Epoch id: 13, Training steps: 200, Avg loss: 0.020, Time: 0:33:42
Start evaluation on dev dataset.
/root/miniconda3/envs/lyq/lib/python3.8/site-packages/sklearn/metrics/_classification.py:1469: UndefinedMetricWarning: Precision is ill-defined and being set to 0.0 in samples with no predicted labels. Use `zero_division` parameter to control this behavior.
  _warn_prf(average, modifier, msg_start, len(result))
Acc. (Correct/Total): 36.56%% Prec: 0.5617 F1: 0.5019
Start evaluation on test dataset.
/root/miniconda3/envs/lyq/lib/python3.8/site-packages/sklearn/metrics/_classification.py:1469: UndefinedMetricWarning: Precision is ill-defined and being set to 0.0 in samples with no predicted labels. Use `zero_division` parameter to control this behavior.
  _warn_prf(average, modifier, msg_start, len(result))
Acc. (Correct/Total): 40.40%% Prec: 0.5972 F1: 0.5391
Epoch id: 14, Training steps: 100, Avg loss: 0.034, Time: 0:35:46
Epoch id: 14, Training steps: 200, Avg loss: 0.017, Time: 0:36:38
Start evaluation on dev dataset.
/root/miniconda3/envs/lyq/lib/python3.8/site-packages/sklearn/metrics/_classification.py:1469: UndefinedMetricWarning: Precision is ill-defined and being set to 0.0 in samples with no predicted labels. Use `zero_division` parameter to control this behavior.
  _warn_prf(average, modifier, msg_start, len(result))
Acc. (Correct/Total): 36.56%% Prec: 0.5681 F1: 0.5073
Epoch id: 15, Training steps: 100, Avg loss: 0.031, Time: 0:38:18
Epoch id: 15, Training steps: 200, Avg loss: 0.015, Time: 0:39:02
Start evaluation on dev dataset.
/root/miniconda3/envs/lyq/lib/python3.8/site-packages/sklearn/metrics/_classification.py:1469: UndefinedMetricWarning: Precision is ill-defined and being set to 0.0 in samples with no predicted labels. Use `zero_division` parameter to control this behavior.
  _warn_prf(average, modifier, msg_start, len(result))
Acc. (Correct/Total): 37.76%% Prec: 0.5809 F1: 0.5214
Start evaluation on test dataset.
/root/miniconda3/envs/lyq/lib/python3.8/site-packages/sklearn/metrics/_classification.py:1469: UndefinedMetricWarning: Precision is ill-defined and being set to 0.0 in samples with no predicted labels. Use `zero_division` parameter to control this behavior.
  _warn_prf(average, modifier, msg_start, len(result))
Acc. (Correct/Total): 42.33%% Prec: 0.6189 F1: 0.5602
Epoch id: 16, Training steps: 100, Avg loss: 0.028, Time: 0:41:01
Epoch id: 16, Training steps: 200, Avg loss: 0.014, Time: 0:41:53
Start evaluation on dev dataset.
/root/miniconda3/envs/lyq/lib/python3.8/site-packages/sklearn/metrics/_classification.py:1469: UndefinedMetricWarning: Precision is ill-defined and being set to 0.0 in samples with no predicted labels. Use `zero_division` parameter to control this behavior.
  _warn_prf(average, modifier, msg_start, len(result))
Acc. (Correct/Total): 39.78%% Prec: 0.5945 F1: 0.5355
Start evaluation on test dataset.
/root/miniconda3/envs/lyq/lib/python3.8/site-packages/sklearn/metrics/_classification.py:1469: UndefinedMetricWarning: Precision is ill-defined and being set to 0.0 in samples with no predicted labels. Use `zero_division` parameter to control this behavior.
  _warn_prf(average, modifier, msg_start, len(result))
Acc. (Correct/Total): 44.65%% Prec: 0.6324 F1: 0.5773
Epoch id: 17, Training steps: 100, Avg loss: 0.024, Time: 0:43:55
Epoch id: 17, Training steps: 200, Avg loss: 0.012, Time: 0:44:42
Start evaluation on dev dataset.
/root/miniconda3/envs/lyq/lib/python3.8/site-packages/sklearn/metrics/_classification.py:1469: UndefinedMetricWarning: Precision is ill-defined and being set to 0.0 in samples with no predicted labels. Use `zero_division` parameter to control this behavior.
  _warn_prf(average, modifier, msg_start, len(result))
Acc. (Correct/Total): 39.40%% Prec: 0.5965 F1: 0.5372
Epoch id: 18, Training steps: 100, Avg loss: 0.022, Time: 0:46:27
Epoch id: 18, Training steps: 200, Avg loss: 0.011, Time: 0:47:13
Start evaluation on dev dataset.
/root/miniconda3/envs/lyq/lib/python3.8/site-packages/sklearn/metrics/_classification.py:1469: UndefinedMetricWarning: Precision is ill-defined and being set to 0.0 in samples with no predicted labels. Use `zero_division` parameter to control this behavior.
  _warn_prf(average, modifier, msg_start, len(result))
Acc. (Correct/Total): 41.79%% Prec: 0.6260 F1: 0.5661
Start evaluation on test dataset.
/root/miniconda3/envs/lyq/lib/python3.8/site-packages/sklearn/metrics/_classification.py:1469: UndefinedMetricWarning: Precision is ill-defined and being set to 0.0 in samples with no predicted labels. Use `zero_division` parameter to control this behavior.
  _warn_prf(average, modifier, msg_start, len(result))
Acc. (Correct/Total): 47.12%% Prec: 0.6688 F1: 0.6113
Epoch id: 19, Training steps: 100, Avg loss: 0.019, Time: 0:49:09
Epoch id: 19, Training steps: 200, Avg loss: 0.010, Time: 0:49:54
Start evaluation on dev dataset.
/root/miniconda3/envs/lyq/lib/python3.8/site-packages/sklearn/metrics/_classification.py:1469: UndefinedMetricWarning: Precision is ill-defined and being set to 0.0 in samples with no predicted labels. Use `zero_division` parameter to control this behavior.
  _warn_prf(average, modifier, msg_start, len(result))
Acc. (Correct/Total): 41.07%% Prec: 0.6078 F1: 0.5504
Epoch id: 20, Training steps: 100, Avg loss: 0.017, Time: 0:51:41
Epoch id: 20, Training steps: 200, Avg loss: 0.009, Time: 0:52:26
Start evaluation on dev dataset.
/root/miniconda3/envs/lyq/lib/python3.8/site-packages/sklearn/metrics/_classification.py:1469: UndefinedMetricWarning: Precision is ill-defined and being set to 0.0 in samples with no predicted labels. Use `zero_division` parameter to control this behavior.
  _warn_prf(average, modifier, msg_start, len(result))
Acc. (Correct/Total): 41.65%% Prec: 0.6292 F1: 0.5689
Final evaluation on the test dataset.
The number of evaluation instances:  2067
/root/miniconda3/envs/lyq/lib/python3.8/site-packages/sklearn/metrics/_classification.py:1469: UndefinedMetricWarning: Precision is ill-defined and being set to 0.0 in samples with no predicted labels. Use `zero_division` parameter to control this behavior.
  _warn_prf(average, modifier, msg_start, len(result))
/root/miniconda3/envs/lyq/lib/python3.8/site-packages/sklearn/metrics/_classification.py:1469: UndefinedMetricWarning: Precision and F-score are ill-defined and being set to 0.0 in labels with no predicted samples. Use `zero_division` parameter to control this behavior.
  _warn_prf(average, modifier, msg_start, len(result))
/root/miniconda3/envs/lyq/lib/python3.8/site-packages/sklearn/metrics/_classification.py:1469: UndefinedMetricWarning: Precision and F-score are ill-defined and being set to 0.0 in samples with no predicted labels. Use `zero_division` parameter to control this behavior.
  _warn_prf(average, modifier, msg_start, len(result))
Acc. (Correct/Total): 47.12% Prec: 0.6688 F1: 0.6113
Precision, Recall and F1-Score...
              precision    recall  f1-score   support

         教育学     0.8761    0.8216    0.8480       241
          法学     0.7930    0.8036    0.7982       224
      中国语言文学     0.8603    0.6324    0.7290       185
         政治学     0.7311    0.5337    0.6170       163
         社会学     0.8358    0.7134    0.7698       157
         心理学     0.8409    0.3008    0.4431       123
       应用经济学     0.6667    0.4274    0.5208       117
         历史学     0.9322    0.5046    0.6548       109
     环境科学与工程     0.8617    0.7500    0.8020       108
          哲学     0.7333    0.4536    0.5605        97
      外国语言文学     0.7647    0.4588    0.5735        85
         生物学     0.9107    0.6456    0.7556        79
      交通运输工程     0.8571    0.9231    0.8889        78
        临床医学     0.8750    0.5526    0.6774        76
    计算机科学与技术     0.8095    0.4789    0.6018        71
        土木工程     0.9091    0.9091    0.9091        66
   航空宇航科学与技术     0.9455    0.8525    0.8966        61
         民族学     0.5938    0.3455    0.4368        55
   公共卫生与预防医学     0.6200    0.6078    0.6139        51
         美术学     0.8163    0.8000    0.8081        50
         艺术学     0.8000    0.6512    0.7179        43
         地理学     0.9333    0.3333    0.4912        42
         体育学     0.8947    0.4250    0.5763        40
       理论经济学     0.6923    0.4737    0.5625        38
         中医学     0.9000    0.7297    0.8060        37
         物理学     0.7949    0.8611    0.8267        36
          林学     0.9048    0.5758    0.7037        33
          数学     0.7143    0.3125    0.4348        32
     电子科学与技术     0.5385    0.4516    0.4912        31
        基础医学     0.5833    0.2414    0.3415        29
        工商管理     0.7778    0.2593    0.3889        27
       新闻传播学     0.8571    0.5455    0.6667        22
         天文学     0.8571    0.8182    0.8372        22
         地质学     0.8667    0.6190    0.7222        21
         畜牧学     0.8947    0.8095    0.8500        21
   军事思想及军事历史     0.7895    0.7500    0.7692        20
     管理科学与工程     0.6667    0.3333    0.4444        18
     测绘科学与技术     0.7500    0.5294    0.6207        17
        水利工程     1.0000    0.4375    0.6087        16
        大气科学     0.8889    0.5000    0.6400        16
     兵器科学与技术     0.7333    0.7333    0.7333        15
       地球物理学     0.0000    0.0000    0.0000        14
        电气工程     0.8333    0.3846    0.5263        13
         作物学     0.6667    0.4615    0.5455        13
     控制科学与工程     1.0000    0.1538    0.2667        13
     信息与通信工程     0.5000    0.0769    0.1333        13
        公共管理     0.0000    0.0000    0.0000        13
         建筑学     0.0000    0.0000    0.0000        13
     化学工程与技术     1.0000    0.3333    0.5000        12
          力学     1.0000    0.2727    0.4286        11
        海洋科学     1.0000    0.3636    0.5333        11
     轻工技术与工程     1.0000    0.0909    0.1667        11
        农业工程     1.0000    0.1000    0.1818        10
         园艺学     0.7273    0.8000    0.7619        10
       中西医结合     1.0000    0.3000    0.4615        10
        机械工程     1.0000    0.1111    0.2000         9
       科学技术史     1.0000    0.1250    0.2222         8
     船舶与海洋工程     1.0000    0.5000    0.6667         8
   图书情报与档案管理     0.0000    0.0000    0.0000         8
        植物保护     1.0000    0.7500    0.8571         8
     材料科学与工程     0.0000    0.0000    0.0000         8
         统计学     0.6667    0.7500    0.7059         8
          化学     1.0000    0.6250    0.7692         8
     食品科学与工程     0.0000    0.0000    0.0000         8
          水产     1.0000    0.4286    0.6000         7
          药学     1.0000    0.4286    0.6000         7
     农业资源与环境     1.0000    0.1429    0.2500         7
         世界史     0.0000    0.0000    0.0000         7
        系统科学     0.0000    0.0000    0.0000         7
      农林经济管理     0.0000    0.0000    0.0000         5
       军队指挥学     1.0000    0.4000    0.5714         5
        矿业工程     1.0000    0.2000    0.3333         5
     纺织科学与工程     0.5000    0.2000    0.2857         5
  动力工程及工程热物理     0.0000    0.0000    0.0000         4
        林业工程     0.0000    0.0000    0.0000         4
     仪器科学与技术     0.0000    0.0000    0.0000         3
         战略学     0.0000    0.0000    0.0000         3
   地质资源与地质工程     0.0000    0.0000    0.0000         3
        旅游管理     0.0000    0.0000    0.0000         3
 图书馆、情报与档案管理     0.0000    0.0000    0.0000         2
        冶金工程     0.0000    0.0000    0.0000         2
      核科学与技术     0.0000    0.0000    0.0000         2

   micro avg     0.8158    0.5758    0.6751      3093
   macro avg     0.6581    0.3891    0.4598      3093
weighted avg     0.7917    0.5758    0.6480      3093
 samples avg     0.6688    0.5855    0.6113      3093

