/root/miniconda3/envs/lyq/lib/python3.8/site-packages/scipy/__init__.py:146: UserWarning: A NumPy version >=1.16.5 and <1.23.0 is required for this version of SciPy (detected version 1.23.5
  warnings.warn(f"A NumPy version >={np_minversion} and <{np_maxversion}"
  0%|          | 0/82 [00:00<?, ?it/s]100%|██████████| 82/82 [00:00<00:00, 608730.85it/s]
model:  ernie-rcnn-catlstm
pretrained:  ernie1
task:  MLC-slice
dataset:  book_multilabels_task_slice
seq_length:  256
hidden_dropout_prob:  0.1
attention_probs_dropout_prob:  0.1
epochs_num:  20
batch_size:  8
learning_rate:  2e-05
report_steps:  100
kg_name:  CnDbpedia
no_kg:  True
no_vm:  True
Vocabulary Size:  17964
[BertClassifier] use visible_matrix: False
Some weights of ErnieRCNNForMultiLabelSequenceClassificationSliceCatLSTM were not initialized from the model checkpoint at ./models/ernie1 and are newly initialized: ['lstm.bias_hh_l1', 'lstm.bias_ih_l1', 'lstm.weight_hh_l0', 'classifier.weight', 'lstm.weight_ih_l1', 'lstm.bias_hh_l0_reverse', 'output_layer_1.bias', 'lstm.weight_ih_l1_reverse', 'lstm.weight_hh_l1', 'lstm.bias_ih_l0', 'lstm.bias_hh_l1_reverse', 'lstm.bias_ih_l1_reverse', 'lstm.weight_hh_l1_reverse', 'output_layer_1.weight', 'classifier.bias', 'lstm.bias_hh_l0', 'lstm.weight_ih_l0_reverse', 'lstm.weight_hh_l0_reverse', 'lstm.weight_ih_l0', 'lstm.bias_ih_l0_reverse']
You should probably TRAIN this model on a down-stream task to be able to use it for predictions and inference.
1 GPUs are available. Let's use them.
device:  cuda
Start training.
Loading sentences from ./datasets/book_multilabels_task_slice/train.tsv
There are 9097 sentence in total. We use 1 processes to inject knowledge into sentences.
Progress of process 0: 0/9097
Loading sentences from ./datasets/book_multilabels_task_slice/dev.tsv
There are 2084 sentence in total. We use 1 processes to inject knowledge into sentences.
Progress of process 0: 0/2084
Loading sentences from ./datasets/book_multilabels_task_slice/test.tsv
There are 2067 sentence in total. We use 1 processes to inject knowledge into sentences.
Progress of process 0: 0/2067
Epoch id: 1, Training steps: 100, Avg loss: 0.191, Time: 0:00:29
Epoch id: 1, Training steps: 200, Avg loss: 0.084, Time: 0:00:57
Epoch id: 1, Training steps: 300, Avg loss: 0.081, Time: 0:01:25
Epoch id: 1, Training steps: 400, Avg loss: 0.079, Time: 0:01:53
Epoch id: 1, Training steps: 500, Avg loss: 0.078, Time: 0:02:22
Epoch id: 1, Training steps: 600, Avg loss: 0.074, Time: 0:02:50
Epoch id: 1, Training steps: 700, Avg loss: 0.068, Time: 0:03:18
Epoch id: 1, Training steps: 800, Avg loss: 0.063, Time: 0:03:46
Epoch id: 1, Training steps: 900, Avg loss: 0.057, Time: 0:04:14
Epoch id: 1, Training steps: 1000, Avg loss: 0.054, Time: 0:04:42
Epoch id: 1, Training steps: 1100, Avg loss: 0.051, Time: 0:05:10
Start evaluation on dev dataset.
/root/miniconda3/envs/lyq/lib/python3.8/site-packages/sklearn/metrics/_classification.py:1469: UndefinedMetricWarning: Precision is ill-defined and being set to 0.0 in samples with no predicted labels. Use `zero_division` parameter to control this behavior.
  _warn_prf(average, modifier, msg_start, len(result))
Acc. (Correct/Total): 18.19%% Prec: 0.2582 F1: 0.2369
Start evaluation on test dataset.
/root/miniconda3/envs/lyq/lib/python3.8/site-packages/sklearn/metrics/_classification.py:1469: UndefinedMetricWarning: Precision is ill-defined and being set to 0.0 in samples with no predicted labels. Use `zero_division` parameter to control this behavior.
  _warn_prf(average, modifier, msg_start, len(result))
Acc. (Correct/Total): 20.13%% Prec: 0.2891 F1: 0.2628
Epoch id: 2, Training steps: 100, Avg loss: 0.066, Time: 0:06:39
Epoch id: 2, Training steps: 200, Avg loss: 0.045, Time: 0:07:07
Epoch id: 2, Training steps: 300, Avg loss: 0.045, Time: 0:07:36
Epoch id: 2, Training steps: 400, Avg loss: 0.043, Time: 0:08:04
Epoch id: 2, Training steps: 500, Avg loss: 0.041, Time: 0:08:33
Epoch id: 2, Training steps: 600, Avg loss: 0.043, Time: 0:09:01
Epoch id: 2, Training steps: 700, Avg loss: 0.040, Time: 0:09:29
Epoch id: 2, Training steps: 800, Avg loss: 0.038, Time: 0:09:57
Epoch id: 2, Training steps: 900, Avg loss: 0.035, Time: 0:10:26
Epoch id: 2, Training steps: 1000, Avg loss: 0.034, Time: 0:10:54
Epoch id: 2, Training steps: 1100, Avg loss: 0.035, Time: 0:11:23
Start evaluation on dev dataset.
/root/miniconda3/envs/lyq/lib/python3.8/site-packages/sklearn/metrics/_classification.py:1469: UndefinedMetricWarning: Precision is ill-defined and being set to 0.0 in samples with no predicted labels. Use `zero_division` parameter to control this behavior.
  _warn_prf(average, modifier, msg_start, len(result))
Acc. (Correct/Total): 30.18%% Prec: 0.4734 F1: 0.4247
Start evaluation on test dataset.
/root/miniconda3/envs/lyq/lib/python3.8/site-packages/sklearn/metrics/_classification.py:1469: UndefinedMetricWarning: Precision is ill-defined and being set to 0.0 in samples with no predicted labels. Use `zero_division` parameter to control this behavior.
  _warn_prf(average, modifier, msg_start, len(result))
Acc. (Correct/Total): 38.32%% Prec: 0.5411 F1: 0.4935
Epoch id: 3, Training steps: 100, Avg loss: 0.043, Time: 0:12:52
Epoch id: 3, Training steps: 200, Avg loss: 0.029, Time: 0:13:20
Epoch id: 3, Training steps: 300, Avg loss: 0.030, Time: 0:13:49
Epoch id: 3, Training steps: 400, Avg loss: 0.029, Time: 0:14:17
Epoch id: 3, Training steps: 500, Avg loss: 0.029, Time: 0:14:45
Epoch id: 3, Training steps: 600, Avg loss: 0.031, Time: 0:15:14
Epoch id: 3, Training steps: 700, Avg loss: 0.029, Time: 0:15:42
Epoch id: 3, Training steps: 800, Avg loss: 0.030, Time: 0:16:11
Epoch id: 3, Training steps: 900, Avg loss: 0.029, Time: 0:16:39
Epoch id: 3, Training steps: 1000, Avg loss: 0.026, Time: 0:17:07
Epoch id: 3, Training steps: 1100, Avg loss: 0.027, Time: 0:17:35
Start evaluation on dev dataset.
/root/miniconda3/envs/lyq/lib/python3.8/site-packages/sklearn/metrics/_classification.py:1469: UndefinedMetricWarning: Precision is ill-defined and being set to 0.0 in samples with no predicted labels. Use `zero_division` parameter to control this behavior.
  _warn_prf(average, modifier, msg_start, len(result))
Acc. (Correct/Total): 37.33%% Prec: 0.5667 F1: 0.5122
Start evaluation on test dataset.
/root/miniconda3/envs/lyq/lib/python3.8/site-packages/sklearn/metrics/_classification.py:1469: UndefinedMetricWarning: Precision is ill-defined and being set to 0.0 in samples with no predicted labels. Use `zero_division` parameter to control this behavior.
  _warn_prf(average, modifier, msg_start, len(result))
Acc. (Correct/Total): 44.12%% Prec: 0.6220 F1: 0.5706
Epoch id: 4, Training steps: 100, Avg loss: 0.035, Time: 0:19:04
Epoch id: 4, Training steps: 200, Avg loss: 0.025, Time: 0:19:33
Epoch id: 4, Training steps: 300, Avg loss: 0.023, Time: 0:20:01
Epoch id: 4, Training steps: 400, Avg loss: 0.022, Time: 0:20:29
Epoch id: 4, Training steps: 500, Avg loss: 0.022, Time: 0:20:57
Epoch id: 4, Training steps: 600, Avg loss: 0.026, Time: 0:21:26
Epoch id: 4, Training steps: 700, Avg loss: 0.022, Time: 0:21:54
Epoch id: 4, Training steps: 800, Avg loss: 0.022, Time: 0:22:23
Epoch id: 4, Training steps: 900, Avg loss: 0.021, Time: 0:22:51
Epoch id: 4, Training steps: 1000, Avg loss: 0.020, Time: 0:23:19
Epoch id: 4, Training steps: 1100, Avg loss: 0.023, Time: 0:23:48
Start evaluation on dev dataset.
/root/miniconda3/envs/lyq/lib/python3.8/site-packages/sklearn/metrics/_classification.py:1469: UndefinedMetricWarning: Precision is ill-defined and being set to 0.0 in samples with no predicted labels. Use `zero_division` parameter to control this behavior.
  _warn_prf(average, modifier, msg_start, len(result))
Acc. (Correct/Total): 40.50%% Prec: 0.6010 F1: 0.5444
Start evaluation on test dataset.
/root/miniconda3/envs/lyq/lib/python3.8/site-packages/sklearn/metrics/_classification.py:1469: UndefinedMetricWarning: Precision is ill-defined and being set to 0.0 in samples with no predicted labels. Use `zero_division` parameter to control this behavior.
  _warn_prf(average, modifier, msg_start, len(result))
Acc. (Correct/Total): 49.20%% Prec: 0.6800 F1: 0.6256
Epoch id: 5, Training steps: 100, Avg loss: 0.026, Time: 0:25:18
Epoch id: 5, Training steps: 200, Avg loss: 0.017, Time: 0:25:46
Epoch id: 5, Training steps: 300, Avg loss: 0.020, Time: 0:26:14
Epoch id: 5, Training steps: 400, Avg loss: 0.018, Time: 0:26:43
Epoch id: 5, Training steps: 500, Avg loss: 0.020, Time: 0:27:11
Epoch id: 5, Training steps: 600, Avg loss: 0.020, Time: 0:27:39
Epoch id: 5, Training steps: 700, Avg loss: 0.017, Time: 0:28:08
Epoch id: 5, Training steps: 800, Avg loss: 0.020, Time: 0:28:36
Epoch id: 5, Training steps: 900, Avg loss: 0.020, Time: 0:29:05
Epoch id: 5, Training steps: 1000, Avg loss: 0.018, Time: 0:29:33
Epoch id: 5, Training steps: 1100, Avg loss: 0.018, Time: 0:30:01
Start evaluation on dev dataset.
/root/miniconda3/envs/lyq/lib/python3.8/site-packages/sklearn/metrics/_classification.py:1469: UndefinedMetricWarning: Precision is ill-defined and being set to 0.0 in samples with no predicted labels. Use `zero_division` parameter to control this behavior.
  _warn_prf(average, modifier, msg_start, len(result))
Acc. (Correct/Total): 44.05%% Prec: 0.6437 F1: 0.5911
Start evaluation on test dataset.
/root/miniconda3/envs/lyq/lib/python3.8/site-packages/sklearn/metrics/_classification.py:1469: UndefinedMetricWarning: Precision is ill-defined and being set to 0.0 in samples with no predicted labels. Use `zero_division` parameter to control this behavior.
  _warn_prf(average, modifier, msg_start, len(result))
Acc. (Correct/Total): 52.69%% Prec: 0.7190 F1: 0.6698
Epoch id: 6, Training steps: 100, Avg loss: 0.021, Time: 0:31:31
Epoch id: 6, Training steps: 200, Avg loss: 0.014, Time: 0:31:59
Epoch id: 6, Training steps: 300, Avg loss: 0.015, Time: 0:32:28
Epoch id: 6, Training steps: 400, Avg loss: 0.014, Time: 0:32:56
Epoch id: 6, Training steps: 500, Avg loss: 0.014, Time: 0:33:24
Epoch id: 6, Training steps: 600, Avg loss: 0.014, Time: 0:33:53
Epoch id: 6, Training steps: 700, Avg loss: 0.015, Time: 0:34:21
Epoch id: 6, Training steps: 800, Avg loss: 0.015, Time: 0:34:49
Epoch id: 6, Training steps: 900, Avg loss: 0.015, Time: 0:35:17
Epoch id: 6, Training steps: 1000, Avg loss: 0.015, Time: 0:35:46
Epoch id: 6, Training steps: 1100, Avg loss: 0.015, Time: 0:36:14
Start evaluation on dev dataset.
/root/miniconda3/envs/lyq/lib/python3.8/site-packages/sklearn/metrics/_classification.py:1469: UndefinedMetricWarning: Precision is ill-defined and being set to 0.0 in samples with no predicted labels. Use `zero_division` parameter to control this behavior.
  _warn_prf(average, modifier, msg_start, len(result))
Acc. (Correct/Total): 48.42%% Prec: 0.6865 F1: 0.6392
Start evaluation on test dataset.
/root/miniconda3/envs/lyq/lib/python3.8/site-packages/sklearn/metrics/_classification.py:1469: UndefinedMetricWarning: Precision is ill-defined and being set to 0.0 in samples with no predicted labels. Use `zero_division` parameter to control this behavior.
  _warn_prf(average, modifier, msg_start, len(result))
Acc. (Correct/Total): 56.07%% Prec: 0.7436 F1: 0.6993
Epoch id: 7, Training steps: 100, Avg loss: 0.020, Time: 0:37:44
Epoch id: 7, Training steps: 200, Avg loss: 0.012, Time: 0:38:12
Epoch id: 7, Training steps: 300, Avg loss: 0.012, Time: 0:38:41
Epoch id: 7, Training steps: 400, Avg loss: 0.012, Time: 0:39:09
Epoch id: 7, Training steps: 500, Avg loss: 0.013, Time: 0:39:38
Epoch id: 7, Training steps: 600, Avg loss: 0.013, Time: 0:40:06
Epoch id: 7, Training steps: 700, Avg loss: 0.013, Time: 0:40:34
Epoch id: 7, Training steps: 800, Avg loss: 0.012, Time: 0:41:03
Epoch id: 7, Training steps: 900, Avg loss: 0.012, Time: 0:41:31
Epoch id: 7, Training steps: 1000, Avg loss: 0.012, Time: 0:42:00
Epoch id: 7, Training steps: 1100, Avg loss: 0.011, Time: 0:42:28
Start evaluation on dev dataset.
/root/miniconda3/envs/lyq/lib/python3.8/site-packages/sklearn/metrics/_classification.py:1469: UndefinedMetricWarning: Precision is ill-defined and being set to 0.0 in samples with no predicted labels. Use `zero_division` parameter to control this behavior.
  _warn_prf(average, modifier, msg_start, len(result))
Acc. (Correct/Total): 48.51%% Prec: 0.6929 F1: 0.6451
Start evaluation on test dataset.
/root/miniconda3/envs/lyq/lib/python3.8/site-packages/sklearn/metrics/_classification.py:1469: UndefinedMetricWarning: Precision is ill-defined and being set to 0.0 in samples with no predicted labels. Use `zero_division` parameter to control this behavior.
  _warn_prf(average, modifier, msg_start, len(result))
Acc. (Correct/Total): 57.28%% Prec: 0.7622 F1: 0.7167
Epoch id: 8, Training steps: 100, Avg loss: 0.015, Time: 0:43:57
Epoch id: 8, Training steps: 200, Avg loss: 0.009, Time: 0:44:25
Epoch id: 8, Training steps: 300, Avg loss: 0.009, Time: 0:44:53
Epoch id: 8, Training steps: 400, Avg loss: 0.010, Time: 0:45:22
Epoch id: 8, Training steps: 500, Avg loss: 0.009, Time: 0:45:50
Epoch id: 8, Training steps: 600, Avg loss: 0.011, Time: 0:46:19
Epoch id: 8, Training steps: 700, Avg loss: 0.011, Time: 0:46:47
Epoch id: 8, Training steps: 800, Avg loss: 0.011, Time: 0:47:16
Epoch id: 8, Training steps: 900, Avg loss: 0.011, Time: 0:47:44
Epoch id: 8, Training steps: 1000, Avg loss: 0.012, Time: 0:48:12
Epoch id: 8, Training steps: 1100, Avg loss: 0.012, Time: 0:48:41
Start evaluation on dev dataset.
/root/miniconda3/envs/lyq/lib/python3.8/site-packages/sklearn/metrics/_classification.py:1469: UndefinedMetricWarning: Precision is ill-defined and being set to 0.0 in samples with no predicted labels. Use `zero_division` parameter to control this behavior.
  _warn_prf(average, modifier, msg_start, len(result))
Acc. (Correct/Total): 49.47%% Prec: 0.7056 F1: 0.6617
Start evaluation on test dataset.
/root/miniconda3/envs/lyq/lib/python3.8/site-packages/sklearn/metrics/_classification.py:1469: UndefinedMetricWarning: Precision is ill-defined and being set to 0.0 in samples with no predicted labels. Use `zero_division` parameter to control this behavior.
  _warn_prf(average, modifier, msg_start, len(result))
Acc. (Correct/Total): 58.83%% Prec: 0.7684 F1: 0.7293
Epoch id: 9, Training steps: 100, Avg loss: 0.012, Time: 0:50:10
Epoch id: 9, Training steps: 200, Avg loss: 0.008, Time: 0:50:38
Epoch id: 9, Training steps: 300, Avg loss: 0.008, Time: 0:51:07
Epoch id: 9, Training steps: 400, Avg loss: 0.008, Time: 0:51:35
Epoch id: 9, Training steps: 500, Avg loss: 0.008, Time: 0:52:04
Epoch id: 9, Training steps: 600, Avg loss: 0.007, Time: 0:52:32
Epoch id: 9, Training steps: 700, Avg loss: 0.008, Time: 0:53:00
Epoch id: 9, Training steps: 800, Avg loss: 0.008, Time: 0:53:29
Epoch id: 9, Training steps: 900, Avg loss: 0.008, Time: 0:53:57
Epoch id: 9, Training steps: 1000, Avg loss: 0.008, Time: 0:54:26
Epoch id: 9, Training steps: 1100, Avg loss: 0.008, Time: 0:54:54
Start evaluation on dev dataset.
/root/miniconda3/envs/lyq/lib/python3.8/site-packages/sklearn/metrics/_classification.py:1469: UndefinedMetricWarning: Precision is ill-defined and being set to 0.0 in samples with no predicted labels. Use `zero_division` parameter to control this behavior.
  _warn_prf(average, modifier, msg_start, len(result))
Acc. (Correct/Total): 51.97%% Prec: 0.7292 F1: 0.6915
Start evaluation on test dataset.
/root/miniconda3/envs/lyq/lib/python3.8/site-packages/sklearn/metrics/_classification.py:1469: UndefinedMetricWarning: Precision is ill-defined and being set to 0.0 in samples with no predicted labels. Use `zero_division` parameter to control this behavior.
  _warn_prf(average, modifier, msg_start, len(result))
Acc. (Correct/Total): 60.04%% Prec: 0.7820 F1: 0.7472
Epoch id: 10, Training steps: 100, Avg loss: 0.009, Time: 0:56:24
Epoch id: 10, Training steps: 200, Avg loss: 0.006, Time: 0:56:52
Epoch id: 10, Training steps: 300, Avg loss: 0.006, Time: 0:57:20
Epoch id: 10, Training steps: 400, Avg loss: 0.007, Time: 0:57:49
Epoch id: 10, Training steps: 500, Avg loss: 0.006, Time: 0:58:17
Epoch id: 10, Training steps: 600, Avg loss: 0.006, Time: 0:58:46
Epoch id: 10, Training steps: 700, Avg loss: 0.006, Time: 0:59:14
Epoch id: 10, Training steps: 800, Avg loss: 0.007, Time: 0:59:42
Epoch id: 10, Training steps: 900, Avg loss: 0.006, Time: 1:00:11
Epoch id: 10, Training steps: 1000, Avg loss: 0.006, Time: 1:00:39
Epoch id: 10, Training steps: 1100, Avg loss: 0.007, Time: 1:01:08
Start evaluation on dev dataset.
/root/miniconda3/envs/lyq/lib/python3.8/site-packages/sklearn/metrics/_classification.py:1469: UndefinedMetricWarning: Precision is ill-defined and being set to 0.0 in samples with no predicted labels. Use `zero_division` parameter to control this behavior.
  _warn_prf(average, modifier, msg_start, len(result))
Acc. (Correct/Total): 51.82%% Prec: 0.7231 F1: 0.6836
Epoch id: 11, Training steps: 100, Avg loss: 0.007, Time: 1:02:11
Epoch id: 11, Training steps: 200, Avg loss: 0.005, Time: 1:02:40
Epoch id: 11, Training steps: 300, Avg loss: 0.005, Time: 1:03:08
Epoch id: 11, Training steps: 400, Avg loss: 0.005, Time: 1:03:37
Epoch id: 11, Training steps: 500, Avg loss: 0.005, Time: 1:04:05
Epoch id: 11, Training steps: 600, Avg loss: 0.005, Time: 1:04:33
Epoch id: 11, Training steps: 700, Avg loss: 0.005, Time: 1:05:02
Epoch id: 11, Training steps: 800, Avg loss: 0.005, Time: 1:05:30
Epoch id: 11, Training steps: 900, Avg loss: 0.005, Time: 1:05:58
Epoch id: 11, Training steps: 1000, Avg loss: 0.006, Time: 1:06:27
Epoch id: 11, Training steps: 1100, Avg loss: 0.005, Time: 1:06:55
Start evaluation on dev dataset.
/root/miniconda3/envs/lyq/lib/python3.8/site-packages/sklearn/metrics/_classification.py:1469: UndefinedMetricWarning: Precision is ill-defined and being set to 0.0 in samples with no predicted labels. Use `zero_division` parameter to control this behavior.
  _warn_prf(average, modifier, msg_start, len(result))
Acc. (Correct/Total): 53.55%% Prec: 0.7302 F1: 0.6930
Start evaluation on test dataset.
/root/miniconda3/envs/lyq/lib/python3.8/site-packages/sklearn/metrics/_classification.py:1469: UndefinedMetricWarning: Precision is ill-defined and being set to 0.0 in samples with no predicted labels. Use `zero_division` parameter to control this behavior.
  _warn_prf(average, modifier, msg_start, len(result))
Acc. (Correct/Total): 60.33%% Prec: 0.7784 F1: 0.7443
Epoch id: 12, Training steps: 100, Avg loss: 0.005, Time: 1:08:25
Epoch id: 12, Training steps: 200, Avg loss: 0.004, Time: 1:08:53
Epoch id: 12, Training steps: 300, Avg loss: 0.005, Time: 1:09:21
Epoch id: 12, Training steps: 400, Avg loss: 0.005, Time: 1:09:50
Epoch id: 12, Training steps: 500, Avg loss: 0.005, Time: 1:10:18
Epoch id: 12, Training steps: 600, Avg loss: 0.007, Time: 1:10:46
Epoch id: 12, Training steps: 700, Avg loss: 0.007, Time: 1:11:14
Epoch id: 12, Training steps: 800, Avg loss: 0.008, Time: 1:11:42
Epoch id: 12, Training steps: 900, Avg loss: 0.007, Time: 1:12:11
Epoch id: 12, Training steps: 1000, Avg loss: 0.006, Time: 1:12:39
Epoch id: 12, Training steps: 1100, Avg loss: 0.005, Time: 1:13:07
Start evaluation on dev dataset.
/root/miniconda3/envs/lyq/lib/python3.8/site-packages/sklearn/metrics/_classification.py:1469: UndefinedMetricWarning: Precision is ill-defined and being set to 0.0 in samples with no predicted labels. Use `zero_division` parameter to control this behavior.
  _warn_prf(average, modifier, msg_start, len(result))
Acc. (Correct/Total): 53.07%% Prec: 0.7306 F1: 0.7024
Epoch id: 13, Training steps: 100, Avg loss: 0.006, Time: 1:14:11
Epoch id: 13, Training steps: 200, Avg loss: 0.004, Time: 1:14:39
Epoch id: 13, Training steps: 300, Avg loss: 0.003, Time: 1:15:07
Epoch id: 13, Training steps: 400, Avg loss: 0.003, Time: 1:15:36
Epoch id: 13, Training steps: 500, Avg loss: 0.003, Time: 1:16:04
Epoch id: 13, Training steps: 600, Avg loss: 0.004, Time: 1:16:33
Epoch id: 13, Training steps: 700, Avg loss: 0.003, Time: 1:17:01
Epoch id: 13, Training steps: 800, Avg loss: 0.003, Time: 1:17:29
Epoch id: 13, Training steps: 900, Avg loss: 0.004, Time: 1:17:57
Epoch id: 13, Training steps: 1000, Avg loss: 0.004, Time: 1:18:26
Epoch id: 13, Training steps: 1100, Avg loss: 0.004, Time: 1:18:54
Start evaluation on dev dataset.
/root/miniconda3/envs/lyq/lib/python3.8/site-packages/sklearn/metrics/_classification.py:1469: UndefinedMetricWarning: Precision is ill-defined and being set to 0.0 in samples with no predicted labels. Use `zero_division` parameter to control this behavior.
  _warn_prf(average, modifier, msg_start, len(result))
Acc. (Correct/Total): 54.65%% Prec: 0.7378 F1: 0.7090
Start evaluation on test dataset.
/root/miniconda3/envs/lyq/lib/python3.8/site-packages/sklearn/metrics/_classification.py:1469: UndefinedMetricWarning: Precision is ill-defined and being set to 0.0 in samples with no predicted labels. Use `zero_division` parameter to control this behavior.
  _warn_prf(average, modifier, msg_start, len(result))
Acc. (Correct/Total): 60.18%% Prec: 0.7828 F1: 0.7576
Epoch id: 14, Training steps: 100, Avg loss: 0.005, Time: 1:20:23
Epoch id: 14, Training steps: 200, Avg loss: 0.003, Time: 1:20:52
Epoch id: 14, Training steps: 300, Avg loss: 0.003, Time: 1:21:20
Epoch id: 14, Training steps: 400, Avg loss: 0.003, Time: 1:21:48
Epoch id: 14, Training steps: 500, Avg loss: 0.003, Time: 1:22:17
Epoch id: 14, Training steps: 600, Avg loss: 0.004, Time: 1:22:45
Epoch id: 14, Training steps: 700, Avg loss: 0.003, Time: 1:23:14
Epoch id: 14, Training steps: 800, Avg loss: 0.004, Time: 1:23:42
Epoch id: 14, Training steps: 900, Avg loss: 0.003, Time: 1:24:10
Epoch id: 14, Training steps: 1000, Avg loss: 0.003, Time: 1:24:38
Epoch id: 14, Training steps: 1100, Avg loss: 0.003, Time: 1:25:07
Start evaluation on dev dataset.
/root/miniconda3/envs/lyq/lib/python3.8/site-packages/sklearn/metrics/_classification.py:1469: UndefinedMetricWarning: Precision is ill-defined and being set to 0.0 in samples with no predicted labels. Use `zero_division` parameter to control this behavior.
  _warn_prf(average, modifier, msg_start, len(result))
Acc. (Correct/Total): 53.65%% Prec: 0.7266 F1: 0.6959
Epoch id: 15, Training steps: 100, Avg loss: 0.003, Time: 1:26:10
Epoch id: 15, Training steps: 200, Avg loss: 0.002, Time: 1:26:39
Epoch id: 15, Training steps: 300, Avg loss: 0.002, Time: 1:27:07
Epoch id: 15, Training steps: 400, Avg loss: 0.002, Time: 1:27:35
Epoch id: 15, Training steps: 500, Avg loss: 0.002, Time: 1:28:03
Epoch id: 15, Training steps: 600, Avg loss: 0.002, Time: 1:28:32
Epoch id: 15, Training steps: 700, Avg loss: 0.002, Time: 1:29:00
Epoch id: 15, Training steps: 800, Avg loss: 0.002, Time: 1:29:28
Epoch id: 15, Training steps: 900, Avg loss: 0.002, Time: 1:29:57
Epoch id: 15, Training steps: 1000, Avg loss: 0.003, Time: 1:30:25
Epoch id: 15, Training steps: 1100, Avg loss: 0.002, Time: 1:30:53
Start evaluation on dev dataset.
/root/miniconda3/envs/lyq/lib/python3.8/site-packages/sklearn/metrics/_classification.py:1469: UndefinedMetricWarning: Precision is ill-defined and being set to 0.0 in samples with no predicted labels. Use `zero_division` parameter to control this behavior.
  _warn_prf(average, modifier, msg_start, len(result))
Acc. (Correct/Total): 53.17%% Prec: 0.7326 F1: 0.6985
Epoch id: 16, Training steps: 100, Avg loss: 0.003, Time: 1:31:57
Epoch id: 16, Training steps: 200, Avg loss: 0.002, Time: 1:32:25
Epoch id: 16, Training steps: 300, Avg loss: 0.002, Time: 1:32:53
Epoch id: 16, Training steps: 400, Avg loss: 0.002, Time: 1:33:22
Epoch id: 16, Training steps: 500, Avg loss: 0.002, Time: 1:33:50
Epoch id: 16, Training steps: 600, Avg loss: 0.002, Time: 1:34:19
Epoch id: 16, Training steps: 700, Avg loss: 0.002, Time: 1:34:47
Epoch id: 16, Training steps: 800, Avg loss: 0.002, Time: 1:35:15
Epoch id: 16, Training steps: 900, Avg loss: 0.002, Time: 1:35:43
Epoch id: 16, Training steps: 1000, Avg loss: 0.002, Time: 1:36:12
Epoch id: 16, Training steps: 1100, Avg loss: 0.002, Time: 1:36:40
Start evaluation on dev dataset.
/root/miniconda3/envs/lyq/lib/python3.8/site-packages/sklearn/metrics/_classification.py:1469: UndefinedMetricWarning: Precision is ill-defined and being set to 0.0 in samples with no predicted labels. Use `zero_division` parameter to control this behavior.
  _warn_prf(average, modifier, msg_start, len(result))
Acc. (Correct/Total): 54.51%% Prec: 0.7380 F1: 0.7107
Epoch id: 17, Training steps: 100, Avg loss: 0.003, Time: 1:37:44
Epoch id: 17, Training steps: 200, Avg loss: 0.001, Time: 1:38:12
Epoch id: 17, Training steps: 300, Avg loss: 0.002, Time: 1:38:40
Epoch id: 17, Training steps: 400, Avg loss: 0.003, Time: 1:39:09
Epoch id: 17, Training steps: 500, Avg loss: 0.002, Time: 1:39:37
Epoch id: 17, Training steps: 600, Avg loss: 0.002, Time: 1:40:05
Epoch id: 17, Training steps: 700, Avg loss: 0.002, Time: 1:40:34
Epoch id: 17, Training steps: 800, Avg loss: 0.002, Time: 1:41:02
Epoch id: 17, Training steps: 900, Avg loss: 0.002, Time: 1:41:31
Epoch id: 17, Training steps: 1000, Avg loss: 0.001, Time: 1:41:59
Epoch id: 17, Training steps: 1100, Avg loss: 0.002, Time: 1:42:27
Start evaluation on dev dataset.
/root/miniconda3/envs/lyq/lib/python3.8/site-packages/sklearn/metrics/_classification.py:1469: UndefinedMetricWarning: Precision is ill-defined and being set to 0.0 in samples with no predicted labels. Use `zero_division` parameter to control this behavior.
  _warn_prf(average, modifier, msg_start, len(result))
Acc. (Correct/Total): 52.21%% Prec: 0.7186 F1: 0.6805
Epoch id: 18, Training steps: 100, Avg loss: 0.003, Time: 1:43:31
Epoch id: 18, Training steps: 200, Avg loss: 0.002, Time: 1:44:00
Epoch id: 18, Training steps: 300, Avg loss: 0.001, Time: 1:44:28
Epoch id: 18, Training steps: 400, Avg loss: 0.001, Time: 1:44:57
Epoch id: 18, Training steps: 500, Avg loss: 0.001, Time: 1:45:25
Epoch id: 18, Training steps: 600, Avg loss: 0.002, Time: 1:45:53
Epoch id: 18, Training steps: 700, Avg loss: 0.002, Time: 1:46:22
Epoch id: 18, Training steps: 800, Avg loss: 0.002, Time: 1:46:50
Epoch id: 18, Training steps: 900, Avg loss: 0.002, Time: 1:47:18
Epoch id: 18, Training steps: 1000, Avg loss: 0.002, Time: 1:47:47
Epoch id: 18, Training steps: 1100, Avg loss: 0.002, Time: 1:48:15
Start evaluation on dev dataset.
/root/miniconda3/envs/lyq/lib/python3.8/site-packages/sklearn/metrics/_classification.py:1469: UndefinedMetricWarning: Precision is ill-defined and being set to 0.0 in samples with no predicted labels. Use `zero_division` parameter to control this behavior.
  _warn_prf(average, modifier, msg_start, len(result))
Acc. (Correct/Total): 53.93%% Prec: 0.7389 F1: 0.7068
Epoch id: 19, Training steps: 100, Avg loss: 0.002, Time: 1:49:19
Epoch id: 19, Training steps: 200, Avg loss: 0.001, Time: 1:49:47
Epoch id: 19, Training steps: 300, Avg loss: 0.002, Time: 1:50:15
Epoch id: 19, Training steps: 400, Avg loss: 0.001, Time: 1:50:44
Epoch id: 19, Training steps: 500, Avg loss: 0.002, Time: 1:51:12
Epoch id: 19, Training steps: 600, Avg loss: 0.002, Time: 1:51:40
Epoch id: 19, Training steps: 700, Avg loss: 0.002, Time: 1:52:09
Epoch id: 19, Training steps: 800, Avg loss: 0.002, Time: 1:52:37
Epoch id: 19, Training steps: 900, Avg loss: 0.001, Time: 1:53:05
Epoch id: 19, Training steps: 1000, Avg loss: 0.001, Time: 1:53:34
Epoch id: 19, Training steps: 1100, Avg loss: 0.002, Time: 1:54:02
Start evaluation on dev dataset.
/root/miniconda3/envs/lyq/lib/python3.8/site-packages/sklearn/metrics/_classification.py:1469: UndefinedMetricWarning: Precision is ill-defined and being set to 0.0 in samples with no predicted labels. Use `zero_division` parameter to control this behavior.
  _warn_prf(average, modifier, msg_start, len(result))
Acc. (Correct/Total): 53.79%% Prec: 0.7325 F1: 0.7045
Epoch id: 20, Training steps: 100, Avg loss: 0.002, Time: 1:55:05
Epoch id: 20, Training steps: 200, Avg loss: 0.003, Time: 1:55:34
Epoch id: 20, Training steps: 300, Avg loss: 0.001, Time: 1:56:02
Epoch id: 20, Training steps: 400, Avg loss: 0.002, Time: 1:56:31
Epoch id: 20, Training steps: 500, Avg loss: 0.001, Time: 1:56:59
Epoch id: 20, Training steps: 600, Avg loss: 0.001, Time: 1:57:27
Epoch id: 20, Training steps: 700, Avg loss: 0.001, Time: 1:57:56
Epoch id: 20, Training steps: 800, Avg loss: 0.001, Time: 1:58:24
Epoch id: 20, Training steps: 900, Avg loss: 0.001, Time: 1:58:52
Epoch id: 20, Training steps: 1000, Avg loss: 0.001, Time: 1:59:21
Epoch id: 20, Training steps: 1100, Avg loss: 0.002, Time: 1:59:49
Start evaluation on dev dataset.
/root/miniconda3/envs/lyq/lib/python3.8/site-packages/sklearn/metrics/_classification.py:1469: UndefinedMetricWarning: Precision is ill-defined and being set to 0.0 in samples with no predicted labels. Use `zero_division` parameter to control this behavior.
  _warn_prf(average, modifier, msg_start, len(result))
Acc. (Correct/Total): 54.03%% Prec: 0.7394 F1: 0.7176
Final evaluation on the test dataset.
The number of evaluation instances:  2067
/root/miniconda3/envs/lyq/lib/python3.8/site-packages/sklearn/metrics/_classification.py:1469: UndefinedMetricWarning: Precision is ill-defined and being set to 0.0 in samples with no predicted labels. Use `zero_division` parameter to control this behavior.
  _warn_prf(average, modifier, msg_start, len(result))
/root/miniconda3/envs/lyq/lib/python3.8/site-packages/sklearn/metrics/_classification.py:1469: UndefinedMetricWarning: Precision and F-score are ill-defined and being set to 0.0 in labels with no predicted samples. Use `zero_division` parameter to control this behavior.
  _warn_prf(average, modifier, msg_start, len(result))
/root/miniconda3/envs/lyq/lib/python3.8/site-packages/sklearn/metrics/_classification.py:1469: UndefinedMetricWarning: Precision and F-score are ill-defined and being set to 0.0 in samples with no predicted labels. Use `zero_division` parameter to control this behavior.
  _warn_prf(average, modifier, msg_start, len(result))
Acc. (Correct/Total): 60.18% Prec: 0.7828 F1: 0.7576
Precision, Recall and F1-Score...
              precision    recall  f1-score   support

         教育学     0.8952    0.9212    0.9080       241
          法学     0.8112    0.9018    0.8541       224
      中国语言文学     0.8564    0.8378    0.8470       185
         政治学     0.8730    0.6748    0.7612       163
         社会学     0.8160    0.8471    0.8312       157
         心理学     0.8065    0.6098    0.6944       123
       应用经济学     0.7857    0.5641    0.6567       117
         历史学     0.8718    0.6239    0.7273       109
     环境科学与工程     0.9121    0.7685    0.8342       108
          哲学     0.8676    0.6082    0.7152        97
      外国语言文学     0.7805    0.7529    0.7665        85
         生物学     0.8000    0.8101    0.8050        79
      交通运输工程     0.8929    0.9615    0.9259        78
        临床医学     0.9412    0.6316    0.7559        76
    计算机科学与技术     0.6263    0.8732    0.7294        71
        土木工程     0.8289    0.9545    0.8873        66
   航空宇航科学与技术     0.9821    0.9016    0.9402        61
         民族学     0.7179    0.5091    0.5957        55
   公共卫生与预防医学     0.6792    0.7059    0.6923        51
         美术学     0.7903    0.9800    0.8750        50
         艺术学     0.8857    0.7209    0.7949        43
         地理学     0.7941    0.6429    0.7105        42
         体育学     0.8846    0.5750    0.6970        40
       理论经济学     0.8378    0.8158    0.8267        38
         中医学     0.9259    0.6757    0.7813        37
         物理学     0.8421    0.8889    0.8649        36
          林学     0.7826    0.5455    0.6429        33
          数学     0.7500    0.5625    0.6429        32
     电子科学与技术     0.6552    0.6129    0.6333        31
        基础医学     0.3922    0.6897    0.5000        29
        工商管理     0.8750    0.5185    0.6512        27
       新闻传播学     0.8095    0.7727    0.7907        22
         天文学     0.7826    0.8182    0.8000        22
         地质学     0.8824    0.7143    0.7895        21
         畜牧学     0.8182    0.8571    0.8372        21
   军事思想及军事历史     0.8000    0.8000    0.8000        20
     管理科学与工程     0.5714    0.6667    0.6154        18
     测绘科学与技术     0.8125    0.7647    0.7879        17
        水利工程     0.8750    0.4375    0.5833        16
        大气科学     0.7647    0.8125    0.7879        16
     兵器科学与技术     0.6667    0.8000    0.7273        15
       地球物理学     0.2500    0.0714    0.1111        14
        电气工程     1.0000    0.3846    0.5556        13
         作物学     0.7000    0.5385    0.6087        13
     控制科学与工程     0.4000    0.3077    0.3478        13
     信息与通信工程     0.7273    0.6154    0.6667        13
        公共管理     0.3125    0.3846    0.3448        13
         建筑学     0.8000    0.3077    0.4444        13
     化学工程与技术     0.6923    0.7500    0.7200        12
          力学     0.8000    0.7273    0.7619        11
        海洋科学     0.7333    1.0000    0.8462        11
     轻工技术与工程     0.5000    0.3636    0.4211        11
        农业工程     1.0000    0.5000    0.6667        10
         园艺学     0.7500    0.9000    0.8182        10
       中西医结合     1.0000    0.3000    0.4615        10
        机械工程     0.8889    0.8889    0.8889         9
       科学技术史     1.0000    0.6250    0.7692         8
     船舶与海洋工程     1.0000    0.7500    0.8571         8
   图书情报与档案管理     0.6250    0.6250    0.6250         8
        植物保护     1.0000    1.0000    1.0000         8
     材料科学与工程     0.8571    0.7500    0.8000         8
         统计学     0.7000    0.8750    0.7778         8
          化学     1.0000    0.8750    0.9333         8
     食品科学与工程     0.8333    0.6250    0.7143         8
          水产     1.0000    0.7143    0.8333         7
          药学     1.0000    0.8571    0.9231         7
     农业资源与环境     0.6667    0.2857    0.4000         7
         世界史     0.6364    1.0000    0.7778         7
        系统科学     1.0000    0.7143    0.8333         7
      农林经济管理     0.5714    0.8000    0.6667         5
       军队指挥学     1.0000    0.4000    0.5714         5
        矿业工程     0.7500    0.6000    0.6667         5
     纺织科学与工程     0.7143    1.0000    0.8333         5
  动力工程及工程热物理     0.0000    0.0000    0.0000         4
        林业工程     0.2500    0.2500    0.2500         4
     仪器科学与技术     0.0000    0.0000    0.0000         3
         战略学     0.5000    1.0000    0.6667         3
   地质资源与地质工程     0.6000    1.0000    0.7500         3
        旅游管理     1.0000    0.6667    0.8000         3
 图书馆、情报与档案管理     0.0000    0.0000    0.0000         2
        冶金工程     1.0000    0.5000    0.6667         2
      核科学与技术     0.0000    0.0000    0.0000         2

   micro avg     0.8096    0.7452    0.7761      3093
   macro avg     0.7464    0.6595    0.6811      3093
weighted avg     0.8166    0.7452    0.7692      3093
 samples avg     0.7828    0.7624    0.7576      3093

