/root/miniconda3/envs/lyq/lib/python3.8/site-packages/scipy/__init__.py:146: UserWarning: A NumPy version >=1.16.5 and <1.23.0 is required for this version of SciPy (detected version 1.23.5
  warnings.warn(f"A NumPy version >={np_minversion} and <{np_maxversion}"
  0%|          | 0/82 [00:00<?, ?it/s]100%|██████████| 82/82 [00:00<00:00, 397610.32it/s]
model:  ernie-rcnn
pretrained:  ernie1
task:  MLC
dataset:  book_multilabels_task
seq_length:  256
hidden_dropout_prob:  0.1
attention_probs_dropout_prob:  0.1
epochs_num:  20
batch_size:  32
learning_rate:  1.9e-05
report_steps:  100
kg_name:  CnDbpedia
no_kg:  False
no_vm:  False
Vocabulary Size:  17964
[BertClassifier] use visible_matrix: True
Some weights of ErnieRCNNForMultiLabelSequenceClassification were not initialized from the model checkpoint at ./models/ernie1 and are newly initialized: ['lstm.bias_ih_l0_reverse', 'lstm.weight_hh_l0_reverse', 'lstm.weight_hh_l0', 'lstm.bias_hh_l1', 'lstm.weight_hh_l1_reverse', 'lstm.bias_hh_l1_reverse', 'lstm.weight_ih_l0', 'output_layer_1.bias', 'classifier.bias', 'lstm.bias_hh_l0', 'classifier.weight', 'lstm.bias_ih_l0', 'lstm.weight_ih_l1_reverse', 'lstm.weight_hh_l1', 'lstm.bias_ih_l1_reverse', 'lstm.weight_ih_l0_reverse', 'lstm.bias_hh_l0_reverse', 'lstm.bias_ih_l1', 'lstm.weight_ih_l1', 'output_layer_1.weight']
You should probably TRAIN this model on a down-stream task to be able to use it for predictions and inference.
1 GPUs are available. Let's use them.
device:  cuda
[KnowledgeGraph] Loading spo from /Lyq/experiment/K-BERT-HUGGINGFACE/brain/kgs/CnDbpedia.spo
Start training.
Loading sentences from ./datasets/book_multilabels_task/train.tsv
There are 9097 sentence in total. We use 1 processes to inject knowledge into sentences.
Progress of process 0: 0/9097
Loading sentences from ./datasets/book_multilabels_task/dev.tsv
There are 2084 sentence in total. We use 1 processes to inject knowledge into sentences.
Progress of process 0: 0/2084
Loading sentences from ./datasets/book_multilabels_task/test.tsv
There are 2067 sentence in total. We use 1 processes to inject knowledge into sentences.
Progress of process 0: 0/2067
Epoch id: 1, Training steps: 100, Avg loss: 0.252, Time: 0:00:57
Epoch id: 1, Training steps: 200, Avg loss: 0.089, Time: 0:01:52
Start evaluation on dev dataset.
/root/miniconda3/envs/lyq/lib/python3.8/site-packages/sklearn/metrics/_classification.py:1469: UndefinedMetricWarning: Precision is ill-defined and being set to 0.0 in samples with no predicted labels. Use `zero_division` parameter to control this behavior.
  _warn_prf(average, modifier, msg_start, len(result))
Acc. (Correct/Total):  0.00%% Prec: 0.0000 F1: 0.0000
Epoch id: 2, Training steps: 100, Avg loss: 0.149, Time: 0:03:35
Epoch id: 2, Training steps: 200, Avg loss: 0.074, Time: 0:04:25
Start evaluation on dev dataset.
/root/miniconda3/envs/lyq/lib/python3.8/site-packages/sklearn/metrics/_classification.py:1469: UndefinedMetricWarning: Precision is ill-defined and being set to 0.0 in samples with no predicted labels. Use `zero_division` parameter to control this behavior.
  _warn_prf(average, modifier, msg_start, len(result))
Acc. (Correct/Total):  0.00%% Prec: 0.0000 F1: 0.0000
Epoch id: 3, Training steps: 100, Avg loss: 0.122, Time: 0:06:21
Epoch id: 3, Training steps: 200, Avg loss: 0.056, Time: 0:07:12
Start evaluation on dev dataset.
/root/miniconda3/envs/lyq/lib/python3.8/site-packages/sklearn/metrics/_classification.py:1469: UndefinedMetricWarning: Precision is ill-defined and being set to 0.0 in samples with no predicted labels. Use `zero_division` parameter to control this behavior.
  _warn_prf(average, modifier, msg_start, len(result))
Acc. (Correct/Total):  9.21%% Prec: 0.1377 F1: 0.1222
Start evaluation on test dataset.
/root/miniconda3/envs/lyq/lib/python3.8/site-packages/sklearn/metrics/_classification.py:1469: UndefinedMetricWarning: Precision is ill-defined and being set to 0.0 in samples with no predicted labels. Use `zero_division` parameter to control this behavior.
  _warn_prf(average, modifier, msg_start, len(result))
Acc. (Correct/Total):  9.24%% Prec: 0.1630 F1: 0.1391
Epoch id: 4, Training steps: 100, Avg loss: 0.088, Time: 0:09:21
Epoch id: 4, Training steps: 200, Avg loss: 0.043, Time: 0:10:15
Start evaluation on dev dataset.
/root/miniconda3/envs/lyq/lib/python3.8/site-packages/sklearn/metrics/_classification.py:1469: UndefinedMetricWarning: Precision is ill-defined and being set to 0.0 in samples with no predicted labels. Use `zero_division` parameter to control this behavior.
  _warn_prf(average, modifier, msg_start, len(result))
Acc. (Correct/Total): 16.36%% Prec: 0.2687 F1: 0.2331
Start evaluation on test dataset.
/root/miniconda3/envs/lyq/lib/python3.8/site-packages/sklearn/metrics/_classification.py:1469: UndefinedMetricWarning: Precision is ill-defined and being set to 0.0 in samples with no predicted labels. Use `zero_division` parameter to control this behavior.
  _warn_prf(average, modifier, msg_start, len(result))
Acc. (Correct/Total): 20.80%% Prec: 0.3033 F1: 0.2723
Epoch id: 5, Training steps: 100, Avg loss: 0.072, Time: 0:12:26
Epoch id: 5, Training steps: 200, Avg loss: 0.033, Time: 0:13:17
Start evaluation on dev dataset.
/root/miniconda3/envs/lyq/lib/python3.8/site-packages/sklearn/metrics/_classification.py:1469: UndefinedMetricWarning: Precision is ill-defined and being set to 0.0 in samples with no predicted labels. Use `zero_division` parameter to control this behavior.
  _warn_prf(average, modifier, msg_start, len(result))
Acc. (Correct/Total): 25.91%% Prec: 0.3995 F1: 0.3542
Start evaluation on test dataset.
/root/miniconda3/envs/lyq/lib/python3.8/site-packages/sklearn/metrics/_classification.py:1469: UndefinedMetricWarning: Precision is ill-defined and being set to 0.0 in samples with no predicted labels. Use `zero_division` parameter to control this behavior.
  _warn_prf(average, modifier, msg_start, len(result))
Acc. (Correct/Total): 30.48%% Prec: 0.4410 F1: 0.3974
Epoch id: 6, Training steps: 100, Avg loss: 0.060, Time: 0:15:23
Epoch id: 6, Training steps: 200, Avg loss: 0.030, Time: 0:16:18
Start evaluation on dev dataset.
/root/miniconda3/envs/lyq/lib/python3.8/site-packages/sklearn/metrics/_classification.py:1469: UndefinedMetricWarning: Precision is ill-defined and being set to 0.0 in samples with no predicted labels. Use `zero_division` parameter to control this behavior.
  _warn_prf(average, modifier, msg_start, len(result))
Acc. (Correct/Total): 29.22%% Prec: 0.4453 F1: 0.3975
Start evaluation on test dataset.
/root/miniconda3/envs/lyq/lib/python3.8/site-packages/sklearn/metrics/_classification.py:1469: UndefinedMetricWarning: Precision is ill-defined and being set to 0.0 in samples with no predicted labels. Use `zero_division` parameter to control this behavior.
  _warn_prf(average, modifier, msg_start, len(result))
Acc. (Correct/Total): 34.16%% Prec: 0.4961 F1: 0.4478
Epoch id: 7, Training steps: 100, Avg loss: 0.051, Time: 0:18:32
Epoch id: 7, Training steps: 200, Avg loss: 0.027, Time: 0:19:16
Start evaluation on dev dataset.
/root/miniconda3/envs/lyq/lib/python3.8/site-packages/sklearn/metrics/_classification.py:1469: UndefinedMetricWarning: Precision is ill-defined and being set to 0.0 in samples with no predicted labels. Use `zero_division` parameter to control this behavior.
  _warn_prf(average, modifier, msg_start, len(result))
Acc. (Correct/Total): 32.29%% Prec: 0.4928 F1: 0.4399
Start evaluation on test dataset.
/root/miniconda3/envs/lyq/lib/python3.8/site-packages/sklearn/metrics/_classification.py:1469: UndefinedMetricWarning: Precision is ill-defined and being set to 0.0 in samples with no predicted labels. Use `zero_division` parameter to control this behavior.
  _warn_prf(average, modifier, msg_start, len(result))
Acc. (Correct/Total): 37.78%% Prec: 0.5510 F1: 0.4959
Epoch id: 8, Training steps: 100, Avg loss: 0.045, Time: 0:21:26
Epoch id: 8, Training steps: 200, Avg loss: 0.023, Time: 0:22:24
Start evaluation on dev dataset.
/root/miniconda3/envs/lyq/lib/python3.8/site-packages/sklearn/metrics/_classification.py:1469: UndefinedMetricWarning: Precision is ill-defined and being set to 0.0 in samples with no predicted labels. Use `zero_division` parameter to control this behavior.
  _warn_prf(average, modifier, msg_start, len(result))
Acc. (Correct/Total): 34.55%% Prec: 0.5389 F1: 0.4804
Start evaluation on test dataset.
/root/miniconda3/envs/lyq/lib/python3.8/site-packages/sklearn/metrics/_classification.py:1469: UndefinedMetricWarning: Precision is ill-defined and being set to 0.0 in samples with no predicted labels. Use `zero_division` parameter to control this behavior.
  _warn_prf(average, modifier, msg_start, len(result))
Acc. (Correct/Total): 40.35%% Prec: 0.5881 F1: 0.5296
Epoch id: 9, Training steps: 100, Avg loss: 0.038, Time: 0:24:28
Epoch id: 9, Training steps: 200, Avg loss: 0.020, Time: 0:25:18
Start evaluation on dev dataset.
/root/miniconda3/envs/lyq/lib/python3.8/site-packages/sklearn/metrics/_classification.py:1469: UndefinedMetricWarning: Precision is ill-defined and being set to 0.0 in samples with no predicted labels. Use `zero_division` parameter to control this behavior.
  _warn_prf(average, modifier, msg_start, len(result))
Acc. (Correct/Total): 37.33%% Prec: 0.5646 F1: 0.5064
Start evaluation on test dataset.
/root/miniconda3/envs/lyq/lib/python3.8/site-packages/sklearn/metrics/_classification.py:1469: UndefinedMetricWarning: Precision is ill-defined and being set to 0.0 in samples with no predicted labels. Use `zero_division` parameter to control this behavior.
  _warn_prf(average, modifier, msg_start, len(result))
Acc. (Correct/Total): 42.82%% Prec: 0.6213 F1: 0.5607
Epoch id: 10, Training steps: 100, Avg loss: 0.034, Time: 0:27:36
Epoch id: 10, Training steps: 200, Avg loss: 0.017, Time: 0:28:25
Start evaluation on dev dataset.
/root/miniconda3/envs/lyq/lib/python3.8/site-packages/sklearn/metrics/_classification.py:1469: UndefinedMetricWarning: Precision is ill-defined and being set to 0.0 in samples with no predicted labels. Use `zero_division` parameter to control this behavior.
  _warn_prf(average, modifier, msg_start, len(result))
Acc. (Correct/Total): 38.39%% Prec: 0.5855 F1: 0.5259
Start evaluation on test dataset.
/root/miniconda3/envs/lyq/lib/python3.8/site-packages/sklearn/metrics/_classification.py:1469: UndefinedMetricWarning: Precision is ill-defined and being set to 0.0 in samples with no predicted labels. Use `zero_division` parameter to control this behavior.
  _warn_prf(average, modifier, msg_start, len(result))
Acc. (Correct/Total): 45.28%% Prec: 0.6335 F1: 0.5778
Epoch id: 11, Training steps: 100, Avg loss: 0.030, Time: 0:30:35
Epoch id: 11, Training steps: 200, Avg loss: 0.015, Time: 0:31:31
Start evaluation on dev dataset.
/root/miniconda3/envs/lyq/lib/python3.8/site-packages/sklearn/metrics/_classification.py:1469: UndefinedMetricWarning: Precision is ill-defined and being set to 0.0 in samples with no predicted labels. Use `zero_division` parameter to control this behavior.
  _warn_prf(average, modifier, msg_start, len(result))
Acc. (Correct/Total): 41.79%% Prec: 0.6215 F1: 0.5631
Start evaluation on test dataset.
/root/miniconda3/envs/lyq/lib/python3.8/site-packages/sklearn/metrics/_classification.py:1469: UndefinedMetricWarning: Precision is ill-defined and being set to 0.0 in samples with no predicted labels. Use `zero_division` parameter to control this behavior.
  _warn_prf(average, modifier, msg_start, len(result))
Acc. (Correct/Total): 48.19%% Prec: 0.6684 F1: 0.6130
Epoch id: 12, Training steps: 100, Avg loss: 0.025, Time: 0:33:40
Epoch id: 12, Training steps: 200, Avg loss: 0.013, Time: 0:34:31
Start evaluation on dev dataset.
/root/miniconda3/envs/lyq/lib/python3.8/site-packages/sklearn/metrics/_classification.py:1469: UndefinedMetricWarning: Precision is ill-defined and being set to 0.0 in samples with no predicted labels. Use `zero_division` parameter to control this behavior.
  _warn_prf(average, modifier, msg_start, len(result))
Acc. (Correct/Total): 42.95%% Prec: 0.6320 F1: 0.5756
Start evaluation on test dataset.
/root/miniconda3/envs/lyq/lib/python3.8/site-packages/sklearn/metrics/_classification.py:1469: UndefinedMetricWarning: Precision is ill-defined and being set to 0.0 in samples with no predicted labels. Use `zero_division` parameter to control this behavior.
  _warn_prf(average, modifier, msg_start, len(result))
Acc. (Correct/Total): 49.64%% Prec: 0.6836 F1: 0.6262
Epoch id: 13, Training steps: 100, Avg loss: 0.022, Time: 0:36:41
Epoch id: 13, Training steps: 200, Avg loss: 0.011, Time: 0:37:35
Start evaluation on dev dataset.
/root/miniconda3/envs/lyq/lib/python3.8/site-packages/sklearn/metrics/_classification.py:1469: UndefinedMetricWarning: Precision is ill-defined and being set to 0.0 in samples with no predicted labels. Use `zero_division` parameter to control this behavior.
  _warn_prf(average, modifier, msg_start, len(result))
Acc. (Correct/Total): 43.67%% Prec: 0.6453 F1: 0.5882
Start evaluation on test dataset.
/root/miniconda3/envs/lyq/lib/python3.8/site-packages/sklearn/metrics/_classification.py:1469: UndefinedMetricWarning: Precision is ill-defined and being set to 0.0 in samples with no predicted labels. Use `zero_division` parameter to control this behavior.
  _warn_prf(average, modifier, msg_start, len(result))
Acc. (Correct/Total): 52.59%% Prec: 0.7117 F1: 0.6583
Epoch id: 14, Training steps: 100, Avg loss: 0.020, Time: 0:39:42
Epoch id: 14, Training steps: 200, Avg loss: 0.010, Time: 0:40:35
Start evaluation on dev dataset.
/root/miniconda3/envs/lyq/lib/python3.8/site-packages/sklearn/metrics/_classification.py:1469: UndefinedMetricWarning: Precision is ill-defined and being set to 0.0 in samples with no predicted labels. Use `zero_division` parameter to control this behavior.
  _warn_prf(average, modifier, msg_start, len(result))
Acc. (Correct/Total): 45.83%% Prec: 0.6629 F1: 0.6080
Start evaluation on test dataset.
/root/miniconda3/envs/lyq/lib/python3.8/site-packages/sklearn/metrics/_classification.py:1469: UndefinedMetricWarning: Precision is ill-defined and being set to 0.0 in samples with no predicted labels. Use `zero_division` parameter to control this behavior.
  _warn_prf(average, modifier, msg_start, len(result))
Acc. (Correct/Total): 52.78%% Prec: 0.7168 F1: 0.6632
Epoch id: 15, Training steps: 100, Avg loss: 0.016, Time: 0:42:51
Epoch id: 15, Training steps: 200, Avg loss: 0.009, Time: 0:43:42
Start evaluation on dev dataset.
/root/miniconda3/envs/lyq/lib/python3.8/site-packages/sklearn/metrics/_classification.py:1469: UndefinedMetricWarning: Precision is ill-defined and being set to 0.0 in samples with no predicted labels. Use `zero_division` parameter to control this behavior.
  _warn_prf(average, modifier, msg_start, len(result))
Acc. (Correct/Total): 44.19%% Prec: 0.6607 F1: 0.6013
Epoch id: 16, Training steps: 100, Avg loss: 0.014, Time: 0:45:38
Epoch id: 16, Training steps: 200, Avg loss: 0.008, Time: 0:46:33
Start evaluation on dev dataset.
/root/miniconda3/envs/lyq/lib/python3.8/site-packages/sklearn/metrics/_classification.py:1469: UndefinedMetricWarning: Precision is ill-defined and being set to 0.0 in samples with no predicted labels. Use `zero_division` parameter to control this behavior.
  _warn_prf(average, modifier, msg_start, len(result))
Acc. (Correct/Total): 45.63%% Prec: 0.6654 F1: 0.6099
Epoch id: 17, Training steps: 100, Avg loss: 0.013, Time: 0:48:25
Epoch id: 17, Training steps: 200, Avg loss: 0.006, Time: 0:49:15
Start evaluation on dev dataset.
/root/miniconda3/envs/lyq/lib/python3.8/site-packages/sklearn/metrics/_classification.py:1469: UndefinedMetricWarning: Precision is ill-defined and being set to 0.0 in samples with no predicted labels. Use `zero_division` parameter to control this behavior.
  _warn_prf(average, modifier, msg_start, len(result))
Acc. (Correct/Total): 44.96%% Prec: 0.6623 F1: 0.6097
Epoch id: 18, Training steps: 100, Avg loss: 0.012, Time: 0:51:11
Epoch id: 18, Training steps: 200, Avg loss: 0.006, Time: 0:52:07
Start evaluation on dev dataset.
/root/miniconda3/envs/lyq/lib/python3.8/site-packages/sklearn/metrics/_classification.py:1469: UndefinedMetricWarning: Precision is ill-defined and being set to 0.0 in samples with no predicted labels. Use `zero_division` parameter to control this behavior.
  _warn_prf(average, modifier, msg_start, len(result))
Acc. (Correct/Total): 46.55%% Prec: 0.6719 F1: 0.6199
Start evaluation on test dataset.
/root/miniconda3/envs/lyq/lib/python3.8/site-packages/sklearn/metrics/_classification.py:1469: UndefinedMetricWarning: Precision is ill-defined and being set to 0.0 in samples with no predicted labels. Use `zero_division` parameter to control this behavior.
  _warn_prf(average, modifier, msg_start, len(result))
Acc. (Correct/Total): 54.72%% Prec: 0.7330 F1: 0.6825
Epoch id: 19, Training steps: 100, Avg loss: 0.011, Time: 0:54:09
Epoch id: 19, Training steps: 200, Avg loss: 0.005, Time: 0:55:00
Start evaluation on dev dataset.
/root/miniconda3/envs/lyq/lib/python3.8/site-packages/sklearn/metrics/_classification.py:1469: UndefinedMetricWarning: Precision is ill-defined and being set to 0.0 in samples with no predicted labels. Use `zero_division` parameter to control this behavior.
  _warn_prf(average, modifier, msg_start, len(result))
Acc. (Correct/Total): 47.07%% Prec: 0.6816 F1: 0.6303
Start evaluation on test dataset.
/root/miniconda3/envs/lyq/lib/python3.8/site-packages/sklearn/metrics/_classification.py:1469: UndefinedMetricWarning: Precision is ill-defined and being set to 0.0 in samples with no predicted labels. Use `zero_division` parameter to control this behavior.
  _warn_prf(average, modifier, msg_start, len(result))
Acc. (Correct/Total): 55.30%% Prec: 0.7299 F1: 0.6844
Epoch id: 20, Training steps: 100, Avg loss: 0.008, Time: 0:57:15
Epoch id: 20, Training steps: 200, Avg loss: 0.004, Time: 0:58:11
Start evaluation on dev dataset.
/root/miniconda3/envs/lyq/lib/python3.8/site-packages/sklearn/metrics/_classification.py:1469: UndefinedMetricWarning: Precision is ill-defined and being set to 0.0 in samples with no predicted labels. Use `zero_division` parameter to control this behavior.
  _warn_prf(average, modifier, msg_start, len(result))
Acc. (Correct/Total): 47.17%% Prec: 0.6745 F1: 0.6245
Start evaluation on test dataset.
/root/miniconda3/envs/lyq/lib/python3.8/site-packages/sklearn/metrics/_classification.py:1469: UndefinedMetricWarning: Precision is ill-defined and being set to 0.0 in samples with no predicted labels. Use `zero_division` parameter to control this behavior.
  _warn_prf(average, modifier, msg_start, len(result))
Acc. (Correct/Total): 54.38%% Prec: 0.7184 F1: 0.6728
Final evaluation on the test dataset.
The number of evaluation instances:  2067
/root/miniconda3/envs/lyq/lib/python3.8/site-packages/sklearn/metrics/_classification.py:1469: UndefinedMetricWarning: Precision is ill-defined and being set to 0.0 in samples with no predicted labels. Use `zero_division` parameter to control this behavior.
  _warn_prf(average, modifier, msg_start, len(result))
/root/miniconda3/envs/lyq/lib/python3.8/site-packages/sklearn/metrics/_classification.py:1469: UndefinedMetricWarning: Precision and F-score are ill-defined and being set to 0.0 in labels with no predicted samples. Use `zero_division` parameter to control this behavior.
  _warn_prf(average, modifier, msg_start, len(result))
/root/miniconda3/envs/lyq/lib/python3.8/site-packages/sklearn/metrics/_classification.py:1469: UndefinedMetricWarning: Precision and F-score are ill-defined and being set to 0.0 in samples with no predicted labels. Use `zero_division` parameter to control this behavior.
  _warn_prf(average, modifier, msg_start, len(result))
Acc. (Correct/Total): 54.38% Prec: 0.7184 F1: 0.6728
Precision, Recall and F1-Score...
              precision    recall  f1-score   support

         教育学     0.8745    0.8672    0.8708       241
          法学     0.8912    0.7679    0.8249       224
      中国语言文学     0.7273    0.6919    0.7091       185
         政治学     0.7966    0.5767    0.6690       163
         社会学     0.8881    0.7580    0.8179       157
         心理学     0.7590    0.5122    0.6117       123
       应用经济学     0.7294    0.5299    0.6139       117
         历史学     0.9661    0.5229    0.6786       109
     环境科学与工程     0.8989    0.7407    0.8122       108
          哲学     0.8519    0.4742    0.6093        97
      外国语言文学     0.7414    0.5059    0.6014        85
         生物学     0.9077    0.7468    0.8194        79
      交通运输工程     0.9367    0.9487    0.9427        78
        临床医学     0.7432    0.7237    0.7333        76
    计算机科学与技术     0.7500    0.6338    0.6870        71
        土木工程     0.9275    0.9697    0.9481        66
   航空宇航科学与技术     0.9464    0.8689    0.9060        61
         民族学     0.6154    0.4364    0.5106        55
   公共卫生与预防医学     0.6383    0.5882    0.6122        51
         美术学     0.7551    0.7400    0.7475        50
         艺术学     0.7561    0.7209    0.7381        43
         地理学     0.8333    0.4762    0.6061        42
         体育学     1.0000    0.4500    0.6207        40
       理论经济学     0.8750    0.3684    0.5185        38
         中医学     0.9118    0.8378    0.8732        37
         物理学     0.7895    0.8333    0.8108        36
          林学     0.8889    0.4848    0.6275        33
          数学     0.7727    0.5312    0.6296        32
     电子科学与技术     0.4643    0.4194    0.4407        31
        基础医学     0.6667    0.2069    0.3158        29
        工商管理     0.8571    0.2222    0.3529        27
       新闻传播学     0.8235    0.6364    0.7179        22
         天文学     0.7917    0.8636    0.8261        22
         地质学     0.8125    0.6190    0.7027        21
         畜牧学     0.9000    0.8571    0.8780        21
   军事思想及军事历史     0.8333    0.7500    0.7895        20
     管理科学与工程     0.4800    0.6667    0.5581        18
     测绘科学与技术     0.8462    0.6471    0.7333        17
        水利工程     0.8333    0.6250    0.7143        16
        大气科学     1.0000    0.6250    0.7692        16
     兵器科学与技术     0.7333    0.7333    0.7333        15
       地球物理学     0.5000    0.1429    0.2222        14
        电气工程     0.6667    0.4615    0.5455        13
         作物学     0.8333    0.3846    0.5263        13
     控制科学与工程     0.2857    0.1538    0.2000        13
     信息与通信工程     0.8571    0.4615    0.6000        13
        公共管理     0.0000    0.0000    0.0000        13
         建筑学     0.5000    0.1538    0.2353        13
     化学工程与技术     1.0000    0.6667    0.8000        12
          力学     0.8333    0.4545    0.5882        11
        海洋科学     0.8889    0.7273    0.8000        11
     轻工技术与工程     0.5000    0.2727    0.3529        11
        农业工程     1.0000    0.2000    0.3333        10
         园艺学     0.9000    0.9000    0.9000        10
       中西医结合     1.0000    0.8000    0.8889        10
        机械工程     1.0000    0.3333    0.5000         9
       科学技术史     1.0000    0.5000    0.6667         8
     船舶与海洋工程     0.8571    0.7500    0.8000         8
   图书情报与档案管理     0.8571    0.7500    0.8000         8
        植物保护     1.0000    0.7500    0.8571         8
     材料科学与工程     1.0000    0.3750    0.5455         8
         统计学     0.6667    0.7500    0.7059         8
          化学     1.0000    0.7500    0.8571         8
     食品科学与工程     1.0000    0.2500    0.4000         8
          水产     1.0000    0.5714    0.7273         7
          药学     1.0000    0.8571    0.9231         7
     农业资源与环境     1.0000    0.2857    0.4444         7
         世界史     0.6667    0.2857    0.4000         7
        系统科学     0.7500    0.4286    0.5455         7
      农林经济管理     0.6667    0.8000    0.7273         5
       军队指挥学     1.0000    0.4000    0.5714         5
        矿业工程     0.6000    0.6000    0.6000         5
     纺织科学与工程     0.6667    0.8000    0.7273         5
  动力工程及工程热物理     0.0000    0.0000    0.0000         4
        林业工程     0.0000    0.0000    0.0000         4
     仪器科学与技术     0.0000    0.0000    0.0000         3
         战略学     0.0000    0.0000    0.0000         3
   地质资源与地质工程     0.0000    0.0000    0.0000         3
        旅游管理     0.0000    0.0000    0.0000         3
 图书馆、情报与档案管理     0.0000    0.0000    0.0000         2
        冶金工程     0.0000    0.0000    0.0000         2
      核科学与技术     0.0000    0.0000    0.0000         2

   micro avg     0.8194    0.6424    0.7202      3093
   macro avg     0.7160    0.5146    0.5789      3093
weighted avg     0.8118    0.6424    0.7050      3093
 samples avg     0.7184    0.6548    0.6728      3093

