/root/miniconda3/envs/lyq/lib/python3.8/site-packages/scipy/__init__.py:146: UserWarning: A NumPy version >=1.16.5 and <1.23.0 is required for this version of SciPy (detected version 1.23.5
  warnings.warn(f"A NumPy version >={np_minversion} and <{np_maxversion}"
  0%|          | 0/82 [00:00<?, ?it/s]100%|██████████| 82/82 [00:00<00:00, 1005651.84it/s]
model:  ernie-rcnn
pretrained:  ernie1
task:  MLC
dataset:  book_multilabels_task
seq_length:  256
hidden_dropout_prob:  0.1
attention_probs_dropout_prob:  0.1
epochs_num:  20
batch_size:  32
learning_rate:  2.8e-05
report_steps:  100
kg_name:  CnDbpedia
no_kg:  False
no_vm:  False
Vocabulary Size:  17964
[BertClassifier] use visible_matrix: True
Some weights of ErnieRCNNForMultiLabelSequenceClassification were not initialized from the model checkpoint at ./models/ernie1 and are newly initialized: ['lstm.bias_hh_l1_reverse', 'classifier.weight', 'lstm.bias_ih_l1_reverse', 'lstm.weight_hh_l0', 'lstm.weight_hh_l1_reverse', 'lstm.weight_ih_l0', 'lstm.bias_ih_l1', 'lstm.weight_ih_l1_reverse', 'classifier.bias', 'lstm.bias_hh_l0', 'lstm.bias_ih_l0_reverse', 'lstm.bias_hh_l0_reverse', 'lstm.weight_ih_l0_reverse', 'lstm.weight_hh_l0_reverse', 'lstm.weight_ih_l1', 'lstm.bias_ih_l0', 'lstm.bias_hh_l1', 'output_layer_1.weight', 'output_layer_1.bias', 'lstm.weight_hh_l1']
You should probably TRAIN this model on a down-stream task to be able to use it for predictions and inference.
1 GPUs are available. Let's use them.
device:  cuda
[KnowledgeGraph] Loading spo from /Lyq/experiment/K-BERT-HUGGINGFACE/brain/kgs/CnDbpedia.spo
Start training.
Loading sentences from ./datasets/book_multilabels_task/train.tsv
There are 9097 sentence in total. We use 1 processes to inject knowledge into sentences.
Progress of process 0: 0/9097
Loading sentences from ./datasets/book_multilabels_task/dev.tsv
There are 2084 sentence in total. We use 1 processes to inject knowledge into sentences.
Progress of process 0: 0/2084
Loading sentences from ./datasets/book_multilabels_task/test.tsv
There are 2067 sentence in total. We use 1 processes to inject knowledge into sentences.
Progress of process 0: 0/2067
Epoch id: 1, Training steps: 100, Avg loss: 0.204, Time: 0:00:50
Epoch id: 1, Training steps: 200, Avg loss: 0.084, Time: 0:01:38
Start evaluation on dev dataset.
/root/miniconda3/envs/lyq/lib/python3.8/site-packages/sklearn/metrics/_classification.py:1469: UndefinedMetricWarning: Precision is ill-defined and being set to 0.0 in samples with no predicted labels. Use `zero_division` parameter to control this behavior.
  _warn_prf(average, modifier, msg_start, len(result))
Acc. (Correct/Total):  0.00%% Prec: 0.0000 F1: 0.0000
Epoch id: 2, Training steps: 100, Avg loss: 0.136, Time: 0:03:20
Epoch id: 2, Training steps: 200, Avg loss: 0.058, Time: 0:04:10
Start evaluation on dev dataset.
/root/miniconda3/envs/lyq/lib/python3.8/site-packages/sklearn/metrics/_classification.py:1469: UndefinedMetricWarning: Precision is ill-defined and being set to 0.0 in samples with no predicted labels. Use `zero_division` parameter to control this behavior.
  _warn_prf(average, modifier, msg_start, len(result))
Acc. (Correct/Total): 11.08%% Prec: 0.1821 F1: 0.1584
Start evaluation on test dataset.
/root/miniconda3/envs/lyq/lib/python3.8/site-packages/sklearn/metrics/_classification.py:1469: UndefinedMetricWarning: Precision is ill-defined and being set to 0.0 in samples with no predicted labels. Use `zero_division` parameter to control this behavior.
  _warn_prf(average, modifier, msg_start, len(result))
Acc. (Correct/Total): 12.14%% Prec: 0.1945 F1: 0.1704
Epoch id: 3, Training steps: 100, Avg loss: 0.087, Time: 0:06:05
Epoch id: 3, Training steps: 200, Avg loss: 0.039, Time: 0:06:53
Start evaluation on dev dataset.
/root/miniconda3/envs/lyq/lib/python3.8/site-packages/sklearn/metrics/_classification.py:1469: UndefinedMetricWarning: Precision is ill-defined and being set to 0.0 in samples with no predicted labels. Use `zero_division` parameter to control this behavior.
  _warn_prf(average, modifier, msg_start, len(result))
Acc. (Correct/Total): 16.99%% Prec: 0.2968 F1: 0.2547
Start evaluation on test dataset.
/root/miniconda3/envs/lyq/lib/python3.8/site-packages/sklearn/metrics/_classification.py:1469: UndefinedMetricWarning: Precision is ill-defined and being set to 0.0 in samples with no predicted labels. Use `zero_division` parameter to control this behavior.
  _warn_prf(average, modifier, msg_start, len(result))
Acc. (Correct/Total): 21.43%% Prec: 0.3377 F1: 0.2969
Epoch id: 4, Training steps: 100, Avg loss: 0.064, Time: 0:08:50
Epoch id: 4, Training steps: 200, Avg loss: 0.031, Time: 0:09:36
Start evaluation on dev dataset.
/root/miniconda3/envs/lyq/lib/python3.8/site-packages/sklearn/metrics/_classification.py:1469: UndefinedMetricWarning: Precision is ill-defined and being set to 0.0 in samples with no predicted labels. Use `zero_division` parameter to control this behavior.
  _warn_prf(average, modifier, msg_start, len(result))
Acc. (Correct/Total): 26.15%% Prec: 0.4352 F1: 0.3791
Start evaluation on test dataset.
/root/miniconda3/envs/lyq/lib/python3.8/site-packages/sklearn/metrics/_classification.py:1469: UndefinedMetricWarning: Precision is ill-defined and being set to 0.0 in samples with no predicted labels. Use `zero_division` parameter to control this behavior.
  _warn_prf(average, modifier, msg_start, len(result))
Acc. (Correct/Total): 29.85%% Prec: 0.4671 F1: 0.4124
Epoch id: 5, Training steps: 100, Avg loss: 0.052, Time: 0:11:30
Epoch id: 5, Training steps: 200, Avg loss: 0.025, Time: 0:12:16
Start evaluation on dev dataset.
/root/miniconda3/envs/lyq/lib/python3.8/site-packages/sklearn/metrics/_classification.py:1469: UndefinedMetricWarning: Precision is ill-defined and being set to 0.0 in samples with no predicted labels. Use `zero_division` parameter to control this behavior.
  _warn_prf(average, modifier, msg_start, len(result))
Acc. (Correct/Total): 34.12%% Prec: 0.5046 F1: 0.4537
Start evaluation on test dataset.
/root/miniconda3/envs/lyq/lib/python3.8/site-packages/sklearn/metrics/_classification.py:1469: UndefinedMetricWarning: Precision is ill-defined and being set to 0.0 in samples with no predicted labels. Use `zero_division` parameter to control this behavior.
  _warn_prf(average, modifier, msg_start, len(result))
Acc. (Correct/Total): 38.66%% Prec: 0.5612 F1: 0.5065
Epoch id: 6, Training steps: 100, Avg loss: 0.043, Time: 0:14:05
Epoch id: 6, Training steps: 200, Avg loss: 0.022, Time: 0:14:47
Start evaluation on dev dataset.
/root/miniconda3/envs/lyq/lib/python3.8/site-packages/sklearn/metrics/_classification.py:1469: UndefinedMetricWarning: Precision is ill-defined and being set to 0.0 in samples with no predicted labels. Use `zero_division` parameter to control this behavior.
  _warn_prf(average, modifier, msg_start, len(result))
Acc. (Correct/Total): 37.43%% Prec: 0.5549 F1: 0.4979
Start evaluation on test dataset.
/root/miniconda3/envs/lyq/lib/python3.8/site-packages/sklearn/metrics/_classification.py:1469: UndefinedMetricWarning: Precision is ill-defined and being set to 0.0 in samples with no predicted labels. Use `zero_division` parameter to control this behavior.
  _warn_prf(average, modifier, msg_start, len(result))
Acc. (Correct/Total): 42.24%% Prec: 0.5895 F1: 0.5370
Epoch id: 7, Training steps: 100, Avg loss: 0.037, Time: 0:16:37
Epoch id: 7, Training steps: 200, Avg loss: 0.018, Time: 0:17:22
Start evaluation on dev dataset.
/root/miniconda3/envs/lyq/lib/python3.8/site-packages/sklearn/metrics/_classification.py:1469: UndefinedMetricWarning: Precision is ill-defined and being set to 0.0 in samples with no predicted labels. Use `zero_division` parameter to control this behavior.
  _warn_prf(average, modifier, msg_start, len(result))
Acc. (Correct/Total): 39.68%% Prec: 0.5876 F1: 0.5297
Start evaluation on test dataset.
/root/miniconda3/envs/lyq/lib/python3.8/site-packages/sklearn/metrics/_classification.py:1469: UndefinedMetricWarning: Precision is ill-defined and being set to 0.0 in samples with no predicted labels. Use `zero_division` parameter to control this behavior.
  _warn_prf(average, modifier, msg_start, len(result))
Acc. (Correct/Total): 44.99%% Prec: 0.6289 F1: 0.5743
Epoch id: 8, Training steps: 100, Avg loss: 0.030, Time: 0:19:07
Epoch id: 8, Training steps: 200, Avg loss: 0.014, Time: 0:19:49
Start evaluation on dev dataset.
/root/miniconda3/envs/lyq/lib/python3.8/site-packages/sklearn/metrics/_classification.py:1469: UndefinedMetricWarning: Precision is ill-defined and being set to 0.0 in samples with no predicted labels. Use `zero_division` parameter to control this behavior.
  _warn_prf(average, modifier, msg_start, len(result))
Acc. (Correct/Total): 42.32%% Prec: 0.6128 F1: 0.5566
Start evaluation on test dataset.
/root/miniconda3/envs/lyq/lib/python3.8/site-packages/sklearn/metrics/_classification.py:1469: UndefinedMetricWarning: Precision is ill-defined and being set to 0.0 in samples with no predicted labels. Use `zero_division` parameter to control this behavior.
  _warn_prf(average, modifier, msg_start, len(result))
Acc. (Correct/Total): 46.93%% Prec: 0.6566 F1: 0.6007
Epoch id: 9, Training steps: 100, Avg loss: 0.026, Time: 0:21:37
Epoch id: 9, Training steps: 200, Avg loss: 0.012, Time: 0:22:22
Start evaluation on dev dataset.
/root/miniconda3/envs/lyq/lib/python3.8/site-packages/sklearn/metrics/_classification.py:1469: UndefinedMetricWarning: Precision is ill-defined and being set to 0.0 in samples with no predicted labels. Use `zero_division` parameter to control this behavior.
  _warn_prf(average, modifier, msg_start, len(result))
Acc. (Correct/Total): 41.12%% Prec: 0.6323 F1: 0.5706
Epoch id: 10, Training steps: 100, Avg loss: 0.036, Time: 0:24:03
Epoch id: 10, Training steps: 200, Avg loss: 0.017, Time: 0:24:47
Start evaluation on dev dataset.
/root/miniconda3/envs/lyq/lib/python3.8/site-packages/sklearn/metrics/_classification.py:1469: UndefinedMetricWarning: Precision is ill-defined and being set to 0.0 in samples with no predicted labels. Use `zero_division` parameter to control this behavior.
  _warn_prf(average, modifier, msg_start, len(result))
Acc. (Correct/Total): 43.14%% Prec: 0.6220 F1: 0.5678
Start evaluation on test dataset.
/root/miniconda3/envs/lyq/lib/python3.8/site-packages/sklearn/metrics/_classification.py:1469: UndefinedMetricWarning: Precision is ill-defined and being set to 0.0 in samples with no predicted labels. Use `zero_division` parameter to control this behavior.
  _warn_prf(average, modifier, msg_start, len(result))
Acc. (Correct/Total): 48.43%% Prec: 0.6635 F1: 0.6102
Epoch id: 11, Training steps: 100, Avg loss: 0.025, Time: 0:26:34
Epoch id: 11, Training steps: 200, Avg loss: 0.011, Time: 0:27:19
Start evaluation on dev dataset.
/root/miniconda3/envs/lyq/lib/python3.8/site-packages/sklearn/metrics/_classification.py:1469: UndefinedMetricWarning: Precision is ill-defined and being set to 0.0 in samples with no predicted labels. Use `zero_division` parameter to control this behavior.
  _warn_prf(average, modifier, msg_start, len(result))
Acc. (Correct/Total): 45.78%% Prec: 0.6642 F1: 0.6068
Start evaluation on test dataset.
/root/miniconda3/envs/lyq/lib/python3.8/site-packages/sklearn/metrics/_classification.py:1469: UndefinedMetricWarning: Precision is ill-defined and being set to 0.0 in samples with no predicted labels. Use `zero_division` parameter to control this behavior.
  _warn_prf(average, modifier, msg_start, len(result))
Acc. (Correct/Total): 51.81%% Prec: 0.7033 F1: 0.6516
Epoch id: 12, Training steps: 100, Avg loss: 0.023, Time: 0:29:05
Epoch id: 12, Training steps: 200, Avg loss: 0.008, Time: 0:29:50
Start evaluation on dev dataset.
/root/miniconda3/envs/lyq/lib/python3.8/site-packages/sklearn/metrics/_classification.py:1469: UndefinedMetricWarning: Precision is ill-defined and being set to 0.0 in samples with no predicted labels. Use `zero_division` parameter to control this behavior.
  _warn_prf(average, modifier, msg_start, len(result))
Acc. (Correct/Total): 46.88%% Prec: 0.6731 F1: 0.6167
Start evaluation on test dataset.
/root/miniconda3/envs/lyq/lib/python3.8/site-packages/sklearn/metrics/_classification.py:1469: UndefinedMetricWarning: Precision is ill-defined and being set to 0.0 in samples with no predicted labels. Use `zero_division` parameter to control this behavior.
  _warn_prf(average, modifier, msg_start, len(result))
Acc. (Correct/Total): 53.12%% Prec: 0.7177 F1: 0.6642
Epoch id: 13, Training steps: 100, Avg loss: 0.018, Time: 0:31:40
Epoch id: 13, Training steps: 200, Avg loss: 0.008, Time: 0:32:29
Start evaluation on dev dataset.
/root/miniconda3/envs/lyq/lib/python3.8/site-packages/sklearn/metrics/_classification.py:1469: UndefinedMetricWarning: Precision is ill-defined and being set to 0.0 in samples with no predicted labels. Use `zero_division` parameter to control this behavior.
  _warn_prf(average, modifier, msg_start, len(result))
Acc. (Correct/Total): 47.17%% Prec: 0.6676 F1: 0.6149
Start evaluation on test dataset.
/root/miniconda3/envs/lyq/lib/python3.8/site-packages/sklearn/metrics/_classification.py:1469: UndefinedMetricWarning: Precision is ill-defined and being set to 0.0 in samples with no predicted labels. Use `zero_division` parameter to control this behavior.
  _warn_prf(average, modifier, msg_start, len(result))
Acc. (Correct/Total): 54.43%% Prec: 0.7215 F1: 0.6722
Epoch id: 14, Training steps: 100, Avg loss: 0.014, Time: 0:34:25
Epoch id: 14, Training steps: 200, Avg loss: 0.007, Time: 0:35:08
Start evaluation on dev dataset.
/root/miniconda3/envs/lyq/lib/python3.8/site-packages/sklearn/metrics/_classification.py:1469: UndefinedMetricWarning: Precision is ill-defined and being set to 0.0 in samples with no predicted labels. Use `zero_division` parameter to control this behavior.
  _warn_prf(average, modifier, msg_start, len(result))
Acc. (Correct/Total): 48.27%% Prec: 0.6747 F1: 0.6266
Start evaluation on test dataset.
/root/miniconda3/envs/lyq/lib/python3.8/site-packages/sklearn/metrics/_classification.py:1469: UndefinedMetricWarning: Precision is ill-defined and being set to 0.0 in samples with no predicted labels. Use `zero_division` parameter to control this behavior.
  _warn_prf(average, modifier, msg_start, len(result))
Acc. (Correct/Total): 54.96%% Prec: 0.7232 F1: 0.6775
Epoch id: 15, Training steps: 100, Avg loss: 0.010, Time: 0:36:57
Epoch id: 15, Training steps: 200, Avg loss: 0.005, Time: 0:37:44
Start evaluation on dev dataset.
/root/miniconda3/envs/lyq/lib/python3.8/site-packages/sklearn/metrics/_classification.py:1469: UndefinedMetricWarning: Precision is ill-defined and being set to 0.0 in samples with no predicted labels. Use `zero_division` parameter to control this behavior.
  _warn_prf(average, modifier, msg_start, len(result))
Acc. (Correct/Total): 50.62%% Prec: 0.7003 F1: 0.6556
Start evaluation on test dataset.
/root/miniconda3/envs/lyq/lib/python3.8/site-packages/sklearn/metrics/_classification.py:1469: UndefinedMetricWarning: Precision is ill-defined and being set to 0.0 in samples with no predicted labels. Use `zero_division` parameter to control this behavior.
  _warn_prf(average, modifier, msg_start, len(result))
Acc. (Correct/Total): 57.47%% Prec: 0.7521 F1: 0.7066
Epoch id: 16, Training steps: 100, Avg loss: 0.009, Time: 0:39:37
Epoch id: 16, Training steps: 200, Avg loss: 0.005, Time: 0:40:21
Start evaluation on dev dataset.
/root/miniconda3/envs/lyq/lib/python3.8/site-packages/sklearn/metrics/_classification.py:1469: UndefinedMetricWarning: Precision is ill-defined and being set to 0.0 in samples with no predicted labels. Use `zero_division` parameter to control this behavior.
  _warn_prf(average, modifier, msg_start, len(result))
Acc. (Correct/Total): 52.06%% Prec: 0.7080 F1: 0.6664
Start evaluation on test dataset.
/root/miniconda3/envs/lyq/lib/python3.8/site-packages/sklearn/metrics/_classification.py:1469: UndefinedMetricWarning: Precision is ill-defined and being set to 0.0 in samples with no predicted labels. Use `zero_division` parameter to control this behavior.
  _warn_prf(average, modifier, msg_start, len(result))
Acc. (Correct/Total): 56.75%% Prec: 0.7473 F1: 0.7037
Epoch id: 17, Training steps: 100, Avg loss: 0.008, Time: 0:42:15
Epoch id: 17, Training steps: 200, Avg loss: 0.004, Time: 0:43:00
Start evaluation on dev dataset.
/root/miniconda3/envs/lyq/lib/python3.8/site-packages/sklearn/metrics/_classification.py:1469: UndefinedMetricWarning: Precision is ill-defined and being set to 0.0 in samples with no predicted labels. Use `zero_division` parameter to control this behavior.
  _warn_prf(average, modifier, msg_start, len(result))
Acc. (Correct/Total): 50.67%% Prec: 0.6988 F1: 0.6559
Epoch id: 18, Training steps: 100, Avg loss: 0.007, Time: 0:44:41
Epoch id: 18, Training steps: 200, Avg loss: 0.003, Time: 0:45:28
Start evaluation on dev dataset.
/root/miniconda3/envs/lyq/lib/python3.8/site-packages/sklearn/metrics/_classification.py:1469: UndefinedMetricWarning: Precision is ill-defined and being set to 0.0 in samples with no predicted labels. Use `zero_division` parameter to control this behavior.
  _warn_prf(average, modifier, msg_start, len(result))
Acc. (Correct/Total): 51.73%% Prec: 0.7035 F1: 0.6569
Epoch id: 19, Training steps: 100, Avg loss: 0.006, Time: 0:47:10
Epoch id: 19, Training steps: 200, Avg loss: 0.003, Time: 0:47:59
Start evaluation on dev dataset.
/root/miniconda3/envs/lyq/lib/python3.8/site-packages/sklearn/metrics/_classification.py:1469: UndefinedMetricWarning: Precision is ill-defined and being set to 0.0 in samples with no predicted labels. Use `zero_division` parameter to control this behavior.
  _warn_prf(average, modifier, msg_start, len(result))
Acc. (Correct/Total): 53.07%% Prec: 0.7202 F1: 0.6790
Start evaluation on test dataset.
/root/miniconda3/envs/lyq/lib/python3.8/site-packages/sklearn/metrics/_classification.py:1469: UndefinedMetricWarning: Precision is ill-defined and being set to 0.0 in samples with no predicted labels. Use `zero_division` parameter to control this behavior.
  _warn_prf(average, modifier, msg_start, len(result))
Acc. (Correct/Total): 59.46%% Prec: 0.7696 F1: 0.7284
Epoch id: 20, Training steps: 100, Avg loss: 0.006, Time: 0:49:51
Epoch id: 20, Training steps: 200, Avg loss: 0.004, Time: 0:50:36
Start evaluation on dev dataset.
/root/miniconda3/envs/lyq/lib/python3.8/site-packages/sklearn/metrics/_classification.py:1469: UndefinedMetricWarning: Precision is ill-defined and being set to 0.0 in samples with no predicted labels. Use `zero_division` parameter to control this behavior.
  _warn_prf(average, modifier, msg_start, len(result))
Acc. (Correct/Total): 51.92%% Prec: 0.7100 F1: 0.6655
Final evaluation on the test dataset.
The number of evaluation instances:  2067
/root/miniconda3/envs/lyq/lib/python3.8/site-packages/sklearn/metrics/_classification.py:1469: UndefinedMetricWarning: Precision is ill-defined and being set to 0.0 in samples with no predicted labels. Use `zero_division` parameter to control this behavior.
  _warn_prf(average, modifier, msg_start, len(result))
/root/miniconda3/envs/lyq/lib/python3.8/site-packages/sklearn/metrics/_classification.py:1469: UndefinedMetricWarning: Precision and F-score are ill-defined and being set to 0.0 in labels with no predicted samples. Use `zero_division` parameter to control this behavior.
  _warn_prf(average, modifier, msg_start, len(result))
/root/miniconda3/envs/lyq/lib/python3.8/site-packages/sklearn/metrics/_classification.py:1469: UndefinedMetricWarning: Precision and F-score are ill-defined and being set to 0.0 in samples with no predicted labels. Use `zero_division` parameter to control this behavior.
  _warn_prf(average, modifier, msg_start, len(result))
Acc. (Correct/Total): 59.46% Prec: 0.7696 F1: 0.7284
Precision, Recall and F1-Score...
              precision    recall  f1-score   support

         教育学     0.8917    0.8880    0.8898       241
          法学     0.8405    0.8705    0.8553       224
      中国语言文学     0.8816    0.7243    0.7953       185
         政治学     0.7647    0.6380    0.6957       163
         社会学     0.8089    0.8089    0.8089       157
         心理学     0.8734    0.5610    0.6832       123
       应用经济学     0.7000    0.5385    0.6087       117
         历史学     0.8767    0.5872    0.7033       109
     环境科学与工程     0.8868    0.8704    0.8785       108
          哲学     0.7826    0.5567    0.6506        97
      外国语言文学     0.7917    0.6706    0.7261        85
         生物学     0.8701    0.8481    0.8590        79
      交通运输工程     0.9231    0.9231    0.9231        78
        临床医学     0.8333    0.7237    0.7746        76
    计算机科学与技术     0.7895    0.6338    0.7031        71
        土木工程     0.9265    0.9545    0.9403        66
   航空宇航科学与技术     0.9123    0.8525    0.8814        61
         民族学     0.6389    0.4182    0.5055        55
   公共卫生与预防医学     0.6222    0.5490    0.5833        51
         美术学     0.8148    0.8800    0.8462        50
         艺术学     0.7778    0.8140    0.7955        43
         地理学     0.8065    0.5952    0.6849        42
         体育学     0.9091    0.5000    0.6452        40
       理论经济学     0.7105    0.7105    0.7105        38
         中医学     0.8857    0.8378    0.8611        37
         物理学     0.8611    0.8611    0.8611        36
          林学     0.8750    0.6364    0.7368        33
          数学     0.7391    0.5312    0.6182        32
     电子科学与技术     0.6818    0.4839    0.5660        31
        基础医学     0.5000    0.5172    0.5085        29
        工商管理     0.7778    0.2593    0.3889        27
       新闻传播学     0.7727    0.7727    0.7727        22
         天文学     0.7200    0.8182    0.7660        22
         地质学     0.9286    0.6190    0.7429        21
         畜牧学     0.8636    0.9048    0.8837        21
   军事思想及军事历史     0.7778    0.7000    0.7368        20
     管理科学与工程     0.4815    0.7222    0.5778        18
     测绘科学与技术     0.8000    0.7059    0.7500        17
        水利工程     0.8889    0.5000    0.6400        16
        大气科学     0.9091    0.6250    0.7407        16
     兵器科学与技术     0.6316    0.8000    0.7059        15
       地球物理学     1.0000    0.1429    0.2500        14
        电气工程     1.0000    0.3846    0.5556        13
         作物学     0.7778    0.5385    0.6364        13
     控制科学与工程     0.3636    0.3077    0.3333        13
     信息与通信工程     0.7143    0.7692    0.7407        13
        公共管理     0.4000    0.1538    0.2222        13
         建筑学     0.8333    0.3846    0.5263        13
     化学工程与技术     1.0000    0.7500    0.8571        12
          力学     0.8889    0.7273    0.8000        11
        海洋科学     0.9000    0.8182    0.8571        11
     轻工技术与工程     0.5833    0.6364    0.6087        11
        农业工程     1.0000    0.3000    0.4615        10
         园艺学     0.9000    0.9000    0.9000        10
       中西医结合     1.0000    0.5000    0.6667        10
        机械工程     1.0000    0.6667    0.8000         9
       科学技术史     1.0000    0.5000    0.6667         8
     船舶与海洋工程     0.8571    0.7500    0.8000         8
   图书情报与档案管理     0.6667    0.5000    0.5714         8
        植物保护     0.8571    0.7500    0.8000         8
     材料科学与工程     0.8000    0.5000    0.6154         8
         统计学     0.5000    0.7500    0.6000         8
          化学     1.0000    0.7500    0.8571         8
     食品科学与工程     1.0000    0.5000    0.6667         8
          水产     1.0000    0.8571    0.9231         7
          药学     1.0000    0.8571    0.9231         7
     农业资源与环境     1.0000    0.5714    0.7273         7
         世界史     0.8000    0.5714    0.6667         7
        系统科学     0.8000    0.5714    0.6667         7
      农林经济管理     0.8000    0.8000    0.8000         5
       军队指挥学     1.0000    0.4000    0.5714         5
        矿业工程     0.7500    0.6000    0.6667         5
     纺织科学与工程     0.7143    1.0000    0.8333         5
  动力工程及工程热物理     0.0000    0.0000    0.0000         4
        林业工程     0.5000    0.2500    0.3333         4
     仪器科学与技术     0.0000    0.0000    0.0000         3
         战略学     1.0000    0.3333    0.5000         3
   地质资源与地质工程     0.0000    0.0000    0.0000         3
        旅游管理     0.0000    0.0000    0.0000         3
 图书馆、情报与档案管理     0.0000    0.0000    0.0000         2
        冶金工程     1.0000    0.5000    0.6667         2
      核科学与技术     0.0000    0.0000    0.0000         2

   micro avg     0.8193    0.7035    0.7570      3093
   macro avg     0.7577    0.5939    0.6473      3093
weighted avg     0.8176    0.7035    0.7467      3093
 samples avg     0.7696    0.7152    0.7284      3093

