/root/miniconda3/envs/lyq/lib/python3.8/site-packages/scipy/__init__.py:146: UserWarning: A NumPy version >=1.16.5 and <1.23.0 is required for this version of SciPy (detected version 1.23.5
  warnings.warn(f"A NumPy version >={np_minversion} and <{np_maxversion}"
  0%|          | 0/82 [00:00<?, ?it/s]100%|██████████| 82/82 [00:00<00:00, 1317750.68it/s]
model:  ernie-rcnn
pretrained:  ernie1
task:  MLC
dataset:  book_multilabels_task
seq_length:  256
hidden_dropout_prob:  0.1
attention_probs_dropout_prob:  0.1
epochs_num:  20
batch_size:  32
learning_rate:  2.5e-05
report_steps:  100
kg_name:  CnDbpedia
no_kg:  False
no_vm:  False
Vocabulary Size:  17964
[BertClassifier] use visible_matrix: True
Some weights of ErnieRCNNForMultiLabelSequenceClassification were not initialized from the model checkpoint at ./models/ernie1 and are newly initialized: ['lstm.weight_ih_l0_reverse', 'lstm.bias_hh_l1_reverse', 'lstm.weight_hh_l0_reverse', 'output_layer_1.weight', 'lstm.bias_hh_l0_reverse', 'lstm.bias_ih_l1_reverse', 'lstm.weight_ih_l1_reverse', 'lstm.weight_ih_l0', 'lstm.bias_hh_l0', 'lstm.weight_ih_l1', 'lstm.weight_hh_l1', 'lstm.bias_ih_l0_reverse', 'lstm.weight_hh_l0', 'lstm.weight_hh_l1_reverse', 'classifier.bias', 'lstm.bias_ih_l0', 'lstm.bias_hh_l1', 'lstm.bias_ih_l1', 'output_layer_1.bias', 'classifier.weight']
You should probably TRAIN this model on a down-stream task to be able to use it for predictions and inference.
1 GPUs are available. Let's use them.
device:  cuda
[KnowledgeGraph] Loading spo from /Lyq/experiment/K-BERT-HUGGINGFACE/brain/kgs/CnDbpedia.spo
Start training.
Loading sentences from ./datasets/book_multilabels_task/train.tsv
There are 9097 sentence in total. We use 1 processes to inject knowledge into sentences.
Progress of process 0: 0/9097
Loading sentences from ./datasets/book_multilabels_task/dev.tsv
There are 2084 sentence in total. We use 1 processes to inject knowledge into sentences.
Progress of process 0: 0/2084
Loading sentences from ./datasets/book_multilabels_task/test.tsv
There are 2067 sentence in total. We use 1 processes to inject knowledge into sentences.
Progress of process 0: 0/2067
Epoch id: 1, Training steps: 100, Avg loss: 0.218, Time: 0:00:54
Epoch id: 1, Training steps: 200, Avg loss: 0.085, Time: 0:01:52
Start evaluation on dev dataset.
/root/miniconda3/envs/lyq/lib/python3.8/site-packages/sklearn/metrics/_classification.py:1469: UndefinedMetricWarning: Precision is ill-defined and being set to 0.0 in samples with no predicted labels. Use `zero_division` parameter to control this behavior.
  _warn_prf(average, modifier, msg_start, len(result))
Acc. (Correct/Total):  0.00%% Prec: 0.0000 F1: 0.0000
Epoch id: 2, Training steps: 100, Avg loss: 0.146, Time: 0:03:42
Epoch id: 2, Training steps: 200, Avg loss: 0.069, Time: 0:04:37
Start evaluation on dev dataset.
/root/miniconda3/envs/lyq/lib/python3.8/site-packages/sklearn/metrics/_classification.py:1469: UndefinedMetricWarning: Precision is ill-defined and being set to 0.0 in samples with no predicted labels. Use `zero_division` parameter to control this behavior.
  _warn_prf(average, modifier, msg_start, len(result))
Acc. (Correct/Total):  0.43%% Prec: 0.0187 F1: 0.0138
Start evaluation on test dataset.
/root/miniconda3/envs/lyq/lib/python3.8/site-packages/sklearn/metrics/_classification.py:1469: UndefinedMetricWarning: Precision is ill-defined and being set to 0.0 in samples with no predicted labels. Use `zero_division` parameter to control this behavior.
  _warn_prf(average, modifier, msg_start, len(result))
Acc. (Correct/Total):  0.10%% Prec: 0.0121 F1: 0.0083
Epoch id: 3, Training steps: 100, Avg loss: 0.108, Time: 0:07:02
Epoch id: 3, Training steps: 200, Avg loss: 0.048, Time: 0:08:03
Start evaluation on dev dataset.
/root/miniconda3/envs/lyq/lib/python3.8/site-packages/sklearn/metrics/_classification.py:1469: UndefinedMetricWarning: Precision is ill-defined and being set to 0.0 in samples with no predicted labels. Use `zero_division` parameter to control this behavior.
  _warn_prf(average, modifier, msg_start, len(result))
Acc. (Correct/Total): 10.99%% Prec: 0.1915 F1: 0.1643
Start evaluation on test dataset.
/root/miniconda3/envs/lyq/lib/python3.8/site-packages/sklearn/metrics/_classification.py:1469: UndefinedMetricWarning: Precision is ill-defined and being set to 0.0 in samples with no predicted labels. Use `zero_division` parameter to control this behavior.
  _warn_prf(average, modifier, msg_start, len(result))
Acc. (Correct/Total): 12.05%% Prec: 0.2271 F1: 0.1915
Epoch id: 4, Training steps: 100, Avg loss: 0.076, Time: 0:10:16
Epoch id: 4, Training steps: 200, Avg loss: 0.036, Time: 0:11:12
Start evaluation on dev dataset.
/root/miniconda3/envs/lyq/lib/python3.8/site-packages/sklearn/metrics/_classification.py:1469: UndefinedMetricWarning: Precision is ill-defined and being set to 0.0 in samples with no predicted labels. Use `zero_division` parameter to control this behavior.
  _warn_prf(average, modifier, msg_start, len(result))
Acc. (Correct/Total): 21.79%% Prec: 0.3520 F1: 0.3079
Start evaluation on test dataset.
/root/miniconda3/envs/lyq/lib/python3.8/site-packages/sklearn/metrics/_classification.py:1469: UndefinedMetricWarning: Precision is ill-defined and being set to 0.0 in samples with no predicted labels. Use `zero_division` parameter to control this behavior.
  _warn_prf(average, modifier, msg_start, len(result))
Acc. (Correct/Total): 26.12%% Prec: 0.4001 F1: 0.3547
Epoch id: 5, Training steps: 100, Avg loss: 0.059, Time: 0:13:22
Epoch id: 5, Training steps: 200, Avg loss: 0.029, Time: 0:14:18
Start evaluation on dev dataset.
/root/miniconda3/envs/lyq/lib/python3.8/site-packages/sklearn/metrics/_classification.py:1469: UndefinedMetricWarning: Precision is ill-defined and being set to 0.0 in samples with no predicted labels. Use `zero_division` parameter to control this behavior.
  _warn_prf(average, modifier, msg_start, len(result))
Acc. (Correct/Total): 30.18%% Prec: 0.4631 F1: 0.4120
Start evaluation on test dataset.
/root/miniconda3/envs/lyq/lib/python3.8/site-packages/sklearn/metrics/_classification.py:1469: UndefinedMetricWarning: Precision is ill-defined and being set to 0.0 in samples with no predicted labels. Use `zero_division` parameter to control this behavior.
  _warn_prf(average, modifier, msg_start, len(result))
Acc. (Correct/Total): 33.43%% Prec: 0.4944 F1: 0.4437
Epoch id: 6, Training steps: 100, Avg loss: 0.049, Time: 0:16:30
Epoch id: 6, Training steps: 200, Avg loss: 0.025, Time: 0:17:24
Start evaluation on dev dataset.
/root/miniconda3/envs/lyq/lib/python3.8/site-packages/sklearn/metrics/_classification.py:1469: UndefinedMetricWarning: Precision is ill-defined and being set to 0.0 in samples with no predicted labels. Use `zero_division` parameter to control this behavior.
  _warn_prf(average, modifier, msg_start, len(result))
Acc. (Correct/Total): 32.92%% Prec: 0.5034 F1: 0.4479
Start evaluation on test dataset.
/root/miniconda3/envs/lyq/lib/python3.8/site-packages/sklearn/metrics/_classification.py:1469: UndefinedMetricWarning: Precision is ill-defined and being set to 0.0 in samples with no predicted labels. Use `zero_division` parameter to control this behavior.
  _warn_prf(average, modifier, msg_start, len(result))
Acc. (Correct/Total): 38.27%% Prec: 0.5595 F1: 0.5025
Epoch id: 7, Training steps: 100, Avg loss: 0.042, Time: 0:19:42
Epoch id: 7, Training steps: 200, Avg loss: 0.021, Time: 0:20:34
Start evaluation on dev dataset.
/root/miniconda3/envs/lyq/lib/python3.8/site-packages/sklearn/metrics/_classification.py:1469: UndefinedMetricWarning: Precision is ill-defined and being set to 0.0 in samples with no predicted labels. Use `zero_division` parameter to control this behavior.
  _warn_prf(average, modifier, msg_start, len(result))
Acc. (Correct/Total): 35.75%% Prec: 0.5382 F1: 0.4821
Start evaluation on test dataset.
/root/miniconda3/envs/lyq/lib/python3.8/site-packages/sklearn/metrics/_classification.py:1469: UndefinedMetricWarning: Precision is ill-defined and being set to 0.0 in samples with no predicted labels. Use `zero_division` parameter to control this behavior.
  _warn_prf(average, modifier, msg_start, len(result))
Acc. (Correct/Total): 40.88%% Prec: 0.5842 F1: 0.5293
Epoch id: 8, Training steps: 100, Avg loss: 0.034, Time: 0:22:52
Epoch id: 8, Training steps: 200, Avg loss: 0.017, Time: 0:23:43
Start evaluation on dev dataset.
/root/miniconda3/envs/lyq/lib/python3.8/site-packages/sklearn/metrics/_classification.py:1469: UndefinedMetricWarning: Precision is ill-defined and being set to 0.0 in samples with no predicted labels. Use `zero_division` parameter to control this behavior.
  _warn_prf(average, modifier, msg_start, len(result))
Acc. (Correct/Total): 39.30%% Prec: 0.5872 F1: 0.5276
Start evaluation on test dataset.
/root/miniconda3/envs/lyq/lib/python3.8/site-packages/sklearn/metrics/_classification.py:1469: UndefinedMetricWarning: Precision is ill-defined and being set to 0.0 in samples with no predicted labels. Use `zero_division` parameter to control this behavior.
  _warn_prf(average, modifier, msg_start, len(result))
Acc. (Correct/Total): 44.61%% Prec: 0.6268 F1: 0.5709
Epoch id: 9, Training steps: 100, Avg loss: 0.029, Time: 0:26:03
Epoch id: 9, Training steps: 200, Avg loss: 0.015, Time: 0:27:00
Start evaluation on dev dataset.
/root/miniconda3/envs/lyq/lib/python3.8/site-packages/sklearn/metrics/_classification.py:1469: UndefinedMetricWarning: Precision is ill-defined and being set to 0.0 in samples with no predicted labels. Use `zero_division` parameter to control this behavior.
  _warn_prf(average, modifier, msg_start, len(result))
Acc. (Correct/Total): 42.37%% Prec: 0.6316 F1: 0.5722
Start evaluation on test dataset.
/root/miniconda3/envs/lyq/lib/python3.8/site-packages/sklearn/metrics/_classification.py:1469: UndefinedMetricWarning: Precision is ill-defined and being set to 0.0 in samples with no predicted labels. Use `zero_division` parameter to control this behavior.
  _warn_prf(average, modifier, msg_start, len(result))
Acc. (Correct/Total): 48.91%% Prec: 0.6914 F1: 0.6317
Epoch id: 10, Training steps: 100, Avg loss: 0.024, Time: 0:29:23
Epoch id: 10, Training steps: 200, Avg loss: 0.013, Time: 0:30:16
Start evaluation on dev dataset.
/root/miniconda3/envs/lyq/lib/python3.8/site-packages/sklearn/metrics/_classification.py:1469: UndefinedMetricWarning: Precision is ill-defined and being set to 0.0 in samples with no predicted labels. Use `zero_division` parameter to control this behavior.
  _warn_prf(average, modifier, msg_start, len(result))
Acc. (Correct/Total): 44.48%% Prec: 0.6503 F1: 0.5939
Start evaluation on test dataset.
/root/miniconda3/envs/lyq/lib/python3.8/site-packages/sklearn/metrics/_classification.py:1469: UndefinedMetricWarning: Precision is ill-defined and being set to 0.0 in samples with no predicted labels. Use `zero_division` parameter to control this behavior.
  _warn_prf(average, modifier, msg_start, len(result))
Acc. (Correct/Total): 52.06%% Prec: 0.7076 F1: 0.6537
Epoch id: 11, Training steps: 100, Avg loss: 0.021, Time: 0:32:32
Epoch id: 11, Training steps: 200, Avg loss: 0.011, Time: 0:33:25
Start evaluation on dev dataset.
/root/miniconda3/envs/lyq/lib/python3.8/site-packages/sklearn/metrics/_classification.py:1469: UndefinedMetricWarning: Precision is ill-defined and being set to 0.0 in samples with no predicted labels. Use `zero_division` parameter to control this behavior.
  _warn_prf(average, modifier, msg_start, len(result))
Acc. (Correct/Total): 45.44%% Prec: 0.6544 F1: 0.5969
Start evaluation on test dataset.
/root/miniconda3/envs/lyq/lib/python3.8/site-packages/sklearn/metrics/_classification.py:1469: UndefinedMetricWarning: Precision is ill-defined and being set to 0.0 in samples with no predicted labels. Use `zero_division` parameter to control this behavior.
  _warn_prf(average, modifier, msg_start, len(result))
Acc. (Correct/Total): 49.83%% Prec: 0.6971 F1: 0.6390
Epoch id: 12, Training steps: 100, Avg loss: 0.017, Time: 0:35:38
Epoch id: 12, Training steps: 200, Avg loss: 0.009, Time: 0:36:29
Start evaluation on dev dataset.
/root/miniconda3/envs/lyq/lib/python3.8/site-packages/sklearn/metrics/_classification.py:1469: UndefinedMetricWarning: Precision is ill-defined and being set to 0.0 in samples with no predicted labels. Use `zero_division` parameter to control this behavior.
  _warn_prf(average, modifier, msg_start, len(result))
Acc. (Correct/Total): 42.71%% Prec: 0.6238 F1: 0.5690
Epoch id: 13, Training steps: 100, Avg loss: 0.015, Time: 0:38:24
Epoch id: 13, Training steps: 200, Avg loss: 0.007, Time: 0:39:23
Start evaluation on dev dataset.
/root/miniconda3/envs/lyq/lib/python3.8/site-packages/sklearn/metrics/_classification.py:1469: UndefinedMetricWarning: Precision is ill-defined and being set to 0.0 in samples with no predicted labels. Use `zero_division` parameter to control this behavior.
  _warn_prf(average, modifier, msg_start, len(result))
Acc. (Correct/Total): 48.08%% Prec: 0.6803 F1: 0.6287
Start evaluation on test dataset.
/root/miniconda3/envs/lyq/lib/python3.8/site-packages/sklearn/metrics/_classification.py:1469: UndefinedMetricWarning: Precision is ill-defined and being set to 0.0 in samples with no predicted labels. Use `zero_division` parameter to control this behavior.
  _warn_prf(average, modifier, msg_start, len(result))
Acc. (Correct/Total): 55.01%% Prec: 0.7376 F1: 0.6848
Epoch id: 14, Training steps: 100, Avg loss: 0.013, Time: 0:41:45
Epoch id: 14, Training steps: 200, Avg loss: 0.006, Time: 0:42:40
Start evaluation on dev dataset.
/root/miniconda3/envs/lyq/lib/python3.8/site-packages/sklearn/metrics/_classification.py:1469: UndefinedMetricWarning: Precision is ill-defined and being set to 0.0 in samples with no predicted labels. Use `zero_division` parameter to control this behavior.
  _warn_prf(average, modifier, msg_start, len(result))
Acc. (Correct/Total): 48.18%% Prec: 0.6775 F1: 0.6263
Start evaluation on test dataset.
/root/miniconda3/envs/lyq/lib/python3.8/site-packages/sklearn/metrics/_classification.py:1469: UndefinedMetricWarning: Precision is ill-defined and being set to 0.0 in samples with no predicted labels. Use `zero_division` parameter to control this behavior.
  _warn_prf(average, modifier, msg_start, len(result))
Acc. (Correct/Total): 54.38%% Prec: 0.7251 F1: 0.6771
Epoch id: 15, Training steps: 100, Avg loss: 0.011, Time: 0:45:00
Epoch id: 15, Training steps: 200, Avg loss: 0.006, Time: 0:45:54
Start evaluation on dev dataset.
/root/miniconda3/envs/lyq/lib/python3.8/site-packages/sklearn/metrics/_classification.py:1469: UndefinedMetricWarning: Precision is ill-defined and being set to 0.0 in samples with no predicted labels. Use `zero_division` parameter to control this behavior.
  _warn_prf(average, modifier, msg_start, len(result))
Acc. (Correct/Total): 46.98%% Prec: 0.6675 F1: 0.6186
Epoch id: 16, Training steps: 100, Avg loss: 0.010, Time: 0:47:55
Epoch id: 16, Training steps: 200, Avg loss: 0.005, Time: 0:48:55
Start evaluation on dev dataset.
/root/miniconda3/envs/lyq/lib/python3.8/site-packages/sklearn/metrics/_classification.py:1469: UndefinedMetricWarning: Precision is ill-defined and being set to 0.0 in samples with no predicted labels. Use `zero_division` parameter to control this behavior.
  _warn_prf(average, modifier, msg_start, len(result))
Acc. (Correct/Total): 47.98%% Prec: 0.6743 F1: 0.6260
Epoch id: 17, Training steps: 100, Avg loss: 0.009, Time: 0:51:05
Epoch id: 17, Training steps: 200, Avg loss: 0.004, Time: 0:52:02
Start evaluation on dev dataset.
/root/miniconda3/envs/lyq/lib/python3.8/site-packages/sklearn/metrics/_classification.py:1469: UndefinedMetricWarning: Precision is ill-defined and being set to 0.0 in samples with no predicted labels. Use `zero_division` parameter to control this behavior.
  _warn_prf(average, modifier, msg_start, len(result))
Acc. (Correct/Total): 50.00%% Prec: 0.6932 F1: 0.6526
Start evaluation on test dataset.
/root/miniconda3/envs/lyq/lib/python3.8/site-packages/sklearn/metrics/_classification.py:1469: UndefinedMetricWarning: Precision is ill-defined and being set to 0.0 in samples with no predicted labels. Use `zero_division` parameter to control this behavior.
  _warn_prf(average, modifier, msg_start, len(result))
Acc. (Correct/Total): 55.88%% Prec: 0.7527 F1: 0.7056
Epoch id: 18, Training steps: 100, Avg loss: 0.008, Time: 0:54:35
Epoch id: 18, Training steps: 200, Avg loss: 0.004, Time: 0:55:35
Start evaluation on dev dataset.
/root/miniconda3/envs/lyq/lib/python3.8/site-packages/sklearn/metrics/_classification.py:1469: UndefinedMetricWarning: Precision is ill-defined and being set to 0.0 in samples with no predicted labels. Use `zero_division` parameter to control this behavior.
  _warn_prf(average, modifier, msg_start, len(result))
Acc. (Correct/Total): 51.15%% Prec: 0.7032 F1: 0.6611
Start evaluation on test dataset.
/root/miniconda3/envs/lyq/lib/python3.8/site-packages/sklearn/metrics/_classification.py:1469: UndefinedMetricWarning: Precision is ill-defined and being set to 0.0 in samples with no predicted labels. Use `zero_division` parameter to control this behavior.
  _warn_prf(average, modifier, msg_start, len(result))
Acc. (Correct/Total): 56.41%% Prec: 0.7499 F1: 0.7052
Epoch id: 19, Training steps: 100, Avg loss: 0.006, Time: 0:58:00
Epoch id: 19, Training steps: 200, Avg loss: 0.004, Time: 0:58:59
Start evaluation on dev dataset.
/root/miniconda3/envs/lyq/lib/python3.8/site-packages/sklearn/metrics/_classification.py:1469: UndefinedMetricWarning: Precision is ill-defined and being set to 0.0 in samples with no predicted labels. Use `zero_division` parameter to control this behavior.
  _warn_prf(average, modifier, msg_start, len(result))
Acc. (Correct/Total): 50.38%% Prec: 0.7004 F1: 0.6598
Epoch id: 20, Training steps: 100, Avg loss: 0.006, Time: 1:01:08
Epoch id: 20, Training steps: 200, Avg loss: 0.003, Time: 1:02:07
Start evaluation on dev dataset.
/root/miniconda3/envs/lyq/lib/python3.8/site-packages/sklearn/metrics/_classification.py:1469: UndefinedMetricWarning: Precision is ill-defined and being set to 0.0 in samples with no predicted labels. Use `zero_division` parameter to control this behavior.
  _warn_prf(average, modifier, msg_start, len(result))
Acc. (Correct/Total): 49.57%% Prec: 0.6899 F1: 0.6445
Final evaluation on the test dataset.
The number of evaluation instances:  2067
/root/miniconda3/envs/lyq/lib/python3.8/site-packages/sklearn/metrics/_classification.py:1469: UndefinedMetricWarning: Precision is ill-defined and being set to 0.0 in samples with no predicted labels. Use `zero_division` parameter to control this behavior.
  _warn_prf(average, modifier, msg_start, len(result))
/root/miniconda3/envs/lyq/lib/python3.8/site-packages/sklearn/metrics/_classification.py:1469: UndefinedMetricWarning: Precision and F-score are ill-defined and being set to 0.0 in labels with no predicted samples. Use `zero_division` parameter to control this behavior.
  _warn_prf(average, modifier, msg_start, len(result))
/root/miniconda3/envs/lyq/lib/python3.8/site-packages/sklearn/metrics/_classification.py:1469: UndefinedMetricWarning: Precision and F-score are ill-defined and being set to 0.0 in samples with no predicted labels. Use `zero_division` parameter to control this behavior.
  _warn_prf(average, modifier, msg_start, len(result))
Acc. (Correct/Total): 56.41% Prec: 0.7499 F1: 0.7052
Precision, Recall and F1-Score...
              precision    recall  f1-score   support

         教育学     0.8750    0.8714    0.8732       241
          法学     0.8400    0.8438    0.8419       224
      中国语言文学     0.8086    0.7081    0.7550       185
         政治学     0.7778    0.4724    0.5878       163
         社会学     0.7925    0.8025    0.7975       157
         心理学     0.8507    0.4634    0.6000       123
       应用经济学     0.6842    0.5556    0.6132       117
         历史学     0.9623    0.4679    0.6296       109
     环境科学与工程     0.9043    0.7870    0.8416       108
          哲学     0.8413    0.5464    0.6625        97
      外国语言文学     0.7826    0.6353    0.7013        85
         生物学     0.7882    0.8481    0.8171        79
      交通运输工程     0.9136    0.9487    0.9308        78
        临床医学     0.9024    0.4868    0.6325        76
    计算机科学与技术     0.6757    0.7042    0.6897        71
        土木工程     0.9000    0.9545    0.9265        66
   航空宇航科学与技术     0.9180    0.9180    0.9180        61
         民族学     0.6744    0.5273    0.5918        55
   公共卫生与预防医学     0.4918    0.5882    0.5357        51
         美术学     0.8269    0.8600    0.8431        50
         艺术学     0.7750    0.7209    0.7470        43
         地理学     0.8333    0.4762    0.6061        42
         体育学     0.9545    0.5250    0.6774        40
       理论经济学     0.6842    0.6842    0.6842        38
         中医学     0.9394    0.8378    0.8857        37
         物理学     0.8750    0.7778    0.8235        36
          林学     0.8696    0.6061    0.7143        33
          数学     0.7692    0.6250    0.6897        32
     电子科学与技术     0.5926    0.5161    0.5517        31
        基础医学     0.3889    0.4828    0.4308        29
        工商管理     0.7500    0.4444    0.5581        27
       新闻传播学     0.6800    0.7727    0.7234        22
         天文学     0.8571    0.8182    0.8372        22
         地质学     0.8421    0.7619    0.8000        21
         畜牧学     0.7619    0.7619    0.7619        21
   军事思想及军事历史     0.8235    0.7000    0.7568        20
     管理科学与工程     0.5000    0.6111    0.5500        18
     测绘科学与技术     0.7000    0.8235    0.7568        17
        水利工程     0.8750    0.4375    0.5833        16
        大气科学     0.9167    0.6875    0.7857        16
     兵器科学与技术     0.6500    0.8667    0.7429        15
       地球物理学     0.8000    0.2857    0.4211        14
        电气工程     1.0000    0.4615    0.6316        13
         作物学     0.8571    0.4615    0.6000        13
     控制科学与工程     0.3000    0.2308    0.2609        13
     信息与通信工程     0.6429    0.6923    0.6667        13
        公共管理     0.0000    0.0000    0.0000        13
         建筑学     0.7500    0.2308    0.3529        13
     化学工程与技术     1.0000    0.6667    0.8000        12
          力学     0.8889    0.7273    0.8000        11
        海洋科学     0.9000    0.8182    0.8571        11
     轻工技术与工程     0.5000    0.4545    0.4762        11
        农业工程     0.6667    0.2000    0.3077        10
         园艺学     0.9000    0.9000    0.9000        10
       中西医结合     1.0000    0.8000    0.8889        10
        机械工程     1.0000    0.4444    0.6154         9
       科学技术史     0.8000    0.5000    0.6154         8
     船舶与海洋工程     0.8571    0.7500    0.8000         8
   图书情报与档案管理     0.6000    0.7500    0.6667         8
        植物保护     0.8750    0.8750    0.8750         8
     材料科学与工程     1.0000    0.7500    0.8571         8
         统计学     0.6000    0.7500    0.6667         8
          化学     0.7778    0.8750    0.8235         8
     食品科学与工程     1.0000    0.3750    0.5455         8
          水产     1.0000    0.5714    0.7273         7
          药学     1.0000    0.7143    0.8333         7
     农业资源与环境     1.0000    0.4286    0.6000         7
         世界史     0.7500    0.4286    0.5455         7
        系统科学     0.8000    0.5714    0.6667         7
      农林经济管理     1.0000    0.8000    0.8889         5
       军队指挥学     1.0000    0.4000    0.5714         5
        矿业工程     0.6667    0.4000    0.5000         5
     纺织科学与工程     0.7143    1.0000    0.8333         5
  动力工程及工程热物理     0.0000    0.0000    0.0000         4
        林业工程     0.0000    0.0000    0.0000         4
     仪器科学与技术     0.0000    0.0000    0.0000         3
         战略学     0.2000    0.3333    0.2500         3
   地质资源与地质工程     1.0000    0.3333    0.5000         3
        旅游管理     1.0000    0.3333    0.5000         3
 图书馆、情报与档案管理     0.0000    0.0000    0.0000         2
        冶金工程     1.0000    0.5000    0.6667         2
      核科学与技术     0.0000    0.0000    0.0000         2

   micro avg     0.7966    0.6751    0.7308      3093
   macro avg     0.7451    0.5822    0.6337      3093
weighted avg     0.8044    0.6751    0.7213      3093
 samples avg     0.7499    0.6892    0.7052      3093

