/root/miniconda3/envs/lyq/lib/python3.8/site-packages/scipy/__init__.py:146: UserWarning: A NumPy version >=1.16.5 and <1.23.0 is required for this version of SciPy (detected version 1.23.5
  warnings.warn(f"A NumPy version >={np_minversion} and <{np_maxversion}"
  0%|          | 0/82 [00:00<?, ?it/s]100%|██████████| 82/82 [00:00<00:00, 1116665.35it/s]
model:  ernie-rcnn-catlstm
pretrained:  ernie1
task:  MLC-slice
dataset:  book_multilabels_task_slice
seq_length:  256
hidden_dropout_prob:  0.1
attention_probs_dropout_prob:  0.1
epochs_num:  20
batch_size:  16
learning_rate:  2e-05
report_steps:  100
kg_name:  CnDbpedia
no_kg:  True
no_vm:  True
Vocabulary Size:  17964
[BertClassifier] use visible_matrix: False
Some weights of ErnieRCNNForMultiLabelSequenceClassificationSliceCatLSTM were not initialized from the model checkpoint at ./models/ernie1 and are newly initialized: ['lstm.bias_hh_l1', 'lstm.weight_hh_l1', 'lstm.bias_hh_l1_reverse', 'output_layer_1.weight', 'lstm.weight_ih_l1', 'lstm.weight_ih_l1_reverse', 'lstm.weight_hh_l1_reverse', 'lstm.weight_ih_l0_reverse', 'lstm.weight_hh_l0_reverse', 'lstm.bias_ih_l0', 'lstm.weight_ih_l0', 'lstm.bias_hh_l0_reverse', 'classifier.weight', 'lstm.bias_ih_l1_reverse', 'output_layer_1.bias', 'lstm.bias_ih_l0_reverse', 'lstm.weight_hh_l0', 'lstm.bias_ih_l1', 'lstm.bias_hh_l0', 'classifier.bias']
You should probably TRAIN this model on a down-stream task to be able to use it for predictions and inference.
1 GPUs are available. Let's use them.
device:  cuda
Start training.
Loading sentences from ./datasets/book_multilabels_task_slice/train.tsv
There are 9097 sentence in total. We use 1 processes to inject knowledge into sentences.
Progress of process 0: 0/9097
Loading sentences from ./datasets/book_multilabels_task_slice/dev.tsv
There are 2084 sentence in total. We use 1 processes to inject knowledge into sentences.
Progress of process 0: 0/2084
Loading sentences from ./datasets/book_multilabels_task_slice/test.tsv
There are 2067 sentence in total. We use 1 processes to inject knowledge into sentences.
Progress of process 0: 0/2067
Epoch id: 1, Training steps: 100, Avg loss: 0.184, Time: 0:00:49
Epoch id: 1, Training steps: 200, Avg loss: 0.083, Time: 0:01:39
Epoch id: 1, Training steps: 300, Avg loss: 0.079, Time: 0:02:28
Epoch id: 1, Training steps: 400, Avg loss: 0.073, Time: 0:03:18
Epoch id: 1, Training steps: 500, Avg loss: 0.062, Time: 0:04:07
Start evaluation on dev dataset.
/root/miniconda3/envs/lyq/lib/python3.8/site-packages/sklearn/metrics/_classification.py:1469: UndefinedMetricWarning: Precision is ill-defined and being set to 0.0 in samples with no predicted labels. Use `zero_division` parameter to control this behavior.
  _warn_prf(average, modifier, msg_start, len(result))
Acc. (Correct/Total):  6.43%% Prec: 0.1012 F1: 0.0889
Start evaluation on test dataset.
/root/miniconda3/envs/lyq/lib/python3.8/site-packages/sklearn/metrics/_classification.py:1469: UndefinedMetricWarning: Precision is ill-defined and being set to 0.0 in samples with no predicted labels. Use `zero_division` parameter to control this behavior.
  _warn_prf(average, modifier, msg_start, len(result))
Acc. (Correct/Total):  7.84%% Prec: 0.1374 F1: 0.1173
Epoch id: 2, Training steps: 100, Avg loss: 0.087, Time: 0:06:15
Epoch id: 2, Training steps: 200, Avg loss: 0.045, Time: 0:07:05
Epoch id: 2, Training steps: 300, Avg loss: 0.043, Time: 0:07:54
Epoch id: 2, Training steps: 400, Avg loss: 0.038, Time: 0:08:44
Epoch id: 2, Training steps: 500, Avg loss: 0.035, Time: 0:09:34
Start evaluation on dev dataset.
/root/miniconda3/envs/lyq/lib/python3.8/site-packages/sklearn/metrics/_classification.py:1469: UndefinedMetricWarning: Precision is ill-defined and being set to 0.0 in samples with no predicted labels. Use `zero_division` parameter to control this behavior.
  _warn_prf(average, modifier, msg_start, len(result))
Acc. (Correct/Total): 23.08%% Prec: 0.3594 F1: 0.3200
Start evaluation on test dataset.
/root/miniconda3/envs/lyq/lib/python3.8/site-packages/sklearn/metrics/_classification.py:1469: UndefinedMetricWarning: Precision is ill-defined and being set to 0.0 in samples with no predicted labels. Use `zero_division` parameter to control this behavior.
  _warn_prf(average, modifier, msg_start, len(result))
Acc. (Correct/Total): 31.88%% Prec: 0.4439 F1: 0.4030
Epoch id: 3, Training steps: 100, Avg loss: 0.052, Time: 0:11:42
Epoch id: 3, Training steps: 200, Avg loss: 0.030, Time: 0:12:31
Epoch id: 3, Training steps: 300, Avg loss: 0.029, Time: 0:13:21
Epoch id: 3, Training steps: 400, Avg loss: 0.027, Time: 0:14:10
Epoch id: 3, Training steps: 500, Avg loss: 0.027, Time: 0:15:00
Start evaluation on dev dataset.
/root/miniconda3/envs/lyq/lib/python3.8/site-packages/sklearn/metrics/_classification.py:1469: UndefinedMetricWarning: Precision is ill-defined and being set to 0.0 in samples with no predicted labels. Use `zero_division` parameter to control this behavior.
  _warn_prf(average, modifier, msg_start, len(result))
Acc. (Correct/Total): 33.78%% Prec: 0.5185 F1: 0.4639
Start evaluation on test dataset.
/root/miniconda3/envs/lyq/lib/python3.8/site-packages/sklearn/metrics/_classification.py:1469: UndefinedMetricWarning: Precision is ill-defined and being set to 0.0 in samples with no predicted labels. Use `zero_division` parameter to control this behavior.
  _warn_prf(average, modifier, msg_start, len(result))
Acc. (Correct/Total): 42.04%% Prec: 0.5881 F1: 0.5352
Epoch id: 4, Training steps: 100, Avg loss: 0.042, Time: 0:17:08
Epoch id: 4, Training steps: 200, Avg loss: 0.024, Time: 0:17:58
Epoch id: 4, Training steps: 300, Avg loss: 0.024, Time: 0:18:47
Epoch id: 4, Training steps: 400, Avg loss: 0.021, Time: 0:19:37
Epoch id: 4, Training steps: 500, Avg loss: 0.022, Time: 0:20:27
Start evaluation on dev dataset.
/root/miniconda3/envs/lyq/lib/python3.8/site-packages/sklearn/metrics/_classification.py:1469: UndefinedMetricWarning: Precision is ill-defined and being set to 0.0 in samples with no predicted labels. Use `zero_division` parameter to control this behavior.
  _warn_prf(average, modifier, msg_start, len(result))
Acc. (Correct/Total): 30.66%% Prec: 0.4696 F1: 0.4189
Epoch id: 5, Training steps: 100, Avg loss: 0.044, Time: 0:22:12
Epoch id: 5, Training steps: 200, Avg loss: 0.022, Time: 0:23:02
Epoch id: 5, Training steps: 300, Avg loss: 0.021, Time: 0:23:52
Epoch id: 5, Training steps: 400, Avg loss: 0.019, Time: 0:24:41
Epoch id: 5, Training steps: 500, Avg loss: 0.019, Time: 0:25:31
Start evaluation on dev dataset.
/root/miniconda3/envs/lyq/lib/python3.8/site-packages/sklearn/metrics/_classification.py:1469: UndefinedMetricWarning: Precision is ill-defined and being set to 0.0 in samples with no predicted labels. Use `zero_division` parameter to control this behavior.
  _warn_prf(average, modifier, msg_start, len(result))
Acc. (Correct/Total): 41.84%% Prec: 0.6184 F1: 0.5626
Start evaluation on test dataset.
/root/miniconda3/envs/lyq/lib/python3.8/site-packages/sklearn/metrics/_classification.py:1469: UndefinedMetricWarning: Precision is ill-defined and being set to 0.0 in samples with no predicted labels. Use `zero_division` parameter to control this behavior.
  _warn_prf(average, modifier, msg_start, len(result))
Acc. (Correct/Total): 50.80%% Prec: 0.6886 F1: 0.6337
Epoch id: 6, Training steps: 100, Avg loss: 0.028, Time: 0:27:39
Epoch id: 6, Training steps: 200, Avg loss: 0.015, Time: 0:28:28
Epoch id: 6, Training steps: 300, Avg loss: 0.016, Time: 0:29:18
Epoch id: 6, Training steps: 400, Avg loss: 0.016, Time: 0:30:07
Epoch id: 6, Training steps: 500, Avg loss: 0.016, Time: 0:30:57
Start evaluation on dev dataset.
/root/miniconda3/envs/lyq/lib/python3.8/site-packages/sklearn/metrics/_classification.py:1469: UndefinedMetricWarning: Precision is ill-defined and being set to 0.0 in samples with no predicted labels. Use `zero_division` parameter to control this behavior.
  _warn_prf(average, modifier, msg_start, len(result))
Acc. (Correct/Total): 47.31%% Prec: 0.6780 F1: 0.6240
Start evaluation on test dataset.
/root/miniconda3/envs/lyq/lib/python3.8/site-packages/sklearn/metrics/_classification.py:1469: UndefinedMetricWarning: Precision is ill-defined and being set to 0.0 in samples with no predicted labels. Use `zero_division` parameter to control this behavior.
  _warn_prf(average, modifier, msg_start, len(result))
Acc. (Correct/Total): 55.10%% Prec: 0.7362 F1: 0.6842
Epoch id: 7, Training steps: 100, Avg loss: 0.024, Time: 0:33:05
Epoch id: 7, Training steps: 200, Avg loss: 0.014, Time: 0:33:54
Epoch id: 7, Training steps: 300, Avg loss: 0.013, Time: 0:34:44
Epoch id: 7, Training steps: 400, Avg loss: 0.013, Time: 0:35:34
Epoch id: 7, Training steps: 500, Avg loss: 0.012, Time: 0:36:23
Start evaluation on dev dataset.
/root/miniconda3/envs/lyq/lib/python3.8/site-packages/sklearn/metrics/_classification.py:1469: UndefinedMetricWarning: Precision is ill-defined and being set to 0.0 in samples with no predicted labels. Use `zero_division` parameter to control this behavior.
  _warn_prf(average, modifier, msg_start, len(result))
Acc. (Correct/Total): 46.11%% Prec: 0.6666 F1: 0.6103
Epoch id: 8, Training steps: 100, Avg loss: 0.020, Time: 0:38:09
Epoch id: 8, Training steps: 200, Avg loss: 0.011, Time: 0:38:59
Epoch id: 8, Training steps: 300, Avg loss: 0.011, Time: 0:39:48
Epoch id: 8, Training steps: 400, Avg loss: 0.012, Time: 0:40:38
Epoch id: 8, Training steps: 500, Avg loss: 0.011, Time: 0:41:27
Start evaluation on dev dataset.
/root/miniconda3/envs/lyq/lib/python3.8/site-packages/sklearn/metrics/_classification.py:1469: UndefinedMetricWarning: Precision is ill-defined and being set to 0.0 in samples with no predicted labels. Use `zero_division` parameter to control this behavior.
  _warn_prf(average, modifier, msg_start, len(result))
Acc. (Correct/Total): 47.79%% Prec: 0.6768 F1: 0.6244
Start evaluation on test dataset.
/root/miniconda3/envs/lyq/lib/python3.8/site-packages/sklearn/metrics/_classification.py:1469: UndefinedMetricWarning: Precision is ill-defined and being set to 0.0 in samples with no predicted labels. Use `zero_division` parameter to control this behavior.
  _warn_prf(average, modifier, msg_start, len(result))
Acc. (Correct/Total): 57.72%% Prec: 0.7581 F1: 0.7087
Epoch id: 9, Training steps: 100, Avg loss: 0.017, Time: 0:43:35
Epoch id: 9, Training steps: 200, Avg loss: 0.009, Time: 0:44:25
Epoch id: 9, Training steps: 300, Avg loss: 0.009, Time: 0:45:14
Epoch id: 9, Training steps: 400, Avg loss: 0.009, Time: 0:46:04
Epoch id: 9, Training steps: 500, Avg loss: 0.010, Time: 0:46:54
Start evaluation on dev dataset.
/root/miniconda3/envs/lyq/lib/python3.8/site-packages/sklearn/metrics/_classification.py:1469: UndefinedMetricWarning: Precision is ill-defined and being set to 0.0 in samples with no predicted labels. Use `zero_division` parameter to control this behavior.
  _warn_prf(average, modifier, msg_start, len(result))
Acc. (Correct/Total): 50.29%% Prec: 0.7072 F1: 0.6572
Start evaluation on test dataset.
/root/miniconda3/envs/lyq/lib/python3.8/site-packages/sklearn/metrics/_classification.py:1469: UndefinedMetricWarning: Precision is ill-defined and being set to 0.0 in samples with no predicted labels. Use `zero_division` parameter to control this behavior.
  _warn_prf(average, modifier, msg_start, len(result))
Acc. (Correct/Total): 59.31%% Prec: 0.7714 F1: 0.7241
Epoch id: 10, Training steps: 100, Avg loss: 0.014, Time: 0:49:02
Epoch id: 10, Training steps: 200, Avg loss: 0.007, Time: 0:49:51
Epoch id: 10, Training steps: 300, Avg loss: 0.007, Time: 0:50:41
Epoch id: 10, Training steps: 400, Avg loss: 0.008, Time: 0:51:30
Epoch id: 10, Training steps: 500, Avg loss: 0.007, Time: 0:52:20
Start evaluation on dev dataset.
/root/miniconda3/envs/lyq/lib/python3.8/site-packages/sklearn/metrics/_classification.py:1469: UndefinedMetricWarning: Precision is ill-defined and being set to 0.0 in samples with no predicted labels. Use `zero_division` parameter to control this behavior.
  _warn_prf(average, modifier, msg_start, len(result))
Acc. (Correct/Total): 51.34%% Prec: 0.7167 F1: 0.6672
Start evaluation on test dataset.
/root/miniconda3/envs/lyq/lib/python3.8/site-packages/sklearn/metrics/_classification.py:1469: UndefinedMetricWarning: Precision is ill-defined and being set to 0.0 in samples with no predicted labels. Use `zero_division` parameter to control this behavior.
  _warn_prf(average, modifier, msg_start, len(result))
Acc. (Correct/Total): 60.47%% Prec: 0.7802 F1: 0.7377
Epoch id: 11, Training steps: 100, Avg loss: 0.011, Time: 0:54:28
Epoch id: 11, Training steps: 200, Avg loss: 0.006, Time: 0:55:18
Epoch id: 11, Training steps: 300, Avg loss: 0.006, Time: 0:56:07
Epoch id: 11, Training steps: 400, Avg loss: 0.006, Time: 0:56:57
Epoch id: 11, Training steps: 500, Avg loss: 0.006, Time: 0:57:47
Start evaluation on dev dataset.
/root/miniconda3/envs/lyq/lib/python3.8/site-packages/sklearn/metrics/_classification.py:1469: UndefinedMetricWarning: Precision is ill-defined and being set to 0.0 in samples with no predicted labels. Use `zero_division` parameter to control this behavior.
  _warn_prf(average, modifier, msg_start, len(result))
Acc. (Correct/Total): 51.30%% Prec: 0.7194 F1: 0.6721
Epoch id: 12, Training steps: 100, Avg loss: 0.010, Time: 0:59:33
Epoch id: 12, Training steps: 200, Avg loss: 0.005, Time: 1:00:22
Epoch id: 12, Training steps: 300, Avg loss: 0.005, Time: 1:01:12
Epoch id: 12, Training steps: 400, Avg loss: 0.005, Time: 1:02:01
Epoch id: 12, Training steps: 500, Avg loss: 0.005, Time: 1:02:51
Start evaluation on dev dataset.
/root/miniconda3/envs/lyq/lib/python3.8/site-packages/sklearn/metrics/_classification.py:1469: UndefinedMetricWarning: Precision is ill-defined and being set to 0.0 in samples with no predicted labels. Use `zero_division` parameter to control this behavior.
  _warn_prf(average, modifier, msg_start, len(result))
Acc. (Correct/Total): 52.40%% Prec: 0.7307 F1: 0.6833
Start evaluation on test dataset.
/root/miniconda3/envs/lyq/lib/python3.8/site-packages/sklearn/metrics/_classification.py:1469: UndefinedMetricWarning: Precision is ill-defined and being set to 0.0 in samples with no predicted labels. Use `zero_division` parameter to control this behavior.
  _warn_prf(average, modifier, msg_start, len(result))
Acc. (Correct/Total): 60.91%% Prec: 0.7864 F1: 0.7432
Epoch id: 13, Training steps: 100, Avg loss: 0.007, Time: 1:04:59
Epoch id: 13, Training steps: 200, Avg loss: 0.004, Time: 1:05:48
Epoch id: 13, Training steps: 300, Avg loss: 0.004, Time: 1:06:38
Epoch id: 13, Training steps: 400, Avg loss: 0.004, Time: 1:07:28
Epoch id: 13, Training steps: 500, Avg loss: 0.004, Time: 1:08:18
Start evaluation on dev dataset.
/root/miniconda3/envs/lyq/lib/python3.8/site-packages/sklearn/metrics/_classification.py:1469: UndefinedMetricWarning: Precision is ill-defined and being set to 0.0 in samples with no predicted labels. Use `zero_division` parameter to control this behavior.
  _warn_prf(average, modifier, msg_start, len(result))
Acc. (Correct/Total): 51.97%% Prec: 0.7219 F1: 0.6805
Epoch id: 14, Training steps: 100, Avg loss: 0.006, Time: 1:10:03
Epoch id: 14, Training steps: 200, Avg loss: 0.003, Time: 1:10:53
Epoch id: 14, Training steps: 300, Avg loss: 0.003, Time: 1:11:43
Epoch id: 14, Training steps: 400, Avg loss: 0.003, Time: 1:12:32
Epoch id: 14, Training steps: 500, Avg loss: 0.003, Time: 1:13:22
Start evaluation on dev dataset.
/root/miniconda3/envs/lyq/lib/python3.8/site-packages/sklearn/metrics/_classification.py:1469: UndefinedMetricWarning: Precision is ill-defined and being set to 0.0 in samples with no predicted labels. Use `zero_division` parameter to control this behavior.
  _warn_prf(average, modifier, msg_start, len(result))
Acc. (Correct/Total): 55.28%% Prec: 0.7422 F1: 0.7050
Start evaluation on test dataset.
/root/miniconda3/envs/lyq/lib/python3.8/site-packages/sklearn/metrics/_classification.py:1469: UndefinedMetricWarning: Precision is ill-defined and being set to 0.0 in samples with no predicted labels. Use `zero_division` parameter to control this behavior.
  _warn_prf(average, modifier, msg_start, len(result))
Acc. (Correct/Total): 60.96%% Prec: 0.7963 F1: 0.7579
Epoch id: 15, Training steps: 100, Avg loss: 0.005, Time: 1:15:30
Epoch id: 15, Training steps: 200, Avg loss: 0.003, Time: 1:16:20
Epoch id: 15, Training steps: 300, Avg loss: 0.003, Time: 1:17:09
Epoch id: 15, Training steps: 400, Avg loss: 0.003, Time: 1:17:59
Epoch id: 15, Training steps: 500, Avg loss: 0.003, Time: 1:18:48
Start evaluation on dev dataset.
/root/miniconda3/envs/lyq/lib/python3.8/site-packages/sklearn/metrics/_classification.py:1469: UndefinedMetricWarning: Precision is ill-defined and being set to 0.0 in samples with no predicted labels. Use `zero_division` parameter to control this behavior.
  _warn_prf(average, modifier, msg_start, len(result))
Acc. (Correct/Total): 54.37%% Prec: 0.7390 F1: 0.7031
Epoch id: 16, Training steps: 100, Avg loss: 0.004, Time: 1:20:34
Epoch id: 16, Training steps: 200, Avg loss: 0.002, Time: 1:21:24
Epoch id: 16, Training steps: 300, Avg loss: 0.002, Time: 1:22:14
Epoch id: 16, Training steps: 400, Avg loss: 0.002, Time: 1:23:03
Epoch id: 16, Training steps: 500, Avg loss: 0.002, Time: 1:23:53
Start evaluation on dev dataset.
/root/miniconda3/envs/lyq/lib/python3.8/site-packages/sklearn/metrics/_classification.py:1469: UndefinedMetricWarning: Precision is ill-defined and being set to 0.0 in samples with no predicted labels. Use `zero_division` parameter to control this behavior.
  _warn_prf(average, modifier, msg_start, len(result))
Acc. (Correct/Total): 54.70%% Prec: 0.7547 F1: 0.7175
Epoch id: 17, Training steps: 100, Avg loss: 0.003, Time: 1:25:38
Epoch id: 17, Training steps: 200, Avg loss: 0.002, Time: 1:26:28
Epoch id: 17, Training steps: 300, Avg loss: 0.002, Time: 1:27:18
Epoch id: 17, Training steps: 400, Avg loss: 0.002, Time: 1:28:07
Epoch id: 17, Training steps: 500, Avg loss: 0.002, Time: 1:28:57
Start evaluation on dev dataset.
/root/miniconda3/envs/lyq/lib/python3.8/site-packages/sklearn/metrics/_classification.py:1469: UndefinedMetricWarning: Precision is ill-defined and being set to 0.0 in samples with no predicted labels. Use `zero_division` parameter to control this behavior.
  _warn_prf(average, modifier, msg_start, len(result))
Acc. (Correct/Total): 54.17%% Prec: 0.7433 F1: 0.7066
Epoch id: 18, Training steps: 100, Avg loss: 0.003, Time: 1:30:42
Epoch id: 18, Training steps: 200, Avg loss: 0.002, Time: 1:31:32
Epoch id: 18, Training steps: 300, Avg loss: 0.002, Time: 1:32:22
Epoch id: 18, Training steps: 400, Avg loss: 0.002, Time: 1:33:12
Epoch id: 18, Training steps: 500, Avg loss: 0.002, Time: 1:34:01
Start evaluation on dev dataset.
/root/miniconda3/envs/lyq/lib/python3.8/site-packages/sklearn/metrics/_classification.py:1469: UndefinedMetricWarning: Precision is ill-defined and being set to 0.0 in samples with no predicted labels. Use `zero_division` parameter to control this behavior.
  _warn_prf(average, modifier, msg_start, len(result))
Acc. (Correct/Total): 53.26%% Prec: 0.7254 F1: 0.6930
Epoch id: 19, Training steps: 100, Avg loss: 0.003, Time: 1:35:47
Epoch id: 19, Training steps: 200, Avg loss: 0.001, Time: 1:36:37
Epoch id: 19, Training steps: 300, Avg loss: 0.001, Time: 1:37:26
Epoch id: 19, Training steps: 400, Avg loss: 0.001, Time: 1:38:16
Epoch id: 19, Training steps: 500, Avg loss: 0.001, Time: 1:39:06
Start evaluation on dev dataset.
/root/miniconda3/envs/lyq/lib/python3.8/site-packages/sklearn/metrics/_classification.py:1469: UndefinedMetricWarning: Precision is ill-defined and being set to 0.0 in samples with no predicted labels. Use `zero_division` parameter to control this behavior.
  _warn_prf(average, modifier, msg_start, len(result))
Acc. (Correct/Total): 54.61%% Prec: 0.7385 F1: 0.7051
Epoch id: 20, Training steps: 100, Avg loss: 0.002, Time: 1:40:51
Epoch id: 20, Training steps: 200, Avg loss: 0.001, Time: 1:41:41
Epoch id: 20, Training steps: 300, Avg loss: 0.001, Time: 1:42:31
Epoch id: 20, Training steps: 400, Avg loss: 0.001, Time: 1:43:21
Epoch id: 20, Training steps: 500, Avg loss: 0.001, Time: 1:44:10
Start evaluation on dev dataset.
/root/miniconda3/envs/lyq/lib/python3.8/site-packages/sklearn/metrics/_classification.py:1469: UndefinedMetricWarning: Precision is ill-defined and being set to 0.0 in samples with no predicted labels. Use `zero_division` parameter to control this behavior.
  _warn_prf(average, modifier, msg_start, len(result))
Acc. (Correct/Total): 54.75%% Prec: 0.7439 F1: 0.7097
Final evaluation on the test dataset.
The number of evaluation instances:  2067
/root/miniconda3/envs/lyq/lib/python3.8/site-packages/sklearn/metrics/_classification.py:1469: UndefinedMetricWarning: Precision is ill-defined and being set to 0.0 in samples with no predicted labels. Use `zero_division` parameter to control this behavior.
  _warn_prf(average, modifier, msg_start, len(result))
/root/miniconda3/envs/lyq/lib/python3.8/site-packages/sklearn/metrics/_classification.py:1469: UndefinedMetricWarning: Precision and F-score are ill-defined and being set to 0.0 in labels with no predicted samples. Use `zero_division` parameter to control this behavior.
  _warn_prf(average, modifier, msg_start, len(result))
/root/miniconda3/envs/lyq/lib/python3.8/site-packages/sklearn/metrics/_classification.py:1469: UndefinedMetricWarning: Precision and F-score are ill-defined and being set to 0.0 in samples with no predicted labels. Use `zero_division` parameter to control this behavior.
  _warn_prf(average, modifier, msg_start, len(result))
Acc. (Correct/Total): 60.96% Prec: 0.7963 F1: 0.7579
Precision, Recall and F1-Score...
              precision    recall  f1-score   support

         教育学     0.8972    0.9419    0.9190       241
          法学     0.8603    0.8795    0.8698       224
      中国语言文学     0.9400    0.7622    0.8418       185
         政治学     0.8129    0.6933    0.7483       163
         社会学     0.8671    0.7898    0.8267       157
         心理学     0.8625    0.5610    0.6798       123
       应用经济学     0.7558    0.5556    0.6404       117
         历史学     0.8649    0.5872    0.6995       109
     环境科学与工程     0.9118    0.8611    0.8857       108
          哲学     0.8133    0.6289    0.7093        97
      外国语言文学     0.8852    0.6353    0.7397        85
         生物学     0.8171    0.8481    0.8323        79
      交通运输工程     0.9474    0.9231    0.9351        78
        临床医学     0.8056    0.7632    0.7838        76
    计算机科学与技术     0.6889    0.8732    0.7702        71
        土木工程     0.9275    0.9697    0.9481        66
   航空宇航科学与技术     0.9655    0.9180    0.9412        61
         民族学     0.7778    0.5091    0.6154        55
   公共卫生与预防医学     0.5938    0.7451    0.6609        51
         美术学     0.8448    0.9800    0.9074        50
         艺术学     0.8421    0.7442    0.7901        43
         地理学     0.8571    0.7143    0.7792        42
         体育学     0.8846    0.5750    0.6970        40
       理论经济学     0.9333    0.7368    0.8235        38
         中医学     0.9310    0.7297    0.8182        37
         物理学     0.8378    0.8611    0.8493        36
          林学     0.7917    0.5758    0.6667        33
          数学     0.8571    0.5625    0.6792        32
     电子科学与技术     0.6957    0.5161    0.5926        31
        基础医学     0.5714    0.2759    0.3721        29
        工商管理     0.8571    0.6667    0.7500        27
       新闻传播学     0.7727    0.7727    0.7727        22
         天文学     0.7391    0.7727    0.7556        22
         地质学     1.0000    0.6667    0.8000        21
         畜牧学     0.8571    0.8571    0.8571        21
   军事思想及军事历史     0.8235    0.7000    0.7568        20
     管理科学与工程     0.6500    0.7222    0.6842        18
     测绘科学与技术     0.8182    0.5294    0.6429        17
        水利工程     0.8889    0.5000    0.6400        16
        大气科学     0.8462    0.6875    0.7586        16
     兵器科学与技术     0.6667    0.8000    0.7273        15
       地球物理学     1.0000    0.2143    0.3529        14
        电气工程     1.0000    0.4615    0.6316        13
         作物学     0.7000    0.5385    0.6087        13
     控制科学与工程     0.4444    0.3077    0.3636        13
     信息与通信工程     0.7000    0.5385    0.6087        13
        公共管理     0.2500    0.2308    0.2400        13
         建筑学     0.8333    0.3846    0.5263        13
     化学工程与技术     0.7692    0.8333    0.8000        12
          力学     0.8000    0.7273    0.7619        11
        海洋科学     0.8889    0.7273    0.8000        11
     轻工技术与工程     0.5000    0.4545    0.4762        11
        农业工程     1.0000    0.3000    0.4615        10
         园艺学     0.8889    0.8000    0.8421        10
       中西医结合     1.0000    0.3000    0.4615        10
        机械工程     0.8750    0.7778    0.8235         9
       科学技术史     1.0000    0.5000    0.6667         8
     船舶与海洋工程     0.8889    1.0000    0.9412         8
   图书情报与档案管理     0.7000    0.8750    0.7778         8
        植物保护     0.8889    1.0000    0.9412         8
     材料科学与工程     0.8571    0.7500    0.8000         8
         统计学     0.6000    0.7500    0.6667         8
          化学     1.0000    0.6250    0.7692         8
     食品科学与工程     0.8333    0.6250    0.7143         8
          水产     1.0000    0.8571    0.9231         7
          药学     0.8333    0.7143    0.7692         7
     农业资源与环境     1.0000    0.5714    0.7273         7
         世界史     1.0000    1.0000    1.0000         7
        系统科学     1.0000    0.5714    0.7273         7
      农林经济管理     0.5000    0.8000    0.6154         5
       军队指挥学     1.0000    0.4000    0.5714         5
        矿业工程     0.6667    0.4000    0.5000         5
     纺织科学与工程     0.7143    1.0000    0.8333         5
  动力工程及工程热物理     0.0000    0.0000    0.0000         4
        林业工程     0.0000    0.0000    0.0000         4
     仪器科学与技术     0.0000    0.0000    0.0000         3
         战略学     1.0000    0.3333    0.5000         3
   地质资源与地质工程     0.5000    0.3333    0.4000         3
        旅游管理     0.5000    0.3333    0.4000         3
 图书馆、情报与档案管理     0.0000    0.0000    0.0000         2
        冶金工程     1.0000    0.5000    0.6667         2
      核科学与技术     0.0000    0.0000    0.0000         2

   micro avg     0.8388    0.7320    0.7818      3093
   macro avg     0.7694    0.6211    0.6687      3093
weighted avg     0.8396    0.7320    0.7726      3093
 samples avg     0.7963    0.7500    0.7579      3093

