/root/miniconda3/envs/lyq/lib/python3.8/site-packages/scipy/__init__.py:146: UserWarning: A NumPy version >=1.16.5 and <1.23.0 is required for this version of SciPy (detected version 1.23.5
  warnings.warn(f"A NumPy version >={np_minversion} and <{np_maxversion}"
  0%|          | 0/82 [00:00<?, ?it/s]100%|██████████| 82/82 [00:00<00:00, 1463544.37it/s]
model:  ernie-rcnn
pretrained:  ernie1
task:  MLC
dataset:  book_multilabels_task
seq_length:  256
hidden_dropout_prob:  0.1
attention_probs_dropout_prob:  0.1
epochs_num:  20
batch_size:  32
learning_rate:  1.7e-05
report_steps:  100
kg_name:  CnDbpedia
no_kg:  False
no_vm:  False
Vocabulary Size:  17964
[BertClassifier] use visible_matrix: True
Some weights of ErnieRCNNForMultiLabelSequenceClassification were not initialized from the model checkpoint at ./models/ernie1 and are newly initialized: ['classifier.weight', 'output_layer_1.weight', 'lstm.bias_hh_l1', 'lstm.weight_ih_l1_reverse', 'lstm.bias_ih_l0_reverse', 'classifier.bias', 'lstm.weight_hh_l0', 'lstm.bias_hh_l1_reverse', 'lstm.weight_hh_l1', 'lstm.bias_ih_l1', 'lstm.weight_ih_l0', 'lstm.bias_ih_l0', 'lstm.bias_ih_l1_reverse', 'lstm.weight_hh_l1_reverse', 'lstm.weight_hh_l0_reverse', 'lstm.weight_ih_l0_reverse', 'lstm.bias_hh_l0', 'output_layer_1.bias', 'lstm.bias_hh_l0_reverse', 'lstm.weight_ih_l1']
You should probably TRAIN this model on a down-stream task to be able to use it for predictions and inference.
1 GPUs are available. Let's use them.
device:  cuda
[KnowledgeGraph] Loading spo from /Lyq/experiment/K-BERT-HUGGINGFACE/brain/kgs/CnDbpedia.spo
Start training.
Loading sentences from ./datasets/book_multilabels_task/train.tsv
There are 9097 sentence in total. We use 1 processes to inject knowledge into sentences.
Progress of process 0: 0/9097
Loading sentences from ./datasets/book_multilabels_task/dev.tsv
There are 2084 sentence in total. We use 1 processes to inject knowledge into sentences.
Progress of process 0: 0/2084
Loading sentences from ./datasets/book_multilabels_task/test.tsv
There are 2067 sentence in total. We use 1 processes to inject knowledge into sentences.
Progress of process 0: 0/2067
Epoch id: 1, Training steps: 100, Avg loss: 0.266, Time: 0:01:09
Epoch id: 1, Training steps: 200, Avg loss: 0.092, Time: 0:02:04
Start evaluation on dev dataset.
/root/miniconda3/envs/lyq/lib/python3.8/site-packages/sklearn/metrics/_classification.py:1469: UndefinedMetricWarning: Precision is ill-defined and being set to 0.0 in samples with no predicted labels. Use `zero_division` parameter to control this behavior.
  _warn_prf(average, modifier, msg_start, len(result))
Acc. (Correct/Total):  0.00%% Prec: 0.0000 F1: 0.0000
Epoch id: 2, Training steps: 100, Avg loss: 0.150, Time: 0:04:10
Epoch id: 2, Training steps: 200, Avg loss: 0.074, Time: 0:05:05
Start evaluation on dev dataset.
/root/miniconda3/envs/lyq/lib/python3.8/site-packages/sklearn/metrics/_classification.py:1469: UndefinedMetricWarning: Precision is ill-defined and being set to 0.0 in samples with no predicted labels. Use `zero_division` parameter to control this behavior.
  _warn_prf(average, modifier, msg_start, len(result))
Acc. (Correct/Total):  0.00%% Prec: 0.0000 F1: 0.0000
Epoch id: 3, Training steps: 100, Avg loss: 0.125, Time: 0:07:09
Epoch id: 3, Training steps: 200, Avg loss: 0.060, Time: 0:08:04
Start evaluation on dev dataset.
/root/miniconda3/envs/lyq/lib/python3.8/site-packages/sklearn/metrics/_classification.py:1469: UndefinedMetricWarning: Precision is ill-defined and being set to 0.0 in samples with no predicted labels. Use `zero_division` parameter to control this behavior.
  _warn_prf(average, modifier, msg_start, len(result))
Acc. (Correct/Total):  5.18%% Prec: 0.0967 F1: 0.0815
Start evaluation on test dataset.
/root/miniconda3/envs/lyq/lib/python3.8/site-packages/sklearn/metrics/_classification.py:1469: UndefinedMetricWarning: Precision is ill-defined and being set to 0.0 in samples with no predicted labels. Use `zero_division` parameter to control this behavior.
  _warn_prf(average, modifier, msg_start, len(result))
Acc. (Correct/Total):  5.61%% Prec: 0.1035 F1: 0.0872
Epoch id: 4, Training steps: 100, Avg loss: 0.098, Time: 0:10:26
Epoch id: 4, Training steps: 200, Avg loss: 0.048, Time: 0:11:22
Start evaluation on dev dataset.
/root/miniconda3/envs/lyq/lib/python3.8/site-packages/sklearn/metrics/_classification.py:1469: UndefinedMetricWarning: Precision is ill-defined and being set to 0.0 in samples with no predicted labels. Use `zero_division` parameter to control this behavior.
  _warn_prf(average, modifier, msg_start, len(result))
Acc. (Correct/Total): 15.07%% Prec: 0.2385 F1: 0.2098
Start evaluation on test dataset.
/root/miniconda3/envs/lyq/lib/python3.8/site-packages/sklearn/metrics/_classification.py:1469: UndefinedMetricWarning: Precision is ill-defined and being set to 0.0 in samples with no predicted labels. Use `zero_division` parameter to control this behavior.
  _warn_prf(average, modifier, msg_start, len(result))
Acc. (Correct/Total): 15.29%% Prec: 0.2588 F1: 0.2242
Epoch id: 5, Training steps: 100, Avg loss: 0.080, Time: 0:13:41
Epoch id: 5, Training steps: 200, Avg loss: 0.038, Time: 0:14:40
Start evaluation on dev dataset.
/root/miniconda3/envs/lyq/lib/python3.8/site-packages/sklearn/metrics/_classification.py:1469: UndefinedMetricWarning: Precision is ill-defined and being set to 0.0 in samples with no predicted labels. Use `zero_division` parameter to control this behavior.
  _warn_prf(average, modifier, msg_start, len(result))
Acc. (Correct/Total): 21.74%% Prec: 0.3366 F1: 0.2983
Start evaluation on test dataset.
/root/miniconda3/envs/lyq/lib/python3.8/site-packages/sklearn/metrics/_classification.py:1469: UndefinedMetricWarning: Precision is ill-defined and being set to 0.0 in samples with no predicted labels. Use `zero_division` parameter to control this behavior.
  _warn_prf(average, modifier, msg_start, len(result))
Acc. (Correct/Total): 23.85%% Prec: 0.3655 F1: 0.3254
Epoch id: 6, Training steps: 100, Avg loss: 0.068, Time: 0:17:05
Epoch id: 6, Training steps: 200, Avg loss: 0.034, Time: 0:18:07
Start evaluation on dev dataset.
/root/miniconda3/envs/lyq/lib/python3.8/site-packages/sklearn/metrics/_classification.py:1469: UndefinedMetricWarning: Precision is ill-defined and being set to 0.0 in samples with no predicted labels. Use `zero_division` parameter to control this behavior.
  _warn_prf(average, modifier, msg_start, len(result))
Acc. (Correct/Total): 26.54%% Prec: 0.4002 F1: 0.3587
Start evaluation on test dataset.
/root/miniconda3/envs/lyq/lib/python3.8/site-packages/sklearn/metrics/_classification.py:1469: UndefinedMetricWarning: Precision is ill-defined and being set to 0.0 in samples with no predicted labels. Use `zero_division` parameter to control this behavior.
  _warn_prf(average, modifier, msg_start, len(result))
Acc. (Correct/Total): 28.50%% Prec: 0.4291 F1: 0.3844
Epoch id: 7, Training steps: 100, Avg loss: 0.058, Time: 0:20:30
Epoch id: 7, Training steps: 200, Avg loss: 0.030, Time: 0:21:22
Start evaluation on dev dataset.
/root/miniconda3/envs/lyq/lib/python3.8/site-packages/sklearn/metrics/_classification.py:1469: UndefinedMetricWarning: Precision is ill-defined and being set to 0.0 in samples with no predicted labels. Use `zero_division` parameter to control this behavior.
  _warn_prf(average, modifier, msg_start, len(result))
Acc. (Correct/Total): 28.60%% Prec: 0.4475 F1: 0.3963
Start evaluation on test dataset.
/root/miniconda3/envs/lyq/lib/python3.8/site-packages/sklearn/metrics/_classification.py:1469: UndefinedMetricWarning: Precision is ill-defined and being set to 0.0 in samples with no predicted labels. Use `zero_division` parameter to control this behavior.
  _warn_prf(average, modifier, msg_start, len(result))
Acc. (Correct/Total): 32.66%% Prec: 0.4860 F1: 0.4351
Epoch id: 8, Training steps: 100, Avg loss: 0.051, Time: 0:23:47
Epoch id: 8, Training steps: 200, Avg loss: 0.026, Time: 0:24:42
Start evaluation on dev dataset.
/root/miniconda3/envs/lyq/lib/python3.8/site-packages/sklearn/metrics/_classification.py:1469: UndefinedMetricWarning: Precision is ill-defined and being set to 0.0 in samples with no predicted labels. Use `zero_division` parameter to control this behavior.
  _warn_prf(average, modifier, msg_start, len(result))
Acc. (Correct/Total): 31.96%% Prec: 0.4866 F1: 0.4346
Start evaluation on test dataset.
/root/miniconda3/envs/lyq/lib/python3.8/site-packages/sklearn/metrics/_classification.py:1469: UndefinedMetricWarning: Precision is ill-defined and being set to 0.0 in samples with no predicted labels. Use `zero_division` parameter to control this behavior.
  _warn_prf(average, modifier, msg_start, len(result))
Acc. (Correct/Total): 35.27%% Prec: 0.5356 F1: 0.4778
Epoch id: 9, Training steps: 100, Avg loss: 0.044, Time: 0:26:56
Epoch id: 9, Training steps: 200, Avg loss: 0.022, Time: 0:27:49
Start evaluation on dev dataset.
/root/miniconda3/envs/lyq/lib/python3.8/site-packages/sklearn/metrics/_classification.py:1469: UndefinedMetricWarning: Precision is ill-defined and being set to 0.0 in samples with no predicted labels. Use `zero_division` parameter to control this behavior.
  _warn_prf(average, modifier, msg_start, len(result))
Acc. (Correct/Total): 32.97%% Prec: 0.5194 F1: 0.4594
Start evaluation on test dataset.
/root/miniconda3/envs/lyq/lib/python3.8/site-packages/sklearn/metrics/_classification.py:1469: UndefinedMetricWarning: Precision is ill-defined and being set to 0.0 in samples with no predicted labels. Use `zero_division` parameter to control this behavior.
  _warn_prf(average, modifier, msg_start, len(result))
Acc. (Correct/Total): 38.07%% Prec: 0.5733 F1: 0.5122
Epoch id: 10, Training steps: 100, Avg loss: 0.039, Time: 0:30:12
Epoch id: 10, Training steps: 200, Avg loss: 0.019, Time: 0:31:06
Start evaluation on dev dataset.
/root/miniconda3/envs/lyq/lib/python3.8/site-packages/sklearn/metrics/_classification.py:1469: UndefinedMetricWarning: Precision is ill-defined and being set to 0.0 in samples with no predicted labels. Use `zero_division` parameter to control this behavior.
  _warn_prf(average, modifier, msg_start, len(result))
Acc. (Correct/Total): 36.37%% Prec: 0.5637 F1: 0.5019
Start evaluation on test dataset.
/root/miniconda3/envs/lyq/lib/python3.8/site-packages/sklearn/metrics/_classification.py:1469: UndefinedMetricWarning: Precision is ill-defined and being set to 0.0 in samples with no predicted labels. Use `zero_division` parameter to control this behavior.
  _warn_prf(average, modifier, msg_start, len(result))
Acc. (Correct/Total): 41.99%% Prec: 0.6168 F1: 0.5546
Epoch id: 11, Training steps: 100, Avg loss: 0.033, Time: 0:33:20
Epoch id: 11, Training steps: 200, Avg loss: 0.016, Time: 0:34:18
Start evaluation on dev dataset.
/root/miniconda3/envs/lyq/lib/python3.8/site-packages/sklearn/metrics/_classification.py:1469: UndefinedMetricWarning: Precision is ill-defined and being set to 0.0 in samples with no predicted labels. Use `zero_division` parameter to control this behavior.
  _warn_prf(average, modifier, msg_start, len(result))
Acc. (Correct/Total): 37.19%% Prec: 0.5727 F1: 0.5125
Start evaluation on test dataset.
/root/miniconda3/envs/lyq/lib/python3.8/site-packages/sklearn/metrics/_classification.py:1469: UndefinedMetricWarning: Precision is ill-defined and being set to 0.0 in samples with no predicted labels. Use `zero_division` parameter to control this behavior.
  _warn_prf(average, modifier, msg_start, len(result))
Acc. (Correct/Total): 44.22%% Prec: 0.6248 F1: 0.5692
Epoch id: 12, Training steps: 100, Avg loss: 0.028, Time: 0:36:43
Epoch id: 12, Training steps: 200, Avg loss: 0.014, Time: 0:37:43
Start evaluation on dev dataset.
/root/miniconda3/envs/lyq/lib/python3.8/site-packages/sklearn/metrics/_classification.py:1469: UndefinedMetricWarning: Precision is ill-defined and being set to 0.0 in samples with no predicted labels. Use `zero_division` parameter to control this behavior.
  _warn_prf(average, modifier, msg_start, len(result))
Acc. (Correct/Total): 40.74%% Prec: 0.5972 F1: 0.5417
Start evaluation on test dataset.
/root/miniconda3/envs/lyq/lib/python3.8/site-packages/sklearn/metrics/_classification.py:1469: UndefinedMetricWarning: Precision is ill-defined and being set to 0.0 in samples with no predicted labels. Use `zero_division` parameter to control this behavior.
  _warn_prf(average, modifier, msg_start, len(result))
Acc. (Correct/Total): 44.70%% Prec: 0.6313 F1: 0.5766
Epoch id: 13, Training steps: 100, Avg loss: 0.025, Time: 0:39:53
Epoch id: 13, Training steps: 200, Avg loss: 0.012, Time: 0:40:49
Start evaluation on dev dataset.
/root/miniconda3/envs/lyq/lib/python3.8/site-packages/sklearn/metrics/_classification.py:1469: UndefinedMetricWarning: Precision is ill-defined and being set to 0.0 in samples with no predicted labels. Use `zero_division` parameter to control this behavior.
  _warn_prf(average, modifier, msg_start, len(result))
Acc. (Correct/Total): 41.60%% Prec: 0.6001 F1: 0.5474
Start evaluation on test dataset.
/root/miniconda3/envs/lyq/lib/python3.8/site-packages/sklearn/metrics/_classification.py:1469: UndefinedMetricWarning: Precision is ill-defined and being set to 0.0 in samples with no predicted labels. Use `zero_division` parameter to control this behavior.
  _warn_prf(average, modifier, msg_start, len(result))
Acc. (Correct/Total): 47.75%% Prec: 0.6679 F1: 0.6113
Epoch id: 14, Training steps: 100, Avg loss: 0.022, Time: 0:43:29
Epoch id: 14, Training steps: 200, Avg loss: 0.011, Time: 0:44:26
Start evaluation on dev dataset.
/root/miniconda3/envs/lyq/lib/python3.8/site-packages/sklearn/metrics/_classification.py:1469: UndefinedMetricWarning: Precision is ill-defined and being set to 0.0 in samples with no predicted labels. Use `zero_division` parameter to control this behavior.
  _warn_prf(average, modifier, msg_start, len(result))
Acc. (Correct/Total): 41.65%% Prec: 0.6167 F1: 0.5586
Start evaluation on test dataset.
/root/miniconda3/envs/lyq/lib/python3.8/site-packages/sklearn/metrics/_classification.py:1469: UndefinedMetricWarning: Precision is ill-defined and being set to 0.0 in samples with no predicted labels. Use `zero_division` parameter to control this behavior.
  _warn_prf(average, modifier, msg_start, len(result))
Acc. (Correct/Total): 47.36%% Prec: 0.6697 F1: 0.6118
Epoch id: 15, Training steps: 100, Avg loss: 0.018, Time: 0:46:44
Epoch id: 15, Training steps: 200, Avg loss: 0.010, Time: 0:47:40
Start evaluation on dev dataset.
/root/miniconda3/envs/lyq/lib/python3.8/site-packages/sklearn/metrics/_classification.py:1469: UndefinedMetricWarning: Precision is ill-defined and being set to 0.0 in samples with no predicted labels. Use `zero_division` parameter to control this behavior.
  _warn_prf(average, modifier, msg_start, len(result))
Acc. (Correct/Total): 41.41%% Prec: 0.6250 F1: 0.5632
Epoch id: 16, Training steps: 100, Avg loss: 0.016, Time: 0:49:37
Epoch id: 16, Training steps: 200, Avg loss: 0.009, Time: 0:50:36
Start evaluation on dev dataset.
/root/miniconda3/envs/lyq/lib/python3.8/site-packages/sklearn/metrics/_classification.py:1469: UndefinedMetricWarning: Precision is ill-defined and being set to 0.0 in samples with no predicted labels. Use `zero_division` parameter to control this behavior.
  _warn_prf(average, modifier, msg_start, len(result))
Acc. (Correct/Total): 44.10%% Prec: 0.6325 F1: 0.5786
Start evaluation on test dataset.
/root/miniconda3/envs/lyq/lib/python3.8/site-packages/sklearn/metrics/_classification.py:1469: UndefinedMetricWarning: Precision is ill-defined and being set to 0.0 in samples with no predicted labels. Use `zero_division` parameter to control this behavior.
  _warn_prf(average, modifier, msg_start, len(result))
Acc. (Correct/Total): 49.15%% Prec: 0.6847 F1: 0.6298
Epoch id: 17, Training steps: 100, Avg loss: 0.014, Time: 0:52:54
Epoch id: 17, Training steps: 200, Avg loss: 0.007, Time: 0:53:50
Start evaluation on dev dataset.
/root/miniconda3/envs/lyq/lib/python3.8/site-packages/sklearn/metrics/_classification.py:1469: UndefinedMetricWarning: Precision is ill-defined and being set to 0.0 in samples with no predicted labels. Use `zero_division` parameter to control this behavior.
  _warn_prf(average, modifier, msg_start, len(result))
Acc. (Correct/Total): 44.48%% Prec: 0.6499 F1: 0.5925
Start evaluation on test dataset.
/root/miniconda3/envs/lyq/lib/python3.8/site-packages/sklearn/metrics/_classification.py:1469: UndefinedMetricWarning: Precision is ill-defined and being set to 0.0 in samples with no predicted labels. Use `zero_division` parameter to control this behavior.
  _warn_prf(average, modifier, msg_start, len(result))
Acc. (Correct/Total): 49.78%% Prec: 0.6912 F1: 0.6358
Epoch id: 18, Training steps: 100, Avg loss: 0.012, Time: 0:56:05
Epoch id: 18, Training steps: 200, Avg loss: 0.006, Time: 0:57:02
Start evaluation on dev dataset.
/root/miniconda3/envs/lyq/lib/python3.8/site-packages/sklearn/metrics/_classification.py:1469: UndefinedMetricWarning: Precision is ill-defined and being set to 0.0 in samples with no predicted labels. Use `zero_division` parameter to control this behavior.
  _warn_prf(average, modifier, msg_start, len(result))
Acc. (Correct/Total): 45.20%% Prec: 0.6567 F1: 0.6028
Start evaluation on test dataset.
/root/miniconda3/envs/lyq/lib/python3.8/site-packages/sklearn/metrics/_classification.py:1469: UndefinedMetricWarning: Precision is ill-defined and being set to 0.0 in samples with no predicted labels. Use `zero_division` parameter to control this behavior.
  _warn_prf(average, modifier, msg_start, len(result))
Acc. (Correct/Total): 51.81%% Prec: 0.7130 F1: 0.6590
Epoch id: 19, Training steps: 100, Avg loss: 0.011, Time: 0:59:29
Epoch id: 19, Training steps: 200, Avg loss: 0.005, Time: 1:00:25
Start evaluation on dev dataset.
/root/miniconda3/envs/lyq/lib/python3.8/site-packages/sklearn/metrics/_classification.py:1469: UndefinedMetricWarning: Precision is ill-defined and being set to 0.0 in samples with no predicted labels. Use `zero_division` parameter to control this behavior.
  _warn_prf(average, modifier, msg_start, len(result))
Acc. (Correct/Total): 45.59%% Prec: 0.6639 F1: 0.6123
Start evaluation on test dataset.
/root/miniconda3/envs/lyq/lib/python3.8/site-packages/sklearn/metrics/_classification.py:1469: UndefinedMetricWarning: Precision is ill-defined and being set to 0.0 in samples with no predicted labels. Use `zero_division` parameter to control this behavior.
  _warn_prf(average, modifier, msg_start, len(result))
Acc. (Correct/Total): 52.25%% Prec: 0.7219 F1: 0.6697
Epoch id: 20, Training steps: 100, Avg loss: 0.009, Time: 1:02:46
Epoch id: 20, Training steps: 200, Avg loss: 0.005, Time: 1:03:49
Start evaluation on dev dataset.
/root/miniconda3/envs/lyq/lib/python3.8/site-packages/sklearn/metrics/_classification.py:1469: UndefinedMetricWarning: Precision is ill-defined and being set to 0.0 in samples with no predicted labels. Use `zero_division` parameter to control this behavior.
  _warn_prf(average, modifier, msg_start, len(result))
Acc. (Correct/Total): 45.20%% Prec: 0.6580 F1: 0.6040
Final evaluation on the test dataset.
The number of evaluation instances:  2067
/root/miniconda3/envs/lyq/lib/python3.8/site-packages/sklearn/metrics/_classification.py:1469: UndefinedMetricWarning: Precision is ill-defined and being set to 0.0 in samples with no predicted labels. Use `zero_division` parameter to control this behavior.
  _warn_prf(average, modifier, msg_start, len(result))
/root/miniconda3/envs/lyq/lib/python3.8/site-packages/sklearn/metrics/_classification.py:1469: UndefinedMetricWarning: Precision and F-score are ill-defined and being set to 0.0 in labels with no predicted samples. Use `zero_division` parameter to control this behavior.
  _warn_prf(average, modifier, msg_start, len(result))
/root/miniconda3/envs/lyq/lib/python3.8/site-packages/sklearn/metrics/_classification.py:1469: UndefinedMetricWarning: Precision and F-score are ill-defined and being set to 0.0 in samples with no predicted labels. Use `zero_division` parameter to control this behavior.
  _warn_prf(average, modifier, msg_start, len(result))
Acc. (Correct/Total): 52.25% Prec: 0.7219 F1: 0.6697
Precision, Recall and F1-Score...
              precision    recall  f1-score   support

         教育学     0.8486    0.8838    0.8659       241
          法学     0.8271    0.7902    0.8082       224
      中国语言文学     0.8355    0.6865    0.7537       185
         政治学     0.7321    0.5031    0.5964       163
         社会学     0.7922    0.7771    0.7846       157
         心理学     0.8088    0.4472    0.5759       123
       应用经济学     0.6705    0.5043    0.5756       117
         历史学     0.8696    0.5505    0.6742       109
     环境科学与工程     0.8067    0.8889    0.8458       108
          哲学     0.7500    0.5567    0.6391        97
      外国语言文学     0.9070    0.4588    0.6094        85
         生物学     0.8235    0.7089    0.7619        79
      交通运输工程     0.8875    0.9103    0.8987        78
        临床医学     0.7571    0.6974    0.7260        76
    计算机科学与技术     0.8269    0.6056    0.6992        71
        土木工程     0.8955    0.9091    0.9023        66
   航空宇航科学与技术     0.9474    0.8852    0.9153        61
         民族学     0.6061    0.3636    0.4545        55
   公共卫生与预防医学     0.5273    0.5686    0.5472        51
         美术学     0.9038    0.9400    0.9216        50
         艺术学     0.7442    0.7442    0.7442        43
         地理学     0.9474    0.4286    0.5902        42
         体育学     0.8636    0.4750    0.6129        40
       理论经济学     0.7200    0.4737    0.5714        38
         中医学     0.9062    0.7838    0.8406        37
         物理学     0.7714    0.7500    0.7606        36
          林学     0.9444    0.5152    0.6667        33
          数学     0.6667    0.1875    0.2927        32
     电子科学与技术     0.5714    0.3871    0.4615        31
        基础医学     0.5500    0.3793    0.4490        29
        工商管理     0.7143    0.3704    0.4878        27
       新闻传播学     0.7727    0.7727    0.7727        22
         天文学     0.8333    0.9091    0.8696        22
         地质学     0.8667    0.6190    0.7222        21
         畜牧学     0.7273    0.7619    0.7442        21
   军事思想及军事历史     0.7143    0.7500    0.7317        20
     管理科学与工程     0.4167    0.5556    0.4762        18
     测绘科学与技术     0.8462    0.6471    0.7333        17
        水利工程     0.8750    0.4375    0.5833        16
        大气科学     0.8182    0.5625    0.6667        16
     兵器科学与技术     0.8571    0.8000    0.8276        15
       地球物理学     0.6000    0.2143    0.3158        14
        电气工程     0.8000    0.3077    0.4444        13
         作物学     0.6667    0.4615    0.5455        13
     控制科学与工程     0.5000    0.2308    0.3158        13
     信息与通信工程     1.0000    0.1538    0.2667        13
        公共管理     0.0000    0.0000    0.0000        13
         建筑学     0.0000    0.0000    0.0000        13
     化学工程与技术     1.0000    0.5000    0.6667        12
          力学     1.0000    0.3636    0.5333        11
        海洋科学     0.8889    0.7273    0.8000        11
     轻工技术与工程     0.5556    0.4545    0.5000        11
        农业工程     0.0000    0.0000    0.0000        10
         园艺学     0.8889    0.8000    0.8421        10
       中西医结合     1.0000    0.7000    0.8235        10
        机械工程     1.0000    0.4444    0.6154         9
       科学技术史     1.0000    0.1250    0.2222         8
     船舶与海洋工程     1.0000    0.6250    0.7692         8
   图书情报与档案管理     0.5000    0.2500    0.3333         8
        植物保护     1.0000    0.8750    0.9333         8
     材料科学与工程     0.5000    0.1250    0.2000         8
         统计学     0.5000    0.5000    0.5000         8
          化学     1.0000    0.7500    0.8571         8
     食品科学与工程     0.6667    0.2500    0.3636         8
          水产     1.0000    0.5714    0.7273         7
          药学     0.8571    0.8571    0.8571         7
     农业资源与环境     0.0000    0.0000    0.0000         7
         世界史     0.5000    0.1429    0.2222         7
        系统科学     0.8333    0.7143    0.7692         7
      农林经济管理     1.0000    0.2000    0.3333         5
       军队指挥学     1.0000    0.4000    0.5714         5
        矿业工程     0.6667    0.4000    0.5000         5
     纺织科学与工程     0.6000    0.6000    0.6000         5
  动力工程及工程热物理     0.0000    0.0000    0.0000         4
        林业工程     0.0000    0.0000    0.0000         4
     仪器科学与技术     0.0000    0.0000    0.0000         3
         战略学     0.0000    0.0000    0.0000         3
   地质资源与地质工程     0.0000    0.0000    0.0000         3
        旅游管理     0.0000    0.0000    0.0000         3
 图书馆、情报与档案管理     0.0000    0.0000    0.0000         2
        冶金工程     0.0000    0.0000    0.0000         2
      核科学与技术     0.0000    0.0000    0.0000         2

   micro avg     0.7956    0.6330    0.7051      3093
   macro avg     0.6668    0.4718    0.5316      3093
weighted avg     0.7817    0.6330    0.6857      3093
 samples avg     0.7219    0.6490    0.6697      3093

