/root/miniconda3/envs/lyq/lib/python3.8/site-packages/scipy/__init__.py:146: UserWarning: A NumPy version >=1.16.5 and <1.23.0 is required for this version of SciPy (detected version 1.23.5
  warnings.warn(f"A NumPy version >={np_minversion} and <{np_maxversion}"
  0%|          | 0/82 [00:00<?, ?it/s]100%|██████████| 82/82 [00:00<00:00, 752588.46it/s]
model:  ernie-rcnn-catlstm
pretrained:  ernie1
task:  MLC-slice
dataset:  book_multilabels_task_slice
seq_length:  256
hidden_dropout_prob:  0.1
attention_probs_dropout_prob:  0.1
epochs_num:  20
batch_size:  8
learning_rate:  2e-05
report_steps:  100
kg_name:  CnDbpedia
no_kg:  False
no_vm:  False
Vocabulary Size:  17964
[BertClassifier] use visible_matrix: True
Some weights of ErnieRCNNForMultiLabelSequenceClassificationSliceCatLSTM were not initialized from the model checkpoint at ./models/ernie1 and are newly initialized: ['lstm.weight_hh_l0_reverse', 'lstm.bias_hh_l0', 'output_layer_1.weight', 'lstm.weight_ih_l1', 'lstm.weight_ih_l0_reverse', 'lstm.weight_hh_l1', 'classifier.bias', 'lstm.bias_hh_l0_reverse', 'lstm.bias_hh_l1', 'lstm.bias_hh_l1_reverse', 'lstm.bias_ih_l0', 'lstm.weight_hh_l0', 'lstm.weight_ih_l0', 'lstm.bias_ih_l0_reverse', 'classifier.weight', 'lstm.weight_hh_l1_reverse', 'lstm.bias_ih_l1_reverse', 'lstm.weight_ih_l1_reverse', 'lstm.bias_ih_l1', 'output_layer_1.bias']
You should probably TRAIN this model on a down-stream task to be able to use it for predictions and inference.
1 GPUs are available. Let's use them.
device:  cuda
[KnowledgeGraph] Loading spo from /Zy/experiment/K-BERT-HUGGINGFACE/brain/kgs/CnDbpedia.spo
Start training.
Loading sentences from ./datasets/book_multilabels_task_slice/train.tsv
There are 9097 sentence in total. We use 1 processes to inject knowledge into sentences.
Progress of process 0: 0/9097
Loading sentences from ./datasets/book_multilabels_task_slice/dev.tsv
There are 2084 sentence in total. We use 1 processes to inject knowledge into sentences.
Progress of process 0: 0/2084
Loading sentences from ./datasets/book_multilabels_task_slice/test.tsv
There are 2067 sentence in total. We use 1 processes to inject knowledge into sentences.
Progress of process 0: 0/2067
Epoch id: 1, Training steps: 100, Avg loss: 0.188, Time: 0:00:38
Epoch id: 1, Training steps: 200, Avg loss: 0.084, Time: 0:01:14
Epoch id: 1, Training steps: 300, Avg loss: 0.082, Time: 0:01:51
Epoch id: 1, Training steps: 400, Avg loss: 0.084, Time: 0:02:27
Epoch id: 1, Training steps: 500, Avg loss: 0.080, Time: 0:03:04
Epoch id: 1, Training steps: 600, Avg loss: 0.073, Time: 0:03:39
Epoch id: 1, Training steps: 700, Avg loss: 0.064, Time: 0:04:15
Epoch id: 1, Training steps: 800, Avg loss: 0.058, Time: 0:04:48
Epoch id: 1, Training steps: 900, Avg loss: 0.070, Time: 0:05:28
Epoch id: 1, Training steps: 1000, Avg loss: 0.054, Time: 0:06:07
Epoch id: 1, Training steps: 1100, Avg loss: 0.049, Time: 0:06:44
Start evaluation on dev dataset.
/root/miniconda3/envs/lyq/lib/python3.8/site-packages/sklearn/metrics/_classification.py:1469: UndefinedMetricWarning: Precision is ill-defined and being set to 0.0 in samples with no predicted labels. Use `zero_division` parameter to control this behavior.
  _warn_prf(average, modifier, msg_start, len(result))
Acc. (Correct/Total): 21.21%% Prec: 0.3011 F1: 0.2737
Start evaluation on test dataset.
/root/miniconda3/envs/lyq/lib/python3.8/site-packages/sklearn/metrics/_classification.py:1469: UndefinedMetricWarning: Precision is ill-defined and being set to 0.0 in samples with no predicted labels. Use `zero_division` parameter to control this behavior.
  _warn_prf(average, modifier, msg_start, len(result))
Acc. (Correct/Total): 24.58%% Prec: 0.3357 F1: 0.3084
Epoch id: 2, Training steps: 100, Avg loss: 0.062, Time: 0:09:17
Epoch id: 2, Training steps: 200, Avg loss: 0.040, Time: 0:09:53
Epoch id: 2, Training steps: 300, Avg loss: 0.041, Time: 0:10:28
Epoch id: 2, Training steps: 400, Avg loss: 0.042, Time: 0:11:04
Epoch id: 2, Training steps: 500, Avg loss: 0.045, Time: 0:11:41
Epoch id: 2, Training steps: 600, Avg loss: 0.038, Time: 0:12:18
Epoch id: 2, Training steps: 700, Avg loss: 0.037, Time: 0:12:56
Epoch id: 2, Training steps: 800, Avg loss: 0.035, Time: 0:13:34
Epoch id: 2, Training steps: 900, Avg loss: 0.032, Time: 0:14:08
Epoch id: 2, Training steps: 1000, Avg loss: 0.032, Time: 0:14:44
Epoch id: 2, Training steps: 1100, Avg loss: 0.031, Time: 0:15:23
Start evaluation on dev dataset.
/root/miniconda3/envs/lyq/lib/python3.8/site-packages/sklearn/metrics/_classification.py:1469: UndefinedMetricWarning: Precision is ill-defined and being set to 0.0 in samples with no predicted labels. Use `zero_division` parameter to control this behavior.
  _warn_prf(average, modifier, msg_start, len(result))
Acc. (Correct/Total): 31.53%% Prec: 0.4986 F1: 0.4444
Start evaluation on test dataset.
/root/miniconda3/envs/lyq/lib/python3.8/site-packages/sklearn/metrics/_classification.py:1469: UndefinedMetricWarning: Precision is ill-defined and being set to 0.0 in samples with no predicted labels. Use `zero_division` parameter to control this behavior.
  _warn_prf(average, modifier, msg_start, len(result))
Acc. (Correct/Total): 38.66%% Prec: 0.5572 F1: 0.5041
Epoch id: 3, Training steps: 100, Avg loss: 0.039, Time: 0:18:18
Epoch id: 3, Training steps: 200, Avg loss: 0.026, Time: 0:18:55
Epoch id: 3, Training steps: 300, Avg loss: 0.027, Time: 0:19:31
Epoch id: 3, Training steps: 400, Avg loss: 0.031, Time: 0:20:07
Epoch id: 3, Training steps: 500, Avg loss: 0.046, Time: 0:20:43
Epoch id: 3, Training steps: 600, Avg loss: 0.034, Time: 0:21:19
Epoch id: 3, Training steps: 700, Avg loss: 0.028, Time: 0:21:54
Epoch id: 3, Training steps: 800, Avg loss: 0.031, Time: 0:22:32
Epoch id: 3, Training steps: 900, Avg loss: 0.029, Time: 0:23:09
Epoch id: 3, Training steps: 1000, Avg loss: 0.027, Time: 0:23:46
Epoch id: 3, Training steps: 1100, Avg loss: 0.026, Time: 0:24:22
Start evaluation on dev dataset.
/root/miniconda3/envs/lyq/lib/python3.8/site-packages/sklearn/metrics/_classification.py:1469: UndefinedMetricWarning: Precision is ill-defined and being set to 0.0 in samples with no predicted labels. Use `zero_division` parameter to control this behavior.
  _warn_prf(average, modifier, msg_start, len(result))
Acc. (Correct/Total): 37.00%% Prec: 0.5582 F1: 0.5050
Start evaluation on test dataset.
/root/miniconda3/envs/lyq/lib/python3.8/site-packages/sklearn/metrics/_classification.py:1469: UndefinedMetricWarning: Precision is ill-defined and being set to 0.0 in samples with no predicted labels. Use `zero_division` parameter to control this behavior.
  _warn_prf(average, modifier, msg_start, len(result))
Acc. (Correct/Total): 44.75%% Prec: 0.6291 F1: 0.5731
Epoch id: 4, Training steps: 100, Avg loss: 0.033, Time: 0:27:17
Epoch id: 4, Training steps: 200, Avg loss: 0.024, Time: 0:28:04
Epoch id: 4, Training steps: 300, Avg loss: 0.023, Time: 0:28:46
Epoch id: 4, Training steps: 400, Avg loss: 0.022, Time: 0:29:27
Epoch id: 4, Training steps: 500, Avg loss: 0.022, Time: 0:30:12
Epoch id: 4, Training steps: 600, Avg loss: 0.022, Time: 0:30:47
Epoch id: 4, Training steps: 700, Avg loss: 0.021, Time: 0:31:22
Epoch id: 4, Training steps: 800, Avg loss: 0.020, Time: 0:32:01
Epoch id: 4, Training steps: 900, Avg loss: 0.021, Time: 0:32:37
Epoch id: 4, Training steps: 1000, Avg loss: 0.025, Time: 0:33:14
Epoch id: 4, Training steps: 1100, Avg loss: 0.029, Time: 0:33:50
Start evaluation on dev dataset.
/root/miniconda3/envs/lyq/lib/python3.8/site-packages/sklearn/metrics/_classification.py:1469: UndefinedMetricWarning: Precision is ill-defined and being set to 0.0 in samples with no predicted labels. Use `zero_division` parameter to control this behavior.
  _warn_prf(average, modifier, msg_start, len(result))
Acc. (Correct/Total): 38.82%% Prec: 0.5811 F1: 0.5255
Start evaluation on test dataset.
/root/miniconda3/envs/lyq/lib/python3.8/site-packages/sklearn/metrics/_classification.py:1469: UndefinedMetricWarning: Precision is ill-defined and being set to 0.0 in samples with no predicted labels. Use `zero_division` parameter to control this behavior.
  _warn_prf(average, modifier, msg_start, len(result))
Acc. (Correct/Total): 45.67%% Prec: 0.6550 F1: 0.5968
Epoch id: 5, Training steps: 100, Avg loss: 0.029, Time: 0:36:31
Epoch id: 5, Training steps: 200, Avg loss: 0.018, Time: 0:37:08
Epoch id: 5, Training steps: 300, Avg loss: 0.020, Time: 0:37:45
Epoch id: 5, Training steps: 400, Avg loss: 0.018, Time: 0:38:22
Epoch id: 5, Training steps: 500, Avg loss: 0.019, Time: 0:38:57
Epoch id: 5, Training steps: 600, Avg loss: 0.020, Time: 0:39:33
Epoch id: 5, Training steps: 700, Avg loss: 0.017, Time: 0:40:11
Epoch id: 5, Training steps: 800, Avg loss: 0.018, Time: 0:40:50
Epoch id: 5, Training steps: 900, Avg loss: 0.019, Time: 0:41:27
Epoch id: 5, Training steps: 1000, Avg loss: 0.017, Time: 0:42:04
Epoch id: 5, Training steps: 1100, Avg loss: 0.017, Time: 0:42:40
Start evaluation on dev dataset.
/root/miniconda3/envs/lyq/lib/python3.8/site-packages/sklearn/metrics/_classification.py:1469: UndefinedMetricWarning: Precision is ill-defined and being set to 0.0 in samples with no predicted labels. Use `zero_division` parameter to control this behavior.
  _warn_prf(average, modifier, msg_start, len(result))
Acc. (Correct/Total): 43.71%% Prec: 0.6371 F1: 0.5840
Start evaluation on test dataset.
/root/miniconda3/envs/lyq/lib/python3.8/site-packages/sklearn/metrics/_classification.py:1469: UndefinedMetricWarning: Precision is ill-defined and being set to 0.0 in samples with no predicted labels. Use `zero_division` parameter to control this behavior.
  _warn_prf(average, modifier, msg_start, len(result))
Acc. (Correct/Total): 52.83%% Prec: 0.7074 F1: 0.6594
Epoch id: 6, Training steps: 100, Avg loss: 0.022, Time: 0:45:15
Epoch id: 6, Training steps: 200, Avg loss: 0.014, Time: 0:45:53
Epoch id: 6, Training steps: 300, Avg loss: 0.015, Time: 0:46:30
Epoch id: 6, Training steps: 400, Avg loss: 0.015, Time: 0:47:10
Epoch id: 6, Training steps: 500, Avg loss: 0.015, Time: 0:47:46
Epoch id: 6, Training steps: 600, Avg loss: 0.015, Time: 0:48:23
Epoch id: 6, Training steps: 700, Avg loss: 0.015, Time: 0:48:59
Epoch id: 6, Training steps: 800, Avg loss: 0.015, Time: 0:49:33
Epoch id: 6, Training steps: 900, Avg loss: 0.015, Time: 0:50:10
Epoch id: 6, Training steps: 1000, Avg loss: 0.015, Time: 0:50:53
Epoch id: 6, Training steps: 1100, Avg loss: 0.015, Time: 0:51:30
Start evaluation on dev dataset.
/root/miniconda3/envs/lyq/lib/python3.8/site-packages/sklearn/metrics/_classification.py:1469: UndefinedMetricWarning: Precision is ill-defined and being set to 0.0 in samples with no predicted labels. Use `zero_division` parameter to control this behavior.
  _warn_prf(average, modifier, msg_start, len(result))
Acc. (Correct/Total): 49.09%% Prec: 0.6871 F1: 0.6383
Start evaluation on test dataset.
/root/miniconda3/envs/lyq/lib/python3.8/site-packages/sklearn/metrics/_classification.py:1469: UndefinedMetricWarning: Precision is ill-defined and being set to 0.0 in samples with no predicted labels. Use `zero_division` parameter to control this behavior.
  _warn_prf(average, modifier, msg_start, len(result))
Acc. (Correct/Total): 54.91%% Prec: 0.7340 F1: 0.6873
Epoch id: 7, Training steps: 100, Avg loss: 0.019, Time: 0:54:11
Epoch id: 7, Training steps: 200, Avg loss: 0.013, Time: 0:54:44
Epoch id: 7, Training steps: 300, Avg loss: 0.013, Time: 0:55:20
Epoch id: 7, Training steps: 400, Avg loss: 0.013, Time: 0:55:59
Epoch id: 7, Training steps: 500, Avg loss: 0.012, Time: 0:56:36
Epoch id: 7, Training steps: 600, Avg loss: 0.012, Time: 0:57:12
Epoch id: 7, Training steps: 700, Avg loss: 0.012, Time: 0:57:50
Epoch id: 7, Training steps: 800, Avg loss: 0.012, Time: 0:58:27
Epoch id: 7, Training steps: 900, Avg loss: 0.012, Time: 0:59:04
Epoch id: 7, Training steps: 1000, Avg loss: 0.013, Time: 0:59:39
Epoch id: 7, Training steps: 1100, Avg loss: 0.015, Time: 1:00:19
Start evaluation on dev dataset.
/root/miniconda3/envs/lyq/lib/python3.8/site-packages/sklearn/metrics/_classification.py:1469: UndefinedMetricWarning: Precision is ill-defined and being set to 0.0 in samples with no predicted labels. Use `zero_division` parameter to control this behavior.
  _warn_prf(average, modifier, msg_start, len(result))
Acc. (Correct/Total): 48.27%% Prec: 0.6938 F1: 0.6418
Epoch id: 8, Training steps: 100, Avg loss: 0.014, Time: 1:02:10
Epoch id: 8, Training steps: 200, Avg loss: 0.010, Time: 1:02:48
Epoch id: 8, Training steps: 300, Avg loss: 0.009, Time: 1:03:21
Epoch id: 8, Training steps: 400, Avg loss: 0.010, Time: 1:03:58
Epoch id: 8, Training steps: 500, Avg loss: 0.010, Time: 1:04:31
Epoch id: 8, Training steps: 600, Avg loss: 0.010, Time: 1:05:09
Epoch id: 8, Training steps: 700, Avg loss: 0.010, Time: 1:05:45
Epoch id: 8, Training steps: 800, Avg loss: 0.009, Time: 1:06:23
Epoch id: 8, Training steps: 900, Avg loss: 0.009, Time: 1:07:00
Epoch id: 8, Training steps: 1000, Avg loss: 0.011, Time: 1:07:37
Epoch id: 8, Training steps: 1100, Avg loss: 0.010, Time: 1:08:13
Start evaluation on dev dataset.
/root/miniconda3/envs/lyq/lib/python3.8/site-packages/sklearn/metrics/_classification.py:1469: UndefinedMetricWarning: Precision is ill-defined and being set to 0.0 in samples with no predicted labels. Use `zero_division` parameter to control this behavior.
  _warn_prf(average, modifier, msg_start, len(result))
Acc. (Correct/Total): 51.63%% Prec: 0.7214 F1: 0.6740
Start evaluation on test dataset.
/root/miniconda3/envs/lyq/lib/python3.8/site-packages/sklearn/metrics/_classification.py:1469: UndefinedMetricWarning: Precision is ill-defined and being set to 0.0 in samples with no predicted labels. Use `zero_division` parameter to control this behavior.
  _warn_prf(average, modifier, msg_start, len(result))
Acc. (Correct/Total): 59.75%% Prec: 0.7818 F1: 0.7363
Epoch id: 9, Training steps: 100, Avg loss: 0.010, Time: 1:10:52
Epoch id: 9, Training steps: 200, Avg loss: 0.007, Time: 1:11:30
Epoch id: 9, Training steps: 300, Avg loss: 0.007, Time: 1:12:09
Epoch id: 9, Training steps: 400, Avg loss: 0.008, Time: 1:12:45
Epoch id: 9, Training steps: 500, Avg loss: 0.009, Time: 1:13:21
Epoch id: 9, Training steps: 600, Avg loss: 0.009, Time: 1:13:56
Epoch id: 9, Training steps: 700, Avg loss: 0.008, Time: 1:14:32
Epoch id: 9, Training steps: 800, Avg loss: 0.008, Time: 1:15:09
Epoch id: 9, Training steps: 900, Avg loss: 0.008, Time: 1:15:46
Epoch id: 9, Training steps: 1000, Avg loss: 0.007, Time: 1:16:24
Epoch id: 9, Training steps: 1100, Avg loss: 0.008, Time: 1:17:02
Start evaluation on dev dataset.
/root/miniconda3/envs/lyq/lib/python3.8/site-packages/sklearn/metrics/_classification.py:1469: UndefinedMetricWarning: Precision is ill-defined and being set to 0.0 in samples with no predicted labels. Use `zero_division` parameter to control this behavior.
  _warn_prf(average, modifier, msg_start, len(result))
Acc. (Correct/Total): 51.97%% Prec: 0.7223 F1: 0.6693
Start evaluation on test dataset.
/root/miniconda3/envs/lyq/lib/python3.8/site-packages/sklearn/metrics/_classification.py:1469: UndefinedMetricWarning: Precision is ill-defined and being set to 0.0 in samples with no predicted labels. Use `zero_division` parameter to control this behavior.
  _warn_prf(average, modifier, msg_start, len(result))
Acc. (Correct/Total): 59.75%% Prec: 0.7769 F1: 0.7315
Epoch id: 10, Training steps: 100, Avg loss: 0.011, Time: 1:19:32
Epoch id: 10, Training steps: 200, Avg loss: 0.005, Time: 1:20:09
Epoch id: 10, Training steps: 300, Avg loss: 0.006, Time: 1:20:47
Epoch id: 10, Training steps: 400, Avg loss: 0.006, Time: 1:21:22
Epoch id: 10, Training steps: 500, Avg loss: 0.006, Time: 1:22:01
Epoch id: 10, Training steps: 600, Avg loss: 0.006, Time: 1:22:38
Epoch id: 10, Training steps: 700, Avg loss: 0.006, Time: 1:23:14
Epoch id: 10, Training steps: 800, Avg loss: 0.006, Time: 1:23:49
Epoch id: 10, Training steps: 900, Avg loss: 0.007, Time: 1:24:26
Epoch id: 10, Training steps: 1000, Avg loss: 0.005, Time: 1:25:01
Epoch id: 10, Training steps: 1100, Avg loss: 0.007, Time: 1:25:37
Start evaluation on dev dataset.
/root/miniconda3/envs/lyq/lib/python3.8/site-packages/sklearn/metrics/_classification.py:1469: UndefinedMetricWarning: Precision is ill-defined and being set to 0.0 in samples with no predicted labels. Use `zero_division` parameter to control this behavior.
  _warn_prf(average, modifier, msg_start, len(result))
Acc. (Correct/Total): 51.78%% Prec: 0.7242 F1: 0.6780
Epoch id: 11, Training steps: 100, Avg loss: 0.007, Time: 1:27:27
Epoch id: 11, Training steps: 200, Avg loss: 0.004, Time: 1:28:03
Epoch id: 11, Training steps: 300, Avg loss: 0.004, Time: 1:28:39
Epoch id: 11, Training steps: 400, Avg loss: 0.004, Time: 1:29:18
Epoch id: 11, Training steps: 500, Avg loss: 0.004, Time: 1:29:55
Epoch id: 11, Training steps: 600, Avg loss: 0.005, Time: 1:30:32
Epoch id: 11, Training steps: 700, Avg loss: 0.005, Time: 1:31:07
Epoch id: 11, Training steps: 800, Avg loss: 0.005, Time: 1:31:41
Epoch id: 11, Training steps: 900, Avg loss: 0.005, Time: 1:32:15
Epoch id: 11, Training steps: 1000, Avg loss: 0.005, Time: 1:32:52
Epoch id: 11, Training steps: 1100, Avg loss: 0.005, Time: 1:33:28
Start evaluation on dev dataset.
/root/miniconda3/envs/lyq/lib/python3.8/site-packages/sklearn/metrics/_classification.py:1469: UndefinedMetricWarning: Precision is ill-defined and being set to 0.0 in samples with no predicted labels. Use `zero_division` parameter to control this behavior.
  _warn_prf(average, modifier, msg_start, len(result))
Acc. (Correct/Total): 54.70%% Prec: 0.7438 F1: 0.7054
Start evaluation on test dataset.
/root/miniconda3/envs/lyq/lib/python3.8/site-packages/sklearn/metrics/_classification.py:1469: UndefinedMetricWarning: Precision is ill-defined and being set to 0.0 in samples with no predicted labels. Use `zero_division` parameter to control this behavior.
  _warn_prf(average, modifier, msg_start, len(result))
Acc. (Correct/Total): 60.43%% Prec: 0.7846 F1: 0.7472
Epoch id: 12, Training steps: 100, Avg loss: 0.005, Time: 1:36:08
Epoch id: 12, Training steps: 200, Avg loss: 0.003, Time: 1:36:44
Epoch id: 12, Training steps: 300, Avg loss: 0.004, Time: 1:37:19
Epoch id: 12, Training steps: 400, Avg loss: 0.003, Time: 1:37:56
Epoch id: 12, Training steps: 500, Avg loss: 0.004, Time: 1:38:31
Epoch id: 12, Training steps: 600, Avg loss: 0.004, Time: 1:39:06
Epoch id: 12, Training steps: 700, Avg loss: 0.004, Time: 1:39:41
Epoch id: 12, Training steps: 800, Avg loss: 0.004, Time: 1:40:17
Epoch id: 12, Training steps: 900, Avg loss: 0.004, Time: 1:40:53
Epoch id: 12, Training steps: 1000, Avg loss: 0.003, Time: 1:41:28
Epoch id: 12, Training steps: 1100, Avg loss: 0.004, Time: 1:42:04
Start evaluation on dev dataset.
/root/miniconda3/envs/lyq/lib/python3.8/site-packages/sklearn/metrics/_classification.py:1469: UndefinedMetricWarning: Precision is ill-defined and being set to 0.0 in samples with no predicted labels. Use `zero_division` parameter to control this behavior.
  _warn_prf(average, modifier, msg_start, len(result))
Acc. (Correct/Total): 52.64%% Prec: 0.7322 F1: 0.6960
Epoch id: 13, Training steps: 100, Avg loss: 0.004, Time: 1:43:47
Epoch id: 13, Training steps: 200, Avg loss: 0.003, Time: 1:44:22
Epoch id: 13, Training steps: 300, Avg loss: 0.005, Time: 1:44:59
Epoch id: 13, Training steps: 400, Avg loss: 0.004, Time: 1:45:37
Epoch id: 13, Training steps: 500, Avg loss: 0.003, Time: 1:46:16
Epoch id: 13, Training steps: 600, Avg loss: 0.003, Time: 1:46:52
Epoch id: 13, Training steps: 700, Avg loss: 0.003, Time: 1:47:28
Epoch id: 13, Training steps: 800, Avg loss: 0.003, Time: 1:48:06
Epoch id: 13, Training steps: 900, Avg loss: 0.003, Time: 1:48:42
Epoch id: 13, Training steps: 1000, Avg loss: 0.002, Time: 1:49:19
Epoch id: 13, Training steps: 1100, Avg loss: 0.003, Time: 1:49:54
Start evaluation on dev dataset.
/root/miniconda3/envs/lyq/lib/python3.8/site-packages/sklearn/metrics/_classification.py:1469: UndefinedMetricWarning: Precision is ill-defined and being set to 0.0 in samples with no predicted labels. Use `zero_division` parameter to control this behavior.
  _warn_prf(average, modifier, msg_start, len(result))
Acc. (Correct/Total): 53.89%% Prec: 0.7393 F1: 0.6983
Epoch id: 14, Training steps: 100, Avg loss: 0.004, Time: 1:51:35
Epoch id: 14, Training steps: 200, Avg loss: 0.003, Time: 1:52:14
Epoch id: 14, Training steps: 300, Avg loss: 0.003, Time: 1:52:51
Epoch id: 14, Training steps: 400, Avg loss: 0.002, Time: 1:53:27
Epoch id: 14, Training steps: 500, Avg loss: 0.002, Time: 1:54:04
Epoch id: 14, Training steps: 600, Avg loss: 0.002, Time: 1:54:41
Epoch id: 14, Training steps: 700, Avg loss: 0.002, Time: 1:55:19
Epoch id: 14, Training steps: 800, Avg loss: 0.003, Time: 1:55:59
Epoch id: 14, Training steps: 900, Avg loss: 0.004, Time: 1:56:36
Epoch id: 14, Training steps: 1000, Avg loss: 0.003, Time: 1:57:11
Epoch id: 14, Training steps: 1100, Avg loss: 0.003, Time: 1:57:47
Start evaluation on dev dataset.
/root/miniconda3/envs/lyq/lib/python3.8/site-packages/sklearn/metrics/_classification.py:1469: UndefinedMetricWarning: Precision is ill-defined and being set to 0.0 in samples with no predicted labels. Use `zero_division` parameter to control this behavior.
  _warn_prf(average, modifier, msg_start, len(result))
Acc. (Correct/Total): 52.26%% Prec: 0.7377 F1: 0.6938
Epoch id: 15, Training steps: 100, Avg loss: 0.003, Time: 1:59:31
Epoch id: 15, Training steps: 200, Avg loss: 0.002, Time: 2:00:08
Epoch id: 15, Training steps: 300, Avg loss: 0.002, Time: 2:00:44
Epoch id: 15, Training steps: 400, Avg loss: 0.002, Time: 2:01:22
Epoch id: 15, Training steps: 500, Avg loss: 0.003, Time: 2:01:59
Epoch id: 15, Training steps: 600, Avg loss: 0.003, Time: 2:02:38
Epoch id: 15, Training steps: 700, Avg loss: 0.003, Time: 2:03:14
Epoch id: 15, Training steps: 800, Avg loss: 0.002, Time: 2:03:48
Epoch id: 15, Training steps: 900, Avg loss: 0.002, Time: 2:04:25
Epoch id: 15, Training steps: 1000, Avg loss: 0.002, Time: 2:05:01
Epoch id: 15, Training steps: 1100, Avg loss: 0.002, Time: 2:05:40
Start evaluation on dev dataset.
/root/miniconda3/envs/lyq/lib/python3.8/site-packages/sklearn/metrics/_classification.py:1469: UndefinedMetricWarning: Precision is ill-defined and being set to 0.0 in samples with no predicted labels. Use `zero_division` parameter to control this behavior.
  _warn_prf(average, modifier, msg_start, len(result))
Acc. (Correct/Total): 54.17%% Prec: 0.7490 F1: 0.7170
Epoch id: 16, Training steps: 100, Avg loss: 0.003, Time: 2:07:27
Epoch id: 16, Training steps: 200, Avg loss: 0.002, Time: 2:08:04
Epoch id: 16, Training steps: 300, Avg loss: 0.002, Time: 2:08:38
Epoch id: 16, Training steps: 400, Avg loss: 0.002, Time: 2:09:13
Epoch id: 16, Training steps: 500, Avg loss: 0.002, Time: 2:09:48
Epoch id: 16, Training steps: 600, Avg loss: 0.002, Time: 2:10:25
Epoch id: 16, Training steps: 700, Avg loss: 0.002, Time: 2:11:05
Epoch id: 16, Training steps: 800, Avg loss: 0.002, Time: 2:11:42
Epoch id: 16, Training steps: 900, Avg loss: 0.002, Time: 2:12:23
Epoch id: 16, Training steps: 1000, Avg loss: 0.002, Time: 2:13:02
Epoch id: 16, Training steps: 1100, Avg loss: 0.002, Time: 2:13:38
Start evaluation on dev dataset.
/root/miniconda3/envs/lyq/lib/python3.8/site-packages/sklearn/metrics/_classification.py:1469: UndefinedMetricWarning: Precision is ill-defined and being set to 0.0 in samples with no predicted labels. Use `zero_division` parameter to control this behavior.
  _warn_prf(average, modifier, msg_start, len(result))
Acc. (Correct/Total): 54.51%% Prec: 0.7466 F1: 0.7083
Epoch id: 17, Training steps: 100, Avg loss: 0.002, Time: 2:15:23
Epoch id: 17, Training steps: 200, Avg loss: 0.002, Time: 2:16:00
Epoch id: 17, Training steps: 300, Avg loss: 0.002, Time: 2:16:40
Epoch id: 17, Training steps: 400, Avg loss: 0.002, Time: 2:17:18
Epoch id: 17, Training steps: 500, Avg loss: 0.002, Time: 2:17:55
Epoch id: 17, Training steps: 600, Avg loss: 0.002, Time: 2:18:31
Epoch id: 17, Training steps: 700, Avg loss: 0.001, Time: 2:19:06
Epoch id: 17, Training steps: 800, Avg loss: 0.001, Time: 2:19:40
Epoch id: 17, Training steps: 900, Avg loss: 0.002, Time: 2:20:20
Epoch id: 17, Training steps: 1000, Avg loss: 0.001, Time: 2:20:57
Epoch id: 17, Training steps: 1100, Avg loss: 0.002, Time: 2:21:37
Start evaluation on dev dataset.
/root/miniconda3/envs/lyq/lib/python3.8/site-packages/sklearn/metrics/_classification.py:1469: UndefinedMetricWarning: Precision is ill-defined and being set to 0.0 in samples with no predicted labels. Use `zero_division` parameter to control this behavior.
  _warn_prf(average, modifier, msg_start, len(result))
Acc. (Correct/Total): 53.69%% Prec: 0.7422 F1: 0.7109
Epoch id: 18, Training steps: 100, Avg loss: 0.002, Time: 2:23:25
Epoch id: 18, Training steps: 200, Avg loss: 0.001, Time: 2:23:59
Epoch id: 18, Training steps: 300, Avg loss: 0.001, Time: 2:24:36
Epoch id: 18, Training steps: 400, Avg loss: 0.001, Time: 2:25:14
Epoch id: 18, Training steps: 500, Avg loss: 0.001, Time: 2:25:50
Epoch id: 18, Training steps: 600, Avg loss: 0.001, Time: 2:26:29
Epoch id: 18, Training steps: 700, Avg loss: 0.001, Time: 2:27:06
Epoch id: 18, Training steps: 800, Avg loss: 0.001, Time: 2:27:41
Epoch id: 18, Training steps: 900, Avg loss: 0.001, Time: 2:28:21
Epoch id: 18, Training steps: 1000, Avg loss: 0.001, Time: 2:28:57
Epoch id: 18, Training steps: 1100, Avg loss: 0.001, Time: 2:29:34
Start evaluation on dev dataset.
/root/miniconda3/envs/lyq/lib/python3.8/site-packages/sklearn/metrics/_classification.py:1469: UndefinedMetricWarning: Precision is ill-defined and being set to 0.0 in samples with no predicted labels. Use `zero_division` parameter to control this behavior.
  _warn_prf(average, modifier, msg_start, len(result))
Acc. (Correct/Total): 54.65%% Prec: 0.7430 F1: 0.7096
Epoch id: 19, Training steps: 100, Avg loss: 0.002, Time: 2:31:19
Epoch id: 19, Training steps: 200, Avg loss: 0.001, Time: 2:31:57
Epoch id: 19, Training steps: 300, Avg loss: 0.001, Time: 2:32:37
Epoch id: 19, Training steps: 400, Avg loss: 0.001, Time: 2:33:14
Epoch id: 19, Training steps: 500, Avg loss: 0.001, Time: 2:33:49
Epoch id: 19, Training steps: 600, Avg loss: 0.001, Time: 2:34:24
Epoch id: 19, Training steps: 700, Avg loss: 0.001, Time: 2:35:01
Epoch id: 19, Training steps: 800, Avg loss: 0.001, Time: 2:35:40
Epoch id: 19, Training steps: 900, Avg loss: 0.001, Time: 2:36:20
Epoch id: 19, Training steps: 1000, Avg loss: 0.002, Time: 2:37:01
Epoch id: 19, Training steps: 1100, Avg loss: 0.001, Time: 2:37:38
Start evaluation on dev dataset.
/root/miniconda3/envs/lyq/lib/python3.8/site-packages/sklearn/metrics/_classification.py:1469: UndefinedMetricWarning: Precision is ill-defined and being set to 0.0 in samples with no predicted labels. Use `zero_division` parameter to control this behavior.
  _warn_prf(average, modifier, msg_start, len(result))
Acc. (Correct/Total): 53.69%% Prec: 0.7386 F1: 0.7077
Epoch id: 20, Training steps: 100, Avg loss: 0.002, Time: 2:39:21
Epoch id: 20, Training steps: 200, Avg loss: 0.001, Time: 2:39:58
Epoch id: 20, Training steps: 300, Avg loss: 0.001, Time: 2:40:36
Epoch id: 20, Training steps: 400, Avg loss: 0.001, Time: 2:41:15
Epoch id: 20, Training steps: 500, Avg loss: 0.001, Time: 2:41:51
Epoch id: 20, Training steps: 600, Avg loss: 0.001, Time: 2:42:31
Epoch id: 20, Training steps: 700, Avg loss: 0.001, Time: 2:43:10
Epoch id: 20, Training steps: 800, Avg loss: 0.001, Time: 2:43:45
Epoch id: 20, Training steps: 900, Avg loss: 0.001, Time: 2:44:19
Epoch id: 20, Training steps: 1000, Avg loss: 0.001, Time: 2:44:57
Epoch id: 20, Training steps: 1100, Avg loss: 0.002, Time: 2:45:35
Start evaluation on dev dataset.
/root/miniconda3/envs/lyq/lib/python3.8/site-packages/sklearn/metrics/_classification.py:1469: UndefinedMetricWarning: Precision is ill-defined and being set to 0.0 in samples with no predicted labels. Use `zero_division` parameter to control this behavior.
  _warn_prf(average, modifier, msg_start, len(result))
Acc. (Correct/Total): 54.08%% Prec: 0.7466 F1: 0.7183
Final evaluation on the test dataset.
The number of evaluation instances:  2067
/root/miniconda3/envs/lyq/lib/python3.8/site-packages/sklearn/metrics/_classification.py:1469: UndefinedMetricWarning: Precision is ill-defined and being set to 0.0 in samples with no predicted labels. Use `zero_division` parameter to control this behavior.
  _warn_prf(average, modifier, msg_start, len(result))
/root/miniconda3/envs/lyq/lib/python3.8/site-packages/sklearn/metrics/_classification.py:1469: UndefinedMetricWarning: Precision and F-score are ill-defined and being set to 0.0 in labels with no predicted samples. Use `zero_division` parameter to control this behavior.
  _warn_prf(average, modifier, msg_start, len(result))
/root/miniconda3/envs/lyq/lib/python3.8/site-packages/sklearn/metrics/_classification.py:1469: UndefinedMetricWarning: Precision and F-score are ill-defined and being set to 0.0 in samples with no predicted labels. Use `zero_division` parameter to control this behavior.
  _warn_prf(average, modifier, msg_start, len(result))
Acc. (Correct/Total): 60.43% Prec: 0.7846 F1: 0.7472
Precision, Recall and F1-Score...
              precision    recall  f1-score   support

         教育学     0.8707    0.9502    0.9087       241
          法学     0.8733    0.8616    0.8674       224
      中国语言文学     0.9416    0.7838    0.8555       185
         政治学     0.7267    0.7178    0.7222       163
         社会学     0.9297    0.7580    0.8351       157
         心理学     0.8462    0.6260    0.7196       123
       应用经济学     0.7761    0.4444    0.5652       117
         历史学     0.8312    0.5872    0.6882       109
     环境科学与工程     0.9425    0.7593    0.8410       108
          哲学     0.8750    0.5773    0.6957        97
      外国语言文学     0.7778    0.7412    0.7590        85
         生物学     0.8971    0.7722    0.8299        79
      交通运输工程     0.8706    0.9487    0.9080        78
        临床医学     0.9245    0.6447    0.7597        76
    计算机科学与技术     0.8261    0.8028    0.8143        71
        土木工程     0.8649    0.9697    0.9143        66
   航空宇航科学与技术     0.9818    0.8852    0.9310        61
         民族学     0.7097    0.4000    0.5116        55
   公共卫生与预防医学     0.6279    0.5294    0.5745        51
         美术学     0.7500    0.9600    0.8421        50
         艺术学     0.7234    0.7907    0.7556        43
         地理学     0.9000    0.6429    0.7500        42
         体育学     0.8846    0.5750    0.6970        40
       理论经济学     0.6809    0.8421    0.7529        38
         中医学     0.9062    0.7838    0.8406        37
         物理学     0.8293    0.9444    0.8831        36
          林学     0.7500    0.6364    0.6885        33
          数学     0.6774    0.6562    0.6667        32
     电子科学与技术     0.6667    0.4516    0.5385        31
        基础医学     0.5556    0.1724    0.2632        29
        工商管理     0.7826    0.6667    0.7200        27
       新闻传播学     0.8235    0.6364    0.7179        22
         天文学     0.7727    0.7727    0.7727        22
         地质学     0.8947    0.8095    0.8500        21
         畜牧学     0.8636    0.9048    0.8837        21
   军事思想及军事历史     0.7778    0.7000    0.7368        20
     管理科学与工程     0.6500    0.7222    0.6842        18
     测绘科学与技术     0.7647    0.7647    0.7647        17
        水利工程     0.8182    0.5625    0.6667        16
        大气科学     0.7857    0.6875    0.7333        16
     兵器科学与技术     0.6471    0.7333    0.6875        15
       地球物理学     0.5000    0.2857    0.3636        14
        电气工程     1.0000    0.5385    0.7000        13
         作物学     0.7778    0.5385    0.6364        13
     控制科学与工程     0.4375    0.5385    0.4828        13
     信息与通信工程     0.7273    0.6154    0.6667        13
        公共管理     0.1111    0.0769    0.0909        13
         建筑学     1.0000    0.2308    0.3750        13
     化学工程与技术     1.0000    0.7500    0.8571        12
          力学     0.7500    0.8182    0.7826        11
        海洋科学     0.9167    1.0000    0.9565        11
     轻工技术与工程     0.3846    0.4545    0.4167        11
        农业工程     1.0000    0.3000    0.4615        10
         园艺学     0.7273    0.8000    0.7619        10
       中西医结合     1.0000    0.7000    0.8235        10
        机械工程     0.8333    0.5556    0.6667         9
       科学技术史     1.0000    0.5000    0.6667         8
     船舶与海洋工程     0.8750    0.8750    0.8750         8
   图书情报与档案管理     1.0000    0.6250    0.7692         8
        植物保护     0.5333    1.0000    0.6957         8
     材料科学与工程     1.0000    0.7500    0.8571         8
         统计学     0.5385    0.8750    0.6667         8
          化学     1.0000    0.7500    0.8571         8
     食品科学与工程     0.8333    0.6250    0.7143         8
          水产     0.8571    0.8571    0.8571         7
          药学     1.0000    0.7143    0.8333         7
     农业资源与环境     1.0000    0.4286    0.6000         7
         世界史     0.8000    0.5714    0.6667         7
        系统科学     1.0000    0.7143    0.8333         7
      农林经济管理     0.8000    0.8000    0.8000         5
       军队指挥学     1.0000    0.4000    0.5714         5
        矿业工程     0.7500    0.6000    0.6667         5
     纺织科学与工程     0.7143    1.0000    0.8333         5
  动力工程及工程热物理     0.0000    0.0000    0.0000         4
        林业工程     0.5000    0.5000    0.5000         4
     仪器科学与技术     0.0000    0.0000    0.0000         3
         战略学     1.0000    0.3333    0.5000         3
   地质资源与地质工程     1.0000    0.3333    0.5000         3
        旅游管理     0.6667    0.6667    0.6667         3
 图书馆、情报与档案管理     0.0000    0.0000    0.0000         2
        冶金工程     1.0000    0.5000    0.6667         2
      核科学与技术     1.0000    0.5000    0.6667         2

   micro avg     0.8278    0.7229    0.7718      3093
   macro avg     0.7809    0.6378    0.6817      3093
weighted avg     0.8300    0.7229    0.7624      3093
 samples avg     0.7846    0.7388    0.7472      3093

