/root/miniconda3/envs/lyq/lib/python3.8/site-packages/scipy/__init__.py:146: UserWarning: A NumPy version >=1.16.5 and <1.23.0 is required for this version of SciPy (detected version 1.23.5
  warnings.warn(f"A NumPy version >={np_minversion} and <{np_maxversion}"
  0%|          | 0/82 [00:00<?, ?it/s]100%|██████████| 82/82 [00:00<00:00, 439250.23it/s]
model:  ernie-rcnn
pretrained:  ernie1
task:  MLC
dataset:  book_multilabels_task
seq_length:  256
hidden_dropout_prob:  0.1
attention_probs_dropout_prob:  0.1
epochs_num:  20
batch_size:  32
learning_rate:  2.9e-05
report_steps:  100
kg_name:  CnDbpedia
no_kg:  False
no_vm:  False
Vocabulary Size:  17964
[BertClassifier] use visible_matrix: True
Some weights of ErnieRCNNForMultiLabelSequenceClassification were not initialized from the model checkpoint at ./models/ernie1 and are newly initialized: ['lstm.bias_ih_l1', 'lstm.weight_ih_l0', 'lstm.bias_hh_l1_reverse', 'lstm.weight_hh_l1', 'lstm.bias_hh_l0_reverse', 'output_layer_1.weight', 'lstm.weight_hh_l1_reverse', 'lstm.bias_hh_l0', 'classifier.weight', 'lstm.bias_ih_l1_reverse', 'lstm.weight_ih_l1_reverse', 'lstm.weight_hh_l0', 'classifier.bias', 'lstm.bias_ih_l0', 'lstm.weight_hh_l0_reverse', 'lstm.bias_ih_l0_reverse', 'lstm.weight_ih_l1', 'lstm.weight_ih_l0_reverse', 'output_layer_1.bias', 'lstm.bias_hh_l1']
You should probably TRAIN this model on a down-stream task to be able to use it for predictions and inference.
1 GPUs are available. Let's use them.
device:  cuda
[KnowledgeGraph] Loading spo from /Lyq/experiment/K-BERT-HUGGINGFACE/brain/kgs/CnDbpedia.spo
Start training.
Loading sentences from ./datasets/book_multilabels_task/train.tsv
There are 9097 sentence in total. We use 1 processes to inject knowledge into sentences.
Progress of process 0: 0/9097
Loading sentences from ./datasets/book_multilabels_task/dev.tsv
There are 2084 sentence in total. We use 1 processes to inject knowledge into sentences.
Progress of process 0: 0/2084
Loading sentences from ./datasets/book_multilabels_task/test.tsv
There are 2067 sentence in total. We use 1 processes to inject knowledge into sentences.
Progress of process 0: 0/2067
Epoch id: 1, Training steps: 100, Avg loss: 0.202, Time: 0:00:46
Epoch id: 1, Training steps: 200, Avg loss: 0.084, Time: 0:01:31
Start evaluation on dev dataset.
/root/miniconda3/envs/lyq/lib/python3.8/site-packages/sklearn/metrics/_classification.py:1469: UndefinedMetricWarning: Precision is ill-defined and being set to 0.0 in samples with no predicted labels. Use `zero_division` parameter to control this behavior.
  _warn_prf(average, modifier, msg_start, len(result))
Acc. (Correct/Total):  0.00%% Prec: 0.0000 F1: 0.0000
Epoch id: 2, Training steps: 100, Avg loss: 0.136, Time: 0:03:16
Epoch id: 2, Training steps: 200, Avg loss: 0.056, Time: 0:04:03
Start evaluation on dev dataset.
/root/miniconda3/envs/lyq/lib/python3.8/site-packages/sklearn/metrics/_classification.py:1469: UndefinedMetricWarning: Precision is ill-defined and being set to 0.0 in samples with no predicted labels. Use `zero_division` parameter to control this behavior.
  _warn_prf(average, modifier, msg_start, len(result))
Acc. (Correct/Total): 11.23%% Prec: 0.1975 F1: 0.1689
Start evaluation on test dataset.
/root/miniconda3/envs/lyq/lib/python3.8/site-packages/sklearn/metrics/_classification.py:1469: UndefinedMetricWarning: Precision is ill-defined and being set to 0.0 in samples with no predicted labels. Use `zero_division` parameter to control this behavior.
  _warn_prf(average, modifier, msg_start, len(result))
Acc. (Correct/Total): 15.43%% Prec: 0.2303 F1: 0.2053
Epoch id: 3, Training steps: 100, Avg loss: 0.082, Time: 0:05:50
Epoch id: 3, Training steps: 200, Avg loss: 0.038, Time: 0:06:36
Start evaluation on dev dataset.
/root/miniconda3/envs/lyq/lib/python3.8/site-packages/sklearn/metrics/_classification.py:1469: UndefinedMetricWarning: Precision is ill-defined and being set to 0.0 in samples with no predicted labels. Use `zero_division` parameter to control this behavior.
  _warn_prf(average, modifier, msg_start, len(result))
Acc. (Correct/Total): 21.69%% Prec: 0.3652 F1: 0.3167
Start evaluation on test dataset.
/root/miniconda3/envs/lyq/lib/python3.8/site-packages/sklearn/metrics/_classification.py:1469: UndefinedMetricWarning: Precision is ill-defined and being set to 0.0 in samples with no predicted labels. Use `zero_division` parameter to control this behavior.
  _warn_prf(average, modifier, msg_start, len(result))
Acc. (Correct/Total): 26.27%% Prec: 0.3933 F1: 0.3503
Epoch id: 4, Training steps: 100, Avg loss: 0.061, Time: 0:08:28
Epoch id: 4, Training steps: 200, Avg loss: 0.031, Time: 0:09:14
Start evaluation on dev dataset.
/root/miniconda3/envs/lyq/lib/python3.8/site-packages/sklearn/metrics/_classification.py:1469: UndefinedMetricWarning: Precision is ill-defined and being set to 0.0 in samples with no predicted labels. Use `zero_division` parameter to control this behavior.
  _warn_prf(average, modifier, msg_start, len(result))
Acc. (Correct/Total): 30.23%% Prec: 0.4626 F1: 0.4106
Start evaluation on test dataset.
/root/miniconda3/envs/lyq/lib/python3.8/site-packages/sklearn/metrics/_classification.py:1469: UndefinedMetricWarning: Precision is ill-defined and being set to 0.0 in samples with no predicted labels. Use `zero_division` parameter to control this behavior.
  _warn_prf(average, modifier, msg_start, len(result))
Acc. (Correct/Total): 33.67%% Prec: 0.5005 F1: 0.4481
Epoch id: 5, Training steps: 100, Avg loss: 0.051, Time: 0:11:04
Epoch id: 5, Training steps: 200, Avg loss: 0.025, Time: 0:11:49
Start evaluation on dev dataset.
/root/miniconda3/envs/lyq/lib/python3.8/site-packages/sklearn/metrics/_classification.py:1469: UndefinedMetricWarning: Precision is ill-defined and being set to 0.0 in samples with no predicted labels. Use `zero_division` parameter to control this behavior.
  _warn_prf(average, modifier, msg_start, len(result))
Acc. (Correct/Total): 34.55%% Prec: 0.5276 F1: 0.4716
Start evaluation on test dataset.
/root/miniconda3/envs/lyq/lib/python3.8/site-packages/sklearn/metrics/_classification.py:1469: UndefinedMetricWarning: Precision is ill-defined and being set to 0.0 in samples with no predicted labels. Use `zero_division` parameter to control this behavior.
  _warn_prf(average, modifier, msg_start, len(result))
Acc. (Correct/Total): 40.59%% Prec: 0.5796 F1: 0.5261
Epoch id: 6, Training steps: 100, Avg loss: 0.042, Time: 0:13:44
Epoch id: 6, Training steps: 200, Avg loss: 0.020, Time: 0:14:29
Start evaluation on dev dataset.
/root/miniconda3/envs/lyq/lib/python3.8/site-packages/sklearn/metrics/_classification.py:1469: UndefinedMetricWarning: Precision is ill-defined and being set to 0.0 in samples with no predicted labels. Use `zero_division` parameter to control this behavior.
  _warn_prf(average, modifier, msg_start, len(result))
Acc. (Correct/Total): 37.28%% Prec: 0.5475 F1: 0.4925
Start evaluation on test dataset.
/root/miniconda3/envs/lyq/lib/python3.8/site-packages/sklearn/metrics/_classification.py:1469: UndefinedMetricWarning: Precision is ill-defined and being set to 0.0 in samples with no predicted labels. Use `zero_division` parameter to control this behavior.
  _warn_prf(average, modifier, msg_start, len(result))
Acc. (Correct/Total): 42.53%% Prec: 0.5946 F1: 0.5411
Epoch id: 7, Training steps: 100, Avg loss: 0.035, Time: 0:16:16
Epoch id: 7, Training steps: 200, Avg loss: 0.017, Time: 0:17:02
Start evaluation on dev dataset.
/root/miniconda3/envs/lyq/lib/python3.8/site-packages/sklearn/metrics/_classification.py:1469: UndefinedMetricWarning: Precision is ill-defined and being set to 0.0 in samples with no predicted labels. Use `zero_division` parameter to control this behavior.
  _warn_prf(average, modifier, msg_start, len(result))
Acc. (Correct/Total): 39.54%% Prec: 0.5905 F1: 0.5312
Start evaluation on test dataset.
/root/miniconda3/envs/lyq/lib/python3.8/site-packages/sklearn/metrics/_classification.py:1469: UndefinedMetricWarning: Precision is ill-defined and being set to 0.0 in samples with no predicted labels. Use `zero_division` parameter to control this behavior.
  _warn_prf(average, modifier, msg_start, len(result))
Acc. (Correct/Total): 45.28%% Prec: 0.6434 F1: 0.5849
Epoch id: 8, Training steps: 100, Avg loss: 0.031, Time: 0:18:52
Epoch id: 8, Training steps: 200, Avg loss: 0.014, Time: 0:19:39
Start evaluation on dev dataset.
/root/miniconda3/envs/lyq/lib/python3.8/site-packages/sklearn/metrics/_classification.py:1469: UndefinedMetricWarning: Precision is ill-defined and being set to 0.0 in samples with no predicted labels. Use `zero_division` parameter to control this behavior.
  _warn_prf(average, modifier, msg_start, len(result))
Acc. (Correct/Total): 43.62%% Prec: 0.6348 F1: 0.5756
Start evaluation on test dataset.
/root/miniconda3/envs/lyq/lib/python3.8/site-packages/sklearn/metrics/_classification.py:1469: UndefinedMetricWarning: Precision is ill-defined and being set to 0.0 in samples with no predicted labels. Use `zero_division` parameter to control this behavior.
  _warn_prf(average, modifier, msg_start, len(result))
Acc. (Correct/Total): 48.28%% Prec: 0.6746 F1: 0.6178
Epoch id: 9, Training steps: 100, Avg loss: 0.028, Time: 0:21:30
Epoch id: 9, Training steps: 200, Avg loss: 0.014, Time: 0:22:13
Start evaluation on dev dataset.
/root/miniconda3/envs/lyq/lib/python3.8/site-packages/sklearn/metrics/_classification.py:1469: UndefinedMetricWarning: Precision is ill-defined and being set to 0.0 in samples with no predicted labels. Use `zero_division` parameter to control this behavior.
  _warn_prf(average, modifier, msg_start, len(result))
Acc. (Correct/Total): 46.59%% Prec: 0.6651 F1: 0.6109
Start evaluation on test dataset.
/root/miniconda3/envs/lyq/lib/python3.8/site-packages/sklearn/metrics/_classification.py:1469: UndefinedMetricWarning: Precision is ill-defined and being set to 0.0 in samples with no predicted labels. Use `zero_division` parameter to control this behavior.
  _warn_prf(average, modifier, msg_start, len(result))
Acc. (Correct/Total): 49.98%% Prec: 0.6974 F1: 0.6404
Epoch id: 10, Training steps: 100, Avg loss: 0.022, Time: 0:24:04
Epoch id: 10, Training steps: 200, Avg loss: 0.011, Time: 0:24:47
Start evaluation on dev dataset.
/root/miniconda3/envs/lyq/lib/python3.8/site-packages/sklearn/metrics/_classification.py:1469: UndefinedMetricWarning: Precision is ill-defined and being set to 0.0 in samples with no predicted labels. Use `zero_division` parameter to control this behavior.
  _warn_prf(average, modifier, msg_start, len(result))
Acc. (Correct/Total): 45.01%% Prec: 0.6576 F1: 0.5989
Epoch id: 11, Training steps: 100, Avg loss: 0.019, Time: 0:26:23
Epoch id: 11, Training steps: 200, Avg loss: 0.009, Time: 0:27:10
Start evaluation on dev dataset.
/root/miniconda3/envs/lyq/lib/python3.8/site-packages/sklearn/metrics/_classification.py:1469: UndefinedMetricWarning: Precision is ill-defined and being set to 0.0 in samples with no predicted labels. Use `zero_division` parameter to control this behavior.
  _warn_prf(average, modifier, msg_start, len(result))
Acc. (Correct/Total): 47.50%% Prec: 0.6816 F1: 0.6253
Start evaluation on test dataset.
/root/miniconda3/envs/lyq/lib/python3.8/site-packages/sklearn/metrics/_classification.py:1469: UndefinedMetricWarning: Precision is ill-defined and being set to 0.0 in samples with no predicted labels. Use `zero_division` parameter to control this behavior.
  _warn_prf(average, modifier, msg_start, len(result))
Acc. (Correct/Total): 51.91%% Prec: 0.7157 F1: 0.6593
Epoch id: 12, Training steps: 100, Avg loss: 0.016, Time: 0:29:01
Epoch id: 12, Training steps: 200, Avg loss: 0.007, Time: 0:29:46
Start evaluation on dev dataset.
/root/miniconda3/envs/lyq/lib/python3.8/site-packages/sklearn/metrics/_classification.py:1469: UndefinedMetricWarning: Precision is ill-defined and being set to 0.0 in samples with no predicted labels. Use `zero_division` parameter to control this behavior.
  _warn_prf(average, modifier, msg_start, len(result))
Acc. (Correct/Total): 49.81%% Prec: 0.6941 F1: 0.6450
Start evaluation on test dataset.
/root/miniconda3/envs/lyq/lib/python3.8/site-packages/sklearn/metrics/_classification.py:1469: UndefinedMetricWarning: Precision is ill-defined and being set to 0.0 in samples with no predicted labels. Use `zero_division` parameter to control this behavior.
  _warn_prf(average, modifier, msg_start, len(result))
Acc. (Correct/Total): 55.59%% Prec: 0.7344 F1: 0.6856
Epoch id: 13, Training steps: 100, Avg loss: 0.014, Time: 0:31:36
Epoch id: 13, Training steps: 200, Avg loss: 0.007, Time: 0:32:19
Start evaluation on dev dataset.
/root/miniconda3/envs/lyq/lib/python3.8/site-packages/sklearn/metrics/_classification.py:1469: UndefinedMetricWarning: Precision is ill-defined and being set to 0.0 in samples with no predicted labels. Use `zero_division` parameter to control this behavior.
  _warn_prf(average, modifier, msg_start, len(result))
Acc. (Correct/Total): 48.75%% Prec: 0.7047 F1: 0.6509
Epoch id: 14, Training steps: 100, Avg loss: 0.012, Time: 0:33:51
Epoch id: 14, Training steps: 200, Avg loss: 0.006, Time: 0:34:36
Start evaluation on dev dataset.
/root/miniconda3/envs/lyq/lib/python3.8/site-packages/sklearn/metrics/_classification.py:1469: UndefinedMetricWarning: Precision is ill-defined and being set to 0.0 in samples with no predicted labels. Use `zero_division` parameter to control this behavior.
  _warn_prf(average, modifier, msg_start, len(result))
Acc. (Correct/Total): 50.38%% Prec: 0.6984 F1: 0.6530
Start evaluation on test dataset.
/root/miniconda3/envs/lyq/lib/python3.8/site-packages/sklearn/metrics/_classification.py:1469: UndefinedMetricWarning: Precision is ill-defined and being set to 0.0 in samples with no predicted labels. Use `zero_division` parameter to control this behavior.
  _warn_prf(average, modifier, msg_start, len(result))
Acc. (Correct/Total): 56.75%% Prec: 0.7380 F1: 0.6927
Epoch id: 15, Training steps: 100, Avg loss: 0.010, Time: 0:36:29
Epoch id: 15, Training steps: 200, Avg loss: 0.005, Time: 0:37:14
Start evaluation on dev dataset.
/root/miniconda3/envs/lyq/lib/python3.8/site-packages/sklearn/metrics/_classification.py:1469: UndefinedMetricWarning: Precision is ill-defined and being set to 0.0 in samples with no predicted labels. Use `zero_division` parameter to control this behavior.
  _warn_prf(average, modifier, msg_start, len(result))
Acc. (Correct/Total): 50.24%% Prec: 0.7075 F1: 0.6620
Epoch id: 16, Training steps: 100, Avg loss: 0.009, Time: 0:38:51
Epoch id: 16, Training steps: 200, Avg loss: 0.005, Time: 0:39:36
Start evaluation on dev dataset.
/root/miniconda3/envs/lyq/lib/python3.8/site-packages/sklearn/metrics/_classification.py:1469: UndefinedMetricWarning: Precision is ill-defined and being set to 0.0 in samples with no predicted labels. Use `zero_division` parameter to control this behavior.
  _warn_prf(average, modifier, msg_start, len(result))
Acc. (Correct/Total): 51.34%% Prec: 0.7168 F1: 0.6669
Start evaluation on test dataset.
/root/miniconda3/envs/lyq/lib/python3.8/site-packages/sklearn/metrics/_classification.py:1469: UndefinedMetricWarning: Precision is ill-defined and being set to 0.0 in samples with no predicted labels. Use `zero_division` parameter to control this behavior.
  _warn_prf(average, modifier, msg_start, len(result))
Acc. (Correct/Total): 56.60%% Prec: 0.7545 F1: 0.7067
Epoch id: 17, Training steps: 100, Avg loss: 0.009, Time: 0:41:27
Epoch id: 17, Training steps: 200, Avg loss: 0.004, Time: 0:42:13
Start evaluation on dev dataset.
/root/miniconda3/envs/lyq/lib/python3.8/site-packages/sklearn/metrics/_classification.py:1469: UndefinedMetricWarning: Precision is ill-defined and being set to 0.0 in samples with no predicted labels. Use `zero_division` parameter to control this behavior.
  _warn_prf(average, modifier, msg_start, len(result))
Acc. (Correct/Total): 52.02%% Prec: 0.7087 F1: 0.6677
Start evaluation on test dataset.
/root/miniconda3/envs/lyq/lib/python3.8/site-packages/sklearn/metrics/_classification.py:1469: UndefinedMetricWarning: Precision is ill-defined and being set to 0.0 in samples with no predicted labels. Use `zero_division` parameter to control this behavior.
  _warn_prf(average, modifier, msg_start, len(result))
Acc. (Correct/Total): 56.75%% Prec: 0.7482 F1: 0.7028
Epoch id: 18, Training steps: 100, Avg loss: 0.006, Time: 0:44:05
Epoch id: 18, Training steps: 200, Avg loss: 0.004, Time: 0:44:49
Start evaluation on dev dataset.
/root/miniconda3/envs/lyq/lib/python3.8/site-packages/sklearn/metrics/_classification.py:1469: UndefinedMetricWarning: Precision is ill-defined and being set to 0.0 in samples with no predicted labels. Use `zero_division` parameter to control this behavior.
  _warn_prf(average, modifier, msg_start, len(result))
Acc. (Correct/Total): 52.06%% Prec: 0.7099 F1: 0.6715
Start evaluation on test dataset.
/root/miniconda3/envs/lyq/lib/python3.8/site-packages/sklearn/metrics/_classification.py:1469: UndefinedMetricWarning: Precision is ill-defined and being set to 0.0 in samples with no predicted labels. Use `zero_division` parameter to control this behavior.
  _warn_prf(average, modifier, msg_start, len(result))
Acc. (Correct/Total): 56.80%% Prec: 0.7488 F1: 0.7094
Epoch id: 19, Training steps: 100, Avg loss: 0.006, Time: 0:46:40
Epoch id: 19, Training steps: 200, Avg loss: 0.003, Time: 0:47:21
Start evaluation on dev dataset.
/root/miniconda3/envs/lyq/lib/python3.8/site-packages/sklearn/metrics/_classification.py:1469: UndefinedMetricWarning: Precision is ill-defined and being set to 0.0 in samples with no predicted labels. Use `zero_division` parameter to control this behavior.
  _warn_prf(average, modifier, msg_start, len(result))
Acc. (Correct/Total): 51.92%% Prec: 0.7107 F1: 0.6758
Epoch id: 20, Training steps: 100, Avg loss: 0.007, Time: 0:48:58
Epoch id: 20, Training steps: 200, Avg loss: 0.003, Time: 0:49:44
Start evaluation on dev dataset.
/root/miniconda3/envs/lyq/lib/python3.8/site-packages/sklearn/metrics/_classification.py:1469: UndefinedMetricWarning: Precision is ill-defined and being set to 0.0 in samples with no predicted labels. Use `zero_division` parameter to control this behavior.
  _warn_prf(average, modifier, msg_start, len(result))
Acc. (Correct/Total): 52.88%% Prec: 0.7143 F1: 0.6747
Start evaluation on test dataset.
/root/miniconda3/envs/lyq/lib/python3.8/site-packages/sklearn/metrics/_classification.py:1469: UndefinedMetricWarning: Precision is ill-defined and being set to 0.0 in samples with no predicted labels. Use `zero_division` parameter to control this behavior.
  _warn_prf(average, modifier, msg_start, len(result))
Acc. (Correct/Total): 58.20%% Prec: 0.7511 F1: 0.7121
Final evaluation on the test dataset.
The number of evaluation instances:  2067
/root/miniconda3/envs/lyq/lib/python3.8/site-packages/sklearn/metrics/_classification.py:1469: UndefinedMetricWarning: Precision is ill-defined and being set to 0.0 in samples with no predicted labels. Use `zero_division` parameter to control this behavior.
  _warn_prf(average, modifier, msg_start, len(result))
/root/miniconda3/envs/lyq/lib/python3.8/site-packages/sklearn/metrics/_classification.py:1469: UndefinedMetricWarning: Precision and F-score are ill-defined and being set to 0.0 in labels with no predicted samples. Use `zero_division` parameter to control this behavior.
  _warn_prf(average, modifier, msg_start, len(result))
/root/miniconda3/envs/lyq/lib/python3.8/site-packages/sklearn/metrics/_classification.py:1469: UndefinedMetricWarning: Precision and F-score are ill-defined and being set to 0.0 in samples with no predicted labels. Use `zero_division` parameter to control this behavior.
  _warn_prf(average, modifier, msg_start, len(result))
Acc. (Correct/Total): 58.20% Prec: 0.7511 F1: 0.7121
Precision, Recall and F1-Score...
              precision    recall  f1-score   support

         教育学     0.8333    0.8921    0.8617       241
          法学     0.8545    0.8393    0.8468       224
      中国语言文学     0.7937    0.6865    0.7362       185
         政治学     0.7594    0.6196    0.6824       163
         社会学     0.8483    0.7834    0.8146       157
         心理学     0.8256    0.5772    0.6794       123
       应用经济学     0.6889    0.5299    0.5990       117
         历史学     0.8875    0.6514    0.7513       109
     环境科学与工程     0.8750    0.8426    0.8585       108
          哲学     0.7759    0.4639    0.5806        97
      外国语言文学     0.8095    0.6000    0.6892        85
         生物学     0.8649    0.8101    0.8366        79
      交通运输工程     0.8889    0.9231    0.9057        78
        临床医学     0.8600    0.5658    0.6825        76
    计算机科学与技术     0.7619    0.6761    0.7164        71
        土木工程     0.9143    0.9697    0.9412        66
   航空宇航科学与技术     0.9474    0.8852    0.9153        61
         民族学     0.6458    0.5636    0.6019        55
   公共卫生与预防医学     0.6842    0.5098    0.5843        51
         美术学     0.7857    0.8800    0.8302        50
         艺术学     0.7955    0.8140    0.8046        43
         地理学     0.9259    0.5952    0.7246        42
         体育学     0.9500    0.4750    0.6333        40
       理论经济学     0.6667    0.5263    0.5882        38
         中医学     0.8000    0.8649    0.8312        37
         物理学     0.8158    0.8611    0.8378        36
          林学     0.8182    0.5455    0.6545        33
          数学     0.6923    0.5625    0.6207        32
     电子科学与技术     0.5652    0.4194    0.4815        31
        基础医学     0.4167    0.3448    0.3774        29
        工商管理     0.7059    0.4444    0.5455        27
       新闻传播学     0.8889    0.7273    0.8000        22
         天文学     0.7826    0.8182    0.8000        22
         地质学     0.8571    0.8571    0.8571        21
         畜牧学     0.8261    0.9048    0.8636        21
   军事思想及军事历史     0.7500    0.7500    0.7500        20
     管理科学与工程     0.5455    0.6667    0.6000        18
     测绘科学与技术     0.8000    0.7059    0.7500        17
        水利工程     0.7143    0.6250    0.6667        16
        大气科学     1.0000    0.5625    0.7200        16
     兵器科学与技术     0.6316    0.8000    0.7059        15
       地球物理学     0.5000    0.2143    0.3000        14
        电气工程     1.0000    0.4615    0.6316        13
         作物学     0.8750    0.5385    0.6667        13
     控制科学与工程     0.3333    0.2308    0.2727        13
     信息与通信工程     0.7143    0.7692    0.7407        13
        公共管理     0.0000    0.0000    0.0000        13
         建筑学     1.0000    0.3077    0.4706        13
     化学工程与技术     0.8462    0.9167    0.8800        12
          力学     0.8750    0.6364    0.7368        11
        海洋科学     0.9091    0.9091    0.9091        11
     轻工技术与工程     0.5455    0.5455    0.5455        11
        农业工程     1.0000    0.3000    0.4615        10
         园艺学     0.8333    1.0000    0.9091        10
       中西医结合     1.0000    0.9000    0.9474        10
        机械工程     1.0000    0.4444    0.6154         9
       科学技术史     0.5000    0.2500    0.3333         8
     船舶与海洋工程     0.8333    0.6250    0.7143         8
   图书情报与档案管理     0.8571    0.7500    0.8000         8
        植物保护     0.8571    0.7500    0.8000         8
     材料科学与工程     1.0000    0.6250    0.7692         8
         统计学     0.5000    0.7500    0.6000         8
          化学     1.0000    0.7500    0.8571         8
     食品科学与工程     1.0000    0.3750    0.5455         8
          水产     1.0000    0.7143    0.8333         7
          药学     1.0000    0.8571    0.9231         7
     农业资源与环境     1.0000    0.7143    0.8333         7
         世界史     0.7500    0.4286    0.5455         7
        系统科学     0.8333    0.7143    0.7692         7
      农林经济管理     0.6000    0.6000    0.6000         5
       军队指挥学     1.0000    0.4000    0.5714         5
        矿业工程     0.4000    0.4000    0.4000         5
     纺织科学与工程     0.7143    1.0000    0.8333         5
  动力工程及工程热物理     0.0000    0.0000    0.0000         4
        林业工程     0.0000    0.0000    0.0000         4
     仪器科学与技术     0.0000    0.0000    0.0000         3
         战略学     0.5000    0.3333    0.4000         3
   地质资源与地质工程     0.0000    0.0000    0.0000         3
        旅游管理     0.0000    0.0000    0.0000         3
 图书馆、情报与档案管理     0.0000    0.0000    0.0000         2
        冶金工程     1.0000    1.0000    1.0000         2
      核科学与技术     0.0000    0.0000    0.0000         2

   micro avg     0.8054    0.6906    0.7436      3093
   macro avg     0.7199    0.5896    0.6334      3093
weighted avg     0.7991    0.6906    0.7325      3093
 samples avg     0.7511    0.6986    0.7121      3093

