/root/miniconda3/envs/lyq/lib/python3.8/site-packages/scipy/__init__.py:146: UserWarning: A NumPy version >=1.16.5 and <1.23.0 is required for this version of SciPy (detected version 1.23.5
  warnings.warn(f"A NumPy version >={np_minversion} and <{np_maxversion}"
  0%|          | 0/82 [00:00<?, ?it/s]100%|██████████| 82/82 [00:00<00:00, 703339.32it/s]
model:  ernie-rcnn
pretrained:  ernie1
task:  MLC
dataset:  book_multilabels_task
seq_length:  256
hidden_dropout_prob:  0.1
attention_probs_dropout_prob:  0.1
epochs_num:  20
batch_size:  32
learning_rate:  1.8e-05
report_steps:  100
kg_name:  CnDbpedia
no_kg:  False
no_vm:  False
Vocabulary Size:  17964
[BertClassifier] use visible_matrix: True
Some weights of ErnieRCNNForMultiLabelSequenceClassification were not initialized from the model checkpoint at ./models/ernie1 and are newly initialized: ['lstm.weight_ih_l0_reverse', 'lstm.weight_hh_l0', 'lstm.weight_ih_l1', 'classifier.bias', 'lstm.weight_hh_l0_reverse', 'lstm.weight_ih_l1_reverse', 'lstm.weight_ih_l0', 'lstm.bias_hh_l0', 'lstm.bias_hh_l1_reverse', 'classifier.weight', 'output_layer_1.bias', 'lstm.bias_hh_l0_reverse', 'lstm.bias_ih_l0', 'lstm.bias_ih_l1_reverse', 'lstm.weight_hh_l1_reverse', 'lstm.bias_hh_l1', 'lstm.bias_ih_l1', 'output_layer_1.weight', 'lstm.bias_ih_l0_reverse', 'lstm.weight_hh_l1']
You should probably TRAIN this model on a down-stream task to be able to use it for predictions and inference.
1 GPUs are available. Let's use them.
device:  cuda
[KnowledgeGraph] Loading spo from /Lyq/experiment/K-BERT-HUGGINGFACE/brain/kgs/CnDbpedia.spo
Start training.
Loading sentences from ./datasets/book_multilabels_task/train.tsv
There are 9097 sentence in total. We use 1 processes to inject knowledge into sentences.
Progress of process 0: 0/9097
Loading sentences from ./datasets/book_multilabels_task/dev.tsv
There are 2084 sentence in total. We use 1 processes to inject knowledge into sentences.
Progress of process 0: 0/2084
Loading sentences from ./datasets/book_multilabels_task/test.tsv
There are 2067 sentence in total. We use 1 processes to inject knowledge into sentences.
Progress of process 0: 0/2067
Epoch id: 1, Training steps: 100, Avg loss: 0.260, Time: 0:01:01
Epoch id: 1, Training steps: 200, Avg loss: 0.091, Time: 0:01:56
Start evaluation on dev dataset.
/root/miniconda3/envs/lyq/lib/python3.8/site-packages/sklearn/metrics/_classification.py:1469: UndefinedMetricWarning: Precision is ill-defined and being set to 0.0 in samples with no predicted labels. Use `zero_division` parameter to control this behavior.
  _warn_prf(average, modifier, msg_start, len(result))
Acc. (Correct/Total):  0.00%% Prec: 0.0000 F1: 0.0000
Epoch id: 2, Training steps: 100, Avg loss: 0.150, Time: 0:03:49
Epoch id: 2, Training steps: 200, Avg loss: 0.072, Time: 0:04:47
Start evaluation on dev dataset.
/root/miniconda3/envs/lyq/lib/python3.8/site-packages/sklearn/metrics/_classification.py:1469: UndefinedMetricWarning: Precision is ill-defined and being set to 0.0 in samples with no predicted labels. Use `zero_division` parameter to control this behavior.
  _warn_prf(average, modifier, msg_start, len(result))
Acc. (Correct/Total):  0.19%% Prec: 0.0110 F1: 0.0080
Start evaluation on test dataset.
/root/miniconda3/envs/lyq/lib/python3.8/site-packages/sklearn/metrics/_classification.py:1469: UndefinedMetricWarning: Precision is ill-defined and being set to 0.0 in samples with no predicted labels. Use `zero_division` parameter to control this behavior.
  _warn_prf(average, modifier, msg_start, len(result))
Acc. (Correct/Total):  0.10%% Prec: 0.0068 F1: 0.0048
Epoch id: 3, Training steps: 100, Avg loss: 0.110, Time: 0:07:06
Epoch id: 3, Training steps: 200, Avg loss: 0.055, Time: 0:07:57
Start evaluation on dev dataset.
/root/miniconda3/envs/lyq/lib/python3.8/site-packages/sklearn/metrics/_classification.py:1469: UndefinedMetricWarning: Precision is ill-defined and being set to 0.0 in samples with no predicted labels. Use `zero_division` parameter to control this behavior.
  _warn_prf(average, modifier, msg_start, len(result))
Acc. (Correct/Total): 12.09%% Prec: 0.1919 F1: 0.1685
Start evaluation on test dataset.
/root/miniconda3/envs/lyq/lib/python3.8/site-packages/sklearn/metrics/_classification.py:1469: UndefinedMetricWarning: Precision is ill-defined and being set to 0.0 in samples with no predicted labels. Use `zero_division` parameter to control this behavior.
  _warn_prf(average, modifier, msg_start, len(result))
Acc. (Correct/Total): 13.50%% Prec: 0.2404 F1: 0.2045
Epoch id: 4, Training steps: 100, Avg loss: 0.083, Time: 0:10:27
Epoch id: 4, Training steps: 200, Avg loss: 0.040, Time: 0:11:30
Start evaluation on dev dataset.
/root/miniconda3/envs/lyq/lib/python3.8/site-packages/sklearn/metrics/_classification.py:1469: UndefinedMetricWarning: Precision is ill-defined and being set to 0.0 in samples with no predicted labels. Use `zero_division` parameter to control this behavior.
  _warn_prf(average, modifier, msg_start, len(result))
Acc. (Correct/Total): 18.14%% Prec: 0.3059 F1: 0.2656
Start evaluation on test dataset.
/root/miniconda3/envs/lyq/lib/python3.8/site-packages/sklearn/metrics/_classification.py:1469: UndefinedMetricWarning: Precision is ill-defined and being set to 0.0 in samples with no predicted labels. Use `zero_division` parameter to control this behavior.
  _warn_prf(average, modifier, msg_start, len(result))
Acc. (Correct/Total): 23.61%% Prec: 0.3558 F1: 0.3174
Epoch id: 5, Training steps: 100, Avg loss: 0.067, Time: 0:14:00
Epoch id: 5, Training steps: 200, Avg loss: 0.033, Time: 0:14:59
Start evaluation on dev dataset.
/root/miniconda3/envs/lyq/lib/python3.8/site-packages/sklearn/metrics/_classification.py:1469: UndefinedMetricWarning: Precision is ill-defined and being set to 0.0 in samples with no predicted labels. Use `zero_division` parameter to control this behavior.
  _warn_prf(average, modifier, msg_start, len(result))
Acc. (Correct/Total): 29.70%% Prec: 0.4407 F1: 0.3969
Start evaluation on test dataset.
/root/miniconda3/envs/lyq/lib/python3.8/site-packages/sklearn/metrics/_classification.py:1469: UndefinedMetricWarning: Precision is ill-defined and being set to 0.0 in samples with no predicted labels. Use `zero_division` parameter to control this behavior.
  _warn_prf(average, modifier, msg_start, len(result))
Acc. (Correct/Total): 34.40%% Prec: 0.4828 F1: 0.4400
Epoch id: 6, Training steps: 100, Avg loss: 0.057, Time: 0:17:21
Epoch id: 6, Training steps: 200, Avg loss: 0.028, Time: 0:18:15
Start evaluation on dev dataset.
/root/miniconda3/envs/lyq/lib/python3.8/site-packages/sklearn/metrics/_classification.py:1469: UndefinedMetricWarning: Precision is ill-defined and being set to 0.0 in samples with no predicted labels. Use `zero_division` parameter to control this behavior.
  _warn_prf(average, modifier, msg_start, len(result))
Acc. (Correct/Total): 31.57%% Prec: 0.4791 F1: 0.4290
Start evaluation on test dataset.
/root/miniconda3/envs/lyq/lib/python3.8/site-packages/sklearn/metrics/_classification.py:1469: UndefinedMetricWarning: Precision is ill-defined and being set to 0.0 in samples with no predicted labels. Use `zero_division` parameter to control this behavior.
  _warn_prf(average, modifier, msg_start, len(result))
Acc. (Correct/Total): 37.78%% Prec: 0.5331 F1: 0.4850
Epoch id: 7, Training steps: 100, Avg loss: 0.050, Time: 0:20:39
Epoch id: 7, Training steps: 200, Avg loss: 0.025, Time: 0:21:39
Start evaluation on dev dataset.
/root/miniconda3/envs/lyq/lib/python3.8/site-packages/sklearn/metrics/_classification.py:1469: UndefinedMetricWarning: Precision is ill-defined and being set to 0.0 in samples with no predicted labels. Use `zero_division` parameter to control this behavior.
  _warn_prf(average, modifier, msg_start, len(result))
Acc. (Correct/Total): 32.25%% Prec: 0.5079 F1: 0.4501
Start evaluation on test dataset.
/root/miniconda3/envs/lyq/lib/python3.8/site-packages/sklearn/metrics/_classification.py:1469: UndefinedMetricWarning: Precision is ill-defined and being set to 0.0 in samples with no predicted labels. Use `zero_division` parameter to control this behavior.
  _warn_prf(average, modifier, msg_start, len(result))
Acc. (Correct/Total): 38.95%% Prec: 0.5515 F1: 0.5007
Epoch id: 8, Training steps: 100, Avg loss: 0.043, Time: 0:23:58
Epoch id: 8, Training steps: 200, Avg loss: 0.022, Time: 0:24:55
Start evaluation on dev dataset.
/root/miniconda3/envs/lyq/lib/python3.8/site-packages/sklearn/metrics/_classification.py:1469: UndefinedMetricWarning: Precision is ill-defined and being set to 0.0 in samples with no predicted labels. Use `zero_division` parameter to control this behavior.
  _warn_prf(average, modifier, msg_start, len(result))
Acc. (Correct/Total): 35.70%% Prec: 0.5307 F1: 0.4770
Start evaluation on test dataset.
/root/miniconda3/envs/lyq/lib/python3.8/site-packages/sklearn/metrics/_classification.py:1469: UndefinedMetricWarning: Precision is ill-defined and being set to 0.0 in samples with no predicted labels. Use `zero_division` parameter to control this behavior.
  _warn_prf(average, modifier, msg_start, len(result))
Acc. (Correct/Total): 40.98%% Prec: 0.5786 F1: 0.5262
Epoch id: 9, Training steps: 100, Avg loss: 0.038, Time: 0:27:24
Epoch id: 9, Training steps: 200, Avg loss: 0.020, Time: 0:28:21
Start evaluation on dev dataset.
/root/miniconda3/envs/lyq/lib/python3.8/site-packages/sklearn/metrics/_classification.py:1469: UndefinedMetricWarning: Precision is ill-defined and being set to 0.0 in samples with no predicted labels. Use `zero_division` parameter to control this behavior.
  _warn_prf(average, modifier, msg_start, len(result))
Acc. (Correct/Total): 40.16%% Prec: 0.5885 F1: 0.5343
Start evaluation on test dataset.
/root/miniconda3/envs/lyq/lib/python3.8/site-packages/sklearn/metrics/_classification.py:1469: UndefinedMetricWarning: Precision is ill-defined and being set to 0.0 in samples with no predicted labels. Use `zero_division` parameter to control this behavior.
  _warn_prf(average, modifier, msg_start, len(result))
Acc. (Correct/Total): 45.23%% Prec: 0.6401 F1: 0.5832
Epoch id: 10, Training steps: 100, Avg loss: 0.032, Time: 0:30:56
Epoch id: 10, Training steps: 200, Avg loss: 0.017, Time: 0:31:54
Start evaluation on dev dataset.
/root/miniconda3/envs/lyq/lib/python3.8/site-packages/sklearn/metrics/_classification.py:1469: UndefinedMetricWarning: Precision is ill-defined and being set to 0.0 in samples with no predicted labels. Use `zero_division` parameter to control this behavior.
  _warn_prf(average, modifier, msg_start, len(result))
Acc. (Correct/Total): 41.51%% Prec: 0.6094 F1: 0.5545
Start evaluation on test dataset.
/root/miniconda3/envs/lyq/lib/python3.8/site-packages/sklearn/metrics/_classification.py:1469: UndefinedMetricWarning: Precision is ill-defined and being set to 0.0 in samples with no predicted labels. Use `zero_division` parameter to control this behavior.
  _warn_prf(average, modifier, msg_start, len(result))
Acc. (Correct/Total): 47.94%% Prec: 0.6567 F1: 0.6040
Epoch id: 11, Training steps: 100, Avg loss: 0.028, Time: 0:34:16
Epoch id: 11, Training steps: 200, Avg loss: 0.015, Time: 0:35:18
Start evaluation on dev dataset.
/root/miniconda3/envs/lyq/lib/python3.8/site-packages/sklearn/metrics/_classification.py:1469: UndefinedMetricWarning: Precision is ill-defined and being set to 0.0 in samples with no predicted labels. Use `zero_division` parameter to control this behavior.
  _warn_prf(average, modifier, msg_start, len(result))
Acc. (Correct/Total): 42.51%% Prec: 0.6311 F1: 0.5713
Start evaluation on test dataset.
/root/miniconda3/envs/lyq/lib/python3.8/site-packages/sklearn/metrics/_classification.py:1469: UndefinedMetricWarning: Precision is ill-defined and being set to 0.0 in samples with no predicted labels. Use `zero_division` parameter to control this behavior.
  _warn_prf(average, modifier, msg_start, len(result))
Acc. (Correct/Total): 48.62%% Prec: 0.6720 F1: 0.6179
Epoch id: 12, Training steps: 100, Avg loss: 0.024, Time: 0:37:51
Epoch id: 12, Training steps: 200, Avg loss: 0.013, Time: 0:38:47
Start evaluation on dev dataset.
/root/miniconda3/envs/lyq/lib/python3.8/site-packages/sklearn/metrics/_classification.py:1469: UndefinedMetricWarning: Precision is ill-defined and being set to 0.0 in samples with no predicted labels. Use `zero_division` parameter to control this behavior.
  _warn_prf(average, modifier, msg_start, len(result))
Acc. (Correct/Total): 41.65%% Prec: 0.6088 F1: 0.5528
Epoch id: 13, Training steps: 100, Avg loss: 0.021, Time: 0:41:01
Epoch id: 13, Training steps: 200, Avg loss: 0.011, Time: 0:41:56
Start evaluation on dev dataset.
/root/miniconda3/envs/lyq/lib/python3.8/site-packages/sklearn/metrics/_classification.py:1469: UndefinedMetricWarning: Precision is ill-defined and being set to 0.0 in samples with no predicted labels. Use `zero_division` parameter to control this behavior.
  _warn_prf(average, modifier, msg_start, len(result))
Acc. (Correct/Total): 44.00%% Prec: 0.6443 F1: 0.5865
Start evaluation on test dataset.
/root/miniconda3/envs/lyq/lib/python3.8/site-packages/sklearn/metrics/_classification.py:1469: UndefinedMetricWarning: Precision is ill-defined and being set to 0.0 in samples with no predicted labels. Use `zero_division` parameter to control this behavior.
  _warn_prf(average, modifier, msg_start, len(result))
Acc. (Correct/Total): 50.90%% Prec: 0.6980 F1: 0.6433
Epoch id: 14, Training steps: 100, Avg loss: 0.019, Time: 0:44:23
Epoch id: 14, Training steps: 200, Avg loss: 0.010, Time: 0:45:26
Start evaluation on dev dataset.
/root/miniconda3/envs/lyq/lib/python3.8/site-packages/sklearn/metrics/_classification.py:1469: UndefinedMetricWarning: Precision is ill-defined and being set to 0.0 in samples with no predicted labels. Use `zero_division` parameter to control this behavior.
  _warn_prf(average, modifier, msg_start, len(result))
Acc. (Correct/Total): 44.91%% Prec: 0.6518 F1: 0.5955
Start evaluation on test dataset.
/root/miniconda3/envs/lyq/lib/python3.8/site-packages/sklearn/metrics/_classification.py:1469: UndefinedMetricWarning: Precision is ill-defined and being set to 0.0 in samples with no predicted labels. Use `zero_division` parameter to control this behavior.
  _warn_prf(average, modifier, msg_start, len(result))
Acc. (Correct/Total): 51.52%% Prec: 0.6953 F1: 0.6443
Epoch id: 15, Training steps: 100, Avg loss: 0.016, Time: 0:47:50
Epoch id: 15, Training steps: 200, Avg loss: 0.009, Time: 0:48:45
Start evaluation on dev dataset.
/root/miniconda3/envs/lyq/lib/python3.8/site-packages/sklearn/metrics/_classification.py:1469: UndefinedMetricWarning: Precision is ill-defined and being set to 0.0 in samples with no predicted labels. Use `zero_division` parameter to control this behavior.
  _warn_prf(average, modifier, msg_start, len(result))
Acc. (Correct/Total): 44.58%% Prec: 0.6563 F1: 0.5994
Epoch id: 16, Training steps: 100, Avg loss: 0.014, Time: 0:50:51
Epoch id: 16, Training steps: 200, Avg loss: 0.008, Time: 0:51:45
Start evaluation on dev dataset.
/root/miniconda3/envs/lyq/lib/python3.8/site-packages/sklearn/metrics/_classification.py:1469: UndefinedMetricWarning: Precision is ill-defined and being set to 0.0 in samples with no predicted labels. Use `zero_division` parameter to control this behavior.
  _warn_prf(average, modifier, msg_start, len(result))
Acc. (Correct/Total): 46.40%% Prec: 0.6635 F1: 0.6107
Start evaluation on test dataset.
/root/miniconda3/envs/lyq/lib/python3.8/site-packages/sklearn/metrics/_classification.py:1469: UndefinedMetricWarning: Precision is ill-defined and being set to 0.0 in samples with no predicted labels. Use `zero_division` parameter to control this behavior.
  _warn_prf(average, modifier, msg_start, len(result))
Acc. (Correct/Total): 52.35%% Prec: 0.7157 F1: 0.6629
Epoch id: 17, Training steps: 100, Avg loss: 0.013, Time: 0:54:01
Epoch id: 17, Training steps: 200, Avg loss: 0.007, Time: 0:54:53
Start evaluation on dev dataset.
/root/miniconda3/envs/lyq/lib/python3.8/site-packages/sklearn/metrics/_classification.py:1469: UndefinedMetricWarning: Precision is ill-defined and being set to 0.0 in samples with no predicted labels. Use `zero_division` parameter to control this behavior.
  _warn_prf(average, modifier, msg_start, len(result))
Acc. (Correct/Total): 46.93%% Prec: 0.6750 F1: 0.6183
Start evaluation on test dataset.
/root/miniconda3/envs/lyq/lib/python3.8/site-packages/sklearn/metrics/_classification.py:1469: UndefinedMetricWarning: Precision is ill-defined and being set to 0.0 in samples with no predicted labels. Use `zero_division` parameter to control this behavior.
  _warn_prf(average, modifier, msg_start, len(result))
Acc. (Correct/Total): 53.46%% Prec: 0.7196 F1: 0.6701
Epoch id: 18, Training steps: 100, Avg loss: 0.011, Time: 0:57:05
Epoch id: 18, Training steps: 200, Avg loss: 0.006, Time: 0:57:59
Start evaluation on dev dataset.
/root/miniconda3/envs/lyq/lib/python3.8/site-packages/sklearn/metrics/_classification.py:1469: UndefinedMetricWarning: Precision is ill-defined and being set to 0.0 in samples with no predicted labels. Use `zero_division` parameter to control this behavior.
  _warn_prf(average, modifier, msg_start, len(result))
Acc. (Correct/Total): 47.36%% Prec: 0.6843 F1: 0.6291
Start evaluation on test dataset.
/root/miniconda3/envs/lyq/lib/python3.8/site-packages/sklearn/metrics/_classification.py:1469: UndefinedMetricWarning: Precision is ill-defined and being set to 0.0 in samples with no predicted labels. Use `zero_division` parameter to control this behavior.
  _warn_prf(average, modifier, msg_start, len(result))
Acc. (Correct/Total): 54.38%% Prec: 0.7352 F1: 0.6848
Epoch id: 19, Training steps: 100, Avg loss: 0.011, Time: 1:00:09
Epoch id: 19, Training steps: 200, Avg loss: 0.005, Time: 1:01:02
Start evaluation on dev dataset.
/root/miniconda3/envs/lyq/lib/python3.8/site-packages/sklearn/metrics/_classification.py:1469: UndefinedMetricWarning: Precision is ill-defined and being set to 0.0 in samples with no predicted labels. Use `zero_division` parameter to control this behavior.
  _warn_prf(average, modifier, msg_start, len(result))
Acc. (Correct/Total): 48.46%% Prec: 0.6855 F1: 0.6354
Start evaluation on test dataset.
/root/miniconda3/envs/lyq/lib/python3.8/site-packages/sklearn/metrics/_classification.py:1469: UndefinedMetricWarning: Precision is ill-defined and being set to 0.0 in samples with no predicted labels. Use `zero_division` parameter to control this behavior.
  _warn_prf(average, modifier, msg_start, len(result))
Acc. (Correct/Total): 56.02%% Prec: 0.7345 F1: 0.6900
Epoch id: 20, Training steps: 100, Avg loss: 0.009, Time: 1:03:16
Epoch id: 20, Training steps: 200, Avg loss: 0.005, Time: 1:04:12
Start evaluation on dev dataset.
/root/miniconda3/envs/lyq/lib/python3.8/site-packages/sklearn/metrics/_classification.py:1469: UndefinedMetricWarning: Precision is ill-defined and being set to 0.0 in samples with no predicted labels. Use `zero_division` parameter to control this behavior.
  _warn_prf(average, modifier, msg_start, len(result))
Acc. (Correct/Total): 48.18%% Prec: 0.6871 F1: 0.6403
Final evaluation on the test dataset.
The number of evaluation instances:  2067
/root/miniconda3/envs/lyq/lib/python3.8/site-packages/sklearn/metrics/_classification.py:1469: UndefinedMetricWarning: Precision is ill-defined and being set to 0.0 in samples with no predicted labels. Use `zero_division` parameter to control this behavior.
  _warn_prf(average, modifier, msg_start, len(result))
/root/miniconda3/envs/lyq/lib/python3.8/site-packages/sklearn/metrics/_classification.py:1469: UndefinedMetricWarning: Precision and F-score are ill-defined and being set to 0.0 in labels with no predicted samples. Use `zero_division` parameter to control this behavior.
  _warn_prf(average, modifier, msg_start, len(result))
/root/miniconda3/envs/lyq/lib/python3.8/site-packages/sklearn/metrics/_classification.py:1469: UndefinedMetricWarning: Precision and F-score are ill-defined and being set to 0.0 in samples with no predicted labels. Use `zero_division` parameter to control this behavior.
  _warn_prf(average, modifier, msg_start, len(result))
Acc. (Correct/Total): 56.02% Prec: 0.7345 F1: 0.6900
Precision, Recall and F1-Score...
              precision    recall  f1-score   support

         教育学     0.8838    0.8838    0.8838       241
          法学     0.7842    0.8438    0.8129       224
      中国语言文学     0.8182    0.7297    0.7714       185
         政治学     0.7183    0.6258    0.6689       163
         社会学     0.8105    0.7898    0.8000       157
         心理学     0.8406    0.4715    0.6042       123
       应用经济学     0.6706    0.4872    0.5644       117
         历史学     0.9672    0.5413    0.6941       109
     环境科学与工程     0.8817    0.7593    0.8159       108
          哲学     0.7121    0.4845    0.5767        97
      外国语言文学     0.7857    0.5176    0.6241        85
         生物学     0.8571    0.7595    0.8054        79
      交通运输工程     0.9351    0.9231    0.9290        78
        临床医学     0.7639    0.7237    0.7432        76
    计算机科学与技术     0.7183    0.7183    0.7183        71
        土木工程     0.8750    0.9545    0.9130        66
   航空宇航科学与技术     0.9492    0.9180    0.9333        61
         民族学     0.7429    0.4727    0.5778        55
   公共卫生与预防医学     0.5283    0.5490    0.5385        51
         美术学     0.8367    0.8200    0.8283        50
         艺术学     0.7949    0.7209    0.7561        43
         地理学     0.9474    0.4286    0.5902        42
         体育学     0.9615    0.6250    0.7576        40
       理论经济学     0.7586    0.5789    0.6567        38
         中医学     0.9000    0.7297    0.8060        37
         物理学     0.8611    0.8611    0.8611        36
          林学     0.8947    0.5152    0.6538        33
          数学     0.8235    0.4375    0.5714        32
     电子科学与技术     0.5909    0.4194    0.4906        31
        基础医学     0.6000    0.3103    0.4091        29
        工商管理     1.0000    0.2963    0.4571        27
       新闻传播学     0.8000    0.5455    0.6486        22
         天文学     0.8947    0.7727    0.8293        22
         地质学     0.8571    0.5714    0.6857        21
         畜牧学     0.8947    0.8095    0.8500        21
   军事思想及军事历史     0.8571    0.6000    0.7059        20
     管理科学与工程     0.4800    0.6667    0.5581        18
     测绘科学与技术     0.7692    0.5882    0.6667        17
        水利工程     0.9000    0.5625    0.6923        16
        大气科学     1.0000    0.6250    0.7692        16
     兵器科学与技术     0.7059    0.8000    0.7500        15
       地球物理学     0.5000    0.1429    0.2222        14
        电气工程     1.0000    0.4615    0.6316        13
         作物学     1.0000    0.5385    0.7000        13
     控制科学与工程     0.2222    0.1538    0.1818        13
     信息与通信工程     0.8182    0.6923    0.7500        13
        公共管理     0.0000    0.0000    0.0000        13
         建筑学     1.0000    0.2308    0.3750        13
     化学工程与技术     0.9000    0.7500    0.8182        12
          力学     0.8333    0.4545    0.5882        11
        海洋科学     0.8750    0.6364    0.7368        11
     轻工技术与工程     0.5000    0.0909    0.1538        11
        农业工程     1.0000    0.1000    0.1818        10
         园艺学     0.9000    0.9000    0.9000        10
       中西医结合     1.0000    0.4000    0.5714        10
        机械工程     1.0000    0.4444    0.6154         9
       科学技术史     1.0000    0.2500    0.4000         8
     船舶与海洋工程     1.0000    0.5000    0.6667         8
   图书情报与档案管理     0.8571    0.7500    0.8000         8
        植物保护     1.0000    0.7500    0.8571         8
     材料科学与工程     0.8571    0.7500    0.8000         8
         统计学     0.4286    0.7500    0.5455         8
          化学     1.0000    0.7500    0.8571         8
     食品科学与工程     1.0000    0.3750    0.5455         8
          水产     1.0000    0.7143    0.8333         7
          药学     1.0000    0.8571    0.9231         7
     农业资源与环境     1.0000    0.5714    0.7273         7
         世界史     0.5000    0.1429    0.2222         7
        系统科学     0.8333    0.7143    0.7692         7
      农林经济管理     0.7500    0.6000    0.6667         5
       军队指挥学     1.0000    0.4000    0.5714         5
        矿业工程     0.6000    0.6000    0.6000         5
     纺织科学与工程     0.6667    0.8000    0.7273         5
  动力工程及工程热物理     0.0000    0.0000    0.0000         4
        林业工程     0.0000    0.0000    0.0000         4
     仪器科学与技术     0.0000    0.0000    0.0000         3
         战略学     0.0000    0.0000    0.0000         3
   地质资源与地质工程     0.0000    0.0000    0.0000         3
        旅游管理     0.0000    0.0000    0.0000         3
 图书馆、情报与档案管理     0.0000    0.0000    0.0000         2
        冶金工程     0.0000    0.0000    0.0000         2
      核科学与技术     0.0000    0.0000    0.0000         2

   micro avg     0.8067    0.6599    0.7259      3093
   macro avg     0.7245    0.5208    0.5842      3093
weighted avg     0.8054    0.6599    0.7116      3093
 samples avg     0.7345    0.6721    0.6900      3093

