/root/miniconda3/envs/lyq/lib/python3.8/site-packages/scipy/__init__.py:146: UserWarning: A NumPy version >=1.16.5 and <1.23.0 is required for this version of SciPy (detected version 1.23.5
  warnings.warn(f"A NumPy version >={np_minversion} and <{np_maxversion}"
  0%|          | 0/82 [00:00<?, ?it/s]100%|██████████| 82/82 [00:00<00:00, 292459.97it/s]
model:  ernie-rcnn
pretrained:  ernie1
task:  MLC-slice
dataset:  book_multilabels_task_slice
seq_length:  256
hidden_dropout_prob:  0.1
attention_probs_dropout_prob:  0.1
epochs_num:  20
batch_size:  32
learning_rate:  2e-05
report_steps:  100
kg_name:  CnDbpedia
no_kg:  True
no_vm:  True
Vocabulary Size:  17964
[BertClassifier] use visible_matrix: False
Some weights of ErnieRCNNForMultiLabelSequenceClassificationSlice were not initialized from the model checkpoint at ./models/ernie1 and are newly initialized: ['lstm.bias_hh_l0', 'lstm.weight_hh_l1', 'lstm.bias_hh_l0_reverse', 'lstm.bias_ih_l1_reverse', 'output_layer_1.bias', 'classifier.weight', 'lstm.bias_ih_l0_reverse', 'lstm.bias_hh_l1', 'lstm.bias_ih_l0', 'lstm.weight_ih_l1', 'lstm.bias_ih_l1', 'classifier.bias', 'lstm.weight_hh_l0_reverse', 'output_layer_1.weight', 'lstm.weight_hh_l1_reverse', 'lstm.weight_ih_l1_reverse', 'lstm.weight_ih_l0_reverse', 'lstm.weight_hh_l0', 'lstm.weight_ih_l0', 'lstm.bias_hh_l1_reverse']
You should probably TRAIN this model on a down-stream task to be able to use it for predictions and inference.
1 GPUs are available. Let's use them.
device:  cuda
Start training.
Loading sentences from ./datasets/book_multilabels_task_slice/train.tsv
There are 9097 sentence in total. We use 1 processes to inject knowledge into sentences.
Progress of process 0: 0/9097
Loading sentences from ./datasets/book_multilabels_task_slice/dev.tsv
There are 2084 sentence in total. We use 1 processes to inject knowledge into sentences.
Progress of process 0: 0/2084
Loading sentences from ./datasets/book_multilabels_task_slice/test.tsv
There are 2067 sentence in total. We use 1 processes to inject knowledge into sentences.
Progress of process 0: 0/2067
Epoch id: 1, Training steps: 100, Avg loss: 0.290, Time: 0:01:35
Epoch id: 1, Training steps: 200, Avg loss: 0.103, Time: 0:03:07
Start evaluation on dev dataset.
/root/miniconda3/envs/lyq/lib/python3.8/site-packages/sklearn/metrics/_classification.py:1469: UndefinedMetricWarning: Precision is ill-defined and being set to 0.0 in samples with no predicted labels. Use `zero_division` parameter to control this behavior.
  _warn_prf(average, modifier, msg_start, len(result))
Acc. (Correct/Total):  0.00%% Prec: 0.0000 F1: 0.0000
Epoch id: 2, Training steps: 100, Avg loss: 0.159, Time: 0:06:19
Epoch id: 2, Training steps: 200, Avg loss: 0.081, Time: 0:07:52
Start evaluation on dev dataset.
/root/miniconda3/envs/lyq/lib/python3.8/site-packages/sklearn/metrics/_classification.py:1469: UndefinedMetricWarning: Precision is ill-defined and being set to 0.0 in samples with no predicted labels. Use `zero_division` parameter to control this behavior.
  _warn_prf(average, modifier, msg_start, len(result))
Acc. (Correct/Total):  0.00%% Prec: 0.0000 F1: 0.0000
Epoch id: 3, Training steps: 100, Avg loss: 0.137, Time: 0:11:04
Epoch id: 3, Training steps: 200, Avg loss: 0.064, Time: 0:12:36
Start evaluation on dev dataset.
/root/miniconda3/envs/lyq/lib/python3.8/site-packages/sklearn/metrics/_classification.py:1469: UndefinedMetricWarning: Precision is ill-defined and being set to 0.0 in samples with no predicted labels. Use `zero_division` parameter to control this behavior.
  _warn_prf(average, modifier, msg_start, len(result))
Acc. (Correct/Total): 12.28%% Prec: 0.1811 F1: 0.1633
Start evaluation on test dataset.
/root/miniconda3/envs/lyq/lib/python3.8/site-packages/sklearn/metrics/_classification.py:1469: UndefinedMetricWarning: Precision is ill-defined and being set to 0.0 in samples with no predicted labels. Use `zero_division` parameter to control this behavior.
  _warn_prf(average, modifier, msg_start, len(result))
Acc. (Correct/Total): 14.22%% Prec: 0.2167 F1: 0.1917
Epoch id: 4, Training steps: 100, Avg loss: 0.102, Time: 0:16:09
Epoch id: 4, Training steps: 200, Avg loss: 0.048, Time: 0:17:41
Start evaluation on dev dataset.
/root/miniconda3/envs/lyq/lib/python3.8/site-packages/sklearn/metrics/_classification.py:1469: UndefinedMetricWarning: Precision is ill-defined and being set to 0.0 in samples with no predicted labels. Use `zero_division` parameter to control this behavior.
  _warn_prf(average, modifier, msg_start, len(result))
Acc. (Correct/Total): 21.35%% Prec: 0.3057 F1: 0.2766
Start evaluation on test dataset.
/root/miniconda3/envs/lyq/lib/python3.8/site-packages/sklearn/metrics/_classification.py:1469: UndefinedMetricWarning: Precision is ill-defined and being set to 0.0 in samples with no predicted labels. Use `zero_division` parameter to control this behavior.
  _warn_prf(average, modifier, msg_start, len(result))
Acc. (Correct/Total): 25.06%% Prec: 0.3447 F1: 0.3138
Epoch id: 5, Training steps: 100, Avg loss: 0.080, Time: 0:21:14
Epoch id: 5, Training steps: 200, Avg loss: 0.037, Time: 0:22:47
Start evaluation on dev dataset.
/root/miniconda3/envs/lyq/lib/python3.8/site-packages/sklearn/metrics/_classification.py:1469: UndefinedMetricWarning: Precision is ill-defined and being set to 0.0 in samples with no predicted labels. Use `zero_division` parameter to control this behavior.
  _warn_prf(average, modifier, msg_start, len(result))
Acc. (Correct/Total): 24.81%% Prec: 0.3512 F1: 0.3196
Start evaluation on test dataset.
/root/miniconda3/envs/lyq/lib/python3.8/site-packages/sklearn/metrics/_classification.py:1469: UndefinedMetricWarning: Precision is ill-defined and being set to 0.0 in samples with no predicted labels. Use `zero_division` parameter to control this behavior.
  _warn_prf(average, modifier, msg_start, len(result))
Acc. (Correct/Total): 31.49%% Prec: 0.4221 F1: 0.3877
Epoch id: 6, Training steps: 100, Avg loss: 0.067, Time: 0:26:20
Epoch id: 6, Training steps: 200, Avg loss: 0.034, Time: 0:27:53
Start evaluation on dev dataset.
/root/miniconda3/envs/lyq/lib/python3.8/site-packages/sklearn/metrics/_classification.py:1469: UndefinedMetricWarning: Precision is ill-defined and being set to 0.0 in samples with no predicted labels. Use `zero_division` parameter to control this behavior.
  _warn_prf(average, modifier, msg_start, len(result))
Acc. (Correct/Total): 27.88%% Prec: 0.3997 F1: 0.3626
Start evaluation on test dataset.
/root/miniconda3/envs/lyq/lib/python3.8/site-packages/sklearn/metrics/_classification.py:1469: UndefinedMetricWarning: Precision is ill-defined and being set to 0.0 in samples with no predicted labels. Use `zero_division` parameter to control this behavior.
  _warn_prf(average, modifier, msg_start, len(result))
Acc. (Correct/Total): 31.83%% Prec: 0.4478 F1: 0.4068
Epoch id: 7, Training steps: 100, Avg loss: 0.057, Time: 0:31:26
Epoch id: 7, Training steps: 200, Avg loss: 0.029, Time: 0:32:59
Start evaluation on dev dataset.
/root/miniconda3/envs/lyq/lib/python3.8/site-packages/sklearn/metrics/_classification.py:1469: UndefinedMetricWarning: Precision is ill-defined and being set to 0.0 in samples with no predicted labels. Use `zero_division` parameter to control this behavior.
  _warn_prf(average, modifier, msg_start, len(result))
Acc. (Correct/Total): 32.39%% Prec: 0.4858 F1: 0.4354
Start evaluation on test dataset.
/root/miniconda3/envs/lyq/lib/python3.8/site-packages/sklearn/metrics/_classification.py:1469: UndefinedMetricWarning: Precision is ill-defined and being set to 0.0 in samples with no predicted labels. Use `zero_division` parameter to control this behavior.
  _warn_prf(average, modifier, msg_start, len(result))
Acc. (Correct/Total): 39.57%% Prec: 0.5460 F1: 0.4979
Epoch id: 8, Training steps: 100, Avg loss: 0.051, Time: 0:36:32
Epoch id: 8, Training steps: 200, Avg loss: 0.025, Time: 0:38:05
Start evaluation on dev dataset.
/root/miniconda3/envs/lyq/lib/python3.8/site-packages/sklearn/metrics/_classification.py:1469: UndefinedMetricWarning: Precision is ill-defined and being set to 0.0 in samples with no predicted labels. Use `zero_division` parameter to control this behavior.
  _warn_prf(average, modifier, msg_start, len(result))
Acc. (Correct/Total): 35.27%% Prec: 0.5202 F1: 0.4675
Start evaluation on test dataset.
/root/miniconda3/envs/lyq/lib/python3.8/site-packages/sklearn/metrics/_classification.py:1469: UndefinedMetricWarning: Precision is ill-defined and being set to 0.0 in samples with no predicted labels. Use `zero_division` parameter to control this behavior.
  _warn_prf(average, modifier, msg_start, len(result))
Acc. (Correct/Total): 39.82%% Prec: 0.5560 F1: 0.5069
Epoch id: 9, Training steps: 100, Avg loss: 0.043, Time: 0:41:39
Epoch id: 9, Training steps: 200, Avg loss: 0.022, Time: 0:43:11
Start evaluation on dev dataset.
/root/miniconda3/envs/lyq/lib/python3.8/site-packages/sklearn/metrics/_classification.py:1469: UndefinedMetricWarning: Precision is ill-defined and being set to 0.0 in samples with no predicted labels. Use `zero_division` parameter to control this behavior.
  _warn_prf(average, modifier, msg_start, len(result))
Acc. (Correct/Total): 35.46%% Prec: 0.5314 F1: 0.4761
Start evaluation on test dataset.
/root/miniconda3/envs/lyq/lib/python3.8/site-packages/sklearn/metrics/_classification.py:1469: UndefinedMetricWarning: Precision is ill-defined and being set to 0.0 in samples with no predicted labels. Use `zero_division` parameter to control this behavior.
  _warn_prf(average, modifier, msg_start, len(result))
Acc. (Correct/Total): 42.33%% Prec: 0.5992 F1: 0.5429
Epoch id: 10, Training steps: 100, Avg loss: 0.040, Time: 0:46:44
Epoch id: 10, Training steps: 200, Avg loss: 0.020, Time: 0:48:17
Start evaluation on dev dataset.
/root/miniconda3/envs/lyq/lib/python3.8/site-packages/sklearn/metrics/_classification.py:1469: UndefinedMetricWarning: Precision is ill-defined and being set to 0.0 in samples with no predicted labels. Use `zero_division` parameter to control this behavior.
  _warn_prf(average, modifier, msg_start, len(result))
Acc. (Correct/Total): 38.20%% Prec: 0.5775 F1: 0.5166
Start evaluation on test dataset.
/root/miniconda3/envs/lyq/lib/python3.8/site-packages/sklearn/metrics/_classification.py:1469: UndefinedMetricWarning: Precision is ill-defined and being set to 0.0 in samples with no predicted labels. Use `zero_division` parameter to control this behavior.
  _warn_prf(average, modifier, msg_start, len(result))
Acc. (Correct/Total): 44.56%% Prec: 0.6318 F1: 0.5721
Epoch id: 11, Training steps: 100, Avg loss: 0.035, Time: 0:51:51
Epoch id: 11, Training steps: 200, Avg loss: 0.018, Time: 0:53:24
Start evaluation on dev dataset.
/root/miniconda3/envs/lyq/lib/python3.8/site-packages/sklearn/metrics/_classification.py:1469: UndefinedMetricWarning: Precision is ill-defined and being set to 0.0 in samples with no predicted labels. Use `zero_division` parameter to control this behavior.
  _warn_prf(average, modifier, msg_start, len(result))
Acc. (Correct/Total): 38.68%% Prec: 0.5869 F1: 0.5260
Start evaluation on test dataset.
/root/miniconda3/envs/lyq/lib/python3.8/site-packages/sklearn/metrics/_classification.py:1469: UndefinedMetricWarning: Precision is ill-defined and being set to 0.0 in samples with no predicted labels. Use `zero_division` parameter to control this behavior.
  _warn_prf(average, modifier, msg_start, len(result))
Acc. (Correct/Total): 45.57%% Prec: 0.6457 F1: 0.5867
Epoch id: 12, Training steps: 100, Avg loss: 0.031, Time: 0:56:58
Epoch id: 12, Training steps: 200, Avg loss: 0.016, Time: 0:58:31
Start evaluation on dev dataset.
/root/miniconda3/envs/lyq/lib/python3.8/site-packages/sklearn/metrics/_classification.py:1469: UndefinedMetricWarning: Precision is ill-defined and being set to 0.0 in samples with no predicted labels. Use `zero_division` parameter to control this behavior.
  _warn_prf(average, modifier, msg_start, len(result))
Acc. (Correct/Total): 40.60%% Prec: 0.6080 F1: 0.5469
Start evaluation on test dataset.
/root/miniconda3/envs/lyq/lib/python3.8/site-packages/sklearn/metrics/_classification.py:1469: UndefinedMetricWarning: Precision is ill-defined and being set to 0.0 in samples with no predicted labels. Use `zero_division` parameter to control this behavior.
  _warn_prf(average, modifier, msg_start, len(result))
Acc. (Correct/Total): 46.93%% Prec: 0.6613 F1: 0.6019
Epoch id: 13, Training steps: 100, Avg loss: 0.028, Time: 1:02:05
Epoch id: 13, Training steps: 200, Avg loss: 0.015, Time: 1:03:39
Start evaluation on dev dataset.
/root/miniconda3/envs/lyq/lib/python3.8/site-packages/sklearn/metrics/_classification.py:1469: UndefinedMetricWarning: Precision is ill-defined and being set to 0.0 in samples with no predicted labels. Use `zero_division` parameter to control this behavior.
  _warn_prf(average, modifier, msg_start, len(result))
Acc. (Correct/Total): 41.89%% Prec: 0.6274 F1: 0.5645
Start evaluation on test dataset.
/root/miniconda3/envs/lyq/lib/python3.8/site-packages/sklearn/metrics/_classification.py:1469: UndefinedMetricWarning: Precision is ill-defined and being set to 0.0 in samples with no predicted labels. Use `zero_division` parameter to control this behavior.
  _warn_prf(average, modifier, msg_start, len(result))
Acc. (Correct/Total): 49.10%% Prec: 0.6887 F1: 0.6283
Epoch id: 14, Training steps: 100, Avg loss: 0.026, Time: 1:07:12
Epoch id: 14, Training steps: 200, Avg loss: 0.014, Time: 1:08:46
Start evaluation on dev dataset.
/root/miniconda3/envs/lyq/lib/python3.8/site-packages/sklearn/metrics/_classification.py:1469: UndefinedMetricWarning: Precision is ill-defined and being set to 0.0 in samples with no predicted labels. Use `zero_division` parameter to control this behavior.
  _warn_prf(average, modifier, msg_start, len(result))
Acc. (Correct/Total): 45.49%% Prec: 0.6639 F1: 0.6004
Start evaluation on test dataset.
/root/miniconda3/envs/lyq/lib/python3.8/site-packages/sklearn/metrics/_classification.py:1469: UndefinedMetricWarning: Precision is ill-defined and being set to 0.0 in samples with no predicted labels. Use `zero_division` parameter to control this behavior.
  _warn_prf(average, modifier, msg_start, len(result))
Acc. (Correct/Total): 51.04%% Prec: 0.7129 F1: 0.6513
Epoch id: 15, Training steps: 100, Avg loss: 0.022, Time: 1:12:19
Epoch id: 15, Training steps: 200, Avg loss: 0.012, Time: 1:13:52
Start evaluation on dev dataset.
/root/miniconda3/envs/lyq/lib/python3.8/site-packages/sklearn/metrics/_classification.py:1469: UndefinedMetricWarning: Precision is ill-defined and being set to 0.0 in samples with no predicted labels. Use `zero_division` parameter to control this behavior.
  _warn_prf(average, modifier, msg_start, len(result))
Acc. (Correct/Total): 47.31%% Prec: 0.6825 F1: 0.6225
Start evaluation on test dataset.
/root/miniconda3/envs/lyq/lib/python3.8/site-packages/sklearn/metrics/_classification.py:1469: UndefinedMetricWarning: Precision is ill-defined and being set to 0.0 in samples with no predicted labels. Use `zero_division` parameter to control this behavior.
  _warn_prf(average, modifier, msg_start, len(result))
Acc. (Correct/Total): 52.06%% Prec: 0.7229 F1: 0.6621
Epoch id: 16, Training steps: 100, Avg loss: 0.021, Time: 1:17:25
Epoch id: 16, Training steps: 200, Avg loss: 0.011, Time: 1:18:58
Start evaluation on dev dataset.
/root/miniconda3/envs/lyq/lib/python3.8/site-packages/sklearn/metrics/_classification.py:1469: UndefinedMetricWarning: Precision is ill-defined and being set to 0.0 in samples with no predicted labels. Use `zero_division` parameter to control this behavior.
  _warn_prf(average, modifier, msg_start, len(result))
Acc. (Correct/Total): 45.54%% Prec: 0.6684 F1: 0.6065
Epoch id: 17, Training steps: 100, Avg loss: 0.018, Time: 1:22:10
Epoch id: 17, Training steps: 200, Avg loss: 0.010, Time: 1:23:43
Start evaluation on dev dataset.
/root/miniconda3/envs/lyq/lib/python3.8/site-packages/sklearn/metrics/_classification.py:1469: UndefinedMetricWarning: Precision is ill-defined and being set to 0.0 in samples with no predicted labels. Use `zero_division` parameter to control this behavior.
  _warn_prf(average, modifier, msg_start, len(result))
Acc. (Correct/Total): 46.02%% Prec: 0.6818 F1: 0.6179
Epoch id: 18, Training steps: 100, Avg loss: 0.017, Time: 1:26:56
Epoch id: 18, Training steps: 200, Avg loss: 0.009, Time: 1:28:29
Start evaluation on dev dataset.
/root/miniconda3/envs/lyq/lib/python3.8/site-packages/sklearn/metrics/_classification.py:1469: UndefinedMetricWarning: Precision is ill-defined and being set to 0.0 in samples with no predicted labels. Use `zero_division` parameter to control this behavior.
  _warn_prf(average, modifier, msg_start, len(result))
Acc. (Correct/Total): 48.56%% Prec: 0.7054 F1: 0.6449
Start evaluation on test dataset.
/root/miniconda3/envs/lyq/lib/python3.8/site-packages/sklearn/metrics/_classification.py:1469: UndefinedMetricWarning: Precision is ill-defined and being set to 0.0 in samples with no predicted labels. Use `zero_division` parameter to control this behavior.
  _warn_prf(average, modifier, msg_start, len(result))
Acc. (Correct/Total): 56.27%% Prec: 0.7637 F1: 0.7052
Epoch id: 19, Training steps: 100, Avg loss: 0.015, Time: 1:32:04
Epoch id: 19, Training steps: 200, Avg loss: 0.008, Time: 1:33:37
Start evaluation on dev dataset.
/root/miniconda3/envs/lyq/lib/python3.8/site-packages/sklearn/metrics/_classification.py:1469: UndefinedMetricWarning: Precision is ill-defined and being set to 0.0 in samples with no predicted labels. Use `zero_division` parameter to control this behavior.
  _warn_prf(average, modifier, msg_start, len(result))
Acc. (Correct/Total): 48.51%% Prec: 0.6975 F1: 0.6370
Epoch id: 20, Training steps: 100, Avg loss: 0.014, Time: 1:36:50
Epoch id: 20, Training steps: 200, Avg loss: 0.007, Time: 1:38:23
Start evaluation on dev dataset.
/root/miniconda3/envs/lyq/lib/python3.8/site-packages/sklearn/metrics/_classification.py:1469: UndefinedMetricWarning: Precision is ill-defined and being set to 0.0 in samples with no predicted labels. Use `zero_division` parameter to control this behavior.
  _warn_prf(average, modifier, msg_start, len(result))
Acc. (Correct/Total): 51.01%% Prec: 0.7301 F1: 0.6753
Start evaluation on test dataset.
/root/miniconda3/envs/lyq/lib/python3.8/site-packages/sklearn/metrics/_classification.py:1469: UndefinedMetricWarning: Precision is ill-defined and being set to 0.0 in samples with no predicted labels. Use `zero_division` parameter to control this behavior.
  _warn_prf(average, modifier, msg_start, len(result))
Acc. (Correct/Total): 56.99%% Prec: 0.7704 F1: 0.7159
Final evaluation on the test dataset.
The number of evaluation instances:  2067
/root/miniconda3/envs/lyq/lib/python3.8/site-packages/sklearn/metrics/_classification.py:1469: UndefinedMetricWarning: Precision is ill-defined and being set to 0.0 in samples with no predicted labels. Use `zero_division` parameter to control this behavior.
  _warn_prf(average, modifier, msg_start, len(result))
/root/miniconda3/envs/lyq/lib/python3.8/site-packages/sklearn/metrics/_classification.py:1469: UndefinedMetricWarning: Precision and F-score are ill-defined and being set to 0.0 in labels with no predicted samples. Use `zero_division` parameter to control this behavior.
  _warn_prf(average, modifier, msg_start, len(result))
/root/miniconda3/envs/lyq/lib/python3.8/site-packages/sklearn/metrics/_classification.py:1469: UndefinedMetricWarning: Precision and F-score are ill-defined and being set to 0.0 in samples with no predicted labels. Use `zero_division` parameter to control this behavior.
  _warn_prf(average, modifier, msg_start, len(result))
Acc. (Correct/Total): 56.99% Prec: 0.7704 F1: 0.7159
Precision, Recall and F1-Score...
              precision    recall  f1-score   support

         教育学     0.8401    0.9378    0.8863       241
          法学     0.9278    0.7455    0.8267       224
      中国语言文学     0.8727    0.7784    0.8229       185
         政治学     0.8558    0.5460    0.6667       163
         社会学     0.8712    0.7325    0.7958       157
         心理学     0.9306    0.5447    0.6872       123
       应用经济学     0.7907    0.5812    0.6700       117
         历史学     0.9200    0.4220    0.5786       109
     环境科学与工程     0.8710    0.7500    0.8060       108
          哲学     0.8833    0.5464    0.6752        97
      外国语言文学     0.7857    0.5176    0.6241        85
         生物学     0.8714    0.7722    0.8188        79
      交通运输工程     0.9136    0.9487    0.9308        78
        临床医学     0.9259    0.6579    0.7692        76
    计算机科学与技术     0.7089    0.7887    0.7467        71
        土木工程     0.9130    0.9545    0.9333        66
   航空宇航科学与技术     0.9298    0.8689    0.8983        61
         民族学     0.7500    0.4364    0.5517        55
   公共卫生与预防医学     0.7250    0.5686    0.6374        51
         美术学     0.8519    0.9200    0.8846        50
         艺术学     0.9091    0.6977    0.7895        43
         地理学     0.8929    0.5952    0.7143        42
         体育学     1.0000    0.4500    0.6207        40
       理论经济学     0.9259    0.6579    0.7692        38
         中医学     0.8571    0.8108    0.8333        37
         物理学     0.8750    0.7778    0.8235        36
          林学     0.7826    0.5455    0.6429        33
          数学     0.8750    0.4375    0.5833        32
     电子科学与技术     0.6250    0.3226    0.4255        31
        基础医学     0.7333    0.3793    0.5000        29
        工商管理     0.9167    0.4074    0.5641        27
       新闻传播学     0.9333    0.6364    0.7568        22
         天文学     0.7826    0.8182    0.8000        22
         地质学     0.9333    0.6667    0.7778        21
         畜牧学     0.8095    0.8095    0.8095        21
   军事思想及军事历史     0.7619    0.8000    0.7805        20
     管理科学与工程     0.6842    0.7222    0.7027        18
     测绘科学与技术     0.8000    0.4706    0.5926        17
        水利工程     0.9000    0.5625    0.6923        16
        大气科学     0.9000    0.5625    0.6923        16
     兵器科学与技术     0.8000    0.8000    0.8000        15
       地球物理学     0.6250    0.3571    0.4545        14
        电气工程     1.0000    0.5385    0.7000        13
         作物学     0.8333    0.3846    0.5263        13
     控制科学与工程     0.4286    0.2308    0.3000        13
     信息与通信工程     0.5455    0.4615    0.5000        13
        公共管理     0.0000    0.0000    0.0000        13
         建筑学     1.0000    0.3846    0.5556        13
     化学工程与技术     1.0000    0.6667    0.8000        12
          力学     1.0000    0.7273    0.8421        11
        海洋科学     1.0000    0.7273    0.8421        11
     轻工技术与工程     1.0000    0.1818    0.3077        11
        农业工程     1.0000    0.1000    0.1818        10
         园艺学     0.8889    0.8000    0.8421        10
       中西医结合     1.0000    0.5000    0.6667        10
        机械工程     1.0000    0.4444    0.6154         9
       科学技术史     1.0000    0.5000    0.6667         8
     船舶与海洋工程     1.0000    0.7500    0.8571         8
   图书情报与档案管理     1.0000    0.5000    0.6667         8
        植物保护     0.8889    1.0000    0.9412         8
     材料科学与工程     1.0000    0.6250    0.7692         8
         统计学     0.7500    0.3750    0.5000         8
          化学     1.0000    0.6250    0.7692         8
     食品科学与工程     1.0000    0.1250    0.2222         8
          水产     1.0000    0.7143    0.8333         7
          药学     1.0000    0.8571    0.9231         7
     农业资源与环境     1.0000    0.1429    0.2500         7
         世界史     0.6000    0.4286    0.5000         7
        系统科学     1.0000    0.5714    0.7273         7
      农林经济管理     1.0000    0.6000    0.7500         5
       军队指挥学     1.0000    0.4000    0.5714         5
        矿业工程     1.0000    0.4000    0.5714         5
     纺织科学与工程     0.6667    0.8000    0.7273         5
  动力工程及工程热物理     0.0000    0.0000    0.0000         4
        林业工程     0.0000    0.0000    0.0000         4
     仪器科学与技术     0.0000    0.0000    0.0000         3
         战略学     0.0000    0.0000    0.0000         3
   地质资源与地质工程     0.0000    0.0000    0.0000         3
        旅游管理     0.0000    0.0000    0.0000         3
 图书馆、情报与档案管理     0.0000    0.0000    0.0000         2
        冶金工程     0.0000    0.0000    0.0000         2
      核科学与技术     0.0000    0.0000    0.0000         2

   micro avg     0.8597    0.6618    0.7479      3093
   macro avg     0.7691    0.5228    0.6007      3093
weighted avg     0.8547    0.6618    0.7315      3093
 samples avg     0.7704    0.6930    0.7159      3093

