nohup: 忽略输入
  0%|          | 0/82 [00:00<?, ?it/s]100%|██████████| 82/82 [00:00<00:00, 1211031.44it/s]
model:  bert
pretrained:  bert
task:  MLC-slice
dataset:  book_multilabels_task_slice
seq_length:  256
hidden_dropout_prob:  0.1
attention_probs_dropout_prob:  0.1
epochs_num:  32
batch_size:  8
learning_rate:  2e-05
report_steps:  100
kg_name:  CnDbpedia
no_kg:  True
no_vm:  True
GPU:  NVIDIA GeForce RTX 2080 Ti
Vocabulary file line 344 has bad format token
Vocabulary Size:  21128
[BertClassifier] use visible_matrix: False
Some weights of BertForMultiLabelSequenceClassificationSlice were not initialized from the model checkpoint at ./models/bert and are newly initialized: ['output_layer_2.bias', 'output_layer_1.bias', 'output_layer_2.weight', 'output_layer_1.weight']
You should probably TRAIN this model on a down-stream task to be able to use it for predictions and inference.
1 GPUs are available. Let's use them.
device:  cuda
Start training.
Loading sentences from ./datasets/book_multilabels_task_slice/train.tsv
There are 9097 sentence in total. We use 1 processes to inject knowledge into sentences.
Progress of process 0: 0/9097
Loading sentences from ./datasets/book_multilabels_task_slice/dev.tsv
There are 2084 sentence in total. We use 1 processes to inject knowledge into sentences.
Progress of process 0: 0/2084
Loading sentences from ./datasets/book_multilabels_task_slice/test.tsv
There are 2067 sentence in total. We use 1 processes to inject knowledge into sentences.
Progress of process 0: 0/2067
Epoch id: 1, Training steps: 100, Train Acc:  0.00%, Train Loss: 0.165596, Train Avg Loss: 0.319756, Time: 0:00:38
Epoch id: 1, Training steps: 200, Train Acc:  0.00%, Train Loss: 0.096968, Train Avg Loss: 0.126931, Time: 0:01:17
Epoch id: 1, Training steps: 300, Train Acc:  0.00%, Train Loss: 0.088092, Train Avg Loss: 0.098609, Time: 0:01:56
Epoch id: 1, Training steps: 400, Train Acc:  0.00%, Train Loss: 0.084474, Train Avg Loss: 0.089881, Time: 0:02:36
Epoch id: 1, Training steps: 500, Train Acc:  0.00%, Train Loss: 0.085579, Train Avg Loss: 0.086205, Time: 0:03:15
Epoch id: 1, Training steps: 600, Train Acc:  0.00%, Train Loss: 0.084626, Train Avg Loss: 0.085097, Time: 0:03:55
Epoch id: 1, Training steps: 700, Train Acc:  0.00%, Train Loss: 0.081119, Train Avg Loss: 0.085710, Time: 0:04:35
Epoch id: 1, Training steps: 800, Train Acc:  0.00%, Train Loss: 0.078896, Train Avg Loss: 0.083122, Time: 0:05:14
Epoch id: 1, Training steps: 900, Train Acc:  0.00%, Train Loss: 0.086201, Train Avg Loss: 0.084013, Time: 0:05:54
Epoch id: 1, Training steps: 1000, Train Acc:  0.00%, Train Loss: 0.074118, Train Avg Loss: 0.082029, Time: 0:06:34
Epoch id: 1, Training steps: 1100, Train Acc:  0.00%, Train Loss: 0.067421, Train Avg Loss: 0.080128, Time: 0:07:13
Start evaluation on dev dataset.
Acc. (Correct/Total):  0.00% micro-Prec: 0.0000 micro-Recall:0.0000 micro-F1: 0.0000 dev loss: 0.073092
Epoch id: 2, Training steps: 100, Train Acc:  0.00%, Train Loss: 0.076582, Train Avg Loss: 0.104518, Time: 0:08:42
Epoch id: 2, Training steps: 200, Train Acc:  0.00%, Train Loss: 0.081752, Train Avg Loss: 0.068558, Time: 0:09:21
Epoch id: 2, Training steps: 300, Train Acc:  0.00%, Train Loss: 0.057257, Train Avg Loss: 0.064834, Time: 0:10:01
Epoch id: 2, Training steps: 400, Train Acc:  0.00%, Train Loss: 0.068877, Train Avg Loss: 0.062136, Time: 0:10:41
Epoch id: 2, Training steps: 500, Train Acc:  0.00%, Train Loss: 0.077361, Train Avg Loss: 0.060760, Time: 0:11:20
Epoch id: 2, Training steps: 600, Train Acc:  0.00%, Train Loss: 0.047023, Train Avg Loss: 0.056531, Time: 0:12:00
Epoch id: 2, Training steps: 700, Train Acc:  0.00%, Train Loss: 0.047728, Train Avg Loss: 0.052411, Time: 0:12:40
Epoch id: 2, Training steps: 800, Train Acc:  0.00%, Train Loss: 0.040916, Train Avg Loss: 0.053767, Time: 0:13:19
Epoch id: 2, Training steps: 900, Train Acc:  0.00%, Train Loss: 0.054501, Train Avg Loss: 0.051938, Time: 0:13:59
Epoch id: 2, Training steps: 1000, Train Acc:  0.00%, Train Loss: 0.058271, Train Avg Loss: 0.049531, Time: 0:14:39
Epoch id: 2, Training steps: 1100, Train Acc:  0.00%, Train Loss: 0.041381, Train Avg Loss: 0.045792, Time: 0:15:18
Start evaluation on dev dataset.
Acc. (Correct/Total):  3.26% micro-Prec: 0.9042 micro-Recall:0.0764 micro-F1: 0.1409 dev loss: 0.046456
Start evaluation on test dataset.
Acc. (Correct/Total):  5.13% micro-Prec: 0.9524 micro-Recall:0.1099 micro-F1: 0.1971 dev loss: 0.045420
Epoch id: 3, Training steps: 100, Train Acc:  0.00%, Train Loss: 0.051556, Train Avg Loss: 0.060295, Time: 0:17:20
Epoch id: 3, Training steps: 200, Train Acc:  0.00%, Train Loss: 0.031746, Train Avg Loss: 0.041349, Time: 0:18:00
Epoch id: 3, Training steps: 300, Train Acc: 12.50%, Train Loss: 0.037077, Train Avg Loss: 0.041521, Time: 0:18:40
Epoch id: 3, Training steps: 400, Train Acc: 25.00%, Train Loss: 0.040759, Train Avg Loss: 0.041183, Time: 0:19:19
Epoch id: 3, Training steps: 500, Train Acc: 25.00%, Train Loss: 0.035133, Train Avg Loss: 0.039426, Time: 0:19:59
Epoch id: 3, Training steps: 600, Train Acc: 12.50%, Train Loss: 0.043879, Train Avg Loss: 0.038302, Time: 0:20:39
Epoch id: 3, Training steps: 700, Train Acc: 25.00%, Train Loss: 0.029978, Train Avg Loss: 0.036541, Time: 0:21:18
Epoch id: 3, Training steps: 800, Train Acc: 25.00%, Train Loss: 0.039948, Train Avg Loss: 0.036781, Time: 0:21:58
Epoch id: 3, Training steps: 900, Train Acc: 25.00%, Train Loss: 0.026103, Train Avg Loss: 0.035478, Time: 0:22:37
Epoch id: 3, Training steps: 1000, Train Acc: 25.00%, Train Loss: 0.050739, Train Avg Loss: 0.035083, Time: 0:23:17
Epoch id: 3, Training steps: 1100, Train Acc: 25.00%, Train Loss: 0.027384, Train Avg Loss: 0.034035, Time: 0:23:57
Start evaluation on dev dataset.
Acc. (Correct/Total): 23.03% micro-Prec: 0.8923 micro-Recall:0.2949 micro-F1: 0.4433 dev loss: 0.037694
Start evaluation on test dataset.
Acc. (Correct/Total): 26.12% micro-Prec: 0.9096 micro-Recall:0.3285 micro-F1: 0.4827 dev loss: 0.036864
Epoch id: 4, Training steps: 100, Train Acc:  0.00%, Train Loss: 0.041083, Train Avg Loss: 0.043807, Time: 0:25:59
Epoch id: 4, Training steps: 200, Train Acc: 37.50%, Train Loss: 0.025709, Train Avg Loss: 0.030665, Time: 0:26:39
Epoch id: 4, Training steps: 300, Train Acc: 37.50%, Train Loss: 0.028765, Train Avg Loss: 0.027943, Time: 0:27:18
Epoch id: 4, Training steps: 400, Train Acc: 50.00%, Train Loss: 0.032742, Train Avg Loss: 0.027754, Time: 0:27:58
Epoch id: 4, Training steps: 500, Train Acc: 87.50%, Train Loss: 0.011410, Train Avg Loss: 0.029159, Time: 0:28:37
Epoch id: 4, Training steps: 600, Train Acc: 50.00%, Train Loss: 0.012731, Train Avg Loss: 0.027806, Time: 0:29:17
Epoch id: 4, Training steps: 700, Train Acc: 25.00%, Train Loss: 0.014007, Train Avg Loss: 0.027264, Time: 0:29:57
Epoch id: 4, Training steps: 800, Train Acc: 37.50%, Train Loss: 0.019059, Train Avg Loss: 0.028340, Time: 0:30:36
Epoch id: 4, Training steps: 900, Train Acc: 37.50%, Train Loss: 0.016660, Train Avg Loss: 0.026554, Time: 0:31:16
Epoch id: 4, Training steps: 1000, Train Acc: 25.00%, Train Loss: 0.025782, Train Avg Loss: 0.027455, Time: 0:31:56
Epoch id: 4, Training steps: 1100, Train Acc: 50.00%, Train Loss: 0.019506, Train Avg Loss: 0.026088, Time: 0:32:35
Start evaluation on dev dataset.
Acc. (Correct/Total): 30.81% micro-Prec: 0.8881 micro-Recall:0.3852 micro-F1: 0.5374 dev loss: 0.033835
Start evaluation on test dataset.
Acc. (Correct/Total): 35.61% micro-Prec: 0.9113 micro-Recall:0.4216 micro-F1: 0.5765 dev loss: 0.031557
Epoch id: 5, Training steps: 100, Train Acc: 37.50%, Train Loss: 0.013446, Train Avg Loss: 0.031159, Time: 0:34:38
Epoch id: 5, Training steps: 200, Train Acc: 25.00%, Train Loss: 0.029247, Train Avg Loss: 0.021219, Time: 0:35:17
Epoch id: 5, Training steps: 300, Train Acc: 25.00%, Train Loss: 0.018625, Train Avg Loss: 0.020770, Time: 0:35:57
Epoch id: 5, Training steps: 400, Train Acc: 50.00%, Train Loss: 0.018557, Train Avg Loss: 0.021258, Time: 0:36:37
Epoch id: 5, Training steps: 500, Train Acc: 37.50%, Train Loss: 0.018567, Train Avg Loss: 0.022446, Time: 0:37:16
Epoch id: 5, Training steps: 600, Train Acc: 12.50%, Train Loss: 0.024925, Train Avg Loss: 0.020545, Time: 0:37:56
Epoch id: 5, Training steps: 700, Train Acc: 50.00%, Train Loss: 0.020231, Train Avg Loss: 0.021714, Time: 0:38:36
Epoch id: 5, Training steps: 800, Train Acc: 50.00%, Train Loss: 0.035324, Train Avg Loss: 0.020483, Time: 0:39:15
Epoch id: 5, Training steps: 900, Train Acc: 50.00%, Train Loss: 0.011160, Train Avg Loss: 0.020347, Time: 0:39:55
Epoch id: 5, Training steps: 1000, Train Acc: 50.00%, Train Loss: 0.024497, Train Avg Loss: 0.019404, Time: 0:40:35
Epoch id: 5, Training steps: 1100, Train Acc:  0.00%, Train Loss: 0.031918, Train Avg Loss: 0.021780, Time: 0:41:14
Start evaluation on dev dataset.
Acc. (Correct/Total): 39.01% micro-Prec: 0.8564 micro-Recall:0.4730 micro-F1: 0.6094 dev loss: 0.031808
Start evaluation on test dataset.
Acc. (Correct/Total): 43.25% micro-Prec: 0.8854 micro-Recall:0.5121 micro-F1: 0.6489 dev loss: 0.029691
Epoch id: 6, Training steps: 100, Train Acc: 62.50%, Train Loss: 0.011388, Train Avg Loss: 0.026088, Time: 0:43:16
Epoch id: 6, Training steps: 200, Train Acc: 75.00%, Train Loss: 0.005309, Train Avg Loss: 0.017631, Time: 0:43:56
Epoch id: 6, Training steps: 300, Train Acc: 37.50%, Train Loss: 0.022184, Train Avg Loss: 0.016804, Time: 0:44:36
Epoch id: 6, Training steps: 400, Train Acc: 37.50%, Train Loss: 0.015907, Train Avg Loss: 0.016514, Time: 0:45:15
Epoch id: 6, Training steps: 500, Train Acc: 62.50%, Train Loss: 0.018975, Train Avg Loss: 0.016860, Time: 0:45:55
Epoch id: 6, Training steps: 600, Train Acc: 62.50%, Train Loss: 0.011979, Train Avg Loss: 0.016150, Time: 0:46:35
Epoch id: 6, Training steps: 700, Train Acc: 87.50%, Train Loss: 0.005941, Train Avg Loss: 0.016467, Time: 0:47:14
Epoch id: 6, Training steps: 800, Train Acc: 75.00%, Train Loss: 0.014995, Train Avg Loss: 0.015383, Time: 0:47:54
Epoch id: 6, Training steps: 900, Train Acc: 50.00%, Train Loss: 0.029994, Train Avg Loss: 0.016581, Time: 0:48:34
Epoch id: 6, Training steps: 1000, Train Acc: 50.00%, Train Loss: 0.023134, Train Avg Loss: 0.015279, Time: 0:49:13
Epoch id: 6, Training steps: 1100, Train Acc: 62.50%, Train Loss: 0.017987, Train Avg Loss: 0.016081, Time: 0:49:53
Start evaluation on dev dataset.
Acc. (Correct/Total): 37.67% micro-Prec: 0.8590 micro-Recall:0.4597 micro-F1: 0.5989 dev loss: 0.031578
Epoch id: 7, Training steps: 100, Train Acc:  0.00%, Train Loss: 0.027074, Train Avg Loss: 0.020617, Time: 0:51:21
Epoch id: 7, Training steps: 200, Train Acc: 87.50%, Train Loss: 0.007132, Train Avg Loss: 0.013028, Time: 0:52:01
Epoch id: 7, Training steps: 300, Train Acc: 62.50%, Train Loss: 0.008456, Train Avg Loss: 0.013796, Time: 0:52:41
Epoch id: 7, Training steps: 400, Train Acc: 75.00%, Train Loss: 0.004389, Train Avg Loss: 0.013089, Time: 0:53:20
Epoch id: 7, Training steps: 500, Train Acc: 62.50%, Train Loss: 0.017043, Train Avg Loss: 0.012366, Time: 0:54:00
Epoch id: 7, Training steps: 600, Train Acc: 75.00%, Train Loss: 0.008105, Train Avg Loss: 0.012858, Time: 0:54:40
Epoch id: 7, Training steps: 700, Train Acc: 75.00%, Train Loss: 0.011150, Train Avg Loss: 0.012954, Time: 0:55:19
Epoch id: 7, Training steps: 800, Train Acc: 75.00%, Train Loss: 0.006814, Train Avg Loss: 0.013178, Time: 0:55:59
Epoch id: 7, Training steps: 900, Train Acc: 87.50%, Train Loss: 0.009809, Train Avg Loss: 0.013307, Time: 0:56:39
Epoch id: 7, Training steps: 1000, Train Acc: 62.50%, Train Loss: 0.007672, Train Avg Loss: 0.013757, Time: 0:57:18
Epoch id: 7, Training steps: 1100, Train Acc: 62.50%, Train Loss: 0.021960, Train Avg Loss: 0.012178, Time: 0:57:58
Start evaluation on dev dataset.
Acc. (Correct/Total): 44.15% micro-Prec: 0.8577 micro-Recall:0.5228 micro-F1: 0.6496 dev loss: 0.030800
Start evaluation on test dataset.
Acc. (Correct/Total): 46.88% micro-Prec: 0.8756 micro-Recall:0.5574 micro-F1: 0.6812 dev loss: 0.028148
Epoch id: 8, Training steps: 100, Train Acc: 75.00%, Train Loss: 0.006451, Train Avg Loss: 0.016386, Time: 1:00:00
Epoch id: 8, Training steps: 200, Train Acc: 62.50%, Train Loss: 0.013014, Train Avg Loss: 0.010284, Time: 1:00:40
Epoch id: 8, Training steps: 300, Train Acc: 75.00%, Train Loss: 0.007137, Train Avg Loss: 0.010496, Time: 1:01:20
Epoch id: 8, Training steps: 400, Train Acc: 87.50%, Train Loss: 0.005326, Train Avg Loss: 0.010443, Time: 1:01:59
Epoch id: 8, Training steps: 500, Train Acc: 87.50%, Train Loss: 0.004877, Train Avg Loss: 0.010349, Time: 1:02:39
Epoch id: 8, Training steps: 600, Train Acc: 87.50%, Train Loss: 0.009814, Train Avg Loss: 0.009540, Time: 1:03:19
Epoch id: 8, Training steps: 700, Train Acc: 87.50%, Train Loss: 0.002943, Train Avg Loss: 0.011284, Time: 1:03:58
Epoch id: 8, Training steps: 800, Train Acc: 62.50%, Train Loss: 0.013829, Train Avg Loss: 0.009950, Time: 1:04:38
Epoch id: 8, Training steps: 900, Train Acc: 50.00%, Train Loss: 0.017872, Train Avg Loss: 0.011055, Time: 1:05:18
Epoch id: 8, Training steps: 1000, Train Acc: 50.00%, Train Loss: 0.023926, Train Avg Loss: 0.010596, Time: 1:05:57
Epoch id: 8, Training steps: 1100, Train Acc: 62.50%, Train Loss: 0.008247, Train Avg Loss: 0.009733, Time: 1:06:37
Start evaluation on dev dataset.
Acc. (Correct/Total): 46.79% micro-Prec: 0.8278 micro-Recall:0.5604 micro-F1: 0.6683 dev loss: 0.031294
Start evaluation on test dataset.
Acc. (Correct/Total): 50.27% micro-Prec: 0.8637 micro-Recall:0.5900 micro-F1: 0.7011 dev loss: 0.029031
Epoch id: 9, Training steps: 100, Train Acc: 50.00%, Train Loss: 0.012199, Train Avg Loss: 0.012612, Time: 1:08:39
Epoch id: 9, Training steps: 200, Train Acc: 75.00%, Train Loss: 0.005502, Train Avg Loss: 0.007720, Time: 1:09:19
Epoch id: 9, Training steps: 300, Train Acc: 87.50%, Train Loss: 0.007197, Train Avg Loss: 0.009126, Time: 1:09:59
Epoch id: 9, Training steps: 400, Train Acc: 50.00%, Train Loss: 0.007955, Train Avg Loss: 0.008458, Time: 1:10:38
Epoch id: 9, Training steps: 500, Train Acc: 75.00%, Train Loss: 0.007074, Train Avg Loss: 0.008703, Time: 1:11:18
Epoch id: 9, Training steps: 600, Train Acc: 87.50%, Train Loss: 0.005452, Train Avg Loss: 0.008332, Time: 1:11:58
Epoch id: 9, Training steps: 700, Train Acc: 50.00%, Train Loss: 0.009938, Train Avg Loss: 0.007677, Time: 1:12:37
Epoch id: 9, Training steps: 800, Train Acc: 62.50%, Train Loss: 0.007153, Train Avg Loss: 0.008359, Time: 1:13:17
Epoch id: 9, Training steps: 900, Train Acc: 37.50%, Train Loss: 0.021161, Train Avg Loss: 0.008785, Time: 1:13:57
Epoch id: 9, Training steps: 1000, Train Acc: 62.50%, Train Loss: 0.009677, Train Avg Loss: 0.007362, Time: 1:14:36
Epoch id: 9, Training steps: 1100, Train Acc: 75.00%, Train Loss: 0.008944, Train Avg Loss: 0.008388, Time: 1:15:16
Start evaluation on dev dataset.
Acc. (Correct/Total): 46.31% micro-Prec: 0.8276 micro-Recall:0.5594 micro-F1: 0.6676 dev loss: 0.032372
Epoch id: 10, Training steps: 100, Train Acc: 75.00%, Train Loss: 0.005297, Train Avg Loss: 0.010369, Time: 1:16:44
Epoch id: 10, Training steps: 200, Train Acc: 62.50%, Train Loss: 0.010969, Train Avg Loss: 0.007904, Time: 1:17:24
Epoch id: 10, Training steps: 300, Train Acc: 87.50%, Train Loss: 0.003571, Train Avg Loss: 0.007963, Time: 1:18:04
Epoch id: 10, Training steps: 400, Train Acc: 75.00%, Train Loss: 0.006465, Train Avg Loss: 0.007636, Time: 1:18:43
Epoch id: 10, Training steps: 500, Train Acc: 87.50%, Train Loss: 0.004612, Train Avg Loss: 0.006804, Time: 1:19:23
Epoch id: 10, Training steps: 600, Train Acc: 100.00%, Train Loss: 0.002528, Train Avg Loss: 0.006782, Time: 1:20:03
Epoch id: 10, Training steps: 700, Train Acc: 62.50%, Train Loss: 0.004274, Train Avg Loss: 0.007173, Time: 1:20:42
Epoch id: 10, Training steps: 800, Train Acc: 100.00%, Train Loss: 0.002878, Train Avg Loss: 0.007609, Time: 1:21:22
Epoch id: 10, Training steps: 900, Train Acc: 87.50%, Train Loss: 0.003483, Train Avg Loss: 0.006572, Time: 1:22:02
Epoch id: 10, Training steps: 1000, Train Acc: 75.00%, Train Loss: 0.007250, Train Avg Loss: 0.006224, Time: 1:22:41
Epoch id: 10, Training steps: 1100, Train Acc: 75.00%, Train Loss: 0.010197, Train Avg Loss: 0.006392, Time: 1:23:21
Start evaluation on dev dataset.
Acc. (Correct/Total): 48.90% micro-Prec: 0.8218 micro-Recall:0.5940 micro-F1: 0.6896 dev loss: 0.032463
Start evaluation on test dataset.
Acc. (Correct/Total): 53.22% micro-Prec: 0.8497 micro-Recall:0.6250 micro-F1: 0.7202 dev loss: 0.028893
Epoch id: 11, Training steps: 100, Train Acc: 62.50%, Train Loss: 0.013406, Train Avg Loss: 0.008545, Time: 1:25:23
Epoch id: 11, Training steps: 200, Train Acc: 62.50%, Train Loss: 0.008952, Train Avg Loss: 0.005875, Time: 1:26:03
Epoch id: 11, Training steps: 300, Train Acc: 87.50%, Train Loss: 0.002904, Train Avg Loss: 0.005443, Time: 1:26:43
Epoch id: 11, Training steps: 400, Train Acc: 100.00%, Train Loss: 0.001616, Train Avg Loss: 0.006069, Time: 1:27:22
Epoch id: 11, Training steps: 500, Train Acc: 87.50%, Train Loss: 0.006424, Train Avg Loss: 0.006149, Time: 1:28:02
Epoch id: 11, Training steps: 600, Train Acc: 87.50%, Train Loss: 0.012348, Train Avg Loss: 0.005934, Time: 1:28:42
Epoch id: 11, Training steps: 700, Train Acc: 62.50%, Train Loss: 0.010574, Train Avg Loss: 0.005849, Time: 1:29:21
Epoch id: 11, Training steps: 800, Train Acc: 75.00%, Train Loss: 0.007840, Train Avg Loss: 0.006203, Time: 1:30:01
Epoch id: 11, Training steps: 900, Train Acc: 87.50%, Train Loss: 0.003592, Train Avg Loss: 0.006173, Time: 1:30:41
Epoch id: 11, Training steps: 1000, Train Acc: 75.00%, Train Loss: 0.004508, Train Avg Loss: 0.005456, Time: 1:31:21
Epoch id: 11, Training steps: 1100, Train Acc: 87.50%, Train Loss: 0.003122, Train Avg Loss: 0.006175, Time: 1:32:00
Start evaluation on dev dataset.
Acc. (Correct/Total): 48.18% micro-Prec: 0.8265 micro-Recall:0.5785 micro-F1: 0.6806 dev loss: 0.033236
Epoch id: 12, Training steps: 100, Train Acc: 87.50%, Train Loss: 0.003541, Train Avg Loss: 0.006848, Time: 1:33:29
Epoch id: 12, Training steps: 200, Train Acc: 62.50%, Train Loss: 0.007423, Train Avg Loss: 0.005258, Time: 1:34:08
Epoch id: 12, Training steps: 300, Train Acc: 100.00%, Train Loss: 0.002540, Train Avg Loss: 0.004389, Time: 1:34:48
Epoch id: 12, Training steps: 400, Train Acc: 87.50%, Train Loss: 0.002680, Train Avg Loss: 0.004904, Time: 1:35:28
Epoch id: 12, Training steps: 500, Train Acc: 87.50%, Train Loss: 0.013285, Train Avg Loss: 0.004663, Time: 1:36:07
Epoch id: 12, Training steps: 600, Train Acc: 62.50%, Train Loss: 0.007754, Train Avg Loss: 0.004717, Time: 1:36:47
Epoch id: 12, Training steps: 700, Train Acc: 100.00%, Train Loss: 0.001182, Train Avg Loss: 0.004383, Time: 1:37:27
Epoch id: 12, Training steps: 800, Train Acc: 62.50%, Train Loss: 0.010293, Train Avg Loss: 0.004979, Time: 1:38:06
Epoch id: 12, Training steps: 900, Train Acc: 62.50%, Train Loss: 0.004892, Train Avg Loss: 0.004858, Time: 1:38:46
Epoch id: 12, Training steps: 1000, Train Acc: 75.00%, Train Loss: 0.004015, Train Avg Loss: 0.005092, Time: 1:39:26
Epoch id: 12, Training steps: 1100, Train Acc: 100.00%, Train Loss: 0.001353, Train Avg Loss: 0.006035, Time: 1:40:05
Start evaluation on dev dataset.
Acc. (Correct/Total): 50.67% micro-Prec: 0.8270 micro-Recall:0.6021 micro-F1: 0.6969 dev loss: 0.033871
Start evaluation on test dataset.
Acc. (Correct/Total): 53.70% micro-Prec: 0.8451 micro-Recall:0.6369 micro-F1: 0.7264 dev loss: 0.030311
Epoch id: 13, Training steps: 100, Train Acc: 87.50%, Train Loss: 0.003086, Train Avg Loss: 0.007123, Time: 1:42:08
Epoch id: 13, Training steps: 200, Train Acc: 87.50%, Train Loss: 0.004285, Train Avg Loss: 0.004978, Time: 1:42:47
Epoch id: 13, Training steps: 300, Train Acc: 100.00%, Train Loss: 0.002337, Train Avg Loss: 0.004329, Time: 1:43:27
Epoch id: 13, Training steps: 400, Train Acc: 75.00%, Train Loss: 0.003533, Train Avg Loss: 0.004278, Time: 1:44:07
Epoch id: 13, Training steps: 500, Train Acc: 75.00%, Train Loss: 0.011613, Train Avg Loss: 0.004642, Time: 1:44:46
Epoch id: 13, Training steps: 600, Train Acc: 62.50%, Train Loss: 0.005175, Train Avg Loss: 0.004278, Time: 1:45:26
Epoch id: 13, Training steps: 700, Train Acc: 75.00%, Train Loss: 0.008839, Train Avg Loss: 0.004487, Time: 1:46:06
Epoch id: 13, Training steps: 800, Train Acc: 87.50%, Train Loss: 0.002606, Train Avg Loss: 0.005012, Time: 1:46:45
Epoch id: 13, Training steps: 900, Train Acc: 87.50%, Train Loss: 0.003941, Train Avg Loss: 0.004030, Time: 1:47:25
Epoch id: 13, Training steps: 1000, Train Acc: 87.50%, Train Loss: 0.003350, Train Avg Loss: 0.004218, Time: 1:48:05
Epoch id: 13, Training steps: 1100, Train Acc: 75.00%, Train Loss: 0.004409, Train Avg Loss: 0.004023, Time: 1:48:44
Start evaluation on dev dataset.
Acc. (Correct/Total): 51.20% micro-Prec: 0.8292 micro-Recall:0.6131 micro-F1: 0.7050 dev loss: 0.033655
Start evaluation on test dataset.
Acc. (Correct/Total): 53.22% micro-Prec: 0.8558 micro-Recall:0.6372 micro-F1: 0.7305 dev loss: 0.030142
Epoch id: 14, Training steps: 100, Train Acc: 87.50%, Train Loss: 0.002290, Train Avg Loss: 0.004837, Time: 1:50:47
Epoch id: 14, Training steps: 200, Train Acc: 100.00%, Train Loss: 0.000714, Train Avg Loss: 0.003477, Time: 1:51:26
Epoch id: 14, Training steps: 300, Train Acc: 75.00%, Train Loss: 0.002980, Train Avg Loss: 0.003856, Time: 1:52:06
Epoch id: 14, Training steps: 400, Train Acc: 87.50%, Train Loss: 0.005167, Train Avg Loss: 0.003684, Time: 1:52:46
Epoch id: 14, Training steps: 500, Train Acc: 100.00%, Train Loss: 0.000902, Train Avg Loss: 0.003747, Time: 1:53:25
Epoch id: 14, Training steps: 600, Train Acc: 62.50%, Train Loss: 0.007892, Train Avg Loss: 0.004055, Time: 1:54:05
Epoch id: 14, Training steps: 700, Train Acc: 100.00%, Train Loss: 0.001729, Train Avg Loss: 0.003796, Time: 1:54:45
Epoch id: 14, Training steps: 800, Train Acc: 87.50%, Train Loss: 0.001473, Train Avg Loss: 0.003478, Time: 1:55:24
Epoch id: 14, Training steps: 900, Train Acc: 87.50%, Train Loss: 0.004619, Train Avg Loss: 0.003402, Time: 1:56:04
Epoch id: 14, Training steps: 1000, Train Acc: 100.00%, Train Loss: 0.002360, Train Avg Loss: 0.003747, Time: 1:56:44
Epoch id: 14, Training steps: 1100, Train Acc: 87.50%, Train Loss: 0.005616, Train Avg Loss: 0.003691, Time: 1:57:23
Start evaluation on dev dataset.
Acc. (Correct/Total): 52.50% micro-Prec: 0.8107 micro-Recall:0.6335 micro-F1: 0.7112 dev loss: 0.034682
Start evaluation on test dataset.
Acc. (Correct/Total): 55.54% micro-Prec: 0.8453 micro-Recall:0.6644 micro-F1: 0.7440 dev loss: 0.030376
Epoch id: 15, Training steps: 100, Train Acc: 100.00%, Train Loss: 0.001412, Train Avg Loss: 0.004268, Time: 1:59:26
Epoch id: 15, Training steps: 200, Train Acc: 100.00%, Train Loss: 0.000581, Train Avg Loss: 0.002849, Time: 2:00:05
Epoch id: 15, Training steps: 300, Train Acc: 100.00%, Train Loss: 0.001589, Train Avg Loss: 0.002688, Time: 2:00:45
Epoch id: 15, Training steps: 400, Train Acc: 87.50%, Train Loss: 0.002591, Train Avg Loss: 0.002519, Time: 2:01:25
Epoch id: 15, Training steps: 500, Train Acc: 87.50%, Train Loss: 0.003059, Train Avg Loss: 0.002739, Time: 2:02:04
Epoch id: 15, Training steps: 600, Train Acc: 62.50%, Train Loss: 0.003680, Train Avg Loss: 0.002995, Time: 2:02:44
Epoch id: 15, Training steps: 700, Train Acc: 87.50%, Train Loss: 0.003689, Train Avg Loss: 0.003337, Time: 2:03:24
Epoch id: 15, Training steps: 800, Train Acc: 100.00%, Train Loss: 0.002102, Train Avg Loss: 0.003746, Time: 2:04:03
Epoch id: 15, Training steps: 900, Train Acc: 87.50%, Train Loss: 0.002939, Train Avg Loss: 0.003359, Time: 2:04:43
Epoch id: 15, Training steps: 1000, Train Acc: 62.50%, Train Loss: 0.010918, Train Avg Loss: 0.003246, Time: 2:05:23
Epoch id: 15, Training steps: 1100, Train Acc: 75.00%, Train Loss: 0.002100, Train Avg Loss: 0.002707, Time: 2:06:02
Start evaluation on dev dataset.
Acc. (Correct/Total): 52.30% micro-Prec: 0.8162 micro-Recall:0.6225 micro-F1: 0.7063 dev loss: 0.036647
Epoch id: 16, Training steps: 100, Train Acc: 87.50%, Train Loss: 0.001612, Train Avg Loss: 0.003768, Time: 2:07:31
Epoch id: 16, Training steps: 200, Train Acc: 87.50%, Train Loss: 0.001563, Train Avg Loss: 0.002385, Time: 2:08:10
Epoch id: 16, Training steps: 300, Train Acc: 100.00%, Train Loss: 0.000542, Train Avg Loss: 0.002665, Time: 2:08:50
Epoch id: 16, Training steps: 400, Train Acc: 100.00%, Train Loss: 0.001084, Train Avg Loss: 0.003048, Time: 2:09:30
Epoch id: 16, Training steps: 500, Train Acc: 87.50%, Train Loss: 0.004076, Train Avg Loss: 0.002462, Time: 2:10:09
Epoch id: 16, Training steps: 600, Train Acc: 87.50%, Train Loss: 0.002281, Train Avg Loss: 0.002515, Time: 2:10:49
Epoch id: 16, Training steps: 700, Train Acc: 87.50%, Train Loss: 0.001014, Train Avg Loss: 0.002937, Time: 2:11:29
Epoch id: 16, Training steps: 800, Train Acc: 100.00%, Train Loss: 0.003765, Train Avg Loss: 0.003188, Time: 2:12:08
Epoch id: 16, Training steps: 900, Train Acc: 87.50%, Train Loss: 0.000999, Train Avg Loss: 0.003034, Time: 2:12:48
Epoch id: 16, Training steps: 1000, Train Acc: 87.50%, Train Loss: 0.009671, Train Avg Loss: 0.003426, Time: 2:13:28
Epoch id: 16, Training steps: 1100, Train Acc: 87.50%, Train Loss: 0.006175, Train Avg Loss: 0.004150, Time: 2:14:07
Start evaluation on dev dataset.
Acc. (Correct/Total): 51.20% micro-Prec: 0.8130 micro-Recall:0.6235 micro-F1: 0.7058 dev loss: 0.037739
Epoch id: 17, Training steps: 100, Train Acc: 75.00%, Train Loss: 0.002562, Train Avg Loss: 0.004210, Time: 2:15:36
Epoch id: 17, Training steps: 200, Train Acc: 75.00%, Train Loss: 0.005870, Train Avg Loss: 0.002485, Time: 2:16:15
Epoch id: 17, Training steps: 300, Train Acc: 87.50%, Train Loss: 0.002622, Train Avg Loss: 0.002530, Time: 2:16:55
Epoch id: 17, Training steps: 400, Train Acc: 87.50%, Train Loss: 0.002046, Train Avg Loss: 0.002649, Time: 2:17:35
Epoch id: 17, Training steps: 500, Train Acc: 87.50%, Train Loss: 0.000834, Train Avg Loss: 0.002440, Time: 2:18:15
Epoch id: 17, Training steps: 600, Train Acc: 87.50%, Train Loss: 0.003781, Train Avg Loss: 0.002432, Time: 2:18:54
Epoch id: 17, Training steps: 700, Train Acc: 100.00%, Train Loss: 0.001578, Train Avg Loss: 0.002655, Time: 2:19:34
Epoch id: 17, Training steps: 800, Train Acc: 100.00%, Train Loss: 0.001329, Train Avg Loss: 0.002886, Time: 2:20:14
Epoch id: 17, Training steps: 900, Train Acc: 75.00%, Train Loss: 0.009311, Train Avg Loss: 0.002502, Time: 2:20:53
Epoch id: 17, Training steps: 1000, Train Acc: 100.00%, Train Loss: 0.000980, Train Avg Loss: 0.002387, Time: 2:21:33
Epoch id: 17, Training steps: 1100, Train Acc: 87.50%, Train Loss: 0.001617, Train Avg Loss: 0.002970, Time: 2:22:13
Start evaluation on dev dataset.
Acc. (Correct/Total): 50.86% micro-Prec: 0.7948 micro-Recall:0.6245 micro-F1: 0.6994 dev loss: 0.039172
Epoch id: 18, Training steps: 100, Train Acc: 87.50%, Train Loss: 0.003686, Train Avg Loss: 0.003498, Time: 2:23:41
Epoch id: 18, Training steps: 200, Train Acc: 100.00%, Train Loss: 0.003093, Train Avg Loss: 0.002240, Time: 2:24:21
Epoch id: 18, Training steps: 300, Train Acc: 87.50%, Train Loss: 0.002235, Train Avg Loss: 0.001671, Time: 2:25:00
Epoch id: 18, Training steps: 400, Train Acc: 100.00%, Train Loss: 0.001070, Train Avg Loss: 0.002238, Time: 2:25:40
Epoch id: 18, Training steps: 500, Train Acc: 100.00%, Train Loss: 0.000959, Train Avg Loss: 0.002033, Time: 2:26:20
Epoch id: 18, Training steps: 600, Train Acc: 100.00%, Train Loss: 0.000656, Train Avg Loss: 0.002571, Time: 2:26:59
Epoch id: 18, Training steps: 700, Train Acc: 75.00%, Train Loss: 0.007456, Train Avg Loss: 0.002364, Time: 2:27:39
Epoch id: 18, Training steps: 800, Train Acc: 87.50%, Train Loss: 0.002767, Train Avg Loss: 0.002510, Time: 2:28:19
Epoch id: 18, Training steps: 900, Train Acc: 100.00%, Train Loss: 0.000422, Train Avg Loss: 0.002833, Time: 2:28:58
Epoch id: 18, Training steps: 1000, Train Acc: 100.00%, Train Loss: 0.002446, Train Avg Loss: 0.002137, Time: 2:29:38
Epoch id: 18, Training steps: 1100, Train Acc: 100.00%, Train Loss: 0.000332, Train Avg Loss: 0.002099, Time: 2:30:18
Start evaluation on dev dataset.
Acc. (Correct/Total): 52.02% micro-Prec: 0.8053 micro-Recall:0.6361 micro-F1: 0.7108 dev loss: 0.038689
Epoch id: 19, Training steps: 100, Train Acc: 75.00%, Train Loss: 0.002152, Train Avg Loss: 0.002465, Time: 2:31:46
Epoch id: 19, Training steps: 200, Train Acc: 100.00%, Train Loss: 0.000314, Train Avg Loss: 0.001660, Time: 2:32:26
Epoch id: 19, Training steps: 300, Train Acc: 87.50%, Train Loss: 0.001994, Train Avg Loss: 0.001684, Time: 2:33:05
Epoch id: 19, Training steps: 400, Train Acc: 87.50%, Train Loss: 0.005009, Train Avg Loss: 0.001754, Time: 2:33:45
Epoch id: 19, Training steps: 500, Train Acc: 87.50%, Train Loss: 0.003085, Train Avg Loss: 0.002011, Time: 2:34:25
Epoch id: 19, Training steps: 600, Train Acc: 100.00%, Train Loss: 0.000474, Train Avg Loss: 0.001941, Time: 2:35:05
Epoch id: 19, Training steps: 700, Train Acc: 87.50%, Train Loss: 0.002534, Train Avg Loss: 0.001791, Time: 2:35:44
Epoch id: 19, Training steps: 800, Train Acc: 100.00%, Train Loss: 0.000529, Train Avg Loss: 0.001393, Time: 2:36:24
Epoch id: 19, Training steps: 900, Train Acc: 87.50%, Train Loss: 0.004523, Train Avg Loss: 0.002141, Time: 2:37:04
Epoch id: 19, Training steps: 1000, Train Acc: 100.00%, Train Loss: 0.000239, Train Avg Loss: 0.002210, Time: 2:37:43
Epoch id: 19, Training steps: 1100, Train Acc: 87.50%, Train Loss: 0.004500, Train Avg Loss: 0.001880, Time: 2:38:23
Start evaluation on dev dataset.
Acc. (Correct/Total): 54.32% micro-Prec: 0.8078 micro-Recall:0.6572 micro-F1: 0.7247 dev loss: 0.039147
Start evaluation on test dataset.
Acc. (Correct/Total): 56.46% micro-Prec: 0.8354 micro-Recall:0.6728 micro-F1: 0.7453 dev loss: 0.034692
Epoch id: 20, Training steps: 100, Train Acc: 87.50%, Train Loss: 0.001366, Train Avg Loss: 0.002729, Time: 2:40:25
Epoch id: 20, Training steps: 200, Train Acc: 100.00%, Train Loss: 0.000823, Train Avg Loss: 0.001755, Time: 2:41:05
Epoch id: 20, Training steps: 300, Train Acc: 100.00%, Train Loss: 0.003484, Train Avg Loss: 0.001843, Time: 2:41:45
Epoch id: 20, Training steps: 400, Train Acc: 100.00%, Train Loss: 0.000350, Train Avg Loss: 0.001691, Time: 2:42:25
Epoch id: 20, Training steps: 500, Train Acc: 87.50%, Train Loss: 0.001382, Train Avg Loss: 0.001738, Time: 2:43:04
Epoch id: 20, Training steps: 600, Train Acc: 87.50%, Train Loss: 0.007421, Train Avg Loss: 0.002009, Time: 2:43:44
Epoch id: 20, Training steps: 700, Train Acc: 100.00%, Train Loss: 0.000575, Train Avg Loss: 0.002147, Time: 2:44:24
Epoch id: 20, Training steps: 800, Train Acc: 100.00%, Train Loss: 0.000414, Train Avg Loss: 0.001831, Time: 2:45:03
Epoch id: 20, Training steps: 900, Train Acc: 87.50%, Train Loss: 0.002293, Train Avg Loss: 0.002062, Time: 2:45:43
Epoch id: 20, Training steps: 1000, Train Acc: 75.00%, Train Loss: 0.001839, Train Avg Loss: 0.001897, Time: 2:46:23
Epoch id: 20, Training steps: 1100, Train Acc: 87.50%, Train Loss: 0.005234, Train Avg Loss: 0.001813, Time: 2:47:02
Start evaluation on dev dataset.
Acc. (Correct/Total): 52.21% micro-Prec: 0.7928 micro-Recall:0.6491 micro-F1: 0.7138 dev loss: 0.041768
Epoch id: 21, Training steps: 100, Train Acc: 75.00%, Train Loss: 0.003297, Train Avg Loss: 0.002851, Time: 2:48:31
Epoch id: 21, Training steps: 200, Train Acc: 87.50%, Train Loss: 0.002147, Train Avg Loss: 0.001487, Time: 2:49:10
Epoch id: 21, Training steps: 300, Train Acc: 75.00%, Train Loss: 0.003629, Train Avg Loss: 0.002209, Time: 2:49:50
Epoch id: 21, Training steps: 400, Train Acc: 100.00%, Train Loss: 0.001179, Train Avg Loss: 0.001548, Time: 2:50:30
Epoch id: 21, Training steps: 500, Train Acc: 100.00%, Train Loss: 0.000440, Train Avg Loss: 0.001492, Time: 2:51:09
Epoch id: 21, Training steps: 600, Train Acc: 100.00%, Train Loss: 0.001015, Train Avg Loss: 0.002012, Time: 2:51:49
Epoch id: 21, Training steps: 700, Train Acc: 100.00%, Train Loss: 0.002386, Train Avg Loss: 0.001413, Time: 2:52:28
Epoch id: 21, Training steps: 800, Train Acc: 87.50%, Train Loss: 0.002091, Train Avg Loss: 0.001661, Time: 2:53:08
Epoch id: 21, Training steps: 900, Train Acc: 100.00%, Train Loss: 0.000829, Train Avg Loss: 0.001832, Time: 2:53:48
Epoch id: 21, Training steps: 1000, Train Acc: 87.50%, Train Loss: 0.002593, Train Avg Loss: 0.001873, Time: 2:54:27
Epoch id: 21, Training steps: 1100, Train Acc: 87.50%, Train Loss: 0.003405, Train Avg Loss: 0.002146, Time: 2:55:07
Start evaluation on dev dataset.
Acc. (Correct/Total): 53.55% micro-Prec: 0.8121 micro-Recall:0.6533 micro-F1: 0.7241 dev loss: 0.039059
Epoch id: 22, Training steps: 100, Train Acc: 100.00%, Train Loss: 0.000260, Train Avg Loss: 0.002509, Time: 2:56:35
Epoch id: 22, Training steps: 200, Train Acc: 100.00%, Train Loss: 0.000514, Train Avg Loss: 0.001814, Time: 2:57:15
Epoch id: 22, Training steps: 300, Train Acc: 100.00%, Train Loss: 0.002306, Train Avg Loss: 0.001565, Time: 2:57:55
Epoch id: 22, Training steps: 400, Train Acc: 100.00%, Train Loss: 0.000627, Train Avg Loss: 0.001441, Time: 2:58:34
Epoch id: 22, Training steps: 500, Train Acc: 100.00%, Train Loss: 0.001706, Train Avg Loss: 0.001303, Time: 2:59:14
Epoch id: 22, Training steps: 600, Train Acc: 100.00%, Train Loss: 0.000781, Train Avg Loss: 0.001463, Time: 2:59:54
Epoch id: 22, Training steps: 700, Train Acc: 100.00%, Train Loss: 0.000423, Train Avg Loss: 0.001627, Time: 3:00:34
Epoch id: 22, Training steps: 800, Train Acc: 87.50%, Train Loss: 0.001923, Train Avg Loss: 0.001202, Time: 3:01:13
Epoch id: 22, Training steps: 900, Train Acc: 100.00%, Train Loss: 0.000338, Train Avg Loss: 0.001194, Time: 3:01:53
Epoch id: 22, Training steps: 1000, Train Acc: 100.00%, Train Loss: 0.000939, Train Avg Loss: 0.001385, Time: 3:02:33
Epoch id: 22, Training steps: 1100, Train Acc: 87.50%, Train Loss: 0.001099, Train Avg Loss: 0.001609, Time: 3:03:12
Start evaluation on dev dataset.
Acc. (Correct/Total): 51.30% micro-Prec: 0.7786 micro-Recall:0.6420 micro-F1: 0.7037 dev loss: 0.041765
Epoch id: 23, Training steps: 100, Train Acc: 100.00%, Train Loss: 0.000853, Train Avg Loss: 0.002260, Time: 3:04:40
Epoch id: 23, Training steps: 200, Train Acc: 87.50%, Train Loss: 0.001357, Train Avg Loss: 0.001547, Time: 3:05:20
Epoch id: 23, Training steps: 300, Train Acc: 87.50%, Train Loss: 0.001001, Train Avg Loss: 0.001656, Time: 3:06:00
Epoch id: 23, Training steps: 400, Train Acc: 75.00%, Train Loss: 0.002963, Train Avg Loss: 0.001858, Time: 3:06:40
Epoch id: 23, Training steps: 500, Train Acc: 87.50%, Train Loss: 0.000760, Train Avg Loss: 0.001400, Time: 3:07:19
Epoch id: 23, Training steps: 600, Train Acc: 100.00%, Train Loss: 0.000862, Train Avg Loss: 0.001287, Time: 3:07:59
Epoch id: 23, Training steps: 700, Train Acc: 100.00%, Train Loss: 0.000483, Train Avg Loss: 0.001329, Time: 3:08:39
Epoch id: 23, Training steps: 800, Train Acc: 100.00%, Train Loss: 0.000519, Train Avg Loss: 0.001123, Time: 3:09:18
Epoch id: 23, Training steps: 900, Train Acc: 100.00%, Train Loss: 0.000561, Train Avg Loss: 0.001798, Time: 3:09:58
Epoch id: 23, Training steps: 1000, Train Acc: 87.50%, Train Loss: 0.001101, Train Avg Loss: 0.001290, Time: 3:10:38
Epoch id: 23, Training steps: 1100, Train Acc: 100.00%, Train Loss: 0.000664, Train Avg Loss: 0.001341, Time: 3:11:17
Start evaluation on dev dataset.
Acc. (Correct/Total): 52.98% micro-Prec: 0.8010 micro-Recall:0.6530 micro-F1: 0.7195 dev loss: 0.041071
Epoch id: 24, Training steps: 100, Train Acc: 100.00%, Train Loss: 0.000560, Train Avg Loss: 0.001500, Time: 3:12:46
Epoch id: 24, Training steps: 200, Train Acc: 87.50%, Train Loss: 0.004008, Train Avg Loss: 0.001749, Time: 3:13:25
Epoch id: 24, Training steps: 300, Train Acc: 100.00%, Train Loss: 0.000896, Train Avg Loss: 0.001173, Time: 3:14:05
Epoch id: 24, Training steps: 400, Train Acc: 100.00%, Train Loss: 0.000534, Train Avg Loss: 0.001203, Time: 3:14:45
Epoch id: 24, Training steps: 500, Train Acc: 87.50%, Train Loss: 0.001009, Train Avg Loss: 0.001412, Time: 3:15:24
Epoch id: 24, Training steps: 600, Train Acc: 100.00%, Train Loss: 0.000692, Train Avg Loss: 0.001381, Time: 3:16:04
Epoch id: 24, Training steps: 700, Train Acc: 100.00%, Train Loss: 0.000488, Train Avg Loss: 0.001258, Time: 3:16:44
Epoch id: 24, Training steps: 800, Train Acc: 87.50%, Train Loss: 0.001339, Train Avg Loss: 0.001774, Time: 3:17:23
Epoch id: 24, Training steps: 900, Train Acc: 100.00%, Train Loss: 0.000903, Train Avg Loss: 0.002064, Time: 3:18:03
Epoch id: 24, Training steps: 1000, Train Acc: 100.00%, Train Loss: 0.001309, Train Avg Loss: 0.001689, Time: 3:18:43
Epoch id: 24, Training steps: 1100, Train Acc: 87.50%, Train Loss: 0.002817, Train Avg Loss: 0.002040, Time: 3:19:22
Start evaluation on dev dataset.
Acc. (Correct/Total): 51.92% micro-Prec: 0.7672 micro-Recall:0.6539 micro-F1: 0.7060 dev loss: 0.044948
Epoch id: 25, Training steps: 100, Train Acc: 100.00%, Train Loss: 0.001738, Train Avg Loss: 0.002725, Time: 3:20:51
Epoch id: 25, Training steps: 200, Train Acc: 100.00%, Train Loss: 0.001150, Train Avg Loss: 0.001728, Time: 3:21:30
Epoch id: 25, Training steps: 300, Train Acc: 100.00%, Train Loss: 0.000275, Train Avg Loss: 0.001269, Time: 3:22:10
Epoch id: 25, Training steps: 400, Train Acc: 100.00%, Train Loss: 0.000516, Train Avg Loss: 0.001420, Time: 3:22:50
Epoch id: 25, Training steps: 500, Train Acc: 100.00%, Train Loss: 0.000605, Train Avg Loss: 0.001170, Time: 3:23:29
Epoch id: 25, Training steps: 600, Train Acc: 100.00%, Train Loss: 0.000095, Train Avg Loss: 0.001219, Time: 3:24:09
Epoch id: 25, Training steps: 700, Train Acc: 100.00%, Train Loss: 0.000421, Train Avg Loss: 0.001230, Time: 3:24:49
Epoch id: 25, Training steps: 800, Train Acc: 100.00%, Train Loss: 0.000973, Train Avg Loss: 0.001250, Time: 3:25:28
Epoch id: 25, Training steps: 900, Train Acc: 100.00%, Train Loss: 0.000352, Train Avg Loss: 0.001975, Time: 3:26:08
Epoch id: 25, Training steps: 1000, Train Acc: 100.00%, Train Loss: 0.000431, Train Avg Loss: 0.002228, Time: 3:26:48
Epoch id: 25, Training steps: 1100, Train Acc: 100.00%, Train Loss: 0.000458, Train Avg Loss: 0.001444, Time: 3:27:27
Start evaluation on dev dataset.
Acc. (Correct/Total): 52.83% micro-Prec: 0.7900 micro-Recall:0.6578 micro-F1: 0.7179 dev loss: 0.044077
Epoch id: 26, Training steps: 100, Train Acc: 87.50%, Train Loss: 0.001653, Train Avg Loss: 0.001409, Time: 3:28:56
Epoch id: 26, Training steps: 200, Train Acc: 100.00%, Train Loss: 0.000497, Train Avg Loss: 0.001383, Time: 3:29:35
Epoch id: 26, Training steps: 300, Train Acc: 100.00%, Train Loss: 0.000760, Train Avg Loss: 0.001008, Time: 3:30:15
Epoch id: 26, Training steps: 400, Train Acc: 100.00%, Train Loss: 0.000459, Train Avg Loss: 0.000915, Time: 3:30:55
Epoch id: 26, Training steps: 500, Train Acc: 100.00%, Train Loss: 0.000358, Train Avg Loss: 0.001281, Time: 3:31:34
Epoch id: 26, Training steps: 600, Train Acc: 87.50%, Train Loss: 0.001117, Train Avg Loss: 0.000964, Time: 3:32:14
Epoch id: 26, Training steps: 700, Train Acc: 100.00%, Train Loss: 0.001053, Train Avg Loss: 0.000802, Time: 3:32:54
Epoch id: 26, Training steps: 800, Train Acc: 100.00%, Train Loss: 0.000707, Train Avg Loss: 0.000976, Time: 3:33:33
Epoch id: 26, Training steps: 900, Train Acc: 87.50%, Train Loss: 0.001480, Train Avg Loss: 0.001048, Time: 3:34:13
Epoch id: 26, Training steps: 1000, Train Acc: 100.00%, Train Loss: 0.001346, Train Avg Loss: 0.001470, Time: 3:34:53
Epoch id: 26, Training steps: 1100, Train Acc: 100.00%, Train Loss: 0.000629, Train Avg Loss: 0.001109, Time: 3:35:32
Start evaluation on dev dataset.
Acc. (Correct/Total): 53.31% micro-Prec: 0.7949 micro-Recall:0.6649 micro-F1: 0.7241 dev loss: 0.043170
Epoch id: 27, Training steps: 100, Train Acc: 100.00%, Train Loss: 0.000993, Train Avg Loss: 0.001242, Time: 3:37:01
Epoch id: 27, Training steps: 200, Train Acc: 87.50%, Train Loss: 0.006459, Train Avg Loss: 0.001034, Time: 3:37:40
Epoch id: 27, Training steps: 300, Train Acc: 100.00%, Train Loss: 0.000397, Train Avg Loss: 0.000921, Time: 3:38:20
Epoch id: 27, Training steps: 400, Train Acc: 100.00%, Train Loss: 0.001707, Train Avg Loss: 0.001033, Time: 3:39:00
Epoch id: 27, Training steps: 500, Train Acc: 100.00%, Train Loss: 0.000294, Train Avg Loss: 0.001122, Time: 3:39:40
Epoch id: 27, Training steps: 600, Train Acc: 100.00%, Train Loss: 0.000373, Train Avg Loss: 0.001468, Time: 3:40:19
Epoch id: 27, Training steps: 700, Train Acc: 100.00%, Train Loss: 0.000337, Train Avg Loss: 0.001978, Time: 3:40:59
Epoch id: 27, Training steps: 800, Train Acc: 100.00%, Train Loss: 0.000771, Train Avg Loss: 0.001650, Time: 3:41:39
Epoch id: 27, Training steps: 900, Train Acc: 100.00%, Train Loss: 0.000409, Train Avg Loss: 0.001658, Time: 3:42:18
Epoch id: 27, Training steps: 1000, Train Acc: 87.50%, Train Loss: 0.005583, Train Avg Loss: 0.001472, Time: 3:42:58
Epoch id: 27, Training steps: 1100, Train Acc: 100.00%, Train Loss: 0.000301, Train Avg Loss: 0.001256, Time: 3:43:38
Start evaluation on dev dataset.
Acc. (Correct/Total): 53.07% micro-Prec: 0.7967 micro-Recall:0.6484 micro-F1: 0.7150 dev loss: 0.045668
Epoch id: 28, Training steps: 100, Train Acc: 100.00%, Train Loss: 0.000705, Train Avg Loss: 0.002006, Time: 3:45:06
Epoch id: 28, Training steps: 200, Train Acc: 100.00%, Train Loss: 0.000072, Train Avg Loss: 0.001158, Time: 3:45:45
Epoch id: 28, Training steps: 300, Train Acc: 100.00%, Train Loss: 0.000393, Train Avg Loss: 0.001507, Time: 3:46:25
Epoch id: 28, Training steps: 400, Train Acc: 100.00%, Train Loss: 0.000948, Train Avg Loss: 0.001446, Time: 3:47:05
Epoch id: 28, Training steps: 500, Train Acc: 100.00%, Train Loss: 0.000850, Train Avg Loss: 0.001968, Time: 3:47:45
Epoch id: 28, Training steps: 600, Train Acc: 87.50%, Train Loss: 0.001239, Train Avg Loss: 0.001706, Time: 3:48:24
Epoch id: 28, Training steps: 700, Train Acc: 100.00%, Train Loss: 0.001513, Train Avg Loss: 0.001026, Time: 3:49:04
Epoch id: 28, Training steps: 800, Train Acc: 100.00%, Train Loss: 0.001135, Train Avg Loss: 0.001208, Time: 3:49:44
Epoch id: 28, Training steps: 900, Train Acc: 100.00%, Train Loss: 0.000427, Train Avg Loss: 0.001532, Time: 3:50:23
Epoch id: 28, Training steps: 1000, Train Acc: 100.00%, Train Loss: 0.000380, Train Avg Loss: 0.001221, Time: 3:51:03
Epoch id: 28, Training steps: 1100, Train Acc: 62.50%, Train Loss: 0.006192, Train Avg Loss: 0.001144, Time: 3:51:43
Start evaluation on dev dataset.
Acc. (Correct/Total): 54.37% micro-Prec: 0.7857 micro-Recall:0.6850 micro-F1: 0.7319 dev loss: 0.041917
Start evaluation on test dataset.
Acc. (Correct/Total): 60.28% micro-Prec: 0.8196 micro-Recall:0.7229 micro-F1: 0.7683 dev loss: 0.036573
Epoch id: 29, Training steps: 100, Train Acc: 100.00%, Train Loss: 0.000526, Train Avg Loss: 0.001423, Time: 3:53:45
Epoch id: 29, Training steps: 200, Train Acc: 87.50%, Train Loss: 0.001196, Train Avg Loss: 0.001175, Time: 3:54:25
Epoch id: 29, Training steps: 300, Train Acc: 100.00%, Train Loss: 0.000286, Train Avg Loss: 0.000703, Time: 3:55:04
Epoch id: 29, Training steps: 400, Train Acc: 100.00%, Train Loss: 0.000148, Train Avg Loss: 0.000959, Time: 3:55:44
Epoch id: 29, Training steps: 500, Train Acc: 87.50%, Train Loss: 0.000579, Train Avg Loss: 0.001073, Time: 3:56:24
Epoch id: 29, Training steps: 600, Train Acc: 75.00%, Train Loss: 0.005100, Train Avg Loss: 0.000854, Time: 3:57:03
Epoch id: 29, Training steps: 700, Train Acc: 100.00%, Train Loss: 0.000277, Train Avg Loss: 0.001275, Time: 3:57:43
Epoch id: 29, Training steps: 800, Train Acc: 100.00%, Train Loss: 0.000621, Train Avg Loss: 0.001289, Time: 3:58:23
Epoch id: 29, Training steps: 900, Train Acc: 75.00%, Train Loss: 0.012896, Train Avg Loss: 0.001109, Time: 3:59:02
Epoch id: 29, Training steps: 1000, Train Acc: 100.00%, Train Loss: 0.001502, Train Avg Loss: 0.001057, Time: 3:59:42
Epoch id: 29, Training steps: 1100, Train Acc: 100.00%, Train Loss: 0.000509, Train Avg Loss: 0.001478, Time: 4:00:22
Start evaluation on dev dataset.
Acc. (Correct/Total): 52.74% micro-Prec: 0.7749 micro-Recall:0.6620 micro-F1: 0.7140 dev loss: 0.046471
Epoch id: 30, Training steps: 100, Train Acc: 100.00%, Train Loss: 0.000834, Train Avg Loss: 0.002612, Time: 4:01:50
Epoch id: 30, Training steps: 200, Train Acc: 100.00%, Train Loss: 0.000164, Train Avg Loss: 0.001094, Time: 4:02:30
Epoch id: 30, Training steps: 300, Train Acc: 100.00%, Train Loss: 0.000188, Train Avg Loss: 0.000907, Time: 4:03:09
Epoch id: 30, Training steps: 400, Train Acc: 100.00%, Train Loss: 0.000461, Train Avg Loss: 0.000831, Time: 4:03:49
Epoch id: 30, Training steps: 500, Train Acc: 100.00%, Train Loss: 0.000842, Train Avg Loss: 0.001391, Time: 4:04:29
Epoch id: 30, Training steps: 600, Train Acc: 100.00%, Train Loss: 0.000217, Train Avg Loss: 0.001274, Time: 4:05:08
Epoch id: 30, Training steps: 700, Train Acc: 100.00%, Train Loss: 0.000211, Train Avg Loss: 0.001271, Time: 4:05:48
Epoch id: 30, Training steps: 800, Train Acc: 100.00%, Train Loss: 0.000558, Train Avg Loss: 0.000608, Time: 4:06:28
Epoch id: 30, Training steps: 900, Train Acc: 100.00%, Train Loss: 0.002574, Train Avg Loss: 0.000853, Time: 4:07:07
Epoch id: 30, Training steps: 1000, Train Acc: 100.00%, Train Loss: 0.000900, Train Avg Loss: 0.001017, Time: 4:07:47
Epoch id: 30, Training steps: 1100, Train Acc: 100.00%, Train Loss: 0.001970, Train Avg Loss: 0.001027, Time: 4:08:27
Start evaluation on dev dataset.
Acc. (Correct/Total): 50.62% micro-Prec: 0.7536 micro-Recall:0.6436 micro-F1: 0.6943 dev loss: 0.052656
Epoch id: 31, Training steps: 100, Train Acc: 100.00%, Train Loss: 0.000518, Train Avg Loss: 0.001627, Time: 4:09:55
Epoch id: 31, Training steps: 200, Train Acc: 100.00%, Train Loss: 0.000138, Train Avg Loss: 0.000749, Time: 4:10:35
Epoch id: 31, Training steps: 300, Train Acc: 100.00%, Train Loss: 0.000398, Train Avg Loss: 0.000673, Time: 4:11:14
Epoch id: 31, Training steps: 400, Train Acc: 100.00%, Train Loss: 0.000495, Train Avg Loss: 0.000708, Time: 4:11:54
Epoch id: 31, Training steps: 500, Train Acc: 87.50%, Train Loss: 0.001311, Train Avg Loss: 0.000837, Time: 4:12:34
Epoch id: 31, Training steps: 600, Train Acc: 100.00%, Train Loss: 0.000136, Train Avg Loss: 0.000788, Time: 4:13:13
Epoch id: 31, Training steps: 700, Train Acc: 100.00%, Train Loss: 0.002183, Train Avg Loss: 0.001858, Time: 4:13:53
Epoch id: 31, Training steps: 800, Train Acc: 87.50%, Train Loss: 0.001348, Train Avg Loss: 0.001677, Time: 4:14:33
Epoch id: 31, Training steps: 900, Train Acc: 100.00%, Train Loss: 0.000532, Train Avg Loss: 0.001312, Time: 4:15:12
Epoch id: 31, Training steps: 1000, Train Acc: 100.00%, Train Loss: 0.000247, Train Avg Loss: 0.000789, Time: 4:15:52
Epoch id: 31, Training steps: 1100, Train Acc: 87.50%, Train Loss: 0.003607, Train Avg Loss: 0.001364, Time: 4:16:32
Start evaluation on dev dataset.
Acc. (Correct/Total): 51.25% micro-Prec: 0.7847 micro-Recall:0.6407 micro-F1: 0.7054 dev loss: 0.046970
Epoch id: 32, Training steps: 100, Train Acc: 100.00%, Train Loss: 0.000203, Train Avg Loss: 0.001579, Time: 4:18:00
Epoch id: 32, Training steps: 200, Train Acc: 100.00%, Train Loss: 0.000194, Train Avg Loss: 0.001548, Time: 4:18:40
Epoch id: 32, Training steps: 300, Train Acc: 87.50%, Train Loss: 0.003294, Train Avg Loss: 0.001061, Time: 4:19:20
Epoch id: 32, Training steps: 400, Train Acc: 87.50%, Train Loss: 0.008190, Train Avg Loss: 0.001448, Time: 4:19:59
Epoch id: 32, Training steps: 500, Train Acc: 87.50%, Train Loss: 0.003262, Train Avg Loss: 0.000917, Time: 4:20:39
Epoch id: 32, Training steps: 600, Train Acc: 100.00%, Train Loss: 0.000408, Train Avg Loss: 0.001057, Time: 4:21:19
Epoch id: 32, Training steps: 700, Train Acc: 100.00%, Train Loss: 0.000666, Train Avg Loss: 0.000730, Time: 4:21:58
Epoch id: 32, Training steps: 800, Train Acc: 100.00%, Train Loss: 0.000302, Train Avg Loss: 0.000903, Time: 4:22:38
Epoch id: 32, Training steps: 900, Train Acc: 100.00%, Train Loss: 0.000378, Train Avg Loss: 0.001160, Time: 4:23:18
Epoch id: 32, Training steps: 1000, Train Acc: 100.00%, Train Loss: 0.000189, Train Avg Loss: 0.000537, Time: 4:23:57
Epoch id: 32, Training steps: 1100, Train Acc: 87.50%, Train Loss: 0.009926, Train Avg Loss: 0.001723, Time: 4:24:37
Start evaluation on dev dataset.
Acc. (Correct/Total): 53.65% micro-Prec: 0.7904 micro-Recall:0.6688 micro-F1: 0.7245 dev loss: 0.044581
Final evaluation on the test dataset.
The number of evaluation instances:  2067
Acc. (Correct/Total): 60.28% micro-Prec: 0.8196 micro-Recall:0.7229 micro-F1: 0.7683 dev loss: 0.036573
              precision    recall  f1-score   support

         教育学     0.8672    0.9212    0.8934       241
          法学     0.8624    0.8393    0.8507       224
      中国语言文学     0.8580    0.7838    0.8192       185
         政治学     0.7126    0.7607    0.7359       163
         社会学     0.7840    0.8089    0.7962       157
         心理学     0.8780    0.5854    0.7024       123
       应用经济学     0.7363    0.5726    0.6442       117
         历史学     0.9103    0.6514    0.7594       109
     环境科学与工程     0.9247    0.7963    0.8557       108
          哲学     0.8254    0.5361    0.6500        97
      外国语言文学     0.7922    0.7176    0.7531        85
         生物学     0.7692    0.7595    0.7643        79
      交通运输工程     0.9000    0.9231    0.9114        78
        临床医学     0.7625    0.8026    0.7821        76
    计算机科学与技术     0.8028    0.8028    0.8028        71
        土木工程     0.9118    0.9394    0.9254        66
   航空宇航科学与技术     0.9630    0.8525    0.9043        61
         民族学     0.7353    0.4545    0.5618        55
   公共卫生与预防医学     0.6275    0.6275    0.6275        51
         美术学     0.8246    0.9400    0.8785        50
         艺术学     0.7632    0.6744    0.7160        43
         地理学     0.9375    0.7143    0.8108        42
         体育学     0.9583    0.5750    0.7188        40
       理论经济学     0.8205    0.8421    0.8312        38
         中医学     0.9333    0.7568    0.8358        37
         物理学     0.8889    0.8889    0.8889        36
          林学     0.7917    0.5758    0.6667        33
          数学     0.9333    0.4375    0.5957        32
     电子科学与技术     0.7647    0.4194    0.5417        31
        基础医学     0.5455    0.4138    0.4706        29
        工商管理     0.7647    0.4815    0.5909        27
       新闻传播学     0.7895    0.6818    0.7317        22
         天文学     0.8095    0.7727    0.7907        22
         地质学     0.8462    0.5238    0.6471        21
         畜牧学     0.8261    0.9048    0.8636        21
   军事思想及军事历史     0.7647    0.6500    0.7027        20
     管理科学与工程     0.6500    0.7222    0.6842        18
     测绘科学与技术     0.8000    0.7059    0.7500        17
        水利工程     0.9091    0.6250    0.7407        16
        大气科学     0.7692    0.6250    0.6897        16
     兵器科学与技术     0.6875    0.7333    0.7097        15
       地球物理学     0.7273    0.5714    0.6400        14
        电气工程     1.0000    0.4615    0.6316        13
         作物学     0.8182    0.6923    0.7500        13
     控制科学与工程     0.3000    0.2308    0.2609        13
     信息与通信工程     0.5000    0.3846    0.4348        13
        公共管理     0.3750    0.2308    0.2857        13
         建筑学     1.0000    0.4615    0.6316        13
     化学工程与技术     0.7500    0.7500    0.7500        12
          力学     0.8750    0.6364    0.7368        11
        海洋科学     1.0000    1.0000    1.0000        11
     轻工技术与工程     0.6667    0.3636    0.4706        11
        农业工程     1.0000    0.3000    0.4615        10
         园艺学     0.8889    0.8000    0.8421        10
       中西医结合     1.0000    0.4000    0.5714        10
        机械工程     1.0000    0.5556    0.7143         9
       科学技术史     1.0000    0.6250    0.7692         8
     船舶与海洋工程     0.8889    1.0000    0.9412         8
   图书情报与档案管理     0.6000    0.3750    0.4615         8
        植物保护     1.0000    1.0000    1.0000         8
     材料科学与工程     0.8333    0.6250    0.7143         8
         统计学     0.6364    0.8750    0.7368         8
          化学     1.0000    0.7500    0.8571         8
     食品科学与工程     0.6667    0.2500    0.3636         8
          水产     1.0000    0.5714    0.7273         7
          药学     0.7500    0.8571    0.8000         7
     农业资源与环境     1.0000    0.2857    0.4444         7
         世界史     1.0000    0.4286    0.6000         7
        系统科学     0.8000    0.5714    0.6667         7
      农林经济管理     0.5714    0.8000    0.6667         5
       军队指挥学     1.0000    0.4000    0.5714         5
        矿业工程     0.8000    0.8000    0.8000         5
     纺织科学与工程     0.6250    1.0000    0.7692         5
  动力工程及工程热物理     0.0000    0.0000    0.0000         4
        林业工程     0.5000    0.5000    0.5000         4
     仪器科学与技术     0.0000    0.0000    0.0000         3
         战略学     1.0000    0.3333    0.5000         3
   地质资源与地质工程     0.5000    1.0000    0.6667         3
        旅游管理     1.0000    0.3333    0.5000         3
 图书馆、情报与档案管理     0.0000    0.0000    0.0000         2
        冶金工程     1.0000    0.5000    0.6667         2
      核科学与技术     0.0000    0.0000    0.0000         2

   micro avg     0.8196    0.7229    0.7683      3093
   macro avg     0.7741    0.6161    0.6646      3093
weighted avg     0.8212    0.7229    0.7594      3093
 samples avg     0.7763    0.7355    0.7429      3093

