nohup: 忽略输入
  0%|          | 0/82 [00:00<?, ?it/s]100%|██████████| 82/82 [00:00<00:00, 1165874.33it/s]
model:  ernie-rcnn-catlstmwide
pretrained:  ernie3
task:  MLC-slice
dataset:  book_multilabels_task_slice
seq_length:  256
hidden_dropout_prob:  0.1
attention_probs_dropout_prob:  0.1
epochs_num:  32
batch_size:  8
learning_rate:  2e-05
report_steps:  100
kg_name:  CnDbpedia
no_kg:  True
no_vm:  True
GPU:  NVIDIA GeForce RTX 2080 Ti
Vocabulary Size:  39979
[BertClassifier] use visible_matrix: False
Some weights of ErnieRCNNForMultiLabelSequenceClassificationSliceCatLSTMWide were not initialized from the model checkpoint at ./models/ernie3 and are newly initialized: ['lstm.weight_ih_l1_reverse', 'lstm.bias_hh_l0', 'output_layer_1.weight', 'output_layer_1.bias', 'classifier.bias', 'lstm.weight_hh_l1', 'lstm.weight_hh_l1_reverse', 'lstm.weight_ih_l1', 'lstm.bias_ih_l0', 'lstm.weight_hh_l0', 'lstm.bias_hh_l1', 'lstm.bias_hh_l0_reverse', 'lstm.weight_hh_l0_reverse', 'lstm.bias_ih_l0_reverse', 'lstm.bias_hh_l1_reverse', 'lstm.bias_ih_l1_reverse', 'classifier.weight', 'lstm.weight_ih_l0', 'lstm.bias_ih_l1', 'lstm.weight_ih_l0_reverse']
You should probably TRAIN this model on a down-stream task to be able to use it for predictions and inference.
1 GPUs are available. Let's use them.
device:  cuda
Start training.
Loading sentences from ./datasets/book_multilabels_task_slice/train.tsv
There are 9097 sentence in total. We use 1 processes to inject knowledge into sentences.
Progress of process 0: 0/9097
Loading sentences from ./datasets/book_multilabels_task_slice/dev.tsv
There are 2084 sentence in total. We use 1 processes to inject knowledge into sentences.
Progress of process 0: 0/2084
Loading sentences from ./datasets/book_multilabels_task_slice/test.tsv
There are 2067 sentence in total. We use 1 processes to inject knowledge into sentences.
Progress of process 0: 0/2067
Epoch id: 1, Training steps: 100, Train Acc:  0.00%, Train Loss: 0.090869, Train Avg Loss: 0.204647, Time: 0:00:49
Epoch id: 1, Training steps: 200, Train Acc:  0.00%, Train Loss: 0.083208, Train Avg Loss: 0.082830, Time: 0:01:39
Epoch id: 1, Training steps: 300, Train Acc:  0.00%, Train Loss: 0.083274, Train Avg Loss: 0.080669, Time: 0:02:29
Epoch id: 1, Training steps: 400, Train Acc:  0.00%, Train Loss: 0.088570, Train Avg Loss: 0.079625, Time: 0:03:19
Epoch id: 1, Training steps: 500, Train Acc:  0.00%, Train Loss: 0.082482, Train Avg Loss: 0.076852, Time: 0:04:10
Epoch id: 1, Training steps: 600, Train Acc:  0.00%, Train Loss: 0.072221, Train Avg Loss: 0.073391, Time: 0:05:00
Epoch id: 1, Training steps: 700, Train Acc:  0.00%, Train Loss: 0.067852, Train Avg Loss: 0.065824, Time: 0:05:50
Epoch id: 1, Training steps: 800, Train Acc:  0.00%, Train Loss: 0.064683, Train Avg Loss: 0.061561, Time: 0:06:40
Epoch id: 1, Training steps: 900, Train Acc: 12.50%, Train Loss: 0.067169, Train Avg Loss: 0.058141, Time: 0:07:31
Epoch id: 1, Training steps: 1000, Train Acc: 25.00%, Train Loss: 0.044502, Train Avg Loss: 0.054525, Time: 0:08:21
Epoch id: 1, Training steps: 1100, Train Acc: 12.50%, Train Loss: 0.044007, Train Avg Loss: 0.051100, Time: 0:09:11
Start evaluation on dev dataset.
Acc. (Correct/Total): 18.71% micro-Prec: 0.8339 micro-Recall:0.2292 micro-F1: 0.3596 dev loss: 0.053248
Start evaluation on test dataset.
Acc. (Correct/Total): 26.08% micro-Prec: 0.9113 micro-Recall:0.3023 micro-F1: 0.4540 dev loss: 0.050775
Epoch id: 2, Training steps: 100, Train Acc:  0.00%, Train Loss: 0.048685, Train Avg Loss: 0.063723, Time: 0:11:54
Epoch id: 2, Training steps: 200, Train Acc: 25.00%, Train Loss: 0.062884, Train Avg Loss: 0.044748, Time: 0:12:44
Epoch id: 2, Training steps: 300, Train Acc: 37.50%, Train Loss: 0.011380, Train Avg Loss: 0.038136, Time: 0:13:34
Epoch id: 2, Training steps: 400, Train Acc:  0.00%, Train Loss: 0.043083, Train Avg Loss: 0.037055, Time: 0:14:24
Epoch id: 2, Training steps: 500, Train Acc: 37.50%, Train Loss: 0.049931, Train Avg Loss: 0.036018, Time: 0:15:14
Epoch id: 2, Training steps: 600, Train Acc: 12.50%, Train Loss: 0.055796, Train Avg Loss: 0.037244, Time: 0:16:04
Epoch id: 2, Training steps: 700, Train Acc:  0.00%, Train Loss: 0.031924, Train Avg Loss: 0.036214, Time: 0:16:54
Epoch id: 2, Training steps: 800, Train Acc: 50.00%, Train Loss: 0.011690, Train Avg Loss: 0.033175, Time: 0:17:44
Epoch id: 2, Training steps: 900, Train Acc: 37.50%, Train Loss: 0.024401, Train Avg Loss: 0.032385, Time: 0:18:34
Epoch id: 2, Training steps: 1000, Train Acc: 50.00%, Train Loss: 0.026801, Train Avg Loss: 0.033764, Time: 0:19:24
Epoch id: 2, Training steps: 1100, Train Acc: 37.50%, Train Loss: 0.025575, Train Avg Loss: 0.031521, Time: 0:20:15
Start evaluation on dev dataset.
Acc. (Correct/Total): 33.69% micro-Prec: 0.8276 micro-Recall:0.4196 micro-F1: 0.5568 dev loss: 0.043906
Start evaluation on test dataset.
Acc. (Correct/Total): 41.32% micro-Prec: 0.8797 micro-Recall:0.4963 micro-F1: 0.6346 dev loss: 0.039963
Epoch id: 3, Training steps: 100, Train Acc: 62.50%, Train Loss: 0.018311, Train Avg Loss: 0.039160, Time: 0:22:56
Epoch id: 3, Training steps: 200, Train Acc: 50.00%, Train Loss: 0.018575, Train Avg Loss: 0.026814, Time: 0:23:46
Epoch id: 3, Training steps: 300, Train Acc: 75.00%, Train Loss: 0.018905, Train Avg Loss: 0.026822, Time: 0:24:36
Epoch id: 3, Training steps: 400, Train Acc: 25.00%, Train Loss: 0.031925, Train Avg Loss: 0.024785, Time: 0:25:26
Epoch id: 3, Training steps: 500, Train Acc: 25.00%, Train Loss: 0.029894, Train Avg Loss: 0.025345, Time: 0:26:16
Epoch id: 3, Training steps: 600, Train Acc: 37.50%, Train Loss: 0.018949, Train Avg Loss: 0.027267, Time: 0:27:06
Epoch id: 3, Training steps: 700, Train Acc: 62.50%, Train Loss: 0.026792, Train Avg Loss: 0.023829, Time: 0:27:56
Epoch id: 3, Training steps: 800, Train Acc: 50.00%, Train Loss: 0.025511, Train Avg Loss: 0.024878, Time: 0:28:46
Epoch id: 3, Training steps: 900, Train Acc: 25.00%, Train Loss: 0.043087, Train Avg Loss: 0.023813, Time: 0:29:36
Epoch id: 3, Training steps: 1000, Train Acc: 25.00%, Train Loss: 0.023429, Train Avg Loss: 0.023587, Time: 0:30:27
Epoch id: 3, Training steps: 1100, Train Acc: 50.00%, Train Loss: 0.021262, Train Avg Loss: 0.026221, Time: 0:31:17
Start evaluation on dev dataset.
Acc. (Correct/Total): 40.45% micro-Prec: 0.8146 micro-Recall:0.5092 micro-F1: 0.6267 dev loss: 0.038973
Start evaluation on test dataset.
Acc. (Correct/Total): 49.44% micro-Prec: 0.8681 micro-Recall:0.5936 micro-F1: 0.7051 dev loss: 0.035469
Epoch id: 4, Training steps: 100, Train Acc: 50.00%, Train Loss: 0.025739, Train Avg Loss: 0.028698, Time: 0:33:59
Epoch id: 4, Training steps: 200, Train Acc: 25.00%, Train Loss: 0.029442, Train Avg Loss: 0.020666, Time: 0:34:49
Epoch id: 4, Training steps: 300, Train Acc: 62.50%, Train Loss: 0.029547, Train Avg Loss: 0.020303, Time: 0:35:39
Epoch id: 4, Training steps: 400, Train Acc: 50.00%, Train Loss: 0.028607, Train Avg Loss: 0.021061, Time: 0:36:29
Epoch id: 4, Training steps: 500, Train Acc: 12.50%, Train Loss: 0.033583, Train Avg Loss: 0.020001, Time: 0:37:19
Epoch id: 4, Training steps: 600, Train Acc: 50.00%, Train Loss: 0.023727, Train Avg Loss: 0.018000, Time: 0:38:09
Epoch id: 4, Training steps: 700, Train Acc: 75.00%, Train Loss: 0.007485, Train Avg Loss: 0.021201, Time: 0:38:59
Epoch id: 4, Training steps: 800, Train Acc: 50.00%, Train Loss: 0.015448, Train Avg Loss: 0.019612, Time: 0:39:49
Epoch id: 4, Training steps: 900, Train Acc: 75.00%, Train Loss: 0.006028, Train Avg Loss: 0.018430, Time: 0:40:39
Epoch id: 4, Training steps: 1000, Train Acc: 25.00%, Train Loss: 0.031889, Train Avg Loss: 0.019285, Time: 0:41:29
Epoch id: 4, Training steps: 1100, Train Acc: 62.50%, Train Loss: 0.010515, Train Avg Loss: 0.018447, Time: 0:42:19
Start evaluation on dev dataset.
Acc. (Correct/Total): 49.04% micro-Prec: 0.7936 micro-Recall:0.6038 micro-F1: 0.6858 dev loss: 0.038497
Start evaluation on test dataset.
Acc. (Correct/Total): 55.97% micro-Prec: 0.8420 micro-Recall:0.6683 micro-F1: 0.7451 dev loss: 0.034621
Epoch id: 5, Training steps: 100, Train Acc: 37.50%, Train Loss: 0.021293, Train Avg Loss: 0.024296, Time: 0:45:01
Epoch id: 5, Training steps: 200, Train Acc: 37.50%, Train Loss: 0.018702, Train Avg Loss: 0.016253, Time: 0:45:51
Epoch id: 5, Training steps: 300, Train Acc: 62.50%, Train Loss: 0.005285, Train Avg Loss: 0.016395, Time: 0:46:41
Epoch id: 5, Training steps: 400, Train Acc: 37.50%, Train Loss: 0.018451, Train Avg Loss: 0.016068, Time: 0:47:31
Epoch id: 5, Training steps: 500, Train Acc: 62.50%, Train Loss: 0.015300, Train Avg Loss: 0.016207, Time: 0:48:21
Epoch id: 5, Training steps: 600, Train Acc: 62.50%, Train Loss: 0.008133, Train Avg Loss: 0.015969, Time: 0:49:11
Epoch id: 5, Training steps: 700, Train Acc: 25.00%, Train Loss: 0.047742, Train Avg Loss: 0.016772, Time: 0:50:01
Epoch id: 5, Training steps: 800, Train Acc: 75.00%, Train Loss: 0.007989, Train Avg Loss: 0.016610, Time: 0:50:51
Epoch id: 5, Training steps: 900, Train Acc: 50.00%, Train Loss: 0.017404, Train Avg Loss: 0.016648, Time: 0:51:41
Epoch id: 5, Training steps: 1000, Train Acc: 50.00%, Train Loss: 0.017158, Train Avg Loss: 0.014854, Time: 0:52:32
Epoch id: 5, Training steps: 1100, Train Acc: 50.00%, Train Loss: 0.009209, Train Avg Loss: 0.016402, Time: 0:53:22
Start evaluation on dev dataset.
Acc. (Correct/Total): 52.26% micro-Prec: 0.7776 micro-Recall:0.6407 micro-F1: 0.7025 dev loss: 0.037887
Start evaluation on test dataset.
Acc. (Correct/Total): 57.18% micro-Prec: 0.8242 micro-Recall:0.6925 micro-F1: 0.7526 dev loss: 0.033898
Epoch id: 6, Training steps: 100, Train Acc: 62.50%, Train Loss: 0.013989, Train Avg Loss: 0.019606, Time: 0:56:04
Epoch id: 6, Training steps: 200, Train Acc: 62.50%, Train Loss: 0.016036, Train Avg Loss: 0.013339, Time: 0:56:54
Epoch id: 6, Training steps: 300, Train Acc: 12.50%, Train Loss: 0.017874, Train Avg Loss: 0.014723, Time: 0:57:44
Epoch id: 6, Training steps: 400, Train Acc: 75.00%, Train Loss: 0.015827, Train Avg Loss: 0.014401, Time: 0:58:34
Epoch id: 6, Training steps: 500, Train Acc: 87.50%, Train Loss: 0.007644, Train Avg Loss: 0.014447, Time: 0:59:24
Epoch id: 6, Training steps: 600, Train Acc: 62.50%, Train Loss: 0.010225, Train Avg Loss: 0.013403, Time: 1:00:14
Epoch id: 6, Training steps: 700, Train Acc: 50.00%, Train Loss: 0.017348, Train Avg Loss: 0.012195, Time: 1:01:04
Epoch id: 6, Training steps: 800, Train Acc: 62.50%, Train Loss: 0.013029, Train Avg Loss: 0.013661, Time: 1:01:54
Epoch id: 6, Training steps: 900, Train Acc: 37.50%, Train Loss: 0.012613, Train Avg Loss: 0.013526, Time: 1:02:44
Epoch id: 6, Training steps: 1000, Train Acc: 37.50%, Train Loss: 0.009105, Train Avg Loss: 0.013090, Time: 1:03:34
Epoch id: 6, Training steps: 1100, Train Acc: 75.00%, Train Loss: 0.010734, Train Avg Loss: 0.013261, Time: 1:04:24
Start evaluation on dev dataset.
Acc. (Correct/Total): 54.27% micro-Prec: 0.8053 micro-Recall:0.6695 micro-F1: 0.7311 dev loss: 0.034584
Start evaluation on test dataset.
Acc. (Correct/Total): 59.60% micro-Prec: 0.8416 micro-Recall:0.7129 micro-F1: 0.7719 dev loss: 0.030860
Epoch id: 7, Training steps: 100, Train Acc: 87.50%, Train Loss: 0.005363, Train Avg Loss: 0.015633, Time: 1:07:06
Epoch id: 7, Training steps: 200, Train Acc: 50.00%, Train Loss: 0.010186, Train Avg Loss: 0.010524, Time: 1:07:56
Epoch id: 7, Training steps: 300, Train Acc: 37.50%, Train Loss: 0.018657, Train Avg Loss: 0.010515, Time: 1:08:46
Epoch id: 7, Training steps: 400, Train Acc: 12.50%, Train Loss: 0.012096, Train Avg Loss: 0.011783, Time: 1:09:36
Epoch id: 7, Training steps: 500, Train Acc: 37.50%, Train Loss: 0.021019, Train Avg Loss: 0.010985, Time: 1:10:26
Epoch id: 7, Training steps: 600, Train Acc: 50.00%, Train Loss: 0.008125, Train Avg Loss: 0.010630, Time: 1:11:16
Epoch id: 7, Training steps: 700, Train Acc: 50.00%, Train Loss: 0.015852, Train Avg Loss: 0.010824, Time: 1:12:06
Epoch id: 7, Training steps: 800, Train Acc: 50.00%, Train Loss: 0.019132, Train Avg Loss: 0.011621, Time: 1:12:57
Epoch id: 7, Training steps: 900, Train Acc: 87.50%, Train Loss: 0.004901, Train Avg Loss: 0.010129, Time: 1:13:47
Epoch id: 7, Training steps: 1000, Train Acc: 62.50%, Train Loss: 0.017844, Train Avg Loss: 0.010683, Time: 1:14:37
Epoch id: 7, Training steps: 1100, Train Acc: 50.00%, Train Loss: 0.024051, Train Avg Loss: 0.011394, Time: 1:15:27
Start evaluation on dev dataset.
Acc. (Correct/Total): 53.74% micro-Prec: 0.7899 micro-Recall:0.6792 micro-F1: 0.7304 dev loss: 0.034455
Epoch id: 8, Training steps: 100, Train Acc: 87.50%, Train Loss: 0.007044, Train Avg Loss: 0.012047, Time: 1:17:22
Epoch id: 8, Training steps: 200, Train Acc: 50.00%, Train Loss: 0.012809, Train Avg Loss: 0.008848, Time: 1:18:12
Epoch id: 8, Training steps: 300, Train Acc: 50.00%, Train Loss: 0.015684, Train Avg Loss: 0.008264, Time: 1:19:02
Epoch id: 8, Training steps: 400, Train Acc: 75.00%, Train Loss: 0.008057, Train Avg Loss: 0.008416, Time: 1:19:52
Epoch id: 8, Training steps: 500, Train Acc: 75.00%, Train Loss: 0.003584, Train Avg Loss: 0.007898, Time: 1:20:42
Epoch id: 8, Training steps: 600, Train Acc: 75.00%, Train Loss: 0.017568, Train Avg Loss: 0.009114, Time: 1:21:32
Epoch id: 8, Training steps: 700, Train Acc: 75.00%, Train Loss: 0.008164, Train Avg Loss: 0.008060, Time: 1:22:22
Epoch id: 8, Training steps: 800, Train Acc: 37.50%, Train Loss: 0.014506, Train Avg Loss: 0.009283, Time: 1:23:12
Epoch id: 8, Training steps: 900, Train Acc: 62.50%, Train Loss: 0.008782, Train Avg Loss: 0.009160, Time: 1:24:02
Epoch id: 8, Training steps: 1000, Train Acc: 75.00%, Train Loss: 0.003328, Train Avg Loss: 0.009846, Time: 1:24:52
Epoch id: 8, Training steps: 1100, Train Acc: 37.50%, Train Loss: 0.012608, Train Avg Loss: 0.008765, Time: 1:25:42
Start evaluation on dev dataset.
Acc. (Correct/Total): 53.12% micro-Prec: 0.7642 micro-Recall:0.6818 micro-F1: 0.7206 dev loss: 0.036758
Epoch id: 9, Training steps: 100, Train Acc: 100.00%, Train Loss: 0.002277, Train Avg Loss: 0.011318, Time: 1:27:38
Epoch id: 9, Training steps: 200, Train Acc: 75.00%, Train Loss: 0.011285, Train Avg Loss: 0.006676, Time: 1:28:28
Epoch id: 9, Training steps: 300, Train Acc: 100.00%, Train Loss: 0.001499, Train Avg Loss: 0.007084, Time: 1:29:18
Epoch id: 9, Training steps: 400, Train Acc: 37.50%, Train Loss: 0.022643, Train Avg Loss: 0.007682, Time: 1:30:08
Epoch id: 9, Training steps: 500, Train Acc: 62.50%, Train Loss: 0.010836, Train Avg Loss: 0.007340, Time: 1:30:58
Epoch id: 9, Training steps: 600, Train Acc: 87.50%, Train Loss: 0.005634, Train Avg Loss: 0.007962, Time: 1:31:48
Epoch id: 9, Training steps: 700, Train Acc: 75.00%, Train Loss: 0.004157, Train Avg Loss: 0.006698, Time: 1:32:38
Epoch id: 9, Training steps: 800, Train Acc: 87.50%, Train Loss: 0.003569, Train Avg Loss: 0.006333, Time: 1:33:29
Epoch id: 9, Training steps: 900, Train Acc: 62.50%, Train Loss: 0.008526, Train Avg Loss: 0.006904, Time: 1:34:19
Epoch id: 9, Training steps: 1000, Train Acc: 62.50%, Train Loss: 0.006933, Train Avg Loss: 0.007170, Time: 1:35:09
Epoch id: 9, Training steps: 1100, Train Acc: 62.50%, Train Loss: 0.008384, Train Avg Loss: 0.007655, Time: 1:35:59
Start evaluation on dev dataset.
Acc. (Correct/Total): 56.24% micro-Prec: 0.8022 micro-Recall:0.6986 micro-F1: 0.7468 dev loss: 0.032691
Start evaluation on test dataset.
Acc. (Correct/Total): 62.89% micro-Prec: 0.8356 micro-Recall:0.7430 micro-F1: 0.7866 dev loss: 0.028196
Epoch id: 10, Training steps: 100, Train Acc: 75.00%, Train Loss: 0.007561, Train Avg Loss: 0.008242, Time: 1:38:41
Epoch id: 10, Training steps: 200, Train Acc: 87.50%, Train Loss: 0.006482, Train Avg Loss: 0.004804, Time: 1:39:31
Epoch id: 10, Training steps: 300, Train Acc: 75.00%, Train Loss: 0.010613, Train Avg Loss: 0.004973, Time: 1:40:22
Epoch id: 10, Training steps: 400, Train Acc: 87.50%, Train Loss: 0.002211, Train Avg Loss: 0.005223, Time: 1:41:12
Epoch id: 10, Training steps: 500, Train Acc: 87.50%, Train Loss: 0.004357, Train Avg Loss: 0.005898, Time: 1:42:02
Epoch id: 10, Training steps: 600, Train Acc: 87.50%, Train Loss: 0.002752, Train Avg Loss: 0.005801, Time: 1:42:52
Epoch id: 10, Training steps: 700, Train Acc: 87.50%, Train Loss: 0.004986, Train Avg Loss: 0.005891, Time: 1:43:42
Epoch id: 10, Training steps: 800, Train Acc: 87.50%, Train Loss: 0.002270, Train Avg Loss: 0.006275, Time: 1:44:32
Epoch id: 10, Training steps: 900, Train Acc: 87.50%, Train Loss: 0.003651, Train Avg Loss: 0.005596, Time: 1:45:23
Epoch id: 10, Training steps: 1000, Train Acc: 87.50%, Train Loss: 0.007252, Train Avg Loss: 0.005692, Time: 1:46:13
Epoch id: 10, Training steps: 1100, Train Acc: 75.00%, Train Loss: 0.004722, Train Avg Loss: 0.006260, Time: 1:47:03
Start evaluation on dev dataset.
Acc. (Correct/Total): 55.76% micro-Prec: 0.7833 micro-Recall:0.7067 micro-F1: 0.7430 dev loss: 0.034065
Epoch id: 11, Training steps: 100, Train Acc: 75.00%, Train Loss: 0.004345, Train Avg Loss: 0.006800, Time: 1:48:59
Epoch id: 11, Training steps: 200, Train Acc: 75.00%, Train Loss: 0.004265, Train Avg Loss: 0.004910, Time: 1:49:49
Epoch id: 11, Training steps: 300, Train Acc: 100.00%, Train Loss: 0.001214, Train Avg Loss: 0.004513, Time: 1:50:39
Epoch id: 11, Training steps: 400, Train Acc: 87.50%, Train Loss: 0.001350, Train Avg Loss: 0.004707, Time: 1:51:29
Epoch id: 11, Training steps: 500, Train Acc: 100.00%, Train Loss: 0.001748, Train Avg Loss: 0.004934, Time: 1:52:19
Epoch id: 11, Training steps: 600, Train Acc: 100.00%, Train Loss: 0.000849, Train Avg Loss: 0.004523, Time: 1:53:09
Epoch id: 11, Training steps: 700, Train Acc: 100.00%, Train Loss: 0.000889, Train Avg Loss: 0.005125, Time: 1:53:59
Epoch id: 11, Training steps: 800, Train Acc: 100.00%, Train Loss: 0.001735, Train Avg Loss: 0.004917, Time: 1:54:50
Epoch id: 11, Training steps: 900, Train Acc: 75.00%, Train Loss: 0.003021, Train Avg Loss: 0.004599, Time: 1:55:40
Epoch id: 11, Training steps: 1000, Train Acc: 75.00%, Train Loss: 0.007369, Train Avg Loss: 0.004940, Time: 1:56:30
Epoch id: 11, Training steps: 1100, Train Acc: 100.00%, Train Loss: 0.003737, Train Avg Loss: 0.004565, Time: 1:57:20
Start evaluation on dev dataset.
Acc. (Correct/Total): 55.13% micro-Prec: 0.7788 micro-Recall:0.7077 micro-F1: 0.7415 dev loss: 0.035348
Epoch id: 12, Training steps: 100, Train Acc: 100.00%, Train Loss: 0.001188, Train Avg Loss: 0.006112, Time: 1:59:15
Epoch id: 12, Training steps: 200, Train Acc: 75.00%, Train Loss: 0.002900, Train Avg Loss: 0.004774, Time: 2:00:05
Epoch id: 12, Training steps: 300, Train Acc: 87.50%, Train Loss: 0.004361, Train Avg Loss: 0.003818, Time: 2:00:55
Epoch id: 12, Training steps: 400, Train Acc: 87.50%, Train Loss: 0.001065, Train Avg Loss: 0.004111, Time: 2:01:45
Epoch id: 12, Training steps: 500, Train Acc: 75.00%, Train Loss: 0.004265, Train Avg Loss: 0.003828, Time: 2:02:35
Epoch id: 12, Training steps: 600, Train Acc: 75.00%, Train Loss: 0.003609, Train Avg Loss: 0.004259, Time: 2:03:25
Epoch id: 12, Training steps: 700, Train Acc: 50.00%, Train Loss: 0.008069, Train Avg Loss: 0.003869, Time: 2:04:15
Epoch id: 12, Training steps: 800, Train Acc: 100.00%, Train Loss: 0.000817, Train Avg Loss: 0.003732, Time: 2:05:05
Epoch id: 12, Training steps: 900, Train Acc: 87.50%, Train Loss: 0.003551, Train Avg Loss: 0.004544, Time: 2:05:56
Epoch id: 12, Training steps: 1000, Train Acc: 75.00%, Train Loss: 0.006494, Train Avg Loss: 0.004090, Time: 2:06:46
Epoch id: 12, Training steps: 1100, Train Acc: 75.00%, Train Loss: 0.003448, Train Avg Loss: 0.003911, Time: 2:07:36
Start evaluation on dev dataset.
Acc. (Correct/Total): 56.67% micro-Prec: 0.7860 micro-Recall:0.7122 micro-F1: 0.7473 dev loss: 0.033064
Start evaluation on test dataset.
Acc. (Correct/Total): 63.67% micro-Prec: 0.8318 micro-Recall:0.7611 micro-F1: 0.7949 dev loss: 0.028271
Epoch id: 13, Training steps: 100, Train Acc: 75.00%, Train Loss: 0.005192, Train Avg Loss: 0.004206, Time: 2:10:18
Epoch id: 13, Training steps: 200, Train Acc: 87.50%, Train Loss: 0.003857, Train Avg Loss: 0.003098, Time: 2:11:08
Epoch id: 13, Training steps: 300, Train Acc: 87.50%, Train Loss: 0.003188, Train Avg Loss: 0.002876, Time: 2:11:59
Epoch id: 13, Training steps: 400, Train Acc: 75.00%, Train Loss: 0.004169, Train Avg Loss: 0.002888, Time: 2:12:49
Epoch id: 13, Training steps: 500, Train Acc: 100.00%, Train Loss: 0.002041, Train Avg Loss: 0.003258, Time: 2:13:39
Epoch id: 13, Training steps: 600, Train Acc: 100.00%, Train Loss: 0.000991, Train Avg Loss: 0.002963, Time: 2:14:29
Epoch id: 13, Training steps: 700, Train Acc: 87.50%, Train Loss: 0.002992, Train Avg Loss: 0.003611, Time: 2:15:19
Epoch id: 13, Training steps: 800, Train Acc: 100.00%, Train Loss: 0.000894, Train Avg Loss: 0.003192, Time: 2:16:10
Epoch id: 13, Training steps: 900, Train Acc: 100.00%, Train Loss: 0.000712, Train Avg Loss: 0.002853, Time: 2:17:00
Epoch id: 13, Training steps: 1000, Train Acc: 100.00%, Train Loss: 0.001099, Train Avg Loss: 0.002764, Time: 2:17:50
Epoch id: 13, Training steps: 1100, Train Acc: 100.00%, Train Loss: 0.001493, Train Avg Loss: 0.003354, Time: 2:18:40
Start evaluation on dev dataset.
Acc. (Correct/Total): 56.67% micro-Prec: 0.7797 micro-Recall:0.7206 micro-F1: 0.7490 dev loss: 0.034868
Epoch id: 14, Training steps: 100, Train Acc: 87.50%, Train Loss: 0.001988, Train Avg Loss: 0.004200, Time: 2:20:35
Epoch id: 14, Training steps: 200, Train Acc: 87.50%, Train Loss: 0.003694, Train Avg Loss: 0.004353, Time: 2:21:25
Epoch id: 14, Training steps: 300, Train Acc: 75.00%, Train Loss: 0.010821, Train Avg Loss: 0.004018, Time: 2:22:15
Epoch id: 14, Training steps: 400, Train Acc: 100.00%, Train Loss: 0.000877, Train Avg Loss: 0.003208, Time: 2:23:05
Epoch id: 14, Training steps: 500, Train Acc: 75.00%, Train Loss: 0.006037, Train Avg Loss: 0.008336, Time: 2:23:56
Epoch id: 14, Training steps: 600, Train Acc: 75.00%, Train Loss: 0.001744, Train Avg Loss: 0.003789, Time: 2:24:46
Epoch id: 14, Training steps: 700, Train Acc: 62.50%, Train Loss: 0.003106, Train Avg Loss: 0.003280, Time: 2:25:36
Epoch id: 14, Training steps: 800, Train Acc: 87.50%, Train Loss: 0.002994, Train Avg Loss: 0.004554, Time: 2:26:26
Epoch id: 14, Training steps: 900, Train Acc: 87.50%, Train Loss: 0.003107, Train Avg Loss: 0.003197, Time: 2:27:16
Epoch id: 14, Training steps: 1000, Train Acc: 100.00%, Train Loss: 0.001078, Train Avg Loss: 0.002586, Time: 2:28:06
Epoch id: 14, Training steps: 1100, Train Acc: 75.00%, Train Loss: 0.002278, Train Avg Loss: 0.003077, Time: 2:28:56
Start evaluation on dev dataset.
Acc. (Correct/Total): 57.63% micro-Prec: 0.7937 micro-Recall:0.7174 micro-F1: 0.7536 dev loss: 0.034827
Start evaluation on test dataset.
Acc. (Correct/Total): 63.81% micro-Prec: 0.8350 micro-Recall:0.7627 micro-F1: 0.7972 dev loss: 0.028555
Epoch id: 15, Training steps: 100, Train Acc: 100.00%, Train Loss: 0.000546, Train Avg Loss: 0.003521, Time: 2:31:38
Epoch id: 15, Training steps: 200, Train Acc: 87.50%, Train Loss: 0.001374, Train Avg Loss: 0.002500, Time: 2:32:28
Epoch id: 15, Training steps: 300, Train Acc: 87.50%, Train Loss: 0.005492, Train Avg Loss: 0.002740, Time: 2:33:18
Epoch id: 15, Training steps: 400, Train Acc: 100.00%, Train Loss: 0.000717, Train Avg Loss: 0.002142, Time: 2:34:09
Epoch id: 15, Training steps: 500, Train Acc: 100.00%, Train Loss: 0.000742, Train Avg Loss: 0.002025, Time: 2:34:59
Epoch id: 15, Training steps: 600, Train Acc: 100.00%, Train Loss: 0.001090, Train Avg Loss: 0.001836, Time: 2:35:49
Epoch id: 15, Training steps: 700, Train Acc: 87.50%, Train Loss: 0.004735, Train Avg Loss: 0.002302, Time: 2:36:39
Epoch id: 15, Training steps: 800, Train Acc: 75.00%, Train Loss: 0.004821, Train Avg Loss: 0.002520, Time: 2:37:29
Epoch id: 15, Training steps: 900, Train Acc: 100.00%, Train Loss: 0.001300, Train Avg Loss: 0.002792, Time: 2:38:19
Epoch id: 15, Training steps: 1000, Train Acc: 100.00%, Train Loss: 0.003342, Train Avg Loss: 0.002365, Time: 2:39:09
Epoch id: 15, Training steps: 1100, Train Acc: 87.50%, Train Loss: 0.001546, Train Avg Loss: 0.002517, Time: 2:39:59
Start evaluation on dev dataset.
Acc. (Correct/Total): 57.92% micro-Prec: 0.7725 micro-Recall:0.7332 micro-F1: 0.7524 dev loss: 0.036462
Start evaluation on test dataset.
Acc. (Correct/Total): 63.52% micro-Prec: 0.8141 micro-Recall:0.7717 micro-F1: 0.7924 dev loss: 0.029698
Epoch id: 16, Training steps: 100, Train Acc: 87.50%, Train Loss: 0.001876, Train Avg Loss: 0.002789, Time: 2:42:41
Epoch id: 16, Training steps: 200, Train Acc: 87.50%, Train Loss: 0.001821, Train Avg Loss: 0.001542, Time: 2:43:31
Epoch id: 16, Training steps: 300, Train Acc: 75.00%, Train Loss: 0.002565, Train Avg Loss: 0.001700, Time: 2:44:21
Epoch id: 16, Training steps: 400, Train Acc: 100.00%, Train Loss: 0.001327, Train Avg Loss: 0.001811, Time: 2:45:11
Epoch id: 16, Training steps: 500, Train Acc: 100.00%, Train Loss: 0.000410, Train Avg Loss: 0.001536, Time: 2:46:01
Epoch id: 16, Training steps: 600, Train Acc: 100.00%, Train Loss: 0.000434, Train Avg Loss: 0.001514, Time: 2:46:52
Epoch id: 16, Training steps: 700, Train Acc: 100.00%, Train Loss: 0.001329, Train Avg Loss: 0.001426, Time: 2:47:42
Epoch id: 16, Training steps: 800, Train Acc: 100.00%, Train Loss: 0.000671, Train Avg Loss: 0.001821, Time: 2:48:32
Epoch id: 16, Training steps: 900, Train Acc: 87.50%, Train Loss: 0.003002, Train Avg Loss: 0.001852, Time: 2:49:22
Epoch id: 16, Training steps: 1000, Train Acc: 87.50%, Train Loss: 0.001841, Train Avg Loss: 0.001800, Time: 2:50:12
Epoch id: 16, Training steps: 1100, Train Acc: 100.00%, Train Loss: 0.000373, Train Avg Loss: 0.001577, Time: 2:51:02
Start evaluation on dev dataset.
Acc. (Correct/Total): 56.81% micro-Prec: 0.7696 micro-Recall:0.7213 micro-F1: 0.7447 dev loss: 0.037490
Epoch id: 17, Training steps: 100, Train Acc: 100.00%, Train Loss: 0.000926, Train Avg Loss: 0.002242, Time: 2:52:57
Epoch id: 17, Training steps: 200, Train Acc: 100.00%, Train Loss: 0.000479, Train Avg Loss: 0.001312, Time: 2:53:48
Epoch id: 17, Training steps: 300, Train Acc: 87.50%, Train Loss: 0.001497, Train Avg Loss: 0.001429, Time: 2:54:38
Epoch id: 17, Training steps: 400, Train Acc: 87.50%, Train Loss: 0.001796, Train Avg Loss: 0.001607, Time: 2:55:28
Epoch id: 17, Training steps: 500, Train Acc: 100.00%, Train Loss: 0.000792, Train Avg Loss: 0.001545, Time: 2:56:18
Epoch id: 17, Training steps: 600, Train Acc: 87.50%, Train Loss: 0.001503, Train Avg Loss: 0.001595, Time: 2:57:08
Epoch id: 17, Training steps: 700, Train Acc: 87.50%, Train Loss: 0.010947, Train Avg Loss: 0.002124, Time: 2:57:58
Epoch id: 17, Training steps: 800, Train Acc: 100.00%, Train Loss: 0.000483, Train Avg Loss: 0.001642, Time: 2:58:48
Epoch id: 17, Training steps: 900, Train Acc: 87.50%, Train Loss: 0.001600, Train Avg Loss: 0.001782, Time: 2:59:39
Epoch id: 17, Training steps: 1000, Train Acc: 87.50%, Train Loss: 0.001434, Train Avg Loss: 0.001665, Time: 3:00:29
Epoch id: 17, Training steps: 1100, Train Acc: 87.50%, Train Loss: 0.001665, Train Avg Loss: 0.001625, Time: 3:01:19
Start evaluation on dev dataset.
Acc. (Correct/Total): 57.34% micro-Prec: 0.7733 micro-Recall:0.7320 micro-F1: 0.7520 dev loss: 0.037273
Epoch id: 18, Training steps: 100, Train Acc: 100.00%, Train Loss: 0.000313, Train Avg Loss: 0.002365, Time: 3:03:14
Epoch id: 18, Training steps: 200, Train Acc: 100.00%, Train Loss: 0.000464, Train Avg Loss: 0.001782, Time: 3:04:04
Epoch id: 18, Training steps: 300, Train Acc: 100.00%, Train Loss: 0.000427, Train Avg Loss: 0.001182, Time: 3:04:55
Epoch id: 18, Training steps: 400, Train Acc: 100.00%, Train Loss: 0.000616, Train Avg Loss: 0.001381, Time: 3:05:45
Epoch id: 18, Training steps: 500, Train Acc: 100.00%, Train Loss: 0.000747, Train Avg Loss: 0.001559, Time: 3:06:35
Epoch id: 18, Training steps: 600, Train Acc: 100.00%, Train Loss: 0.001062, Train Avg Loss: 0.001382, Time: 3:07:25
Epoch id: 18, Training steps: 700, Train Acc: 100.00%, Train Loss: 0.000233, Train Avg Loss: 0.001484, Time: 3:08:15
Epoch id: 18, Training steps: 800, Train Acc: 87.50%, Train Loss: 0.004199, Train Avg Loss: 0.001513, Time: 3:09:05
Epoch id: 18, Training steps: 900, Train Acc: 75.00%, Train Loss: 0.006783, Train Avg Loss: 0.001682, Time: 3:09:55
Epoch id: 18, Training steps: 1000, Train Acc: 100.00%, Train Loss: 0.000676, Train Avg Loss: 0.002327, Time: 3:10:46
Epoch id: 18, Training steps: 1100, Train Acc: 100.00%, Train Loss: 0.000910, Train Avg Loss: 0.001920, Time: 3:11:36
Start evaluation on dev dataset.
Acc. (Correct/Total): 56.72% micro-Prec: 0.7734 micro-Recall:0.7129 micro-F1: 0.7419 dev loss: 0.037421
Epoch id: 19, Training steps: 100, Train Acc: 75.00%, Train Loss: 0.011753, Train Avg Loss: 0.002003, Time: 3:13:31
Epoch id: 19, Training steps: 200, Train Acc: 87.50%, Train Loss: 0.008385, Train Avg Loss: 0.001565, Time: 3:14:21
Epoch id: 19, Training steps: 300, Train Acc: 100.00%, Train Loss: 0.000829, Train Avg Loss: 0.001489, Time: 3:15:11
Epoch id: 19, Training steps: 400, Train Acc: 100.00%, Train Loss: 0.001368, Train Avg Loss: 0.002023, Time: 3:16:01
Epoch id: 19, Training steps: 500, Train Acc: 100.00%, Train Loss: 0.000301, Train Avg Loss: 0.001144, Time: 3:16:51
Epoch id: 19, Training steps: 600, Train Acc: 100.00%, Train Loss: 0.000612, Train Avg Loss: 0.001387, Time: 3:17:41
Epoch id: 19, Training steps: 700, Train Acc: 87.50%, Train Loss: 0.004089, Train Avg Loss: 0.001457, Time: 3:18:32
Epoch id: 19, Training steps: 800, Train Acc: 100.00%, Train Loss: 0.000562, Train Avg Loss: 0.001720, Time: 3:19:22
Epoch id: 19, Training steps: 900, Train Acc: 100.00%, Train Loss: 0.001332, Train Avg Loss: 0.001407, Time: 3:20:12
Epoch id: 19, Training steps: 1000, Train Acc: 100.00%, Train Loss: 0.000358, Train Avg Loss: 0.001816, Time: 3:21:02
Epoch id: 19, Training steps: 1100, Train Acc: 100.00%, Train Loss: 0.000642, Train Avg Loss: 0.001577, Time: 3:21:52
Start evaluation on dev dataset.
Acc. (Correct/Total): 56.48% micro-Prec: 0.7693 micro-Recall:0.7274 micro-F1: 0.7478 dev loss: 0.038154
Epoch id: 20, Training steps: 100, Train Acc: 87.50%, Train Loss: 0.001310, Train Avg Loss: 0.002371, Time: 3:23:47
Epoch id: 20, Training steps: 200, Train Acc: 100.00%, Train Loss: 0.000263, Train Avg Loss: 0.001182, Time: 3:24:38
Epoch id: 20, Training steps: 300, Train Acc: 100.00%, Train Loss: 0.000281, Train Avg Loss: 0.001373, Time: 3:25:28
Epoch id: 20, Training steps: 400, Train Acc: 100.00%, Train Loss: 0.000337, Train Avg Loss: 0.001094, Time: 3:26:18
Epoch id: 20, Training steps: 500, Train Acc: 100.00%, Train Loss: 0.000591, Train Avg Loss: 0.001703, Time: 3:27:08
Epoch id: 20, Training steps: 600, Train Acc: 75.00%, Train Loss: 0.003581, Train Avg Loss: 0.001365, Time: 3:27:58
Epoch id: 20, Training steps: 700, Train Acc: 100.00%, Train Loss: 0.000726, Train Avg Loss: 0.001570, Time: 3:28:48
Epoch id: 20, Training steps: 800, Train Acc: 100.00%, Train Loss: 0.000590, Train Avg Loss: 0.001259, Time: 3:29:38
Epoch id: 20, Training steps: 900, Train Acc: 100.00%, Train Loss: 0.001008, Train Avg Loss: 0.001598, Time: 3:30:29
Epoch id: 20, Training steps: 1000, Train Acc: 100.00%, Train Loss: 0.000895, Train Avg Loss: 0.001439, Time: 3:31:19
Epoch id: 20, Training steps: 1100, Train Acc: 100.00%, Train Loss: 0.000533, Train Avg Loss: 0.001222, Time: 3:32:09
Start evaluation on dev dataset.
Acc. (Correct/Total): 56.96% micro-Prec: 0.7656 micro-Recall:0.7329 micro-F1: 0.7489 dev loss: 0.038247
Epoch id: 21, Training steps: 100, Train Acc: 100.00%, Train Loss: 0.000221, Train Avg Loss: 0.001446, Time: 3:34:04
Epoch id: 21, Training steps: 200, Train Acc: 100.00%, Train Loss: 0.000375, Train Avg Loss: 0.001088, Time: 3:34:54
Epoch id: 21, Training steps: 300, Train Acc: 100.00%, Train Loss: 0.000346, Train Avg Loss: 0.001018, Time: 3:35:44
Epoch id: 21, Training steps: 400, Train Acc: 100.00%, Train Loss: 0.001048, Train Avg Loss: 0.000934, Time: 3:36:34
Epoch id: 21, Training steps: 500, Train Acc: 87.50%, Train Loss: 0.001326, Train Avg Loss: 0.001105, Time: 3:37:25
Epoch id: 21, Training steps: 600, Train Acc: 100.00%, Train Loss: 0.000708, Train Avg Loss: 0.001046, Time: 3:38:15
Epoch id: 21, Training steps: 700, Train Acc: 87.50%, Train Loss: 0.001943, Train Avg Loss: 0.001159, Time: 3:39:05
Epoch id: 21, Training steps: 800, Train Acc: 100.00%, Train Loss: 0.000302, Train Avg Loss: 0.000728, Time: 3:39:55
Epoch id: 21, Training steps: 900, Train Acc: 100.00%, Train Loss: 0.000481, Train Avg Loss: 0.001136, Time: 3:40:45
Epoch id: 21, Training steps: 1000, Train Acc: 100.00%, Train Loss: 0.000403, Train Avg Loss: 0.001167, Time: 3:41:35
Epoch id: 21, Training steps: 1100, Train Acc: 87.50%, Train Loss: 0.001421, Train Avg Loss: 0.001198, Time: 3:42:25
Start evaluation on dev dataset.
Acc. (Correct/Total): 55.85% micro-Prec: 0.7758 micro-Recall:0.7112 micro-F1: 0.7421 dev loss: 0.038494
Epoch id: 22, Training steps: 100, Train Acc: 100.00%, Train Loss: 0.000864, Train Avg Loss: 0.001059, Time: 3:44:20
Epoch id: 22, Training steps: 200, Train Acc: 87.50%, Train Loss: 0.000920, Train Avg Loss: 0.000964, Time: 3:45:11
Epoch id: 22, Training steps: 300, Train Acc: 100.00%, Train Loss: 0.001093, Train Avg Loss: 0.000972, Time: 3:46:01
Epoch id: 22, Training steps: 400, Train Acc: 100.00%, Train Loss: 0.000399, Train Avg Loss: 0.000824, Time: 3:46:51
Epoch id: 22, Training steps: 500, Train Acc: 100.00%, Train Loss: 0.000521, Train Avg Loss: 0.000818, Time: 3:47:41
Epoch id: 22, Training steps: 600, Train Acc: 100.00%, Train Loss: 0.000556, Train Avg Loss: 0.000915, Time: 3:48:31
Epoch id: 22, Training steps: 700, Train Acc: 100.00%, Train Loss: 0.000239, Train Avg Loss: 0.000885, Time: 3:49:21
Epoch id: 22, Training steps: 800, Train Acc: 100.00%, Train Loss: 0.000430, Train Avg Loss: 0.001086, Time: 3:50:11
Epoch id: 22, Training steps: 900, Train Acc: 75.00%, Train Loss: 0.008456, Train Avg Loss: 0.001151, Time: 3:51:02
Epoch id: 22, Training steps: 1000, Train Acc: 100.00%, Train Loss: 0.000413, Train Avg Loss: 0.001307, Time: 3:51:52
Epoch id: 22, Training steps: 1100, Train Acc: 100.00%, Train Loss: 0.000909, Train Avg Loss: 0.000847, Time: 3:52:42
Start evaluation on dev dataset.
Acc. (Correct/Total): 57.44% micro-Prec: 0.7753 micro-Recall:0.7229 micro-F1: 0.7482 dev loss: 0.039360
Epoch id: 23, Training steps: 100, Train Acc: 100.00%, Train Loss: 0.000455, Train Avg Loss: 0.001373, Time: 3:54:37
Epoch id: 23, Training steps: 200, Train Acc: 100.00%, Train Loss: 0.000131, Train Avg Loss: 0.001125, Time: 3:55:27
Epoch id: 23, Training steps: 300, Train Acc: 87.50%, Train Loss: 0.003003, Train Avg Loss: 0.002229, Time: 3:56:18
Epoch id: 23, Training steps: 400, Train Acc: 100.00%, Train Loss: 0.000603, Train Avg Loss: 0.001234, Time: 3:57:08
Epoch id: 23, Training steps: 500, Train Acc: 87.50%, Train Loss: 0.000917, Train Avg Loss: 0.001008, Time: 3:57:58
Epoch id: 23, Training steps: 600, Train Acc: 100.00%, Train Loss: 0.000547, Train Avg Loss: 0.001011, Time: 3:58:48
Epoch id: 23, Training steps: 700, Train Acc: 75.00%, Train Loss: 0.001370, Train Avg Loss: 0.000825, Time: 3:59:38
Epoch id: 23, Training steps: 800, Train Acc: 87.50%, Train Loss: 0.001154, Train Avg Loss: 0.001212, Time: 4:00:28
Epoch id: 23, Training steps: 900, Train Acc: 75.00%, Train Loss: 0.003038, Train Avg Loss: 0.001468, Time: 4:01:19
Epoch id: 23, Training steps: 1000, Train Acc: 100.00%, Train Loss: 0.002134, Train Avg Loss: 0.001330, Time: 4:02:09
Epoch id: 23, Training steps: 1100, Train Acc: 87.50%, Train Loss: 0.002339, Train Avg Loss: 0.001086, Time: 4:02:59
Start evaluation on dev dataset.
Acc. (Correct/Total): 58.11% micro-Prec: 0.7746 micro-Recall:0.7310 micro-F1: 0.7522 dev loss: 0.039969
Start evaluation on test dataset.
Acc. (Correct/Total): 63.33% micro-Prec: 0.8172 micro-Recall:0.7763 micro-F1: 0.7962 dev loss: 0.031458
Epoch id: 24, Training steps: 100, Train Acc: 100.00%, Train Loss: 0.000261, Train Avg Loss: 0.001704, Time: 4:05:40
Epoch id: 24, Training steps: 200, Train Acc: 100.00%, Train Loss: 0.000207, Train Avg Loss: 0.000926, Time: 4:06:30
Epoch id: 24, Training steps: 300, Train Acc: 87.50%, Train Loss: 0.001531, Train Avg Loss: 0.000678, Time: 4:07:20
Epoch id: 24, Training steps: 400, Train Acc: 100.00%, Train Loss: 0.000404, Train Avg Loss: 0.000872, Time: 4:08:10
Epoch id: 24, Training steps: 500, Train Acc: 100.00%, Train Loss: 0.000525, Train Avg Loss: 0.000972, Time: 4:09:00
Epoch id: 24, Training steps: 600, Train Acc: 87.50%, Train Loss: 0.001138, Train Avg Loss: 0.001036, Time: 4:09:51
Epoch id: 24, Training steps: 700, Train Acc: 100.00%, Train Loss: 0.001300, Train Avg Loss: 0.000866, Time: 4:10:41
Epoch id: 24, Training steps: 800, Train Acc: 100.00%, Train Loss: 0.000108, Train Avg Loss: 0.000877, Time: 4:11:31
Epoch id: 24, Training steps: 900, Train Acc: 100.00%, Train Loss: 0.000449, Train Avg Loss: 0.000617, Time: 4:12:21
Epoch id: 24, Training steps: 1000, Train Acc: 100.00%, Train Loss: 0.000280, Train Avg Loss: 0.000998, Time: 4:13:11
Epoch id: 24, Training steps: 1100, Train Acc: 100.00%, Train Loss: 0.000589, Train Avg Loss: 0.000942, Time: 4:14:01
Start evaluation on dev dataset.
Acc. (Correct/Total): 56.29% micro-Prec: 0.7683 micro-Recall:0.7203 micro-F1: 0.7435 dev loss: 0.041037
Epoch id: 25, Training steps: 100, Train Acc: 100.00%, Train Loss: 0.000698, Train Avg Loss: 0.001424, Time: 4:15:57
Epoch id: 25, Training steps: 200, Train Acc: 100.00%, Train Loss: 0.000208, Train Avg Loss: 0.000785, Time: 4:16:47
Epoch id: 25, Training steps: 300, Train Acc: 87.50%, Train Loss: 0.001895, Train Avg Loss: 0.000865, Time: 4:17:37
Epoch id: 25, Training steps: 400, Train Acc: 100.00%, Train Loss: 0.000462, Train Avg Loss: 0.001067, Time: 4:18:27
Epoch id: 25, Training steps: 500, Train Acc: 100.00%, Train Loss: 0.000167, Train Avg Loss: 0.001063, Time: 4:19:18
Epoch id: 25, Training steps: 600, Train Acc: 100.00%, Train Loss: 0.001033, Train Avg Loss: 0.000916, Time: 4:20:08
Epoch id: 25, Training steps: 700, Train Acc: 87.50%, Train Loss: 0.001329, Train Avg Loss: 0.001426, Time: 4:20:58
Epoch id: 25, Training steps: 800, Train Acc: 100.00%, Train Loss: 0.000222, Train Avg Loss: 0.001530, Time: 4:21:48
Epoch id: 25, Training steps: 900, Train Acc: 87.50%, Train Loss: 0.001191, Train Avg Loss: 0.000942, Time: 4:22:38
Epoch id: 25, Training steps: 1000, Train Acc: 100.00%, Train Loss: 0.000344, Train Avg Loss: 0.001362, Time: 4:23:29
Epoch id: 25, Training steps: 1100, Train Acc: 87.50%, Train Loss: 0.000896, Train Avg Loss: 0.000725, Time: 4:24:19
Start evaluation on dev dataset.
Acc. (Correct/Total): 57.15% micro-Prec: 0.7704 micro-Recall:0.7300 micro-F1: 0.7497 dev loss: 0.040112
Epoch id: 26, Training steps: 100, Train Acc: 87.50%, Train Loss: 0.001640, Train Avg Loss: 0.001171, Time: 4:26:14
Epoch id: 26, Training steps: 200, Train Acc: 75.00%, Train Loss: 0.009838, Train Avg Loss: 0.001114, Time: 4:27:04
Epoch id: 26, Training steps: 300, Train Acc: 100.00%, Train Loss: 0.000517, Train Avg Loss: 0.001244, Time: 4:27:54
Epoch id: 26, Training steps: 400, Train Acc: 100.00%, Train Loss: 0.000309, Train Avg Loss: 0.000896, Time: 4:28:44
Epoch id: 26, Training steps: 500, Train Acc: 100.00%, Train Loss: 0.000174, Train Avg Loss: 0.000576, Time: 4:29:35
Epoch id: 26, Training steps: 600, Train Acc: 100.00%, Train Loss: 0.000781, Train Avg Loss: 0.000784, Time: 4:30:25
Epoch id: 26, Training steps: 700, Train Acc: 100.00%, Train Loss: 0.000796, Train Avg Loss: 0.001028, Time: 4:31:15
Epoch id: 26, Training steps: 800, Train Acc: 100.00%, Train Loss: 0.000562, Train Avg Loss: 0.000928, Time: 4:32:05
Epoch id: 26, Training steps: 900, Train Acc: 100.00%, Train Loss: 0.000111, Train Avg Loss: 0.000729, Time: 4:32:55
Epoch id: 26, Training steps: 1000, Train Acc: 100.00%, Train Loss: 0.000562, Train Avg Loss: 0.000673, Time: 4:33:46
Epoch id: 26, Training steps: 1100, Train Acc: 100.00%, Train Loss: 0.000297, Train Avg Loss: 0.000704, Time: 4:34:36
Start evaluation on dev dataset.
Acc. (Correct/Total): 58.11% micro-Prec: 0.7773 micro-Recall:0.7400 micro-F1: 0.7582 dev loss: 0.038605
Epoch id: 27, Training steps: 100, Train Acc: 100.00%, Train Loss: 0.002460, Train Avg Loss: 0.000722, Time: 4:36:31
Epoch id: 27, Training steps: 200, Train Acc: 100.00%, Train Loss: 0.000505, Train Avg Loss: 0.000554, Time: 4:37:21
Epoch id: 27, Training steps: 300, Train Acc: 87.50%, Train Loss: 0.003363, Train Avg Loss: 0.000513, Time: 4:38:11
Epoch id: 27, Training steps: 400, Train Acc: 100.00%, Train Loss: 0.000373, Train Avg Loss: 0.000477, Time: 4:39:02
Epoch id: 27, Training steps: 500, Train Acc: 100.00%, Train Loss: 0.000268, Train Avg Loss: 0.000358, Time: 4:39:52
Epoch id: 27, Training steps: 600, Train Acc: 87.50%, Train Loss: 0.002042, Train Avg Loss: 0.000677, Time: 4:40:42
Epoch id: 27, Training steps: 700, Train Acc: 100.00%, Train Loss: 0.000427, Train Avg Loss: 0.000408, Time: 4:41:32
Epoch id: 27, Training steps: 800, Train Acc: 100.00%, Train Loss: 0.000589, Train Avg Loss: 0.001324, Time: 4:42:22
Epoch id: 27, Training steps: 900, Train Acc: 100.00%, Train Loss: 0.000381, Train Avg Loss: 0.000592, Time: 4:43:12
Epoch id: 27, Training steps: 1000, Train Acc: 100.00%, Train Loss: 0.000286, Train Avg Loss: 0.000608, Time: 4:44:03
Epoch id: 27, Training steps: 1100, Train Acc: 100.00%, Train Loss: 0.000207, Train Avg Loss: 0.000696, Time: 4:44:53
Start evaluation on dev dataset.
Acc. (Correct/Total): 55.47% micro-Prec: 0.7550 micro-Recall:0.7154 micro-F1: 0.7347 dev loss: 0.043536
Epoch id: 28, Training steps: 100, Train Acc: 100.00%, Train Loss: 0.000054, Train Avg Loss: 0.001596, Time: 4:46:48
Epoch id: 28, Training steps: 200, Train Acc: 87.50%, Train Loss: 0.002057, Train Avg Loss: 0.001252, Time: 4:47:38
Epoch id: 28, Training steps: 300, Train Acc: 100.00%, Train Loss: 0.000327, Train Avg Loss: 0.000573, Time: 4:48:28
Epoch id: 28, Training steps: 400, Train Acc: 100.00%, Train Loss: 0.000265, Train Avg Loss: 0.000745, Time: 4:49:18
Epoch id: 28, Training steps: 500, Train Acc: 100.00%, Train Loss: 0.000394, Train Avg Loss: 0.001250, Time: 4:50:09
Epoch id: 28, Training steps: 600, Train Acc: 87.50%, Train Loss: 0.001845, Train Avg Loss: 0.001626, Time: 4:50:59
Epoch id: 28, Training steps: 700, Train Acc: 100.00%, Train Loss: 0.000575, Train Avg Loss: 0.000806, Time: 4:51:49
Epoch id: 28, Training steps: 800, Train Acc: 100.00%, Train Loss: 0.000363, Train Avg Loss: 0.000950, Time: 4:52:39
Epoch id: 28, Training steps: 900, Train Acc: 100.00%, Train Loss: 0.000236, Train Avg Loss: 0.000575, Time: 4:53:29
Epoch id: 28, Training steps: 1000, Train Acc: 100.00%, Train Loss: 0.000108, Train Avg Loss: 0.000588, Time: 4:54:19
Epoch id: 28, Training steps: 1100, Train Acc: 100.00%, Train Loss: 0.000069, Train Avg Loss: 0.000780, Time: 4:55:10
Start evaluation on dev dataset.
Acc. (Correct/Total): 57.01% micro-Prec: 0.7673 micro-Recall:0.7355 micro-F1: 0.7511 dev loss: 0.041271
Epoch id: 29, Training steps: 100, Train Acc: 100.00%, Train Loss: 0.000812, Train Avg Loss: 0.000641, Time: 4:57:05
Epoch id: 29, Training steps: 200, Train Acc: 100.00%, Train Loss: 0.000147, Train Avg Loss: 0.000359, Time: 4:57:55
Epoch id: 29, Training steps: 300, Train Acc: 100.00%, Train Loss: 0.000207, Train Avg Loss: 0.000600, Time: 4:58:45
Epoch id: 29, Training steps: 400, Train Acc: 100.00%, Train Loss: 0.000109, Train Avg Loss: 0.000434, Time: 4:59:35
Epoch id: 29, Training steps: 500, Train Acc: 100.00%, Train Loss: 0.000859, Train Avg Loss: 0.000630, Time: 5:00:25
Epoch id: 29, Training steps: 600, Train Acc: 75.00%, Train Loss: 0.010189, Train Avg Loss: 0.000736, Time: 5:01:16
Epoch id: 29, Training steps: 700, Train Acc: 100.00%, Train Loss: 0.000023, Train Avg Loss: 0.000576, Time: 5:02:06
Epoch id: 29, Training steps: 800, Train Acc: 100.00%, Train Loss: 0.000241, Train Avg Loss: 0.000388, Time: 5:02:56
Epoch id: 29, Training steps: 900, Train Acc: 100.00%, Train Loss: 0.001163, Train Avg Loss: 0.000528, Time: 5:03:46
Epoch id: 29, Training steps: 1000, Train Acc: 100.00%, Train Loss: 0.000100, Train Avg Loss: 0.000537, Time: 5:04:36
Epoch id: 29, Training steps: 1100, Train Acc: 100.00%, Train Loss: 0.000351, Train Avg Loss: 0.000448, Time: 5:05:26
Start evaluation on dev dataset.
Acc. (Correct/Total): 57.58% micro-Prec: 0.7798 micro-Recall:0.7384 micro-F1: 0.7586 dev loss: 0.040776
Epoch id: 30, Training steps: 100, Train Acc: 87.50%, Train Loss: 0.001450, Train Avg Loss: 0.001656, Time: 5:07:22
Epoch id: 30, Training steps: 200, Train Acc: 100.00%, Train Loss: 0.000215, Train Avg Loss: 0.000443, Time: 5:08:12
Epoch id: 30, Training steps: 300, Train Acc: 100.00%, Train Loss: 0.000352, Train Avg Loss: 0.000543, Time: 5:09:02
Epoch id: 30, Training steps: 400, Train Acc: 87.50%, Train Loss: 0.001012, Train Avg Loss: 0.000883, Time: 5:09:52
Epoch id: 30, Training steps: 500, Train Acc: 100.00%, Train Loss: 0.000208, Train Avg Loss: 0.000615, Time: 5:10:43
Epoch id: 30, Training steps: 600, Train Acc: 100.00%, Train Loss: 0.000174, Train Avg Loss: 0.000393, Time: 5:11:33
Epoch id: 30, Training steps: 700, Train Acc: 87.50%, Train Loss: 0.004196, Train Avg Loss: 0.001137, Time: 5:12:23
Epoch id: 30, Training steps: 800, Train Acc: 100.00%, Train Loss: 0.000232, Train Avg Loss: 0.000698, Time: 5:13:13
Epoch id: 30, Training steps: 900, Train Acc: 100.00%, Train Loss: 0.000038, Train Avg Loss: 0.000562, Time: 5:14:03
Epoch id: 30, Training steps: 1000, Train Acc: 100.00%, Train Loss: 0.000734, Train Avg Loss: 0.000523, Time: 5:14:53
Epoch id: 30, Training steps: 1100, Train Acc: 100.00%, Train Loss: 0.000094, Train Avg Loss: 0.000670, Time: 5:15:44
Start evaluation on dev dataset.
Acc. (Correct/Total): 57.49% micro-Prec: 0.7674 micro-Recall:0.7368 micro-F1: 0.7518 dev loss: 0.043069
Epoch id: 31, Training steps: 100, Train Acc: 100.00%, Train Loss: 0.000105, Train Avg Loss: 0.000688, Time: 5:17:39
Epoch id: 31, Training steps: 200, Train Acc: 100.00%, Train Loss: 0.000443, Train Avg Loss: 0.000403, Time: 5:18:29
Epoch id: 31, Training steps: 300, Train Acc: 100.00%, Train Loss: 0.000287, Train Avg Loss: 0.000336, Time: 5:19:19
Epoch id: 31, Training steps: 400, Train Acc: 100.00%, Train Loss: 0.000148, Train Avg Loss: 0.000387, Time: 5:20:09
Epoch id: 31, Training steps: 500, Train Acc: 100.00%, Train Loss: 0.000214, Train Avg Loss: 0.000490, Time: 5:20:59
Epoch id: 31, Training steps: 600, Train Acc: 100.00%, Train Loss: 0.001695, Train Avg Loss: 0.000714, Time: 5:21:49
Epoch id: 31, Training steps: 700, Train Acc: 100.00%, Train Loss: 0.000123, Train Avg Loss: 0.001395, Time: 5:22:40
Epoch id: 31, Training steps: 800, Train Acc: 100.00%, Train Loss: 0.000156, Train Avg Loss: 0.000943, Time: 5:23:30
Epoch id: 31, Training steps: 900, Train Acc: 87.50%, Train Loss: 0.002950, Train Avg Loss: 0.000809, Time: 5:24:20
Epoch id: 31, Training steps: 1000, Train Acc: 100.00%, Train Loss: 0.000400, Train Avg Loss: 0.001106, Time: 5:25:10
Epoch id: 31, Training steps: 1100, Train Acc: 100.00%, Train Loss: 0.000102, Train Avg Loss: 0.001101, Time: 5:26:00
Start evaluation on dev dataset.
Acc. (Correct/Total): 56.38% micro-Prec: 0.7678 micro-Recall:0.7109 micro-F1: 0.7383 dev loss: 0.044444
Epoch id: 32, Training steps: 100, Train Acc: 100.00%, Train Loss: 0.000395, Train Avg Loss: 0.000989, Time: 5:27:56
Epoch id: 32, Training steps: 200, Train Acc: 87.50%, Train Loss: 0.004159, Train Avg Loss: 0.000934, Time: 5:28:46
Epoch id: 32, Training steps: 300, Train Acc: 100.00%, Train Loss: 0.000162, Train Avg Loss: 0.001013, Time: 5:29:36
Epoch id: 32, Training steps: 400, Train Acc: 100.00%, Train Loss: 0.000217, Train Avg Loss: 0.000705, Time: 5:30:26
Epoch id: 32, Training steps: 500, Train Acc: 87.50%, Train Loss: 0.002311, Train Avg Loss: 0.003462, Time: 5:31:16
Epoch id: 32, Training steps: 600, Train Acc: 87.50%, Train Loss: 0.000704, Train Avg Loss: 0.001884, Time: 5:32:06
Epoch id: 32, Training steps: 700, Train Acc: 87.50%, Train Loss: 0.001082, Train Avg Loss: 0.001503, Time: 5:32:56
Epoch id: 32, Training steps: 800, Train Acc: 87.50%, Train Loss: 0.003125, Train Avg Loss: 0.000823, Time: 5:33:47
Epoch id: 32, Training steps: 900, Train Acc: 100.00%, Train Loss: 0.000961, Train Avg Loss: 0.000855, Time: 5:34:37
Epoch id: 32, Training steps: 1000, Train Acc: 100.00%, Train Loss: 0.000086, Train Avg Loss: 0.001264, Time: 5:35:27
Epoch id: 32, Training steps: 1100, Train Acc: 100.00%, Train Loss: 0.000070, Train Avg Loss: 0.000439, Time: 5:36:17
Start evaluation on dev dataset.
Acc. (Correct/Total): 57.10% micro-Prec: 0.7553 micro-Recall:0.7433 micro-F1: 0.7492 dev loss: 0.043331
Final evaluation on the test dataset.
The number of evaluation instances:  2067
Acc. (Correct/Total): 61.49% micro-Prec: 0.8376 micro-Recall:0.7304 micro-F1: 0.7803 dev loss: 0.028783
              precision    recall  f1-score   support

         教育学     0.8722    0.9627    0.9152       241
          法学     0.8700    0.8661    0.8680       224
      中国语言文学     0.8362    0.8000    0.8177       185
         政治学     0.8240    0.6319    0.7153       163
         社会学     0.8897    0.8217    0.8543       157
         心理学     0.8734    0.5610    0.6832       123
       应用经济学     0.7381    0.5299    0.6169       117
         历史学     0.9706    0.6055    0.7458       109
     环境科学与工程     0.9506    0.7130    0.8148       108
          哲学     0.8679    0.4742    0.6133        97
      外国语言文学     0.7473    0.8000    0.7727        85
         生物学     0.8125    0.8228    0.8176        79
      交通运输工程     0.9351    0.9231    0.9290        78
        临床医学     0.8551    0.7763    0.8138        76
    计算机科学与技术     0.7531    0.8592    0.8026        71
        土木工程     0.9552    0.9697    0.9624        66
   航空宇航科学与技术     0.9815    0.8689    0.9217        61
         民族学     0.7872    0.6727    0.7255        55
   公共卫生与预防医学     0.8276    0.4706    0.6000        51
         美术学     0.8868    0.9400    0.9126        50
         艺术学     0.7826    0.8372    0.8090        43
         地理学     0.7674    0.7857    0.7765        42
         体育学     0.8750    0.5250    0.6563        40
       理论经济学     0.7714    0.7105    0.7397        38
         中医学     0.8684    0.8919    0.8800        37
         物理学     0.8000    0.8889    0.8421        36
          林学     0.8182    0.5455    0.6545        33
          数学     0.8333    0.3125    0.4545        32
     电子科学与技术     0.7222    0.4194    0.5306        31
        基础医学     0.6667    0.3448    0.4545        29
        工商管理     0.7500    0.6667    0.7059        27
       新闻传播学     0.7391    0.7727    0.7556        22
         天文学     0.7200    0.8182    0.7660        22
         地质学     0.8421    0.7619    0.8000        21
         畜牧学     0.8636    0.9048    0.8837        21
   军事思想及军事历史     0.7500    0.7500    0.7500        20
     管理科学与工程     0.7222    0.7222    0.7222        18
     测绘科学与技术     0.7059    0.7059    0.7059        17
        水利工程     0.8462    0.6875    0.7586        16
        大气科学     0.7647    0.8125    0.7879        16
     兵器科学与技术     0.6000    0.8000    0.6857        15
       地球物理学     0.2500    0.0714    0.1111        14
        电气工程     1.0000    0.5385    0.7000        13
         作物学     0.8182    0.6923    0.7500        13
     控制科学与工程     0.4286    0.2308    0.3000        13
     信息与通信工程     0.6429    0.6923    0.6667        13
        公共管理     0.8333    0.3846    0.5263        13
         建筑学     1.0000    0.3077    0.4706        13
     化学工程与技术     0.9000    0.7500    0.8182        12
          力学     1.0000    0.5455    0.7059        11
        海洋科学     0.9091    0.9091    0.9091        11
     轻工技术与工程     0.5000    0.3636    0.4211        11
        农业工程     1.0000    0.2000    0.3333        10
         园艺学     0.7500    0.6000    0.6667        10
       中西医结合     1.0000    0.7000    0.8235        10
        机械工程     1.0000    0.7778    0.8750         9
       科学技术史     1.0000    0.6250    0.7692         8
     船舶与海洋工程     0.7778    0.8750    0.8235         8
   图书情报与档案管理     0.5385    0.8750    0.6667         8
        植物保护     0.8750    0.8750    0.8750         8
     材料科学与工程     0.8571    0.7500    0.8000         8
         统计学     0.5833    0.8750    0.7000         8
          化学     0.7500    0.7500    0.7500         8
     食品科学与工程     1.0000    0.6250    0.7692         8
          水产     1.0000    0.8571    0.9231         7
          药学     0.7500    0.8571    0.8000         7
     农业资源与环境     0.6667    0.2857    0.4000         7
         世界史     1.0000    0.7143    0.8333         7
        系统科学     1.0000    0.5714    0.7273         7
      农林经济管理     0.8333    1.0000    0.9091         5
       军队指挥学     1.0000    0.4000    0.5714         5
        矿业工程     0.6667    0.4000    0.5000         5
     纺织科学与工程     0.7143    1.0000    0.8333         5
  动力工程及工程热物理     0.0000    0.0000    0.0000         4
        林业工程     0.6667    0.5000    0.5714         4
     仪器科学与技术     0.0000    0.0000    0.0000         3
         战略学     1.0000    0.6667    0.8000         3
   地质资源与地质工程     0.5000    1.0000    0.6667         3
        旅游管理     1.0000    1.0000    1.0000         3
 图书馆、情报与档案管理     0.0000    0.0000    0.0000         2
        冶金工程     0.0000    0.0000    0.0000         2
      核科学与技术     0.0000    0.0000    0.0000         2

   micro avg     0.8376    0.7304    0.7803      3093
   macro avg     0.7641    0.6463    0.6803      3093
weighted avg     0.8369    0.7304    0.7681      3093
 samples avg     0.7925    0.7463    0.7556      3093

