nohup: 忽略输入
  0%|          | 0/82 [00:00<?, ?it/s]100%|██████████| 82/82 [00:00<00:00, 1150277.35it/s]
model:  ernie-rcnn-catlstmwide
pretrained:  ernie3
task:  MLC-slice
dataset:  book_multilabels_task_slice
seq_length:  256
hidden_dropout_prob:  0.1
attention_probs_dropout_prob:  0.1
epochs_num:  32
batch_size:  8
learning_rate:  2e-05
report_steps:  100
kg_name:  CnDbpedia
no_kg:  True
no_vm:  True
GPU:  NVIDIA GeForce RTX 2080 Ti
Vocabulary Size:  39979
[BertClassifier] use visible_matrix: False
Some weights of ErnieRCNNForMultiLabelSequenceClassificationSliceCatLSTMWide were not initialized from the model checkpoint at ./models/ernie3 and are newly initialized: ['lstm.bias_hh_l1', 'lstm.weight_ih_l1', 'output_layer_1.bias', 'lstm.bias_hh_l1_reverse', 'lstm.bias_ih_l0', 'classifier.weight', 'lstm.bias_hh_l0_reverse', 'classifier.bias', 'lstm.weight_ih_l1_reverse', 'lstm.bias_ih_l1_reverse', 'output_layer_1.weight', 'lstm.bias_hh_l0', 'lstm.weight_ih_l0', 'lstm.weight_hh_l0', 'lstm.weight_hh_l0_reverse', 'lstm.bias_ih_l1', 'lstm.weight_hh_l1_reverse', 'lstm.bias_ih_l0_reverse', 'lstm.weight_ih_l0_reverse', 'lstm.weight_hh_l1']
You should probably TRAIN this model on a down-stream task to be able to use it for predictions and inference.
1 GPUs are available. Let's use them.
device:  cuda
Start training.
Loading sentences from ./datasets/book_multilabels_task_slice/train.tsv
There are 9097 sentence in total. We use 1 processes to inject knowledge into sentences.
Progress of process 0: 0/9097
Loading sentences from ./datasets/book_multilabels_task_slice/dev.tsv
There are 2084 sentence in total. We use 1 processes to inject knowledge into sentences.
Progress of process 0: 0/2084
Loading sentences from ./datasets/book_multilabels_task_slice/test.tsv
There are 2067 sentence in total. We use 1 processes to inject knowledge into sentences.
Progress of process 0: 0/2067
Epoch id: 1, Training steps: 100, Train Acc:  0.00%, Train Loss: 0.090869, Train Avg Loss: 0.204647, Time: 0:00:50
Epoch id: 1, Training steps: 200, Train Acc:  0.00%, Train Loss: 0.083208, Train Avg Loss: 0.082830, Time: 0:01:41
Epoch id: 1, Training steps: 300, Train Acc:  0.00%, Train Loss: 0.083274, Train Avg Loss: 0.080669, Time: 0:02:33
Epoch id: 1, Training steps: 400, Train Acc:  0.00%, Train Loss: 0.088570, Train Avg Loss: 0.079625, Time: 0:03:24
Epoch id: 1, Training steps: 500, Train Acc:  0.00%, Train Loss: 0.082482, Train Avg Loss: 0.076852, Time: 0:04:16
Epoch id: 1, Training steps: 600, Train Acc:  0.00%, Train Loss: 0.072221, Train Avg Loss: 0.073391, Time: 0:05:07
Epoch id: 1, Training steps: 700, Train Acc:  0.00%, Train Loss: 0.067852, Train Avg Loss: 0.065824, Time: 0:05:59
Epoch id: 1, Training steps: 800, Train Acc:  0.00%, Train Loss: 0.064683, Train Avg Loss: 0.061561, Time: 0:06:51
Epoch id: 1, Training steps: 900, Train Acc:  0.00%, Train Loss: 0.067169, Train Avg Loss: 0.058141, Time: 0:07:42
Epoch id: 1, Training steps: 1000, Train Acc:  0.00%, Train Loss: 0.044502, Train Avg Loss: 0.054525, Time: 0:08:34
Epoch id: 1, Training steps: 1100, Train Acc:  0.00%, Train Loss: 0.044007, Train Avg Loss: 0.051100, Time: 0:09:25
Start evaluation on dev dataset.
Acc. (Correct/Total):  7.53% micro-Prec: 0.9252 micro-Recall:0.0961 micro-F1: 0.1742 dev loss: 0.053248
Start evaluation on test dataset.
Acc. (Correct/Total): 10.79% micro-Prec: 0.9732 micro-Recall:0.1406 micro-F1: 0.2458 dev loss: 0.050775
Epoch id: 2, Training steps: 100, Train Acc:  0.00%, Train Loss: 0.048685, Train Avg Loss: 0.063723, Time: 0:12:12
Epoch id: 2, Training steps: 200, Train Acc: 25.00%, Train Loss: 0.062884, Train Avg Loss: 0.044748, Time: 0:13:04
Epoch id: 2, Training steps: 300, Train Acc: 25.00%, Train Loss: 0.011380, Train Avg Loss: 0.038136, Time: 0:13:56
Epoch id: 2, Training steps: 400, Train Acc:  0.00%, Train Loss: 0.043083, Train Avg Loss: 0.037055, Time: 0:14:47
Epoch id: 2, Training steps: 500, Train Acc:  0.00%, Train Loss: 0.049931, Train Avg Loss: 0.036018, Time: 0:15:39
Epoch id: 2, Training steps: 600, Train Acc: 12.50%, Train Loss: 0.055796, Train Avg Loss: 0.037244, Time: 0:16:30
Epoch id: 2, Training steps: 700, Train Acc:  0.00%, Train Loss: 0.031924, Train Avg Loss: 0.036214, Time: 0:17:22
Epoch id: 2, Training steps: 800, Train Acc: 37.50%, Train Loss: 0.011690, Train Avg Loss: 0.033175, Time: 0:18:13
Epoch id: 2, Training steps: 900, Train Acc: 37.50%, Train Loss: 0.024401, Train Avg Loss: 0.032385, Time: 0:19:05
Epoch id: 2, Training steps: 1000, Train Acc: 37.50%, Train Loss: 0.026801, Train Avg Loss: 0.033764, Time: 0:19:57
Epoch id: 2, Training steps: 1100, Train Acc: 25.00%, Train Loss: 0.025575, Train Avg Loss: 0.031521, Time: 0:20:48
Start evaluation on dev dataset.
Acc. (Correct/Total): 22.46% micro-Prec: 0.8709 micro-Recall:0.2816 micro-F1: 0.4256 dev loss: 0.043906
Start evaluation on test dataset.
Acc. (Correct/Total): 29.08% micro-Prec: 0.9212 micro-Recall:0.3514 micro-F1: 0.5088 dev loss: 0.039963
Epoch id: 3, Training steps: 100, Train Acc: 50.00%, Train Loss: 0.018311, Train Avg Loss: 0.039160, Time: 0:23:34
Epoch id: 3, Training steps: 200, Train Acc: 37.50%, Train Loss: 0.018575, Train Avg Loss: 0.026814, Time: 0:24:26
Epoch id: 3, Training steps: 300, Train Acc: 75.00%, Train Loss: 0.018905, Train Avg Loss: 0.026822, Time: 0:25:17
Epoch id: 3, Training steps: 400, Train Acc:  0.00%, Train Loss: 0.031925, Train Avg Loss: 0.024785, Time: 0:26:09
Epoch id: 3, Training steps: 500, Train Acc: 25.00%, Train Loss: 0.029894, Train Avg Loss: 0.025345, Time: 0:27:01
Epoch id: 3, Training steps: 600, Train Acc: 37.50%, Train Loss: 0.018949, Train Avg Loss: 0.027267, Time: 0:27:52
Epoch id: 3, Training steps: 700, Train Acc: 50.00%, Train Loss: 0.026792, Train Avg Loss: 0.023829, Time: 0:28:44
Epoch id: 3, Training steps: 800, Train Acc: 37.50%, Train Loss: 0.025511, Train Avg Loss: 0.024878, Time: 0:29:35
Epoch id: 3, Training steps: 900, Train Acc: 25.00%, Train Loss: 0.043087, Train Avg Loss: 0.023813, Time: 0:30:27
Epoch id: 3, Training steps: 1000, Train Acc: 25.00%, Train Loss: 0.023429, Train Avg Loss: 0.023587, Time: 0:31:18
Epoch id: 3, Training steps: 1100, Train Acc: 37.50%, Train Loss: 0.021262, Train Avg Loss: 0.026221, Time: 0:32:10
Start evaluation on dev dataset.
Acc. (Correct/Total): 32.44% micro-Prec: 0.8651 micro-Recall:0.3924 micro-F1: 0.5399 dev loss: 0.038973
Start evaluation on test dataset.
Acc. (Correct/Total): 39.53% micro-Prec: 0.9150 micro-Recall:0.4769 micro-F1: 0.6270 dev loss: 0.035469
Epoch id: 4, Training steps: 100, Train Acc: 50.00%, Train Loss: 0.025739, Train Avg Loss: 0.028698, Time: 0:34:57
Epoch id: 4, Training steps: 200, Train Acc: 12.50%, Train Loss: 0.029442, Train Avg Loss: 0.020666, Time: 0:35:49
Epoch id: 4, Training steps: 300, Train Acc: 50.00%, Train Loss: 0.029547, Train Avg Loss: 0.020303, Time: 0:36:40
Epoch id: 4, Training steps: 400, Train Acc: 37.50%, Train Loss: 0.028607, Train Avg Loss: 0.021061, Time: 0:37:32
Epoch id: 4, Training steps: 500, Train Acc: 25.00%, Train Loss: 0.033583, Train Avg Loss: 0.020001, Time: 0:38:24
Epoch id: 4, Training steps: 600, Train Acc: 37.50%, Train Loss: 0.023727, Train Avg Loss: 0.018000, Time: 0:39:15
Epoch id: 4, Training steps: 700, Train Acc: 50.00%, Train Loss: 0.007485, Train Avg Loss: 0.021201, Time: 0:40:07
Epoch id: 4, Training steps: 800, Train Acc: 50.00%, Train Loss: 0.015448, Train Avg Loss: 0.019612, Time: 0:40:59
Epoch id: 4, Training steps: 900, Train Acc: 50.00%, Train Loss: 0.006028, Train Avg Loss: 0.018430, Time: 0:41:50
Epoch id: 4, Training steps: 1000, Train Acc: 25.00%, Train Loss: 0.031889, Train Avg Loss: 0.019285, Time: 0:42:42
Epoch id: 4, Training steps: 1100, Train Acc: 62.50%, Train Loss: 0.010515, Train Avg Loss: 0.018447, Time: 0:43:33
Start evaluation on dev dataset.
Acc. (Correct/Total): 41.27% micro-Prec: 0.8565 micro-Recall:0.4947 micro-F1: 0.6271 dev loss: 0.038497
Start evaluation on test dataset.
Acc. (Correct/Total): 48.33% micro-Prec: 0.8960 micro-Recall:0.5684 micro-F1: 0.6955 dev loss: 0.034621
Epoch id: 5, Training steps: 100, Train Acc: 37.50%, Train Loss: 0.021293, Train Avg Loss: 0.024296, Time: 0:46:19
Epoch id: 5, Training steps: 200, Train Acc: 37.50%, Train Loss: 0.018702, Train Avg Loss: 0.016253, Time: 0:47:11
Epoch id: 5, Training steps: 300, Train Acc: 62.50%, Train Loss: 0.005285, Train Avg Loss: 0.016395, Time: 0:48:03
Epoch id: 5, Training steps: 400, Train Acc: 37.50%, Train Loss: 0.018451, Train Avg Loss: 0.016068, Time: 0:48:55
Epoch id: 5, Training steps: 500, Train Acc: 37.50%, Train Loss: 0.015300, Train Avg Loss: 0.016207, Time: 0:49:46
Epoch id: 5, Training steps: 600, Train Acc: 62.50%, Train Loss: 0.008133, Train Avg Loss: 0.015969, Time: 0:50:38
Epoch id: 5, Training steps: 700, Train Acc: 25.00%, Train Loss: 0.047742, Train Avg Loss: 0.016772, Time: 0:51:30
Epoch id: 5, Training steps: 800, Train Acc: 62.50%, Train Loss: 0.007989, Train Avg Loss: 0.016610, Time: 0:52:21
Epoch id: 5, Training steps: 900, Train Acc: 37.50%, Train Loss: 0.017404, Train Avg Loss: 0.016648, Time: 0:53:13
Epoch id: 5, Training steps: 1000, Train Acc: 37.50%, Train Loss: 0.017158, Train Avg Loss: 0.014854, Time: 0:54:04
Epoch id: 5, Training steps: 1100, Train Acc: 37.50%, Train Loss: 0.009209, Train Avg Loss: 0.016402, Time: 0:54:56
Start evaluation on dev dataset.
Acc. (Correct/Total): 46.83% micro-Prec: 0.8359 micro-Recall:0.5490 micro-F1: 0.6628 dev loss: 0.037887
Start evaluation on test dataset.
Acc. (Correct/Total): 52.39% micro-Prec: 0.8751 micro-Recall:0.6091 micro-F1: 0.7183 dev loss: 0.033898
Epoch id: 6, Training steps: 100, Train Acc: 62.50%, Train Loss: 0.013989, Train Avg Loss: 0.019606, Time: 0:57:43
Epoch id: 6, Training steps: 200, Train Acc: 50.00%, Train Loss: 0.016036, Train Avg Loss: 0.013339, Time: 0:58:35
Epoch id: 6, Training steps: 300, Train Acc: 12.50%, Train Loss: 0.017874, Train Avg Loss: 0.014723, Time: 0:59:26
Epoch id: 6, Training steps: 400, Train Acc: 62.50%, Train Loss: 0.015827, Train Avg Loss: 0.014401, Time: 1:00:18
Epoch id: 6, Training steps: 500, Train Acc: 62.50%, Train Loss: 0.007644, Train Avg Loss: 0.014447, Time: 1:01:10
Epoch id: 6, Training steps: 600, Train Acc: 62.50%, Train Loss: 0.010225, Train Avg Loss: 0.013403, Time: 1:02:01
Epoch id: 6, Training steps: 700, Train Acc: 37.50%, Train Loss: 0.017348, Train Avg Loss: 0.012195, Time: 1:02:53
Epoch id: 6, Training steps: 800, Train Acc: 50.00%, Train Loss: 0.013029, Train Avg Loss: 0.013661, Time: 1:03:44
Epoch id: 6, Training steps: 900, Train Acc: 37.50%, Train Loss: 0.012613, Train Avg Loss: 0.013526, Time: 1:04:36
Epoch id: 6, Training steps: 1000, Train Acc: 37.50%, Train Loss: 0.009105, Train Avg Loss: 0.013090, Time: 1:05:28
Epoch id: 6, Training steps: 1100, Train Acc: 62.50%, Train Loss: 0.010734, Train Avg Loss: 0.013261, Time: 1:06:19
Start evaluation on dev dataset.
Acc. (Correct/Total): 49.38% micro-Prec: 0.8576 micro-Recall:0.5869 micro-F1: 0.6969 dev loss: 0.034584
Start evaluation on test dataset.
Acc. (Correct/Total): 54.81% micro-Prec: 0.8836 micro-Recall:0.6360 micro-F1: 0.7396 dev loss: 0.030860
Epoch id: 7, Training steps: 100, Train Acc: 50.00%, Train Loss: 0.005363, Train Avg Loss: 0.015633, Time: 1:09:06
Epoch id: 7, Training steps: 200, Train Acc: 37.50%, Train Loss: 0.010186, Train Avg Loss: 0.010524, Time: 1:09:57
Epoch id: 7, Training steps: 300, Train Acc: 37.50%, Train Loss: 0.018657, Train Avg Loss: 0.010515, Time: 1:10:49
Epoch id: 7, Training steps: 400, Train Acc: 12.50%, Train Loss: 0.012096, Train Avg Loss: 0.011783, Time: 1:11:41
Epoch id: 7, Training steps: 500, Train Acc: 37.50%, Train Loss: 0.021019, Train Avg Loss: 0.010985, Time: 1:12:32
Epoch id: 7, Training steps: 600, Train Acc: 37.50%, Train Loss: 0.008125, Train Avg Loss: 0.010630, Time: 1:13:24
Epoch id: 7, Training steps: 700, Train Acc: 50.00%, Train Loss: 0.015852, Train Avg Loss: 0.010824, Time: 1:14:16
Epoch id: 7, Training steps: 800, Train Acc: 37.50%, Train Loss: 0.019132, Train Avg Loss: 0.011621, Time: 1:15:07
Epoch id: 7, Training steps: 900, Train Acc: 75.00%, Train Loss: 0.004901, Train Avg Loss: 0.010129, Time: 1:15:59
Epoch id: 7, Training steps: 1000, Train Acc: 50.00%, Train Loss: 0.017844, Train Avg Loss: 0.010683, Time: 1:16:50
Epoch id: 7, Training steps: 1100, Train Acc: 50.00%, Train Loss: 0.024051, Train Avg Loss: 0.011394, Time: 1:17:42
Start evaluation on dev dataset.
Acc. (Correct/Total): 50.14% micro-Prec: 0.8362 micro-Recall:0.6047 micro-F1: 0.7019 dev loss: 0.034455
Start evaluation on test dataset.
Acc. (Correct/Total): 58.15% micro-Prec: 0.8824 micro-Recall:0.6718 micro-F1: 0.7628 dev loss: 0.029338
Epoch id: 8, Training steps: 100, Train Acc: 62.50%, Train Loss: 0.005835, Train Avg Loss: 0.012501, Time: 1:20:28
Epoch id: 8, Training steps: 200, Train Acc: 75.00%, Train Loss: 0.003228, Train Avg Loss: 0.009336, Time: 1:21:20
Epoch id: 8, Training steps: 300, Train Acc: 50.00%, Train Loss: 0.008720, Train Avg Loss: 0.008879, Time: 1:22:11
Epoch id: 8, Training steps: 400, Train Acc: 37.50%, Train Loss: 0.004875, Train Avg Loss: 0.007877, Time: 1:23:03
Epoch id: 8, Training steps: 500, Train Acc: 75.00%, Train Loss: 0.008922, Train Avg Loss: 0.009527, Time: 1:23:55
Epoch id: 8, Training steps: 600, Train Acc: 37.50%, Train Loss: 0.009665, Train Avg Loss: 0.009208, Time: 1:24:46
Epoch id: 8, Training steps: 700, Train Acc: 75.00%, Train Loss: 0.002008, Train Avg Loss: 0.009025, Time: 1:25:38
Epoch id: 8, Training steps: 800, Train Acc: 87.50%, Train Loss: 0.002414, Train Avg Loss: 0.008624, Time: 1:26:30
Epoch id: 8, Training steps: 900, Train Acc: 25.00%, Train Loss: 0.018641, Train Avg Loss: 0.009524, Time: 1:27:21
Epoch id: 8, Training steps: 1000, Train Acc: 50.00%, Train Loss: 0.011544, Train Avg Loss: 0.009073, Time: 1:28:13
Epoch id: 8, Training steps: 1100, Train Acc: 37.50%, Train Loss: 0.006120, Train Avg Loss: 0.008900, Time: 1:29:05
Start evaluation on dev dataset.
Acc. (Correct/Total): 51.97% micro-Prec: 0.8341 micro-Recall:0.6122 micro-F1: 0.7061 dev loss: 0.033347
Start evaluation on test dataset.
Acc. (Correct/Total): 58.49% micro-Prec: 0.8868 micro-Recall:0.6712 micro-F1: 0.7641 dev loss: 0.028783
Epoch id: 9, Training steps: 100, Train Acc: 62.50%, Train Loss: 0.006902, Train Avg Loss: 0.011303, Time: 1:31:52
Epoch id: 9, Training steps: 200, Train Acc: 50.00%, Train Loss: 0.007541, Train Avg Loss: 0.006292, Time: 1:32:44
Epoch id: 9, Training steps: 300, Train Acc: 37.50%, Train Loss: 0.021668, Train Avg Loss: 0.007059, Time: 1:33:35
Epoch id: 9, Training steps: 400, Train Acc: 75.00%, Train Loss: 0.003373, Train Avg Loss: 0.007308, Time: 1:34:27
Epoch id: 9, Training steps: 500, Train Acc: 75.00%, Train Loss: 0.005187, Train Avg Loss: 0.006525, Time: 1:35:19
Epoch id: 9, Training steps: 600, Train Acc: 62.50%, Train Loss: 0.007795, Train Avg Loss: 0.007305, Time: 1:36:10
Epoch id: 9, Training steps: 700, Train Acc: 75.00%, Train Loss: 0.008130, Train Avg Loss: 0.007234, Time: 1:37:02
Epoch id: 9, Training steps: 800, Train Acc: 75.00%, Train Loss: 0.002801, Train Avg Loss: 0.006787, Time: 1:37:53
Epoch id: 9, Training steps: 900, Train Acc: 75.00%, Train Loss: 0.004254, Train Avg Loss: 0.007149, Time: 1:38:45
Epoch id: 9, Training steps: 1000, Train Acc: 50.00%, Train Loss: 0.003576, Train Avg Loss: 0.007610, Time: 1:39:37
Epoch id: 9, Training steps: 1100, Train Acc: 62.50%, Train Loss: 0.005436, Train Avg Loss: 0.007313, Time: 1:40:28
Start evaluation on dev dataset.
Acc. (Correct/Total): 48.18% micro-Prec: 0.8257 micro-Recall:0.5934 micro-F1: 0.6905 dev loss: 0.033182
Epoch id: 10, Training steps: 100, Train Acc: 75.00%, Train Loss: 0.003346, Train Avg Loss: 0.009493, Time: 1:42:26
Epoch id: 10, Training steps: 200, Train Acc: 62.50%, Train Loss: 0.010690, Train Avg Loss: 0.005763, Time: 1:43:18
Epoch id: 10, Training steps: 300, Train Acc: 37.50%, Train Loss: 0.012596, Train Avg Loss: 0.005987, Time: 1:44:10
Epoch id: 10, Training steps: 400, Train Acc: 62.50%, Train Loss: 0.004618, Train Avg Loss: 0.005810, Time: 1:45:01
Epoch id: 10, Training steps: 500, Train Acc: 87.50%, Train Loss: 0.001651, Train Avg Loss: 0.006170, Time: 1:45:53
Epoch id: 10, Training steps: 600, Train Acc: 87.50%, Train Loss: 0.002282, Train Avg Loss: 0.005437, Time: 1:46:44
Epoch id: 10, Training steps: 700, Train Acc: 50.00%, Train Loss: 0.004456, Train Avg Loss: 0.005674, Time: 1:47:36
Epoch id: 10, Training steps: 800, Train Acc: 75.00%, Train Loss: 0.007490, Train Avg Loss: 0.005621, Time: 1:48:28
Epoch id: 10, Training steps: 900, Train Acc: 62.50%, Train Loss: 0.005053, Train Avg Loss: 0.005113, Time: 1:49:19
Epoch id: 10, Training steps: 1000, Train Acc: 100.00%, Train Loss: 0.001739, Train Avg Loss: 0.005247, Time: 1:50:11
Epoch id: 10, Training steps: 1100, Train Acc: 75.00%, Train Loss: 0.005511, Train Avg Loss: 0.006922, Time: 1:51:02
Start evaluation on dev dataset.
Acc. (Correct/Total): 52.59% micro-Prec: 0.8272 micro-Recall:0.6245 micro-F1: 0.7117 dev loss: 0.033859
Start evaluation on test dataset.
Acc. (Correct/Total): 59.75% micro-Prec: 0.8660 micro-Recall:0.6980 micro-F1: 0.7730 dev loss: 0.028129
Epoch id: 11, Training steps: 100, Train Acc: 75.00%, Train Loss: 0.003296, Train Avg Loss: 0.006348, Time: 1:53:49
Epoch id: 11, Training steps: 200, Train Acc: 87.50%, Train Loss: 0.005760, Train Avg Loss: 0.004501, Time: 1:54:41
Epoch id: 11, Training steps: 300, Train Acc: 100.00%, Train Loss: 0.001459, Train Avg Loss: 0.004327, Time: 1:55:32
Epoch id: 11, Training steps: 400, Train Acc: 75.00%, Train Loss: 0.001414, Train Avg Loss: 0.004106, Time: 1:56:24
Epoch id: 11, Training steps: 500, Train Acc: 37.50%, Train Loss: 0.007160, Train Avg Loss: 0.003994, Time: 1:57:16
Epoch id: 11, Training steps: 600, Train Acc: 62.50%, Train Loss: 0.006885, Train Avg Loss: 0.004448, Time: 1:58:07
Epoch id: 11, Training steps: 700, Train Acc: 37.50%, Train Loss: 0.012662, Train Avg Loss: 0.005158, Time: 1:58:59
Epoch id: 11, Training steps: 800, Train Acc: 62.50%, Train Loss: 0.004845, Train Avg Loss: 0.004475, Time: 1:59:50
Epoch id: 11, Training steps: 900, Train Acc: 75.00%, Train Loss: 0.009646, Train Avg Loss: 0.004905, Time: 2:00:42
Epoch id: 11, Training steps: 1000, Train Acc: 62.50%, Train Loss: 0.022937, Train Avg Loss: 0.005876, Time: 2:01:33
Epoch id: 11, Training steps: 1100, Train Acc: 87.50%, Train Loss: 0.002215, Train Avg Loss: 0.004692, Time: 2:02:25
Start evaluation on dev dataset.
Acc. (Correct/Total): 54.27% micro-Prec: 0.8236 micro-Recall:0.6455 micro-F1: 0.7238 dev loss: 0.033756
Start evaluation on test dataset.
Acc. (Correct/Total): 61.34% micro-Prec: 0.8709 micro-Recall:0.7110 micro-F1: 0.7828 dev loss: 0.027918
Epoch id: 12, Training steps: 100, Train Acc: 75.00%, Train Loss: 0.011693, Train Avg Loss: 0.005345, Time: 2:05:11
Epoch id: 12, Training steps: 200, Train Acc: 62.50%, Train Loss: 0.003024, Train Avg Loss: 0.003247, Time: 2:06:03
Epoch id: 12, Training steps: 300, Train Acc: 87.50%, Train Loss: 0.001523, Train Avg Loss: 0.003388, Time: 2:06:54
Epoch id: 12, Training steps: 400, Train Acc: 100.00%, Train Loss: 0.000634, Train Avg Loss: 0.003550, Time: 2:07:46
Epoch id: 12, Training steps: 500, Train Acc: 62.50%, Train Loss: 0.005555, Train Avg Loss: 0.003767, Time: 2:08:37
Epoch id: 12, Training steps: 600, Train Acc: 62.50%, Train Loss: 0.003169, Train Avg Loss: 0.003714, Time: 2:09:29
Epoch id: 12, Training steps: 700, Train Acc: 50.00%, Train Loss: 0.004715, Train Avg Loss: 0.004496, Time: 2:10:21
Epoch id: 12, Training steps: 800, Train Acc: 87.50%, Train Loss: 0.001133, Train Avg Loss: 0.003803, Time: 2:11:12
Epoch id: 12, Training steps: 900, Train Acc: 50.00%, Train Loss: 0.008397, Train Avg Loss: 0.004391, Time: 2:12:04
Epoch id: 12, Training steps: 1000, Train Acc: 87.50%, Train Loss: 0.005902, Train Avg Loss: 0.004015, Time: 2:12:55
Epoch id: 12, Training steps: 1100, Train Acc: 62.50%, Train Loss: 0.006045, Train Avg Loss: 0.003896, Time: 2:13:47
Start evaluation on dev dataset.
Acc. (Correct/Total): 55.47% micro-Prec: 0.8068 micro-Recall:0.6802 micro-F1: 0.7381 dev loss: 0.034917
Start evaluation on test dataset.
Acc. (Correct/Total): 62.17% micro-Prec: 0.8590 micro-Recall:0.7249 micro-F1: 0.7863 dev loss: 0.029218
Epoch id: 13, Training steps: 100, Train Acc: 75.00%, Train Loss: 0.005313, Train Avg Loss: 0.005140, Time: 2:16:34
Epoch id: 13, Training steps: 200, Train Acc: 75.00%, Train Loss: 0.002884, Train Avg Loss: 0.003025, Time: 2:17:25
Epoch id: 13, Training steps: 300, Train Acc: 87.50%, Train Loss: 0.001878, Train Avg Loss: 0.002725, Time: 2:18:17
Epoch id: 13, Training steps: 400, Train Acc: 100.00%, Train Loss: 0.001295, Train Avg Loss: 0.002903, Time: 2:19:09
Epoch id: 13, Training steps: 500, Train Acc: 50.00%, Train Loss: 0.004479, Train Avg Loss: 0.002790, Time: 2:20:00
Epoch id: 13, Training steps: 600, Train Acc: 100.00%, Train Loss: 0.001400, Train Avg Loss: 0.003132, Time: 2:20:52
Epoch id: 13, Training steps: 700, Train Acc: 62.50%, Train Loss: 0.001975, Train Avg Loss: 0.002454, Time: 2:21:43
Epoch id: 13, Training steps: 800, Train Acc: 100.00%, Train Loss: 0.001148, Train Avg Loss: 0.003179, Time: 2:22:35
Epoch id: 13, Training steps: 900, Train Acc: 75.00%, Train Loss: 0.002564, Train Avg Loss: 0.003368, Time: 2:23:27
Epoch id: 13, Training steps: 1000, Train Acc: 100.00%, Train Loss: 0.002542, Train Avg Loss: 0.003003, Time: 2:24:19
Epoch id: 13, Training steps: 1100, Train Acc: 50.00%, Train Loss: 0.004183, Train Avg Loss: 0.003086, Time: 2:25:11
Start evaluation on dev dataset.
Acc. (Correct/Total): 52.26% micro-Prec: 0.8087 micro-Recall:0.6403 micro-F1: 0.7147 dev loss: 0.035446
Epoch id: 14, Training steps: 100, Train Acc: 62.50%, Train Loss: 0.002302, Train Avg Loss: 0.003477, Time: 2:27:09
Epoch id: 14, Training steps: 200, Train Acc: 87.50%, Train Loss: 0.001255, Train Avg Loss: 0.002137, Time: 2:28:01
Epoch id: 14, Training steps: 300, Train Acc: 100.00%, Train Loss: 0.000307, Train Avg Loss: 0.002348, Time: 2:28:52
Epoch id: 14, Training steps: 400, Train Acc: 75.00%, Train Loss: 0.002421, Train Avg Loss: 0.002257, Time: 2:29:44
Epoch id: 14, Training steps: 500, Train Acc: 87.50%, Train Loss: 0.001700, Train Avg Loss: 0.002497, Time: 2:30:36
Epoch id: 14, Training steps: 600, Train Acc: 75.00%, Train Loss: 0.004540, Train Avg Loss: 0.002444, Time: 2:31:27
Epoch id: 14, Training steps: 700, Train Acc: 100.00%, Train Loss: 0.000926, Train Avg Loss: 0.003125, Time: 2:32:19
Epoch id: 14, Training steps: 800, Train Acc: 75.00%, Train Loss: 0.002066, Train Avg Loss: 0.002520, Time: 2:33:10
Epoch id: 14, Training steps: 900, Train Acc: 100.00%, Train Loss: 0.000745, Train Avg Loss: 0.002793, Time: 2:34:02
Epoch id: 14, Training steps: 1000, Train Acc: 62.50%, Train Loss: 0.002597, Train Avg Loss: 0.002876, Time: 2:34:53
Epoch id: 14, Training steps: 1100, Train Acc: 75.00%, Train Loss: 0.010972, Train Avg Loss: 0.002422, Time: 2:35:45
Start evaluation on dev dataset.
Acc. (Correct/Total): 54.85% micro-Prec: 0.8152 micro-Recall:0.6611 micro-F1: 0.7301 dev loss: 0.035887
Epoch id: 15, Training steps: 100, Train Acc: 87.50%, Train Loss: 0.000700, Train Avg Loss: 0.003442, Time: 2:37:43
Epoch id: 15, Training steps: 200, Train Acc: 87.50%, Train Loss: 0.001487, Train Avg Loss: 0.001801, Time: 2:38:35
Epoch id: 15, Training steps: 300, Train Acc: 75.00%, Train Loss: 0.001740, Train Avg Loss: 0.002201, Time: 2:39:26
Epoch id: 15, Training steps: 400, Train Acc: 75.00%, Train Loss: 0.002633, Train Avg Loss: 0.002366, Time: 2:40:18
Epoch id: 15, Training steps: 500, Train Acc: 75.00%, Train Loss: 0.002570, Train Avg Loss: 0.002357, Time: 2:41:10
Epoch id: 15, Training steps: 600, Train Acc: 87.50%, Train Loss: 0.000470, Train Avg Loss: 0.001859, Time: 2:42:01
Epoch id: 15, Training steps: 700, Train Acc: 100.00%, Train Loss: 0.000590, Train Avg Loss: 0.002005, Time: 2:42:53
Epoch id: 15, Training steps: 800, Train Acc: 100.00%, Train Loss: 0.000437, Train Avg Loss: 0.002787, Time: 2:43:44
Epoch id: 15, Training steps: 900, Train Acc: 75.00%, Train Loss: 0.004469, Train Avg Loss: 0.002039, Time: 2:44:36
Epoch id: 15, Training steps: 1000, Train Acc: 87.50%, Train Loss: 0.001044, Train Avg Loss: 0.002553, Time: 2:45:27
Epoch id: 15, Training steps: 1100, Train Acc: 75.00%, Train Loss: 0.005089, Train Avg Loss: 0.002387, Time: 2:46:19
Start evaluation on dev dataset.
Acc. (Correct/Total): 55.09% micro-Prec: 0.8041 micro-Recall:0.6685 micro-F1: 0.7301 dev loss: 0.036039
Epoch id: 16, Training steps: 100, Train Acc: 100.00%, Train Loss: 0.000513, Train Avg Loss: 0.002707, Time: 2:48:18
Epoch id: 16, Training steps: 200, Train Acc: 100.00%, Train Loss: 0.000259, Train Avg Loss: 0.001716, Time: 2:49:09
Epoch id: 16, Training steps: 300, Train Acc: 87.50%, Train Loss: 0.002468, Train Avg Loss: 0.001645, Time: 2:50:01
Epoch id: 16, Training steps: 400, Train Acc: 100.00%, Train Loss: 0.000379, Train Avg Loss: 0.001805, Time: 2:50:52
Epoch id: 16, Training steps: 500, Train Acc: 100.00%, Train Loss: 0.000649, Train Avg Loss: 0.002045, Time: 2:51:44
Epoch id: 16, Training steps: 600, Train Acc: 100.00%, Train Loss: 0.000612, Train Avg Loss: 0.001816, Time: 2:52:35
Epoch id: 16, Training steps: 700, Train Acc: 62.50%, Train Loss: 0.002591, Train Avg Loss: 0.001565, Time: 2:53:27
Epoch id: 16, Training steps: 800, Train Acc: 75.00%, Train Loss: 0.005242, Train Avg Loss: 0.001693, Time: 2:54:19
Epoch id: 16, Training steps: 900, Train Acc: 100.00%, Train Loss: 0.000285, Train Avg Loss: 0.002120, Time: 2:55:10
Epoch id: 16, Training steps: 1000, Train Acc: 87.50%, Train Loss: 0.003114, Train Avg Loss: 0.001717, Time: 2:56:02
Epoch id: 16, Training steps: 1100, Train Acc: 75.00%, Train Loss: 0.001635, Train Avg Loss: 0.002355, Time: 2:56:53
Start evaluation on dev dataset.
Acc. (Correct/Total): 54.56% micro-Prec: 0.7967 micro-Recall:0.6763 micro-F1: 0.7316 dev loss: 0.037331
Epoch id: 17, Training steps: 100, Train Acc: 75.00%, Train Loss: 0.004308, Train Avg Loss: 0.003616, Time: 2:58:52
Epoch id: 17, Training steps: 200, Train Acc: 100.00%, Train Loss: 0.000863, Train Avg Loss: 0.001570, Time: 2:59:43
Epoch id: 17, Training steps: 300, Train Acc: 100.00%, Train Loss: 0.000609, Train Avg Loss: 0.001717, Time: 3:00:35
Epoch id: 17, Training steps: 400, Train Acc: 87.50%, Train Loss: 0.001437, Train Avg Loss: 0.001943, Time: 3:01:26
Epoch id: 17, Training steps: 500, Train Acc: 75.00%, Train Loss: 0.000941, Train Avg Loss: 0.001622, Time: 3:02:18
Epoch id: 17, Training steps: 600, Train Acc: 87.50%, Train Loss: 0.001099, Train Avg Loss: 0.002018, Time: 3:03:09
Epoch id: 17, Training steps: 700, Train Acc: 62.50%, Train Loss: 0.001829, Train Avg Loss: 0.001889, Time: 3:04:01
Epoch id: 17, Training steps: 800, Train Acc: 87.50%, Train Loss: 0.001772, Train Avg Loss: 0.001675, Time: 3:04:52
Epoch id: 17, Training steps: 900, Train Acc: 75.00%, Train Loss: 0.000879, Train Avg Loss: 0.001913, Time: 3:05:44
Epoch id: 17, Training steps: 1000, Train Acc: 87.50%, Train Loss: 0.000736, Train Avg Loss: 0.001715, Time: 3:06:36
Epoch id: 17, Training steps: 1100, Train Acc: 100.00%, Train Loss: 0.002105, Train Avg Loss: 0.001615, Time: 3:07:27
Start evaluation on dev dataset.
Acc. (Correct/Total): 54.70% micro-Prec: 0.7789 micro-Recall:0.6776 micro-F1: 0.7247 dev loss: 0.040075
Epoch id: 18, Training steps: 100, Train Acc: 100.00%, Train Loss: 0.000565, Train Avg Loss: 0.002406, Time: 3:09:26
Epoch id: 18, Training steps: 200, Train Acc: 87.50%, Train Loss: 0.000596, Train Avg Loss: 0.001304, Time: 3:10:17
Epoch id: 18, Training steps: 300, Train Acc: 100.00%, Train Loss: 0.000913, Train Avg Loss: 0.001453, Time: 3:11:09
Epoch id: 18, Training steps: 400, Train Acc: 100.00%, Train Loss: 0.001091, Train Avg Loss: 0.001432, Time: 3:12:00
Epoch id: 18, Training steps: 500, Train Acc: 100.00%, Train Loss: 0.000365, Train Avg Loss: 0.001442, Time: 3:12:52
Epoch id: 18, Training steps: 600, Train Acc: 75.00%, Train Loss: 0.001627, Train Avg Loss: 0.001504, Time: 3:13:44
Epoch id: 18, Training steps: 700, Train Acc: 87.50%, Train Loss: 0.000962, Train Avg Loss: 0.001701, Time: 3:14:35
Epoch id: 18, Training steps: 800, Train Acc: 87.50%, Train Loss: 0.000673, Train Avg Loss: 0.001230, Time: 3:15:27
Epoch id: 18, Training steps: 900, Train Acc: 75.00%, Train Loss: 0.001306, Train Avg Loss: 0.001488, Time: 3:16:18
Epoch id: 18, Training steps: 1000, Train Acc: 75.00%, Train Loss: 0.003019, Train Avg Loss: 0.001666, Time: 3:17:10
Epoch id: 18, Training steps: 1100, Train Acc: 87.50%, Train Loss: 0.000857, Train Avg Loss: 0.001430, Time: 3:18:01
Start evaluation on dev dataset.
Acc. (Correct/Total): 57.01% micro-Prec: 0.7945 micro-Recall:0.6996 micro-F1: 0.7440 dev loss: 0.038334
Start evaluation on test dataset.
Acc. (Correct/Total): 62.84% micro-Prec: 0.8405 micro-Recall:0.7375 micro-F1: 0.7856 dev loss: 0.031388
Epoch id: 19, Training steps: 100, Train Acc: 100.00%, Train Loss: 0.000443, Train Avg Loss: 0.001494, Time: 3:20:47
Epoch id: 19, Training steps: 200, Train Acc: 87.50%, Train Loss: 0.000815, Train Avg Loss: 0.001368, Time: 3:21:38
Epoch id: 19, Training steps: 300, Train Acc: 100.00%, Train Loss: 0.000148, Train Avg Loss: 0.000988, Time: 3:22:30
Epoch id: 19, Training steps: 400, Train Acc: 75.00%, Train Loss: 0.002554, Train Avg Loss: 0.000823, Time: 3:23:21
Epoch id: 19, Training steps: 500, Train Acc: 100.00%, Train Loss: 0.000479, Train Avg Loss: 0.001059, Time: 3:24:13
Epoch id: 19, Training steps: 600, Train Acc: 87.50%, Train Loss: 0.000612, Train Avg Loss: 0.000878, Time: 3:25:04
Epoch id: 19, Training steps: 700, Train Acc: 100.00%, Train Loss: 0.000178, Train Avg Loss: 0.001001, Time: 3:25:56
Epoch id: 19, Training steps: 800, Train Acc: 100.00%, Train Loss: 0.001460, Train Avg Loss: 0.001304, Time: 3:26:48
Epoch id: 19, Training steps: 900, Train Acc: 87.50%, Train Loss: 0.001377, Train Avg Loss: 0.001204, Time: 3:27:39
Epoch id: 19, Training steps: 1000, Train Acc: 87.50%, Train Loss: 0.001195, Train Avg Loss: 0.001409, Time: 3:28:31
Epoch id: 19, Training steps: 1100, Train Acc: 75.00%, Train Loss: 0.001104, Train Avg Loss: 0.001196, Time: 3:29:22
Start evaluation on dev dataset.
Acc. (Correct/Total): 54.61% micro-Prec: 0.7927 micro-Recall:0.6747 micro-F1: 0.7289 dev loss: 0.039562
Epoch id: 20, Training steps: 100, Train Acc: 100.00%, Train Loss: 0.000672, Train Avg Loss: 0.001583, Time: 3:31:21
Epoch id: 20, Training steps: 200, Train Acc: 87.50%, Train Loss: 0.001199, Train Avg Loss: 0.001590, Time: 3:32:12
Epoch id: 20, Training steps: 300, Train Acc: 75.00%, Train Loss: 0.003119, Train Avg Loss: 0.002143, Time: 3:33:04
Epoch id: 20, Training steps: 400, Train Acc: 75.00%, Train Loss: 0.009569, Train Avg Loss: 0.001493, Time: 3:33:56
Epoch id: 20, Training steps: 500, Train Acc: 87.50%, Train Loss: 0.000594, Train Avg Loss: 0.000998, Time: 3:34:47
Epoch id: 20, Training steps: 600, Train Acc: 62.50%, Train Loss: 0.002515, Train Avg Loss: 0.001522, Time: 3:35:39
Epoch id: 20, Training steps: 700, Train Acc: 100.00%, Train Loss: 0.000523, Train Avg Loss: 0.001175, Time: 3:36:30
Epoch id: 20, Training steps: 800, Train Acc: 100.00%, Train Loss: 0.000122, Train Avg Loss: 0.001113, Time: 3:37:22
Epoch id: 20, Training steps: 900, Train Acc: 100.00%, Train Loss: 0.000518, Train Avg Loss: 0.001791, Time: 3:38:13
Epoch id: 20, Training steps: 1000, Train Acc: 87.50%, Train Loss: 0.001543, Train Avg Loss: 0.001598, Time: 3:39:05
Epoch id: 20, Training steps: 1100, Train Acc: 100.00%, Train Loss: 0.000786, Train Avg Loss: 0.001463, Time: 3:39:57
Start evaluation on dev dataset.
Acc. (Correct/Total): 56.48% micro-Prec: 0.8158 micro-Recall:0.6899 micro-F1: 0.7476 dev loss: 0.038163
Epoch id: 21, Training steps: 100, Train Acc: 100.00%, Train Loss: 0.000368, Train Avg Loss: 0.001482, Time: 3:41:55
Epoch id: 21, Training steps: 200, Train Acc: 100.00%, Train Loss: 0.000716, Train Avg Loss: 0.000850, Time: 3:42:46
Epoch id: 21, Training steps: 300, Train Acc: 100.00%, Train Loss: 0.000326, Train Avg Loss: 0.000962, Time: 3:43:38
Epoch id: 21, Training steps: 400, Train Acc: 100.00%, Train Loss: 0.000198, Train Avg Loss: 0.001194, Time: 3:44:29
Epoch id: 21, Training steps: 500, Train Acc: 100.00%, Train Loss: 0.000305, Train Avg Loss: 0.000858, Time: 3:45:21
Epoch id: 21, Training steps: 600, Train Acc: 87.50%, Train Loss: 0.001344, Train Avg Loss: 0.000980, Time: 3:46:13
Epoch id: 21, Training steps: 700, Train Acc: 100.00%, Train Loss: 0.000176, Train Avg Loss: 0.001214, Time: 3:47:04
Epoch id: 21, Training steps: 800, Train Acc: 87.50%, Train Loss: 0.001779, Train Avg Loss: 0.001461, Time: 3:47:56
Epoch id: 21, Training steps: 900, Train Acc: 87.50%, Train Loss: 0.000841, Train Avg Loss: 0.001218, Time: 3:48:47
Epoch id: 21, Training steps: 1000, Train Acc: 87.50%, Train Loss: 0.002174, Train Avg Loss: 0.001152, Time: 3:49:39
Epoch id: 21, Training steps: 1100, Train Acc: 100.00%, Train Loss: 0.000218, Train Avg Loss: 0.000772, Time: 3:50:31
Start evaluation on dev dataset.
Acc. (Correct/Total): 56.72% micro-Prec: 0.8092 micro-Recall:0.6905 micro-F1: 0.7452 dev loss: 0.038165
Epoch id: 22, Training steps: 100, Train Acc: 100.00%, Train Loss: 0.000292, Train Avg Loss: 0.001015, Time: 3:52:29
Epoch id: 22, Training steps: 200, Train Acc: 87.50%, Train Loss: 0.000471, Train Avg Loss: 0.000875, Time: 3:53:20
Epoch id: 22, Training steps: 300, Train Acc: 100.00%, Train Loss: 0.000089, Train Avg Loss: 0.000648, Time: 3:54:12
Epoch id: 22, Training steps: 400, Train Acc: 75.00%, Train Loss: 0.000940, Train Avg Loss: 0.000992, Time: 3:55:03
Epoch id: 22, Training steps: 500, Train Acc: 87.50%, Train Loss: 0.001164, Train Avg Loss: 0.001180, Time: 3:55:55
Epoch id: 22, Training steps: 600, Train Acc: 100.00%, Train Loss: 0.000393, Train Avg Loss: 0.001107, Time: 3:56:47
Epoch id: 22, Training steps: 700, Train Acc: 87.50%, Train Loss: 0.000955, Train Avg Loss: 0.001015, Time: 3:57:38
Epoch id: 22, Training steps: 800, Train Acc: 100.00%, Train Loss: 0.000594, Train Avg Loss: 0.001082, Time: 3:58:30
Epoch id: 22, Training steps: 900, Train Acc: 87.50%, Train Loss: 0.001085, Train Avg Loss: 0.002353, Time: 3:59:21
Epoch id: 22, Training steps: 1000, Train Acc: 75.00%, Train Loss: 0.001526, Train Avg Loss: 0.001283, Time: 4:00:13
Epoch id: 22, Training steps: 1100, Train Acc: 87.50%, Train Loss: 0.001643, Train Avg Loss: 0.001779, Time: 4:01:05
Start evaluation on dev dataset.
Acc. (Correct/Total): 55.61% micro-Prec: 0.8035 micro-Recall:0.6750 micro-F1: 0.7336 dev loss: 0.039774
Epoch id: 23, Training steps: 100, Train Acc: 100.00%, Train Loss: 0.000313, Train Avg Loss: 0.001269, Time: 4:03:03
Epoch id: 23, Training steps: 200, Train Acc: 87.50%, Train Loss: 0.000889, Train Avg Loss: 0.001503, Time: 4:03:55
Epoch id: 23, Training steps: 300, Train Acc: 100.00%, Train Loss: 0.000356, Train Avg Loss: 0.001010, Time: 4:04:46
Epoch id: 23, Training steps: 400, Train Acc: 100.00%, Train Loss: 0.000273, Train Avg Loss: 0.001091, Time: 4:05:38
Epoch id: 23, Training steps: 500, Train Acc: 87.50%, Train Loss: 0.002498, Train Avg Loss: 0.001334, Time: 4:06:30
Epoch id: 23, Training steps: 600, Train Acc: 100.00%, Train Loss: 0.000328, Train Avg Loss: 0.000735, Time: 4:07:21
Epoch id: 23, Training steps: 700, Train Acc: 100.00%, Train Loss: 0.001122, Train Avg Loss: 0.001007, Time: 4:08:13
Epoch id: 23, Training steps: 800, Train Acc: 75.00%, Train Loss: 0.001942, Train Avg Loss: 0.001438, Time: 4:09:04
Epoch id: 23, Training steps: 900, Train Acc: 100.00%, Train Loss: 0.000514, Train Avg Loss: 0.002051, Time: 4:09:56
Epoch id: 23, Training steps: 1000, Train Acc: 100.00%, Train Loss: 0.000270, Train Avg Loss: 0.001069, Time: 4:10:48
Epoch id: 23, Training steps: 1100, Train Acc: 87.50%, Train Loss: 0.001753, Train Avg Loss: 0.000921, Time: 4:11:39
Start evaluation on dev dataset.
Acc. (Correct/Total): 56.09% micro-Prec: 0.8057 micro-Recall:0.6779 micro-F1: 0.7363 dev loss: 0.039472
Epoch id: 24, Training steps: 100, Train Acc: 100.00%, Train Loss: 0.000158, Train Avg Loss: 0.001460, Time: 4:13:37
Epoch id: 24, Training steps: 200, Train Acc: 100.00%, Train Loss: 0.000614, Train Avg Loss: 0.001089, Time: 4:14:29
Epoch id: 24, Training steps: 300, Train Acc: 87.50%, Train Loss: 0.000439, Train Avg Loss: 0.000826, Time: 4:15:20
Epoch id: 24, Training steps: 400, Train Acc: 100.00%, Train Loss: 0.000230, Train Avg Loss: 0.000881, Time: 4:16:12
Epoch id: 24, Training steps: 500, Train Acc: 100.00%, Train Loss: 0.000349, Train Avg Loss: 0.000630, Time: 4:17:04
Epoch id: 24, Training steps: 600, Train Acc: 100.00%, Train Loss: 0.000344, Train Avg Loss: 0.000658, Time: 4:17:55
Epoch id: 24, Training steps: 700, Train Acc: 62.50%, Train Loss: 0.013153, Train Avg Loss: 0.001082, Time: 4:18:47
Epoch id: 24, Training steps: 800, Train Acc: 100.00%, Train Loss: 0.001539, Train Avg Loss: 0.001486, Time: 4:19:39
Epoch id: 24, Training steps: 900, Train Acc: 100.00%, Train Loss: 0.000596, Train Avg Loss: 0.001065, Time: 4:20:30
Epoch id: 24, Training steps: 1000, Train Acc: 87.50%, Train Loss: 0.000881, Train Avg Loss: 0.000793, Time: 4:21:22
Epoch id: 24, Training steps: 1100, Train Acc: 100.00%, Train Loss: 0.000185, Train Avg Loss: 0.000580, Time: 4:22:13
Start evaluation on dev dataset.
Acc. (Correct/Total): 56.91% micro-Prec: 0.8052 micro-Recall:0.6970 micro-F1: 0.7472 dev loss: 0.039699
Epoch id: 25, Training steps: 100, Train Acc: 100.00%, Train Loss: 0.000237, Train Avg Loss: 0.000684, Time: 4:24:12
Epoch id: 25, Training steps: 200, Train Acc: 100.00%, Train Loss: 0.000623, Train Avg Loss: 0.000474, Time: 4:25:03
Epoch id: 25, Training steps: 300, Train Acc: 87.50%, Train Loss: 0.001170, Train Avg Loss: 0.000629, Time: 4:25:55
Epoch id: 25, Training steps: 400, Train Acc: 100.00%, Train Loss: 0.000276, Train Avg Loss: 0.000583, Time: 4:26:47
Epoch id: 25, Training steps: 500, Train Acc: 100.00%, Train Loss: 0.000270, Train Avg Loss: 0.000394, Time: 4:27:38
Epoch id: 25, Training steps: 600, Train Acc: 87.50%, Train Loss: 0.001454, Train Avg Loss: 0.000627, Time: 4:28:30
Epoch id: 25, Training steps: 700, Train Acc: 75.00%, Train Loss: 0.002824, Train Avg Loss: 0.000850, Time: 4:29:21
Epoch id: 25, Training steps: 800, Train Acc: 87.50%, Train Loss: 0.000630, Train Avg Loss: 0.000533, Time: 4:30:13
Epoch id: 25, Training steps: 900, Train Acc: 100.00%, Train Loss: 0.000092, Train Avg Loss: 0.000398, Time: 4:31:05
Epoch id: 25, Training steps: 1000, Train Acc: 100.00%, Train Loss: 0.000411, Train Avg Loss: 0.000471, Time: 4:31:56
Epoch id: 25, Training steps: 1100, Train Acc: 100.00%, Train Loss: 0.000337, Train Avg Loss: 0.000362, Time: 4:32:48
Start evaluation on dev dataset.
Acc. (Correct/Total): 57.82% micro-Prec: 0.8112 micro-Recall:0.6957 micro-F1: 0.7490 dev loss: 0.040375
Start evaluation on test dataset.
Acc. (Correct/Total): 63.86% micro-Prec: 0.8469 micro-Recall:0.7423 micro-F1: 0.7912 dev loss: 0.031916
Epoch id: 26, Training steps: 100, Train Acc: 100.00%, Train Loss: 0.000331, Train Avg Loss: 0.000762, Time: 4:35:34
Epoch id: 26, Training steps: 200, Train Acc: 100.00%, Train Loss: 0.000129, Train Avg Loss: 0.000771, Time: 4:36:25
Epoch id: 26, Training steps: 300, Train Acc: 87.50%, Train Loss: 0.000718, Train Avg Loss: 0.000759, Time: 4:37:17
Epoch id: 26, Training steps: 400, Train Acc: 87.50%, Train Loss: 0.000463, Train Avg Loss: 0.001275, Time: 4:38:09
Epoch id: 26, Training steps: 500, Train Acc: 87.50%, Train Loss: 0.000432, Train Avg Loss: 0.001451, Time: 4:39:00
Epoch id: 26, Training steps: 600, Train Acc: 100.00%, Train Loss: 0.000516, Train Avg Loss: 0.000673, Time: 4:39:52
Epoch id: 26, Training steps: 700, Train Acc: 100.00%, Train Loss: 0.000284, Train Avg Loss: 0.000985, Time: 4:40:43
Epoch id: 26, Training steps: 800, Train Acc: 100.00%, Train Loss: 0.000449, Train Avg Loss: 0.000819, Time: 4:41:35
Epoch id: 26, Training steps: 900, Train Acc: 100.00%, Train Loss: 0.000243, Train Avg Loss: 0.000895, Time: 4:42:27
Epoch id: 26, Training steps: 1000, Train Acc: 87.50%, Train Loss: 0.002814, Train Avg Loss: 0.001136, Time: 4:43:18
Epoch id: 26, Training steps: 1100, Train Acc: 100.00%, Train Loss: 0.000145, Train Avg Loss: 0.000798, Time: 4:44:10
Start evaluation on dev dataset.
Acc. (Correct/Total): 57.25% micro-Prec: 0.8043 micro-Recall:0.6957 micro-F1: 0.7461 dev loss: 0.040471
Epoch id: 27, Training steps: 100, Train Acc: 100.00%, Train Loss: 0.000260, Train Avg Loss: 0.000848, Time: 4:46:08
Epoch id: 27, Training steps: 200, Train Acc: 87.50%, Train Loss: 0.000578, Train Avg Loss: 0.000642, Time: 4:47:00
Epoch id: 27, Training steps: 300, Train Acc: 100.00%, Train Loss: 0.000160, Train Avg Loss: 0.000516, Time: 4:47:51
Epoch id: 27, Training steps: 400, Train Acc: 100.00%, Train Loss: 0.000250, Train Avg Loss: 0.000482, Time: 4:48:43
Epoch id: 27, Training steps: 500, Train Acc: 100.00%, Train Loss: 0.000071, Train Avg Loss: 0.000440, Time: 4:49:35
Epoch id: 27, Training steps: 600, Train Acc: 100.00%, Train Loss: 0.000377, Train Avg Loss: 0.000729, Time: 4:50:26
Epoch id: 27, Training steps: 700, Train Acc: 100.00%, Train Loss: 0.000144, Train Avg Loss: 0.000837, Time: 4:51:18
Epoch id: 27, Training steps: 800, Train Acc: 87.50%, Train Loss: 0.000546, Train Avg Loss: 0.001248, Time: 4:52:09
Epoch id: 27, Training steps: 900, Train Acc: 87.50%, Train Loss: 0.002235, Train Avg Loss: 0.001063, Time: 4:53:01
Epoch id: 27, Training steps: 1000, Train Acc: 100.00%, Train Loss: 0.000273, Train Avg Loss: 0.001701, Time: 4:53:52
Epoch id: 27, Training steps: 1100, Train Acc: 100.00%, Train Loss: 0.000492, Train Avg Loss: 0.001035, Time: 4:54:44
Start evaluation on dev dataset.
Acc. (Correct/Total): 55.71% micro-Prec: 0.7813 micro-Recall:0.6882 micro-F1: 0.7318 dev loss: 0.045077
Epoch id: 28, Training steps: 100, Train Acc: 100.00%, Train Loss: 0.000189, Train Avg Loss: 0.001181, Time: 4:56:42
Epoch id: 28, Training steps: 200, Train Acc: 100.00%, Train Loss: 0.000379, Train Avg Loss: 0.000725, Time: 4:57:34
Epoch id: 28, Training steps: 300, Train Acc: 87.50%, Train Loss: 0.001192, Train Avg Loss: 0.000711, Time: 4:58:25
Epoch id: 28, Training steps: 400, Train Acc: 87.50%, Train Loss: 0.000507, Train Avg Loss: 0.000714, Time: 4:59:17
Epoch id: 28, Training steps: 500, Train Acc: 100.00%, Train Loss: 0.003511, Train Avg Loss: 0.000884, Time: 5:00:08
Epoch id: 28, Training steps: 600, Train Acc: 100.00%, Train Loss: 0.000139, Train Avg Loss: 0.000822, Time: 5:01:00
Epoch id: 28, Training steps: 700, Train Acc: 100.00%, Train Loss: 0.000565, Train Avg Loss: 0.000665, Time: 5:01:52
Epoch id: 28, Training steps: 800, Train Acc: 100.00%, Train Loss: 0.000125, Train Avg Loss: 0.000780, Time: 5:02:43
Epoch id: 28, Training steps: 900, Train Acc: 100.00%, Train Loss: 0.000942, Train Avg Loss: 0.000801, Time: 5:03:35
Epoch id: 28, Training steps: 1000, Train Acc: 100.00%, Train Loss: 0.000323, Train Avg Loss: 0.000731, Time: 5:04:26
Epoch id: 28, Training steps: 1100, Train Acc: 100.00%, Train Loss: 0.000439, Train Avg Loss: 0.001026, Time: 5:05:18
Start evaluation on dev dataset.
Acc. (Correct/Total): 55.28% micro-Prec: 0.7813 micro-Recall:0.6857 micro-F1: 0.7303 dev loss: 0.044307
Epoch id: 29, Training steps: 100, Train Acc: 87.50%, Train Loss: 0.000689, Train Avg Loss: 0.000804, Time: 5:07:16
Epoch id: 29, Training steps: 200, Train Acc: 100.00%, Train Loss: 0.000319, Train Avg Loss: 0.000385, Time: 5:08:07
Epoch id: 29, Training steps: 300, Train Acc: 100.00%, Train Loss: 0.000098, Train Avg Loss: 0.000550, Time: 5:08:59
Epoch id: 29, Training steps: 400, Train Acc: 100.00%, Train Loss: 0.000164, Train Avg Loss: 0.000443, Time: 5:09:51
Epoch id: 29, Training steps: 500, Train Acc: 100.00%, Train Loss: 0.000303, Train Avg Loss: 0.000366, Time: 5:10:42
Epoch id: 29, Training steps: 600, Train Acc: 100.00%, Train Loss: 0.000155, Train Avg Loss: 0.000451, Time: 5:11:34
Epoch id: 29, Training steps: 700, Train Acc: 100.00%, Train Loss: 0.000186, Train Avg Loss: 0.000499, Time: 5:12:25
Epoch id: 29, Training steps: 800, Train Acc: 100.00%, Train Loss: 0.000297, Train Avg Loss: 0.000663, Time: 5:13:17
Epoch id: 29, Training steps: 900, Train Acc: 87.50%, Train Loss: 0.000880, Train Avg Loss: 0.000627, Time: 5:14:09
Epoch id: 29, Training steps: 1000, Train Acc: 100.00%, Train Loss: 0.000031, Train Avg Loss: 0.000622, Time: 5:15:00
Epoch id: 29, Training steps: 1100, Train Acc: 62.50%, Train Loss: 0.003457, Train Avg Loss: 0.000816, Time: 5:15:52
Start evaluation on dev dataset.
Acc. (Correct/Total): 55.57% micro-Prec: 0.7897 micro-Recall:0.6870 micro-F1: 0.7348 dev loss: 0.043570
Epoch id: 30, Training steps: 100, Train Acc: 75.00%, Train Loss: 0.004641, Train Avg Loss: 0.002146, Time: 5:17:51
Epoch id: 30, Training steps: 200, Train Acc: 100.00%, Train Loss: 0.000113, Train Avg Loss: 0.001068, Time: 5:18:43
Epoch id: 30, Training steps: 300, Train Acc: 87.50%, Train Loss: 0.000815, Train Avg Loss: 0.001600, Time: 5:19:34
Epoch id: 30, Training steps: 400, Train Acc: 100.00%, Train Loss: 0.000302, Train Avg Loss: 0.001043, Time: 5:20:26
Epoch id: 30, Training steps: 500, Train Acc: 100.00%, Train Loss: 0.000177, Train Avg Loss: 0.000660, Time: 5:21:18
Epoch id: 30, Training steps: 600, Train Acc: 100.00%, Train Loss: 0.000877, Train Avg Loss: 0.000623, Time: 5:22:09
Epoch id: 30, Training steps: 700, Train Acc: 100.00%, Train Loss: 0.000084, Train Avg Loss: 0.000439, Time: 5:23:01
Epoch id: 30, Training steps: 800, Train Acc: 100.00%, Train Loss: 0.000100, Train Avg Loss: 0.000671, Time: 5:23:52
Epoch id: 30, Training steps: 900, Train Acc: 100.00%, Train Loss: 0.000271, Train Avg Loss: 0.000563, Time: 5:24:44
Epoch id: 30, Training steps: 1000, Train Acc: 100.00%, Train Loss: 0.000172, Train Avg Loss: 0.000463, Time: 5:25:35
Epoch id: 30, Training steps: 1100, Train Acc: 100.00%, Train Loss: 0.000184, Train Avg Loss: 0.000611, Time: 5:26:27
Start evaluation on dev dataset.
Acc. (Correct/Total): 57.87% micro-Prec: 0.8007 micro-Recall:0.7061 micro-F1: 0.7504 dev loss: 0.040891
Start evaluation on test dataset.
Acc. (Correct/Total): 65.12% micro-Prec: 0.8479 micro-Recall:0.7569 micro-F1: 0.7998 dev loss: 0.033658
Epoch id: 31, Training steps: 100, Train Acc: 87.50%, Train Loss: 0.000414, Train Avg Loss: 0.000777, Time: 5:29:13
Epoch id: 31, Training steps: 200, Train Acc: 87.50%, Train Loss: 0.001090, Train Avg Loss: 0.000873, Time: 5:30:05
Epoch id: 31, Training steps: 300, Train Acc: 100.00%, Train Loss: 0.000537, Train Avg Loss: 0.000840, Time: 5:30:56
Epoch id: 31, Training steps: 400, Train Acc: 100.00%, Train Loss: 0.000296, Train Avg Loss: 0.000871, Time: 5:31:48
Epoch id: 31, Training steps: 500, Train Acc: 100.00%, Train Loss: 0.000486, Train Avg Loss: 0.000976, Time: 5:32:39
Epoch id: 31, Training steps: 600, Train Acc: 100.00%, Train Loss: 0.000188, Train Avg Loss: 0.000510, Time: 5:33:31
Epoch id: 31, Training steps: 700, Train Acc: 87.50%, Train Loss: 0.002240, Train Avg Loss: 0.000822, Time: 5:34:23
Epoch id: 31, Training steps: 800, Train Acc: 87.50%, Train Loss: 0.000357, Train Avg Loss: 0.000653, Time: 5:35:14
Epoch id: 31, Training steps: 900, Train Acc: 100.00%, Train Loss: 0.000232, Train Avg Loss: 0.000493, Time: 5:36:06
Epoch id: 31, Training steps: 1000, Train Acc: 100.00%, Train Loss: 0.000127, Train Avg Loss: 0.000607, Time: 5:36:57
Epoch id: 31, Training steps: 1100, Train Acc: 100.00%, Train Loss: 0.000101, Train Avg Loss: 0.000485, Time: 5:37:49
Start evaluation on dev dataset.
Acc. (Correct/Total): 57.63% micro-Prec: 0.7809 micro-Recall:0.7109 micro-F1: 0.7443 dev loss: 0.044610
Epoch id: 32, Training steps: 100, Train Acc: 100.00%, Train Loss: 0.000111, Train Avg Loss: 0.000634, Time: 5:39:47
Epoch id: 32, Training steps: 200, Train Acc: 100.00%, Train Loss: 0.000275, Train Avg Loss: 0.000296, Time: 5:40:39
Epoch id: 32, Training steps: 300, Train Acc: 100.00%, Train Loss: 0.000162, Train Avg Loss: 0.000687, Time: 5:41:31
Epoch id: 32, Training steps: 400, Train Acc: 100.00%, Train Loss: 0.000759, Train Avg Loss: 0.001888, Time: 5:42:22
Epoch id: 32, Training steps: 500, Train Acc: 100.00%, Train Loss: 0.000151, Train Avg Loss: 0.000836, Time: 5:43:14
Epoch id: 32, Training steps: 600, Train Acc: 87.50%, Train Loss: 0.000389, Train Avg Loss: 0.000624, Time: 5:44:06
Epoch id: 32, Training steps: 700, Train Acc: 87.50%, Train Loss: 0.002947, Train Avg Loss: 0.000669, Time: 5:44:57
Epoch id: 32, Training steps: 800, Train Acc: 100.00%, Train Loss: 0.000152, Train Avg Loss: 0.000488, Time: 5:45:49
Epoch id: 32, Training steps: 900, Train Acc: 100.00%, Train Loss: 0.000074, Train Avg Loss: 0.000560, Time: 5:46:40
Epoch id: 32, Training steps: 1000, Train Acc: 100.00%, Train Loss: 0.001401, Train Avg Loss: 0.000917, Time: 5:47:32
Epoch id: 32, Training steps: 1100, Train Acc: 100.00%, Train Loss: 0.000575, Train Avg Loss: 0.000774, Time: 5:48:24
Start evaluation on dev dataset.
Acc. (Correct/Total): 57.01% micro-Prec: 0.7818 micro-Recall:0.7109 micro-F1: 0.7447 dev loss: 0.043500
Final evaluation on the test dataset.
The number of evaluation instances:  2067
Acc. (Correct/Total): 65.12% micro-Prec: 0.8479 micro-Recall:0.7569 micro-F1: 0.7998 dev loss: 0.033658
              precision    recall  f1-score   support

         教育学     0.8731    0.9710    0.9194       241
          法学     0.9272    0.8527    0.8884       224
      中国语言文学     0.8800    0.8324    0.8556       185
         政治学     0.8060    0.6626    0.7273       163
         社会学     0.8759    0.8089    0.8411       157
         心理学     0.9024    0.6016    0.7220       123
       应用经济学     0.7778    0.5385    0.6364       117
         历史学     0.9500    0.6972    0.8042       109
     环境科学与工程     0.8962    0.8796    0.8879       108
          哲学     0.8955    0.6186    0.7317        97
      外国语言文学     0.8310    0.6941    0.7564        85
         生物学     0.8684    0.8354    0.8516        79
      交通运输工程     0.9000    0.9231    0.9114        78
        临床医学     0.8472    0.8026    0.8243        76
    计算机科学与技术     0.7808    0.8028    0.7917        71
        土木工程     0.8986    0.9394    0.9185        66
   航空宇航科学与技术     0.9828    0.9344    0.9580        61
         民族学     0.7826    0.6545    0.7129        55
   公共卫生与预防医学     0.7407    0.7843    0.7619        51
         美术学     0.8421    0.9600    0.8972        50
         艺术学     0.7907    0.7907    0.7907        43
         地理学     0.8293    0.8095    0.8193        42
         体育学     0.9286    0.6500    0.7647        40
       理论经济学     0.8421    0.4211    0.5614        38
         中医学     0.8857    0.8378    0.8611        37
         物理学     0.8158    0.8611    0.8378        36
          林学     0.8261    0.5758    0.6786        33
          数学     0.8889    0.5000    0.6400        32
     电子科学与技术     0.6923    0.5806    0.6316        31
        基础医学     0.8571    0.4138    0.5581        29
        工商管理     0.8333    0.7407    0.7843        27
       新闻传播学     0.7500    0.9545    0.8400        22
         天文学     0.7826    0.8182    0.8000        22
         地质学     1.0000    0.6667    0.8000        21
         畜牧学     0.7917    0.9048    0.8444        21
   军事思想及军事历史     0.7273    0.8000    0.7619        20
     管理科学与工程     0.6667    0.7778    0.7179        18
     测绘科学与技术     0.7059    0.7059    0.7059        17
        水利工程     0.8462    0.6875    0.7586        16
        大气科学     0.7500    0.7500    0.7500        16
     兵器科学与技术     0.7143    0.6667    0.6897        15
       地球物理学     0.5556    0.3571    0.4348        14
        电气工程     1.0000    0.5385    0.7000        13
         作物学     0.7143    0.7692    0.7407        13
     控制科学与工程     0.2667    0.3077    0.2857        13
     信息与通信工程     0.6667    0.6154    0.6400        13
        公共管理     0.5000    0.1538    0.2353        13
         建筑学     0.8571    0.4615    0.6000        13
     化学工程与技术     0.9167    0.9167    0.9167        12
          力学     0.6667    0.5455    0.6000        11
        海洋科学     0.9091    0.9091    0.9091        11
     轻工技术与工程     0.5000    0.5455    0.5217        11
        农业工程     0.8333    0.5000    0.6250        10
         园艺学     0.8889    0.8000    0.8421        10
       中西医结合     0.6667    0.2000    0.3077        10
        机械工程     1.0000    0.5556    0.7143         9
       科学技术史     1.0000    0.5000    0.6667         8
     船舶与海洋工程     0.8571    0.7500    0.8000         8
   图书情报与档案管理     0.6667    1.0000    0.8000         8
        植物保护     1.0000    1.0000    1.0000         8
     材料科学与工程     1.0000    0.6250    0.7692         8
         统计学     0.6364    0.8750    0.7368         8
          化学     1.0000    0.7500    0.8571         8
     食品科学与工程     1.0000    0.7500    0.8571         8
          水产     1.0000    0.8571    0.9231         7
          药学     0.8571    0.8571    0.8571         7
     农业资源与环境     1.0000    0.5714    0.7273         7
         世界史     1.0000    0.8571    0.9231         7
        系统科学     0.8333    0.7143    0.7692         7
      农林经济管理     0.5556    1.0000    0.7143         5
       军队指挥学     1.0000    0.4000    0.5714         5
        矿业工程     0.7500    0.6000    0.6667         5
     纺织科学与工程     0.7143    1.0000    0.8333         5
  动力工程及工程热物理     0.0000    0.0000    0.0000         4
        林业工程     0.0000    0.0000    0.0000         4
     仪器科学与技术     1.0000    0.3333    0.5000         3
         战略学     1.0000    0.6667    0.8000         3
   地质资源与地质工程     0.4286    1.0000    0.6000         3
        旅游管理     1.0000    1.0000    1.0000         3
 图书馆、情报与档案管理     0.0000    0.0000    0.0000         2
        冶金工程     1.0000    0.5000    0.6667         2
      核科学与技术     0.0000    0.0000    0.0000         2

   micro avg     0.8479    0.7569    0.7998      3093
   macro avg     0.7857    0.6767    0.7086      3093
weighted avg     0.8488    0.7569    0.7917      3093
 samples avg     0.8143    0.7745    0.7819      3093

