nohup: 忽略输入
  0%|          | 0/82 [00:00<?, ?it/s]100%|██████████| 82/82 [00:00<00:00, 1150277.35it/s]
model:  ernie-rcnn-catlstmwide
pretrained:  ernie3
task:  MLC-slice
dataset:  book_multilabels_task_slice
seq_length:  256
hidden_dropout_prob:  0.1
attention_probs_dropout_prob:  0.1
epochs_num:  32
batch_size:  8
learning_rate:  2e-05
report_steps:  100
kg_name:  CnDbpedia
no_kg:  True
no_vm:  True
GPU:  NVIDIA GeForce RTX 2080 Ti
Vocabulary Size:  39979
[BertClassifier] use visible_matrix: False
Some weights of ErnieRCNNForMultiLabelSequenceClassificationSliceCatLSTMWide were not initialized from the model checkpoint at ./models/ernie3 and are newly initialized: ['lstm.weight_hh_l1', 'output_layer_1.bias', 'lstm.bias_hh_l0_reverse', 'lstm.bias_hh_l0', 'lstm.bias_ih_l1', 'lstm.bias_ih_l1_reverse', 'lstm.weight_ih_l1', 'classifier.bias', 'lstm.bias_ih_l0', 'lstm.weight_hh_l1_reverse', 'lstm.weight_hh_l0', 'lstm.weight_ih_l1_reverse', 'lstm.weight_ih_l0', 'output_layer_1.weight', 'lstm.bias_hh_l1_reverse', 'lstm.weight_hh_l0_reverse', 'lstm.bias_ih_l0_reverse', 'lstm.weight_ih_l0_reverse', 'lstm.bias_hh_l1', 'classifier.weight']
You should probably TRAIN this model on a down-stream task to be able to use it for predictions and inference.
1 GPUs are available. Let's use them.
device:  cuda
Start training.
Loading sentences from ./datasets/book_multilabels_task_slice/train.tsv
There are 9097 sentence in total. We use 1 processes to inject knowledge into sentences.
Progress of process 0: 0/9097
Loading sentences from ./datasets/book_multilabels_task_slice/dev.tsv
There are 2084 sentence in total. We use 1 processes to inject knowledge into sentences.
Progress of process 0: 0/2084
Loading sentences from ./datasets/book_multilabels_task_slice/test.tsv
There are 2067 sentence in total. We use 1 processes to inject knowledge into sentences.
Progress of process 0: 0/2067
Acc. (Correct/Total):  0.62% micro-Prec: 0.0144 micro-Recall:0.0103 micro-F1: 0.0117 dev loss: 0.703214
Epoch id: 1, Training steps: 100, Train Acc:  0.00%, Train Loss: 0.688311, Train Avg Loss: 0.719639, Time: 0:00:50
Epoch id: 1, Training steps: 200, Train Acc:  0.00%, Train Loss: 0.524378, Train Avg Loss: 0.612407, Time: 0:01:40
Epoch id: 1, Training steps: 300, Train Acc:  0.00%, Train Loss: 0.355430, Train Avg Loss: 0.439050, Time: 0:02:30
Epoch id: 1, Training steps: 400, Train Acc:  0.00%, Train Loss: 0.210143, Train Avg Loss: 0.268110, Time: 0:03:21
Epoch id: 1, Training steps: 500, Train Acc:  0.00%, Train Loss: 0.126558, Train Avg Loss: 0.159085, Time: 0:04:11
Epoch id: 1, Training steps: 600, Train Acc:  0.00%, Train Loss: 0.096330, Train Avg Loss: 0.109544, Time: 0:05:01
Epoch id: 1, Training steps: 700, Train Acc:  0.00%, Train Loss: 0.092005, Train Avg Loss: 0.094678, Time: 0:05:52
Epoch id: 1, Training steps: 800, Train Acc:  0.00%, Train Loss: 0.081196, Train Avg Loss: 0.089222, Time: 0:06:42
Epoch id: 1, Training steps: 900, Train Acc:  0.00%, Train Loss: 0.083494, Train Avg Loss: 0.084258, Time: 0:07:32
Epoch id: 1, Training steps: 1000, Train Acc:  0.00%, Train Loss: 0.087611, Train Avg Loss: 0.084320, Time: 0:08:22
Epoch id: 1, Training steps: 1100, Train Acc:  0.00%, Train Loss: 0.073571, Train Avg Loss: 0.083500, Time: 0:09:12
Start evaluation on dev dataset.
Acc. (Correct/Total):  0.00% micro-Prec: 0.0000 micro-Recall:0.0000 micro-F1: 0.0000 dev loss: 0.086669
Epoch id: 2, Training steps: 100, Train Acc:  0.00%, Train Loss: 0.075602, Train Avg Loss: 0.113229, Time: 0:11:08
Epoch id: 2, Training steps: 200, Train Acc:  0.00%, Train Loss: 0.082295, Train Avg Loss: 0.080796, Time: 0:11:58
Epoch id: 2, Training steps: 300, Train Acc:  0.00%, Train Loss: 0.066778, Train Avg Loss: 0.079769, Time: 0:12:48
Epoch id: 2, Training steps: 400, Train Acc:  0.00%, Train Loss: 0.077116, Train Avg Loss: 0.079374, Time: 0:13:38
Epoch id: 2, Training steps: 500, Train Acc:  0.00%, Train Loss: 0.089325, Train Avg Loss: 0.079662, Time: 0:14:29
Epoch id: 2, Training steps: 600, Train Acc:  0.00%, Train Loss: 0.073868, Train Avg Loss: 0.077118, Time: 0:15:19
Epoch id: 2, Training steps: 700, Train Acc:  0.00%, Train Loss: 0.081693, Train Avg Loss: 0.077500, Time: 0:16:09
Epoch id: 2, Training steps: 800, Train Acc:  0.00%, Train Loss: 0.077788, Train Avg Loss: 0.072895, Time: 0:16:59
Epoch id: 2, Training steps: 900, Train Acc:  0.00%, Train Loss: 0.069863, Train Avg Loss: 0.070621, Time: 0:17:49
Epoch id: 2, Training steps: 1000, Train Acc:  0.00%, Train Loss: 0.070344, Train Avg Loss: 0.066299, Time: 0:18:39
Epoch id: 2, Training steps: 1100, Train Acc:  0.00%, Train Loss: 0.068039, Train Avg Loss: 0.064206, Time: 0:19:30
Start evaluation on dev dataset.
Acc. (Correct/Total):  0.29% micro-Prec: 0.9000 micro-Recall:0.0029 micro-F1: 0.0058 dev loss: 0.068325
Start evaluation on test dataset.
Acc. (Correct/Total):  0.44% micro-Prec: 0.9500 micro-Recall:0.0061 micro-F1: 0.0122 dev loss: 0.067001
Epoch id: 3, Training steps: 100, Train Acc:  0.00%, Train Loss: 0.063819, Train Avg Loss: 0.084378, Time: 0:22:11
Epoch id: 3, Training steps: 200, Train Acc:  0.00%, Train Loss: 0.056392, Train Avg Loss: 0.059793, Time: 0:23:02
Epoch id: 3, Training steps: 300, Train Acc: 12.50%, Train Loss: 0.058483, Train Avg Loss: 0.055821, Time: 0:23:52
Epoch id: 3, Training steps: 400, Train Acc:  0.00%, Train Loss: 0.048442, Train Avg Loss: 0.053761, Time: 0:24:42
Epoch id: 3, Training steps: 500, Train Acc:  0.00%, Train Loss: 0.027881, Train Avg Loss: 0.050088, Time: 0:25:32
Epoch id: 3, Training steps: 600, Train Acc: 12.50%, Train Loss: 0.044476, Train Avg Loss: 0.048957, Time: 0:26:22
Epoch id: 3, Training steps: 700, Train Acc:  0.00%, Train Loss: 0.060360, Train Avg Loss: 0.046291, Time: 0:27:12
Epoch id: 3, Training steps: 800, Train Acc:  0.00%, Train Loss: 0.048547, Train Avg Loss: 0.046465, Time: 0:28:03
Epoch id: 3, Training steps: 900, Train Acc: 12.50%, Train Loss: 0.022171, Train Avg Loss: 0.042875, Time: 0:28:53
Epoch id: 3, Training steps: 1000, Train Acc: 12.50%, Train Loss: 0.042953, Train Avg Loss: 0.040537, Time: 0:29:43
Epoch id: 3, Training steps: 1100, Train Acc: 25.00%, Train Loss: 0.034968, Train Avg Loss: 0.040138, Time: 0:30:33
Start evaluation on dev dataset.
Acc. (Correct/Total): 17.27% micro-Prec: 0.8720 micro-Recall:0.2273 micro-F1: 0.3606 dev loss: 0.052075
Start evaluation on test dataset.
Acc. (Correct/Total): 26.32% micro-Prec: 0.9471 micro-Recall:0.3065 micro-F1: 0.4631 dev loss: 0.049405
Epoch id: 4, Training steps: 100, Train Acc: 12.50%, Train Loss: 0.028032, Train Avg Loss: 0.050381, Time: 0:33:16
Epoch id: 4, Training steps: 200, Train Acc:  0.00%, Train Loss: 0.040218, Train Avg Loss: 0.035885, Time: 0:34:06
Epoch id: 4, Training steps: 300, Train Acc: 25.00%, Train Loss: 0.015963, Train Avg Loss: 0.037607, Time: 0:34:56
Epoch id: 4, Training steps: 400, Train Acc: 25.00%, Train Loss: 0.036265, Train Avg Loss: 0.034169, Time: 0:35:46
Epoch id: 4, Training steps: 500, Train Acc: 25.00%, Train Loss: 0.027608, Train Avg Loss: 0.033295, Time: 0:36:37
Epoch id: 4, Training steps: 600, Train Acc: 37.50%, Train Loss: 0.039018, Train Avg Loss: 0.034834, Time: 0:37:27
Epoch id: 4, Training steps: 700, Train Acc: 12.50%, Train Loss: 0.041408, Train Avg Loss: 0.033098, Time: 0:38:17
Epoch id: 4, Training steps: 800, Train Acc: 25.00%, Train Loss: 0.058816, Train Avg Loss: 0.031783, Time: 0:39:07
Epoch id: 4, Training steps: 900, Train Acc:  0.00%, Train Loss: 0.043023, Train Avg Loss: 0.031862, Time: 0:39:57
Epoch id: 4, Training steps: 1000, Train Acc: 37.50%, Train Loss: 0.021559, Train Avg Loss: 0.030578, Time: 0:40:48
Epoch id: 4, Training steps: 1100, Train Acc: 12.50%, Train Loss: 0.040023, Train Avg Loss: 0.029824, Time: 0:41:38
Start evaluation on dev dataset.
Acc. (Correct/Total): 29.41% micro-Prec: 0.8814 micro-Recall:0.3584 micro-F1: 0.5096 dev loss: 0.044306
Start evaluation on test dataset.
Acc. (Correct/Total): 32.85% micro-Prec: 0.9278 micro-Recall:0.3986 micro-F1: 0.5577 dev loss: 0.041276
Epoch id: 5, Training steps: 100, Train Acc:  0.00%, Train Loss: 0.027474, Train Avg Loss: 0.037867, Time: 0:44:20
Epoch id: 5, Training steps: 200, Train Acc: 12.50%, Train Loss: 0.029662, Train Avg Loss: 0.026175, Time: 0:45:10
Epoch id: 5, Training steps: 300, Train Acc: 50.00%, Train Loss: 0.005744, Train Avg Loss: 0.024699, Time: 0:46:00
Epoch id: 5, Training steps: 400, Train Acc: 37.50%, Train Loss: 0.017168, Train Avg Loss: 0.023466, Time: 0:46:50
Epoch id: 5, Training steps: 500, Train Acc: 37.50%, Train Loss: 0.022596, Train Avg Loss: 0.025416, Time: 0:47:41
Epoch id: 5, Training steps: 600, Train Acc:  0.00%, Train Loss: 0.034554, Train Avg Loss: 0.023804, Time: 0:48:31
Epoch id: 5, Training steps: 700, Train Acc: 12.50%, Train Loss: 0.026686, Train Avg Loss: 0.023205, Time: 0:49:21
Epoch id: 5, Training steps: 800, Train Acc: 37.50%, Train Loss: 0.019836, Train Avg Loss: 0.024772, Time: 0:50:11
Epoch id: 5, Training steps: 900, Train Acc: 37.50%, Train Loss: 0.019870, Train Avg Loss: 0.023769, Time: 0:51:01
Epoch id: 5, Training steps: 1000, Train Acc: 12.50%, Train Loss: 0.024421, Train Avg Loss: 0.023640, Time: 0:51:51
Epoch id: 5, Training steps: 1100, Train Acc: 12.50%, Train Loss: 0.030855, Train Avg Loss: 0.025406, Time: 0:52:42
Start evaluation on dev dataset.
Acc. (Correct/Total): 32.68% micro-Prec: 0.8982 micro-Recall:0.3856 micro-F1: 0.5395 dev loss: 0.036171
Start evaluation on test dataset.
Acc. (Correct/Total): 38.32% micro-Prec: 0.9270 micro-Recall:0.4513 micro-F1: 0.6071 dev loss: 0.033152
Epoch id: 6, Training steps: 100, Train Acc: 37.50%, Train Loss: 0.016043, Train Avg Loss: 0.027876, Time: 0:55:24
Epoch id: 6, Training steps: 200, Train Acc: 62.50%, Train Loss: 0.004510, Train Avg Loss: 0.020182, Time: 0:56:14
Epoch id: 6, Training steps: 300, Train Acc: 50.00%, Train Loss: 0.006619, Train Avg Loss: 0.019546, Time: 0:57:05
Epoch id: 6, Training steps: 400, Train Acc: 50.00%, Train Loss: 0.019864, Train Avg Loss: 0.019338, Time: 0:57:55
Epoch id: 6, Training steps: 500, Train Acc: 50.00%, Train Loss: 0.013420, Train Avg Loss: 0.019617, Time: 0:58:45
Epoch id: 6, Training steps: 600, Train Acc: 50.00%, Train Loss: 0.010115, Train Avg Loss: 0.018346, Time: 0:59:35
Epoch id: 6, Training steps: 700, Train Acc: 50.00%, Train Loss: 0.023663, Train Avg Loss: 0.021133, Time: 1:00:25
Epoch id: 6, Training steps: 800, Train Acc: 37.50%, Train Loss: 0.015977, Train Avg Loss: 0.019590, Time: 1:01:16
Epoch id: 6, Training steps: 900, Train Acc: 12.50%, Train Loss: 0.039785, Train Avg Loss: 0.019058, Time: 1:02:06
Epoch id: 6, Training steps: 1000, Train Acc: 25.00%, Train Loss: 0.040089, Train Avg Loss: 0.020713, Time: 1:02:56
Epoch id: 6, Training steps: 1100, Train Acc: 37.50%, Train Loss: 0.020204, Train Avg Loss: 0.020981, Time: 1:03:46
Start evaluation on dev dataset.
Acc. (Correct/Total): 40.40% micro-Prec: 0.8585 micro-Recall:0.4752 micro-F1: 0.6118 dev loss: 0.038435
Start evaluation on test dataset.
Acc. (Correct/Total): 45.72% micro-Prec: 0.9069 micro-Recall:0.5354 micro-F1: 0.6733 dev loss: 0.034444
Epoch id: 7, Training steps: 100, Train Acc: 50.00%, Train Loss: 0.013199, Train Avg Loss: 0.024549, Time: 1:06:28
Epoch id: 7, Training steps: 200, Train Acc: 25.00%, Train Loss: 0.020711, Train Avg Loss: 0.017096, Time: 1:07:19
Epoch id: 7, Training steps: 300, Train Acc: 12.50%, Train Loss: 0.025603, Train Avg Loss: 0.016302, Time: 1:08:09
Epoch id: 7, Training steps: 400, Train Acc: 12.50%, Train Loss: 0.027974, Train Avg Loss: 0.029559, Time: 1:08:59
Epoch id: 7, Training steps: 500, Train Acc: 50.00%, Train Loss: 0.021500, Train Avg Loss: 0.019244, Time: 1:09:49
Epoch id: 7, Training steps: 600, Train Acc: 62.50%, Train Loss: 0.006486, Train Avg Loss: 0.016008, Time: 1:10:39
Epoch id: 7, Training steps: 700, Train Acc: 25.00%, Train Loss: 0.016686, Train Avg Loss: 0.016827, Time: 1:11:29
Epoch id: 7, Training steps: 800, Train Acc: 25.00%, Train Loss: 0.009815, Train Avg Loss: 0.014949, Time: 1:12:20
Epoch id: 7, Training steps: 900, Train Acc: 62.50%, Train Loss: 0.004710, Train Avg Loss: 0.015712, Time: 1:13:10
Epoch id: 7, Training steps: 1000, Train Acc: 37.50%, Train Loss: 0.023575, Train Avg Loss: 0.017194, Time: 1:14:00
Epoch id: 7, Training steps: 1100, Train Acc: 50.00%, Train Loss: 0.006877, Train Avg Loss: 0.015594, Time: 1:14:50
Start evaluation on dev dataset.
Acc. (Correct/Total): 46.26% micro-Prec: 0.8557 micro-Recall:0.5452 micro-F1: 0.6660 dev loss: 0.038612
Start evaluation on test dataset.
Acc. (Correct/Total): 52.25% micro-Prec: 0.8868 micro-Recall:0.6004 micro-F1: 0.7160 dev loss: 0.034666
Epoch id: 8, Training steps: 100, Train Acc: 50.00%, Train Loss: 0.010014, Train Avg Loss: 0.018822, Time: 1:17:32
Epoch id: 8, Training steps: 200, Train Acc: 37.50%, Train Loss: 0.010784, Train Avg Loss: 0.015009, Time: 1:18:22
Epoch id: 8, Training steps: 300, Train Acc: 37.50%, Train Loss: 0.021557, Train Avg Loss: 0.012807, Time: 1:19:12
Epoch id: 8, Training steps: 400, Train Acc: 50.00%, Train Loss: 0.008597, Train Avg Loss: 0.012631, Time: 1:20:03
Epoch id: 8, Training steps: 500, Train Acc: 37.50%, Train Loss: 0.010670, Train Avg Loss: 0.013900, Time: 1:20:53
Epoch id: 8, Training steps: 600, Train Acc: 37.50%, Train Loss: 0.014457, Train Avg Loss: 0.013006, Time: 1:21:43
Epoch id: 8, Training steps: 700, Train Acc: 25.00%, Train Loss: 0.016297, Train Avg Loss: 0.013242, Time: 1:22:33
Epoch id: 8, Training steps: 800, Train Acc: 37.50%, Train Loss: 0.027517, Train Avg Loss: 0.014095, Time: 1:23:23
Epoch id: 8, Training steps: 900, Train Acc: 75.00%, Train Loss: 0.008799, Train Avg Loss: 0.013189, Time: 1:24:14
Epoch id: 8, Training steps: 1000, Train Acc: 62.50%, Train Loss: 0.012591, Train Avg Loss: 0.013355, Time: 1:25:04
Epoch id: 8, Training steps: 1100, Train Acc: 50.00%, Train Loss: 0.011951, Train Avg Loss: 0.013579, Time: 1:25:54
Start evaluation on dev dataset.
Acc. (Correct/Total): 46.74% micro-Prec: 0.8597 micro-Recall:0.5555 micro-F1: 0.6749 dev loss: 0.034946
Start evaluation on test dataset.
Acc. (Correct/Total): 53.02% micro-Prec: 0.8904 micro-Recall:0.6120 micro-F1: 0.7254 dev loss: 0.031070
Epoch id: 9, Training steps: 100, Train Acc: 50.00%, Train Loss: 0.016494, Train Avg Loss: 0.015325, Time: 1:28:37
Epoch id: 9, Training steps: 200, Train Acc: 50.00%, Train Loss: 0.014028, Train Avg Loss: 0.010561, Time: 1:29:27
Epoch id: 9, Training steps: 300, Train Acc: 62.50%, Train Loss: 0.003541, Train Avg Loss: 0.010606, Time: 1:30:17
Epoch id: 9, Training steps: 400, Train Acc: 50.00%, Train Loss: 0.014656, Train Avg Loss: 0.011217, Time: 1:31:07
Epoch id: 9, Training steps: 500, Train Acc: 50.00%, Train Loss: 0.010067, Train Avg Loss: 0.010595, Time: 1:31:58
Epoch id: 9, Training steps: 600, Train Acc: 62.50%, Train Loss: 0.010878, Train Avg Loss: 0.010694, Time: 1:32:48
Epoch id: 9, Training steps: 700, Train Acc: 37.50%, Train Loss: 0.009797, Train Avg Loss: 0.009967, Time: 1:33:39
Epoch id: 9, Training steps: 800, Train Acc: 62.50%, Train Loss: 0.011830, Train Avg Loss: 0.011685, Time: 1:34:29
Epoch id: 9, Training steps: 900, Train Acc: 37.50%, Train Loss: 0.012678, Train Avg Loss: 0.010616, Time: 1:35:19
Epoch id: 9, Training steps: 1000, Train Acc: 37.50%, Train Loss: 0.005596, Train Avg Loss: 0.010119, Time: 1:36:10
Epoch id: 9, Training steps: 1100, Train Acc: 50.00%, Train Loss: 0.012422, Train Avg Loss: 0.012375, Time: 1:37:00
Start evaluation on dev dataset.
Acc. (Correct/Total): 49.81% micro-Prec: 0.8374 micro-Recall:0.5869 micro-F1: 0.6901 dev loss: 0.038167
Start evaluation on test dataset.
Acc. (Correct/Total): 55.59% micro-Prec: 0.8766 micro-Recall:0.6385 micro-F1: 0.7389 dev loss: 0.033586
Epoch id: 10, Training steps: 100, Train Acc: 75.00%, Train Loss: 0.014098, Train Avg Loss: 0.013387, Time: 1:39:42
Epoch id: 10, Training steps: 200, Train Acc: 75.00%, Train Loss: 0.007220, Train Avg Loss: 0.008931, Time: 1:40:32
Epoch id: 10, Training steps: 300, Train Acc: 50.00%, Train Loss: 0.013922, Train Avg Loss: 0.009078, Time: 1:41:22
Epoch id: 10, Training steps: 400, Train Acc: 62.50%, Train Loss: 0.005541, Train Avg Loss: 0.008928, Time: 1:42:12
Epoch id: 10, Training steps: 500, Train Acc: 75.00%, Train Loss: 0.007595, Train Avg Loss: 0.008617, Time: 1:43:03
Epoch id: 10, Training steps: 600, Train Acc: 62.50%, Train Loss: 0.004234, Train Avg Loss: 0.008935, Time: 1:43:53
Epoch id: 10, Training steps: 700, Train Acc: 50.00%, Train Loss: 0.025445, Train Avg Loss: 0.009092, Time: 1:44:43
Epoch id: 10, Training steps: 800, Train Acc: 62.50%, Train Loss: 0.002980, Train Avg Loss: 0.008442, Time: 1:45:33
Epoch id: 10, Training steps: 900, Train Acc: 62.50%, Train Loss: 0.010983, Train Avg Loss: 0.008728, Time: 1:46:23
Epoch id: 10, Training steps: 1000, Train Acc: 62.50%, Train Loss: 0.010775, Train Avg Loss: 0.009005, Time: 1:47:14
Epoch id: 10, Training steps: 1100, Train Acc: 50.00%, Train Loss: 0.005443, Train Avg Loss: 0.008492, Time: 1:48:04
Start evaluation on dev dataset.
Acc. (Correct/Total): 50.86% micro-Prec: 0.8342 micro-Recall:0.6057 micro-F1: 0.7018 dev loss: 0.036461
Start evaluation on test dataset.
Acc. (Correct/Total): 57.33% micro-Prec: 0.8687 micro-Recall:0.6570 micro-F1: 0.7482 dev loss: 0.032081
Epoch id: 11, Training steps: 100, Train Acc: 75.00%, Train Loss: 0.005199, Train Avg Loss: 0.011353, Time: 1:50:46
Epoch id: 11, Training steps: 200, Train Acc: 62.50%, Train Loss: 0.015696, Train Avg Loss: 0.006158, Time: 1:51:37
Epoch id: 11, Training steps: 300, Train Acc: 75.00%, Train Loss: 0.004945, Train Avg Loss: 0.006427, Time: 1:52:27
Epoch id: 11, Training steps: 400, Train Acc: 50.00%, Train Loss: 0.006258, Train Avg Loss: 0.006871, Time: 1:53:17
Epoch id: 11, Training steps: 500, Train Acc: 75.00%, Train Loss: 0.003668, Train Avg Loss: 0.006862, Time: 1:54:07
Epoch id: 11, Training steps: 600, Train Acc: 37.50%, Train Loss: 0.011364, Train Avg Loss: 0.007120, Time: 1:54:57
Epoch id: 11, Training steps: 700, Train Acc: 75.00%, Train Loss: 0.004927, Train Avg Loss: 0.006918, Time: 1:55:48
Epoch id: 11, Training steps: 800, Train Acc: 50.00%, Train Loss: 0.023830, Train Avg Loss: 0.007449, Time: 1:56:38
Epoch id: 11, Training steps: 900, Train Acc: 62.50%, Train Loss: 0.006205, Train Avg Loss: 0.007401, Time: 1:57:28
Epoch id: 11, Training steps: 1000, Train Acc: 50.00%, Train Loss: 0.013760, Train Avg Loss: 0.007814, Time: 1:58:18
Epoch id: 11, Training steps: 1100, Train Acc: 62.50%, Train Loss: 0.004594, Train Avg Loss: 0.008085, Time: 1:59:08
Start evaluation on dev dataset.
Acc. (Correct/Total): 52.02% micro-Prec: 0.8201 micro-Recall:0.6300 micro-F1: 0.7126 dev loss: 0.036018
Start evaluation on test dataset.
Acc. (Correct/Total): 58.59% micro-Prec: 0.8615 micro-Recall:0.6819 micro-F1: 0.7612 dev loss: 0.031792
Epoch id: 12, Training steps: 100, Train Acc: 75.00%, Train Loss: 0.004772, Train Avg Loss: 0.009291, Time: 2:01:50
Epoch id: 12, Training steps: 200, Train Acc: 75.00%, Train Loss: 0.002153, Train Avg Loss: 0.005987, Time: 2:02:41
Epoch id: 12, Training steps: 300, Train Acc: 75.00%, Train Loss: 0.008447, Train Avg Loss: 0.006781, Time: 2:03:31
Epoch id: 12, Training steps: 400, Train Acc: 87.50%, Train Loss: 0.001594, Train Avg Loss: 0.006132, Time: 2:04:21
Epoch id: 12, Training steps: 500, Train Acc: 62.50%, Train Loss: 0.003536, Train Avg Loss: 0.005546, Time: 2:05:11
Epoch id: 12, Training steps: 600, Train Acc: 37.50%, Train Loss: 0.005342, Train Avg Loss: 0.006201, Time: 2:06:01
Epoch id: 12, Training steps: 700, Train Acc: 100.00%, Train Loss: 0.001680, Train Avg Loss: 0.006257, Time: 2:06:52
Epoch id: 12, Training steps: 800, Train Acc: 75.00%, Train Loss: 0.003156, Train Avg Loss: 0.005269, Time: 2:07:42
Epoch id: 12, Training steps: 900, Train Acc: 75.00%, Train Loss: 0.003681, Train Avg Loss: 0.005936, Time: 2:08:32
Epoch id: 12, Training steps: 1000, Train Acc: 87.50%, Train Loss: 0.004706, Train Avg Loss: 0.006047, Time: 2:09:22
Epoch id: 12, Training steps: 1100, Train Acc: 75.00%, Train Loss: 0.010150, Train Avg Loss: 0.005666, Time: 2:10:12
Start evaluation on dev dataset.
Acc. (Correct/Total): 53.84% micro-Prec: 0.8326 micro-Recall:0.6390 micro-F1: 0.7231 dev loss: 0.035305
Start evaluation on test dataset.
Acc. (Correct/Total): 60.28% micro-Prec: 0.8699 micro-Recall:0.6938 micro-F1: 0.7719 dev loss: 0.030551
Epoch id: 13, Training steps: 100, Train Acc: 87.50%, Train Loss: 0.003352, Train Avg Loss: 0.006711, Time: 2:12:55
Epoch id: 13, Training steps: 200, Train Acc: 75.00%, Train Loss: 0.005990, Train Avg Loss: 0.004728, Time: 2:13:45
Epoch id: 13, Training steps: 300, Train Acc: 87.50%, Train Loss: 0.004058, Train Avg Loss: 0.004330, Time: 2:14:35
Epoch id: 13, Training steps: 400, Train Acc: 50.00%, Train Loss: 0.009560, Train Avg Loss: 0.004840, Time: 2:15:25
Epoch id: 13, Training steps: 500, Train Acc: 100.00%, Train Loss: 0.000744, Train Avg Loss: 0.004732, Time: 2:16:15
Epoch id: 13, Training steps: 600, Train Acc: 87.50%, Train Loss: 0.007459, Train Avg Loss: 0.004735, Time: 2:17:06
Epoch id: 13, Training steps: 700, Train Acc: 75.00%, Train Loss: 0.002276, Train Avg Loss: 0.004947, Time: 2:17:56
Epoch id: 13, Training steps: 800, Train Acc: 62.50%, Train Loss: 0.006682, Train Avg Loss: 0.004449, Time: 2:18:46
Epoch id: 13, Training steps: 900, Train Acc: 25.00%, Train Loss: 0.012675, Train Avg Loss: 0.004713, Time: 2:19:36
Epoch id: 13, Training steps: 1000, Train Acc: 75.00%, Train Loss: 0.003149, Train Avg Loss: 0.004584, Time: 2:20:27
Epoch id: 13, Training steps: 1100, Train Acc: 75.00%, Train Loss: 0.002478, Train Avg Loss: 0.004670, Time: 2:21:17
Start evaluation on dev dataset.
Acc. (Correct/Total): 54.27% micro-Prec: 0.8300 micro-Recall:0.6543 micro-F1: 0.7317 dev loss: 0.033879
Start evaluation on test dataset.
Acc. (Correct/Total): 59.55% micro-Prec: 0.8578 micro-Recall:0.6903 micro-F1: 0.7650 dev loss: 0.030101
Epoch id: 14, Training steps: 100, Train Acc: 75.00%, Train Loss: 0.006093, Train Avg Loss: 0.005219, Time: 2:23:58
Epoch id: 14, Training steps: 200, Train Acc: 87.50%, Train Loss: 0.003552, Train Avg Loss: 0.003570, Time: 2:24:48
Epoch id: 14, Training steps: 300, Train Acc: 87.50%, Train Loss: 0.005027, Train Avg Loss: 0.003758, Time: 2:25:38
Epoch id: 14, Training steps: 400, Train Acc: 62.50%, Train Loss: 0.004152, Train Avg Loss: 0.004008, Time: 2:26:29
Epoch id: 14, Training steps: 500, Train Acc: 87.50%, Train Loss: 0.001959, Train Avg Loss: 0.003502, Time: 2:27:19
Epoch id: 14, Training steps: 600, Train Acc: 62.50%, Train Loss: 0.004691, Train Avg Loss: 0.004246, Time: 2:28:09
Epoch id: 14, Training steps: 700, Train Acc: 87.50%, Train Loss: 0.003254, Train Avg Loss: 0.004238, Time: 2:28:59
Epoch id: 14, Training steps: 800, Train Acc: 75.00%, Train Loss: 0.009704, Train Avg Loss: 0.004010, Time: 2:29:50
Epoch id: 14, Training steps: 900, Train Acc: 50.00%, Train Loss: 0.010075, Train Avg Loss: 0.003682, Time: 2:30:40
Epoch id: 14, Training steps: 1000, Train Acc: 87.50%, Train Loss: 0.001919, Train Avg Loss: 0.003937, Time: 2:31:30
Epoch id: 14, Training steps: 1100, Train Acc: 87.50%, Train Loss: 0.004056, Train Avg Loss: 0.004149, Time: 2:32:20
Start evaluation on dev dataset.
Acc. (Correct/Total): 54.41% micro-Prec: 0.8294 micro-Recall:0.6452 micro-F1: 0.7258 dev loss: 0.034055
Start evaluation on test dataset.
Acc. (Correct/Total): 61.01% micro-Prec: 0.8610 micro-Recall:0.6987 micro-F1: 0.7714 dev loss: 0.028997
Epoch id: 15, Training steps: 100, Train Acc: 87.50%, Train Loss: 0.001598, Train Avg Loss: 0.004242, Time: 2:35:01
Epoch id: 15, Training steps: 200, Train Acc: 100.00%, Train Loss: 0.000907, Train Avg Loss: 0.002787, Time: 2:35:52
Epoch id: 15, Training steps: 300, Train Acc: 75.00%, Train Loss: 0.004235, Train Avg Loss: 0.002995, Time: 2:36:42
Epoch id: 15, Training steps: 400, Train Acc: 62.50%, Train Loss: 0.003009, Train Avg Loss: 0.002831, Time: 2:37:32
Epoch id: 15, Training steps: 500, Train Acc: 75.00%, Train Loss: 0.002493, Train Avg Loss: 0.002871, Time: 2:38:23
Epoch id: 15, Training steps: 600, Train Acc: 50.00%, Train Loss: 0.004694, Train Avg Loss: 0.003298, Time: 2:39:13
Epoch id: 15, Training steps: 700, Train Acc: 87.50%, Train Loss: 0.004073, Train Avg Loss: 0.002940, Time: 2:40:03
Epoch id: 15, Training steps: 800, Train Acc: 75.00%, Train Loss: 0.004278, Train Avg Loss: 0.003229, Time: 2:40:54
Epoch id: 15, Training steps: 900, Train Acc: 50.00%, Train Loss: 0.008422, Train Avg Loss: 0.003608, Time: 2:41:44
Epoch id: 15, Training steps: 1000, Train Acc: 62.50%, Train Loss: 0.004088, Train Avg Loss: 0.003115, Time: 2:42:35
Epoch id: 15, Training steps: 1100, Train Acc: 75.00%, Train Loss: 0.005112, Train Avg Loss: 0.003408, Time: 2:43:25
Start evaluation on dev dataset.
Acc. (Correct/Total): 54.56% micro-Prec: 0.8117 micro-Recall:0.6572 micro-F1: 0.7263 dev loss: 0.035608
Start evaluation on test dataset.
Acc. (Correct/Total): 62.26% micro-Prec: 0.8615 micro-Recall:0.7142 micro-F1: 0.7810 dev loss: 0.028540
Epoch id: 16, Training steps: 100, Train Acc: 100.00%, Train Loss: 0.000614, Train Avg Loss: 0.003848, Time: 2:46:08
Epoch id: 16, Training steps: 200, Train Acc: 50.00%, Train Loss: 0.002648, Train Avg Loss: 0.002431, Time: 2:46:58
Epoch id: 16, Training steps: 300, Train Acc: 75.00%, Train Loss: 0.001935, Train Avg Loss: 0.002604, Time: 2:47:49
Epoch id: 16, Training steps: 400, Train Acc: 100.00%, Train Loss: 0.001103, Train Avg Loss: 0.002634, Time: 2:48:39
Epoch id: 16, Training steps: 500, Train Acc: 75.00%, Train Loss: 0.004108, Train Avg Loss: 0.002551, Time: 2:49:30
Epoch id: 16, Training steps: 600, Train Acc: 75.00%, Train Loss: 0.002646, Train Avg Loss: 0.002931, Time: 2:50:20
Epoch id: 16, Training steps: 700, Train Acc: 87.50%, Train Loss: 0.002499, Train Avg Loss: 0.003039, Time: 2:51:10
Epoch id: 16, Training steps: 800, Train Acc: 62.50%, Train Loss: 0.002459, Train Avg Loss: 0.002785, Time: 2:52:01
Epoch id: 16, Training steps: 900, Train Acc: 62.50%, Train Loss: 0.002164, Train Avg Loss: 0.003336, Time: 2:52:51
Epoch id: 16, Training steps: 1000, Train Acc: 75.00%, Train Loss: 0.001834, Train Avg Loss: 0.003207, Time: 2:53:42
Epoch id: 16, Training steps: 1100, Train Acc: 87.50%, Train Loss: 0.001159, Train Avg Loss: 0.003594, Time: 2:54:32
Start evaluation on dev dataset.
Acc. (Correct/Total): 55.42% micro-Prec: 0.8088 micro-Recall:0.6805 micro-F1: 0.7391 dev loss: 0.036154
Start evaluation on test dataset.
Acc. (Correct/Total): 62.70% micro-Prec: 0.8489 micro-Recall:0.7284 micro-F1: 0.7841 dev loss: 0.030617
Epoch id: 17, Training steps: 100, Train Acc: 75.00%, Train Loss: 0.001146, Train Avg Loss: 0.004092, Time: 2:57:14
Epoch id: 17, Training steps: 200, Train Acc: 62.50%, Train Loss: 0.003485, Train Avg Loss: 0.002311, Time: 2:58:04
Epoch id: 17, Training steps: 300, Train Acc: 75.00%, Train Loss: 0.001231, Train Avg Loss: 0.002426, Time: 2:58:54
Epoch id: 17, Training steps: 400, Train Acc: 75.00%, Train Loss: 0.002120, Train Avg Loss: 0.002273, Time: 2:59:45
Epoch id: 17, Training steps: 500, Train Acc: 87.50%, Train Loss: 0.000886, Train Avg Loss: 0.002738, Time: 3:00:35
Epoch id: 17, Training steps: 600, Train Acc: 87.50%, Train Loss: 0.002474, Train Avg Loss: 0.001942, Time: 3:01:25
Epoch id: 17, Training steps: 700, Train Acc: 100.00%, Train Loss: 0.000764, Train Avg Loss: 0.001824, Time: 3:02:15
Epoch id: 17, Training steps: 800, Train Acc: 100.00%, Train Loss: 0.000741, Train Avg Loss: 0.001753, Time: 3:03:05
Epoch id: 17, Training steps: 900, Train Acc: 100.00%, Train Loss: 0.000350, Train Avg Loss: 0.002279, Time: 3:03:56
Epoch id: 17, Training steps: 1000, Train Acc: 87.50%, Train Loss: 0.001190, Train Avg Loss: 0.002255, Time: 3:04:46
Epoch id: 17, Training steps: 1100, Train Acc: 100.00%, Train Loss: 0.000565, Train Avg Loss: 0.001969, Time: 3:05:36
Start evaluation on dev dataset.
Acc. (Correct/Total): 54.70% micro-Prec: 0.8020 micro-Recall:0.6675 micro-F1: 0.7286 dev loss: 0.036940
Epoch id: 18, Training steps: 100, Train Acc: 87.50%, Train Loss: 0.000650, Train Avg Loss: 0.002343, Time: 3:07:32
Epoch id: 18, Training steps: 200, Train Acc: 75.00%, Train Loss: 0.001846, Train Avg Loss: 0.001649, Time: 3:08:22
Epoch id: 18, Training steps: 300, Train Acc: 50.00%, Train Loss: 0.004722, Train Avg Loss: 0.002020, Time: 3:09:12
Epoch id: 18, Training steps: 400, Train Acc: 75.00%, Train Loss: 0.003479, Train Avg Loss: 0.001643, Time: 3:10:02
Epoch id: 18, Training steps: 500, Train Acc: 87.50%, Train Loss: 0.001798, Train Avg Loss: 0.001655, Time: 3:10:52
Epoch id: 18, Training steps: 600, Train Acc: 100.00%, Train Loss: 0.000876, Train Avg Loss: 0.002083, Time: 3:11:43
Epoch id: 18, Training steps: 700, Train Acc: 87.50%, Train Loss: 0.001301, Train Avg Loss: 0.001770, Time: 3:12:33
Epoch id: 18, Training steps: 800, Train Acc: 87.50%, Train Loss: 0.000876, Train Avg Loss: 0.001880, Time: 3:13:23
Epoch id: 18, Training steps: 900, Train Acc: 100.00%, Train Loss: 0.000425, Train Avg Loss: 0.002082, Time: 3:14:13
Epoch id: 18, Training steps: 1000, Train Acc: 100.00%, Train Loss: 0.000971, Train Avg Loss: 0.001456, Time: 3:15:03
Epoch id: 18, Training steps: 1100, Train Acc: 75.00%, Train Loss: 0.001239, Train Avg Loss: 0.001973, Time: 3:15:54
Start evaluation on dev dataset.
Acc. (Correct/Total): 56.62% micro-Prec: 0.8182 micro-Recall:0.6805 micro-F1: 0.7430 dev loss: 0.035104
Start evaluation on test dataset.
Acc. (Correct/Total): 62.07% micro-Prec: 0.8428 micro-Recall:0.7194 micro-F1: 0.7762 dev loss: 0.030154
Epoch id: 19, Training steps: 100, Train Acc: 100.00%, Train Loss: 0.000935, Train Avg Loss: 0.001886, Time: 3:18:35
Epoch id: 19, Training steps: 200, Train Acc: 75.00%, Train Loss: 0.002774, Train Avg Loss: 0.001335, Time: 3:19:25
Epoch id: 19, Training steps: 300, Train Acc: 75.00%, Train Loss: 0.003621, Train Avg Loss: 0.001602, Time: 3:20:15
Epoch id: 19, Training steps: 400, Train Acc: 100.00%, Train Loss: 0.000629, Train Avg Loss: 0.001370, Time: 3:21:06
Epoch id: 19, Training steps: 500, Train Acc: 75.00%, Train Loss: 0.002560, Train Avg Loss: 0.001347, Time: 3:21:56
Epoch id: 19, Training steps: 600, Train Acc: 100.00%, Train Loss: 0.000396, Train Avg Loss: 0.001619, Time: 3:22:46
Epoch id: 19, Training steps: 700, Train Acc: 87.50%, Train Loss: 0.000726, Train Avg Loss: 0.001450, Time: 3:23:36
Epoch id: 19, Training steps: 800, Train Acc: 100.00%, Train Loss: 0.000267, Train Avg Loss: 0.001296, Time: 3:24:26
Epoch id: 19, Training steps: 900, Train Acc: 75.00%, Train Loss: 0.001841, Train Avg Loss: 0.001304, Time: 3:25:17
Epoch id: 19, Training steps: 1000, Train Acc: 100.00%, Train Loss: 0.000544, Train Avg Loss: 0.001345, Time: 3:26:07
Epoch id: 19, Training steps: 1100, Train Acc: 87.50%, Train Loss: 0.002722, Train Avg Loss: 0.001648, Time: 3:26:57
Start evaluation on dev dataset.
Acc. (Correct/Total): 55.90% micro-Prec: 0.7965 micro-Recall:0.6840 micro-F1: 0.7360 dev loss: 0.037334
Epoch id: 20, Training steps: 100, Train Acc: 100.00%, Train Loss: 0.000779, Train Avg Loss: 0.001571, Time: 3:28:52
Epoch id: 20, Training steps: 200, Train Acc: 100.00%, Train Loss: 0.000325, Train Avg Loss: 0.001199, Time: 3:29:42
Epoch id: 20, Training steps: 300, Train Acc: 100.00%, Train Loss: 0.000575, Train Avg Loss: 0.001162, Time: 3:30:33
Epoch id: 20, Training steps: 400, Train Acc: 100.00%, Train Loss: 0.000129, Train Avg Loss: 0.001251, Time: 3:31:23
Epoch id: 20, Training steps: 500, Train Acc: 75.00%, Train Loss: 0.001241, Train Avg Loss: 0.001031, Time: 3:32:13
Epoch id: 20, Training steps: 600, Train Acc: 87.50%, Train Loss: 0.001121, Train Avg Loss: 0.001308, Time: 3:33:03
Epoch id: 20, Training steps: 700, Train Acc: 75.00%, Train Loss: 0.001164, Train Avg Loss: 0.001239, Time: 3:33:54
Epoch id: 20, Training steps: 800, Train Acc: 87.50%, Train Loss: 0.000536, Train Avg Loss: 0.001293, Time: 3:34:44
Epoch id: 20, Training steps: 900, Train Acc: 75.00%, Train Loss: 0.001338, Train Avg Loss: 0.001445, Time: 3:35:34
Epoch id: 20, Training steps: 1000, Train Acc: 87.50%, Train Loss: 0.000634, Train Avg Loss: 0.001304, Time: 3:36:24
Epoch id: 20, Training steps: 1100, Train Acc: 100.00%, Train Loss: 0.000549, Train Avg Loss: 0.001345, Time: 3:37:14
Start evaluation on dev dataset.
Acc. (Correct/Total): 55.28% micro-Prec: 0.7887 micro-Recall:0.6899 micro-F1: 0.7360 dev loss: 0.038397
Epoch id: 21, Training steps: 100, Train Acc: 87.50%, Train Loss: 0.001472, Train Avg Loss: 0.001452, Time: 3:39:10
Epoch id: 21, Training steps: 200, Train Acc: 100.00%, Train Loss: 0.000649, Train Avg Loss: 0.000867, Time: 3:40:00
Epoch id: 21, Training steps: 300, Train Acc: 87.50%, Train Loss: 0.000436, Train Avg Loss: 0.001087, Time: 3:40:50
Epoch id: 21, Training steps: 400, Train Acc: 75.00%, Train Loss: 0.002245, Train Avg Loss: 0.000874, Time: 3:41:40
Epoch id: 21, Training steps: 500, Train Acc: 75.00%, Train Loss: 0.001467, Train Avg Loss: 0.001452, Time: 3:42:30
Epoch id: 21, Training steps: 600, Train Acc: 100.00%, Train Loss: 0.000466, Train Avg Loss: 0.001024, Time: 3:43:21
Epoch id: 21, Training steps: 700, Train Acc: 100.00%, Train Loss: 0.001010, Train Avg Loss: 0.001060, Time: 3:44:11
Epoch id: 21, Training steps: 800, Train Acc: 100.00%, Train Loss: 0.000559, Train Avg Loss: 0.001031, Time: 3:45:01
Epoch id: 21, Training steps: 900, Train Acc: 87.50%, Train Loss: 0.000471, Train Avg Loss: 0.000940, Time: 3:45:51
Epoch id: 21, Training steps: 1000, Train Acc: 100.00%, Train Loss: 0.000483, Train Avg Loss: 0.000966, Time: 3:46:41
Epoch id: 21, Training steps: 1100, Train Acc: 100.00%, Train Loss: 0.000685, Train Avg Loss: 0.001126, Time: 3:47:32
Start evaluation on dev dataset.
Acc. (Correct/Total): 55.28% micro-Prec: 0.7930 micro-Recall:0.6772 micro-F1: 0.7306 dev loss: 0.038508
Epoch id: 22, Training steps: 100, Train Acc: 100.00%, Train Loss: 0.000950, Train Avg Loss: 0.001595, Time: 3:49:27
Epoch id: 22, Training steps: 200, Train Acc: 75.00%, Train Loss: 0.000971, Train Avg Loss: 0.000845, Time: 3:50:17
Epoch id: 22, Training steps: 300, Train Acc: 100.00%, Train Loss: 0.000645, Train Avg Loss: 0.000954, Time: 3:51:07
Epoch id: 22, Training steps: 400, Train Acc: 100.00%, Train Loss: 0.000606, Train Avg Loss: 0.000756, Time: 3:51:57
Epoch id: 22, Training steps: 500, Train Acc: 100.00%, Train Loss: 0.000541, Train Avg Loss: 0.000929, Time: 3:52:48
Epoch id: 22, Training steps: 600, Train Acc: 100.00%, Train Loss: 0.000600, Train Avg Loss: 0.000918, Time: 3:53:38
Epoch id: 22, Training steps: 700, Train Acc: 100.00%, Train Loss: 0.000128, Train Avg Loss: 0.000702, Time: 3:54:28
Epoch id: 22, Training steps: 800, Train Acc: 100.00%, Train Loss: 0.000566, Train Avg Loss: 0.000960, Time: 3:55:18
Epoch id: 22, Training steps: 900, Train Acc: 100.00%, Train Loss: 0.000427, Train Avg Loss: 0.000833, Time: 3:56:08
Epoch id: 22, Training steps: 1000, Train Acc: 100.00%, Train Loss: 0.000315, Train Avg Loss: 0.000874, Time: 3:56:59
Epoch id: 22, Training steps: 1100, Train Acc: 100.00%, Train Loss: 0.000469, Train Avg Loss: 0.000863, Time: 3:57:49
Start evaluation on dev dataset.
Acc. (Correct/Total): 55.95% micro-Prec: 0.7915 micro-Recall:0.6918 micro-F1: 0.7383 dev loss: 0.037829
Epoch id: 23, Training steps: 100, Train Acc: 100.00%, Train Loss: 0.000222, Train Avg Loss: 0.001234, Time: 3:59:44
Epoch id: 23, Training steps: 200, Train Acc: 87.50%, Train Loss: 0.001342, Train Avg Loss: 0.000762, Time: 4:00:35
Epoch id: 23, Training steps: 300, Train Acc: 100.00%, Train Loss: 0.000838, Train Avg Loss: 0.000809, Time: 4:01:25
Epoch id: 23, Training steps: 400, Train Acc: 100.00%, Train Loss: 0.000248, Train Avg Loss: 0.000773, Time: 4:02:15
Epoch id: 23, Training steps: 500, Train Acc: 100.00%, Train Loss: 0.000595, Train Avg Loss: 0.000745, Time: 4:03:05
Epoch id: 23, Training steps: 600, Train Acc: 87.50%, Train Loss: 0.000656, Train Avg Loss: 0.000679, Time: 4:03:55
Epoch id: 23, Training steps: 700, Train Acc: 87.50%, Train Loss: 0.000513, Train Avg Loss: 0.000836, Time: 4:04:46
Epoch id: 23, Training steps: 800, Train Acc: 87.50%, Train Loss: 0.005405, Train Avg Loss: 0.000824, Time: 4:05:36
Epoch id: 23, Training steps: 900, Train Acc: 100.00%, Train Loss: 0.000743, Train Avg Loss: 0.000748, Time: 4:06:26
Epoch id: 23, Training steps: 1000, Train Acc: 100.00%, Train Loss: 0.000452, Train Avg Loss: 0.000584, Time: 4:07:16
Epoch id: 23, Training steps: 1100, Train Acc: 100.00%, Train Loss: 0.000244, Train Avg Loss: 0.000749, Time: 4:08:07
Start evaluation on dev dataset.
Acc. (Correct/Total): 55.95% micro-Prec: 0.7873 micro-Recall:0.6950 micro-F1: 0.7383 dev loss: 0.039276
Epoch id: 24, Training steps: 100, Train Acc: 100.00%, Train Loss: 0.000550, Train Avg Loss: 0.000861, Time: 4:10:02
Epoch id: 24, Training steps: 200, Train Acc: 100.00%, Train Loss: 0.000584, Train Avg Loss: 0.000584, Time: 4:10:52
Epoch id: 24, Training steps: 300, Train Acc: 100.00%, Train Loss: 0.000315, Train Avg Loss: 0.000655, Time: 4:11:42
Epoch id: 24, Training steps: 400, Train Acc: 100.00%, Train Loss: 0.000400, Train Avg Loss: 0.000494, Time: 4:12:32
Epoch id: 24, Training steps: 500, Train Acc: 75.00%, Train Loss: 0.001495, Train Avg Loss: 0.000590, Time: 4:13:23
Epoch id: 24, Training steps: 600, Train Acc: 87.50%, Train Loss: 0.000818, Train Avg Loss: 0.000497, Time: 4:14:13
Epoch id: 24, Training steps: 700, Train Acc: 100.00%, Train Loss: 0.000545, Train Avg Loss: 0.000555, Time: 4:15:03
Epoch id: 24, Training steps: 800, Train Acc: 100.00%, Train Loss: 0.000381, Train Avg Loss: 0.000870, Time: 4:15:53
Epoch id: 24, Training steps: 900, Train Acc: 100.00%, Train Loss: 0.000516, Train Avg Loss: 0.000609, Time: 4:16:43
Epoch id: 24, Training steps: 1000, Train Acc: 100.00%, Train Loss: 0.000121, Train Avg Loss: 0.000818, Time: 4:17:34
Epoch id: 24, Training steps: 1100, Train Acc: 87.50%, Train Loss: 0.001246, Train Avg Loss: 0.000643, Time: 4:18:24
Start evaluation on dev dataset.
Acc. (Correct/Total): 57.63% micro-Prec: 0.7945 micro-Recall:0.7158 micro-F1: 0.7531 dev loss: 0.038236
Start evaluation on test dataset.
Acc. (Correct/Total): 64.93% micro-Prec: 0.8287 micro-Recall:0.7585 micro-F1: 0.7920 dev loss: 0.032302
Epoch id: 25, Training steps: 100, Train Acc: 100.00%, Train Loss: 0.000907, Train Avg Loss: 0.000916, Time: 4:21:06
Epoch id: 25, Training steps: 200, Train Acc: 87.50%, Train Loss: 0.000973, Train Avg Loss: 0.000567, Time: 4:21:57
Epoch id: 25, Training steps: 300, Train Acc: 87.50%, Train Loss: 0.000731, Train Avg Loss: 0.000581, Time: 4:22:47
Epoch id: 25, Training steps: 400, Train Acc: 100.00%, Train Loss: 0.000925, Train Avg Loss: 0.000880, Time: 4:23:37
Epoch id: 25, Training steps: 500, Train Acc: 100.00%, Train Loss: 0.000209, Train Avg Loss: 0.000499, Time: 4:24:27
Epoch id: 25, Training steps: 600, Train Acc: 100.00%, Train Loss: 0.000327, Train Avg Loss: 0.000437, Time: 4:25:18
Epoch id: 25, Training steps: 700, Train Acc: 100.00%, Train Loss: 0.000191, Train Avg Loss: 0.000595, Time: 4:26:08
Epoch id: 25, Training steps: 800, Train Acc: 100.00%, Train Loss: 0.000081, Train Avg Loss: 0.000436, Time: 4:26:58
Epoch id: 25, Training steps: 900, Train Acc: 100.00%, Train Loss: 0.000413, Train Avg Loss: 0.000498, Time: 4:27:48
Epoch id: 25, Training steps: 1000, Train Acc: 87.50%, Train Loss: 0.001468, Train Avg Loss: 0.000599, Time: 4:28:39
Epoch id: 25, Training steps: 1100, Train Acc: 100.00%, Train Loss: 0.000222, Train Avg Loss: 0.000512, Time: 4:29:29
Start evaluation on dev dataset.
Acc. (Correct/Total): 57.25% micro-Prec: 0.7915 micro-Recall:0.7093 micro-F1: 0.7482 dev loss: 0.039054
Epoch id: 26, Training steps: 100, Train Acc: 100.00%, Train Loss: 0.000166, Train Avg Loss: 0.000642, Time: 4:31:24
Epoch id: 26, Training steps: 200, Train Acc: 100.00%, Train Loss: 0.000364, Train Avg Loss: 0.000420, Time: 4:32:14
Epoch id: 26, Training steps: 300, Train Acc: 100.00%, Train Loss: 0.000145, Train Avg Loss: 0.000463, Time: 4:33:05
Epoch id: 26, Training steps: 400, Train Acc: 100.00%, Train Loss: 0.000700, Train Avg Loss: 0.000482, Time: 4:33:55
Epoch id: 26, Training steps: 500, Train Acc: 100.00%, Train Loss: 0.000145, Train Avg Loss: 0.000419, Time: 4:34:45
Epoch id: 26, Training steps: 600, Train Acc: 100.00%, Train Loss: 0.000381, Train Avg Loss: 0.000447, Time: 4:35:35
Epoch id: 26, Training steps: 700, Train Acc: 87.50%, Train Loss: 0.000701, Train Avg Loss: 0.000415, Time: 4:36:25
Epoch id: 26, Training steps: 800, Train Acc: 100.00%, Train Loss: 0.000356, Train Avg Loss: 0.000414, Time: 4:37:16
Epoch id: 26, Training steps: 900, Train Acc: 100.00%, Train Loss: 0.000309, Train Avg Loss: 0.000498, Time: 4:38:06
Epoch id: 26, Training steps: 1000, Train Acc: 100.00%, Train Loss: 0.000605, Train Avg Loss: 0.000463, Time: 4:38:56
Epoch id: 26, Training steps: 1100, Train Acc: 100.00%, Train Loss: 0.000475, Train Avg Loss: 0.000482, Time: 4:39:46
Start evaluation on dev dataset.
Acc. (Correct/Total): 57.25% micro-Prec: 0.7921 micro-Recall:0.7006 micro-F1: 0.7435 dev loss: 0.039261
Epoch id: 27, Training steps: 100, Train Acc: 100.00%, Train Loss: 0.000468, Train Avg Loss: 0.000650, Time: 4:41:42
Epoch id: 27, Training steps: 200, Train Acc: 100.00%, Train Loss: 0.000249, Train Avg Loss: 0.000458, Time: 4:42:32
Epoch id: 27, Training steps: 300, Train Acc: 100.00%, Train Loss: 0.000439, Train Avg Loss: 0.000430, Time: 4:43:22
Epoch id: 27, Training steps: 400, Train Acc: 100.00%, Train Loss: 0.000285, Train Avg Loss: 0.000383, Time: 4:44:12
Epoch id: 27, Training steps: 500, Train Acc: 100.00%, Train Loss: 0.000339, Train Avg Loss: 0.000390, Time: 4:45:03
Epoch id: 27, Training steps: 600, Train Acc: 87.50%, Train Loss: 0.000625, Train Avg Loss: 0.000372, Time: 4:45:53
Epoch id: 27, Training steps: 700, Train Acc: 100.00%, Train Loss: 0.000243, Train Avg Loss: 0.000313, Time: 4:46:43
Epoch id: 27, Training steps: 800, Train Acc: 100.00%, Train Loss: 0.000181, Train Avg Loss: 0.000370, Time: 4:47:33
Epoch id: 27, Training steps: 900, Train Acc: 75.00%, Train Loss: 0.000876, Train Avg Loss: 0.000451, Time: 4:48:24
Epoch id: 27, Training steps: 1000, Train Acc: 100.00%, Train Loss: 0.000133, Train Avg Loss: 0.000358, Time: 4:49:14
Epoch id: 27, Training steps: 1100, Train Acc: 87.50%, Train Loss: 0.001017, Train Avg Loss: 0.000386, Time: 4:50:04
Start evaluation on dev dataset.
Acc. (Correct/Total): 56.67% micro-Prec: 0.7867 micro-Recall:0.7080 micro-F1: 0.7453 dev loss: 0.039926
Epoch id: 28, Training steps: 100, Train Acc: 87.50%, Train Loss: 0.001370, Train Avg Loss: 0.000556, Time: 4:51:59
Epoch id: 28, Training steps: 200, Train Acc: 100.00%, Train Loss: 0.000095, Train Avg Loss: 0.000373, Time: 4:52:49
Epoch id: 28, Training steps: 300, Train Acc: 100.00%, Train Loss: 0.000281, Train Avg Loss: 0.000333, Time: 4:53:40
Epoch id: 28, Training steps: 400, Train Acc: 100.00%, Train Loss: 0.000368, Train Avg Loss: 0.000444, Time: 4:54:30
Epoch id: 28, Training steps: 500, Train Acc: 100.00%, Train Loss: 0.000126, Train Avg Loss: 0.000434, Time: 4:55:20
Epoch id: 28, Training steps: 600, Train Acc: 100.00%, Train Loss: 0.000604, Train Avg Loss: 0.000363, Time: 4:56:10
Epoch id: 28, Training steps: 700, Train Acc: 100.00%, Train Loss: 0.000337, Train Avg Loss: 0.000393, Time: 4:57:00
Epoch id: 28, Training steps: 800, Train Acc: 100.00%, Train Loss: 0.000297, Train Avg Loss: 0.000351, Time: 4:57:51
Epoch id: 28, Training steps: 900, Train Acc: 100.00%, Train Loss: 0.000143, Train Avg Loss: 0.000309, Time: 4:58:41
Epoch id: 28, Training steps: 1000, Train Acc: 87.50%, Train Loss: 0.000388, Train Avg Loss: 0.000355, Time: 4:59:31
Epoch id: 28, Training steps: 1100, Train Acc: 100.00%, Train Loss: 0.000570, Train Avg Loss: 0.000384, Time: 5:00:21
Start evaluation on dev dataset.
Acc. (Correct/Total): 56.91% micro-Prec: 0.7915 micro-Recall:0.7080 micro-F1: 0.7474 dev loss: 0.039326
Epoch id: 29, Training steps: 100, Train Acc: 100.00%, Train Loss: 0.000168, Train Avg Loss: 0.000430, Time: 5:02:17
Epoch id: 29, Training steps: 200, Train Acc: 100.00%, Train Loss: 0.000375, Train Avg Loss: 0.000332, Time: 5:03:07
Epoch id: 29, Training steps: 300, Train Acc: 100.00%, Train Loss: 0.000326, Train Avg Loss: 0.000302, Time: 5:03:57
Epoch id: 29, Training steps: 400, Train Acc: 100.00%, Train Loss: 0.000243, Train Avg Loss: 0.000304, Time: 5:04:47
Epoch id: 29, Training steps: 500, Train Acc: 100.00%, Train Loss: 0.000356, Train Avg Loss: 0.000363, Time: 5:05:38
Epoch id: 29, Training steps: 600, Train Acc: 100.00%, Train Loss: 0.000087, Train Avg Loss: 0.000299, Time: 5:06:28
Epoch id: 29, Training steps: 700, Train Acc: 100.00%, Train Loss: 0.000119, Train Avg Loss: 0.000330, Time: 5:07:18
Epoch id: 29, Training steps: 800, Train Acc: 100.00%, Train Loss: 0.000206, Train Avg Loss: 0.000319, Time: 5:08:08
Epoch id: 29, Training steps: 900, Train Acc: 100.00%, Train Loss: 0.000111, Train Avg Loss: 0.000309, Time: 5:08:58
Epoch id: 29, Training steps: 1000, Train Acc: 100.00%, Train Loss: 0.000158, Train Avg Loss: 0.000330, Time: 5:09:49
Epoch id: 29, Training steps: 1100, Train Acc: 100.00%, Train Loss: 0.000112, Train Avg Loss: 0.000271, Time: 5:10:39
Start evaluation on dev dataset.
Acc. (Correct/Total): 57.34% micro-Prec: 0.7977 micro-Recall:0.7057 micro-F1: 0.7489 dev loss: 0.039464
Epoch id: 30, Training steps: 100, Train Acc: 100.00%, Train Loss: 0.000222, Train Avg Loss: 0.000356, Time: 5:12:34
Epoch id: 30, Training steps: 200, Train Acc: 100.00%, Train Loss: 0.000434, Train Avg Loss: 0.000284, Time: 5:13:25
Epoch id: 30, Training steps: 300, Train Acc: 100.00%, Train Loss: 0.000514, Train Avg Loss: 0.000312, Time: 5:14:15
Epoch id: 30, Training steps: 400, Train Acc: 100.00%, Train Loss: 0.000206, Train Avg Loss: 0.000318, Time: 5:15:05
Epoch id: 30, Training steps: 500, Train Acc: 100.00%, Train Loss: 0.000059, Train Avg Loss: 0.000256, Time: 5:15:55
Epoch id: 30, Training steps: 600, Train Acc: 100.00%, Train Loss: 0.000337, Train Avg Loss: 0.000280, Time: 5:16:45
Epoch id: 30, Training steps: 700, Train Acc: 100.00%, Train Loss: 0.000204, Train Avg Loss: 0.000265, Time: 5:17:36
Epoch id: 30, Training steps: 800, Train Acc: 100.00%, Train Loss: 0.000176, Train Avg Loss: 0.000262, Time: 5:18:26
Epoch id: 30, Training steps: 900, Train Acc: 100.00%, Train Loss: 0.000088, Train Avg Loss: 0.000279, Time: 5:19:16
Epoch id: 30, Training steps: 1000, Train Acc: 100.00%, Train Loss: 0.000387, Train Avg Loss: 0.000275, Time: 5:20:06
Epoch id: 30, Training steps: 1100, Train Acc: 100.00%, Train Loss: 0.000279, Train Avg Loss: 0.000337, Time: 5:20:56
Start evaluation on dev dataset.
Acc. (Correct/Total): 57.34% micro-Prec: 0.7903 micro-Recall:0.7112 micro-F1: 0.7487 dev loss: 0.040065
Epoch id: 31, Training steps: 100, Train Acc: 100.00%, Train Loss: 0.000206, Train Avg Loss: 0.000414, Time: 5:22:52
Epoch id: 31, Training steps: 200, Train Acc: 100.00%, Train Loss: 0.000222, Train Avg Loss: 0.000244, Time: 5:23:42
Epoch id: 31, Training steps: 300, Train Acc: 100.00%, Train Loss: 0.000111, Train Avg Loss: 0.000246, Time: 5:24:32
Epoch id: 31, Training steps: 400, Train Acc: 100.00%, Train Loss: 0.000148, Train Avg Loss: 0.000252, Time: 5:25:22
Epoch id: 31, Training steps: 500, Train Acc: 100.00%, Train Loss: 0.000087, Train Avg Loss: 0.000272, Time: 5:26:13
Epoch id: 31, Training steps: 600, Train Acc: 100.00%, Train Loss: 0.000065, Train Avg Loss: 0.000230, Time: 5:27:03
Epoch id: 31, Training steps: 700, Train Acc: 100.00%, Train Loss: 0.000156, Train Avg Loss: 0.000438, Time: 5:27:53
Epoch id: 31, Training steps: 800, Train Acc: 87.50%, Train Loss: 0.002387, Train Avg Loss: 0.000329, Time: 5:28:43
Epoch id: 31, Training steps: 900, Train Acc: 100.00%, Train Loss: 0.000390, Train Avg Loss: 0.000250, Time: 5:29:33
Epoch id: 31, Training steps: 1000, Train Acc: 100.00%, Train Loss: 0.000241, Train Avg Loss: 0.000231, Time: 5:30:24
Epoch id: 31, Training steps: 1100, Train Acc: 100.00%, Train Loss: 0.000184, Train Avg Loss: 0.000273, Time: 5:31:14
Start evaluation on dev dataset.
Acc. (Correct/Total): 57.10% micro-Prec: 0.7897 micro-Recall:0.7099 micro-F1: 0.7477 dev loss: 0.039810
Epoch id: 32, Training steps: 100, Train Acc: 100.00%, Train Loss: 0.000195, Train Avg Loss: 0.000379, Time: 5:33:09
Epoch id: 32, Training steps: 200, Train Acc: 100.00%, Train Loss: 0.000311, Train Avg Loss: 0.000247, Time: 5:34:00
Epoch id: 32, Training steps: 300, Train Acc: 100.00%, Train Loss: 0.000051, Train Avg Loss: 0.000225, Time: 5:34:50
Epoch id: 32, Training steps: 400, Train Acc: 100.00%, Train Loss: 0.000205, Train Avg Loss: 0.000227, Time: 5:35:40
Epoch id: 32, Training steps: 500, Train Acc: 87.50%, Train Loss: 0.002881, Train Avg Loss: 0.000270, Time: 5:36:30
Epoch id: 32, Training steps: 600, Train Acc: 100.00%, Train Loss: 0.000342, Train Avg Loss: 0.000232, Time: 5:37:20
Epoch id: 32, Training steps: 700, Train Acc: 100.00%, Train Loss: 0.000333, Train Avg Loss: 0.000228, Time: 5:38:11
Epoch id: 32, Training steps: 800, Train Acc: 100.00%, Train Loss: 0.000090, Train Avg Loss: 0.000239, Time: 5:39:01
Epoch id: 32, Training steps: 900, Train Acc: 100.00%, Train Loss: 0.000182, Train Avg Loss: 0.000259, Time: 5:39:51
Epoch id: 32, Training steps: 1000, Train Acc: 100.00%, Train Loss: 0.000193, Train Avg Loss: 0.000299, Time: 5:40:41
Epoch id: 32, Training steps: 1100, Train Acc: 100.00%, Train Loss: 0.000344, Train Avg Loss: 0.000266, Time: 5:41:31
Start evaluation on dev dataset.
Acc. (Correct/Total): 57.05% micro-Prec: 0.7900 micro-Recall:0.7086 micro-F1: 0.7471 dev loss: 0.039951
Final evaluation on the test dataset.
The number of evaluation instances:  2067
Acc. (Correct/Total): 64.93% micro-Prec: 0.8287 micro-Recall:0.7585 micro-F1: 0.7920 dev loss: 0.032302
              precision    recall  f1-score   support

         教育学     0.8689    0.9627    0.9134       241
          法学     0.8186    0.8661    0.8416       224
      中国语言文学     0.8981    0.7622    0.8246       185
         政治学     0.7610    0.7423    0.7516       163
         社会学     0.8552    0.7898    0.8212       157
         心理学     0.8395    0.5528    0.6667       123
       应用经济学     0.8022    0.6239    0.7019       117
         历史学     0.8916    0.6789    0.7708       109
     环境科学与工程     0.8952    0.8704    0.8826       108
          哲学     0.8657    0.5979    0.7073        97
      外国语言文学     0.8125    0.7647    0.7879        85
         生物学     0.9028    0.8228    0.8609        79
      交通运输工程     0.9012    0.9359    0.9182        78
        临床医学     0.8769    0.7500    0.8085        76
    计算机科学与技术     0.8116    0.7887    0.8000        71
        土木工程     0.9000    0.9545    0.9265        66
   航空宇航科学与技术     0.9508    0.9508    0.9508        61
         民族学     0.6939    0.6182    0.6538        55
   公共卫生与预防医学     0.6538    0.6667    0.6602        51
         美术学     0.7656    0.9800    0.8596        50
         艺术学     0.8222    0.8605    0.8409        43
         地理学     0.8333    0.7143    0.7692        42
         体育学     0.8846    0.5750    0.6970        40
       理论经济学     0.7949    0.8158    0.8052        38
         中医学     0.9091    0.8108    0.8571        37
         物理学     0.8421    0.8889    0.8649        36
          林学     0.9000    0.5455    0.6792        33
          数学     0.8824    0.4688    0.6122        32
     电子科学与技术     0.6800    0.5484    0.6071        31
        基础医学     0.5429    0.6552    0.5937        29
        工商管理     0.8095    0.6296    0.7083        27
       新闻传播学     0.8000    0.7273    0.7619        22
         天文学     0.8261    0.8636    0.8444        22
         地质学     0.9375    0.7143    0.8108        21
         畜牧学     0.9048    0.9048    0.9048        21
   军事思想及军事历史     0.8000    0.8000    0.8000        20
     管理科学与工程     0.7500    0.8333    0.7895        18
     测绘科学与技术     0.7500    0.5294    0.6207        17
        水利工程     0.9091    0.6250    0.7407        16
        大气科学     0.8000    0.7500    0.7742        16
     兵器科学与技术     0.7500    0.8000    0.7742        15
       地球物理学     0.7143    0.3571    0.4762        14
        电气工程     1.0000    0.4615    0.6316        13
         作物学     0.7143    0.7692    0.7407        13
     控制科学与工程     0.4167    0.3846    0.4000        13
     信息与通信工程     0.4444    0.3077    0.3636        13
        公共管理     0.4000    0.4615    0.4286        13
         建筑学     1.0000    0.3846    0.5556        13
     化学工程与技术     0.7692    0.8333    0.8000        12
          力学     0.7273    0.7273    0.7273        11
        海洋科学     0.9167    1.0000    0.9565        11
     轻工技术与工程     0.4545    0.4545    0.4545        11
        农业工程     1.0000    0.5000    0.6667        10
         园艺学     0.8889    0.8000    0.8421        10
       中西医结合     1.0000    0.6000    0.7500        10
        机械工程     1.0000    0.8889    0.9412         9
       科学技术史     1.0000    0.5000    0.6667         8
     船舶与海洋工程     0.8571    0.7500    0.8000         8
   图书情报与档案管理     0.6667    0.7500    0.7059         8
        植物保护     1.0000    1.0000    1.0000         8
     材料科学与工程     0.8750    0.8750    0.8750         8
         统计学     0.5833    0.8750    0.7000         8
          化学     1.0000    0.7500    0.8571         8
     食品科学与工程     0.7143    0.6250    0.6667         8
          水产     1.0000    0.7143    0.8333         7
          药学     0.8571    0.8571    0.8571         7
     农业资源与环境     1.0000    0.4286    0.6000         7
         世界史     0.7500    0.8571    0.8000         7
        系统科学     0.8750    1.0000    0.9333         7
      农林经济管理     0.7143    1.0000    0.8333         5
       军队指挥学     1.0000    0.4000    0.5714         5
        矿业工程     0.7500    0.6000    0.6667         5
     纺织科学与工程     0.7143    1.0000    0.8333         5
  动力工程及工程热物理     0.0000    0.0000    0.0000         4
        林业工程     0.4000    0.5000    0.4444         4
     仪器科学与技术     0.0000    0.0000    0.0000         3
         战略学     1.0000    0.6667    0.8000         3
   地质资源与地质工程     0.7500    1.0000    0.8571         3
        旅游管理     0.0000    0.0000    0.0000         3
 图书馆、情报与档案管理     0.0000    0.0000    0.0000         2
        冶金工程     1.0000    0.5000    0.6667         2
      核科学与技术     0.0000    0.0000    0.0000         2

   micro avg     0.8287    0.7585    0.7920      3093
   macro avg     0.7664    0.6746    0.7033      3093
weighted avg     0.8302    0.7585    0.7852      3093
 samples avg     0.8106    0.7746    0.7796      3093

