nohup: 忽略输入
  0%|          | 0/82 [00:00<?, ?it/s]100%|██████████| 82/82 [00:00<00:00, 1138850.75it/s]
model:  ernie-rcnn-catlstmwide
pretrained:  ernie3
task:  MLC-slice
dataset:  book_multilabels_task_slice
seq_length:  256
hidden_dropout_prob:  0.1
attention_probs_dropout_prob:  0.1
epochs_num:  32
batch_size:  8
learning_rate:  3e-05
report_steps:  100
kg_name:  CnDbpedia
no_kg:  True
no_vm:  True
GPU:  NVIDIA GeForce RTX 2080 Ti
Vocabulary Size:  39979
[BertClassifier] use visible_matrix: False
Some weights of ErnieRCNNForMultiLabelSequenceClassificationSliceCatLSTMWide were not initialized from the model checkpoint at ./models/ernie3 and are newly initialized: ['output_layer_1.bias', 'lstm.weight_ih_l0', 'lstm.bias_hh_l1', 'lstm.bias_hh_l0_reverse', 'lstm.bias_hh_l0', 'lstm.weight_ih_l0_reverse', 'classifier.weight', 'lstm.bias_ih_l1_reverse', 'lstm.bias_ih_l1', 'lstm.weight_hh_l0_reverse', 'lstm.bias_hh_l1_reverse', 'classifier.bias', 'output_layer_1.weight', 'lstm.weight_hh_l1', 'lstm.weight_hh_l0', 'lstm.bias_ih_l0', 'lstm.weight_hh_l1_reverse', 'lstm.weight_ih_l1_reverse', 'lstm.bias_ih_l0_reverse', 'lstm.weight_ih_l1']
You should probably TRAIN this model on a down-stream task to be able to use it for predictions and inference.
1 GPUs are available. Let's use them.
device:  cuda
Start training.
Loading sentences from ./datasets/book_multilabels_task_slice/train.tsv
There are 9097 sentence in total. We use 1 processes to inject knowledge into sentences.
Progress of process 0: 0/9097
Loading sentences from ./datasets/book_multilabels_task_slice/dev.tsv
There are 2084 sentence in total. We use 1 processes to inject knowledge into sentences.
Progress of process 0: 0/2084
Loading sentences from ./datasets/book_multilabels_task_slice/test.tsv
There are 2067 sentence in total. We use 1 processes to inject knowledge into sentences.
Progress of process 0: 0/2067
Epoch id: 1, Training steps: 100, Train Acc:  0.00%, Train Loss: 0.838997, Train Avg Loss: 0.884772, Time: 0:00:49
Epoch id: 1, Training steps: 200, Train Acc:  0.00%, Train Loss: 0.565968, Train Avg Loss: 0.689701, Time: 0:01:39
Epoch id: 1, Training steps: 300, Train Acc:  0.00%, Train Loss: 0.292973, Train Avg Loss: 0.426019, Time: 0:02:30
Epoch id: 1, Training steps: 400, Train Acc:  0.00%, Train Loss: 0.173027, Train Avg Loss: 0.217560, Time: 0:03:20
Epoch id: 1, Training steps: 500, Train Acc:  0.00%, Train Loss: 0.110393, Train Avg Loss: 0.122405, Time: 0:04:11
Epoch id: 1, Training steps: 600, Train Acc:  0.00%, Train Loss: 0.102633, Train Avg Loss: 0.099386, Time: 0:05:01
Epoch id: 1, Training steps: 700, Train Acc:  0.00%, Train Loss: 0.089676, Train Avg Loss: 0.089692, Time: 0:05:52
Epoch id: 1, Training steps: 800, Train Acc:  0.00%, Train Loss: 0.094573, Train Avg Loss: 0.086313, Time: 0:06:43
Epoch id: 1, Training steps: 900, Train Acc:  0.00%, Train Loss: 0.081365, Train Avg Loss: 0.084300, Time: 0:07:33
Epoch id: 1, Training steps: 1000, Train Acc:  0.00%, Train Loss: 0.079561, Train Avg Loss: 0.083205, Time: 0:08:24
Epoch id: 1, Training steps: 1100, Train Acc:  0.00%, Train Loss: 0.083559, Train Avg Loss: 0.082956, Time: 0:09:15
Start evaluation on dev dataset.
Acc. (Correct/Total):  0.00% micro-Prec: 0.0000 micro-Recall:0.0000 micro-F1: 0.0000 dev loss: 0.082527
Epoch id: 2, Training steps: 100, Train Acc:  0.00%, Train Loss: 0.066711, Train Avg Loss: 0.110467, Time: 0:11:11
Epoch id: 2, Training steps: 200, Train Acc:  0.00%, Train Loss: 0.071895, Train Avg Loss: 0.080335, Time: 0:12:01
Epoch id: 2, Training steps: 300, Train Acc:  0.00%, Train Loss: 0.072079, Train Avg Loss: 0.078075, Time: 0:12:52
Epoch id: 2, Training steps: 400, Train Acc:  0.00%, Train Loss: 0.046143, Train Avg Loss: 0.074814, Time: 0:13:43
Epoch id: 2, Training steps: 500, Train Acc:  0.00%, Train Loss: 0.071833, Train Avg Loss: 0.071998, Time: 0:14:33
Epoch id: 2, Training steps: 600, Train Acc:  0.00%, Train Loss: 0.073570, Train Avg Loss: 0.070212, Time: 0:15:24
Epoch id: 2, Training steps: 700, Train Acc:  0.00%, Train Loss: 0.046587, Train Avg Loss: 0.067515, Time: 0:16:14
Epoch id: 2, Training steps: 800, Train Acc:  0.00%, Train Loss: 0.076656, Train Avg Loss: 0.064705, Time: 0:17:05
Epoch id: 2, Training steps: 900, Train Acc:  0.00%, Train Loss: 0.079687, Train Avg Loss: 0.061827, Time: 0:17:55
Epoch id: 2, Training steps: 1000, Train Acc:  0.00%, Train Loss: 0.074145, Train Avg Loss: 0.058467, Time: 0:18:46
Epoch id: 2, Training steps: 1100, Train Acc:  0.00%, Train Loss: 0.040913, Train Avg Loss: 0.054050, Time: 0:19:37
Start evaluation on dev dataset.
Acc. (Correct/Total):  0.96% micro-Prec: 0.8559 micro-Recall:0.0327 micro-F1: 0.0630 dev loss: 0.055100
Start evaluation on test dataset.
Acc. (Correct/Total):  1.21% micro-Prec: 0.9162 micro-Recall:0.0495 micro-F1: 0.0939 dev loss: 0.052692
Epoch id: 3, Training steps: 100, Train Acc:  0.00%, Train Loss: 0.052384, Train Avg Loss: 0.069001, Time: 0:22:20
Epoch id: 3, Training steps: 200, Train Acc:  0.00%, Train Loss: 0.064039, Train Avg Loss: 0.045063, Time: 0:23:10
Epoch id: 3, Training steps: 300, Train Acc:  0.00%, Train Loss: 0.029607, Train Avg Loss: 0.044291, Time: 0:24:01
Epoch id: 3, Training steps: 400, Train Acc: 25.00%, Train Loss: 0.038768, Train Avg Loss: 0.042040, Time: 0:24:52
Epoch id: 3, Training steps: 500, Train Acc: 12.50%, Train Loss: 0.034999, Train Avg Loss: 0.039724, Time: 0:25:42
Epoch id: 3, Training steps: 600, Train Acc: 12.50%, Train Loss: 0.048445, Train Avg Loss: 0.039061, Time: 0:26:33
Epoch id: 3, Training steps: 700, Train Acc: 12.50%, Train Loss: 0.034243, Train Avg Loss: 0.037394, Time: 0:27:23
Epoch id: 3, Training steps: 800, Train Acc: 12.50%, Train Loss: 0.022665, Train Avg Loss: 0.037239, Time: 0:28:14
Epoch id: 3, Training steps: 900, Train Acc:  0.00%, Train Loss: 0.042507, Train Avg Loss: 0.035979, Time: 0:29:05
Epoch id: 3, Training steps: 1000, Train Acc: 12.50%, Train Loss: 0.042291, Train Avg Loss: 0.033813, Time: 0:29:55
Epoch id: 3, Training steps: 1100, Train Acc: 25.00%, Train Loss: 0.029965, Train Avg Loss: 0.035572, Time: 0:30:46
Start evaluation on dev dataset.
Acc. (Correct/Total): 21.45% micro-Prec: 0.8776 micro-Recall:0.2577 micro-F1: 0.3984 dev loss: 0.044578
Start evaluation on test dataset.
Acc. (Correct/Total): 28.50% micro-Prec: 0.9390 micro-Recall:0.3333 micro-F1: 0.4920 dev loss: 0.040328
Epoch id: 4, Training steps: 100, Train Acc: 50.00%, Train Loss: 0.016579, Train Avg Loss: 0.041660, Time: 0:33:30
Epoch id: 4, Training steps: 200, Train Acc:  0.00%, Train Loss: 0.061609, Train Avg Loss: 0.031257, Time: 0:34:21
Epoch id: 4, Training steps: 300, Train Acc:  0.00%, Train Loss: 0.035384, Train Avg Loss: 0.029622, Time: 0:35:11
Epoch id: 4, Training steps: 400, Train Acc: 37.50%, Train Loss: 0.035272, Train Avg Loss: 0.028506, Time: 0:36:02
Epoch id: 4, Training steps: 500, Train Acc: 25.00%, Train Loss: 0.031871, Train Avg Loss: 0.027635, Time: 0:36:53
Epoch id: 4, Training steps: 600, Train Acc: 25.00%, Train Loss: 0.026183, Train Avg Loss: 0.025988, Time: 0:37:43
Epoch id: 4, Training steps: 700, Train Acc: 50.00%, Train Loss: 0.030778, Train Avg Loss: 0.025644, Time: 0:38:34
Epoch id: 4, Training steps: 800, Train Acc: 25.00%, Train Loss: 0.024892, Train Avg Loss: 0.026762, Time: 0:39:25
Epoch id: 4, Training steps: 900, Train Acc: 37.50%, Train Loss: 0.025445, Train Avg Loss: 0.025499, Time: 0:40:15
Epoch id: 4, Training steps: 1000, Train Acc: 25.00%, Train Loss: 0.023887, Train Avg Loss: 0.024610, Time: 0:41:06
Epoch id: 4, Training steps: 1100, Train Acc: 37.50%, Train Loss: 0.022375, Train Avg Loss: 0.028457, Time: 0:41:56
Start evaluation on dev dataset.
Acc. (Correct/Total): 33.40% micro-Prec: 0.8919 micro-Recall:0.3820 micro-F1: 0.5349 dev loss: 0.040877
Start evaluation on test dataset.
Acc. (Correct/Total): 39.77% micro-Prec: 0.9121 micro-Recall:0.4565 micro-F1: 0.6085 dev loss: 0.037306
Epoch id: 5, Training steps: 100, Train Acc: 50.00%, Train Loss: 0.024903, Train Avg Loss: 0.029751, Time: 0:44:40
Epoch id: 5, Training steps: 200, Train Acc: 75.00%, Train Loss: 0.014492, Train Avg Loss: 0.022355, Time: 0:45:30
Epoch id: 5, Training steps: 300, Train Acc: 37.50%, Train Loss: 0.044650, Train Avg Loss: 0.025455, Time: 0:46:21
Epoch id: 5, Training steps: 400, Train Acc: 37.50%, Train Loss: 0.028701, Train Avg Loss: 0.023005, Time: 0:47:12
Epoch id: 5, Training steps: 500, Train Acc: 50.00%, Train Loss: 0.009438, Train Avg Loss: 0.020840, Time: 0:48:02
Epoch id: 5, Training steps: 600, Train Acc: 25.00%, Train Loss: 0.020333, Train Avg Loss: 0.021208, Time: 0:48:53
Epoch id: 5, Training steps: 700, Train Acc: 50.00%, Train Loss: 0.011191, Train Avg Loss: 0.020606, Time: 0:49:43
Epoch id: 5, Training steps: 800, Train Acc: 50.00%, Train Loss: 0.029029, Train Avg Loss: 0.021767, Time: 0:50:34
Epoch id: 5, Training steps: 900, Train Acc: 62.50%, Train Loss: 0.009242, Train Avg Loss: 0.020175, Time: 0:51:25
Epoch id: 5, Training steps: 1000, Train Acc: 50.00%, Train Loss: 0.019852, Train Avg Loss: 0.021106, Time: 0:52:15
Epoch id: 5, Training steps: 1100, Train Acc: 37.50%, Train Loss: 0.023262, Train Avg Loss: 0.019950, Time: 0:53:06
Start evaluation on dev dataset.
Acc. (Correct/Total): 41.17% micro-Prec: 0.8379 micro-Recall:0.5021 micro-F1: 0.6279 dev loss: 0.039984
Start evaluation on test dataset.
Acc. (Correct/Total): 48.57% micro-Prec: 0.8813 micro-Recall:0.5690 micro-F1: 0.6916 dev loss: 0.035834
Epoch id: 6, Training steps: 100, Train Acc: 75.00%, Train Loss: 0.003045, Train Avg Loss: 0.024101, Time: 0:55:50
Epoch id: 6, Training steps: 200, Train Acc: 37.50%, Train Loss: 0.022650, Train Avg Loss: 0.016510, Time: 0:56:41
Epoch id: 6, Training steps: 300, Train Acc: 25.00%, Train Loss: 0.015876, Train Avg Loss: 0.016559, Time: 0:57:31
Epoch id: 6, Training steps: 400, Train Acc: 50.00%, Train Loss: 0.015985, Train Avg Loss: 0.017259, Time: 0:58:22
Epoch id: 6, Training steps: 500, Train Acc: 50.00%, Train Loss: 0.012817, Train Avg Loss: 0.017056, Time: 0:59:13
Epoch id: 6, Training steps: 600, Train Acc: 37.50%, Train Loss: 0.020063, Train Avg Loss: 0.016958, Time: 1:00:03
Epoch id: 6, Training steps: 700, Train Acc: 62.50%, Train Loss: 0.012392, Train Avg Loss: 0.016904, Time: 1:00:54
Epoch id: 6, Training steps: 800, Train Acc: 37.50%, Train Loss: 0.007123, Train Avg Loss: 0.015331, Time: 1:01:44
Epoch id: 6, Training steps: 900, Train Acc: 25.00%, Train Loss: 0.011059, Train Avg Loss: 0.017349, Time: 1:02:35
Epoch id: 6, Training steps: 1000, Train Acc: 50.00%, Train Loss: 0.007192, Train Avg Loss: 0.016412, Time: 1:03:26
Epoch id: 6, Training steps: 1100, Train Acc: 37.50%, Train Loss: 0.021667, Train Avg Loss: 0.015306, Time: 1:04:17
Start evaluation on dev dataset.
Acc. (Correct/Total): 45.25% micro-Prec: 0.8421 micro-Recall:0.5439 micro-F1: 0.6609 dev loss: 0.036769
Start evaluation on test dataset.
Acc. (Correct/Total): 53.07% micro-Prec: 0.9003 micro-Recall:0.6191 micro-F1: 0.7337 dev loss: 0.031613
Epoch id: 7, Training steps: 100, Train Acc: 62.50%, Train Loss: 0.017953, Train Avg Loss: 0.018377, Time: 1:07:00
Epoch id: 7, Training steps: 200, Train Acc: 37.50%, Train Loss: 0.015301, Train Avg Loss: 0.013004, Time: 1:07:51
Epoch id: 7, Training steps: 300, Train Acc: 62.50%, Train Loss: 0.010861, Train Avg Loss: 0.012087, Time: 1:08:42
Epoch id: 7, Training steps: 400, Train Acc: 37.50%, Train Loss: 0.011164, Train Avg Loss: 0.013227, Time: 1:09:42
Epoch id: 7, Training steps: 500, Train Acc: 37.50%, Train Loss: 0.026857, Train Avg Loss: 0.012159, Time: 1:10:45
Epoch id: 7, Training steps: 600, Train Acc: 25.00%, Train Loss: 0.022536, Train Avg Loss: 0.013210, Time: 1:11:36
Epoch id: 7, Training steps: 700, Train Acc: 25.00%, Train Loss: 0.023437, Train Avg Loss: 0.013485, Time: 1:12:26
Epoch id: 7, Training steps: 800, Train Acc: 75.00%, Train Loss: 0.007269, Train Avg Loss: 0.012806, Time: 1:13:17
Epoch id: 7, Training steps: 900, Train Acc: 50.00%, Train Loss: 0.015492, Train Avg Loss: 0.012612, Time: 1:14:08
Epoch id: 7, Training steps: 1000, Train Acc: 62.50%, Train Loss: 0.004528, Train Avg Loss: 0.014392, Time: 1:14:58
Epoch id: 7, Training steps: 1100, Train Acc: 62.50%, Train Loss: 0.015929, Train Avg Loss: 0.014456, Time: 1:15:49
Start evaluation on dev dataset.
Acc. (Correct/Total): 46.69% micro-Prec: 0.8365 micro-Recall:0.5533 micro-F1: 0.6660 dev loss: 0.035870
Start evaluation on test dataset.
Acc. (Correct/Total): 54.52% micro-Prec: 0.8953 micro-Recall:0.6411 micro-F1: 0.7472 dev loss: 0.030782
Epoch id: 8, Training steps: 100, Train Acc: 75.00%, Train Loss: 0.006072, Train Avg Loss: 0.014270, Time: 1:18:32
Epoch id: 8, Training steps: 200, Train Acc: 50.00%, Train Loss: 0.012070, Train Avg Loss: 0.010171, Time: 1:19:23
Epoch id: 8, Training steps: 300, Train Acc: 50.00%, Train Loss: 0.017565, Train Avg Loss: 0.009921, Time: 1:20:14
Epoch id: 8, Training steps: 400, Train Acc: 62.50%, Train Loss: 0.013035, Train Avg Loss: 0.010494, Time: 1:21:04
Epoch id: 8, Training steps: 500, Train Acc: 62.50%, Train Loss: 0.006870, Train Avg Loss: 0.009897, Time: 1:21:55
Epoch id: 8, Training steps: 600, Train Acc: 62.50%, Train Loss: 0.022792, Train Avg Loss: 0.011125, Time: 1:22:46
Epoch id: 8, Training steps: 700, Train Acc: 62.50%, Train Loss: 0.006671, Train Avg Loss: 0.009749, Time: 1:23:36
Epoch id: 8, Training steps: 800, Train Acc: 37.50%, Train Loss: 0.009279, Train Avg Loss: 0.011208, Time: 1:24:27
Epoch id: 8, Training steps: 900, Train Acc: 62.50%, Train Loss: 0.007820, Train Avg Loss: 0.010498, Time: 1:25:18
Epoch id: 8, Training steps: 1000, Train Acc: 87.50%, Train Loss: 0.003373, Train Avg Loss: 0.010995, Time: 1:26:08
Epoch id: 8, Training steps: 1100, Train Acc: 12.50%, Train Loss: 0.019490, Train Avg Loss: 0.010529, Time: 1:26:59
Start evaluation on dev dataset.
Acc. (Correct/Total): 50.96% micro-Prec: 0.8276 micro-Recall:0.6044 micro-F1: 0.6986 dev loss: 0.035992
Start evaluation on test dataset.
Acc. (Correct/Total): 58.39% micro-Prec: 0.8802 micro-Recall:0.6747 micro-F1: 0.7639 dev loss: 0.030089
Epoch id: 9, Training steps: 100, Train Acc: 25.00%, Train Loss: 0.010306, Train Avg Loss: 0.012324, Time: 1:29:43
Epoch id: 9, Training steps: 200, Train Acc: 87.50%, Train Loss: 0.002029, Train Avg Loss: 0.007716, Time: 1:30:33
Epoch id: 9, Training steps: 300, Train Acc: 37.50%, Train Loss: 0.006611, Train Avg Loss: 0.008324, Time: 1:31:24
Epoch id: 9, Training steps: 400, Train Acc: 50.00%, Train Loss: 0.009422, Train Avg Loss: 0.008432, Time: 1:32:15
Epoch id: 9, Training steps: 500, Train Acc: 100.00%, Train Loss: 0.001487, Train Avg Loss: 0.008278, Time: 1:33:05
Epoch id: 9, Training steps: 600, Train Acc: 62.50%, Train Loss: 0.003861, Train Avg Loss: 0.008271, Time: 1:33:56
Epoch id: 9, Training steps: 700, Train Acc: 37.50%, Train Loss: 0.008770, Train Avg Loss: 0.007709, Time: 1:34:47
Epoch id: 9, Training steps: 800, Train Acc: 37.50%, Train Loss: 0.014862, Train Avg Loss: 0.008358, Time: 1:35:37
Epoch id: 9, Training steps: 900, Train Acc: 87.50%, Train Loss: 0.001376, Train Avg Loss: 0.006615, Time: 1:36:28
Epoch id: 9, Training steps: 1000, Train Acc: 75.00%, Train Loss: 0.013388, Train Avg Loss: 0.010009, Time: 1:37:19
Epoch id: 9, Training steps: 1100, Train Acc: 62.50%, Train Loss: 0.003534, Train Avg Loss: 0.007876, Time: 1:38:09
Start evaluation on dev dataset.
Acc. (Correct/Total): 50.91% micro-Prec: 0.8466 micro-Recall:0.6002 micro-F1: 0.7024 dev loss: 0.033248
Epoch id: 10, Training steps: 100, Train Acc: 37.50%, Train Loss: 0.011855, Train Avg Loss: 0.010350, Time: 1:40:05
Epoch id: 10, Training steps: 200, Train Acc: 62.50%, Train Loss: 0.006775, Train Avg Loss: 0.006416, Time: 1:40:56
Epoch id: 10, Training steps: 300, Train Acc: 50.00%, Train Loss: 0.007626, Train Avg Loss: 0.005541, Time: 1:41:47
Epoch id: 10, Training steps: 400, Train Acc: 87.50%, Train Loss: 0.001693, Train Avg Loss: 0.006079, Time: 1:42:37
Epoch id: 10, Training steps: 500, Train Acc: 87.50%, Train Loss: 0.003658, Train Avg Loss: 0.006547, Time: 1:43:28
Epoch id: 10, Training steps: 600, Train Acc: 87.50%, Train Loss: 0.002145, Train Avg Loss: 0.006592, Time: 1:44:18
Epoch id: 10, Training steps: 700, Train Acc: 62.50%, Train Loss: 0.005243, Train Avg Loss: 0.006093, Time: 1:45:09
Epoch id: 10, Training steps: 800, Train Acc: 62.50%, Train Loss: 0.006730, Train Avg Loss: 0.006403, Time: 1:46:00
Epoch id: 10, Training steps: 900, Train Acc: 87.50%, Train Loss: 0.004547, Train Avg Loss: 0.005645, Time: 1:46:50
Epoch id: 10, Training steps: 1000, Train Acc: 75.00%, Train Loss: 0.003511, Train Avg Loss: 0.005994, Time: 1:47:41
Epoch id: 10, Training steps: 1100, Train Acc: 100.00%, Train Loss: 0.002240, Train Avg Loss: 0.007650, Time: 1:48:32
Start evaluation on dev dataset.
Acc. (Correct/Total): 53.79% micro-Prec: 0.8221 micro-Recall:0.6416 micro-F1: 0.7207 dev loss: 0.034524
Start evaluation on test dataset.
Acc. (Correct/Total): 59.41% micro-Prec: 0.8611 micro-Recall:0.6857 micro-F1: 0.7635 dev loss: 0.029286
Epoch id: 11, Training steps: 100, Train Acc: 37.50%, Train Loss: 0.005603, Train Avg Loss: 0.007658, Time: 1:51:14
Epoch id: 11, Training steps: 200, Train Acc: 50.00%, Train Loss: 0.008865, Train Avg Loss: 0.005822, Time: 1:52:05
Epoch id: 11, Training steps: 300, Train Acc: 50.00%, Train Loss: 0.008913, Train Avg Loss: 0.004626, Time: 1:52:56
Epoch id: 11, Training steps: 400, Train Acc: 87.50%, Train Loss: 0.003589, Train Avg Loss: 0.004322, Time: 1:53:46
Epoch id: 11, Training steps: 500, Train Acc: 75.00%, Train Loss: 0.002853, Train Avg Loss: 0.005314, Time: 1:54:37
Epoch id: 11, Training steps: 600, Train Acc: 100.00%, Train Loss: 0.000584, Train Avg Loss: 0.004836, Time: 1:55:28
Epoch id: 11, Training steps: 700, Train Acc: 75.00%, Train Loss: 0.003283, Train Avg Loss: 0.004526, Time: 1:56:18
Epoch id: 11, Training steps: 800, Train Acc: 87.50%, Train Loss: 0.003583, Train Avg Loss: 0.004604, Time: 1:57:09
Epoch id: 11, Training steps: 900, Train Acc: 75.00%, Train Loss: 0.009574, Train Avg Loss: 0.006541, Time: 1:58:00
Epoch id: 11, Training steps: 1000, Train Acc: 75.00%, Train Loss: 0.005179, Train Avg Loss: 0.004947, Time: 1:58:50
Epoch id: 11, Training steps: 1100, Train Acc: 50.00%, Train Loss: 0.027065, Train Avg Loss: 0.009420, Time: 1:59:41
Start evaluation on dev dataset.
Acc. (Correct/Total): 53.31% micro-Prec: 0.8152 micro-Recall:0.6342 micro-F1: 0.7134 dev loss: 0.036068
Epoch id: 12, Training steps: 100, Train Acc: 75.00%, Train Loss: 0.002714, Train Avg Loss: 0.009868, Time: 2:01:37
Epoch id: 12, Training steps: 200, Train Acc: 62.50%, Train Loss: 0.007607, Train Avg Loss: 0.004185, Time: 2:02:28
Epoch id: 12, Training steps: 300, Train Acc: 62.50%, Train Loss: 0.003156, Train Avg Loss: 0.004508, Time: 2:03:18
Epoch id: 12, Training steps: 400, Train Acc: 75.00%, Train Loss: 0.010235, Train Avg Loss: 0.004665, Time: 2:04:09
Epoch id: 12, Training steps: 500, Train Acc: 87.50%, Train Loss: 0.001537, Train Avg Loss: 0.004550, Time: 2:04:59
Epoch id: 12, Training steps: 600, Train Acc: 75.00%, Train Loss: 0.002105, Train Avg Loss: 0.004121, Time: 2:05:50
Epoch id: 12, Training steps: 700, Train Acc: 87.50%, Train Loss: 0.011200, Train Avg Loss: 0.004112, Time: 2:06:41
Epoch id: 12, Training steps: 800, Train Acc: 75.00%, Train Loss: 0.002302, Train Avg Loss: 0.004179, Time: 2:07:31
Epoch id: 12, Training steps: 900, Train Acc: 75.00%, Train Loss: 0.003043, Train Avg Loss: 0.004384, Time: 2:08:22
Epoch id: 12, Training steps: 1000, Train Acc: 75.00%, Train Loss: 0.004758, Train Avg Loss: 0.004853, Time: 2:09:12
Epoch id: 12, Training steps: 1100, Train Acc: 37.50%, Train Loss: 0.004153, Train Avg Loss: 0.004458, Time: 2:10:03
Start evaluation on dev dataset.
Acc. (Correct/Total): 54.37% micro-Prec: 0.8345 micro-Recall:0.6481 micro-F1: 0.7296 dev loss: 0.034133
Start evaluation on test dataset.
Acc. (Correct/Total): 60.52% micro-Prec: 0.8639 micro-Recall:0.6958 micro-F1: 0.7708 dev loss: 0.029116
Epoch id: 13, Training steps: 100, Train Acc: 75.00%, Train Loss: 0.003554, Train Avg Loss: 0.004311, Time: 2:12:47
Epoch id: 13, Training steps: 200, Train Acc: 62.50%, Train Loss: 0.004707, Train Avg Loss: 0.002983, Time: 2:13:37
Epoch id: 13, Training steps: 300, Train Acc: 100.00%, Train Loss: 0.002033, Train Avg Loss: 0.002642, Time: 2:14:28
Epoch id: 13, Training steps: 400, Train Acc: 75.00%, Train Loss: 0.002799, Train Avg Loss: 0.003120, Time: 2:15:19
Epoch id: 13, Training steps: 500, Train Acc: 87.50%, Train Loss: 0.005482, Train Avg Loss: 0.003317, Time: 2:16:10
Epoch id: 13, Training steps: 600, Train Acc: 100.00%, Train Loss: 0.000619, Train Avg Loss: 0.003912, Time: 2:17:00
Epoch id: 13, Training steps: 700, Train Acc: 75.00%, Train Loss: 0.002714, Train Avg Loss: 0.003952, Time: 2:17:51
Epoch id: 13, Training steps: 800, Train Acc: 75.00%, Train Loss: 0.004915, Train Avg Loss: 0.003792, Time: 2:18:42
Epoch id: 13, Training steps: 900, Train Acc: 75.00%, Train Loss: 0.003852, Train Avg Loss: 0.003338, Time: 2:19:32
Epoch id: 13, Training steps: 1000, Train Acc: 87.50%, Train Loss: 0.003028, Train Avg Loss: 0.003649, Time: 2:20:23
Epoch id: 13, Training steps: 1100, Train Acc: 87.50%, Train Loss: 0.002274, Train Avg Loss: 0.003339, Time: 2:21:13
Start evaluation on dev dataset.
Acc. (Correct/Total): 56.00% micro-Prec: 0.8055 micro-Recall:0.6798 micro-F1: 0.7374 dev loss: 0.035772
Start evaluation on test dataset.
Acc. (Correct/Total): 62.26% micro-Prec: 0.8523 micro-Recall:0.7223 micro-F1: 0.7819 dev loss: 0.030139
Epoch id: 14, Training steps: 100, Train Acc: 62.50%, Train Loss: 0.003890, Train Avg Loss: 0.003625, Time: 2:23:57
Epoch id: 14, Training steps: 200, Train Acc: 62.50%, Train Loss: 0.006393, Train Avg Loss: 0.002869, Time: 2:24:47
Epoch id: 14, Training steps: 300, Train Acc: 87.50%, Train Loss: 0.001577, Train Avg Loss: 0.002443, Time: 2:25:38
Epoch id: 14, Training steps: 400, Train Acc: 87.50%, Train Loss: 0.001333, Train Avg Loss: 0.002437, Time: 2:26:29
Epoch id: 14, Training steps: 500, Train Acc: 87.50%, Train Loss: 0.001523, Train Avg Loss: 0.002116, Time: 2:27:19
Epoch id: 14, Training steps: 600, Train Acc: 87.50%, Train Loss: 0.001733, Train Avg Loss: 0.002500, Time: 2:28:10
Epoch id: 14, Training steps: 700, Train Acc: 100.00%, Train Loss: 0.000288, Train Avg Loss: 0.002046, Time: 2:29:01
Epoch id: 14, Training steps: 800, Train Acc: 62.50%, Train Loss: 0.003872, Train Avg Loss: 0.001956, Time: 2:29:51
Epoch id: 14, Training steps: 900, Train Acc: 62.50%, Train Loss: 0.003304, Train Avg Loss: 0.002321, Time: 2:30:42
Epoch id: 14, Training steps: 1000, Train Acc: 100.00%, Train Loss: 0.001146, Train Avg Loss: 0.002336, Time: 2:31:32
Epoch id: 14, Training steps: 1100, Train Acc: 87.50%, Train Loss: 0.000633, Train Avg Loss: 0.003030, Time: 2:32:23
Start evaluation on dev dataset.
Acc. (Correct/Total): 55.37% micro-Prec: 0.8089 micro-Recall:0.6675 micro-F1: 0.7315 dev loss: 0.036468
Epoch id: 15, Training steps: 100, Train Acc: 62.50%, Train Loss: 0.004055, Train Avg Loss: 0.003318, Time: 2:34:19
Epoch id: 15, Training steps: 200, Train Acc: 75.00%, Train Loss: 0.001992, Train Avg Loss: 0.002287, Time: 2:35:10
Epoch id: 15, Training steps: 300, Train Acc: 50.00%, Train Loss: 0.003972, Train Avg Loss: 0.002195, Time: 2:36:00
Epoch id: 15, Training steps: 400, Train Acc: 87.50%, Train Loss: 0.002094, Train Avg Loss: 0.002121, Time: 2:36:51
Epoch id: 15, Training steps: 500, Train Acc: 87.50%, Train Loss: 0.001041, Train Avg Loss: 0.002146, Time: 2:37:41
Epoch id: 15, Training steps: 600, Train Acc: 75.00%, Train Loss: 0.001515, Train Avg Loss: 0.002436, Time: 2:38:32
Epoch id: 15, Training steps: 700, Train Acc: 75.00%, Train Loss: 0.001230, Train Avg Loss: 0.002398, Time: 2:39:23
Epoch id: 15, Training steps: 800, Train Acc: 100.00%, Train Loss: 0.000354, Train Avg Loss: 0.001880, Time: 2:40:13
Epoch id: 15, Training steps: 900, Train Acc: 100.00%, Train Loss: 0.000471, Train Avg Loss: 0.002118, Time: 2:41:04
Epoch id: 15, Training steps: 1000, Train Acc: 50.00%, Train Loss: 0.004496, Train Avg Loss: 0.002331, Time: 2:41:55
Epoch id: 15, Training steps: 1100, Train Acc: 87.50%, Train Loss: 0.002009, Train Avg Loss: 0.002597, Time: 2:42:45
Start evaluation on dev dataset.
Acc. (Correct/Total): 54.89% micro-Prec: 0.7971 micro-Recall:0.6740 micro-F1: 0.7304 dev loss: 0.036447
Epoch id: 16, Training steps: 100, Train Acc: 87.50%, Train Loss: 0.001736, Train Avg Loss: 0.002701, Time: 2:44:42
Epoch id: 16, Training steps: 200, Train Acc: 75.00%, Train Loss: 0.001863, Train Avg Loss: 0.001656, Time: 2:45:32
Epoch id: 16, Training steps: 300, Train Acc: 75.00%, Train Loss: 0.002681, Train Avg Loss: 0.001498, Time: 2:46:23
Epoch id: 16, Training steps: 400, Train Acc: 87.50%, Train Loss: 0.001007, Train Avg Loss: 0.001735, Time: 2:47:14
Epoch id: 16, Training steps: 500, Train Acc: 100.00%, Train Loss: 0.000435, Train Avg Loss: 0.001300, Time: 2:48:04
Epoch id: 16, Training steps: 600, Train Acc: 100.00%, Train Loss: 0.000348, Train Avg Loss: 0.001413, Time: 2:48:55
Epoch id: 16, Training steps: 700, Train Acc: 75.00%, Train Loss: 0.001820, Train Avg Loss: 0.001637, Time: 2:49:45
Epoch id: 16, Training steps: 800, Train Acc: 100.00%, Train Loss: 0.000291, Train Avg Loss: 0.001379, Time: 2:50:36
Epoch id: 16, Training steps: 900, Train Acc: 87.50%, Train Loss: 0.003330, Train Avg Loss: 0.001701, Time: 2:51:27
Epoch id: 16, Training steps: 1000, Train Acc: 100.00%, Train Loss: 0.001333, Train Avg Loss: 0.001582, Time: 2:52:17
Epoch id: 16, Training steps: 1100, Train Acc: 87.50%, Train Loss: 0.001344, Train Avg Loss: 0.001319, Time: 2:53:08
Start evaluation on dev dataset.
Acc. (Correct/Total): 56.09% micro-Prec: 0.8126 micro-Recall:0.6795 micro-F1: 0.7401 dev loss: 0.035868
Start evaluation on test dataset.
Acc. (Correct/Total): 62.94% micro-Prec: 0.8528 micro-Recall:0.7268 micro-F1: 0.7848 dev loss: 0.030327
Epoch id: 17, Training steps: 100, Train Acc: 100.00%, Train Loss: 0.000536, Train Avg Loss: 0.001876, Time: 2:55:51
Epoch id: 17, Training steps: 200, Train Acc: 87.50%, Train Loss: 0.000888, Train Avg Loss: 0.001299, Time: 2:56:42
Epoch id: 17, Training steps: 300, Train Acc: 87.50%, Train Loss: 0.002703, Train Avg Loss: 0.001197, Time: 2:57:32
Epoch id: 17, Training steps: 400, Train Acc: 100.00%, Train Loss: 0.000862, Train Avg Loss: 0.001345, Time: 2:58:23
Epoch id: 17, Training steps: 500, Train Acc: 87.50%, Train Loss: 0.000590, Train Avg Loss: 0.001315, Time: 2:59:14
Epoch id: 17, Training steps: 600, Train Acc: 87.50%, Train Loss: 0.007150, Train Avg Loss: 0.001361, Time: 3:00:04
Epoch id: 17, Training steps: 700, Train Acc: 87.50%, Train Loss: 0.001645, Train Avg Loss: 0.001387, Time: 3:00:55
Epoch id: 17, Training steps: 800, Train Acc: 62.50%, Train Loss: 0.004650, Train Avg Loss: 0.001215, Time: 3:01:45
Epoch id: 17, Training steps: 900, Train Acc: 87.50%, Train Loss: 0.000413, Train Avg Loss: 0.001422, Time: 3:02:36
Epoch id: 17, Training steps: 1000, Train Acc: 100.00%, Train Loss: 0.001029, Train Avg Loss: 0.001450, Time: 3:03:27
Epoch id: 17, Training steps: 1100, Train Acc: 75.00%, Train Loss: 0.002372, Train Avg Loss: 0.001013, Time: 3:04:17
Start evaluation on dev dataset.
Acc. (Correct/Total): 56.00% micro-Prec: 0.8069 micro-Recall:0.6779 micro-F1: 0.7368 dev loss: 0.036463
Epoch id: 18, Training steps: 100, Train Acc: 100.00%, Train Loss: 0.000394, Train Avg Loss: 0.001464, Time: 3:06:14
Epoch id: 18, Training steps: 200, Train Acc: 100.00%, Train Loss: 0.000225, Train Avg Loss: 0.001005, Time: 3:07:04
Epoch id: 18, Training steps: 300, Train Acc: 100.00%, Train Loss: 0.000266, Train Avg Loss: 0.000816, Time: 3:07:55
Epoch id: 18, Training steps: 400, Train Acc: 100.00%, Train Loss: 0.000939, Train Avg Loss: 0.000989, Time: 3:08:46
Epoch id: 18, Training steps: 500, Train Acc: 100.00%, Train Loss: 0.000287, Train Avg Loss: 0.001179, Time: 3:09:36
Epoch id: 18, Training steps: 600, Train Acc: 100.00%, Train Loss: 0.000687, Train Avg Loss: 0.000975, Time: 3:10:27
Epoch id: 18, Training steps: 700, Train Acc: 100.00%, Train Loss: 0.000491, Train Avg Loss: 0.001202, Time: 3:11:18
Epoch id: 18, Training steps: 800, Train Acc: 87.50%, Train Loss: 0.002062, Train Avg Loss: 0.001120, Time: 3:12:08
Epoch id: 18, Training steps: 900, Train Acc: 75.00%, Train Loss: 0.001067, Train Avg Loss: 0.001507, Time: 3:12:59
Epoch id: 18, Training steps: 1000, Train Acc: 100.00%, Train Loss: 0.000774, Train Avg Loss: 0.001398, Time: 3:13:50
Epoch id: 18, Training steps: 1100, Train Acc: 87.50%, Train Loss: 0.001682, Train Avg Loss: 0.001275, Time: 3:14:40
Start evaluation on dev dataset.
Acc. (Correct/Total): 57.53% micro-Prec: 0.8075 micro-Recall:0.6789 micro-F1: 0.7376 dev loss: 0.037167
Start evaluation on test dataset.
Acc. (Correct/Total): 61.97% micro-Prec: 0.8440 micro-Recall:0.7226 micro-F1: 0.7786 dev loss: 0.030603
Epoch id: 19, Training steps: 100, Train Acc: 100.00%, Train Loss: 0.000403, Train Avg Loss: 0.001872, Time: 3:17:23
Epoch id: 19, Training steps: 200, Train Acc: 100.00%, Train Loss: 0.000457, Train Avg Loss: 0.001049, Time: 3:18:14
Epoch id: 19, Training steps: 300, Train Acc: 100.00%, Train Loss: 0.000330, Train Avg Loss: 0.000932, Time: 3:19:04
Epoch id: 19, Training steps: 400, Train Acc: 62.50%, Train Loss: 0.002462, Train Avg Loss: 0.000881, Time: 3:19:55
Epoch id: 19, Training steps: 500, Train Acc: 87.50%, Train Loss: 0.000553, Train Avg Loss: 0.000940, Time: 3:20:46
Epoch id: 19, Training steps: 600, Train Acc: 87.50%, Train Loss: 0.000817, Train Avg Loss: 0.000698, Time: 3:21:36
Epoch id: 19, Training steps: 700, Train Acc: 100.00%, Train Loss: 0.000179, Train Avg Loss: 0.000705, Time: 3:22:27
Epoch id: 19, Training steps: 800, Train Acc: 87.50%, Train Loss: 0.000772, Train Avg Loss: 0.001058, Time: 3:23:18
Epoch id: 19, Training steps: 900, Train Acc: 87.50%, Train Loss: 0.001385, Train Avg Loss: 0.001036, Time: 3:24:08
Epoch id: 19, Training steps: 1000, Train Acc: 100.00%, Train Loss: 0.001127, Train Avg Loss: 0.001186, Time: 3:24:59
Epoch id: 19, Training steps: 1100, Train Acc: 87.50%, Train Loss: 0.001845, Train Avg Loss: 0.000733, Time: 3:25:49
Start evaluation on dev dataset.
Acc. (Correct/Total): 56.72% micro-Prec: 0.8015 micro-Recall:0.6941 micro-F1: 0.7439 dev loss: 0.039038
Epoch id: 20, Training steps: 100, Train Acc: 87.50%, Train Loss: 0.002986, Train Avg Loss: 0.001212, Time: 3:27:46
Epoch id: 20, Training steps: 200, Train Acc: 100.00%, Train Loss: 0.000766, Train Avg Loss: 0.000819, Time: 3:28:37
Epoch id: 20, Training steps: 300, Train Acc: 75.00%, Train Loss: 0.001431, Train Avg Loss: 0.000810, Time: 3:29:27
Epoch id: 20, Training steps: 400, Train Acc: 100.00%, Train Loss: 0.000321, Train Avg Loss: 0.000561, Time: 3:30:18
Epoch id: 20, Training steps: 500, Train Acc: 100.00%, Train Loss: 0.000275, Train Avg Loss: 0.000592, Time: 3:31:09
Epoch id: 20, Training steps: 600, Train Acc: 87.50%, Train Loss: 0.000721, Train Avg Loss: 0.000591, Time: 3:31:59
Epoch id: 20, Training steps: 700, Train Acc: 100.00%, Train Loss: 0.000309, Train Avg Loss: 0.000724, Time: 3:32:50
Epoch id: 20, Training steps: 800, Train Acc: 100.00%, Train Loss: 0.000090, Train Avg Loss: 0.000637, Time: 3:33:41
Epoch id: 20, Training steps: 900, Train Acc: 100.00%, Train Loss: 0.000356, Train Avg Loss: 0.000841, Time: 3:34:31
Epoch id: 20, Training steps: 1000, Train Acc: 75.00%, Train Loss: 0.001228, Train Avg Loss: 0.000718, Time: 3:35:22
Epoch id: 20, Training steps: 1100, Train Acc: 87.50%, Train Loss: 0.000758, Train Avg Loss: 0.000862, Time: 3:36:13
Start evaluation on dev dataset.
Acc. (Correct/Total): 58.01% micro-Prec: 0.7997 micro-Recall:0.7083 micro-F1: 0.7512 dev loss: 0.038192
Start evaluation on test dataset.
Acc. (Correct/Total): 64.93% micro-Prec: 0.8491 micro-Recall:0.7530 micro-F1: 0.7981 dev loss: 0.030446
Epoch id: 21, Training steps: 100, Train Acc: 100.00%, Train Loss: 0.000625, Train Avg Loss: 0.001033, Time: 3:38:56
Epoch id: 21, Training steps: 200, Train Acc: 100.00%, Train Loss: 0.000117, Train Avg Loss: 0.000713, Time: 3:39:47
Epoch id: 21, Training steps: 300, Train Acc: 100.00%, Train Loss: 0.000592, Train Avg Loss: 0.000593, Time: 3:40:37
Epoch id: 21, Training steps: 400, Train Acc: 100.00%, Train Loss: 0.000265, Train Avg Loss: 0.000594, Time: 3:41:28
Epoch id: 21, Training steps: 500, Train Acc: 100.00%, Train Loss: 0.000429, Train Avg Loss: 0.000489, Time: 3:42:19
Epoch id: 21, Training steps: 600, Train Acc: 100.00%, Train Loss: 0.000411, Train Avg Loss: 0.000578, Time: 3:43:09
Epoch id: 21, Training steps: 700, Train Acc: 100.00%, Train Loss: 0.000193, Train Avg Loss: 0.000478, Time: 3:44:00
Epoch id: 21, Training steps: 800, Train Acc: 87.50%, Train Loss: 0.000935, Train Avg Loss: 0.000506, Time: 3:44:50
Epoch id: 21, Training steps: 900, Train Acc: 100.00%, Train Loss: 0.000139, Train Avg Loss: 0.000731, Time: 3:45:41
Epoch id: 21, Training steps: 1000, Train Acc: 100.00%, Train Loss: 0.000347, Train Avg Loss: 0.001007, Time: 3:46:32
Epoch id: 21, Training steps: 1100, Train Acc: 87.50%, Train Loss: 0.001299, Train Avg Loss: 0.000708, Time: 3:47:22
Start evaluation on dev dataset.
Acc. (Correct/Total): 56.43% micro-Prec: 0.7878 micro-Recall:0.6957 micro-F1: 0.7389 dev loss: 0.040179
Epoch id: 22, Training steps: 100, Train Acc: 100.00%, Train Loss: 0.000257, Train Avg Loss: 0.001003, Time: 3:49:19
Epoch id: 22, Training steps: 200, Train Acc: 100.00%, Train Loss: 0.000155, Train Avg Loss: 0.000448, Time: 3:50:09
Epoch id: 22, Training steps: 300, Train Acc: 87.50%, Train Loss: 0.000348, Train Avg Loss: 0.000557, Time: 3:51:00
Epoch id: 22, Training steps: 400, Train Acc: 87.50%, Train Loss: 0.001877, Train Avg Loss: 0.000984, Time: 3:51:51
Epoch id: 22, Training steps: 500, Train Acc: 100.00%, Train Loss: 0.000145, Train Avg Loss: 0.000686, Time: 3:52:41
Epoch id: 22, Training steps: 600, Train Acc: 100.00%, Train Loss: 0.000535, Train Avg Loss: 0.000804, Time: 3:53:32
Epoch id: 22, Training steps: 700, Train Acc: 100.00%, Train Loss: 0.000371, Train Avg Loss: 0.000533, Time: 3:54:23
Epoch id: 22, Training steps: 800, Train Acc: 100.00%, Train Loss: 0.000299, Train Avg Loss: 0.000489, Time: 3:55:13
Epoch id: 22, Training steps: 900, Train Acc: 87.50%, Train Loss: 0.000630, Train Avg Loss: 0.000534, Time: 3:56:04
Epoch id: 22, Training steps: 1000, Train Acc: 87.50%, Train Loss: 0.004231, Train Avg Loss: 0.000755, Time: 3:56:55
Epoch id: 22, Training steps: 1100, Train Acc: 87.50%, Train Loss: 0.000925, Train Avg Loss: 0.000799, Time: 3:57:45
Start evaluation on dev dataset.
Acc. (Correct/Total): 56.91% micro-Prec: 0.7900 micro-Recall:0.7028 micro-F1: 0.7439 dev loss: 0.040600
Epoch id: 23, Training steps: 100, Train Acc: 100.00%, Train Loss: 0.000100, Train Avg Loss: 0.000959, Time: 3:59:42
Epoch id: 23, Training steps: 200, Train Acc: 87.50%, Train Loss: 0.000531, Train Avg Loss: 0.000523, Time: 4:00:33
Epoch id: 23, Training steps: 300, Train Acc: 87.50%, Train Loss: 0.000599, Train Avg Loss: 0.000493, Time: 4:01:24
Epoch id: 23, Training steps: 400, Train Acc: 100.00%, Train Loss: 0.000293, Train Avg Loss: 0.000404, Time: 4:02:15
Epoch id: 23, Training steps: 500, Train Acc: 100.00%, Train Loss: 0.000212, Train Avg Loss: 0.000390, Time: 4:03:05
Epoch id: 23, Training steps: 600, Train Acc: 87.50%, Train Loss: 0.000891, Train Avg Loss: 0.000485, Time: 4:03:56
Epoch id: 23, Training steps: 700, Train Acc: 100.00%, Train Loss: 0.000212, Train Avg Loss: 0.000565, Time: 4:04:47
Epoch id: 23, Training steps: 800, Train Acc: 75.00%, Train Loss: 0.000959, Train Avg Loss: 0.000352, Time: 4:05:38
Epoch id: 23, Training steps: 900, Train Acc: 100.00%, Train Loss: 0.000318, Train Avg Loss: 0.000543, Time: 4:06:28
Epoch id: 23, Training steps: 1000, Train Acc: 100.00%, Train Loss: 0.000319, Train Avg Loss: 0.000363, Time: 4:07:19
Epoch id: 23, Training steps: 1100, Train Acc: 100.00%, Train Loss: 0.000669, Train Avg Loss: 0.000378, Time: 4:08:10
Start evaluation on dev dataset.
Acc. (Correct/Total): 57.34% micro-Prec: 0.7966 micro-Recall:0.7035 micro-F1: 0.7471 dev loss: 0.039618
Epoch id: 24, Training steps: 100, Train Acc: 87.50%, Train Loss: 0.000549, Train Avg Loss: 0.000432, Time: 4:10:07
Epoch id: 24, Training steps: 200, Train Acc: 100.00%, Train Loss: 0.000079, Train Avg Loss: 0.000234, Time: 4:10:57
Epoch id: 24, Training steps: 300, Train Acc: 87.50%, Train Loss: 0.000576, Train Avg Loss: 0.000405, Time: 4:11:48
Epoch id: 24, Training steps: 400, Train Acc: 87.50%, Train Loss: 0.000781, Train Avg Loss: 0.000352, Time: 4:12:39
Epoch id: 24, Training steps: 500, Train Acc: 100.00%, Train Loss: 0.000067, Train Avg Loss: 0.000300, Time: 4:13:30
Epoch id: 24, Training steps: 600, Train Acc: 100.00%, Train Loss: 0.000195, Train Avg Loss: 0.000312, Time: 4:14:21
Epoch id: 24, Training steps: 700, Train Acc: 100.00%, Train Loss: 0.000159, Train Avg Loss: 0.000267, Time: 4:15:11
Epoch id: 24, Training steps: 800, Train Acc: 100.00%, Train Loss: 0.000611, Train Avg Loss: 0.000318, Time: 4:16:02
Epoch id: 24, Training steps: 900, Train Acc: 87.50%, Train Loss: 0.000684, Train Avg Loss: 0.000328, Time: 4:16:53
Epoch id: 24, Training steps: 1000, Train Acc: 100.00%, Train Loss: 0.000718, Train Avg Loss: 0.000281, Time: 4:17:44
Epoch id: 24, Training steps: 1100, Train Acc: 100.00%, Train Loss: 0.000108, Train Avg Loss: 0.000319, Time: 4:18:34
Start evaluation on dev dataset.
Acc. (Correct/Total): 58.35% micro-Prec: 0.8036 micro-Recall:0.7048 micro-F1: 0.7509 dev loss: 0.039737
Start evaluation on test dataset.
Acc. (Correct/Total): 65.22% micro-Prec: 0.8415 micro-Recall:0.7637 micro-F1: 0.8007 dev loss: 0.031864
Epoch id: 25, Training steps: 100, Train Acc: 100.00%, Train Loss: 0.000091, Train Avg Loss: 0.000327, Time: 4:21:18
Epoch id: 25, Training steps: 200, Train Acc: 100.00%, Train Loss: 0.000233, Train Avg Loss: 0.000202, Time: 4:22:09
Epoch id: 25, Training steps: 300, Train Acc: 100.00%, Train Loss: 0.000294, Train Avg Loss: 0.000317, Time: 4:23:00
Epoch id: 25, Training steps: 400, Train Acc: 100.00%, Train Loss: 0.000124, Train Avg Loss: 0.000277, Time: 4:23:50
Epoch id: 25, Training steps: 500, Train Acc: 100.00%, Train Loss: 0.000143, Train Avg Loss: 0.000214, Time: 4:24:41
Epoch id: 25, Training steps: 600, Train Acc: 100.00%, Train Loss: 0.000395, Train Avg Loss: 0.000236, Time: 4:25:32
Epoch id: 25, Training steps: 700, Train Acc: 100.00%, Train Loss: 0.000492, Train Avg Loss: 0.000254, Time: 4:26:23
Epoch id: 25, Training steps: 800, Train Acc: 100.00%, Train Loss: 0.000132, Train Avg Loss: 0.000210, Time: 4:27:14
Epoch id: 25, Training steps: 900, Train Acc: 87.50%, Train Loss: 0.000302, Train Avg Loss: 0.000197, Time: 4:28:04
Epoch id: 25, Training steps: 1000, Train Acc: 100.00%, Train Loss: 0.000121, Train Avg Loss: 0.000222, Time: 4:28:55
Epoch id: 25, Training steps: 1100, Train Acc: 100.00%, Train Loss: 0.000141, Train Avg Loss: 0.000213, Time: 4:29:46
Start evaluation on dev dataset.
Acc. (Correct/Total): 57.10% micro-Prec: 0.7958 micro-Recall:0.6989 micro-F1: 0.7442 dev loss: 0.040725
Epoch id: 26, Training steps: 100, Train Acc: 87.50%, Train Loss: 0.000395, Train Avg Loss: 0.000304, Time: 4:31:42
Epoch id: 26, Training steps: 200, Train Acc: 87.50%, Train Loss: 0.000527, Train Avg Loss: 0.000223, Time: 4:32:33
Epoch id: 26, Training steps: 300, Train Acc: 100.00%, Train Loss: 0.000264, Train Avg Loss: 0.000198, Time: 4:33:24
Epoch id: 26, Training steps: 400, Train Acc: 100.00%, Train Loss: 0.000297, Train Avg Loss: 0.000173, Time: 4:34:15
Epoch id: 26, Training steps: 500, Train Acc: 100.00%, Train Loss: 0.000164, Train Avg Loss: 0.000179, Time: 4:35:06
Epoch id: 26, Training steps: 600, Train Acc: 100.00%, Train Loss: 0.000101, Train Avg Loss: 0.000196, Time: 4:35:56
Epoch id: 26, Training steps: 700, Train Acc: 100.00%, Train Loss: 0.000194, Train Avg Loss: 0.000192, Time: 4:36:47
Epoch id: 26, Training steps: 800, Train Acc: 100.00%, Train Loss: 0.000130, Train Avg Loss: 0.000180, Time: 4:37:38
Epoch id: 26, Training steps: 900, Train Acc: 100.00%, Train Loss: 0.000154, Train Avg Loss: 0.000297, Time: 4:38:29
Epoch id: 26, Training steps: 1000, Train Acc: 87.50%, Train Loss: 0.000598, Train Avg Loss: 0.000218, Time: 4:39:19
Epoch id: 26, Training steps: 1100, Train Acc: 100.00%, Train Loss: 0.000241, Train Avg Loss: 0.000257, Time: 4:40:10
Start evaluation on dev dataset.
Acc. (Correct/Total): 58.11% micro-Prec: 0.7937 micro-Recall:0.7086 micro-F1: 0.7488 dev loss: 0.041664
Epoch id: 27, Training steps: 100, Train Acc: 100.00%, Train Loss: 0.000035, Train Avg Loss: 0.000369, Time: 4:42:07
Epoch id: 27, Training steps: 200, Train Acc: 87.50%, Train Loss: 0.003630, Train Avg Loss: 0.000342, Time: 4:42:58
Epoch id: 27, Training steps: 300, Train Acc: 100.00%, Train Loss: 0.000283, Train Avg Loss: 0.000346, Time: 4:43:48
Epoch id: 27, Training steps: 400, Train Acc: 100.00%, Train Loss: 0.000203, Train Avg Loss: 0.000289, Time: 4:44:39
Epoch id: 27, Training steps: 500, Train Acc: 100.00%, Train Loss: 0.000204, Train Avg Loss: 0.000208, Time: 4:45:30
Epoch id: 27, Training steps: 600, Train Acc: 87.50%, Train Loss: 0.000916, Train Avg Loss: 0.000184, Time: 4:46:21
Epoch id: 27, Training steps: 700, Train Acc: 100.00%, Train Loss: 0.000209, Train Avg Loss: 0.000210, Time: 4:47:11
Epoch id: 27, Training steps: 800, Train Acc: 100.00%, Train Loss: 0.000268, Train Avg Loss: 0.000172, Time: 4:48:02
Epoch id: 27, Training steps: 900, Train Acc: 100.00%, Train Loss: 0.000316, Train Avg Loss: 0.000164, Time: 4:48:53
Epoch id: 27, Training steps: 1000, Train Acc: 100.00%, Train Loss: 0.000057, Train Avg Loss: 0.000217, Time: 4:49:43
Epoch id: 27, Training steps: 1100, Train Acc: 100.00%, Train Loss: 0.000021, Train Avg Loss: 0.000162, Time: 4:50:34
Start evaluation on dev dataset.
Acc. (Correct/Total): 57.58% micro-Prec: 0.7907 micro-Recall:0.7106 micro-F1: 0.7485 dev loss: 0.041753
Epoch id: 28, Training steps: 100, Train Acc: 87.50%, Train Loss: 0.000644, Train Avg Loss: 0.000228, Time: 4:52:30
Epoch id: 28, Training steps: 200, Train Acc: 100.00%, Train Loss: 0.000139, Train Avg Loss: 0.000164, Time: 4:53:20
Epoch id: 28, Training steps: 300, Train Acc: 100.00%, Train Loss: 0.000159, Train Avg Loss: 0.000205, Time: 4:54:11
Epoch id: 28, Training steps: 400, Train Acc: 100.00%, Train Loss: 0.000048, Train Avg Loss: 0.000147, Time: 4:55:01
Epoch id: 28, Training steps: 500, Train Acc: 100.00%, Train Loss: 0.000128, Train Avg Loss: 0.000148, Time: 4:55:52
Epoch id: 28, Training steps: 600, Train Acc: 100.00%, Train Loss: 0.000178, Train Avg Loss: 0.000123, Time: 4:56:42
Epoch id: 28, Training steps: 700, Train Acc: 100.00%, Train Loss: 0.000020, Train Avg Loss: 0.000157, Time: 4:57:33
Epoch id: 28, Training steps: 800, Train Acc: 100.00%, Train Loss: 0.000043, Train Avg Loss: 0.000144, Time: 4:58:23
Epoch id: 28, Training steps: 900, Train Acc: 100.00%, Train Loss: 0.000097, Train Avg Loss: 0.000164, Time: 4:59:14
Epoch id: 28, Training steps: 1000, Train Acc: 100.00%, Train Loss: 0.000043, Train Avg Loss: 0.000151, Time: 5:00:04
Epoch id: 28, Training steps: 1100, Train Acc: 100.00%, Train Loss: 0.000199, Train Avg Loss: 0.000148, Time: 5:00:55
Start evaluation on dev dataset.
Acc. (Correct/Total): 57.87% micro-Prec: 0.7915 micro-Recall:0.7116 micro-F1: 0.7494 dev loss: 0.042156
Epoch id: 29, Training steps: 100, Train Acc: 100.00%, Train Loss: 0.000156, Train Avg Loss: 0.000178, Time: 5:02:50
Epoch id: 29, Training steps: 200, Train Acc: 100.00%, Train Loss: 0.000054, Train Avg Loss: 0.000130, Time: 5:03:41
Epoch id: 29, Training steps: 300, Train Acc: 100.00%, Train Loss: 0.000240, Train Avg Loss: 0.000176, Time: 5:04:31
Epoch id: 29, Training steps: 400, Train Acc: 100.00%, Train Loss: 0.000083, Train Avg Loss: 0.000134, Time: 5:05:22
Epoch id: 29, Training steps: 500, Train Acc: 100.00%, Train Loss: 0.000200, Train Avg Loss: 0.000116, Time: 5:06:12
Epoch id: 29, Training steps: 600, Train Acc: 100.00%, Train Loss: 0.000054, Train Avg Loss: 0.000152, Time: 5:07:02
Epoch id: 29, Training steps: 700, Train Acc: 100.00%, Train Loss: 0.000136, Train Avg Loss: 0.000118, Time: 5:07:53
Epoch id: 29, Training steps: 800, Train Acc: 100.00%, Train Loss: 0.000080, Train Avg Loss: 0.000113, Time: 5:08:43
Epoch id: 29, Training steps: 900, Train Acc: 100.00%, Train Loss: 0.000023, Train Avg Loss: 0.000125, Time: 5:09:33
Epoch id: 29, Training steps: 1000, Train Acc: 100.00%, Train Loss: 0.000137, Train Avg Loss: 0.000138, Time: 5:10:24
Epoch id: 29, Training steps: 1100, Train Acc: 100.00%, Train Loss: 0.000032, Train Avg Loss: 0.000162, Time: 5:11:14
Start evaluation on dev dataset.
Acc. (Correct/Total): 57.77% micro-Prec: 0.7943 micro-Recall:0.7038 micro-F1: 0.7463 dev loss: 0.042398
Epoch id: 30, Training steps: 100, Train Acc: 100.00%, Train Loss: 0.000063, Train Avg Loss: 0.000166, Time: 5:13:11
Epoch id: 30, Training steps: 200, Train Acc: 100.00%, Train Loss: 0.000087, Train Avg Loss: 0.000101, Time: 5:14:01
Epoch id: 30, Training steps: 300, Train Acc: 87.50%, Train Loss: 0.000502, Train Avg Loss: 0.000124, Time: 5:14:52
Epoch id: 30, Training steps: 400, Train Acc: 100.00%, Train Loss: 0.000055, Train Avg Loss: 0.000107, Time: 5:15:42
Epoch id: 30, Training steps: 500, Train Acc: 100.00%, Train Loss: 0.000049, Train Avg Loss: 0.000121, Time: 5:16:33
Epoch id: 30, Training steps: 600, Train Acc: 100.00%, Train Loss: 0.000057, Train Avg Loss: 0.000164, Time: 5:17:23
Epoch id: 30, Training steps: 700, Train Acc: 100.00%, Train Loss: 0.000078, Train Avg Loss: 0.000100, Time: 5:18:14
Epoch id: 30, Training steps: 800, Train Acc: 100.00%, Train Loss: 0.000084, Train Avg Loss: 0.000098, Time: 5:19:04
Epoch id: 30, Training steps: 900, Train Acc: 100.00%, Train Loss: 0.000169, Train Avg Loss: 0.000135, Time: 5:19:54
Epoch id: 30, Training steps: 1000, Train Acc: 100.00%, Train Loss: 0.000092, Train Avg Loss: 0.000109, Time: 5:20:45
Epoch id: 30, Training steps: 1100, Train Acc: 100.00%, Train Loss: 0.000020, Train Avg Loss: 0.000108, Time: 5:21:35
Start evaluation on dev dataset.
Acc. (Correct/Total): 58.11% micro-Prec: 0.7961 micro-Recall:0.7103 micro-F1: 0.7507 dev loss: 0.042341
Epoch id: 31, Training steps: 100, Train Acc: 100.00%, Train Loss: 0.000079, Train Avg Loss: 0.000138, Time: 5:23:31
Epoch id: 31, Training steps: 200, Train Acc: 100.00%, Train Loss: 0.000068, Train Avg Loss: 0.000102, Time: 5:24:21
Epoch id: 31, Training steps: 300, Train Acc: 100.00%, Train Loss: 0.000131, Train Avg Loss: 0.000126, Time: 5:25:12
Epoch id: 31, Training steps: 400, Train Acc: 100.00%, Train Loss: 0.000047, Train Avg Loss: 0.000131, Time: 5:26:02
Epoch id: 31, Training steps: 500, Train Acc: 100.00%, Train Loss: 0.000037, Train Avg Loss: 0.000094, Time: 5:26:52
Epoch id: 31, Training steps: 600, Train Acc: 100.00%, Train Loss: 0.000054, Train Avg Loss: 0.000129, Time: 5:27:43
Epoch id: 31, Training steps: 700, Train Acc: 100.00%, Train Loss: 0.000072, Train Avg Loss: 0.000091, Time: 5:28:33
Epoch id: 31, Training steps: 800, Train Acc: 100.00%, Train Loss: 0.000120, Train Avg Loss: 0.000098, Time: 5:29:24
Epoch id: 31, Training steps: 900, Train Acc: 100.00%, Train Loss: 0.000068, Train Avg Loss: 0.000097, Time: 5:30:14
Epoch id: 31, Training steps: 1000, Train Acc: 100.00%, Train Loss: 0.000033, Train Avg Loss: 0.000111, Time: 5:31:05
Epoch id: 31, Training steps: 1100, Train Acc: 100.00%, Train Loss: 0.000031, Train Avg Loss: 0.000092, Time: 5:31:55
Start evaluation on dev dataset.
Acc. (Correct/Total): 58.30% micro-Prec: 0.7959 micro-Recall:0.7122 micro-F1: 0.7518 dev loss: 0.042509
Epoch id: 32, Training steps: 100, Train Acc: 100.00%, Train Loss: 0.000074, Train Avg Loss: 0.000114, Time: 5:33:51
Epoch id: 32, Training steps: 200, Train Acc: 100.00%, Train Loss: 0.000086, Train Avg Loss: 0.000091, Time: 5:34:41
Epoch id: 32, Training steps: 300, Train Acc: 100.00%, Train Loss: 0.000059, Train Avg Loss: 0.000091, Time: 5:35:32
Epoch id: 32, Training steps: 400, Train Acc: 100.00%, Train Loss: 0.000138, Train Avg Loss: 0.000105, Time: 5:36:22
Epoch id: 32, Training steps: 500, Train Acc: 100.00%, Train Loss: 0.000053, Train Avg Loss: 0.000104, Time: 5:37:13
Epoch id: 32, Training steps: 600, Train Acc: 100.00%, Train Loss: 0.000057, Train Avg Loss: 0.000094, Time: 5:38:03
Epoch id: 32, Training steps: 700, Train Acc: 100.00%, Train Loss: 0.000083, Train Avg Loss: 0.000115, Time: 5:38:53
Epoch id: 32, Training steps: 800, Train Acc: 87.50%, Train Loss: 0.001801, Train Avg Loss: 0.000097, Time: 5:39:44
Epoch id: 32, Training steps: 900, Train Acc: 100.00%, Train Loss: 0.000062, Train Avg Loss: 0.000089, Time: 5:40:34
Epoch id: 32, Training steps: 1000, Train Acc: 100.00%, Train Loss: 0.000084, Train Avg Loss: 0.000104, Time: 5:41:25
Epoch id: 32, Training steps: 1100, Train Acc: 100.00%, Train Loss: 0.000090, Train Avg Loss: 0.000089, Time: 5:42:15
Start evaluation on dev dataset.
Acc. (Correct/Total): 58.40% micro-Prec: 0.7964 micro-Recall:0.7116 micro-F1: 0.7516 dev loss: 0.042582
Start evaluation on test dataset.
Acc. (Correct/Total): 65.12% micro-Prec: 0.8379 micro-Recall:0.7637 micro-F1: 0.7991 dev loss: 0.033656
Final evaluation on the test dataset.
The number of evaluation instances:  2067
Acc. (Correct/Total): 65.22% micro-Prec: 0.8415 micro-Recall:0.7637 micro-F1: 0.8007 dev loss: 0.031864
              precision    recall  f1-score   support

         教育学     0.8375    0.9627    0.8958       241
          法学     0.8879    0.8839    0.8859       224
      中国语言文学     0.8895    0.8270    0.8571       185
         政治学     0.8438    0.6626    0.7423       163
         社会学     0.8889    0.8153    0.8505       157
         心理学     0.8293    0.5528    0.6634       123
       应用经济学     0.7927    0.5556    0.6533       117
         历史学     0.9059    0.7064    0.7938       109
     环境科学与工程     0.9000    0.9167    0.9083       108
          哲学     0.8333    0.6186    0.7101        97
      外国语言文学     0.7778    0.8235    0.8000        85
         生物学     0.8140    0.8861    0.8485        79
      交通运输工程     0.9103    0.9103    0.9103        78
        临床医学     0.9000    0.7105    0.7941        76
    计算机科学与技术     0.8615    0.7887    0.8235        71
        土木工程     0.9130    0.9545    0.9333        66
   航空宇航科学与技术     0.9828    0.9344    0.9580        61
         民族学     0.7143    0.5455    0.6186        55
   公共卫生与预防医学     0.6889    0.6078    0.6458        51
         美术学     0.8571    0.9600    0.9057        50
         艺术学     0.8780    0.8372    0.8571        43
         地理学     0.7750    0.7381    0.7561        42
         体育学     0.8929    0.6250    0.7353        40
       理论经济学     0.8529    0.7632    0.8056        38
         中医学     0.9429    0.8919    0.9167        37
         物理学     0.8684    0.9167    0.8919        36
          林学     0.8333    0.6061    0.7018        33
          数学     0.8889    0.5000    0.6400        32
     电子科学与技术     0.5714    0.6452    0.6061        31
        基础医学     0.6250    0.3448    0.4444        29
        工商管理     0.8000    0.7407    0.7692        27
       新闻传播学     0.7500    0.6818    0.7143        22
         天文学     0.8261    0.8636    0.8444        22
         地质学     1.0000    0.6190    0.7647        21
         畜牧学     0.8571    0.8571    0.8571        21
   军事思想及军事历史     0.8182    0.9000    0.8571        20
     管理科学与工程     0.7500    0.8333    0.7895        18
     测绘科学与技术     0.7778    0.8235    0.8000        17
        水利工程     0.9091    0.6250    0.7407        16
        大气科学     0.6842    0.8125    0.7429        16
     兵器科学与技术     0.7500    0.8000    0.7742        15
       地球物理学     0.6000    0.2143    0.3158        14
        电气工程     1.0000    0.6154    0.7619        13
         作物学     0.7500    0.6923    0.7200        13
     控制科学与工程     0.3571    0.3846    0.3704        13
     信息与通信工程     0.7143    0.7692    0.7407        13
        公共管理     0.5714    0.3077    0.4000        13
         建筑学     1.0000    0.5385    0.7000        13
     化学工程与技术     0.8462    0.9167    0.8800        12
          力学     0.8750    0.6364    0.7368        11
        海洋科学     0.9091    0.9091    0.9091        11
     轻工技术与工程     0.4286    0.5455    0.4800        11
        农业工程     1.0000    0.4000    0.5714        10
         园艺学     0.8889    0.8000    0.8421        10
       中西医结合     0.8000    0.4000    0.5333        10
        机械工程     1.0000    0.7778    0.8750         9
       科学技术史     1.0000    0.6250    0.7692         8
     船舶与海洋工程     0.8750    0.8750    0.8750         8
   图书情报与档案管理     0.7000    0.8750    0.7778         8
        植物保护     0.8889    1.0000    0.9412         8
     材料科学与工程     0.7500    0.7500    0.7500         8
         统计学     0.6364    0.8750    0.7368         8
          化学     1.0000    0.7500    0.8571         8
     食品科学与工程     0.8333    0.6250    0.7143         8
          水产     1.0000    1.0000    1.0000         7
          药学     0.8571    0.8571    0.8571         7
     农业资源与环境     1.0000    0.2857    0.4444         7
         世界史     0.6667    0.8571    0.7500         7
        系统科学     0.8333    0.7143    0.7692         7
      农林经济管理     0.7143    1.0000    0.8333         5
       军队指挥学     1.0000    0.4000    0.5714         5
        矿业工程     0.7500    0.6000    0.6667         5
     纺织科学与工程     0.7143    1.0000    0.8333         5
  动力工程及工程热物理     0.0000    0.0000    0.0000         4
        林业工程     0.3333    0.2500    0.2857         4
     仪器科学与技术     0.0000    0.0000    0.0000         3
         战略学     1.0000    0.6667    0.8000         3
   地质资源与地质工程     0.6000    1.0000    0.7500         3
        旅游管理     0.6667    0.6667    0.6667         3
 图书馆、情报与档案管理     0.0000    0.0000    0.0000         2
        冶金工程     1.0000    0.5000    0.6667         2
      核科学与技术     0.0000    0.0000    0.0000         2

   micro avg     0.8415    0.7637    0.8007      3093
   macro avg     0.7761    0.6845    0.7117      3093
weighted avg     0.8405    0.7637    0.7924      3093
 samples avg     0.8236    0.7819    0.7898      3093

