  0%|          | 0/82 [00:00<?, ?it/s]100%|██████████| 82/82 [00:00<00:00, 719524.95it/s]
Vocabulary file line 344 has bad format token
Vocabulary Size:  21128
[BertClassifier] use visible_matrix: False
Some weights of BertForMultiLabelSequenceClassification were not initialized from the model checkpoint at ./models/bert and are newly initialized: ['output_layer_1.weight', 'output_layer_1.bias', 'output_layer_2.weight', 'output_layer_2.bias']
You should probably TRAIN this model on a down-stream task to be able to use it for predictions and inference.
model:  bert
pretrained:  bert
dataset:  book_multilabels_task
task:  MLC
seq_length:  256
hidden_dropout_prob:  0.1
attention_probs_dropout_prob:  0.1
dropout_rnn:  None
rnn_hidden:  None
epochs_num:  32
batch_size:  8
learning_rate:  2e-05
report_steps:  100
acc_percent:  0.9
kg_name:  CnDbpedia
no_kg:  True
no_vm:  True
GPU:  NVIDIA GeForce RTX 2080 Ti
1 GPUs are available. Let's use them.
device:  cuda
Start training.
Loading sentences from ./datasets/book_multilabels_task/train.tsv
There are 9097 sentence in total. We use 1 processes to inject knowledge into sentences.
Progress of process 0: 0/9097
Loading sentences from ./datasets/book_multilabels_task/dev.tsv
There are 2084 sentence in total. We use 1 processes to inject knowledge into sentences.
Progress of process 0: 0/2084
Loading sentences from ./datasets/book_multilabels_task/test.tsv
There are 2067 sentence in total. We use 1 processes to inject knowledge into sentences.
Progress of process 0: 0/2067
Epoch id: 1, Training steps: 100,  Train Loss:  0.65,  Train Acc:  0.00%,  Train Avg Loss: 0.677,  Time: 0:00:14
Epoch id: 1, Training steps: 200,  Train Loss:  0.53,  Train Acc:  0.00%,  Train Avg Loss: 0.582,  Time: 0:00:28
Epoch id: 1, Training steps: 300,  Train Loss:  0.43,  Train Acc:  0.00%,  Train Avg Loss: 0.478,  Time: 0:00:42
Epoch id: 1, Training steps: 400,  Train Loss:  0.37,  Train Acc:  0.00%,  Train Avg Loss: 0.404,  Time: 0:00:56
Epoch id: 1, Training steps: 500,  Train Loss:  0.32,  Train Acc:  0.00%,  Train Avg Loss: 0.342,  Time: 0:01:10
Epoch id: 1, Training steps: 600,  Train Loss:  0.26,  Train Acc:  0.00%,  Train Avg Loss: 0.286,  Time: 0:01:24
Epoch id: 1, Training steps: 700,  Train Loss:  0.21,  Train Acc:  0.00%,  Train Avg Loss: 0.236,  Time: 0:01:38
Epoch id: 1, Training steps: 800,  Train Loss:  0.18,  Train Acc:  0.00%,  Train Avg Loss: 0.193,  Time: 0:01:52
Epoch id: 1, Training steps: 900,  Train Loss:  0.15,  Train Acc:  0.00%,  Train Avg Loss: 0.162,  Time: 0:02:06
Epoch id: 1, Training steps: 1000,  Train Loss:  0.13,  Train Acc:  0.00%,  Train Avg Loss: 0.139,  Time: 0:02:20
Epoch id: 1, Training steps: 1100,  Train Loss:  0.11,  Train Acc:  0.00%,  Train Avg Loss: 0.123,  Time: 0:02:34
Start evaluation on dev dataset.
Acc. (Correct/Total):  0.00% micro-Prec: 0.0000 micro-Recall:0.0000 micro-F1: 0.0000 dev loss: 0.108293
Epoch id: 2, Training steps: 100,  Train Loss:   0.1,  Train Acc:  0.00%,  Train Avg Loss: 0.153,  Time: 0:03:05
Epoch id: 2, Training steps: 200,  Train Loss:  0.11,  Train Acc:  0.00%,  Train Avg Loss: 0.101,  Time: 0:03:19
Epoch id: 2, Training steps: 300,  Train Loss: 0.091,  Train Acc:  0.00%,  Train Avg Loss: 0.097,  Time: 0:03:33
Epoch id: 2, Training steps: 400,  Train Loss: 0.094,  Train Acc:  0.00%,  Train Avg Loss: 0.093,  Time: 0:03:47
Epoch id: 2, Training steps: 500,  Train Loss:   0.1,  Train Acc:  0.00%,  Train Avg Loss: 0.092,  Time: 0:04:01
Epoch id: 2, Training steps: 600,  Train Loss: 0.079,  Train Acc:  0.00%,  Train Avg Loss: 0.089,  Time: 0:04:15
Epoch id: 2, Training steps: 700,  Train Loss: 0.092,  Train Acc:  0.00%,  Train Avg Loss: 0.086,  Time: 0:04:29
Epoch id: 2, Training steps: 800,  Train Loss: 0.069,  Train Acc:  0.00%,  Train Avg Loss: 0.087,  Time: 0:04:43
Epoch id: 2, Training steps: 900,  Train Loss: 0.086,  Train Acc:  0.00%,  Train Avg Loss: 0.086,  Time: 0:04:57
Epoch id: 2, Training steps: 1000,  Train Loss: 0.093,  Train Acc:  0.00%,  Train Avg Loss: 0.085,  Time: 0:05:11
Epoch id: 2, Training steps: 1100,  Train Loss: 0.079,  Train Acc:  0.00%,  Train Avg Loss: 0.083,  Time: 0:05:25
Start evaluation on dev dataset.
Acc. (Correct/Total):  0.00% micro-Prec: 0.0000 micro-Recall:0.0000 micro-F1: 0.0000 dev loss: 0.079861
Epoch id: 3, Training steps: 100,  Train Loss: 0.083,  Train Acc:  0.00%,  Train Avg Loss: 0.117,  Time: 0:05:55
Epoch id: 3, Training steps: 200,  Train Loss: 0.097,  Train Acc:  0.00%,  Train Avg Loss: 0.085,  Time: 0:06:09
Epoch id: 3, Training steps: 300,  Train Loss: 0.072,  Train Acc:  0.00%,  Train Avg Loss: 0.081,  Time: 0:06:23
Epoch id: 3, Training steps: 400,  Train Loss: 0.064,  Train Acc:  0.00%,  Train Avg Loss: 0.078,  Time: 0:06:37
Epoch id: 3, Training steps: 500,  Train Loss: 0.077,  Train Acc:  0.00%,  Train Avg Loss: 0.078,  Time: 0:06:51
Epoch id: 3, Training steps: 600,  Train Loss: 0.092,  Train Acc:  0.00%,  Train Avg Loss: 0.074,  Time: 0:07:05
Epoch id: 3, Training steps: 700,  Train Loss: 0.056,  Train Acc:  0.00%,  Train Avg Loss: 0.072,  Time: 0:07:19
Epoch id: 3, Training steps: 800,  Train Loss: 0.064,  Train Acc:  0.00%,  Train Avg Loss: 0.069,  Time: 0:07:33
Epoch id: 3, Training steps: 900,  Train Loss: 0.067,  Train Acc:  0.00%,  Train Avg Loss: 0.065,  Time: 0:07:47
Epoch id: 3, Training steps: 1000,  Train Loss: 0.077,  Train Acc:  0.00%,  Train Avg Loss: 0.062,  Time: 0:08:01
Epoch id: 3, Training steps: 1100,  Train Loss: 0.055,  Train Acc:  0.00%,  Train Avg Loss: 0.059,  Time: 0:08:15
Start evaluation on dev dataset.
Acc. (Correct/Total):  0.00% micro-Prec: 0.0000 micro-Recall:0.0000 micro-F1: 0.0000 dev loss: 0.055501
Epoch id: 4, Training steps: 100,  Train Loss: 0.064,  Train Acc:  0.00%,  Train Avg Loss: 0.076,  Time: 0:08:45
Epoch id: 4, Training steps: 200,  Train Loss: 0.055,  Train Acc:  0.00%,  Train Avg Loss: 0.053,  Time: 0:08:59
Epoch id: 4, Training steps: 300,  Train Loss: 0.047,  Train Acc:  0.00%,  Train Avg Loss: 0.052,  Time: 0:09:13
Epoch id: 4, Training steps: 400,  Train Loss:  0.04,  Train Acc:  0.00%,  Train Avg Loss: 0.048,  Time: 0:09:27
Epoch id: 4, Training steps: 500,  Train Loss:  0.06,  Train Acc:  0.00%,  Train Avg Loss: 0.048,  Time: 0:09:41
Epoch id: 4, Training steps: 600,  Train Loss: 0.044,  Train Acc:  0.00%,  Train Avg Loss: 0.045,  Time: 0:09:55
Epoch id: 4, Training steps: 700,  Train Loss: 0.052,  Train Acc:  0.00%,  Train Avg Loss: 0.046,  Time: 0:10:09
Epoch id: 4, Training steps: 800,  Train Loss: 0.032,  Train Acc:  0.00%,  Train Avg Loss: 0.044,  Time: 0:10:23
Epoch id: 4, Training steps: 900,  Train Loss: 0.057,  Train Acc:  0.00%,  Train Avg Loss: 0.042,  Time: 0:10:37
Epoch id: 4, Training steps: 1000,  Train Loss: 0.059,  Train Acc:  0.00%,  Train Avg Loss: 0.044,  Time: 0:10:51
Epoch id: 4, Training steps: 1100,  Train Loss: 0.039,  Train Acc:  0.00%,  Train Avg Loss: 0.041,  Time: 0:11:05
Start evaluation on dev dataset.
Acc. (Correct/Total):  0.00% micro-Prec: 0.0000 micro-Recall:0.0000 micro-F1: 0.0000 dev loss: 0.043095
Epoch id: 5, Training steps: 100,  Train Loss: 0.039,  Train Acc:  0.00%,  Train Avg Loss: 0.053,  Time: 0:11:35
Epoch id: 5, Training steps: 200,  Train Loss: 0.031,  Train Acc:  0.00%,  Train Avg Loss: 0.036,  Time: 0:11:49
Epoch id: 5, Training steps: 300,  Train Loss: 0.013,  Train Acc:  0.00%,  Train Avg Loss: 0.034,  Time: 0:12:03
Epoch id: 5, Training steps: 400,  Train Loss: 0.019,  Train Acc:  0.00%,  Train Avg Loss: 0.034,  Time: 0:12:17
Epoch id: 5, Training steps: 500,  Train Loss: 0.032,  Train Acc:  0.00%,  Train Avg Loss: 0.034,  Time: 0:12:31
Epoch id: 5, Training steps: 600,  Train Loss:  0.04,  Train Acc:  0.00%,  Train Avg Loss: 0.034,  Time: 0:12:45
Epoch id: 5, Training steps: 700,  Train Loss: 0.015,  Train Acc:  0.00%,  Train Avg Loss: 0.034,  Time: 0:12:59
Epoch id: 5, Training steps: 800,  Train Loss: 0.036,  Train Acc: 12.50%,  Train Avg Loss: 0.032,  Time: 0:13:13
Epoch id: 5, Training steps: 900,  Train Loss: 0.031,  Train Acc: 12.50%,  Train Avg Loss: 0.031,  Time: 0:13:27
Epoch id: 5, Training steps: 1000,  Train Loss:  0.03,  Train Acc:  0.00%,  Train Avg Loss: 0.032,  Time: 0:13:41
Epoch id: 5, Training steps: 1100,  Train Loss: 0.031,  Train Acc: 12.50%,  Train Avg Loss: 0.031,  Time: 0:13:55
Start evaluation on dev dataset.
Acc. (Correct/Total):  0.62% micro-Prec: 0.0595 micro-Recall:0.0327 micro-F1: 0.0416 dev loss: 0.036421
Start evaluation on test dataset.
Acc. (Correct/Total):  0.58% micro-Prec: 0.0825 micro-Recall:0.0439 micro-F1: 0.0567 dev loss: 0.034098
Epoch id: 6, Training steps: 100,  Train Loss: 0.019,  Train Acc: 12.50%,  Train Avg Loss: 0.038,  Time: 0:14:37
Epoch id: 6, Training steps: 200,  Train Loss: 0.032,  Train Acc: 12.50%,  Train Avg Loss: 0.026,  Time: 0:14:51
Epoch id: 6, Training steps: 300,  Train Loss: 0.031,  Train Acc: 12.50%,  Train Avg Loss: 0.027,  Time: 0:15:05
Epoch id: 6, Training steps: 400,  Train Loss:  0.05,  Train Acc: 12.50%,  Train Avg Loss: 0.027,  Time: 0:15:19
Epoch id: 6, Training steps: 500,  Train Loss: 0.016,  Train Acc: 25.00%,  Train Avg Loss: 0.026,  Time: 0:15:32
Epoch id: 6, Training steps: 600,  Train Loss: 0.048,  Train Acc: 12.50%,  Train Avg Loss: 0.025,  Time: 0:15:46
Epoch id: 6, Training steps: 700,  Train Loss: 0.025,  Train Acc: 12.50%,  Train Avg Loss: 0.024,  Time: 0:16:00
Epoch id: 6, Training steps: 800,  Train Loss: 0.037,  Train Acc:  0.00%,  Train Avg Loss: 0.024,  Time: 0:16:14
Epoch id: 6, Training steps: 900,  Train Loss: 0.029,  Train Acc: 12.50%,  Train Avg Loss: 0.024,  Time: 0:16:28
Epoch id: 6, Training steps: 1000,  Train Loss: 0.018,  Train Acc: 12.50%,  Train Avg Loss: 0.023,  Time: 0:16:42
Epoch id: 6, Training steps: 1100,  Train Loss: 0.037,  Train Acc: 12.50%,  Train Avg Loss: 0.025,  Time: 0:16:56
Start evaluation on dev dataset.
Acc. (Correct/Total): 17.99% micro-Prec: 0.3229 micro-Recall:0.2526 micro-F1: 0.2756 dev loss: 0.035868
Start evaluation on test dataset.
Acc. (Correct/Total): 22.79% micro-Prec: 0.3711 micro-Recall:0.3000 micro-F1: 0.3235 dev loss: 0.032289
Epoch id: 7, Training steps: 100,  Train Loss: 0.019,  Train Acc: 25.00%,  Train Avg Loss: 0.027,  Time: 0:17:38
Epoch id: 7, Training steps: 200,  Train Loss: 0.019,  Train Acc: 37.50%,  Train Avg Loss: 0.020,  Time: 0:17:52
Epoch id: 7, Training steps: 300,  Train Loss: 0.014,  Train Acc: 50.00%,  Train Avg Loss: 0.019,  Time: 0:18:06
Epoch id: 7, Training steps: 400,  Train Loss: 0.011,  Train Acc: 50.00%,  Train Avg Loss: 0.022,  Time: 0:18:20
Epoch id: 7, Training steps: 500,  Train Loss: 0.012,  Train Acc: 50.00%,  Train Avg Loss: 0.020,  Time: 0:18:34
Epoch id: 7, Training steps: 600,  Train Loss: 0.0096,  Train Acc: 62.50%,  Train Avg Loss: 0.020,  Time: 0:18:48
Epoch id: 7, Training steps: 700,  Train Loss: 0.026,  Train Acc: 37.50%,  Train Avg Loss: 0.022,  Time: 0:19:02
Epoch id: 7, Training steps: 800,  Train Loss:  0.02,  Train Acc: 25.00%,  Train Avg Loss: 0.020,  Time: 0:19:16
Epoch id: 7, Training steps: 900,  Train Loss: 0.0094,  Train Acc: 37.50%,  Train Avg Loss: 0.018,  Time: 0:19:30
Epoch id: 7, Training steps: 1000,  Train Loss: 0.015,  Train Acc: 37.50%,  Train Avg Loss: 0.017,  Time: 0:19:44
Epoch id: 7, Training steps: 1100,  Train Loss: 0.027,  Train Acc: 25.00%,  Train Avg Loss: 0.018,  Time: 0:19:58
Start evaluation on dev dataset.
Acc. (Correct/Total): 21.59% micro-Prec: 0.3767 micro-Recall:0.2995 micro-F1: 0.3244 dev loss: 0.034116
Start evaluation on test dataset.
Acc. (Correct/Total): 22.88% micro-Prec: 0.4151 micro-Recall:0.3233 micro-F1: 0.3535 dev loss: 0.030292
Epoch id: 8, Training steps: 100,  Train Loss: 0.022,  Train Acc: 37.50%,  Train Avg Loss: 0.024,  Time: 0:20:40
Epoch id: 8, Training steps: 200,  Train Loss: 0.016,  Train Acc: 50.00%,  Train Avg Loss: 0.015,  Time: 0:20:54
Epoch id: 8, Training steps: 300,  Train Loss: 0.0095,  Train Acc: 62.50%,  Train Avg Loss: 0.016,  Time: 0:21:08
Epoch id: 8, Training steps: 400,  Train Loss: 0.019,  Train Acc: 50.00%,  Train Avg Loss: 0.016,  Time: 0:21:22
Epoch id: 8, Training steps: 500,  Train Loss:  0.01,  Train Acc: 50.00%,  Train Avg Loss: 0.016,  Time: 0:21:36
Epoch id: 8, Training steps: 600,  Train Loss: 0.019,  Train Acc: 37.50%,  Train Avg Loss: 0.016,  Time: 0:21:50
Epoch id: 8, Training steps: 700,  Train Loss: 0.016,  Train Acc: 37.50%,  Train Avg Loss: 0.015,  Time: 0:22:04
Epoch id: 8, Training steps: 800,  Train Loss:  0.01,  Train Acc: 50.00%,  Train Avg Loss: 0.015,  Time: 0:22:18
Epoch id: 8, Training steps: 900,  Train Loss: 0.0094,  Train Acc: 62.50%,  Train Avg Loss: 0.014,  Time: 0:22:32
Epoch id: 8, Training steps: 1000,  Train Loss: 0.019,  Train Acc: 37.50%,  Train Avg Loss: 0.015,  Time: 0:22:46
Epoch id: 8, Training steps: 1100,  Train Loss: 0.014,  Train Acc: 37.50%,  Train Avg Loss: 0.015,  Time: 0:23:00
Start evaluation on dev dataset.
Acc. (Correct/Total): 29.41% micro-Prec: 0.4662 micro-Recall:0.3832 micro-F1: 0.4100 dev loss: 0.033087
Start evaluation on test dataset.
Acc. (Correct/Total): 34.49% micro-Prec: 0.5123 micro-Recall:0.4299 micro-F1: 0.4571 dev loss: 0.028940
Epoch id: 9, Training steps: 100,  Train Loss: 0.018,  Train Acc: 37.50%,  Train Avg Loss: 0.018,  Time: 0:23:42
Epoch id: 9, Training steps: 200,  Train Loss: 0.016,  Train Acc: 62.50%,  Train Avg Loss: 0.012,  Time: 0:23:56
Epoch id: 9, Training steps: 300,  Train Loss: 0.0052,  Train Acc: 75.00%,  Train Avg Loss: 0.012,  Time: 0:24:10
Epoch id: 9, Training steps: 400,  Train Loss: 0.0057,  Train Acc: 75.00%,  Train Avg Loss: 0.013,  Time: 0:24:24
Epoch id: 9, Training steps: 500,  Train Loss: 0.0054,  Train Acc: 62.50%,  Train Avg Loss: 0.012,  Time: 0:24:38
Epoch id: 9, Training steps: 600,  Train Loss: 0.012,  Train Acc: 50.00%,  Train Avg Loss: 0.011,  Time: 0:24:52
Epoch id: 9, Training steps: 700,  Train Loss: 0.011,  Train Acc: 37.50%,  Train Avg Loss: 0.012,  Time: 0:25:06
Epoch id: 9, Training steps: 800,  Train Loss: 0.0064,  Train Acc: 62.50%,  Train Avg Loss: 0.012,  Time: 0:25:20
Epoch id: 9, Training steps: 900,  Train Loss: 0.0066,  Train Acc: 75.00%,  Train Avg Loss: 0.011,  Time: 0:25:34
Epoch id: 9, Training steps: 1000,  Train Loss: 0.0081,  Train Acc: 75.00%,  Train Avg Loss: 0.012,  Time: 0:25:48
Epoch id: 9, Training steps: 1100,  Train Loss: 0.0072,  Train Acc: 75.00%,  Train Avg Loss: 0.013,  Time: 0:26:02
Start evaluation on dev dataset.
Acc. (Correct/Total): 37.52% micro-Prec: 0.5571 micro-Recall:0.4730 micro-F1: 0.4999 dev loss: 0.035159
Start evaluation on test dataset.
Acc. (Correct/Total): 41.75% micro-Prec: 0.5885 micro-Recall:0.5085 micro-F1: 0.5346 dev loss: 0.030863
Epoch id: 10, Training steps: 100,  Train Loss: 0.021,  Train Acc: 50.00%,  Train Avg Loss: 0.015,  Time: 0:26:44
Epoch id: 10, Training steps: 200,  Train Loss: 0.0093,  Train Acc: 37.50%,  Train Avg Loss: 0.010,  Time: 0:26:58
Epoch id: 10, Training steps: 300,  Train Loss: 0.0087,  Train Acc: 50.00%,  Train Avg Loss: 0.010,  Time: 0:27:12
Epoch id: 10, Training steps: 400,  Train Loss: 0.0034,  Train Acc: 100.00%,  Train Avg Loss: 0.010,  Time: 0:27:26
Epoch id: 10, Training steps: 500,  Train Loss:  0.01,  Train Acc: 75.00%,  Train Avg Loss: 0.010,  Time: 0:27:40
Epoch id: 10, Training steps: 600,  Train Loss: 0.0042,  Train Acc: 75.00%,  Train Avg Loss: 0.009,  Time: 0:27:54
Epoch id: 10, Training steps: 700,  Train Loss: 0.0074,  Train Acc: 75.00%,  Train Avg Loss: 0.010,  Time: 0:28:08
Epoch id: 10, Training steps: 800,  Train Loss: 0.0069,  Train Acc: 50.00%,  Train Avg Loss: 0.010,  Time: 0:28:22
Epoch id: 10, Training steps: 900,  Train Loss: 0.0051,  Train Acc: 62.50%,  Train Avg Loss: 0.011,  Time: 0:28:36
Epoch id: 10, Training steps: 1000,  Train Loss: 0.011,  Train Acc: 50.00%,  Train Avg Loss: 0.010,  Time: 0:28:50
Epoch id: 10, Training steps: 1100,  Train Loss: 0.0072,  Train Acc: 75.00%,  Train Avg Loss: 0.010,  Time: 0:29:04
Start evaluation on dev dataset.
Acc. (Correct/Total): 37.57% micro-Prec: 0.5653 micro-Recall:0.4771 micro-F1: 0.5054 dev loss: 0.035790
Start evaluation on test dataset.
Acc. (Correct/Total): 43.64% micro-Prec: 0.6190 micro-Recall:0.5317 micro-F1: 0.5604 dev loss: 0.029636
Epoch id: 11, Training steps: 100,  Train Loss: 0.0063,  Train Acc: 62.50%,  Train Avg Loss: 0.012,  Time: 0:29:46
Epoch id: 11, Training steps: 200,  Train Loss:  0.01,  Train Acc: 50.00%,  Train Avg Loss: 0.008,  Time: 0:30:00
Epoch id: 11, Training steps: 300,  Train Loss: 0.0088,  Train Acc: 50.00%,  Train Avg Loss: 0.008,  Time: 0:30:14
Epoch id: 11, Training steps: 400,  Train Loss: 0.011,  Train Acc: 75.00%,  Train Avg Loss: 0.008,  Time: 0:30:28
Epoch id: 11, Training steps: 500,  Train Loss: 0.0082,  Train Acc: 75.00%,  Train Avg Loss: 0.008,  Time: 0:30:42
Epoch id: 11, Training steps: 600,  Train Loss: 0.018,  Train Acc: 50.00%,  Train Avg Loss: 0.009,  Time: 0:30:56
Epoch id: 11, Training steps: 700,  Train Loss: 0.0096,  Train Acc: 62.50%,  Train Avg Loss: 0.008,  Time: 0:31:10
Epoch id: 11, Training steps: 800,  Train Loss: 0.0033,  Train Acc: 50.00%,  Train Avg Loss: 0.008,  Time: 0:31:23
Epoch id: 11, Training steps: 900,  Train Loss: 0.0086,  Train Acc: 75.00%,  Train Avg Loss: 0.008,  Time: 0:31:37
Epoch id: 11, Training steps: 1000,  Train Loss: 0.0069,  Train Acc: 37.50%,  Train Avg Loss: 0.008,  Time: 0:31:51
Epoch id: 11, Training steps: 1100,  Train Loss: 0.0058,  Train Acc: 75.00%,  Train Avg Loss: 0.008,  Time: 0:32:05
Start evaluation on dev dataset.
Acc. (Correct/Total): 41.46% micro-Prec: 0.6166 micro-Recall:0.5254 micro-F1: 0.5542 dev loss: 0.034089
Start evaluation on test dataset.
Acc. (Correct/Total): 46.93% micro-Prec: 0.6623 micro-Recall:0.5719 micro-F1: 0.6014 dev loss: 0.029323
Epoch id: 12, Training steps: 100,  Train Loss: 0.0053,  Train Acc: 75.00%,  Train Avg Loss: 0.009,  Time: 0:32:48
Epoch id: 12, Training steps: 200,  Train Loss: 0.012,  Train Acc: 62.50%,  Train Avg Loss: 0.008,  Time: 0:33:02
Epoch id: 12, Training steps: 300,  Train Loss: 0.0038,  Train Acc: 87.50%,  Train Avg Loss: 0.006,  Time: 0:33:16
Epoch id: 12, Training steps: 400,  Train Loss: 0.0035,  Train Acc: 75.00%,  Train Avg Loss: 0.007,  Time: 0:33:29
Epoch id: 12, Training steps: 500,  Train Loss: 0.015,  Train Acc: 62.50%,  Train Avg Loss: 0.007,  Time: 0:33:43
Epoch id: 12, Training steps: 600,  Train Loss: 0.022,  Train Acc: 50.00%,  Train Avg Loss: 0.007,  Time: 0:33:57
Epoch id: 12, Training steps: 700,  Train Loss: 0.0023,  Train Acc: 87.50%,  Train Avg Loss: 0.007,  Time: 0:34:11
Epoch id: 12, Training steps: 800,  Train Loss: 0.0071,  Train Acc: 62.50%,  Train Avg Loss: 0.006,  Time: 0:34:25
Epoch id: 12, Training steps: 900,  Train Loss: 0.0049,  Train Acc: 75.00%,  Train Avg Loss: 0.007,  Time: 0:34:39
Epoch id: 12, Training steps: 1000,  Train Loss: 0.004,  Train Acc: 62.50%,  Train Avg Loss: 0.007,  Time: 0:34:53
Epoch id: 12, Training steps: 1100,  Train Loss: 0.0018,  Train Acc: 75.00%,  Train Avg Loss: 0.007,  Time: 0:35:07
Start evaluation on dev dataset.
Acc. (Correct/Total): 42.27% micro-Prec: 0.6281 micro-Recall:0.5344 micro-F1: 0.5643 dev loss: 0.035298
Start evaluation on test dataset.
Acc. (Correct/Total): 48.19% micro-Prec: 0.6647 micro-Recall:0.5773 micro-F1: 0.6061 dev loss: 0.030323
Epoch id: 13, Training steps: 100,  Train Loss: 0.0036,  Train Acc: 75.00%,  Train Avg Loss: 0.008,  Time: 0:35:50
Epoch id: 13, Training steps: 200,  Train Loss: 0.0064,  Train Acc: 50.00%,  Train Avg Loss: 0.005,  Time: 0:36:04
Epoch id: 13, Training steps: 300,  Train Loss: 0.0033,  Train Acc: 87.50%,  Train Avg Loss: 0.005,  Time: 0:36:18
Epoch id: 13, Training steps: 400,  Train Loss: 0.015,  Train Acc: 62.50%,  Train Avg Loss: 0.006,  Time: 0:36:32
Epoch id: 13, Training steps: 500,  Train Loss: 0.0025,  Train Acc: 75.00%,  Train Avg Loss: 0.005,  Time: 0:36:46
Epoch id: 13, Training steps: 600,  Train Loss: 0.006,  Train Acc: 50.00%,  Train Avg Loss: 0.006,  Time: 0:37:00
Epoch id: 13, Training steps: 700,  Train Loss: 0.0096,  Train Acc: 50.00%,  Train Avg Loss: 0.006,  Time: 0:37:14
Epoch id: 13, Training steps: 800,  Train Loss: 0.0055,  Train Acc: 62.50%,  Train Avg Loss: 0.006,  Time: 0:37:28
Epoch id: 13, Training steps: 900,  Train Loss: 0.0038,  Train Acc: 75.00%,  Train Avg Loss: 0.006,  Time: 0:37:42
Epoch id: 13, Training steps: 1000,  Train Loss: 0.0016,  Train Acc: 100.00%,  Train Avg Loss: 0.005,  Time: 0:37:56
Epoch id: 13, Training steps: 1100,  Train Loss: 0.0079,  Train Acc: 75.00%,  Train Avg Loss: 0.005,  Time: 0:38:10
Start evaluation on dev dataset.
Acc. (Correct/Total): 43.47% micro-Prec: 0.6401 micro-Recall:0.5468 micro-F1: 0.5763 dev loss: 0.035773
Start evaluation on test dataset.
Acc. (Correct/Total): 48.86% micro-Prec: 0.6826 micro-Recall:0.5893 micro-F1: 0.6198 dev loss: 0.030453
Epoch id: 14, Training steps: 100,  Train Loss: 0.0061,  Train Acc: 75.00%,  Train Avg Loss: 0.006,  Time: 0:38:52
Epoch id: 14, Training steps: 200,  Train Loss: 0.00097,  Train Acc: 100.00%,  Train Avg Loss: 0.005,  Time: 0:39:06
Epoch id: 14, Training steps: 300,  Train Loss: 0.0039,  Train Acc: 75.00%,  Train Avg Loss: 0.004,  Time: 0:39:20
Epoch id: 14, Training steps: 400,  Train Loss: 0.0021,  Train Acc: 87.50%,  Train Avg Loss: 0.004,  Time: 0:39:34
Epoch id: 14, Training steps: 500,  Train Loss: 0.0018,  Train Acc: 100.00%,  Train Avg Loss: 0.004,  Time: 0:39:48
Epoch id: 14, Training steps: 600,  Train Loss: 0.0071,  Train Acc: 62.50%,  Train Avg Loss: 0.005,  Time: 0:40:02
Epoch id: 14, Training steps: 700,  Train Loss: 0.0039,  Train Acc: 75.00%,  Train Avg Loss: 0.005,  Time: 0:40:16
Epoch id: 14, Training steps: 800,  Train Loss: 0.0031,  Train Acc: 87.50%,  Train Avg Loss: 0.004,  Time: 0:40:30
Epoch id: 14, Training steps: 900,  Train Loss: 0.005,  Train Acc: 87.50%,  Train Avg Loss: 0.005,  Time: 0:40:44
Epoch id: 14, Training steps: 1000,  Train Loss: 0.0036,  Train Acc: 50.00%,  Train Avg Loss: 0.005,  Time: 0:40:58
Epoch id: 14, Training steps: 1100,  Train Loss: 0.0066,  Train Acc: 50.00%,  Train Avg Loss: 0.005,  Time: 0:41:12
Start evaluation on dev dataset.
Acc. (Correct/Total): 47.74% micro-Prec: 0.6715 micro-Recall:0.5872 micro-F1: 0.6137 dev loss: 0.036993
Start evaluation on test dataset.
Acc. (Correct/Total): 51.43% micro-Prec: 0.7107 micro-Recall:0.6198 micro-F1: 0.6495 dev loss: 0.031973
Epoch id: 15, Training steps: 100,  Train Loss: 0.0022,  Train Acc: 87.50%,  Train Avg Loss: 0.006,  Time: 0:41:54
Epoch id: 15, Training steps: 200,  Train Loss: 0.0015,  Train Acc: 87.50%,  Train Avg Loss: 0.005,  Time: 0:42:08
Epoch id: 15, Training steps: 300,  Train Loss: 0.0024,  Train Acc: 87.50%,  Train Avg Loss: 0.004,  Time: 0:42:22
Epoch id: 15, Training steps: 400,  Train Loss: 0.0058,  Train Acc: 50.00%,  Train Avg Loss: 0.003,  Time: 0:42:36
Epoch id: 15, Training steps: 500,  Train Loss: 0.0052,  Train Acc: 87.50%,  Train Avg Loss: 0.004,  Time: 0:42:50
Epoch id: 15, Training steps: 600,  Train Loss: 0.011,  Train Acc: 25.00%,  Train Avg Loss: 0.004,  Time: 0:43:04
Epoch id: 15, Training steps: 700,  Train Loss: 0.0025,  Train Acc: 87.50%,  Train Avg Loss: 0.004,  Time: 0:43:18
Epoch id: 15, Training steps: 800,  Train Loss: 0.0027,  Train Acc: 75.00%,  Train Avg Loss: 0.004,  Time: 0:43:32
Epoch id: 15, Training steps: 900,  Train Loss: 0.0029,  Train Acc: 75.00%,  Train Avg Loss: 0.005,  Time: 0:43:46
Epoch id: 15, Training steps: 1000,  Train Loss: 0.0052,  Train Acc: 75.00%,  Train Avg Loss: 0.005,  Time: 0:44:00
Epoch id: 15, Training steps: 1100,  Train Loss: 0.0019,  Train Acc: 87.50%,  Train Avg Loss: 0.004,  Time: 0:44:14
Start evaluation on dev dataset.
Acc. (Correct/Total): 46.35% micro-Prec: 0.6707 micro-Recall:0.5836 micro-F1: 0.6104 dev loss: 0.037454
Epoch id: 16, Training steps: 100,  Train Loss: 0.0021,  Train Acc: 75.00%,  Train Avg Loss: 0.004,  Time: 0:44:44
Epoch id: 16, Training steps: 200,  Train Loss: 0.0016,  Train Acc: 87.50%,  Train Avg Loss: 0.003,  Time: 0:44:59
Epoch id: 16, Training steps: 300,  Train Loss: 0.00097,  Train Acc: 100.00%,  Train Avg Loss: 0.003,  Time: 0:45:13
Epoch id: 16, Training steps: 400,  Train Loss: 0.0017,  Train Acc: 87.50%,  Train Avg Loss: 0.004,  Time: 0:45:27
Epoch id: 16, Training steps: 500,  Train Loss: 0.002,  Train Acc: 75.00%,  Train Avg Loss: 0.003,  Time: 0:45:41
Epoch id: 16, Training steps: 600,  Train Loss: 0.0025,  Train Acc: 75.00%,  Train Avg Loss: 0.003,  Time: 0:45:55
Epoch id: 16, Training steps: 700,  Train Loss: 0.0012,  Train Acc: 100.00%,  Train Avg Loss: 0.003,  Time: 0:46:09
Epoch id: 16, Training steps: 800,  Train Loss: 0.006,  Train Acc: 75.00%,  Train Avg Loss: 0.004,  Time: 0:46:23
Epoch id: 16, Training steps: 900,  Train Loss: 0.0016,  Train Acc: 87.50%,  Train Avg Loss: 0.003,  Time: 0:46:37
Epoch id: 16, Training steps: 1000,  Train Loss: 0.0056,  Train Acc: 87.50%,  Train Avg Loss: 0.003,  Time: 0:46:51
Epoch id: 16, Training steps: 1100,  Train Loss: 0.0022,  Train Acc: 87.50%,  Train Avg Loss: 0.004,  Time: 0:47:05
Start evaluation on dev dataset.
Acc. (Correct/Total): 47.74% micro-Prec: 0.6773 micro-Recall:0.5917 micro-F1: 0.6182 dev loss: 0.038349
Epoch id: 17, Training steps: 100,  Train Loss: 0.0028,  Train Acc: 75.00%,  Train Avg Loss: 0.004,  Time: 0:47:35
Epoch id: 17, Training steps: 200,  Train Loss: 0.012,  Train Acc: 12.50%,  Train Avg Loss: 0.003,  Time: 0:47:49
Epoch id: 17, Training steps: 300,  Train Loss: 0.0024,  Train Acc: 87.50%,  Train Avg Loss: 0.003,  Time: 0:48:03
Epoch id: 17, Training steps: 400,  Train Loss: 0.0018,  Train Acc: 100.00%,  Train Avg Loss: 0.003,  Time: 0:48:17
Epoch id: 17, Training steps: 500,  Train Loss: 0.0013,  Train Acc: 87.50%,  Train Avg Loss: 0.003,  Time: 0:48:31
Epoch id: 17, Training steps: 600,  Train Loss: 0.0011,  Train Acc: 100.00%,  Train Avg Loss: 0.002,  Time: 0:48:45
Epoch id: 17, Training steps: 700,  Train Loss: 0.0016,  Train Acc: 87.50%,  Train Avg Loss: 0.003,  Time: 0:48:59
Epoch id: 17, Training steps: 800,  Train Loss: 0.00091,  Train Acc: 100.00%,  Train Avg Loss: 0.002,  Time: 0:49:13
Epoch id: 17, Training steps: 900,  Train Loss: 0.0059,  Train Acc: 75.00%,  Train Avg Loss: 0.002,  Time: 0:49:27
Epoch id: 17, Training steps: 1000,  Train Loss: 0.001,  Train Acc: 100.00%,  Train Avg Loss: 0.003,  Time: 0:49:41
Epoch id: 17, Training steps: 1100,  Train Loss: 0.0018,  Train Acc: 100.00%,  Train Avg Loss: 0.003,  Time: 0:49:55
Start evaluation on dev dataset.
Acc. (Correct/Total): 50.10% micro-Prec: 0.6937 micro-Recall:0.6134 micro-F1: 0.6376 dev loss: 0.039370
Start evaluation on test dataset.
Acc. (Correct/Total): 54.04% micro-Prec: 0.7340 micro-Recall:0.6481 micro-F1: 0.6757 dev loss: 0.035060
Epoch id: 18, Training steps: 100,  Train Loss: 0.00057,  Train Acc: 100.00%,  Train Avg Loss: 0.004,  Time: 0:50:37
Epoch id: 18, Training steps: 200,  Train Loss: 0.0058,  Train Acc: 87.50%,  Train Avg Loss: 0.002,  Time: 0:50:51
Epoch id: 18, Training steps: 300,  Train Loss: 0.0017,  Train Acc: 75.00%,  Train Avg Loss: 0.002,  Time: 0:51:05
Epoch id: 18, Training steps: 400,  Train Loss: 0.00051,  Train Acc: 100.00%,  Train Avg Loss: 0.002,  Time: 0:51:19
Epoch id: 18, Training steps: 500,  Train Loss: 0.0018,  Train Acc: 87.50%,  Train Avg Loss: 0.002,  Time: 0:51:33
Epoch id: 18, Training steps: 600,  Train Loss: 0.0012,  Train Acc: 100.00%,  Train Avg Loss: 0.002,  Time: 0:51:47
Epoch id: 18, Training steps: 700,  Train Loss: 0.002,  Train Acc: 87.50%,  Train Avg Loss: 0.002,  Time: 0:52:01
Epoch id: 18, Training steps: 800,  Train Loss: 0.00077,  Train Acc: 100.00%,  Train Avg Loss: 0.002,  Time: 0:52:15
Epoch id: 18, Training steps: 900,  Train Loss: 0.0073,  Train Acc: 75.00%,  Train Avg Loss: 0.002,  Time: 0:52:29
Epoch id: 18, Training steps: 1000,  Train Loss: 0.0012,  Train Acc: 100.00%,  Train Avg Loss: 0.002,  Time: 0:52:43
Epoch id: 18, Training steps: 1100,  Train Loss: 0.0018,  Train Acc: 87.50%,  Train Avg Loss: 0.002,  Time: 0:52:57
Start evaluation on dev dataset.
Acc. (Correct/Total): 50.05% micro-Prec: 0.6955 micro-Recall:0.6187 micro-F1: 0.6415 dev loss: 0.039461
Epoch id: 19, Training steps: 100,  Train Loss: 0.0011,  Train Acc: 100.00%,  Train Avg Loss: 0.003,  Time: 0:53:28
Epoch id: 19, Training steps: 200,  Train Loss: 0.0019,  Train Acc: 87.50%,  Train Avg Loss: 0.002,  Time: 0:53:42
Epoch id: 19, Training steps: 300,  Train Loss: 0.0022,  Train Acc: 87.50%,  Train Avg Loss: 0.002,  Time: 0:53:56
Epoch id: 19, Training steps: 400,  Train Loss: 0.00095,  Train Acc: 100.00%,  Train Avg Loss: 0.002,  Time: 0:54:10
Epoch id: 19, Training steps: 500,  Train Loss: 0.0012,  Train Acc: 87.50%,  Train Avg Loss: 0.002,  Time: 0:54:24
Epoch id: 19, Training steps: 600,  Train Loss: 0.0013,  Train Acc: 75.00%,  Train Avg Loss: 0.002,  Time: 0:54:38
Epoch id: 19, Training steps: 700,  Train Loss: 0.0014,  Train Acc: 87.50%,  Train Avg Loss: 0.002,  Time: 0:54:52
Epoch id: 19, Training steps: 800,  Train Loss: 0.0011,  Train Acc: 100.00%,  Train Avg Loss: 0.002,  Time: 0:55:06
Epoch id: 19, Training steps: 900,  Train Loss: 0.0069,  Train Acc: 87.50%,  Train Avg Loss: 0.002,  Time: 0:55:20
Epoch id: 19, Training steps: 1000,  Train Loss: 0.0043,  Train Acc: 50.00%,  Train Avg Loss: 0.002,  Time: 0:55:34
Epoch id: 19, Training steps: 1100,  Train Loss: 0.0025,  Train Acc: 87.50%,  Train Avg Loss: 0.002,  Time: 0:55:48
Start evaluation on dev dataset.
Acc. (Correct/Total): 52.40% micro-Prec: 0.7203 micro-Recall:0.6469 micro-F1: 0.6676 dev loss: 0.039943
Start evaluation on test dataset.
Acc. (Correct/Total): 57.86% micro-Prec: 0.7663 micro-Recall:0.6841 micro-F1: 0.7105 dev loss: 0.034087
Epoch id: 20, Training steps: 100,  Train Loss: 0.00076,  Train Acc: 100.00%,  Train Avg Loss: 0.003,  Time: 0:56:30
Epoch id: 20, Training steps: 200,  Train Loss: 0.00074,  Train Acc: 87.50%,  Train Avg Loss: 0.002,  Time: 0:56:44
Epoch id: 20, Training steps: 300,  Train Loss: 0.0015,  Train Acc: 87.50%,  Train Avg Loss: 0.002,  Time: 0:56:58
Epoch id: 20, Training steps: 400,  Train Loss: 0.00041,  Train Acc: 100.00%,  Train Avg Loss: 0.002,  Time: 0:57:12
Epoch id: 20, Training steps: 500,  Train Loss: 0.0003,  Train Acc: 100.00%,  Train Avg Loss: 0.002,  Time: 0:57:26
Epoch id: 20, Training steps: 600,  Train Loss: 0.0029,  Train Acc: 62.50%,  Train Avg Loss: 0.002,  Time: 0:57:40
Epoch id: 20, Training steps: 700,  Train Loss: 0.00076,  Train Acc: 100.00%,  Train Avg Loss: 0.002,  Time: 0:57:54
Epoch id: 20, Training steps: 800,  Train Loss: 0.0007,  Train Acc: 100.00%,  Train Avg Loss: 0.002,  Time: 0:58:08
Epoch id: 20, Training steps: 900,  Train Loss: 0.0019,  Train Acc: 87.50%,  Train Avg Loss: 0.002,  Time: 0:58:22
Epoch id: 20, Training steps: 1000,  Train Loss: 0.0019,  Train Acc: 87.50%,  Train Avg Loss: 0.002,  Time: 0:58:36
Epoch id: 20, Training steps: 1100,  Train Loss: 0.0012,  Train Acc: 87.50%,  Train Avg Loss: 0.002,  Time: 0:58:50
Start evaluation on dev dataset.
Acc. (Correct/Total): 52.78% micro-Prec: 0.7246 micro-Recall:0.6512 micro-F1: 0.6717 dev loss: 0.041331
Start evaluation on test dataset.
Acc. (Correct/Total): 57.76% micro-Prec: 0.7598 micro-Recall:0.6901 micro-F1: 0.7104 dev loss: 0.034988
Epoch id: 21, Training steps: 100,  Train Loss: 0.00036,  Train Acc: 100.00%,  Train Avg Loss: 0.002,  Time: 0:59:31
Epoch id: 21, Training steps: 200,  Train Loss: 0.0011,  Train Acc: 100.00%,  Train Avg Loss: 0.002,  Time: 0:59:45
Epoch id: 21, Training steps: 300,  Train Loss: 0.0016,  Train Acc: 87.50%,  Train Avg Loss: 0.001,  Time: 0:59:59
Epoch id: 21, Training steps: 400,  Train Loss: 0.0019,  Train Acc: 87.50%,  Train Avg Loss: 0.002,  Time: 1:00:13
Epoch id: 21, Training steps: 500,  Train Loss: 0.00053,  Train Acc: 100.00%,  Train Avg Loss: 0.002,  Time: 1:00:27
Epoch id: 21, Training steps: 600,  Train Loss: 0.00083,  Train Acc: 87.50%,  Train Avg Loss: 0.002,  Time: 1:00:41
Epoch id: 21, Training steps: 700,  Train Loss: 0.0052,  Train Acc: 62.50%,  Train Avg Loss: 0.002,  Time: 1:00:55
Epoch id: 21, Training steps: 800,  Train Loss: 0.00088,  Train Acc: 87.50%,  Train Avg Loss: 0.001,  Time: 1:01:09
Epoch id: 21, Training steps: 900,  Train Loss: 0.00034,  Train Acc: 100.00%,  Train Avg Loss: 0.001,  Time: 1:01:23
Epoch id: 21, Training steps: 1000,  Train Loss: 0.0016,  Train Acc: 75.00%,  Train Avg Loss: 0.001,  Time: 1:01:37
Epoch id: 21, Training steps: 1100,  Train Loss: 0.0012,  Train Acc: 75.00%,  Train Avg Loss: 0.001,  Time: 1:01:51
Start evaluation on dev dataset.
Acc. (Correct/Total): 51.54% micro-Prec: 0.7116 micro-Recall:0.6392 micro-F1: 0.6592 dev loss: 0.041366
Epoch id: 22, Training steps: 100,  Train Loss: 0.003,  Train Acc: 87.50%,  Train Avg Loss: 0.002,  Time: 1:02:22
Epoch id: 22, Training steps: 200,  Train Loss: 0.0011,  Train Acc: 100.00%,  Train Avg Loss: 0.001,  Time: 1:02:36
Epoch id: 22, Training steps: 300,  Train Loss: 0.00047,  Train Acc: 100.00%,  Train Avg Loss: 0.001,  Time: 1:02:50
Epoch id: 22, Training steps: 400,  Train Loss: 0.00077,  Train Acc: 100.00%,  Train Avg Loss: 0.001,  Time: 1:03:04
Epoch id: 22, Training steps: 500,  Train Loss: 0.0013,  Train Acc: 87.50%,  Train Avg Loss: 0.001,  Time: 1:03:18
Epoch id: 22, Training steps: 600,  Train Loss: 0.00044,  Train Acc: 100.00%,  Train Avg Loss: 0.001,  Time: 1:03:32
Epoch id: 22, Training steps: 700,  Train Loss: 0.00069,  Train Acc: 100.00%,  Train Avg Loss: 0.001,  Time: 1:03:46
Epoch id: 22, Training steps: 800,  Train Loss: 0.00056,  Train Acc: 100.00%,  Train Avg Loss: 0.002,  Time: 1:04:00
Epoch id: 22, Training steps: 900,  Train Loss: 0.00037,  Train Acc: 100.00%,  Train Avg Loss: 0.001,  Time: 1:04:14
Epoch id: 22, Training steps: 1000,  Train Loss: 0.0026,  Train Acc: 87.50%,  Train Avg Loss: 0.001,  Time: 1:04:28
Epoch id: 22, Training steps: 1100,  Train Loss: 0.0042,  Train Acc: 75.00%,  Train Avg Loss: 0.001,  Time: 1:04:42
Start evaluation on dev dataset.
Acc. (Correct/Total): 53.21% micro-Prec: 0.7183 micro-Recall:0.6473 micro-F1: 0.6678 dev loss: 0.041947
Start evaluation on test dataset.
Acc. (Correct/Total): 57.76% micro-Prec: 0.7620 micro-Recall:0.6841 micro-F1: 0.7086 dev loss: 0.035500
Epoch id: 23, Training steps: 100,  Train Loss: 0.0012,  Train Acc: 87.50%,  Train Avg Loss: 0.002,  Time: 1:05:23
Epoch id: 23, Training steps: 200,  Train Loss: 0.0021,  Train Acc: 75.00%,  Train Avg Loss: 0.001,  Time: 1:05:37
Epoch id: 23, Training steps: 300,  Train Loss: 0.00097,  Train Acc: 100.00%,  Train Avg Loss: 0.001,  Time: 1:05:51
Epoch id: 23, Training steps: 400,  Train Loss: 0.00069,  Train Acc: 100.00%,  Train Avg Loss: 0.001,  Time: 1:06:05
Epoch id: 23, Training steps: 500,  Train Loss: 0.0023,  Train Acc: 87.50%,  Train Avg Loss: 0.001,  Time: 1:06:19
Epoch id: 23, Training steps: 600,  Train Loss: 0.00096,  Train Acc: 87.50%,  Train Avg Loss: 0.001,  Time: 1:06:33
Epoch id: 23, Training steps: 700,  Train Loss: 0.00026,  Train Acc: 100.00%,  Train Avg Loss: 0.001,  Time: 1:06:47
Epoch id: 23, Training steps: 800,  Train Loss: 0.0026,  Train Acc: 75.00%,  Train Avg Loss: 0.001,  Time: 1:07:01
Epoch id: 23, Training steps: 900,  Train Loss: 0.00088,  Train Acc: 100.00%,  Train Avg Loss: 0.001,  Time: 1:07:15
Epoch id: 23, Training steps: 1000,  Train Loss: 0.0014,  Train Acc: 87.50%,  Train Avg Loss: 0.001,  Time: 1:07:29
Epoch id: 23, Training steps: 1100,  Train Loss: 0.00063,  Train Acc: 100.00%,  Train Avg Loss: 0.001,  Time: 1:07:43
Start evaluation on dev dataset.
Acc. (Correct/Total): 53.31% micro-Prec: 0.7209 micro-Recall:0.6508 micro-F1: 0.6703 dev loss: 0.042847
Start evaluation on test dataset.
Acc. (Correct/Total): 58.64% micro-Prec: 0.7653 micro-Recall:0.6886 micro-F1: 0.7130 dev loss: 0.036465
Epoch id: 24, Training steps: 100,  Train Loss: 0.00081,  Train Acc: 87.50%,  Train Avg Loss: 0.001,  Time: 1:08:26
Epoch id: 24, Training steps: 200,  Train Loss: 0.0016,  Train Acc: 87.50%,  Train Avg Loss: 0.001,  Time: 1:08:40
Epoch id: 24, Training steps: 300,  Train Loss: 0.00083,  Train Acc: 87.50%,  Train Avg Loss: 0.001,  Time: 1:08:54
Epoch id: 24, Training steps: 400,  Train Loss: 0.00033,  Train Acc: 100.00%,  Train Avg Loss: 0.001,  Time: 1:09:07
Epoch id: 24, Training steps: 500,  Train Loss: 0.0033,  Train Acc: 87.50%,  Train Avg Loss: 0.001,  Time: 1:09:21
Epoch id: 24, Training steps: 600,  Train Loss: 0.00046,  Train Acc: 100.00%,  Train Avg Loss: 0.001,  Time: 1:09:35
Epoch id: 24, Training steps: 700,  Train Loss: 0.00049,  Train Acc: 100.00%,  Train Avg Loss: 0.001,  Time: 1:09:49
Epoch id: 24, Training steps: 800,  Train Loss: 0.0012,  Train Acc: 75.00%,  Train Avg Loss: 0.001,  Time: 1:10:03
Epoch id: 24, Training steps: 900,  Train Loss: 0.00065,  Train Acc: 100.00%,  Train Avg Loss: 0.001,  Time: 1:10:18
Epoch id: 24, Training steps: 1000,  Train Loss: 0.00072,  Train Acc: 100.00%,  Train Avg Loss: 0.001,  Time: 1:10:31
Epoch id: 24, Training steps: 1100,  Train Loss: 0.0012,  Train Acc: 100.00%,  Train Avg Loss: 0.001,  Time: 1:10:45
Start evaluation on dev dataset.
Acc. (Correct/Total): 53.45% micro-Prec: 0.7230 micro-Recall:0.6572 micro-F1: 0.6749 dev loss: 0.043956
Start evaluation on test dataset.
Acc. (Correct/Total): 59.51% micro-Prec: 0.7692 micro-Recall:0.6982 micro-F1: 0.7201 dev loss: 0.037016
Epoch id: 25, Training steps: 100,  Train Loss: 0.0005,  Train Acc: 100.00%,  Train Avg Loss: 0.001,  Time: 1:11:28
Epoch id: 25, Training steps: 200,  Train Loss: 0.0008,  Train Acc: 87.50%,  Train Avg Loss: 0.001,  Time: 1:11:42
Epoch id: 25, Training steps: 300,  Train Loss: 0.00033,  Train Acc: 100.00%,  Train Avg Loss: 0.001,  Time: 1:11:56
Epoch id: 25, Training steps: 400,  Train Loss: 0.00057,  Train Acc: 87.50%,  Train Avg Loss: 0.001,  Time: 1:12:10
Epoch id: 25, Training steps: 500,  Train Loss: 0.0008,  Train Acc: 100.00%,  Train Avg Loss: 0.001,  Time: 1:12:24
Epoch id: 25, Training steps: 600,  Train Loss: 0.00035,  Train Acc: 100.00%,  Train Avg Loss: 0.001,  Time: 1:12:38
Epoch id: 25, Training steps: 700,  Train Loss: 0.0003,  Train Acc: 100.00%,  Train Avg Loss: 0.001,  Time: 1:12:52
Epoch id: 25, Training steps: 800,  Train Loss: 0.00036,  Train Acc: 100.00%,  Train Avg Loss: 0.001,  Time: 1:13:06
Epoch id: 25, Training steps: 900,  Train Loss: 0.00043,  Train Acc: 100.00%,  Train Avg Loss: 0.001,  Time: 1:13:20
Epoch id: 25, Training steps: 1000,  Train Loss: 0.0012,  Train Acc: 87.50%,  Train Avg Loss: 0.001,  Time: 1:13:34
Epoch id: 25, Training steps: 1100,  Train Loss: 0.00043,  Train Acc: 100.00%,  Train Avg Loss: 0.001,  Time: 1:13:48
Start evaluation on dev dataset.
Acc. (Correct/Total): 53.65% micro-Prec: 0.7246 micro-Recall:0.6563 micro-F1: 0.6752 dev loss: 0.043592
Start evaluation on test dataset.
Acc. (Correct/Total): 59.17% micro-Prec: 0.7675 micro-Recall:0.6959 micro-F1: 0.7179 dev loss: 0.036890
Epoch id: 26, Training steps: 100,  Train Loss: 0.00074,  Train Acc: 87.50%,  Train Avg Loss: 0.001,  Time: 1:14:29
Epoch id: 26, Training steps: 200,  Train Loss: 0.00014,  Train Acc: 100.00%,  Train Avg Loss: 0.001,  Time: 1:14:43
Epoch id: 26, Training steps: 300,  Train Loss: 0.00028,  Train Acc: 100.00%,  Train Avg Loss: 0.001,  Time: 1:14:57
Epoch id: 26, Training steps: 400,  Train Loss: 0.00038,  Train Acc: 100.00%,  Train Avg Loss: 0.001,  Time: 1:15:11
Epoch id: 26, Training steps: 500,  Train Loss: 0.0037,  Train Acc: 87.50%,  Train Avg Loss: 0.001,  Time: 1:15:25
Epoch id: 26, Training steps: 600,  Train Loss: 0.00044,  Train Acc: 100.00%,  Train Avg Loss: 0.001,  Time: 1:15:39
Epoch id: 26, Training steps: 700,  Train Loss: 0.00027,  Train Acc: 100.00%,  Train Avg Loss: 0.001,  Time: 1:15:53
Epoch id: 26, Training steps: 800,  Train Loss: 0.0014,  Train Acc: 87.50%,  Train Avg Loss: 0.001,  Time: 1:16:07
Epoch id: 26, Training steps: 900,  Train Loss: 0.00038,  Train Acc: 100.00%,  Train Avg Loss: 0.001,  Time: 1:16:21
Epoch id: 26, Training steps: 1000,  Train Loss: 0.0007,  Train Acc: 100.00%,  Train Avg Loss: 0.001,  Time: 1:16:35
Epoch id: 26, Training steps: 1100,  Train Loss: 0.0008,  Train Acc: 100.00%,  Train Avg Loss: 0.001,  Time: 1:16:49
Start evaluation on dev dataset.
Acc. (Correct/Total): 54.17% micro-Prec: 0.7294 micro-Recall:0.6639 micro-F1: 0.6814 dev loss: 0.044420
Start evaluation on test dataset.
Acc. (Correct/Total): 59.31% micro-Prec: 0.7646 micro-Recall:0.6980 micro-F1: 0.7182 dev loss: 0.037854
Epoch id: 27, Training steps: 100,  Train Loss: 0.0004,  Train Acc: 100.00%,  Train Avg Loss: 0.001,  Time: 1:17:31
Epoch id: 27, Training steps: 200,  Train Loss: 0.0004,  Train Acc: 100.00%,  Train Avg Loss: 0.001,  Time: 1:17:45
Epoch id: 27, Training steps: 300,  Train Loss: 0.00052,  Train Acc: 100.00%,  Train Avg Loss: 0.001,  Time: 1:17:59
Epoch id: 27, Training steps: 400,  Train Loss: 0.00017,  Train Acc: 100.00%,  Train Avg Loss: 0.001,  Time: 1:18:13
Epoch id: 27, Training steps: 500,  Train Loss: 0.00051,  Train Acc: 100.00%,  Train Avg Loss: 0.001,  Time: 1:18:27
Epoch id: 27, Training steps: 600,  Train Loss: 0.0031,  Train Acc: 87.50%,  Train Avg Loss: 0.001,  Time: 1:18:41
Epoch id: 27, Training steps: 700,  Train Loss: 0.00061,  Train Acc: 100.00%,  Train Avg Loss: 0.001,  Time: 1:18:55
Epoch id: 27, Training steps: 800,  Train Loss: 0.0011,  Train Acc: 100.00%,  Train Avg Loss: 0.001,  Time: 1:19:09
Epoch id: 27, Training steps: 900,  Train Loss: 0.00082,  Train Acc: 100.00%,  Train Avg Loss: 0.001,  Time: 1:19:23
Epoch id: 27, Training steps: 1000,  Train Loss: 0.00055,  Train Acc: 100.00%,  Train Avg Loss: 0.001,  Time: 1:19:37
Epoch id: 27, Training steps: 1100,  Train Loss: 0.00079,  Train Acc: 100.00%,  Train Avg Loss: 0.001,  Time: 1:19:51
Start evaluation on dev dataset.
Acc. (Correct/Total): 54.13% micro-Prec: 0.7306 micro-Recall:0.6673 micro-F1: 0.6839 dev loss: 0.044608
Epoch id: 28, Training steps: 100,  Train Loss: 0.0012,  Train Acc: 87.50%,  Train Avg Loss: 0.001,  Time: 1:20:21
Epoch id: 28, Training steps: 200,  Train Loss: 0.00023,  Train Acc: 100.00%,  Train Avg Loss: 0.001,  Time: 1:20:35
Epoch id: 28, Training steps: 300,  Train Loss: 0.00016,  Train Acc: 100.00%,  Train Avg Loss: 0.001,  Time: 1:20:49
Epoch id: 28, Training steps: 400,  Train Loss: 0.00086,  Train Acc: 100.00%,  Train Avg Loss: 0.001,  Time: 1:21:03
Epoch id: 28, Training steps: 500,  Train Loss: 0.00053,  Train Acc: 100.00%,  Train Avg Loss: 0.001,  Time: 1:21:17
Epoch id: 28, Training steps: 600,  Train Loss: 0.00018,  Train Acc: 100.00%,  Train Avg Loss: 0.001,  Time: 1:21:31
Epoch id: 28, Training steps: 700,  Train Loss: 0.00043,  Train Acc: 100.00%,  Train Avg Loss: 0.001,  Time: 1:21:45
Epoch id: 28, Training steps: 800,  Train Loss: 0.0008,  Train Acc: 100.00%,  Train Avg Loss: 0.001,  Time: 1:21:59
Epoch id: 28, Training steps: 900,  Train Loss: 0.0011,  Train Acc: 100.00%,  Train Avg Loss: 0.001,  Time: 1:22:13
Epoch id: 28, Training steps: 1000,  Train Loss: 0.00089,  Train Acc: 87.50%,  Train Avg Loss: 0.001,  Time: 1:22:27
Epoch id: 28, Training steps: 1100,  Train Loss: 0.00069,  Train Acc: 100.00%,  Train Avg Loss: 0.001,  Time: 1:22:41
Start evaluation on dev dataset.
Acc. (Correct/Total): 54.08% micro-Prec: 0.7338 micro-Recall:0.6669 micro-F1: 0.6846 dev loss: 0.044892
Epoch id: 29, Training steps: 100,  Train Loss: 0.00082,  Train Acc: 100.00%,  Train Avg Loss: 0.001,  Time: 1:23:11
Epoch id: 29, Training steps: 200,  Train Loss: 0.00014,  Train Acc: 100.00%,  Train Avg Loss: 0.001,  Time: 1:23:25
Epoch id: 29, Training steps: 300,  Train Loss: 0.00053,  Train Acc: 100.00%,  Train Avg Loss: 0.001,  Time: 1:23:39
Epoch id: 29, Training steps: 400,  Train Loss: 0.00079,  Train Acc: 100.00%,  Train Avg Loss: 0.001,  Time: 1:23:53
Epoch id: 29, Training steps: 500,  Train Loss: 0.00027,  Train Acc: 100.00%,  Train Avg Loss: 0.001,  Time: 1:24:07
Epoch id: 29, Training steps: 600,  Train Loss: 0.00037,  Train Acc: 100.00%,  Train Avg Loss: 0.001,  Time: 1:24:21
Epoch id: 29, Training steps: 700,  Train Loss: 0.0003,  Train Acc: 100.00%,  Train Avg Loss: 0.001,  Time: 1:24:35
Epoch id: 29, Training steps: 800,  Train Loss: 0.0012,  Train Acc: 87.50%,  Train Avg Loss: 0.001,  Time: 1:24:49
Epoch id: 29, Training steps: 900,  Train Loss: 0.00035,  Train Acc: 100.00%,  Train Avg Loss: 0.001,  Time: 1:25:03
Epoch id: 29, Training steps: 1000,  Train Loss: 0.0004,  Train Acc: 100.00%,  Train Avg Loss: 0.001,  Time: 1:25:17
Epoch id: 29, Training steps: 1100,  Train Loss: 0.00023,  Train Acc: 100.00%,  Train Avg Loss: 0.001,  Time: 1:25:31
Start evaluation on dev dataset.
Acc. (Correct/Total): 55.23% micro-Prec: 0.7369 micro-Recall:0.6703 micro-F1: 0.6886 dev loss: 0.045242
Start evaluation on test dataset.
Acc. (Correct/Total): 59.85% micro-Prec: 0.7704 micro-Recall:0.7024 micro-F1: 0.7230 dev loss: 0.038707
Epoch id: 30, Training steps: 100,  Train Loss: 0.00034,  Train Acc: 100.00%,  Train Avg Loss: 0.001,  Time: 1:26:13
Epoch id: 30, Training steps: 200,  Train Loss: 0.00041,  Train Acc: 100.00%,  Train Avg Loss: 0.001,  Time: 1:26:27
Epoch id: 30, Training steps: 300,  Train Loss: 0.00045,  Train Acc: 100.00%,  Train Avg Loss: 0.001,  Time: 1:26:41
Epoch id: 30, Training steps: 400,  Train Loss: 0.00068,  Train Acc: 100.00%,  Train Avg Loss: 0.001,  Time: 1:26:55
Epoch id: 30, Training steps: 500,  Train Loss: 0.0003,  Train Acc: 100.00%,  Train Avg Loss: 0.001,  Time: 1:27:09
Epoch id: 30, Training steps: 600,  Train Loss: 0.00053,  Train Acc: 100.00%,  Train Avg Loss: 0.001,  Time: 1:27:23
Epoch id: 30, Training steps: 700,  Train Loss: 0.00045,  Train Acc: 100.00%,  Train Avg Loss: 0.001,  Time: 1:27:37
Epoch id: 30, Training steps: 800,  Train Loss: 0.00079,  Train Acc: 87.50%,  Train Avg Loss: 0.001,  Time: 1:27:51
Epoch id: 30, Training steps: 900,  Train Loss: 0.00038,  Train Acc: 100.00%,  Train Avg Loss: 0.001,  Time: 1:28:05
Epoch id: 30, Training steps: 1000,  Train Loss: 0.00075,  Train Acc: 100.00%,  Train Avg Loss: 0.001,  Time: 1:28:19
Epoch id: 30, Training steps: 1100,  Train Loss: 0.00067,  Train Acc: 87.50%,  Train Avg Loss: 0.001,  Time: 1:28:33
Start evaluation on dev dataset.
Acc. (Correct/Total): 54.94% micro-Prec: 0.7343 micro-Recall:0.6718 micro-F1: 0.6882 dev loss: 0.045542
Epoch id: 31, Training steps: 100,  Train Loss: 0.00038,  Train Acc: 100.00%,  Train Avg Loss: 0.001,  Time: 1:29:04
Epoch id: 31, Training steps: 200,  Train Loss: 0.00052,  Train Acc: 100.00%,  Train Avg Loss: 0.001,  Time: 1:29:18
Epoch id: 31, Training steps: 300,  Train Loss: 0.00069,  Train Acc: 100.00%,  Train Avg Loss: 0.001,  Time: 1:29:32
Epoch id: 31, Training steps: 400,  Train Loss: 0.00063,  Train Acc: 100.00%,  Train Avg Loss: 0.001,  Time: 1:29:46
Epoch id: 31, Training steps: 500,  Train Loss: 0.00094,  Train Acc: 87.50%,  Train Avg Loss: 0.000,  Time: 1:30:00
Epoch id: 31, Training steps: 600,  Train Loss: 0.00023,  Train Acc: 100.00%,  Train Avg Loss: 0.000,  Time: 1:30:14
Epoch id: 31, Training steps: 700,  Train Loss: 8.9e-05,  Train Acc: 100.00%,  Train Avg Loss: 0.001,  Time: 1:30:28
Epoch id: 31, Training steps: 800,  Train Loss: 0.00014,  Train Acc: 100.00%,  Train Avg Loss: 0.001,  Time: 1:30:42
Epoch id: 31, Training steps: 900,  Train Loss: 0.00059,  Train Acc: 100.00%,  Train Avg Loss: 0.001,  Time: 1:30:56
Epoch id: 31, Training steps: 1000,  Train Loss: 0.00037,  Train Acc: 100.00%,  Train Avg Loss: 0.000,  Time: 1:31:10
Epoch id: 31, Training steps: 1100,  Train Loss: 0.00038,  Train Acc: 100.00%,  Train Avg Loss: 0.000,  Time: 1:31:24
Start evaluation on dev dataset.
Acc. (Correct/Total): 54.85% micro-Prec: 0.7334 micro-Recall:0.6686 micro-F1: 0.6860 dev loss: 0.045908
Epoch id: 32, Training steps: 100,  Train Loss: 0.0006,  Train Acc: 100.00%,  Train Avg Loss: 0.001,  Time: 1:31:54
Epoch id: 32, Training steps: 200,  Train Loss: 0.0005,  Train Acc: 87.50%,  Train Avg Loss: 0.001,  Time: 1:32:08
Epoch id: 32, Training steps: 300,  Train Loss: 0.00051,  Train Acc: 100.00%,  Train Avg Loss: 0.001,  Time: 1:32:22
Epoch id: 32, Training steps: 400,  Train Loss: 0.00016,  Train Acc: 100.00%,  Train Avg Loss: 0.001,  Time: 1:32:36
Epoch id: 32, Training steps: 500,  Train Loss: 0.00024,  Train Acc: 100.00%,  Train Avg Loss: 0.001,  Time: 1:32:50
Epoch id: 32, Training steps: 600,  Train Loss: 0.0011,  Train Acc: 87.50%,  Train Avg Loss: 0.000,  Time: 1:33:04
Epoch id: 32, Training steps: 700,  Train Loss: 0.00056,  Train Acc: 100.00%,  Train Avg Loss: 0.000,  Time: 1:33:18
Epoch id: 32, Training steps: 800,  Train Loss: 0.00036,  Train Acc: 100.00%,  Train Avg Loss: 0.001,  Time: 1:33:32
Epoch id: 32, Training steps: 900,  Train Loss: 0.00048,  Train Acc: 100.00%,  Train Avg Loss: 0.000,  Time: 1:33:46
Epoch id: 32, Training steps: 1000,  Train Loss: 0.00037,  Train Acc: 100.00%,  Train Avg Loss: 0.001,  Time: 1:34:00
Epoch id: 32, Training steps: 1100,  Train Loss: 0.00013,  Train Acc: 100.00%,  Train Avg Loss: 0.001,  Time: 1:34:14
Start evaluation on dev dataset.
Acc. (Correct/Total): 54.75% micro-Prec: 0.7342 micro-Recall:0.6708 micro-F1: 0.6873 dev loss: 0.046002
Final evaluation on the test dataset.
Traceback (most recent call last):
  File "/home/lyq2021/experiment/K-BERT-HUGGINGFACE/run_kbert_transformers_cls.py", line 222, in <module>
    main()
  File "/home/lyq2021/experiment/K-BERT-HUGGINGFACE/run_kbert_transformers_cls.py", line 219, in main
    test(model,test_batch,base_config)
  File "/home/lyq2021/experiment/K-BERT-HUGGINGFACE/test.py", line 13, in test
    evaluate(model, test_batch, config, is_test=True)
TypeError: evaluate() missing 1 required positional argument: 'task'
