  0%|          | 0/82 [00:00<?, ?it/s]100%|██████████| 82/82 [00:00<00:00, 734899.42it/s]
Vocabulary file line 344 has bad format token
Vocabulary Size:  21128
[BertClassifier] use visible_matrix: False
Some weights of BertRCNNForMultiLabelSequenceClassification were not initialized from the model checkpoint at ./models/bert and are newly initialized: ['lstm.weight_hh_l0_reverse', 'lstm.bias_ih_l1_reverse', 'lstm.bias_hh_l1', 'lstm.weight_ih_l0', 'lstm.weight_hh_l1', 'lstm.weight_hh_l1_reverse', 'lstm.weight_ih_l1_reverse', 'lstm.weight_ih_l0_reverse', 'lstm.bias_ih_l0_reverse', 'lstm.bias_hh_l0_reverse', 'classifier.weight', 'lstm.weight_hh_l0', 'lstm.bias_ih_l0', 'lstm.bias_hh_l1_reverse', 'lstm.bias_ih_l1', 'lstm.bias_hh_l0', 'lstm.weight_ih_l1', 'classifier.bias']
You should probably TRAIN this model on a down-stream task to be able to use it for predictions and inference.
model:  bert-rcnn
pretrained:  bert
dataset:  book_multilabels_task
task:  MLC
seq_length:  256
hidden_dropout_prob:  0.1
attention_probs_dropout_prob:  0.1
dropout_rnn:  0.2
rnn_hidden:  256
epochs_num:  32
batch_size:  8
learning_rate:  2e-05
report_steps:  100
acc_percent:  0.9
kg_name:  CnDbpedia
no_kg:  True
no_vm:  True
GPU:  NVIDIA GeForce RTX 2080 Ti
1 GPUs are available. Let's use them.
device:  cuda
Start training.
Loading sentences from ./datasets/book_multilabels_task/train.tsv
There are 9097 sentence in total. We use 1 processes to inject knowledge into sentences.
Progress of process 0: 0/9097
Loading sentences from ./datasets/book_multilabels_task/dev.tsv
There are 2084 sentence in total. We use 1 processes to inject knowledge into sentences.
Progress of process 0: 0/2084
Loading sentences from ./datasets/book_multilabels_task/test.tsv
There are 2067 sentence in total. We use 1 processes to inject knowledge into sentences.
Progress of process 0: 0/2067
Epoch id: 1, Training steps: 100,  Train Loss:  0.72,  Train Acc:  0.00%,  Train Avg Loss: 0.759,  Time: 0:00:17
Epoch id: 1, Training steps: 200,  Train Loss:   0.5,  Train Acc:  0.00%,  Train Avg Loss: 0.611,  Time: 0:00:33
Epoch id: 1, Training steps: 300,  Train Loss:  0.36,  Train Acc:  0.00%,  Train Avg Loss: 0.424,  Time: 0:00:49
Epoch id: 1, Training steps: 400,  Train Loss:  0.28,  Train Acc:  0.00%,  Train Avg Loss: 0.312,  Time: 0:01:05
Epoch id: 1, Training steps: 500,  Train Loss:  0.22,  Train Acc:  0.00%,  Train Avg Loss: 0.242,  Time: 0:01:21
Epoch id: 1, Training steps: 600,  Train Loss:  0.17,  Train Acc:  0.00%,  Train Avg Loss: 0.190,  Time: 0:01:37
Epoch id: 1, Training steps: 700,  Train Loss:  0.13,  Train Acc:  0.00%,  Train Avg Loss: 0.151,  Time: 0:01:54
Epoch id: 1, Training steps: 800,  Train Loss:  0.11,  Train Acc:  0.00%,  Train Avg Loss: 0.123,  Time: 0:02:10
Epoch id: 1, Training steps: 900,  Train Loss: 0.089,  Train Acc:  0.00%,  Train Avg Loss: 0.104,  Time: 0:02:26
Epoch id: 1, Training steps: 1000,  Train Loss: 0.092,  Train Acc:  0.00%,  Train Avg Loss: 0.097,  Time: 0:02:42
Epoch id: 1, Training steps: 1100,  Train Loss: 0.083,  Train Acc:  0.00%,  Train Avg Loss: 0.090,  Time: 0:02:58
Start evaluation on dev dataset.
Acc. (Correct/Total):  0.00% micro-Prec: 0.0000 micro-Recall:0.0000 micro-F1: 0.0000 dev loss: 0.104997
Epoch id: 2, Training steps: 100,  Train Loss: 0.081,  Train Acc:  0.00%,  Train Avg Loss: 0.121,  Time: 0:03:34
Epoch id: 2, Training steps: 200,  Train Loss:  0.08,  Train Acc:  0.00%,  Train Avg Loss: 0.083,  Time: 0:03:50
Epoch id: 2, Training steps: 300,  Train Loss: 0.076,  Train Acc:  0.00%,  Train Avg Loss: 0.082,  Time: 0:04:06
Epoch id: 2, Training steps: 400,  Train Loss: 0.078,  Train Acc:  0.00%,  Train Avg Loss: 0.077,  Time: 0:04:22
Epoch id: 2, Training steps: 500,  Train Loss: 0.081,  Train Acc:  0.00%,  Train Avg Loss: 0.072,  Time: 0:04:38
Epoch id: 2, Training steps: 600,  Train Loss: 0.077,  Train Acc:  0.00%,  Train Avg Loss: 0.067,  Time: 0:04:55
Epoch id: 2, Training steps: 700,  Train Loss: 0.071,  Train Acc:  0.00%,  Train Avg Loss: 0.063,  Time: 0:05:11
Epoch id: 2, Training steps: 800,  Train Loss: 0.069,  Train Acc:  0.00%,  Train Avg Loss: 0.061,  Time: 0:05:27
Epoch id: 2, Training steps: 900,  Train Loss: 0.051,  Train Acc:  0.00%,  Train Avg Loss: 0.056,  Time: 0:05:43
Epoch id: 2, Training steps: 1000,  Train Loss: 0.051,  Train Acc:  0.00%,  Train Avg Loss: 0.053,  Time: 0:05:59
Epoch id: 2, Training steps: 1100,  Train Loss: 0.056,  Train Acc:  0.00%,  Train Avg Loss: 0.051,  Time: 0:06:15
Start evaluation on dev dataset.
Acc. (Correct/Total):  1.54% micro-Prec: 0.0298 micro-Recall:0.0226 micro-F1: 0.0250 dev loss: 0.067789
Start evaluation on test dataset.
Acc. (Correct/Total):  1.02% micro-Prec: 0.0464 micro-Recall:0.0281 micro-F1: 0.0342 dev loss: 0.065912
Epoch id: 3, Training steps: 100,  Train Loss: 0.048,  Train Acc:  0.00%,  Train Avg Loss: 0.065,  Time: 0:07:04
Epoch id: 3, Training steps: 200,  Train Loss: 0.033,  Train Acc:  0.00%,  Train Avg Loss: 0.044,  Time: 0:07:21
Epoch id: 3, Training steps: 300,  Train Loss:  0.03,  Train Acc:  0.00%,  Train Avg Loss: 0.043,  Time: 0:07:37
Epoch id: 3, Training steps: 400,  Train Loss: 0.035,  Train Acc:  0.00%,  Train Avg Loss: 0.041,  Time: 0:07:53
Epoch id: 3, Training steps: 500,  Train Loss: 0.042,  Train Acc:  0.00%,  Train Avg Loss: 0.038,  Time: 0:08:09
Epoch id: 3, Training steps: 600,  Train Loss: 0.051,  Train Acc:  0.00%,  Train Avg Loss: 0.040,  Time: 0:08:25
Epoch id: 3, Training steps: 700,  Train Loss: 0.046,  Train Acc:  0.00%,  Train Avg Loss: 0.036,  Time: 0:08:41
Epoch id: 3, Training steps: 800,  Train Loss: 0.031,  Train Acc:  0.00%,  Train Avg Loss: 0.036,  Time: 0:08:57
Epoch id: 3, Training steps: 900,  Train Loss: 0.039,  Train Acc: 12.50%,  Train Avg Loss: 0.034,  Time: 0:09:13
Epoch id: 3, Training steps: 1000,  Train Loss: 0.034,  Train Acc:  0.00%,  Train Avg Loss: 0.035,  Time: 0:09:30
Epoch id: 3, Training steps: 1100,  Train Loss: 0.053,  Train Acc:  0.00%,  Train Avg Loss: 0.036,  Time: 0:09:46
Start evaluation on dev dataset.
Acc. (Correct/Total): 19.82% micro-Prec: 0.3217 micro-Recall:0.2625 micro-F1: 0.2814 dev loss: 0.050697
Start evaluation on test dataset.
Acc. (Correct/Total): 24.24% micro-Prec: 0.3953 micro-Recall:0.3187 micro-F1: 0.3439 dev loss: 0.048149
Epoch id: 4, Training steps: 100,  Train Loss: 0.032,  Train Acc: 25.00%,  Train Avg Loss: 0.040,  Time: 0:10:35
Epoch id: 4, Training steps: 200,  Train Loss: 0.044,  Train Acc: 12.50%,  Train Avg Loss: 0.027,  Time: 0:10:51
Epoch id: 4, Training steps: 300,  Train Loss:  0.02,  Train Acc: 37.50%,  Train Avg Loss: 0.027,  Time: 0:11:07
Epoch id: 4, Training steps: 400,  Train Loss: 0.025,  Train Acc: 12.50%,  Train Avg Loss: 0.029,  Time: 0:11:24
Epoch id: 4, Training steps: 500,  Train Loss: 0.028,  Train Acc:  0.00%,  Train Avg Loss: 0.028,  Time: 0:11:40
Epoch id: 4, Training steps: 600,  Train Loss: 0.012,  Train Acc: 50.00%,  Train Avg Loss: 0.027,  Time: 0:11:56
Epoch id: 4, Training steps: 700,  Train Loss: 0.028,  Train Acc:  0.00%,  Train Avg Loss: 0.026,  Time: 0:12:12
Epoch id: 4, Training steps: 800,  Train Loss: 0.039,  Train Acc: 37.50%,  Train Avg Loss: 0.026,  Time: 0:12:28
Epoch id: 4, Training steps: 900,  Train Loss: 0.024,  Train Acc: 12.50%,  Train Avg Loss: 0.026,  Time: 0:12:44
Epoch id: 4, Training steps: 1000,  Train Loss: 0.019,  Train Acc: 12.50%,  Train Avg Loss: 0.026,  Time: 0:13:00
Epoch id: 4, Training steps: 1100,  Train Loss: 0.013,  Train Acc: 62.50%,  Train Avg Loss: 0.024,  Time: 0:13:16
Start evaluation on dev dataset.
Acc. (Correct/Total): 25.72% micro-Prec: 0.4088 micro-Recall:0.3366 micro-F1: 0.3597 dev loss: 0.039011
Start evaluation on test dataset.
Acc. (Correct/Total): 32.17% micro-Prec: 0.4845 micro-Recall:0.4039 micro-F1: 0.4306 dev loss: 0.036680
Epoch id: 5, Training steps: 100,  Train Loss: 0.018,  Train Acc: 25.00%,  Train Avg Loss: 0.027,  Time: 0:14:06
Epoch id: 5, Training steps: 200,  Train Loss:  0.02,  Train Acc: 50.00%,  Train Avg Loss: 0.020,  Time: 0:14:22
Epoch id: 5, Training steps: 300,  Train Loss: 0.029,  Train Acc: 25.00%,  Train Avg Loss: 0.019,  Time: 0:14:38
Epoch id: 5, Training steps: 400,  Train Loss: 0.023,  Train Acc: 12.50%,  Train Avg Loss: 0.018,  Time: 0:14:54
Epoch id: 5, Training steps: 500,  Train Loss: 0.023,  Train Acc: 62.50%,  Train Avg Loss: 0.019,  Time: 0:15:10
Epoch id: 5, Training steps: 600,  Train Loss: 0.015,  Train Acc: 50.00%,  Train Avg Loss: 0.019,  Time: 0:15:26
Epoch id: 5, Training steps: 700,  Train Loss: 0.017,  Train Acc: 50.00%,  Train Avg Loss: 0.018,  Time: 0:15:42
Epoch id: 5, Training steps: 800,  Train Loss: 0.023,  Train Acc: 37.50%,  Train Avg Loss: 0.019,  Time: 0:15:59
Epoch id: 5, Training steps: 900,  Train Loss: 0.011,  Train Acc: 62.50%,  Train Avg Loss: 0.018,  Time: 0:16:15
Epoch id: 5, Training steps: 1000,  Train Loss: 0.015,  Train Acc: 12.50%,  Train Avg Loss: 0.018,  Time: 0:16:31
Epoch id: 5, Training steps: 1100,  Train Loss: 0.011,  Train Acc: 25.00%,  Train Avg Loss: 0.017,  Time: 0:16:47
Start evaluation on dev dataset.
Acc. (Correct/Total): 35.17% micro-Prec: 0.5531 micro-Recall:0.4567 micro-F1: 0.4877 dev loss: 0.037004
Start evaluation on test dataset.
Acc. (Correct/Total): 38.80% micro-Prec: 0.5861 micro-Recall:0.4904 micro-F1: 0.5218 dev loss: 0.035128
Epoch id: 6, Training steps: 100,  Train Loss: 0.0026,  Train Acc: 87.50%,  Train Avg Loss: 0.019,  Time: 0:17:36
Epoch id: 6, Training steps: 200,  Train Loss: 0.017,  Train Acc: 37.50%,  Train Avg Loss: 0.012,  Time: 0:17:53
Epoch id: 6, Training steps: 300,  Train Loss: 0.0045,  Train Acc: 62.50%,  Train Avg Loss: 0.014,  Time: 0:18:09
Epoch id: 6, Training steps: 400,  Train Loss: 0.018,  Train Acc: 50.00%,  Train Avg Loss: 0.014,  Time: 0:18:25
Epoch id: 6, Training steps: 500,  Train Loss: 0.018,  Train Acc: 12.50%,  Train Avg Loss: 0.013,  Time: 0:18:41
Epoch id: 6, Training steps: 600,  Train Loss: 0.0069,  Train Acc: 75.00%,  Train Avg Loss: 0.013,  Time: 0:18:57
Epoch id: 6, Training steps: 700,  Train Loss: 0.0037,  Train Acc: 75.00%,  Train Avg Loss: 0.014,  Time: 0:19:13
Epoch id: 6, Training steps: 800,  Train Loss: 0.031,  Train Acc: 25.00%,  Train Avg Loss: 0.013,  Time: 0:19:29
Epoch id: 6, Training steps: 900,  Train Loss: 0.0091,  Train Acc: 37.50%,  Train Avg Loss: 0.014,  Time: 0:19:46
Epoch id: 6, Training steps: 1000,  Train Loss: 0.0061,  Train Acc: 62.50%,  Train Avg Loss: 0.014,  Time: 0:20:02
Epoch id: 6, Training steps: 1100,  Train Loss: 0.013,  Train Acc: 62.50%,  Train Avg Loss: 0.013,  Time: 0:20:18
Start evaluation on dev dataset.
Acc. (Correct/Total): 40.16% micro-Prec: 0.6082 micro-Recall:0.5142 micro-F1: 0.5437 dev loss: 0.036025
Start evaluation on test dataset.
Acc. (Correct/Total): 44.99% micro-Prec: 0.6553 micro-Recall:0.5568 micro-F1: 0.5887 dev loss: 0.032250
Epoch id: 7, Training steps: 100,  Train Loss: 0.0038,  Train Acc: 100.00%,  Train Avg Loss: 0.015,  Time: 0:21:07
Epoch id: 7, Training steps: 200,  Train Loss: 0.0042,  Train Acc: 62.50%,  Train Avg Loss: 0.010,  Time: 0:21:23
Epoch id: 7, Training steps: 300,  Train Loss: 0.0047,  Train Acc: 50.00%,  Train Avg Loss: 0.008,  Time: 0:21:39
Epoch id: 7, Training steps: 400,  Train Loss: 0.0062,  Train Acc: 62.50%,  Train Avg Loss: 0.010,  Time: 0:21:55
Epoch id: 7, Training steps: 500,  Train Loss: 0.0084,  Train Acc: 50.00%,  Train Avg Loss: 0.008,  Time: 0:22:11
Epoch id: 7, Training steps: 600,  Train Loss: 0.0035,  Train Acc: 87.50%,  Train Avg Loss: 0.010,  Time: 0:22:28
Epoch id: 7, Training steps: 700,  Train Loss: 0.0067,  Train Acc: 37.50%,  Train Avg Loss: 0.010,  Time: 0:22:44
Epoch id: 7, Training steps: 800,  Train Loss: 0.015,  Train Acc: 50.00%,  Train Avg Loss: 0.009,  Time: 0:23:00
Epoch id: 7, Training steps: 900,  Train Loss: 0.0085,  Train Acc: 50.00%,  Train Avg Loss: 0.010,  Time: 0:23:16
Epoch id: 7, Training steps: 1000,  Train Loss: 0.0027,  Train Acc: 75.00%,  Train Avg Loss: 0.010,  Time: 0:23:32
Epoch id: 7, Training steps: 1100,  Train Loss: 0.011,  Train Acc: 37.50%,  Train Avg Loss: 0.010,  Time: 0:23:48
Start evaluation on dev dataset.
Acc. (Correct/Total): 45.15% micro-Prec: 0.6507 micro-Recall:0.5668 micro-F1: 0.5921 dev loss: 0.035696
Start evaluation on test dataset.
Acc. (Correct/Total): 50.46% micro-Prec: 0.6988 micro-Recall:0.6176 micro-F1: 0.6422 dev loss: 0.032318
Epoch id: 8, Training steps: 100,  Train Loss: 0.0047,  Train Acc: 62.50%,  Train Avg Loss: 0.012,  Time: 0:24:37
Epoch id: 8, Training steps: 200,  Train Loss: 0.001,  Train Acc: 100.00%,  Train Avg Loss: 0.007,  Time: 0:24:54
Epoch id: 8, Training steps: 300,  Train Loss: 0.0051,  Train Acc: 50.00%,  Train Avg Loss: 0.006,  Time: 0:25:10
Epoch id: 8, Training steps: 400,  Train Loss: 0.013,  Train Acc: 50.00%,  Train Avg Loss: 0.007,  Time: 0:25:26
Epoch id: 8, Training steps: 500,  Train Loss: 0.0024,  Train Acc: 75.00%,  Train Avg Loss: 0.008,  Time: 0:25:42
Epoch id: 8, Training steps: 600,  Train Loss: 0.0077,  Train Acc: 50.00%,  Train Avg Loss: 0.007,  Time: 0:25:58
Epoch id: 8, Training steps: 700,  Train Loss: 0.0046,  Train Acc: 62.50%,  Train Avg Loss: 0.008,  Time: 0:26:14
Epoch id: 8, Training steps: 800,  Train Loss: 0.0045,  Train Acc: 62.50%,  Train Avg Loss: 0.007,  Time: 0:26:30
Epoch id: 8, Training steps: 900,  Train Loss: 0.0048,  Train Acc: 62.50%,  Train Avg Loss: 0.007,  Time: 0:26:46
Epoch id: 8, Training steps: 1000,  Train Loss: 0.005,  Train Acc: 50.00%,  Train Avg Loss: 0.008,  Time: 0:27:03
Epoch id: 8, Training steps: 1100,  Train Loss: 0.0077,  Train Acc: 62.50%,  Train Avg Loss: 0.007,  Time: 0:27:19
Start evaluation on dev dataset.
Acc. (Correct/Total): 44.43% micro-Prec: 0.6526 micro-Recall:0.5655 micro-F1: 0.5913 dev loss: 0.036054
Epoch id: 9, Training steps: 100,  Train Loss: 0.0039,  Train Acc: 100.00%,  Train Avg Loss: 0.009,  Time: 0:27:54
Epoch id: 9, Training steps: 200,  Train Loss: 0.0034,  Train Acc: 75.00%,  Train Avg Loss: 0.006,  Time: 0:28:10
Epoch id: 9, Training steps: 300,  Train Loss: 0.0026,  Train Acc: 87.50%,  Train Avg Loss: 0.006,  Time: 0:28:27
Epoch id: 9, Training steps: 400,  Train Loss: 0.002,  Train Acc: 87.50%,  Train Avg Loss: 0.006,  Time: 0:28:43
Epoch id: 9, Training steps: 500,  Train Loss: 0.0099,  Train Acc: 50.00%,  Train Avg Loss: 0.006,  Time: 0:28:59
Epoch id: 9, Training steps: 600,  Train Loss: 0.0065,  Train Acc: 62.50%,  Train Avg Loss: 0.005,  Time: 0:29:15
Epoch id: 9, Training steps: 700,  Train Loss: 0.0011,  Train Acc: 100.00%,  Train Avg Loss: 0.005,  Time: 0:29:31
Epoch id: 9, Training steps: 800,  Train Loss: 0.006,  Train Acc: 75.00%,  Train Avg Loss: 0.006,  Time: 0:29:47
Epoch id: 9, Training steps: 900,  Train Loss:  0.01,  Train Acc: 62.50%,  Train Avg Loss: 0.005,  Time: 0:30:03
Epoch id: 9, Training steps: 1000,  Train Loss: 0.0069,  Train Acc: 62.50%,  Train Avg Loss: 0.005,  Time: 0:30:20
Epoch id: 9, Training steps: 1100,  Train Loss: 0.0031,  Train Acc: 87.50%,  Train Avg Loss: 0.005,  Time: 0:30:36
Start evaluation on dev dataset.
Acc. (Correct/Total): 48.27% micro-Prec: 0.6931 micro-Recall:0.6145 micro-F1: 0.6361 dev loss: 0.039261
Start evaluation on test dataset.
Acc. (Correct/Total): 54.72% micro-Prec: 0.7358 micro-Recall:0.6538 micro-F1: 0.6792 dev loss: 0.033191
Epoch id: 10, Training steps: 100,  Train Loss: 0.0034,  Train Acc: 62.50%,  Train Avg Loss: 0.007,  Time: 0:31:25
Epoch id: 10, Training steps: 200,  Train Loss: 0.0078,  Train Acc: 50.00%,  Train Avg Loss: 0.004,  Time: 0:31:41
Epoch id: 10, Training steps: 300,  Train Loss: 0.0036,  Train Acc: 75.00%,  Train Avg Loss: 0.004,  Time: 0:31:57
Epoch id: 10, Training steps: 400,  Train Loss: 0.0033,  Train Acc: 87.50%,  Train Avg Loss: 0.004,  Time: 0:32:13
Epoch id: 10, Training steps: 500,  Train Loss: 0.00066,  Train Acc: 100.00%,  Train Avg Loss: 0.004,  Time: 0:32:29
Epoch id: 10, Training steps: 600,  Train Loss: 0.0024,  Train Acc: 62.50%,  Train Avg Loss: 0.006,  Time: 0:32:46
Epoch id: 10, Training steps: 700,  Train Loss: 0.00073,  Train Acc: 100.00%,  Train Avg Loss: 0.004,  Time: 0:33:02
Epoch id: 10, Training steps: 800,  Train Loss: 0.0097,  Train Acc: 75.00%,  Train Avg Loss: 0.005,  Time: 0:33:18
Epoch id: 10, Training steps: 900,  Train Loss: 0.006,  Train Acc: 75.00%,  Train Avg Loss: 0.005,  Time: 0:33:34
Epoch id: 10, Training steps: 1000,  Train Loss: 0.0055,  Train Acc: 62.50%,  Train Avg Loss: 0.004,  Time: 0:33:50
Epoch id: 10, Training steps: 1100,  Train Loss: 0.0015,  Train Acc: 87.50%,  Train Avg Loss: 0.004,  Time: 0:34:06
Start evaluation on dev dataset.
Acc. (Correct/Total): 49.95% micro-Prec: 0.7015 micro-Recall:0.6229 micro-F1: 0.6454 dev loss: 0.037403
Start evaluation on test dataset.
Acc. (Correct/Total): 54.23% micro-Prec: 0.7372 micro-Recall:0.6540 micro-F1: 0.6801 dev loss: 0.032329
Epoch id: 11, Training steps: 100,  Train Loss: 0.002,  Train Acc: 87.50%,  Train Avg Loss: 0.005,  Time: 0:34:56
Epoch id: 11, Training steps: 200,  Train Loss: 0.0016,  Train Acc: 75.00%,  Train Avg Loss: 0.003,  Time: 0:35:12
Epoch id: 11, Training steps: 300,  Train Loss: 0.0038,  Train Acc: 75.00%,  Train Avg Loss: 0.003,  Time: 0:35:28
Epoch id: 11, Training steps: 400,  Train Loss: 0.0016,  Train Acc: 87.50%,  Train Avg Loss: 0.003,  Time: 0:35:44
Epoch id: 11, Training steps: 500,  Train Loss: 0.003,  Train Acc: 75.00%,  Train Avg Loss: 0.003,  Time: 0:36:00
Epoch id: 11, Training steps: 600,  Train Loss: 0.002,  Train Acc: 50.00%,  Train Avg Loss: 0.004,  Time: 0:36:16
Epoch id: 11, Training steps: 700,  Train Loss: 0.0021,  Train Acc: 75.00%,  Train Avg Loss: 0.004,  Time: 0:36:32
Epoch id: 11, Training steps: 800,  Train Loss: 0.0008,  Train Acc: 100.00%,  Train Avg Loss: 0.004,  Time: 0:36:49
Epoch id: 11, Training steps: 900,  Train Loss: 0.0081,  Train Acc: 50.00%,  Train Avg Loss: 0.004,  Time: 0:37:05
Epoch id: 11, Training steps: 1000,  Train Loss: 0.001,  Train Acc: 87.50%,  Train Avg Loss: 0.004,  Time: 0:37:21
Epoch id: 11, Training steps: 1100,  Train Loss: 0.0043,  Train Acc: 75.00%,  Train Avg Loss: 0.004,  Time: 0:37:37
Start evaluation on dev dataset.
Acc. (Correct/Total): 50.67% micro-Prec: 0.7118 micro-Recall:0.6360 micro-F1: 0.6569 dev loss: 0.038210
Start evaluation on test dataset.
Acc. (Correct/Total): 56.89% micro-Prec: 0.7599 micro-Recall:0.6831 micro-F1: 0.7063 dev loss: 0.032289
Epoch id: 12, Training steps: 100,  Train Loss: 0.0046,  Train Acc: 87.50%,  Train Avg Loss: 0.005,  Time: 0:38:26
Epoch id: 12, Training steps: 200,  Train Loss: 0.00051,  Train Acc: 100.00%,  Train Avg Loss: 0.003,  Time: 0:38:42
Epoch id: 12, Training steps: 300,  Train Loss: 0.001,  Train Acc: 87.50%,  Train Avg Loss: 0.002,  Time: 0:38:58
Epoch id: 12, Training steps: 400,  Train Loss: 0.00064,  Train Acc: 87.50%,  Train Avg Loss: 0.002,  Time: 0:39:15
Epoch id: 12, Training steps: 500,  Train Loss: 0.0036,  Train Acc: 62.50%,  Train Avg Loss: 0.003,  Time: 0:39:31
Epoch id: 12, Training steps: 600,  Train Loss: 0.0083,  Train Acc: 62.50%,  Train Avg Loss: 0.003,  Time: 0:39:47
Epoch id: 12, Training steps: 700,  Train Loss: 0.0022,  Train Acc: 87.50%,  Train Avg Loss: 0.003,  Time: 0:40:03
Epoch id: 12, Training steps: 800,  Train Loss: 0.0022,  Train Acc: 75.00%,  Train Avg Loss: 0.003,  Time: 0:40:19
Epoch id: 12, Training steps: 900,  Train Loss: 0.0011,  Train Acc: 87.50%,  Train Avg Loss: 0.003,  Time: 0:40:35
Epoch id: 12, Training steps: 1000,  Train Loss: 0.0027,  Train Acc: 75.00%,  Train Avg Loss: 0.003,  Time: 0:40:51
Epoch id: 12, Training steps: 1100,  Train Loss: 0.0042,  Train Acc: 62.50%,  Train Avg Loss: 0.003,  Time: 0:41:07
Start evaluation on dev dataset.
Acc. (Correct/Total): 51.06% micro-Prec: 0.7155 micro-Recall:0.6369 micro-F1: 0.6593 dev loss: 0.037027
Start evaluation on test dataset.
Acc. (Correct/Total): 57.47% micro-Prec: 0.7588 micro-Recall:0.6871 micro-F1: 0.7081 dev loss: 0.032549
Epoch id: 13, Training steps: 100,  Train Loss: 0.0019,  Train Acc: 75.00%,  Train Avg Loss: 0.003,  Time: 0:41:57
Epoch id: 13, Training steps: 200,  Train Loss: 0.0035,  Train Acc: 62.50%,  Train Avg Loss: 0.002,  Time: 0:42:14
Epoch id: 13, Training steps: 300,  Train Loss: 0.00033,  Train Acc: 100.00%,  Train Avg Loss: 0.003,  Time: 0:42:30
Epoch id: 13, Training steps: 400,  Train Loss: 0.0011,  Train Acc: 87.50%,  Train Avg Loss: 0.002,  Time: 0:42:46
Epoch id: 13, Training steps: 500,  Train Loss: 0.00099,  Train Acc: 100.00%,  Train Avg Loss: 0.002,  Time: 0:43:02
Epoch id: 13, Training steps: 600,  Train Loss: 0.0041,  Train Acc: 62.50%,  Train Avg Loss: 0.003,  Time: 0:43:19
Epoch id: 13, Training steps: 700,  Train Loss: 0.0011,  Train Acc: 87.50%,  Train Avg Loss: 0.002,  Time: 0:43:36
Epoch id: 13, Training steps: 800,  Train Loss: 0.0061,  Train Acc: 75.00%,  Train Avg Loss: 0.003,  Time: 0:43:54
Epoch id: 13, Training steps: 900,  Train Loss: 0.00055,  Train Acc: 100.00%,  Train Avg Loss: 0.003,  Time: 0:44:11
Epoch id: 13, Training steps: 1000,  Train Loss: 0.0013,  Train Acc: 100.00%,  Train Avg Loss: 0.003,  Time: 0:44:28
Epoch id: 13, Training steps: 1100,  Train Loss: 0.0024,  Train Acc: 87.50%,  Train Avg Loss: 0.003,  Time: 0:44:46
Start evaluation on dev dataset.
Acc. (Correct/Total): 52.54% micro-Prec: 0.7303 micro-Recall:0.6603 micro-F1: 0.6783 dev loss: 0.038125
Start evaluation on test dataset.
Acc. (Correct/Total): 58.88% micro-Prec: 0.7677 micro-Recall:0.6995 micro-F1: 0.7195 dev loss: 0.033396
Epoch id: 14, Training steps: 100,  Train Loss: 0.005,  Train Acc: 87.50%,  Train Avg Loss: 0.003,  Time: 0:45:37
Epoch id: 14, Training steps: 200,  Train Loss: 0.0014,  Train Acc: 87.50%,  Train Avg Loss: 0.002,  Time: 0:45:54
Epoch id: 14, Training steps: 300,  Train Loss: 0.0004,  Train Acc: 100.00%,  Train Avg Loss: 0.002,  Time: 0:46:12
Epoch id: 14, Training steps: 400,  Train Loss: 0.002,  Train Acc: 87.50%,  Train Avg Loss: 0.002,  Time: 0:46:29
Epoch id: 14, Training steps: 500,  Train Loss: 0.0055,  Train Acc: 62.50%,  Train Avg Loss: 0.002,  Time: 0:46:46
Epoch id: 14, Training steps: 600,  Train Loss: 0.00054,  Train Acc: 100.00%,  Train Avg Loss: 0.002,  Time: 0:47:03
Epoch id: 14, Training steps: 700,  Train Loss: 0.00059,  Train Acc: 100.00%,  Train Avg Loss: 0.002,  Time: 0:47:21
Epoch id: 14, Training steps: 800,  Train Loss: 0.00085,  Train Acc: 87.50%,  Train Avg Loss: 0.002,  Time: 0:47:38
Epoch id: 14, Training steps: 900,  Train Loss: 0.001,  Train Acc: 100.00%,  Train Avg Loss: 0.002,  Time: 0:47:55
Epoch id: 14, Training steps: 1000,  Train Loss: 0.00075,  Train Acc: 87.50%,  Train Avg Loss: 0.002,  Time: 0:48:13
Epoch id: 14, Training steps: 1100,  Train Loss: 0.0031,  Train Acc: 75.00%,  Train Avg Loss: 0.002,  Time: 0:48:30
Start evaluation on dev dataset.
Acc. (Correct/Total): 53.12% micro-Prec: 0.7289 micro-Recall:0.6654 micro-F1: 0.6807 dev loss: 0.038750
Start evaluation on test dataset.
Acc. (Correct/Total): 58.68% micro-Prec: 0.7575 micro-Recall:0.6945 micro-F1: 0.7129 dev loss: 0.033606
Epoch id: 15, Training steps: 100,  Train Loss: 0.0006,  Train Acc: 100.00%,  Train Avg Loss: 0.002,  Time: 0:49:20
Epoch id: 15, Training steps: 200,  Train Loss: 0.0016,  Train Acc: 87.50%,  Train Avg Loss: 0.001,  Time: 0:49:38
Epoch id: 15, Training steps: 300,  Train Loss: 0.0023,  Train Acc: 75.00%,  Train Avg Loss: 0.001,  Time: 0:49:55
Epoch id: 15, Training steps: 400,  Train Loss: 0.00059,  Train Acc: 100.00%,  Train Avg Loss: 0.001,  Time: 0:50:12
Epoch id: 15, Training steps: 500,  Train Loss: 0.00044,  Train Acc: 100.00%,  Train Avg Loss: 0.002,  Time: 0:50:29
Epoch id: 15, Training steps: 600,  Train Loss: 0.00034,  Train Acc: 100.00%,  Train Avg Loss: 0.002,  Time: 0:50:47
Epoch id: 15, Training steps: 700,  Train Loss: 0.001,  Train Acc: 87.50%,  Train Avg Loss: 0.001,  Time: 0:51:04
Epoch id: 15, Training steps: 800,  Train Loss: 0.001,  Train Acc: 87.50%,  Train Avg Loss: 0.001,  Time: 0:51:21
Epoch id: 15, Training steps: 900,  Train Loss: 0.0032,  Train Acc: 87.50%,  Train Avg Loss: 0.001,  Time: 0:51:39
Epoch id: 15, Training steps: 1000,  Train Loss: 0.00066,  Train Acc: 100.00%,  Train Avg Loss: 0.002,  Time: 0:51:56
Epoch id: 15, Training steps: 1100,  Train Loss: 0.0002,  Train Acc: 100.00%,  Train Avg Loss: 0.001,  Time: 0:52:13
Start evaluation on dev dataset.
Acc. (Correct/Total): 53.41% micro-Prec: 0.7286 micro-Recall:0.6649 micro-F1: 0.6811 dev loss: 0.038431
Start evaluation on test dataset.
Acc. (Correct/Total): 58.83% micro-Prec: 0.7623 micro-Recall:0.6991 micro-F1: 0.7170 dev loss: 0.033400
Epoch id: 16, Training steps: 100,  Train Loss: 0.00041,  Train Acc: 100.00%,  Train Avg Loss: 0.002,  Time: 0:53:04
Epoch id: 16, Training steps: 200,  Train Loss: 0.0012,  Train Acc: 87.50%,  Train Avg Loss: 0.001,  Time: 0:53:21
Epoch id: 16, Training steps: 300,  Train Loss: 0.00078,  Train Acc: 100.00%,  Train Avg Loss: 0.001,  Time: 0:53:39
Epoch id: 16, Training steps: 400,  Train Loss: 0.0011,  Train Acc: 100.00%,  Train Avg Loss: 0.002,  Time: 0:53:56
Epoch id: 16, Training steps: 500,  Train Loss: 0.00048,  Train Acc: 100.00%,  Train Avg Loss: 0.001,  Time: 0:54:13
Epoch id: 16, Training steps: 600,  Train Loss: 0.00042,  Train Acc: 100.00%,  Train Avg Loss: 0.001,  Time: 0:54:31
Epoch id: 16, Training steps: 700,  Train Loss: 0.00086,  Train Acc: 87.50%,  Train Avg Loss: 0.001,  Time: 0:54:48
Epoch id: 16, Training steps: 800,  Train Loss: 0.00072,  Train Acc: 100.00%,  Train Avg Loss: 0.001,  Time: 0:55:05
Epoch id: 16, Training steps: 900,  Train Loss: 0.00053,  Train Acc: 87.50%,  Train Avg Loss: 0.001,  Time: 0:55:23
Epoch id: 16, Training steps: 1000,  Train Loss: 0.00047,  Train Acc: 87.50%,  Train Avg Loss: 0.001,  Time: 0:55:40
Epoch id: 16, Training steps: 1100,  Train Loss: 0.00045,  Train Acc: 100.00%,  Train Avg Loss: 0.002,  Time: 0:55:57
Start evaluation on dev dataset.
Acc. (Correct/Total): 54.22% micro-Prec: 0.7418 micro-Recall:0.6760 micro-F1: 0.6920 dev loss: 0.039212
Start evaluation on test dataset.
Acc. (Correct/Total): 59.55% micro-Prec: 0.7704 micro-Recall:0.7092 micro-F1: 0.7258 dev loss: 0.035023
Epoch id: 17, Training steps: 100,  Train Loss: 0.00051,  Train Acc: 100.00%,  Train Avg Loss: 0.001,  Time: 0:56:48
Epoch id: 17, Training steps: 200,  Train Loss: 0.00046,  Train Acc: 87.50%,  Train Avg Loss: 0.001,  Time: 0:57:06
Epoch id: 17, Training steps: 300,  Train Loss: 0.0013,  Train Acc: 87.50%,  Train Avg Loss: 0.001,  Time: 0:57:23
Epoch id: 17, Training steps: 400,  Train Loss: 0.00039,  Train Acc: 100.00%,  Train Avg Loss: 0.001,  Time: 0:57:40
Epoch id: 17, Training steps: 500,  Train Loss: 0.0003,  Train Acc: 100.00%,  Train Avg Loss: 0.001,  Time: 0:57:57
Epoch id: 17, Training steps: 600,  Train Loss: 0.00028,  Train Acc: 100.00%,  Train Avg Loss: 0.001,  Time: 0:58:15
Epoch id: 17, Training steps: 700,  Train Loss: 0.0047,  Train Acc: 75.00%,  Train Avg Loss: 0.001,  Time: 0:58:32
Epoch id: 17, Training steps: 800,  Train Loss: 0.00093,  Train Acc: 100.00%,  Train Avg Loss: 0.001,  Time: 0:58:49
Epoch id: 17, Training steps: 900,  Train Loss: 0.0018,  Train Acc: 87.50%,  Train Avg Loss: 0.001,  Time: 0:59:07
Epoch id: 17, Training steps: 1000,  Train Loss: 0.00016,  Train Acc: 100.00%,  Train Avg Loss: 0.002,  Time: 0:59:24
Epoch id: 17, Training steps: 1100,  Train Loss: 0.0005,  Train Acc: 100.00%,  Train Avg Loss: 0.001,  Time: 0:59:41
Start evaluation on dev dataset.
Acc. (Correct/Total): 55.33% micro-Prec: 0.7434 micro-Recall:0.6859 micro-F1: 0.6991 dev loss: 0.039279
Start evaluation on test dataset.
Acc. (Correct/Total): 59.31% micro-Prec: 0.7665 micro-Recall:0.7134 micro-F1: 0.7262 dev loss: 0.035676
Epoch id: 18, Training steps: 100,  Train Loss: 0.00083,  Train Acc: 87.50%,  Train Avg Loss: 0.001,  Time: 1:00:32
Epoch id: 18, Training steps: 200,  Train Loss: 0.00065,  Train Acc: 87.50%,  Train Avg Loss: 0.001,  Time: 1:00:50
Epoch id: 18, Training steps: 300,  Train Loss: 0.00038,  Train Acc: 100.00%,  Train Avg Loss: 0.001,  Time: 1:01:07
Epoch id: 18, Training steps: 400,  Train Loss: 0.00016,  Train Acc: 100.00%,  Train Avg Loss: 0.001,  Time: 1:01:24
Epoch id: 18, Training steps: 500,  Train Loss: 0.00078,  Train Acc: 87.50%,  Train Avg Loss: 0.001,  Time: 1:01:42
Epoch id: 18, Training steps: 600,  Train Loss: 0.00053,  Train Acc: 100.00%,  Train Avg Loss: 0.001,  Time: 1:01:59
Epoch id: 18, Training steps: 700,  Train Loss: 0.00035,  Train Acc: 100.00%,  Train Avg Loss: 0.001,  Time: 1:02:16
Epoch id: 18, Training steps: 800,  Train Loss: 0.001,  Train Acc: 87.50%,  Train Avg Loss: 0.001,  Time: 1:02:34
Epoch id: 18, Training steps: 900,  Train Loss: 0.00053,  Train Acc: 87.50%,  Train Avg Loss: 0.001,  Time: 1:02:51
Epoch id: 18, Training steps: 1000,  Train Loss: 0.0011,  Train Acc: 87.50%,  Train Avg Loss: 0.001,  Time: 1:03:08
Epoch id: 18, Training steps: 1100,  Train Loss: 0.00016,  Train Acc: 100.00%,  Train Avg Loss: 0.001,  Time: 1:03:25
Start evaluation on dev dataset.
Acc. (Correct/Total): 55.90% micro-Prec: 0.7563 micro-Recall:0.6940 micro-F1: 0.7090 dev loss: 0.039579
Start evaluation on test dataset.
Acc. (Correct/Total): 59.60% micro-Prec: 0.7719 micro-Recall:0.7189 micro-F1: 0.7314 dev loss: 0.035792
Epoch id: 19, Training steps: 100,  Train Loss: 0.00074,  Train Acc: 87.50%,  Train Avg Loss: 0.001,  Time: 1:04:16
Epoch id: 19, Training steps: 200,  Train Loss: 0.00047,  Train Acc: 100.00%,  Train Avg Loss: 0.001,  Time: 1:04:34
Epoch id: 19, Training steps: 300,  Train Loss: 0.00019,  Train Acc: 100.00%,  Train Avg Loss: 0.001,  Time: 1:04:51
Epoch id: 19, Training steps: 400,  Train Loss: 0.00045,  Train Acc: 87.50%,  Train Avg Loss: 0.001,  Time: 1:05:08
Epoch id: 19, Training steps: 500,  Train Loss: 0.00024,  Train Acc: 100.00%,  Train Avg Loss: 0.001,  Time: 1:05:25
Epoch id: 19, Training steps: 600,  Train Loss: 0.0009,  Train Acc: 100.00%,  Train Avg Loss: 0.001,  Time: 1:05:43
Epoch id: 19, Training steps: 700,  Train Loss: 0.00035,  Train Acc: 100.00%,  Train Avg Loss: 0.001,  Time: 1:06:00
Epoch id: 19, Training steps: 800,  Train Loss: 0.00078,  Train Acc: 87.50%,  Train Avg Loss: 0.001,  Time: 1:06:17
Epoch id: 19, Training steps: 900,  Train Loss: 0.00029,  Train Acc: 87.50%,  Train Avg Loss: 0.001,  Time: 1:06:35
Epoch id: 19, Training steps: 1000,  Train Loss: 0.00047,  Train Acc: 100.00%,  Train Avg Loss: 0.001,  Time: 1:06:52
Epoch id: 19, Training steps: 1100,  Train Loss: 0.00044,  Train Acc: 87.50%,  Train Avg Loss: 0.001,  Time: 1:07:09
Start evaluation on dev dataset.
Acc. (Correct/Total): 55.57% micro-Prec: 0.7459 micro-Recall:0.6948 micro-F1: 0.7043 dev loss: 0.041608
Epoch id: 20, Training steps: 100,  Train Loss: 0.00063,  Train Acc: 100.00%,  Train Avg Loss: 0.001,  Time: 1:07:46
Epoch id: 20, Training steps: 200,  Train Loss: 0.00021,  Train Acc: 100.00%,  Train Avg Loss: 0.001,  Time: 1:08:04
Epoch id: 20, Training steps: 300,  Train Loss: 0.00026,  Train Acc: 100.00%,  Train Avg Loss: 0.000,  Time: 1:08:21
Epoch id: 20, Training steps: 400,  Train Loss: 0.00032,  Train Acc: 100.00%,  Train Avg Loss: 0.000,  Time: 1:08:38
Epoch id: 20, Training steps: 500,  Train Loss: 0.00045,  Train Acc: 100.00%,  Train Avg Loss: 0.000,  Time: 1:08:55
Epoch id: 20, Training steps: 600,  Train Loss: 0.0003,  Train Acc: 100.00%,  Train Avg Loss: 0.000,  Time: 1:09:13
Epoch id: 20, Training steps: 700,  Train Loss: 0.00016,  Train Acc: 100.00%,  Train Avg Loss: 0.001,  Time: 1:09:30
Epoch id: 20, Training steps: 800,  Train Loss: 0.00067,  Train Acc: 100.00%,  Train Avg Loss: 0.000,  Time: 1:09:47
Epoch id: 20, Training steps: 900,  Train Loss: 0.00084,  Train Acc: 100.00%,  Train Avg Loss: 0.001,  Time: 1:10:05
Epoch id: 20, Training steps: 1000,  Train Loss: 0.00059,  Train Acc: 100.00%,  Train Avg Loss: 0.000,  Time: 1:10:22
Epoch id: 20, Training steps: 1100,  Train Loss: 0.0014,  Train Acc: 87.50%,  Train Avg Loss: 0.000,  Time: 1:10:39
Start evaluation on dev dataset.
Acc. (Correct/Total): 55.33% micro-Prec: 0.7498 micro-Recall:0.6924 micro-F1: 0.7043 dev loss: 0.042030
Epoch id: 21, Training steps: 100,  Train Loss: 0.00025,  Train Acc: 100.00%,  Train Avg Loss: 0.001,  Time: 1:11:16
Epoch id: 21, Training steps: 200,  Train Loss: 0.00033,  Train Acc: 100.00%,  Train Avg Loss: 0.000,  Time: 1:11:34
Epoch id: 21, Training steps: 300,  Train Loss: 0.00016,  Train Acc: 100.00%,  Train Avg Loss: 0.000,  Time: 1:11:51
Epoch id: 21, Training steps: 400,  Train Loss: 0.00031,  Train Acc: 100.00%,  Train Avg Loss: 0.000,  Time: 1:12:08
Epoch id: 21, Training steps: 500,  Train Loss: 0.00055,  Train Acc: 100.00%,  Train Avg Loss: 0.001,  Time: 1:12:25
Epoch id: 21, Training steps: 600,  Train Loss: 0.00053,  Train Acc: 100.00%,  Train Avg Loss: 0.001,  Time: 1:12:43
Epoch id: 21, Training steps: 700,  Train Loss: 0.00035,  Train Acc: 87.50%,  Train Avg Loss: 0.001,  Time: 1:13:00
Epoch id: 21, Training steps: 800,  Train Loss: 0.00022,  Train Acc: 100.00%,  Train Avg Loss: 0.001,  Time: 1:13:17
Epoch id: 21, Training steps: 900,  Train Loss: 0.00074,  Train Acc: 87.50%,  Train Avg Loss: 0.000,  Time: 1:13:35
Epoch id: 21, Training steps: 1000,  Train Loss: 0.0002,  Train Acc: 100.00%,  Train Avg Loss: 0.001,  Time: 1:13:52
Epoch id: 21, Training steps: 1100,  Train Loss: 0.00016,  Train Acc: 100.00%,  Train Avg Loss: 0.001,  Time: 1:14:09
Start evaluation on dev dataset.
Acc. (Correct/Total): 56.33% micro-Prec: 0.7591 micro-Recall:0.7079 micro-F1: 0.7172 dev loss: 0.042033
Start evaluation on test dataset.
Acc. (Correct/Total): 61.73% micro-Prec: 0.7850 micro-Recall:0.7303 micro-F1: 0.7444 dev loss: 0.037300
Epoch id: 22, Training steps: 100,  Train Loss: 0.00024,  Train Acc: 100.00%,  Train Avg Loss: 0.001,  Time: 1:15:00
Epoch id: 22, Training steps: 200,  Train Loss: 8.1e-05,  Train Acc: 100.00%,  Train Avg Loss: 0.001,  Time: 1:15:17
Epoch id: 22, Training steps: 300,  Train Loss: 0.0015,  Train Acc: 87.50%,  Train Avg Loss: 0.000,  Time: 1:15:35
Epoch id: 22, Training steps: 400,  Train Loss: 0.00088,  Train Acc: 87.50%,  Train Avg Loss: 0.001,  Time: 1:15:52
Epoch id: 22, Training steps: 500,  Train Loss: 0.00026,  Train Acc: 100.00%,  Train Avg Loss: 0.000,  Time: 1:16:09
Epoch id: 22, Training steps: 600,  Train Loss: 7.5e-05,  Train Acc: 100.00%,  Train Avg Loss: 0.001,  Time: 1:16:26
Epoch id: 22, Training steps: 700,  Train Loss: 0.006,  Train Acc: 87.50%,  Train Avg Loss: 0.001,  Time: 1:16:44
Epoch id: 22, Training steps: 800,  Train Loss: 0.0003,  Train Acc: 100.00%,  Train Avg Loss: 0.000,  Time: 1:17:01
Epoch id: 22, Training steps: 900,  Train Loss: 0.0004,  Train Acc: 100.00%,  Train Avg Loss: 0.001,  Time: 1:17:18
Epoch id: 22, Training steps: 1000,  Train Loss: 0.00012,  Train Acc: 100.00%,  Train Avg Loss: 0.001,  Time: 1:17:36
Epoch id: 22, Training steps: 1100,  Train Loss: 0.00016,  Train Acc: 100.00%,  Train Avg Loss: 0.000,  Time: 1:17:52
Start evaluation on dev dataset.
Acc. (Correct/Total): 55.52% micro-Prec: 0.7524 micro-Recall:0.7019 micro-F1: 0.7106 dev loss: 0.042273
Epoch id: 23, Training steps: 100,  Train Loss: 0.00043,  Train Acc: 100.00%,  Train Avg Loss: 0.001,  Time: 1:18:28
Epoch id: 23, Training steps: 200,  Train Loss: 0.00074,  Train Acc: 87.50%,  Train Avg Loss: 0.001,  Time: 1:18:44
Epoch id: 23, Training steps: 300,  Train Loss: 0.00043,  Train Acc: 100.00%,  Train Avg Loss: 0.000,  Time: 1:19:01
Epoch id: 23, Training steps: 400,  Train Loss: 0.00048,  Train Acc: 100.00%,  Train Avg Loss: 0.000,  Time: 1:19:17
Epoch id: 23, Training steps: 500,  Train Loss: 0.00015,  Train Acc: 100.00%,  Train Avg Loss: 0.000,  Time: 1:19:33
Epoch id: 23, Training steps: 600,  Train Loss: 0.00037,  Train Acc: 100.00%,  Train Avg Loss: 0.000,  Time: 1:19:50
Epoch id: 23, Training steps: 700,  Train Loss: 0.00018,  Train Acc: 100.00%,  Train Avg Loss: 0.000,  Time: 1:20:08
Epoch id: 23, Training steps: 800,  Train Loss: 5.9e-05,  Train Acc: 100.00%,  Train Avg Loss: 0.000,  Time: 1:20:25
Epoch id: 23, Training steps: 900,  Train Loss: 0.00017,  Train Acc: 100.00%,  Train Avg Loss: 0.000,  Time: 1:20:42
Epoch id: 23, Training steps: 1000,  Train Loss: 0.0005,  Train Acc: 100.00%,  Train Avg Loss: 0.000,  Time: 1:21:00
Epoch id: 23, Training steps: 1100,  Train Loss: 0.00018,  Train Acc: 100.00%,  Train Avg Loss: 0.000,  Time: 1:21:17
Start evaluation on dev dataset.
Acc. (Correct/Total): 55.47% micro-Prec: 0.7484 micro-Recall:0.6979 micro-F1: 0.7074 dev loss: 0.042703
Epoch id: 24, Training steps: 100,  Train Loss: 0.00022,  Train Acc: 100.00%,  Train Avg Loss: 0.000,  Time: 1:21:54
Epoch id: 24, Training steps: 200,  Train Loss: 0.0003,  Train Acc: 100.00%,  Train Avg Loss: 0.000,  Time: 1:22:12
Epoch id: 24, Training steps: 300,  Train Loss: 8.7e-05,  Train Acc: 100.00%,  Train Avg Loss: 0.001,  Time: 1:22:29
Epoch id: 24, Training steps: 400,  Train Loss: 0.0005,  Train Acc: 100.00%,  Train Avg Loss: 0.000,  Time: 1:22:46
Epoch id: 24, Training steps: 500,  Train Loss: 0.00022,  Train Acc: 100.00%,  Train Avg Loss: 0.000,  Time: 1:23:04
Epoch id: 24, Training steps: 600,  Train Loss: 0.00012,  Train Acc: 100.00%,  Train Avg Loss: 0.000,  Time: 1:23:21
Epoch id: 24, Training steps: 700,  Train Loss: 0.00015,  Train Acc: 100.00%,  Train Avg Loss: 0.000,  Time: 1:23:39
Epoch id: 24, Training steps: 800,  Train Loss: 0.00033,  Train Acc: 100.00%,  Train Avg Loss: 0.000,  Time: 1:23:56
Epoch id: 24, Training steps: 900,  Train Loss: 0.00018,  Train Acc: 100.00%,  Train Avg Loss: 0.000,  Time: 1:24:13
Epoch id: 24, Training steps: 1000,  Train Loss: 0.0001,  Train Acc: 100.00%,  Train Avg Loss: 0.000,  Time: 1:24:31
Epoch id: 24, Training steps: 1100,  Train Loss: 0.00058,  Train Acc: 100.00%,  Train Avg Loss: 0.000,  Time: 1:24:48
Start evaluation on dev dataset.
Acc. (Correct/Total): 56.24% micro-Prec: 0.7527 micro-Recall:0.7047 micro-F1: 0.7128 dev loss: 0.043193
Epoch id: 25, Training steps: 100,  Train Loss: 0.00011,  Train Acc: 100.00%,  Train Avg Loss: 0.000,  Time: 1:25:25
Epoch id: 25, Training steps: 200,  Train Loss: 0.00011,  Train Acc: 100.00%,  Train Avg Loss: 0.000,  Time: 1:25:43
Epoch id: 25, Training steps: 300,  Train Loss: 0.00017,  Train Acc: 100.00%,  Train Avg Loss: 0.000,  Time: 1:26:00
Epoch id: 25, Training steps: 400,  Train Loss: 0.00034,  Train Acc: 100.00%,  Train Avg Loss: 0.000,  Time: 1:26:17
Epoch id: 25, Training steps: 500,  Train Loss: 0.00025,  Train Acc: 100.00%,  Train Avg Loss: 0.000,  Time: 1:26:35
Epoch id: 25, Training steps: 600,  Train Loss: 0.00016,  Train Acc: 100.00%,  Train Avg Loss: 0.000,  Time: 1:26:52
Epoch id: 25, Training steps: 700,  Train Loss: 0.00031,  Train Acc: 100.00%,  Train Avg Loss: 0.000,  Time: 1:27:08
Epoch id: 25, Training steps: 800,  Train Loss: 0.00042,  Train Acc: 100.00%,  Train Avg Loss: 0.000,  Time: 1:27:25
Epoch id: 25, Training steps: 900,  Train Loss: 8.2e-05,  Train Acc: 100.00%,  Train Avg Loss: 0.000,  Time: 1:27:41
Epoch id: 25, Training steps: 1000,  Train Loss: 0.00046,  Train Acc: 100.00%,  Train Avg Loss: 0.000,  Time: 1:27:57
Epoch id: 25, Training steps: 1100,  Train Loss: 0.00014,  Train Acc: 100.00%,  Train Avg Loss: 0.000,  Time: 1:28:14
Start evaluation on dev dataset.
Acc. (Correct/Total): 56.62% micro-Prec: 0.7583 micro-Recall:0.7115 micro-F1: 0.7189 dev loss: 0.043604
Start evaluation on test dataset.
Acc. (Correct/Total): 61.44% micro-Prec: 0.7823 micro-Recall:0.7326 micro-F1: 0.7444 dev loss: 0.038478
Epoch id: 26, Training steps: 100,  Train Loss: 0.0005,  Train Acc: 100.00%,  Train Avg Loss: 0.000,  Time: 1:29:03
Epoch id: 26, Training steps: 200,  Train Loss: 0.0001,  Train Acc: 100.00%,  Train Avg Loss: 0.000,  Time: 1:29:20
Epoch id: 26, Training steps: 300,  Train Loss: 3.9e-05,  Train Acc: 100.00%,  Train Avg Loss: 0.000,  Time: 1:29:36
Epoch id: 26, Training steps: 400,  Train Loss: 0.00013,  Train Acc: 100.00%,  Train Avg Loss: 0.000,  Time: 1:29:53
Epoch id: 26, Training steps: 500,  Train Loss: 9.5e-05,  Train Acc: 100.00%,  Train Avg Loss: 0.000,  Time: 1:30:09
Epoch id: 26, Training steps: 600,  Train Loss: 4.1e-05,  Train Acc: 100.00%,  Train Avg Loss: 0.000,  Time: 1:30:25
Epoch id: 26, Training steps: 700,  Train Loss: 9.3e-05,  Train Acc: 100.00%,  Train Avg Loss: 0.000,  Time: 1:30:42
Epoch id: 26, Training steps: 800,  Train Loss: 0.00018,  Train Acc: 100.00%,  Train Avg Loss: 0.000,  Time: 1:30:58
Epoch id: 26, Training steps: 900,  Train Loss: 0.00015,  Train Acc: 100.00%,  Train Avg Loss: 0.000,  Time: 1:31:14
Epoch id: 26, Training steps: 1000,  Train Loss: 0.00024,  Train Acc: 100.00%,  Train Avg Loss: 0.000,  Time: 1:31:31
Epoch id: 26, Training steps: 1100,  Train Loss: 0.00018,  Train Acc: 100.00%,  Train Avg Loss: 0.000,  Time: 1:31:47
Start evaluation on dev dataset.
Acc. (Correct/Total): 56.43% micro-Prec: 0.7532 micro-Recall:0.7117 micro-F1: 0.7167 dev loss: 0.043605
Epoch id: 27, Training steps: 100,  Train Loss: 0.00022,  Train Acc: 100.00%,  Train Avg Loss: 0.000,  Time: 1:32:23
Epoch id: 27, Training steps: 200,  Train Loss: 0.00026,  Train Acc: 100.00%,  Train Avg Loss: 0.000,  Time: 1:32:40
Epoch id: 27, Training steps: 300,  Train Loss: 6.1e-05,  Train Acc: 100.00%,  Train Avg Loss: 0.000,  Time: 1:32:57
Epoch id: 27, Training steps: 400,  Train Loss: 6.1e-05,  Train Acc: 100.00%,  Train Avg Loss: 0.000,  Time: 1:33:14
Epoch id: 27, Training steps: 500,  Train Loss: 0.00032,  Train Acc: 100.00%,  Train Avg Loss: 0.000,  Time: 1:33:32
Epoch id: 27, Training steps: 600,  Train Loss: 4.8e-05,  Train Acc: 100.00%,  Train Avg Loss: 0.000,  Time: 1:33:49
Epoch id: 27, Training steps: 700,  Train Loss: 9.7e-05,  Train Acc: 100.00%,  Train Avg Loss: 0.000,  Time: 1:34:06
Epoch id: 27, Training steps: 800,  Train Loss: 0.0003,  Train Acc: 100.00%,  Train Avg Loss: 0.000,  Time: 1:34:23
Epoch id: 27, Training steps: 900,  Train Loss: 0.00022,  Train Acc: 100.00%,  Train Avg Loss: 0.000,  Time: 1:34:41
Epoch id: 27, Training steps: 1000,  Train Loss: 0.00045,  Train Acc: 100.00%,  Train Avg Loss: 0.000,  Time: 1:34:58
Epoch id: 27, Training steps: 1100,  Train Loss: 5.2e-05,  Train Acc: 100.00%,  Train Avg Loss: 0.000,  Time: 1:35:15
Start evaluation on dev dataset.
Acc. (Correct/Total): 56.14% micro-Prec: 0.7546 micro-Recall:0.7127 micro-F1: 0.7176 dev loss: 0.044917
Epoch id: 28, Training steps: 100,  Train Loss: 0.00017,  Train Acc: 100.00%,  Train Avg Loss: 0.000,  Time: 1:35:52
Epoch id: 28, Training steps: 200,  Train Loss: 0.00013,  Train Acc: 100.00%,  Train Avg Loss: 0.000,  Time: 1:36:10
Epoch id: 28, Training steps: 300,  Train Loss: 8.2e-05,  Train Acc: 100.00%,  Train Avg Loss: 0.000,  Time: 1:36:27
Epoch id: 28, Training steps: 400,  Train Loss: 6.1e-05,  Train Acc: 100.00%,  Train Avg Loss: 0.000,  Time: 1:36:44
Epoch id: 28, Training steps: 500,  Train Loss: 0.00036,  Train Acc: 100.00%,  Train Avg Loss: 0.000,  Time: 1:37:02
Epoch id: 28, Training steps: 600,  Train Loss: 0.00022,  Train Acc: 100.00%,  Train Avg Loss: 0.000,  Time: 1:37:19
Epoch id: 28, Training steps: 700,  Train Loss: 0.00031,  Train Acc: 100.00%,  Train Avg Loss: 0.000,  Time: 1:37:36
Epoch id: 28, Training steps: 800,  Train Loss: 0.00017,  Train Acc: 100.00%,  Train Avg Loss: 0.000,  Time: 1:37:53
Epoch id: 28, Training steps: 900,  Train Loss: 1.2e-05,  Train Acc: 100.00%,  Train Avg Loss: 0.000,  Time: 1:38:11
Epoch id: 28, Training steps: 1000,  Train Loss: 0.00014,  Train Acc: 100.00%,  Train Avg Loss: 0.000,  Time: 1:38:28
Epoch id: 28, Training steps: 1100,  Train Loss: 0.0003,  Train Acc: 100.00%,  Train Avg Loss: 0.000,  Time: 1:38:45
Start evaluation on dev dataset.
Acc. (Correct/Total): 56.72% micro-Prec: 0.7529 micro-Recall:0.7115 micro-F1: 0.7168 dev loss: 0.044956
Start evaluation on test dataset.
Acc. (Correct/Total): 62.55% micro-Prec: 0.7879 micro-Recall:0.7420 micro-F1: 0.7525 dev loss: 0.039877
Epoch id: 29, Training steps: 100,  Train Loss: 3.6e-05,  Train Acc: 100.00%,  Train Avg Loss: 0.000,  Time: 1:39:36
Epoch id: 29, Training steps: 200,  Train Loss: 0.00012,  Train Acc: 100.00%,  Train Avg Loss: 0.000,  Time: 1:39:53
Epoch id: 29, Training steps: 300,  Train Loss: 0.0001,  Train Acc: 100.00%,  Train Avg Loss: 0.000,  Time: 1:40:11
Epoch id: 29, Training steps: 400,  Train Loss: 7.4e-05,  Train Acc: 100.00%,  Train Avg Loss: 0.000,  Time: 1:40:28
Epoch id: 29, Training steps: 500,  Train Loss: 3.6e-05,  Train Acc: 100.00%,  Train Avg Loss: 0.000,  Time: 1:40:45
Epoch id: 29, Training steps: 600,  Train Loss: 0.00011,  Train Acc: 100.00%,  Train Avg Loss: 0.000,  Time: 1:41:03
Epoch id: 29, Training steps: 700,  Train Loss: 0.00013,  Train Acc: 100.00%,  Train Avg Loss: 0.000,  Time: 1:41:20
Epoch id: 29, Training steps: 800,  Train Loss: 0.00016,  Train Acc: 100.00%,  Train Avg Loss: 0.000,  Time: 1:41:37
Epoch id: 29, Training steps: 900,  Train Loss: 2e-05,  Train Acc: 100.00%,  Train Avg Loss: 0.000,  Time: 1:41:54
Epoch id: 29, Training steps: 1000,  Train Loss: 0.00016,  Train Acc: 100.00%,  Train Avg Loss: 0.000,  Time: 1:42:12
Epoch id: 29, Training steps: 1100,  Train Loss: 0.00014,  Train Acc: 100.00%,  Train Avg Loss: 0.000,  Time: 1:42:29
Start evaluation on dev dataset.
Acc. (Correct/Total): 57.15% micro-Prec: 0.7590 micro-Recall:0.7229 micro-F1: 0.7251 dev loss: 0.045334
Start evaluation on test dataset.
Acc. (Correct/Total): 62.41% micro-Prec: 0.7881 micro-Recall:0.7471 micro-F1: 0.7549 dev loss: 0.040801
Epoch id: 30, Training steps: 100,  Train Loss: 4.3e-05,  Train Acc: 100.00%,  Train Avg Loss: 0.000,  Time: 1:43:20
Epoch id: 30, Training steps: 200,  Train Loss: 0.00012,  Train Acc: 100.00%,  Train Avg Loss: 0.000,  Time: 1:43:38
Epoch id: 30, Training steps: 300,  Train Loss: 6.3e-05,  Train Acc: 100.00%,  Train Avg Loss: 0.000,  Time: 1:43:55
Epoch id: 30, Training steps: 400,  Train Loss: 7.4e-05,  Train Acc: 100.00%,  Train Avg Loss: 0.000,  Time: 1:44:12
Epoch id: 30, Training steps: 500,  Train Loss: 0.00021,  Train Acc: 100.00%,  Train Avg Loss: 0.000,  Time: 1:44:30
Epoch id: 30, Training steps: 600,  Train Loss: 9e-05,  Train Acc: 100.00%,  Train Avg Loss: 0.000,  Time: 1:44:47
Epoch id: 30, Training steps: 700,  Train Loss: 4e-05,  Train Acc: 100.00%,  Train Avg Loss: 0.000,  Time: 1:45:04
Epoch id: 30, Training steps: 800,  Train Loss: 4.5e-05,  Train Acc: 100.00%,  Train Avg Loss: 0.000,  Time: 1:45:21
Epoch id: 30, Training steps: 900,  Train Loss: 0.00022,  Train Acc: 100.00%,  Train Avg Loss: 0.000,  Time: 1:45:39
Epoch id: 30, Training steps: 1000,  Train Loss: 0.00013,  Train Acc: 100.00%,  Train Avg Loss: 0.000,  Time: 1:45:56
Epoch id: 30, Training steps: 1100,  Train Loss: 0.00014,  Train Acc: 100.00%,  Train Avg Loss: 0.000,  Time: 1:46:13
Start evaluation on dev dataset.
Acc. (Correct/Total): 57.01% micro-Prec: 0.7566 micro-Recall:0.7183 micro-F1: 0.7220 dev loss: 0.045689
Epoch id: 31, Training steps: 100,  Train Loss: 0.00018,  Train Acc: 100.00%,  Train Avg Loss: 0.000,  Time: 1:46:50
Epoch id: 31, Training steps: 200,  Train Loss: 5.3e-05,  Train Acc: 100.00%,  Train Avg Loss: 0.000,  Time: 1:47:08
Epoch id: 31, Training steps: 300,  Train Loss: 3.4e-05,  Train Acc: 100.00%,  Train Avg Loss: 0.000,  Time: 1:47:25
Epoch id: 31, Training steps: 400,  Train Loss: 8.8e-05,  Train Acc: 100.00%,  Train Avg Loss: 0.000,  Time: 1:47:42
Epoch id: 31, Training steps: 500,  Train Loss: 0.00026,  Train Acc: 100.00%,  Train Avg Loss: 0.000,  Time: 1:48:00
Epoch id: 31, Training steps: 600,  Train Loss: 2e-05,  Train Acc: 100.00%,  Train Avg Loss: 0.000,  Time: 1:48:17
Epoch id: 31, Training steps: 700,  Train Loss: 0.00011,  Train Acc: 100.00%,  Train Avg Loss: 0.000,  Time: 1:48:34
Epoch id: 31, Training steps: 800,  Train Loss: 0.00021,  Train Acc: 100.00%,  Train Avg Loss: 0.000,  Time: 1:48:51
Epoch id: 31, Training steps: 900,  Train Loss: 0.00011,  Train Acc: 100.00%,  Train Avg Loss: 0.000,  Time: 1:49:09
Epoch id: 31, Training steps: 1000,  Train Loss: 2.2e-05,  Train Acc: 100.00%,  Train Avg Loss: 0.000,  Time: 1:49:26
Epoch id: 31, Training steps: 1100,  Train Loss: 8.8e-05,  Train Acc: 100.00%,  Train Avg Loss: 0.000,  Time: 1:49:43
Start evaluation on dev dataset.
Acc. (Correct/Total): 57.01% micro-Prec: 0.7561 micro-Recall:0.7173 micro-F1: 0.7214 dev loss: 0.046016
Epoch id: 32, Training steps: 100,  Train Loss: 7.3e-05,  Train Acc: 100.00%,  Train Avg Loss: 0.000,  Time: 1:50:21
Epoch id: 32, Training steps: 200,  Train Loss: 3e-05,  Train Acc: 100.00%,  Train Avg Loss: 0.000,  Time: 1:50:38
Epoch id: 32, Training steps: 300,  Train Loss: 3.9e-05,  Train Acc: 100.00%,  Train Avg Loss: 0.000,  Time: 1:50:55
Epoch id: 32, Training steps: 400,  Train Loss: 4.2e-05,  Train Acc: 100.00%,  Train Avg Loss: 0.000,  Time: 1:51:13
Epoch id: 32, Training steps: 500,  Train Loss: 9.6e-05,  Train Acc: 100.00%,  Train Avg Loss: 0.000,  Time: 1:51:30
Epoch id: 32, Training steps: 600,  Train Loss: 0.00018,  Train Acc: 100.00%,  Train Avg Loss: 0.000,  Time: 1:51:47
Epoch id: 32, Training steps: 700,  Train Loss: 2.6e-05,  Train Acc: 100.00%,  Train Avg Loss: 0.000,  Time: 1:52:04
Epoch id: 32, Training steps: 800,  Train Loss: 0.00027,  Train Acc: 100.00%,  Train Avg Loss: 0.000,  Time: 1:52:22
Epoch id: 32, Training steps: 900,  Train Loss: 0.00018,  Train Acc: 100.00%,  Train Avg Loss: 0.000,  Time: 1:52:39
Epoch id: 32, Training steps: 1000,  Train Loss: 6.3e-05,  Train Acc: 100.00%,  Train Avg Loss: 0.000,  Time: 1:52:56
Epoch id: 32, Training steps: 1100,  Train Loss: 7.9e-05,  Train Acc: 100.00%,  Train Avg Loss: 0.000,  Time: 1:53:14
Start evaluation on dev dataset.
Acc. (Correct/Total): 57.10% micro-Prec: 0.7578 micro-Recall:0.7178 micro-F1: 0.7222 dev loss: 0.046076
Final evaluation on the test dataset.
Traceback (most recent call last):
  File "/home/lyq2021/experiment/K-BERT-HUGGINGFACE/run_kbert_transformers_cls.py", line 222, in <module>
    main()
  File "/home/lyq2021/experiment/K-BERT-HUGGINGFACE/run_kbert_transformers_cls.py", line 219, in main
    test(model,test_batch,base_config,args.task)
  File "/home/lyq2021/experiment/K-BERT-HUGGINGFACE/test.py", line 13, in test
    evaluate(model, test_batch, config, task, is_test=True)
TypeError: evaluate() missing 1 required positional argument: 'task'
