  0%|          | 0/82 [00:00<?, ?it/s]100%|██████████| 82/82 [00:00<00:00, 779893.26it/s]
Vocabulary Size:  39979
[BertClassifier] use visible_matrix: False
Some weights of ErnieForMultiLabelSequenceClassification were not initialized from the model checkpoint at ./models/ernie3 and are newly initialized: ['output_layer_1.bias', 'output_layer_2.bias', 'output_layer_1.weight', 'output_layer_2.weight']
You should probably TRAIN this model on a down-stream task to be able to use it for predictions and inference.
model:  ernie
pretrained:  ernie3
dataset:  book_multilabels_task
task:  MLC
seq_length:  256
hidden_dropout_prob:  0.1
attention_probs_dropout_prob:  0.1
dropout_rnn:  None
rnn_hidden:  None
epochs_num:  32
batch_size:  8
learning_rate:  2e-05
report_steps:  100
acc_percent:  0.9
kg_name:  CnDbpedia
no_kg:  True
no_vm:  True
GPU:  NVIDIA GeForce RTX 2080 Ti
1 GPUs are available. Let's use them.
device:  cuda
Start training.
Loading sentences from ./datasets/book_multilabels_task/train.tsv
There are 9097 sentence in total. We use 1 processes to inject knowledge into sentences.
Progress of process 0: 0/9097
Loading sentences from ./datasets/book_multilabels_task/dev.tsv
There are 2084 sentence in total. We use 1 processes to inject knowledge into sentences.
Progress of process 0: 0/2084
Loading sentences from ./datasets/book_multilabels_task/test.tsv
There are 2067 sentence in total. We use 1 processes to inject knowledge into sentences.
Progress of process 0: 0/2067
Epoch id: 1, Training steps: 100,  Train Loss:  0.68,  Train Acc:  0.00%,  Train Avg Loss: 0.688,  Time: 0:00:15
Epoch id: 1, Training steps: 200,  Train Loss:  0.62,  Train Acc:  0.00%,  Train Avg Loss: 0.664,  Time: 0:00:29
Epoch id: 1, Training steps: 300,  Train Loss:  0.53,  Train Acc:  0.00%,  Train Avg Loss: 0.572,  Time: 0:00:44
Epoch id: 1, Training steps: 400,  Train Loss:  0.43,  Train Acc:  0.00%,  Train Avg Loss: 0.473,  Time: 0:00:58
Epoch id: 1, Training steps: 500,  Train Loss:  0.35,  Train Acc:  0.00%,  Train Avg Loss: 0.392,  Time: 0:01:12
Epoch id: 1, Training steps: 600,  Train Loss:  0.29,  Train Acc:  0.00%,  Train Avg Loss: 0.320,  Time: 0:01:27
Epoch id: 1, Training steps: 700,  Train Loss:  0.24,  Train Acc:  0.00%,  Train Avg Loss: 0.258,  Time: 0:01:41
Epoch id: 1, Training steps: 800,  Train Loss:  0.19,  Train Acc:  0.00%,  Train Avg Loss: 0.206,  Time: 0:01:55
Epoch id: 1, Training steps: 900,  Train Loss:  0.15,  Train Acc:  0.00%,  Train Avg Loss: 0.168,  Time: 0:02:10
Epoch id: 1, Training steps: 1000,  Train Loss:  0.13,  Train Acc:  0.00%,  Train Avg Loss: 0.141,  Time: 0:02:24
Epoch id: 1, Training steps: 1100,  Train Loss:  0.12,  Train Acc:  0.00%,  Train Avg Loss: 0.123,  Time: 0:02:39
Start evaluation on dev dataset.
Acc. (Correct/Total):  0.00% micro-Prec: 0.0000 micro-Recall:0.0000 micro-F1: 0.0000 dev loss: 0.106783
Epoch id: 2, Training steps: 100,  Train Loss:  0.11,  Train Acc:  0.00%,  Train Avg Loss: 0.152,  Time: 0:03:10
Epoch id: 2, Training steps: 200,  Train Loss:  0.11,  Train Acc:  0.00%,  Train Avg Loss: 0.101,  Time: 0:03:24
Epoch id: 2, Training steps: 300,  Train Loss:  0.09,  Train Acc:  0.00%,  Train Avg Loss: 0.096,  Time: 0:03:38
Epoch id: 2, Training steps: 400,  Train Loss: 0.097,  Train Acc:  0.00%,  Train Avg Loss: 0.092,  Time: 0:03:53
Epoch id: 2, Training steps: 500,  Train Loss:  0.09,  Train Acc:  0.00%,  Train Avg Loss: 0.092,  Time: 0:04:07
Epoch id: 2, Training steps: 600,  Train Loss: 0.076,  Train Acc:  0.00%,  Train Avg Loss: 0.088,  Time: 0:04:22
Epoch id: 2, Training steps: 700,  Train Loss: 0.084,  Train Acc:  0.00%,  Train Avg Loss: 0.086,  Time: 0:04:36
Epoch id: 2, Training steps: 800,  Train Loss: 0.088,  Train Acc:  0.00%,  Train Avg Loss: 0.087,  Time: 0:04:50
Epoch id: 2, Training steps: 900,  Train Loss: 0.086,  Train Acc:  0.00%,  Train Avg Loss: 0.086,  Time: 0:05:04
Epoch id: 2, Training steps: 1000,  Train Loss: 0.085,  Train Acc:  0.00%,  Train Avg Loss: 0.084,  Time: 0:05:19
Epoch id: 2, Training steps: 1100,  Train Loss: 0.077,  Train Acc:  0.00%,  Train Avg Loss: 0.085,  Time: 0:05:33
Start evaluation on dev dataset.
Acc. (Correct/Total):  0.00% micro-Prec: 0.0000 micro-Recall:0.0000 micro-F1: 0.0000 dev loss: 0.079621
Epoch id: 3, Training steps: 100,  Train Loss: 0.069,  Train Acc:  0.00%,  Train Avg Loss: 0.114,  Time: 0:06:04
Epoch id: 3, Training steps: 200,  Train Loss: 0.081,  Train Acc:  0.00%,  Train Avg Loss: 0.085,  Time: 0:06:18
Epoch id: 3, Training steps: 300,  Train Loss: 0.089,  Train Acc:  0.00%,  Train Avg Loss: 0.084,  Time: 0:06:33
Epoch id: 3, Training steps: 400,  Train Loss: 0.092,  Train Acc:  0.00%,  Train Avg Loss: 0.084,  Time: 0:06:47
Epoch id: 3, Training steps: 500,  Train Loss: 0.089,  Train Acc:  0.00%,  Train Avg Loss: 0.083,  Time: 0:07:01
Epoch id: 3, Training steps: 600,  Train Loss: 0.075,  Train Acc:  0.00%,  Train Avg Loss: 0.083,  Time: 0:07:16
Epoch id: 3, Training steps: 700,  Train Loss: 0.082,  Train Acc:  0.00%,  Train Avg Loss: 0.084,  Time: 0:07:30
Epoch id: 3, Training steps: 800,  Train Loss: 0.083,  Train Acc:  0.00%,  Train Avg Loss: 0.081,  Time: 0:07:44
Epoch id: 3, Training steps: 900,  Train Loss: 0.079,  Train Acc:  0.00%,  Train Avg Loss: 0.083,  Time: 0:07:59
Epoch id: 3, Training steps: 1000,  Train Loss: 0.094,  Train Acc:  0.00%,  Train Avg Loss: 0.082,  Time: 0:08:13
Epoch id: 3, Training steps: 1100,  Train Loss: 0.093,  Train Acc:  0.00%,  Train Avg Loss: 0.080,  Time: 0:08:27
Start evaluation on dev dataset.
Acc. (Correct/Total):  0.00% micro-Prec: 0.0000 micro-Recall:0.0000 micro-F1: 0.0000 dev loss: 0.074899
Epoch id: 4, Training steps: 100,  Train Loss: 0.083,  Train Acc:  0.00%,  Train Avg Loss: 0.110,  Time: 0:08:58
Epoch id: 4, Training steps: 200,  Train Loss: 0.068,  Train Acc:  0.00%,  Train Avg Loss: 0.075,  Time: 0:09:13
Epoch id: 4, Training steps: 300,  Train Loss: 0.062,  Train Acc:  0.00%,  Train Avg Loss: 0.074,  Time: 0:09:27
Epoch id: 4, Training steps: 400,  Train Loss: 0.081,  Train Acc:  0.00%,  Train Avg Loss: 0.071,  Time: 0:09:42
Epoch id: 4, Training steps: 500,  Train Loss: 0.085,  Train Acc:  0.00%,  Train Avg Loss: 0.067,  Time: 0:09:57
Epoch id: 4, Training steps: 600,  Train Loss: 0.066,  Train Acc:  0.00%,  Train Avg Loss: 0.067,  Time: 0:10:11
Epoch id: 4, Training steps: 700,  Train Loss: 0.064,  Train Acc:  0.00%,  Train Avg Loss: 0.064,  Time: 0:10:26
Epoch id: 4, Training steps: 800,  Train Loss: 0.068,  Train Acc:  0.00%,  Train Avg Loss: 0.064,  Time: 0:10:40
Epoch id: 4, Training steps: 900,  Train Loss: 0.068,  Train Acc:  0.00%,  Train Avg Loss: 0.064,  Time: 0:10:54
Epoch id: 4, Training steps: 1000,  Train Loss:  0.05,  Train Acc:  0.00%,  Train Avg Loss: 0.059,  Time: 0:11:09
Epoch id: 4, Training steps: 1100,  Train Loss: 0.059,  Train Acc:  0.00%,  Train Avg Loss: 0.061,  Time: 0:11:23
Start evaluation on dev dataset.
Acc. (Correct/Total):  0.00% micro-Prec: 0.0000 micro-Recall:0.0000 micro-F1: 0.0000 dev loss: 0.053672
Epoch id: 5, Training steps: 100,  Train Loss: 0.049,  Train Acc:  0.00%,  Train Avg Loss: 0.080,  Time: 0:11:54
Epoch id: 5, Training steps: 200,  Train Loss: 0.041,  Train Acc:  0.00%,  Train Avg Loss: 0.055,  Time: 0:12:08
Epoch id: 5, Training steps: 300,  Train Loss: 0.026,  Train Acc:  0.00%,  Train Avg Loss: 0.053,  Time: 0:12:23
Epoch id: 5, Training steps: 400,  Train Loss: 0.026,  Train Acc:  0.00%,  Train Avg Loss: 0.053,  Time: 0:12:37
Epoch id: 5, Training steps: 500,  Train Loss: 0.054,  Train Acc:  0.00%,  Train Avg Loss: 0.050,  Time: 0:12:51
Epoch id: 5, Training steps: 600,  Train Loss:  0.04,  Train Acc:  0.00%,  Train Avg Loss: 0.051,  Time: 0:13:06
Epoch id: 5, Training steps: 700,  Train Loss: 0.042,  Train Acc:  0.00%,  Train Avg Loss: 0.050,  Time: 0:13:20
Epoch id: 5, Training steps: 800,  Train Loss: 0.036,  Train Acc:  0.00%,  Train Avg Loss: 0.050,  Time: 0:13:34
Epoch id: 5, Training steps: 900,  Train Loss: 0.032,  Train Acc:  0.00%,  Train Avg Loss: 0.049,  Time: 0:13:49
Epoch id: 5, Training steps: 1000,  Train Loss: 0.047,  Train Acc:  0.00%,  Train Avg Loss: 0.050,  Time: 0:14:03
Epoch id: 5, Training steps: 1100,  Train Loss: 0.051,  Train Acc:  0.00%,  Train Avg Loss: 0.047,  Time: 0:14:17
Start evaluation on dev dataset.
Acc. (Correct/Total):  0.05% micro-Prec: 0.0038 micro-Recall:0.0022 micro-F1: 0.0027 dev loss: 0.045227
Start evaluation on test dataset.
Acc. (Correct/Total):  0.00% micro-Prec: 0.0048 micro-Recall:0.0024 micro-F1: 0.0032 dev loss: 0.042648
Epoch id: 6, Training steps: 100,  Train Loss: 0.039,  Train Acc:  0.00%,  Train Avg Loss: 0.060,  Time: 0:15:00
Epoch id: 6, Training steps: 200,  Train Loss: 0.042,  Train Acc:  0.00%,  Train Avg Loss: 0.044,  Time: 0:15:14
Epoch id: 6, Training steps: 300,  Train Loss: 0.049,  Train Acc:  0.00%,  Train Avg Loss: 0.045,  Time: 0:15:29
Epoch id: 6, Training steps: 400,  Train Loss: 0.042,  Train Acc:  0.00%,  Train Avg Loss: 0.042,  Time: 0:15:43
Epoch id: 6, Training steps: 500,  Train Loss: 0.038,  Train Acc:  0.00%,  Train Avg Loss: 0.041,  Time: 0:15:57
Epoch id: 6, Training steps: 600,  Train Loss: 0.049,  Train Acc:  0.00%,  Train Avg Loss: 0.042,  Time: 0:16:11
Epoch id: 6, Training steps: 700,  Train Loss: 0.066,  Train Acc:  0.00%,  Train Avg Loss: 0.042,  Time: 0:16:26
Epoch id: 6, Training steps: 800,  Train Loss: 0.033,  Train Acc:  0.00%,  Train Avg Loss: 0.042,  Time: 0:16:40
Epoch id: 6, Training steps: 900,  Train Loss: 0.038,  Train Acc:  0.00%,  Train Avg Loss: 0.040,  Time: 0:16:54
Epoch id: 6, Training steps: 1000,  Train Loss: 0.054,  Train Acc:  0.00%,  Train Avg Loss: 0.040,  Time: 0:17:09
Epoch id: 6, Training steps: 1100,  Train Loss: 0.064,  Train Acc:  0.00%,  Train Avg Loss: 0.041,  Time: 0:17:23
Start evaluation on dev dataset.
Acc. (Correct/Total):  2.54% micro-Prec: 0.0881 micro-Recall:0.0564 micro-F1: 0.0668 dev loss: 0.040666
Start evaluation on test dataset.
Acc. (Correct/Total):  2.03% micro-Prec: 0.0922 micro-Recall:0.0564 micro-F1: 0.0683 dev loss: 0.036977
Epoch id: 7, Training steps: 100,  Train Loss: 0.036,  Train Acc:  0.00%,  Train Avg Loss: 0.050,  Time: 0:18:06
Epoch id: 7, Training steps: 200,  Train Loss: 0.038,  Train Acc:  0.00%,  Train Avg Loss: 0.035,  Time: 0:18:20
Epoch id: 7, Training steps: 300,  Train Loss:  0.03,  Train Acc:  0.00%,  Train Avg Loss: 0.038,  Time: 0:18:34
Epoch id: 7, Training steps: 400,  Train Loss: 0.019,  Train Acc: 12.50%,  Train Avg Loss: 0.037,  Time: 0:18:49
Epoch id: 7, Training steps: 500,  Train Loss: 0.031,  Train Acc:  0.00%,  Train Avg Loss: 0.035,  Time: 0:19:03
Epoch id: 7, Training steps: 600,  Train Loss: 0.032,  Train Acc: 12.50%,  Train Avg Loss: 0.037,  Time: 0:19:17
Epoch id: 7, Training steps: 700,  Train Loss: 0.027,  Train Acc:  0.00%,  Train Avg Loss: 0.035,  Time: 0:19:31
Epoch id: 7, Training steps: 800,  Train Loss: 0.024,  Train Acc:  0.00%,  Train Avg Loss: 0.037,  Time: 0:19:46
Epoch id: 7, Training steps: 900,  Train Loss: 0.032,  Train Acc:  0.00%,  Train Avg Loss: 0.038,  Time: 0:20:00
Epoch id: 7, Training steps: 1000,  Train Loss: 0.043,  Train Acc: 12.50%,  Train Avg Loss: 0.033,  Time: 0:20:14
Epoch id: 7, Training steps: 1100,  Train Loss: 0.027,  Train Acc:  0.00%,  Train Avg Loss: 0.033,  Time: 0:20:31
Start evaluation on dev dataset.
Acc. (Correct/Total): 10.99% micro-Prec: 0.2150 micro-Recall:0.1624 micro-F1: 0.1798 dev loss: 0.038465
Start evaluation on test dataset.
Acc. (Correct/Total): 11.42% micro-Prec: 0.2400 micro-Recall:0.1770 micro-F1: 0.1979 dev loss: 0.034476
Epoch id: 8, Training steps: 100,  Train Loss: 0.025,  Train Acc:  0.00%,  Train Avg Loss: 0.043,  Time: 0:21:20
Epoch id: 8, Training steps: 200,  Train Loss: 0.042,  Train Acc: 12.50%,  Train Avg Loss: 0.032,  Time: 0:21:36
Epoch id: 8, Training steps: 300,  Train Loss: 0.019,  Train Acc: 12.50%,  Train Avg Loss: 0.032,  Time: 0:21:52
Epoch id: 8, Training steps: 400,  Train Loss: 0.036,  Train Acc: 37.50%,  Train Avg Loss: 0.033,  Time: 0:22:08
Epoch id: 8, Training steps: 500,  Train Loss: 0.028,  Train Acc:  0.00%,  Train Avg Loss: 0.032,  Time: 0:22:24
Epoch id: 8, Training steps: 600,  Train Loss: 0.039,  Train Acc:  0.00%,  Train Avg Loss: 0.032,  Time: 0:22:41
Epoch id: 8, Training steps: 700,  Train Loss: 0.019,  Train Acc: 12.50%,  Train Avg Loss: 0.030,  Time: 0:22:57
Epoch id: 8, Training steps: 800,  Train Loss: 0.051,  Train Acc:  0.00%,  Train Avg Loss: 0.032,  Time: 0:23:13
Epoch id: 8, Training steps: 900,  Train Loss: 0.024,  Train Acc:  0.00%,  Train Avg Loss: 0.030,  Time: 0:23:29
Epoch id: 8, Training steps: 1000,  Train Loss: 0.043,  Train Acc: 12.50%,  Train Avg Loss: 0.031,  Time: 0:23:46
Epoch id: 8, Training steps: 1100,  Train Loss: 0.026,  Train Acc: 25.00%,  Train Avg Loss: 0.031,  Time: 0:24:02
Start evaluation on dev dataset.
Acc. (Correct/Total): 24.14% micro-Prec: 0.3750 micro-Recall:0.3129 micro-F1: 0.3327 dev loss: 0.035638
Start evaluation on test dataset.
Acc. (Correct/Total): 27.82% micro-Prec: 0.4211 micro-Recall:0.3525 micro-F1: 0.3752 dev loss: 0.031731
Epoch id: 9, Training steps: 100,  Train Loss: 0.032,  Train Acc: 12.50%,  Train Avg Loss: 0.039,  Time: 0:24:51
Epoch id: 9, Training steps: 200,  Train Loss: 0.025,  Train Acc: 25.00%,  Train Avg Loss: 0.028,  Time: 0:25:07
Epoch id: 9, Training steps: 300,  Train Loss: 0.029,  Train Acc: 25.00%,  Train Avg Loss: 0.028,  Time: 0:25:24
Epoch id: 9, Training steps: 400,  Train Loss: 0.034,  Train Acc: 25.00%,  Train Avg Loss: 0.027,  Time: 0:25:40
Epoch id: 9, Training steps: 500,  Train Loss: 0.023,  Train Acc: 37.50%,  Train Avg Loss: 0.028,  Time: 0:25:56
Epoch id: 9, Training steps: 600,  Train Loss: 0.006,  Train Acc: 62.50%,  Train Avg Loss: 0.028,  Time: 0:26:12
Epoch id: 9, Training steps: 700,  Train Loss: 0.011,  Train Acc: 25.00%,  Train Avg Loss: 0.028,  Time: 0:26:29
Epoch id: 9, Training steps: 800,  Train Loss: 0.018,  Train Acc: 37.50%,  Train Avg Loss: 0.028,  Time: 0:26:45
Epoch id: 9, Training steps: 900,  Train Loss: 0.047,  Train Acc: 12.50%,  Train Avg Loss: 0.028,  Time: 0:27:01
Epoch id: 9, Training steps: 1000,  Train Loss: 0.016,  Train Acc: 25.00%,  Train Avg Loss: 0.030,  Time: 0:27:17
Epoch id: 9, Training steps: 1100,  Train Loss: 0.046,  Train Acc: 25.00%,  Train Avg Loss: 0.028,  Time: 0:27:33
Start evaluation on dev dataset.
Acc. (Correct/Total): 22.17% micro-Prec: 0.3726 micro-Recall:0.3001 micro-F1: 0.3235 dev loss: 0.034873
Epoch id: 10, Training steps: 100,  Train Loss: 0.022,  Train Acc:  0.00%,  Train Avg Loss: 0.036,  Time: 0:28:09
Epoch id: 10, Training steps: 200,  Train Loss: 0.012,  Train Acc: 75.00%,  Train Avg Loss: 0.025,  Time: 0:28:25
Epoch id: 10, Training steps: 300,  Train Loss: 0.029,  Train Acc: 25.00%,  Train Avg Loss: 0.027,  Time: 0:28:41
Epoch id: 10, Training steps: 400,  Train Loss: 0.026,  Train Acc: 25.00%,  Train Avg Loss: 0.024,  Time: 0:28:57
Epoch id: 10, Training steps: 500,  Train Loss: 0.034,  Train Acc: 25.00%,  Train Avg Loss: 0.024,  Time: 0:29:13
Epoch id: 10, Training steps: 600,  Train Loss: 0.033,  Train Acc: 25.00%,  Train Avg Loss: 0.025,  Time: 0:29:30
Epoch id: 10, Training steps: 700,  Train Loss: 0.012,  Train Acc: 50.00%,  Train Avg Loss: 0.026,  Time: 0:29:46
Epoch id: 10, Training steps: 800,  Train Loss: 0.029,  Train Acc: 25.00%,  Train Avg Loss: 0.025,  Time: 0:30:03
Epoch id: 10, Training steps: 900,  Train Loss: 0.021,  Train Acc: 12.50%,  Train Avg Loss: 0.026,  Time: 0:30:19
Epoch id: 10, Training steps: 1000,  Train Loss: 0.023,  Train Acc: 37.50%,  Train Avg Loss: 0.027,  Time: 0:30:35
Epoch id: 10, Training steps: 1100,  Train Loss: 0.022,  Train Acc: 75.00%,  Train Avg Loss: 0.027,  Time: 0:30:51
Start evaluation on dev dataset.
Acc. (Correct/Total): 25.29% micro-Prec: 0.4014 micro-Recall:0.3297 micro-F1: 0.3529 dev loss: 0.033115
Start evaluation on test dataset.
Acc. (Correct/Total): 30.43% micro-Prec: 0.4611 micro-Recall:0.3837 micro-F1: 0.4094 dev loss: 0.029344
Epoch id: 11, Training steps: 100,  Train Loss: 0.011,  Train Acc: 62.50%,  Train Avg Loss: 0.033,  Time: 0:31:40
Epoch id: 11, Training steps: 200,  Train Loss:  0.04,  Train Acc: 25.00%,  Train Avg Loss: 0.024,  Time: 0:31:56
Epoch id: 11, Training steps: 300,  Train Loss:  0.01,  Train Acc: 62.50%,  Train Avg Loss: 0.025,  Time: 0:32:13
Epoch id: 11, Training steps: 400,  Train Loss: 0.011,  Train Acc: 37.50%,  Train Avg Loss: 0.023,  Time: 0:32:29
Epoch id: 11, Training steps: 500,  Train Loss: 0.0068,  Train Acc: 50.00%,  Train Avg Loss: 0.025,  Time: 0:32:45
Epoch id: 11, Training steps: 600,  Train Loss: 0.015,  Train Acc: 50.00%,  Train Avg Loss: 0.021,  Time: 0:33:01
Epoch id: 11, Training steps: 700,  Train Loss: 0.024,  Train Acc: 50.00%,  Train Avg Loss: 0.024,  Time: 0:33:17
Epoch id: 11, Training steps: 800,  Train Loss: 0.017,  Train Acc: 62.50%,  Train Avg Loss: 0.022,  Time: 0:33:34
Epoch id: 11, Training steps: 900,  Train Loss: 0.0078,  Train Acc: 37.50%,  Train Avg Loss: 0.023,  Time: 0:33:50
Epoch id: 11, Training steps: 1000,  Train Loss: 0.028,  Train Acc: 25.00%,  Train Avg Loss: 0.022,  Time: 0:34:07
Epoch id: 11, Training steps: 1100,  Train Loss: 0.0071,  Train Acc: 62.50%,  Train Avg Loss: 0.022,  Time: 0:34:23
Start evaluation on dev dataset.
Acc. (Correct/Total): 33.16% micro-Prec: 0.5067 micro-Recall:0.4248 micro-F1: 0.4510 dev loss: 0.034019
Start evaluation on test dataset.
Acc. (Correct/Total): 38.03% micro-Prec: 0.5547 micro-Recall:0.4704 micro-F1: 0.4982 dev loss: 0.028978
Epoch id: 12, Training steps: 100,  Train Loss: 0.021,  Train Acc: 50.00%,  Train Avg Loss: 0.029,  Time: 0:35:12
Epoch id: 12, Training steps: 200,  Train Loss: 0.026,  Train Acc: 50.00%,  Train Avg Loss: 0.021,  Time: 0:35:28
Epoch id: 12, Training steps: 300,  Train Loss: 0.014,  Train Acc: 50.00%,  Train Avg Loss: 0.019,  Time: 0:35:44
Epoch id: 12, Training steps: 400,  Train Loss: 0.033,  Train Acc: 62.50%,  Train Avg Loss: 0.022,  Time: 0:36:00
Epoch id: 12, Training steps: 500,  Train Loss: 0.015,  Train Acc: 37.50%,  Train Avg Loss: 0.020,  Time: 0:36:16
Epoch id: 12, Training steps: 600,  Train Loss: 0.024,  Train Acc: 50.00%,  Train Avg Loss: 0.021,  Time: 0:36:33
Epoch id: 12, Training steps: 700,  Train Loss: 0.031,  Train Acc:  0.00%,  Train Avg Loss: 0.020,  Time: 0:36:49
Epoch id: 12, Training steps: 800,  Train Loss: 0.012,  Train Acc: 37.50%,  Train Avg Loss: 0.020,  Time: 0:37:05
Epoch id: 12, Training steps: 900,  Train Loss: 0.019,  Train Acc: 12.50%,  Train Avg Loss: 0.020,  Time: 0:37:21
Epoch id: 12, Training steps: 1000,  Train Loss: 0.0055,  Train Acc: 75.00%,  Train Avg Loss: 0.018,  Time: 0:37:38
Epoch id: 12, Training steps: 1100,  Train Loss: 0.029,  Train Acc: 37.50%,  Train Avg Loss: 0.020,  Time: 0:37:54
Start evaluation on dev dataset.
Acc. (Correct/Total): 31.96% micro-Prec: 0.4923 micro-Recall:0.4103 micro-F1: 0.4369 dev loss: 0.033579
Epoch id: 13, Training steps: 100,  Train Loss: 0.011,  Train Acc: 62.50%,  Train Avg Loss: 0.027,  Time: 0:38:30
Epoch id: 13, Training steps: 200,  Train Loss: 0.013,  Train Acc: 25.00%,  Train Avg Loss: 0.019,  Time: 0:38:46
Epoch id: 13, Training steps: 300,  Train Loss: 0.024,  Train Acc: 25.00%,  Train Avg Loss: 0.019,  Time: 0:39:02
Epoch id: 13, Training steps: 400,  Train Loss: 0.0079,  Train Acc: 50.00%,  Train Avg Loss: 0.019,  Time: 0:39:18
Epoch id: 13, Training steps: 500,  Train Loss: 0.035,  Train Acc: 37.50%,  Train Avg Loss: 0.019,  Time: 0:39:35
Epoch id: 13, Training steps: 600,  Train Loss: 0.0072,  Train Acc: 50.00%,  Train Avg Loss: 0.019,  Time: 0:39:51
Epoch id: 13, Training steps: 700,  Train Loss: 0.005,  Train Acc: 37.50%,  Train Avg Loss: 0.018,  Time: 0:40:07
Epoch id: 13, Training steps: 800,  Train Loss: 0.028,  Train Acc: 62.50%,  Train Avg Loss: 0.017,  Time: 0:40:23
Epoch id: 13, Training steps: 900,  Train Loss: 0.023,  Train Acc: 25.00%,  Train Avg Loss: 0.018,  Time: 0:40:39
Epoch id: 13, Training steps: 1000,  Train Loss: 0.021,  Train Acc: 37.50%,  Train Avg Loss: 0.018,  Time: 0:40:56
Epoch id: 13, Training steps: 1100,  Train Loss: 0.021,  Train Acc: 50.00%,  Train Avg Loss: 0.018,  Time: 0:41:12
Start evaluation on dev dataset.
Acc. (Correct/Total): 37.57% micro-Prec: 0.5612 micro-Recall:0.4752 micro-F1: 0.5028 dev loss: 0.033119
Start evaluation on test dataset.
Acc. (Correct/Total): 43.64% micro-Prec: 0.6101 micro-Recall:0.5271 micro-F1: 0.5546 dev loss: 0.028435
Epoch id: 14, Training steps: 100,  Train Loss: 0.017,  Train Acc: 37.50%,  Train Avg Loss: 0.022,  Time: 0:42:01
Epoch id: 14, Training steps: 200,  Train Loss: 0.011,  Train Acc: 37.50%,  Train Avg Loss: 0.012,  Time: 0:42:17
Epoch id: 14, Training steps: 300,  Train Loss: 0.011,  Train Acc: 37.50%,  Train Avg Loss: 0.012,  Time: 0:42:33
Epoch id: 14, Training steps: 400,  Train Loss: 0.022,  Train Acc: 25.00%,  Train Avg Loss: 0.011,  Time: 0:42:50
Epoch id: 14, Training steps: 500,  Train Loss: 0.0057,  Train Acc: 75.00%,  Train Avg Loss: 0.010,  Time: 0:43:06
Epoch id: 14, Training steps: 600,  Train Loss: 0.014,  Train Acc: 62.50%,  Train Avg Loss: 0.010,  Time: 0:43:22
Epoch id: 14, Training steps: 700,  Train Loss: 0.0039,  Train Acc: 62.50%,  Train Avg Loss: 0.011,  Time: 0:43:39
Epoch id: 14, Training steps: 800,  Train Loss: 0.0084,  Train Acc: 62.50%,  Train Avg Loss: 0.011,  Time: 0:43:55
Epoch id: 14, Training steps: 900,  Train Loss: 0.0072,  Train Acc: 75.00%,  Train Avg Loss: 0.010,  Time: 0:44:11
Epoch id: 14, Training steps: 1000,  Train Loss: 0.0045,  Train Acc: 62.50%,  Train Avg Loss: 0.010,  Time: 0:44:27
Epoch id: 14, Training steps: 1100,  Train Loss: 0.028,  Train Acc: 37.50%,  Train Avg Loss: 0.011,  Time: 0:44:44
Start evaluation on dev dataset.
Acc. (Correct/Total): 39.01% micro-Prec: 0.5753 micro-Recall:0.4895 micro-F1: 0.5171 dev loss: 0.034025
Start evaluation on test dataset.
Acc. (Correct/Total): 43.73% micro-Prec: 0.6105 micro-Recall:0.5286 micro-F1: 0.5554 dev loss: 0.029350
Epoch id: 15, Training steps: 100,  Train Loss: 0.0021,  Train Acc: 75.00%,  Train Avg Loss: 0.014,  Time: 0:45:32
Epoch id: 15, Training steps: 200,  Train Loss: 0.011,  Train Acc: 50.00%,  Train Avg Loss: 0.009,  Time: 0:45:48
Epoch id: 15, Training steps: 300,  Train Loss: 0.013,  Train Acc: 25.00%,  Train Avg Loss: 0.009,  Time: 0:46:04
Epoch id: 15, Training steps: 400,  Train Loss: 0.0034,  Train Acc: 75.00%,  Train Avg Loss: 0.010,  Time: 0:46:21
Epoch id: 15, Training steps: 500,  Train Loss: 0.012,  Train Acc: 50.00%,  Train Avg Loss: 0.009,  Time: 0:46:37
Epoch id: 15, Training steps: 600,  Train Loss: 0.012,  Train Acc: 62.50%,  Train Avg Loss: 0.009,  Time: 0:46:53
Epoch id: 15, Training steps: 700,  Train Loss: 0.017,  Train Acc: 50.00%,  Train Avg Loss: 0.010,  Time: 0:47:09
Epoch id: 15, Training steps: 800,  Train Loss: 0.0064,  Train Acc: 62.50%,  Train Avg Loss: 0.009,  Time: 0:47:26
Epoch id: 15, Training steps: 900,  Train Loss: 0.005,  Train Acc: 75.00%,  Train Avg Loss: 0.009,  Time: 0:47:42
Epoch id: 15, Training steps: 1000,  Train Loss: 0.0028,  Train Acc: 87.50%,  Train Avg Loss: 0.011,  Time: 0:47:58
Epoch id: 15, Training steps: 1100,  Train Loss: 0.029,  Train Acc: 37.50%,  Train Avg Loss: 0.010,  Time: 0:48:14
Start evaluation on dev dataset.
Acc. (Correct/Total): 40.31% micro-Prec: 0.5984 micro-Recall:0.5073 micro-F1: 0.5369 dev loss: 0.034314
Start evaluation on test dataset.
Acc. (Correct/Total): 45.04% micro-Prec: 0.6333 micro-Recall:0.5470 micro-F1: 0.5755 dev loss: 0.029251
Epoch id: 16, Training steps: 100,  Train Loss: 0.023,  Train Acc: 62.50%,  Train Avg Loss: 0.021,  Time: 0:49:03
Epoch id: 16, Training steps: 200,  Train Loss: 0.0084,  Train Acc: 50.00%,  Train Avg Loss: 0.010,  Time: 0:49:19
Epoch id: 16, Training steps: 300,  Train Loss: 0.0089,  Train Acc: 50.00%,  Train Avg Loss: 0.008,  Time: 0:49:35
Epoch id: 16, Training steps: 400,  Train Loss: 0.0029,  Train Acc: 75.00%,  Train Avg Loss: 0.009,  Time: 0:49:52
Epoch id: 16, Training steps: 500,  Train Loss: 0.005,  Train Acc: 50.00%,  Train Avg Loss: 0.008,  Time: 0:50:08
Epoch id: 16, Training steps: 600,  Train Loss: 0.038,  Train Acc: 37.50%,  Train Avg Loss: 0.008,  Time: 0:50:24
Epoch id: 16, Training steps: 700,  Train Loss: 0.0093,  Train Acc: 37.50%,  Train Avg Loss: 0.008,  Time: 0:50:40
Epoch id: 16, Training steps: 800,  Train Loss: 0.022,  Train Acc: 37.50%,  Train Avg Loss: 0.008,  Time: 0:50:55
Epoch id: 16, Training steps: 900,  Train Loss: 0.023,  Train Acc: 12.50%,  Train Avg Loss: 0.008,  Time: 0:51:09
Epoch id: 16, Training steps: 1000,  Train Loss: 0.0077,  Train Acc: 50.00%,  Train Avg Loss: 0.008,  Time: 0:51:23
Epoch id: 16, Training steps: 1100,  Train Loss: 0.0022,  Train Acc: 87.50%,  Train Avg Loss: 0.008,  Time: 0:51:38
Start evaluation on dev dataset.
Acc. (Correct/Total): 42.47% micro-Prec: 0.6300 micro-Recall:0.5355 micro-F1: 0.5658 dev loss: 0.034782
Start evaluation on test dataset.
Acc. (Correct/Total): 47.07% micro-Prec: 0.6749 micro-Recall:0.5760 micro-F1: 0.6085 dev loss: 0.029138
Epoch id: 17, Training steps: 100,  Train Loss: 0.007,  Train Acc: 50.00%,  Train Avg Loss: 0.011,  Time: 0:52:21
Epoch id: 17, Training steps: 200,  Train Loss: 0.0049,  Train Acc: 87.50%,  Train Avg Loss: 0.008,  Time: 0:52:36
Epoch id: 17, Training steps: 300,  Train Loss: 0.0057,  Train Acc: 62.50%,  Train Avg Loss: 0.008,  Time: 0:52:51
Epoch id: 17, Training steps: 400,  Train Loss: 0.012,  Train Acc: 37.50%,  Train Avg Loss: 0.007,  Time: 0:53:05
Epoch id: 17, Training steps: 500,  Train Loss: 0.0035,  Train Acc: 62.50%,  Train Avg Loss: 0.007,  Time: 0:53:19
Epoch id: 17, Training steps: 600,  Train Loss: 0.0065,  Train Acc: 62.50%,  Train Avg Loss: 0.007,  Time: 0:53:34
Epoch id: 17, Training steps: 700,  Train Loss: 0.005,  Train Acc: 75.00%,  Train Avg Loss: 0.007,  Time: 0:53:48
Epoch id: 17, Training steps: 800,  Train Loss: 0.0013,  Train Acc: 100.00%,  Train Avg Loss: 0.006,  Time: 0:54:02
Epoch id: 17, Training steps: 900,  Train Loss: 0.016,  Train Acc: 50.00%,  Train Avg Loss: 0.008,  Time: 0:54:17
Epoch id: 17, Training steps: 1000,  Train Loss: 0.0046,  Train Acc: 75.00%,  Train Avg Loss: 0.007,  Time: 0:54:31
Epoch id: 17, Training steps: 1100,  Train Loss: 0.023,  Train Acc: 37.50%,  Train Avg Loss: 0.007,  Time: 0:54:45
Start evaluation on dev dataset.
Acc. (Correct/Total): 42.27% micro-Prec: 0.6192 micro-Recall:0.5318 micro-F1: 0.5592 dev loss: 0.036481
Epoch id: 18, Training steps: 100,  Train Loss: 0.0072,  Train Acc: 62.50%,  Train Avg Loss: 0.009,  Time: 0:55:16
Epoch id: 18, Training steps: 200,  Train Loss: 0.0066,  Train Acc: 50.00%,  Train Avg Loss: 0.007,  Time: 0:55:30
Epoch id: 18, Training steps: 300,  Train Loss: 0.015,  Train Acc: 50.00%,  Train Avg Loss: 0.006,  Time: 0:55:45
Epoch id: 18, Training steps: 400,  Train Loss: 0.0038,  Train Acc: 62.50%,  Train Avg Loss: 0.007,  Time: 0:55:59
Epoch id: 18, Training steps: 500,  Train Loss: 0.0095,  Train Acc: 62.50%,  Train Avg Loss: 0.006,  Time: 0:56:13
Epoch id: 18, Training steps: 600,  Train Loss: 0.0036,  Train Acc: 62.50%,  Train Avg Loss: 0.005,  Time: 0:56:28
Epoch id: 18, Training steps: 700,  Train Loss: 0.0017,  Train Acc: 100.00%,  Train Avg Loss: 0.007,  Time: 0:56:42
Epoch id: 18, Training steps: 800,  Train Loss: 0.014,  Train Acc: 62.50%,  Train Avg Loss: 0.007,  Time: 0:56:56
Epoch id: 18, Training steps: 900,  Train Loss: 0.0022,  Train Acc: 87.50%,  Train Avg Loss: 0.006,  Time: 0:57:10
Epoch id: 18, Training steps: 1000,  Train Loss: 0.0094,  Train Acc: 75.00%,  Train Avg Loss: 0.007,  Time: 0:57:25
Epoch id: 18, Training steps: 1100,  Train Loss: 0.0012,  Train Acc: 87.50%,  Train Avg Loss: 0.006,  Time: 0:57:39
Start evaluation on dev dataset.
Acc. (Correct/Total): 44.29% micro-Prec: 0.6386 micro-Recall:0.5515 micro-F1: 0.5793 dev loss: 0.036044
Start evaluation on test dataset.
Acc. (Correct/Total): 50.46% micro-Prec: 0.6971 micro-Recall:0.6084 micro-F1: 0.6371 dev loss: 0.029716
Epoch id: 19, Training steps: 100,  Train Loss: 0.0047,  Train Acc: 75.00%,  Train Avg Loss: 0.007,  Time: 0:58:22
Epoch id: 19, Training steps: 200,  Train Loss: 0.0077,  Train Acc: 75.00%,  Train Avg Loss: 0.005,  Time: 0:58:38
Epoch id: 19, Training steps: 300,  Train Loss: 0.0051,  Train Acc: 62.50%,  Train Avg Loss: 0.006,  Time: 0:58:52
Epoch id: 19, Training steps: 400,  Train Loss: 0.0079,  Train Acc: 75.00%,  Train Avg Loss: 0.005,  Time: 0:59:06
Epoch id: 19, Training steps: 500,  Train Loss: 0.0032,  Train Acc: 75.00%,  Train Avg Loss: 0.005,  Time: 0:59:21
Epoch id: 19, Training steps: 600,  Train Loss: 0.0094,  Train Acc: 62.50%,  Train Avg Loss: 0.006,  Time: 0:59:35
Epoch id: 19, Training steps: 700,  Train Loss: 0.0018,  Train Acc: 100.00%,  Train Avg Loss: 0.006,  Time: 0:59:49
Epoch id: 19, Training steps: 800,  Train Loss: 0.0069,  Train Acc: 62.50%,  Train Avg Loss: 0.006,  Time: 1:00:03
Epoch id: 19, Training steps: 900,  Train Loss: 0.0021,  Train Acc: 87.50%,  Train Avg Loss: 0.006,  Time: 1:00:18
Epoch id: 19, Training steps: 1000,  Train Loss: 0.0057,  Train Acc: 50.00%,  Train Avg Loss: 0.005,  Time: 1:00:32
Epoch id: 19, Training steps: 1100,  Train Loss: 0.0042,  Train Acc: 50.00%,  Train Avg Loss: 0.005,  Time: 1:00:46
Start evaluation on dev dataset.
Acc. (Correct/Total): 43.95% micro-Prec: 0.6287 micro-Recall:0.5475 micro-F1: 0.5729 dev loss: 0.035853
Epoch id: 20, Training steps: 100,  Train Loss: 0.0055,  Train Acc: 87.50%,  Train Avg Loss: 0.007,  Time: 1:01:17
Epoch id: 20, Training steps: 200,  Train Loss: 0.0062,  Train Acc: 75.00%,  Train Avg Loss: 0.006,  Time: 1:01:32
Epoch id: 20, Training steps: 300,  Train Loss: 0.0075,  Train Acc: 62.50%,  Train Avg Loss: 0.005,  Time: 1:01:46
Epoch id: 20, Training steps: 400,  Train Loss: 0.0039,  Train Acc: 62.50%,  Train Avg Loss: 0.004,  Time: 1:02:00
Epoch id: 20, Training steps: 500,  Train Loss: 0.0076,  Train Acc: 62.50%,  Train Avg Loss: 0.005,  Time: 1:02:14
Epoch id: 20, Training steps: 600,  Train Loss: 0.012,  Train Acc: 37.50%,  Train Avg Loss: 0.005,  Time: 1:02:29
Epoch id: 20, Training steps: 700,  Train Loss: 0.0031,  Train Acc: 87.50%,  Train Avg Loss: 0.005,  Time: 1:02:43
Epoch id: 20, Training steps: 800,  Train Loss:  0.01,  Train Acc: 50.00%,  Train Avg Loss: 0.005,  Time: 1:02:57
Epoch id: 20, Training steps: 900,  Train Loss: 0.0072,  Train Acc: 62.50%,  Train Avg Loss: 0.005,  Time: 1:03:12
Epoch id: 20, Training steps: 1000,  Train Loss: 0.0053,  Train Acc: 75.00%,  Train Avg Loss: 0.005,  Time: 1:03:26
Epoch id: 20, Training steps: 1100,  Train Loss: 0.0028,  Train Acc: 75.00%,  Train Avg Loss: 0.004,  Time: 1:03:40
Start evaluation on dev dataset.
Acc. (Correct/Total): 45.73% micro-Prec: 0.6630 micro-Recall:0.5711 micro-F1: 0.6002 dev loss: 0.036303
Start evaluation on test dataset.
Acc. (Correct/Total): 51.23% micro-Prec: 0.7046 micro-Recall:0.6164 micro-F1: 0.6449 dev loss: 0.030530
Epoch id: 21, Training steps: 100,  Train Loss: 0.0035,  Train Acc: 62.50%,  Train Avg Loss: 0.006,  Time: 1:04:24
Epoch id: 21, Training steps: 200,  Train Loss: 0.0042,  Train Acc: 50.00%,  Train Avg Loss: 0.005,  Time: 1:04:41
Epoch id: 21, Training steps: 300,  Train Loss: 0.0038,  Train Acc: 87.50%,  Train Avg Loss: 0.004,  Time: 1:04:57
Epoch id: 21, Training steps: 400,  Train Loss: 0.002,  Train Acc: 100.00%,  Train Avg Loss: 0.004,  Time: 1:05:14
Epoch id: 21, Training steps: 500,  Train Loss: 0.008,  Train Acc: 50.00%,  Train Avg Loss: 0.004,  Time: 1:05:30
Epoch id: 21, Training steps: 600,  Train Loss: 0.0078,  Train Acc: 75.00%,  Train Avg Loss: 0.004,  Time: 1:05:47
Epoch id: 21, Training steps: 700,  Train Loss: 0.0028,  Train Acc: 75.00%,  Train Avg Loss: 0.004,  Time: 1:06:03
Epoch id: 21, Training steps: 800,  Train Loss:  0.01,  Train Acc: 62.50%,  Train Avg Loss: 0.005,  Time: 1:06:20
Epoch id: 21, Training steps: 900,  Train Loss: 0.0047,  Train Acc: 75.00%,  Train Avg Loss: 0.004,  Time: 1:06:36
Epoch id: 21, Training steps: 1000,  Train Loss: 0.007,  Train Acc: 75.00%,  Train Avg Loss: 0.004,  Time: 1:06:53
Epoch id: 21, Training steps: 1100,  Train Loss: 0.0021,  Train Acc: 75.00%,  Train Avg Loss: 0.004,  Time: 1:07:09
Start evaluation on dev dataset.
Acc. (Correct/Total): 46.59% micro-Prec: 0.6687 micro-Recall:0.5833 micro-F1: 0.6095 dev loss: 0.036272
Start evaluation on test dataset.
Acc. (Correct/Total): 52.30% micro-Prec: 0.7055 micro-Recall:0.6218 micro-F1: 0.6491 dev loss: 0.030428
Epoch id: 22, Training steps: 100,  Train Loss: 0.0061,  Train Acc: 37.50%,  Train Avg Loss: 0.005,  Time: 1:07:57
Epoch id: 22, Training steps: 200,  Train Loss: 0.0044,  Train Acc: 75.00%,  Train Avg Loss: 0.004,  Time: 1:08:11
Epoch id: 22, Training steps: 300,  Train Loss: 0.0053,  Train Acc: 62.50%,  Train Avg Loss: 0.004,  Time: 1:08:25
Epoch id: 22, Training steps: 400,  Train Loss: 0.0016,  Train Acc: 87.50%,  Train Avg Loss: 0.003,  Time: 1:08:40
Epoch id: 22, Training steps: 500,  Train Loss: 0.0043,  Train Acc: 75.00%,  Train Avg Loss: 0.004,  Time: 1:08:54
Epoch id: 22, Training steps: 600,  Train Loss: 0.0015,  Train Acc: 87.50%,  Train Avg Loss: 0.004,  Time: 1:09:08
Epoch id: 22, Training steps: 700,  Train Loss: 0.0062,  Train Acc: 87.50%,  Train Avg Loss: 0.004,  Time: 1:09:23
Epoch id: 22, Training steps: 800,  Train Loss: 0.0019,  Train Acc: 87.50%,  Train Avg Loss: 0.004,  Time: 1:09:37
Epoch id: 22, Training steps: 900,  Train Loss: 0.0018,  Train Acc: 75.00%,  Train Avg Loss: 0.004,  Time: 1:09:51
Epoch id: 22, Training steps: 1000,  Train Loss: 0.014,  Train Acc: 50.00%,  Train Avg Loss: 0.004,  Time: 1:10:05
Epoch id: 22, Training steps: 1100,  Train Loss: 0.0012,  Train Acc: 100.00%,  Train Avg Loss: 0.004,  Time: 1:10:20
Start evaluation on dev dataset.
Acc. (Correct/Total): 47.22% micro-Prec: 0.6870 micro-Recall:0.5973 micro-F1: 0.6247 dev loss: 0.037760
Start evaluation on test dataset.
Acc. (Correct/Total): 53.94% micro-Prec: 0.7289 micro-Recall:0.6452 micro-F1: 0.6718 dev loss: 0.030326
Epoch id: 23, Training steps: 100,  Train Loss: 0.0034,  Train Acc: 62.50%,  Train Avg Loss: 0.006,  Time: 1:11:08
Epoch id: 23, Training steps: 200,  Train Loss: 0.0017,  Train Acc: 87.50%,  Train Avg Loss: 0.004,  Time: 1:11:24
Epoch id: 23, Training steps: 300,  Train Loss: 0.002,  Train Acc: 87.50%,  Train Avg Loss: 0.003,  Time: 1:11:41
Epoch id: 23, Training steps: 400,  Train Loss: 0.00048,  Train Acc: 100.00%,  Train Avg Loss: 0.004,  Time: 1:11:57
Epoch id: 23, Training steps: 500,  Train Loss: 0.0024,  Train Acc: 87.50%,  Train Avg Loss: 0.004,  Time: 1:12:14
Epoch id: 23, Training steps: 600,  Train Loss: 0.002,  Train Acc: 75.00%,  Train Avg Loss: 0.003,  Time: 1:12:30
Epoch id: 23, Training steps: 700,  Train Loss: 0.001,  Train Acc: 100.00%,  Train Avg Loss: 0.003,  Time: 1:12:47
Epoch id: 23, Training steps: 800,  Train Loss: 0.002,  Train Acc: 87.50%,  Train Avg Loss: 0.004,  Time: 1:13:03
Epoch id: 23, Training steps: 900,  Train Loss: 0.0057,  Train Acc: 62.50%,  Train Avg Loss: 0.003,  Time: 1:13:20
Epoch id: 23, Training steps: 1000,  Train Loss: 0.0018,  Train Acc: 100.00%,  Train Avg Loss: 0.003,  Time: 1:13:36
Epoch id: 23, Training steps: 1100,  Train Loss: 0.012,  Train Acc: 50.00%,  Train Avg Loss: 0.003,  Time: 1:13:53
Start evaluation on dev dataset.
Acc. (Correct/Total): 48.46% micro-Prec: 0.6933 micro-Recall:0.6048 micro-F1: 0.6322 dev loss: 0.037620
Start evaluation on test dataset.
Acc. (Correct/Total): 53.70% micro-Prec: 0.7337 micro-Recall:0.6472 micro-F1: 0.6744 dev loss: 0.031268
Epoch id: 24, Training steps: 100,  Train Loss: 0.00047,  Train Acc: 100.00%,  Train Avg Loss: 0.004,  Time: 1:14:42
Epoch id: 24, Training steps: 200,  Train Loss: 0.002,  Train Acc: 87.50%,  Train Avg Loss: 0.003,  Time: 1:14:58
Epoch id: 24, Training steps: 300,  Train Loss: 0.0038,  Train Acc: 50.00%,  Train Avg Loss: 0.003,  Time: 1:15:15
Epoch id: 24, Training steps: 400,  Train Loss: 0.0033,  Train Acc: 50.00%,  Train Avg Loss: 0.003,  Time: 1:15:32
Epoch id: 24, Training steps: 500,  Train Loss: 0.0014,  Train Acc: 87.50%,  Train Avg Loss: 0.003,  Time: 1:15:48
Epoch id: 24, Training steps: 600,  Train Loss: 0.00077,  Train Acc: 100.00%,  Train Avg Loss: 0.004,  Time: 1:16:05
Epoch id: 24, Training steps: 700,  Train Loss: 0.0036,  Train Acc: 75.00%,  Train Avg Loss: 0.003,  Time: 1:16:21
Epoch id: 24, Training steps: 800,  Train Loss: 0.0022,  Train Acc: 75.00%,  Train Avg Loss: 0.003,  Time: 1:16:38
Epoch id: 24, Training steps: 900,  Train Loss: 0.0018,  Train Acc: 87.50%,  Train Avg Loss: 0.003,  Time: 1:16:54
Epoch id: 24, Training steps: 1000,  Train Loss: 0.0023,  Train Acc: 75.00%,  Train Avg Loss: 0.003,  Time: 1:17:11
Epoch id: 24, Training steps: 1100,  Train Loss: 0.0037,  Train Acc: 62.50%,  Train Avg Loss: 0.003,  Time: 1:17:27
Start evaluation on dev dataset.
Acc. (Correct/Total): 47.17% micro-Prec: 0.6833 micro-Recall:0.5932 micro-F1: 0.6211 dev loss: 0.038573
Epoch id: 25, Training steps: 100,  Train Loss: 0.002,  Train Acc: 87.50%,  Train Avg Loss: 0.004,  Time: 1:18:03
Epoch id: 25, Training steps: 200,  Train Loss: 0.0026,  Train Acc: 75.00%,  Train Avg Loss: 0.003,  Time: 1:18:19
Epoch id: 25, Training steps: 300,  Train Loss: 0.0011,  Train Acc: 87.50%,  Train Avg Loss: 0.003,  Time: 1:18:36
Epoch id: 25, Training steps: 400,  Train Loss: 0.00069,  Train Acc: 100.00%,  Train Avg Loss: 0.003,  Time: 1:18:52
Epoch id: 25, Training steps: 500,  Train Loss: 0.00083,  Train Acc: 100.00%,  Train Avg Loss: 0.003,  Time: 1:19:09
Epoch id: 25, Training steps: 600,  Train Loss: 0.0019,  Train Acc: 75.00%,  Train Avg Loss: 0.003,  Time: 1:19:25
Epoch id: 25, Training steps: 700,  Train Loss: 0.0014,  Train Acc: 87.50%,  Train Avg Loss: 0.003,  Time: 1:19:41
Epoch id: 25, Training steps: 800,  Train Loss: 0.0014,  Train Acc: 87.50%,  Train Avg Loss: 0.003,  Time: 1:19:58
Epoch id: 25, Training steps: 900,  Train Loss: 0.0022,  Train Acc: 87.50%,  Train Avg Loss: 0.003,  Time: 1:20:15
Epoch id: 25, Training steps: 1000,  Train Loss: 0.004,  Train Acc: 87.50%,  Train Avg Loss: 0.003,  Time: 1:20:31
Epoch id: 25, Training steps: 1100,  Train Loss: 0.0018,  Train Acc: 87.50%,  Train Avg Loss: 0.003,  Time: 1:20:48
Start evaluation on dev dataset.
Acc. (Correct/Total): 48.70% micro-Prec: 0.6963 micro-Recall:0.6082 micro-F1: 0.6353 dev loss: 0.038074
Start evaluation on test dataset.
Acc. (Correct/Total): 54.67% micro-Prec: 0.7359 micro-Recall:0.6533 micro-F1: 0.6795 dev loss: 0.031917
Epoch id: 26, Training steps: 100,  Train Loss: 0.0038,  Train Acc: 75.00%,  Train Avg Loss: 0.004,  Time: 1:21:37
Epoch id: 26, Training steps: 200,  Train Loss: 0.0035,  Train Acc: 62.50%,  Train Avg Loss: 0.003,  Time: 1:21:54
Epoch id: 26, Training steps: 300,  Train Loss: 0.0054,  Train Acc: 62.50%,  Train Avg Loss: 0.003,  Time: 1:22:10
Epoch id: 26, Training steps: 400,  Train Loss: 0.0021,  Train Acc: 75.00%,  Train Avg Loss: 0.003,  Time: 1:22:27
Epoch id: 26, Training steps: 500,  Train Loss: 0.0033,  Train Acc: 87.50%,  Train Avg Loss: 0.002,  Time: 1:22:43
Epoch id: 26, Training steps: 600,  Train Loss: 0.00098,  Train Acc: 100.00%,  Train Avg Loss: 0.002,  Time: 1:23:00
Epoch id: 26, Training steps: 700,  Train Loss: 0.0033,  Train Acc: 62.50%,  Train Avg Loss: 0.002,  Time: 1:23:16
Epoch id: 26, Training steps: 800,  Train Loss: 0.002,  Train Acc: 87.50%,  Train Avg Loss: 0.002,  Time: 1:23:33
Epoch id: 26, Training steps: 900,  Train Loss: 0.0053,  Train Acc: 62.50%,  Train Avg Loss: 0.002,  Time: 1:23:49
Epoch id: 26, Training steps: 1000,  Train Loss: 0.0029,  Train Acc: 75.00%,  Train Avg Loss: 0.002,  Time: 1:24:05
Epoch id: 26, Training steps: 1100,  Train Loss: 0.0038,  Train Acc: 75.00%,  Train Avg Loss: 0.002,  Time: 1:24:21
Start evaluation on dev dataset.
Acc. (Correct/Total): 48.94% micro-Prec: 0.6902 micro-Recall:0.6060 micro-F1: 0.6320 dev loss: 0.039347
Start evaluation on test dataset.
Acc. (Correct/Total): 54.38% micro-Prec: 0.7359 micro-Recall:0.6518 micro-F1: 0.6787 dev loss: 0.032293
Epoch id: 27, Training steps: 100,  Train Loss: 0.0025,  Train Acc: 87.50%,  Train Avg Loss: 0.003,  Time: 1:25:03
Epoch id: 27, Training steps: 200,  Train Loss: 0.0014,  Train Acc: 87.50%,  Train Avg Loss: 0.002,  Time: 1:25:17
Epoch id: 27, Training steps: 300,  Train Loss: 0.0012,  Train Acc: 100.00%,  Train Avg Loss: 0.002,  Time: 1:25:32
Epoch id: 27, Training steps: 400,  Train Loss: 0.0018,  Train Acc: 87.50%,  Train Avg Loss: 0.002,  Time: 1:25:46
Epoch id: 27, Training steps: 500,  Train Loss: 0.0029,  Train Acc: 87.50%,  Train Avg Loss: 0.002,  Time: 1:26:03
Epoch id: 27, Training steps: 600,  Train Loss: 0.0034,  Train Acc: 75.00%,  Train Avg Loss: 0.002,  Time: 1:26:19
Epoch id: 27, Training steps: 700,  Train Loss: 0.0027,  Train Acc: 87.50%,  Train Avg Loss: 0.002,  Time: 1:26:36
Epoch id: 27, Training steps: 800,  Train Loss: 0.006,  Train Acc: 62.50%,  Train Avg Loss: 0.002,  Time: 1:26:52
Epoch id: 27, Training steps: 900,  Train Loss: 0.0016,  Train Acc: 87.50%,  Train Avg Loss: 0.002,  Time: 1:27:08
Epoch id: 27, Training steps: 1000,  Train Loss: 0.00086,  Train Acc: 100.00%,  Train Avg Loss: 0.002,  Time: 1:27:24
Epoch id: 27, Training steps: 1100,  Train Loss: 0.0016,  Train Acc: 87.50%,  Train Avg Loss: 0.003,  Time: 1:27:41
Start evaluation on dev dataset.
Acc. (Correct/Total): 48.70% micro-Prec: 0.6983 micro-Recall:0.6118 micro-F1: 0.6381 dev loss: 0.039263
Epoch id: 28, Training steps: 100,  Train Loss: 0.0053,  Train Acc: 62.50%,  Train Avg Loss: 0.003,  Time: 1:28:16
Epoch id: 28, Training steps: 200,  Train Loss: 0.00088,  Train Acc: 100.00%,  Train Avg Loss: 0.002,  Time: 1:28:32
Epoch id: 28, Training steps: 300,  Train Loss: 0.0018,  Train Acc: 87.50%,  Train Avg Loss: 0.002,  Time: 1:28:48
Epoch id: 28, Training steps: 400,  Train Loss: 0.0019,  Train Acc: 87.50%,  Train Avg Loss: 0.002,  Time: 1:29:04
Epoch id: 28, Training steps: 500,  Train Loss: 0.0015,  Train Acc: 100.00%,  Train Avg Loss: 0.002,  Time: 1:29:21
Epoch id: 28, Training steps: 600,  Train Loss: 0.0011,  Train Acc: 100.00%,  Train Avg Loss: 0.002,  Time: 1:29:37
Epoch id: 28, Training steps: 700,  Train Loss: 0.0022,  Train Acc: 62.50%,  Train Avg Loss: 0.002,  Time: 1:29:53
Epoch id: 28, Training steps: 800,  Train Loss: 0.00041,  Train Acc: 100.00%,  Train Avg Loss: 0.002,  Time: 1:30:09
Epoch id: 28, Training steps: 900,  Train Loss: 0.0012,  Train Acc: 87.50%,  Train Avg Loss: 0.002,  Time: 1:30:26
Epoch id: 28, Training steps: 1000,  Train Loss: 0.0015,  Train Acc: 87.50%,  Train Avg Loss: 0.002,  Time: 1:30:42
Epoch id: 28, Training steps: 1100,  Train Loss: 0.0014,  Train Acc: 100.00%,  Train Avg Loss: 0.003,  Time: 1:30:59
Start evaluation on dev dataset.
Acc. (Correct/Total): 50.48% micro-Prec: 0.7054 micro-Recall:0.6247 micro-F1: 0.6491 dev loss: 0.039288
Start evaluation on test dataset.
Acc. (Correct/Total): 55.59% micro-Prec: 0.7478 micro-Recall:0.6691 micro-F1: 0.6933 dev loss: 0.032694
Epoch id: 29, Training steps: 100,  Train Loss: 0.0021,  Train Acc: 87.50%,  Train Avg Loss: 0.003,  Time: 1:31:47
Epoch id: 29, Training steps: 200,  Train Loss: 0.0012,  Train Acc: 100.00%,  Train Avg Loss: 0.002,  Time: 1:32:04
Epoch id: 29, Training steps: 300,  Train Loss: 0.00079,  Train Acc: 100.00%,  Train Avg Loss: 0.002,  Time: 1:32:20
Epoch id: 29, Training steps: 400,  Train Loss: 0.0015,  Train Acc: 75.00%,  Train Avg Loss: 0.002,  Time: 1:32:36
Epoch id: 29, Training steps: 500,  Train Loss: 0.0048,  Train Acc: 62.50%,  Train Avg Loss: 0.002,  Time: 1:32:52
Epoch id: 29, Training steps: 600,  Train Loss: 0.00055,  Train Acc: 100.00%,  Train Avg Loss: 0.002,  Time: 1:33:08
Epoch id: 29, Training steps: 700,  Train Loss: 0.00097,  Train Acc: 87.50%,  Train Avg Loss: 0.002,  Time: 1:33:25
Epoch id: 29, Training steps: 800,  Train Loss: 0.0021,  Train Acc: 87.50%,  Train Avg Loss: 0.002,  Time: 1:33:41
Epoch id: 29, Training steps: 900,  Train Loss: 0.0042,  Train Acc: 75.00%,  Train Avg Loss: 0.002,  Time: 1:33:57
Epoch id: 29, Training steps: 1000,  Train Loss: 0.0015,  Train Acc: 87.50%,  Train Avg Loss: 0.002,  Time: 1:34:14
Epoch id: 29, Training steps: 1100,  Train Loss: 0.0016,  Train Acc: 87.50%,  Train Avg Loss: 0.002,  Time: 1:34:30
Start evaluation on dev dataset.
Acc. (Correct/Total): 50.24% micro-Prec: 0.7033 micro-Recall:0.6210 micro-F1: 0.6460 dev loss: 0.039930
Epoch id: 30, Training steps: 100,  Train Loss: 0.0023,  Train Acc: 87.50%,  Train Avg Loss: 0.003,  Time: 1:35:05
Epoch id: 30, Training steps: 200,  Train Loss: 0.00085,  Train Acc: 100.00%,  Train Avg Loss: 0.002,  Time: 1:35:22
Epoch id: 30, Training steps: 300,  Train Loss: 0.0016,  Train Acc: 75.00%,  Train Avg Loss: 0.002,  Time: 1:35:38
Epoch id: 30, Training steps: 400,  Train Loss: 0.0016,  Train Acc: 87.50%,  Train Avg Loss: 0.001,  Time: 1:35:54
Epoch id: 30, Training steps: 500,  Train Loss: 0.00079,  Train Acc: 100.00%,  Train Avg Loss: 0.002,  Time: 1:36:10
Epoch id: 30, Training steps: 600,  Train Loss: 0.0024,  Train Acc: 100.00%,  Train Avg Loss: 0.002,  Time: 1:36:27
Epoch id: 30, Training steps: 700,  Train Loss: 0.0005,  Train Acc: 100.00%,  Train Avg Loss: 0.002,  Time: 1:36:43
Epoch id: 30, Training steps: 800,  Train Loss: 0.0023,  Train Acc: 75.00%,  Train Avg Loss: 0.002,  Time: 1:36:59
Epoch id: 30, Training steps: 900,  Train Loss: 0.0013,  Train Acc: 87.50%,  Train Avg Loss: 0.002,  Time: 1:37:15
Epoch id: 30, Training steps: 1000,  Train Loss: 0.00082,  Train Acc: 100.00%,  Train Avg Loss: 0.002,  Time: 1:37:32
Epoch id: 30, Training steps: 1100,  Train Loss: 0.0013,  Train Acc: 100.00%,  Train Avg Loss: 0.002,  Time: 1:37:48
Start evaluation on dev dataset.
Acc. (Correct/Total): 49.90% micro-Prec: 0.7039 micro-Recall:0.6189 micro-F1: 0.6449 dev loss: 0.040448
Epoch id: 31, Training steps: 100,  Train Loss: 0.0017,  Train Acc: 87.50%,  Train Avg Loss: 0.002,  Time: 1:38:23
Epoch id: 31, Training steps: 200,  Train Loss: 0.0013,  Train Acc: 87.50%,  Train Avg Loss: 0.002,  Time: 1:38:39
Epoch id: 31, Training steps: 300,  Train Loss: 0.002,  Train Acc: 87.50%,  Train Avg Loss: 0.002,  Time: 1:38:56
Epoch id: 31, Training steps: 400,  Train Loss: 0.0018,  Train Acc: 87.50%,  Train Avg Loss: 0.002,  Time: 1:39:12
Epoch id: 31, Training steps: 500,  Train Loss: 0.0022,  Train Acc: 75.00%,  Train Avg Loss: 0.002,  Time: 1:39:28
Epoch id: 31, Training steps: 600,  Train Loss: 0.00079,  Train Acc: 100.00%,  Train Avg Loss: 0.002,  Time: 1:39:45
Epoch id: 31, Training steps: 700,  Train Loss: 0.0021,  Train Acc: 75.00%,  Train Avg Loss: 0.002,  Time: 1:40:01
Epoch id: 31, Training steps: 800,  Train Loss: 0.0023,  Train Acc: 87.50%,  Train Avg Loss: 0.002,  Time: 1:40:17
Epoch id: 31, Training steps: 900,  Train Loss: 0.00078,  Train Acc: 100.00%,  Train Avg Loss: 0.002,  Time: 1:40:33
Epoch id: 31, Training steps: 1000,  Train Loss: 0.0013,  Train Acc: 87.50%,  Train Avg Loss: 0.002,  Time: 1:40:50
Epoch id: 31, Training steps: 1100,  Train Loss: 0.0024,  Train Acc: 87.50%,  Train Avg Loss: 0.002,  Time: 1:41:06
Start evaluation on dev dataset.
Acc. (Correct/Total): 50.58% micro-Prec: 0.7075 micro-Recall:0.6270 micro-F1: 0.6513 dev loss: 0.040059
Start evaluation on test dataset.
Acc. (Correct/Total): 56.36% micro-Prec: 0.7531 micro-Recall:0.6721 micro-F1: 0.6975 dev loss: 0.033215
Epoch id: 32, Training steps: 100,  Train Loss: 0.002,  Train Acc: 87.50%,  Train Avg Loss: 0.002,  Time: 1:41:54
Epoch id: 32, Training steps: 200,  Train Loss: 0.00095,  Train Acc: 100.00%,  Train Avg Loss: 0.002,  Time: 1:42:11
Epoch id: 32, Training steps: 300,  Train Loss: 0.00079,  Train Acc: 100.00%,  Train Avg Loss: 0.002,  Time: 1:42:27
Epoch id: 32, Training steps: 400,  Train Loss: 0.00077,  Train Acc: 87.50%,  Train Avg Loss: 0.002,  Time: 1:42:43
Epoch id: 32, Training steps: 500,  Train Loss: 0.0015,  Train Acc: 87.50%,  Train Avg Loss: 0.002,  Time: 1:42:59
Epoch id: 32, Training steps: 600,  Train Loss: 0.0013,  Train Acc: 87.50%,  Train Avg Loss: 0.002,  Time: 1:43:16
Epoch id: 32, Training steps: 700,  Train Loss: 0.0051,  Train Acc: 50.00%,  Train Avg Loss: 0.002,  Time: 1:43:32
Epoch id: 32, Training steps: 800,  Train Loss: 0.005,  Train Acc: 75.00%,  Train Avg Loss: 0.002,  Time: 1:43:48
Epoch id: 32, Training steps: 900,  Train Loss: 0.0039,  Train Acc: 75.00%,  Train Avg Loss: 0.002,  Time: 1:44:04
Epoch id: 32, Training steps: 1000,  Train Loss: 0.005,  Train Acc: 75.00%,  Train Avg Loss: 0.002,  Time: 1:44:21
Epoch id: 32, Training steps: 1100,  Train Loss: 0.0011,  Train Acc: 100.00%,  Train Avg Loss: 0.002,  Time: 1:44:37
Start evaluation on dev dataset.
Acc. (Correct/Total): 50.77% micro-Prec: 0.7091 micro-Recall:0.6284 micro-F1: 0.6527 dev loss: 0.040214
Start evaluation on test dataset.
Acc. (Correct/Total): 56.02% micro-Prec: 0.7504 micro-Recall:0.6684 micro-F1: 0.6943 dev loss: 0.033228
Final evaluation on the test dataset.
The number of evaluation instances:  2067
Acc. (Correct/Total): 56.36% micro-Prec: 0.7531 micro-Recall:0.6721 micro-F1: 0.6975 dev loss: 0.033215
              precision    recall  f1-score   support

         教育学     0.9118    0.9004    0.9061       241
          法学     0.8857    0.8304    0.8571       224
      中国语言文学     0.8667    0.7027    0.7761       185
         政治学     0.8049    0.6074    0.6923       163
         社会学     0.8333    0.7643    0.7973       157
         心理学     0.8356    0.4959    0.6224       123
       应用经济学     0.7867    0.5043    0.6146       117
         历史学     0.9219    0.5413    0.6821       109
     环境科学与工程     0.8791    0.7407    0.8040       108
          哲学     0.8438    0.5567    0.6708        97
      外国语言文学     0.8500    0.6000    0.7034        85
         生物学     0.8243    0.7722    0.7974        79
      交通运输工程     0.8974    0.8974    0.8974        78
        临床医学     0.8448    0.6447    0.7313        76
    计算机科学与技术     0.8182    0.6338    0.7143        71
        土木工程     0.9403    0.9545    0.9474        66
   航空宇航科学与技术     0.9655    0.9180    0.9412        61
         民族学     0.7250    0.5273    0.6105        55
   公共卫生与预防医学     0.6571    0.4510    0.5349        51
         美术学     0.8421    0.9600    0.8972        50
         艺术学     0.8421    0.7442    0.7901        43
         地理学     0.8696    0.4762    0.6154        42
         体育学     0.8800    0.5500    0.6769        40
       理论经济学     0.7576    0.6579    0.7042        38
         中医学     0.9355    0.7838    0.8529        37
         物理学     0.8333    0.8333    0.8333        36
          林学     0.9474    0.5455    0.6923        33
          数学     0.6667    0.4375    0.5283        32
     电子科学与技术     0.7143    0.3226    0.4444        31
        基础医学     0.4667    0.4828    0.4746        29
        工商管理     0.7059    0.4444    0.5455        27
       新闻传播学     0.8667    0.5909    0.7027        22
         天文学     0.8182    0.8182    0.8182        22
         地质学     1.0000    0.4762    0.6452        21
         畜牧学     0.8636    0.9048    0.8837        21
   军事思想及军事历史     0.8333    0.7500    0.7895        20
     管理科学与工程     0.6000    0.6667    0.6316        18
     测绘科学与技术     0.7000    0.4118    0.5185        17
        水利工程     0.8333    0.3125    0.4545        16
        大气科学     0.7692    0.6250    0.6897        16
     兵器科学与技术     0.6875    0.7333    0.7097        15
       地球物理学     1.0000    0.1429    0.2500        14
        电气工程     1.0000    0.4615    0.6316        13
         作物学     0.7143    0.3846    0.5000        13
     控制科学与工程     0.3750    0.2308    0.2857        13
     信息与通信工程     0.7500    0.4615    0.5714        13
        公共管理     0.4000    0.1538    0.2222        13
         建筑学     1.0000    0.3846    0.5556        13
     化学工程与技术     0.8889    0.6667    0.7619        12
          力学     0.8000    0.3636    0.5000        11
        海洋科学     0.9000    0.8182    0.8571        11
     轻工技术与工程     0.7143    0.4545    0.5556        11
        农业工程     1.0000    0.3000    0.4615        10
         园艺学     0.8750    0.7000    0.7778        10
       中西医结合     1.0000    0.2000    0.3333        10
        机械工程     1.0000    0.4444    0.6154         9
       科学技术史     1.0000    0.3750    0.5455         8
     船舶与海洋工程     1.0000    0.5000    0.6667         8
   图书情报与档案管理     0.6667    0.2500    0.3636         8
        植物保护     1.0000    0.6250    0.7692         8
     材料科学与工程     1.0000    0.6250    0.7692         8
         统计学     0.6000    0.7500    0.6667         8
          化学     1.0000    0.7500    0.8571         8
     食品科学与工程     1.0000    0.2500    0.4000         8
          水产     1.0000    0.5714    0.7273         7
          药学     0.8000    0.5714    0.6667         7
     农业资源与环境     1.0000    0.1429    0.2500         7
         世界史     1.0000    0.7143    0.8333         7
        系统科学     1.0000    0.4286    0.6000         7
      农林经济管理     0.0000    0.0000    0.0000         5
       军队指挥学     1.0000    0.2000    0.3333         5
        矿业工程     0.0000    0.0000    0.0000         5
     纺织科学与工程     0.7143    1.0000    0.8333         5
  动力工程及工程热物理     0.0000    0.0000    0.0000         4
        林业工程     0.5000    0.2500    0.3333         4
     仪器科学与技术     0.0000    0.0000    0.0000         3
         战略学     0.0000    0.0000    0.0000         3
   地质资源与地质工程     0.0000    0.0000    0.0000         3
        旅游管理     0.0000    0.0000    0.0000         3
 图书馆、情报与档案管理     0.0000    0.0000    0.0000         2
        冶金工程     0.0000    0.0000    0.0000         2
      核科学与技术     0.0000    0.0000    0.0000         2

   micro avg     0.8436    0.6576    0.7391      3093
   macro avg     0.7344    0.4968    0.5694      3093
weighted avg     0.8359    0.6576    0.7239      3093
 samples avg     0.7531    0.6721    0.6975      3093

