nohup: 忽略输入
  0%|          | 0/82 [00:00<?, ?it/s]100%|██████████| 82/82 [00:00<00:00, 840911.80it/s]
model:  ernie-rcnn-catlstmwide
pretrained:  ernie1
task:  MLC-slice
dataset:  book_multilabels_task_slice
seq_length:  256
hidden_dropout_prob:  0.1
attention_probs_dropout_prob:  0.1
epochs_num:  20
batch_size:  8
learning_rate:  2e-05
report_steps:  100
kg_name:  CnDbpedia
no_kg:  True
no_vm:  True
Vocabulary Size:  17964
[BertClassifier] use visible_matrix: False
Some weights of ErnieRCNNForMultiLabelSequenceClassificationSliceCatLSTMWide were not initialized from the model checkpoint at ./models/ernie1 and are newly initialized: ['output_layer_1.weight', 'lstm.weight_hh_l0', 'lstm.bias_ih_l0_reverse', 'lstm.bias_hh_l1', 'lstm.weight_ih_l1', 'classifier.bias', 'lstm.weight_ih_l0', 'lstm.weight_hh_l0_reverse', 'lstm.bias_hh_l0', 'lstm.weight_ih_l1_reverse', 'lstm.weight_ih_l0_reverse', 'lstm.weight_hh_l1', 'lstm.bias_ih_l1_reverse', 'lstm.bias_ih_l1', 'lstm.bias_ih_l0', 'lstm.bias_hh_l1_reverse', 'lstm.weight_hh_l1_reverse', 'lstm.bias_hh_l0_reverse', 'classifier.weight', 'output_layer_1.bias']
You should probably TRAIN this model on a down-stream task to be able to use it for predictions and inference.
1 GPUs are available. Let's use them.
device:  cuda
Start training.
Loading sentences from ./datasets/book_multilabels_task_slice/train.tsv
There are 9097 sentence in total. We use 1 processes to inject knowledge into sentences.
Progress of process 0: 0/9097
Loading sentences from ./datasets/book_multilabels_task_slice/dev.tsv
There are 2084 sentence in total. We use 1 processes to inject knowledge into sentences.
Progress of process 0: 0/2084
Loading sentences from ./datasets/book_multilabels_task_slice/test.tsv
There are 2067 sentence in total. We use 1 processes to inject knowledge into sentences.
Progress of process 0: 0/2067
Epoch id: 1, Training steps: 100, Avg loss: 0.175, Time: 0:00:55
Epoch id: 1, Training steps: 200, Avg loss: 0.082, Time: 0:01:50
Epoch id: 1, Training steps: 300, Avg loss: 0.079, Time: 0:02:45
Epoch id: 1, Training steps: 400, Avg loss: 0.075, Time: 0:03:41
Epoch id: 1, Training steps: 500, Avg loss: 0.063, Time: 0:04:37
Epoch id: 1, Training steps: 600, Avg loss: 0.055, Time: 0:05:32
Epoch id: 1, Training steps: 700, Avg loss: 0.049, Time: 0:06:28
Epoch id: 1, Training steps: 800, Avg loss: 0.047, Time: 0:07:23
Epoch id: 1, Training steps: 900, Avg loss: 0.041, Time: 0:08:19
Epoch id: 1, Training steps: 1000, Avg loss: 0.041, Time: 0:09:14
Epoch id: 1, Training steps: 1100, Avg loss: 0.041, Time: 0:10:10
Start evaluation on dev dataset.
/home/lyq2021/miniconda3/envs/lyq/lib/python3.10/site-packages/sklearn/metrics/_classification.py:1318: UndefinedMetricWarning: Precision is ill-defined and being set to 0.0 in samples with no predicted labels. Use `zero_division` parameter to control this behavior.
  _warn_prf(average, modifier, msg_start, len(result))
Acc. (Correct/Total): 25.72%% Prec: 0.3952 F1: 0.3520
Start evaluation on test dataset.
/home/lyq2021/miniconda3/envs/lyq/lib/python3.10/site-packages/sklearn/metrics/_classification.py:1318: UndefinedMetricWarning: Precision is ill-defined and being set to 0.0 in samples with no predicted labels. Use `zero_division` parameter to control this behavior.
  _warn_prf(average, modifier, msg_start, len(result))
Acc. (Correct/Total): 31.30%% Prec: 0.4364 F1: 0.3975
Epoch id: 2, Training steps: 100, Avg loss: 0.047, Time: 0:13:15
Epoch id: 2, Training steps: 200, Avg loss: 0.035, Time: 0:14:11
Epoch id: 2, Training steps: 300, Avg loss: 0.036, Time: 0:15:08
Epoch id: 2, Training steps: 400, Avg loss: 0.033, Time: 0:16:04
Epoch id: 2, Training steps: 500, Avg loss: 0.029, Time: 0:17:00
Epoch id: 2, Training steps: 600, Avg loss: 0.027, Time: 0:17:56
Epoch id: 2, Training steps: 700, Avg loss: 0.029, Time: 0:18:53
Epoch id: 2, Training steps: 800, Avg loss: 0.029, Time: 0:19:49
Epoch id: 2, Training steps: 900, Avg loss: 0.026, Time: 0:20:44
Epoch id: 2, Training steps: 1000, Avg loss: 0.027, Time: 0:21:40
Epoch id: 2, Training steps: 1100, Avg loss: 0.028, Time: 0:22:35
Start evaluation on dev dataset.
/home/lyq2021/miniconda3/envs/lyq/lib/python3.10/site-packages/sklearn/metrics/_classification.py:1318: UndefinedMetricWarning: Precision is ill-defined and being set to 0.0 in samples with no predicted labels. Use `zero_division` parameter to control this behavior.
  _warn_prf(average, modifier, msg_start, len(result))
Acc. (Correct/Total): 37.00%% Prec: 0.5777 F1: 0.5160
Start evaluation on test dataset.
/home/lyq2021/miniconda3/envs/lyq/lib/python3.10/site-packages/sklearn/metrics/_classification.py:1318: UndefinedMetricWarning: Precision is ill-defined and being set to 0.0 in samples with no predicted labels. Use `zero_division` parameter to control this behavior.
  _warn_prf(average, modifier, msg_start, len(result))
Acc. (Correct/Total): 43.98%% Prec: 0.6340 F1: 0.5744
Epoch id: 3, Training steps: 100, Avg loss: 0.031, Time: 0:25:37
Epoch id: 3, Training steps: 200, Avg loss: 0.022, Time: 0:26:32
Epoch id: 3, Training steps: 300, Avg loss: 0.024, Time: 0:27:28
Epoch id: 3, Training steps: 400, Avg loss: 0.024, Time: 0:28:23
Epoch id: 3, Training steps: 500, Avg loss: 0.020, Time: 0:29:19
Epoch id: 3, Training steps: 600, Avg loss: 0.024, Time: 0:30:14
Epoch id: 3, Training steps: 700, Avg loss: 0.023, Time: 0:31:10
Epoch id: 3, Training steps: 800, Avg loss: 0.022, Time: 0:32:05
Epoch id: 3, Training steps: 900, Avg loss: 0.020, Time: 0:33:01
Epoch id: 3, Training steps: 1000, Avg loss: 0.019, Time: 0:33:56
Epoch id: 3, Training steps: 1100, Avg loss: 0.021, Time: 0:34:52
Start evaluation on dev dataset.
/home/lyq2021/miniconda3/envs/lyq/lib/python3.10/site-packages/sklearn/metrics/_classification.py:1318: UndefinedMetricWarning: Precision is ill-defined and being set to 0.0 in samples with no predicted labels. Use `zero_division` parameter to control this behavior.
  _warn_prf(average, modifier, msg_start, len(result))
Acc. (Correct/Total): 42.13%% Prec: 0.6327 F1: 0.5724
Start evaluation on test dataset.
/home/lyq2021/miniconda3/envs/lyq/lib/python3.10/site-packages/sklearn/metrics/_classification.py:1318: UndefinedMetricWarning: Precision is ill-defined and being set to 0.0 in samples with no predicted labels. Use `zero_division` parameter to control this behavior.
  _warn_prf(average, modifier, msg_start, len(result))
Acc. (Correct/Total): 50.22%% Prec: 0.6858 F1: 0.6299
Epoch id: 4, Training steps: 100, Avg loss: 0.024, Time: 0:37:54
Epoch id: 4, Training steps: 200, Avg loss: 0.017, Time: 0:38:50
Epoch id: 4, Training steps: 300, Avg loss: 0.016, Time: 0:39:45
Epoch id: 4, Training steps: 400, Avg loss: 0.017, Time: 0:40:41
Epoch id: 4, Training steps: 500, Avg loss: 0.016, Time: 0:41:36
Epoch id: 4, Training steps: 600, Avg loss: 0.017, Time: 0:42:32
Epoch id: 4, Training steps: 700, Avg loss: 0.017, Time: 0:43:27
Epoch id: 4, Training steps: 800, Avg loss: 0.018, Time: 0:44:22
Epoch id: 4, Training steps: 900, Avg loss: 0.020, Time: 0:45:18
Epoch id: 4, Training steps: 1000, Avg loss: 0.018, Time: 0:46:15
Epoch id: 4, Training steps: 1100, Avg loss: 0.017, Time: 0:47:11
Start evaluation on dev dataset.
/home/lyq2021/miniconda3/envs/lyq/lib/python3.10/site-packages/sklearn/metrics/_classification.py:1318: UndefinedMetricWarning: Precision is ill-defined and being set to 0.0 in samples with no predicted labels. Use `zero_division` parameter to control this behavior.
  _warn_prf(average, modifier, msg_start, len(result))
Acc. (Correct/Total): 48.13%% Prec: 0.6777 F1: 0.6242
Start evaluation on test dataset.
/home/lyq2021/miniconda3/envs/lyq/lib/python3.10/site-packages/sklearn/metrics/_classification.py:1318: UndefinedMetricWarning: Precision is ill-defined and being set to 0.0 in samples with no predicted labels. Use `zero_division` parameter to control this behavior.
  _warn_prf(average, modifier, msg_start, len(result))
Acc. (Correct/Total): 52.54%% Prec: 0.7152 F1: 0.6590
Epoch id: 5, Training steps: 100, Avg loss: 0.019, Time: 0:50:14
Epoch id: 5, Training steps: 200, Avg loss: 0.013, Time: 0:51:11
Epoch id: 5, Training steps: 300, Avg loss: 0.012, Time: 0:52:07
Epoch id: 5, Training steps: 400, Avg loss: 0.012, Time: 0:53:03
Epoch id: 5, Training steps: 500, Avg loss: 0.012, Time: 0:53:59
Epoch id: 5, Training steps: 600, Avg loss: 0.014, Time: 0:54:56
Epoch id: 5, Training steps: 700, Avg loss: 0.013, Time: 0:55:51
Epoch id: 5, Training steps: 800, Avg loss: 0.013, Time: 0:56:46
Epoch id: 5, Training steps: 900, Avg loss: 0.014, Time: 0:57:42
Epoch id: 5, Training steps: 1000, Avg loss: 0.012, Time: 0:58:38
Epoch id: 5, Training steps: 1100, Avg loss: 0.014, Time: 0:59:33
Start evaluation on dev dataset.
/home/lyq2021/miniconda3/envs/lyq/lib/python3.10/site-packages/sklearn/metrics/_classification.py:1318: UndefinedMetricWarning: Precision is ill-defined and being set to 0.0 in samples with no predicted labels. Use `zero_division` parameter to control this behavior.
  _warn_prf(average, modifier, msg_start, len(result))
Acc. (Correct/Total): 49.04%% Prec: 0.7063 F1: 0.6472
Start evaluation on test dataset.
/home/lyq2021/miniconda3/envs/lyq/lib/python3.10/site-packages/sklearn/metrics/_classification.py:1318: UndefinedMetricWarning: Precision is ill-defined and being set to 0.0 in samples with no predicted labels. Use `zero_division` parameter to control this behavior.
  _warn_prf(average, modifier, msg_start, len(result))
Acc. (Correct/Total): 55.30%% Prec: 0.7479 F1: 0.6931
Epoch id: 6, Training steps: 100, Avg loss: 0.017, Time: 1:02:35
Epoch id: 6, Training steps: 200, Avg loss: 0.011, Time: 1:03:30
Epoch id: 6, Training steps: 300, Avg loss: 0.011, Time: 1:04:26
Epoch id: 6, Training steps: 400, Avg loss: 0.010, Time: 1:05:21
Epoch id: 6, Training steps: 500, Avg loss: 0.010, Time: 1:06:17
Epoch id: 6, Training steps: 600, Avg loss: 0.011, Time: 1:07:13
Epoch id: 6, Training steps: 700, Avg loss: 0.011, Time: 1:08:09
Epoch id: 6, Training steps: 800, Avg loss: 0.011, Time: 1:09:06
Epoch id: 6, Training steps: 900, Avg loss: 0.010, Time: 1:10:02
Epoch id: 6, Training steps: 1000, Avg loss: 0.010, Time: 1:10:58
Epoch id: 6, Training steps: 1100, Avg loss: 0.010, Time: 1:11:55
Start evaluation on dev dataset.
/home/lyq2021/miniconda3/envs/lyq/lib/python3.10/site-packages/sklearn/metrics/_classification.py:1318: UndefinedMetricWarning: Precision is ill-defined and being set to 0.0 in samples with no predicted labels. Use `zero_division` parameter to control this behavior.
  _warn_prf(average, modifier, msg_start, len(result))
Acc. (Correct/Total): 52.64%% Prec: 0.7350 F1: 0.6867
Start evaluation on test dataset.
/home/lyq2021/miniconda3/envs/lyq/lib/python3.10/site-packages/sklearn/metrics/_classification.py:1318: UndefinedMetricWarning: Precision is ill-defined and being set to 0.0 in samples with no predicted labels. Use `zero_division` parameter to control this behavior.
  _warn_prf(average, modifier, msg_start, len(result))
Acc. (Correct/Total): 59.70%% Prec: 0.7783 F1: 0.7325
Epoch id: 7, Training steps: 100, Avg loss: 0.011, Time: 1:14:58
Epoch id: 7, Training steps: 200, Avg loss: 0.008, Time: 1:15:54
Epoch id: 7, Training steps: 300, Avg loss: 0.013, Time: 1:16:50
Epoch id: 7, Training steps: 400, Avg loss: 0.013, Time: 1:17:45
Epoch id: 7, Training steps: 500, Avg loss: 0.014, Time: 1:18:41
Epoch id: 7, Training steps: 600, Avg loss: 0.010, Time: 1:19:36
Epoch id: 7, Training steps: 700, Avg loss: 0.009, Time: 1:20:32
Epoch id: 7, Training steps: 800, Avg loss: 0.009, Time: 1:21:27
Epoch id: 7, Training steps: 900, Avg loss: 0.008, Time: 1:22:23
Epoch id: 7, Training steps: 1000, Avg loss: 0.008, Time: 1:23:18
Epoch id: 7, Training steps: 1100, Avg loss: 0.009, Time: 1:24:14
Start evaluation on dev dataset.
/home/lyq2021/miniconda3/envs/lyq/lib/python3.10/site-packages/sklearn/metrics/_classification.py:1318: UndefinedMetricWarning: Precision is ill-defined and being set to 0.0 in samples with no predicted labels. Use `zero_division` parameter to control this behavior.
  _warn_prf(average, modifier, msg_start, len(result))
Acc. (Correct/Total): 52.69%% Prec: 0.7274 F1: 0.6775
Start evaluation on test dataset.
/home/lyq2021/miniconda3/envs/lyq/lib/python3.10/site-packages/sklearn/metrics/_classification.py:1318: UndefinedMetricWarning: Precision is ill-defined and being set to 0.0 in samples with no predicted labels. Use `zero_division` parameter to control this behavior.
  _warn_prf(average, modifier, msg_start, len(result))
Acc. (Correct/Total): 59.94%% Prec: 0.7775 F1: 0.7323
Epoch id: 8, Training steps: 100, Avg loss: 0.009, Time: 1:27:15
Epoch id: 8, Training steps: 200, Avg loss: 0.007, Time: 1:28:10
Epoch id: 8, Training steps: 300, Avg loss: 0.006, Time: 1:29:05
Epoch id: 8, Training steps: 400, Avg loss: 0.006, Time: 1:30:01
Epoch id: 8, Training steps: 500, Avg loss: 0.007, Time: 1:30:56
Epoch id: 8, Training steps: 600, Avg loss: 0.006, Time: 1:31:52
Epoch id: 8, Training steps: 700, Avg loss: 0.006, Time: 1:32:47
Epoch id: 8, Training steps: 800, Avg loss: 0.007, Time: 1:33:43
Epoch id: 8, Training steps: 900, Avg loss: 0.007, Time: 1:34:38
Epoch id: 8, Training steps: 1000, Avg loss: 0.006, Time: 1:35:34
Epoch id: 8, Training steps: 1100, Avg loss: 0.007, Time: 1:36:29
Start evaluation on dev dataset.
/home/lyq2021/miniconda3/envs/lyq/lib/python3.10/site-packages/sklearn/metrics/_classification.py:1318: UndefinedMetricWarning: Precision is ill-defined and being set to 0.0 in samples with no predicted labels. Use `zero_division` parameter to control this behavior.
  _warn_prf(average, modifier, msg_start, len(result))
Acc. (Correct/Total): 54.51%% Prec: 0.7499 F1: 0.7045
Start evaluation on test dataset.
/home/lyq2021/miniconda3/envs/lyq/lib/python3.10/site-packages/sklearn/metrics/_classification.py:1318: UndefinedMetricWarning: Precision is ill-defined and being set to 0.0 in samples with no predicted labels. Use `zero_division` parameter to control this behavior.
  _warn_prf(average, modifier, msg_start, len(result))
Acc. (Correct/Total): 62.22%% Prec: 0.8032 F1: 0.7633
Epoch id: 9, Training steps: 100, Avg loss: 0.008, Time: 1:39:31
Epoch id: 9, Training steps: 200, Avg loss: 0.005, Time: 1:40:27
Epoch id: 9, Training steps: 300, Avg loss: 0.005, Time: 1:41:22
Epoch id: 9, Training steps: 400, Avg loss: 0.005, Time: 1:42:18
Epoch id: 9, Training steps: 500, Avg loss: 0.004, Time: 1:43:14
Epoch id: 9, Training steps: 600, Avg loss: 0.005, Time: 1:44:11
Epoch id: 9, Training steps: 700, Avg loss: 0.005, Time: 1:45:07
Epoch id: 9, Training steps: 800, Avg loss: 0.005, Time: 1:46:03
Epoch id: 9, Training steps: 900, Avg loss: 0.005, Time: 1:46:59
Epoch id: 9, Training steps: 1000, Avg loss: 0.005, Time: 1:47:56
Epoch id: 9, Training steps: 1100, Avg loss: 0.005, Time: 1:48:52
Start evaluation on dev dataset.
/home/lyq2021/miniconda3/envs/lyq/lib/python3.10/site-packages/sklearn/metrics/_classification.py:1318: UndefinedMetricWarning: Precision is ill-defined and being set to 0.0 in samples with no predicted labels. Use `zero_division` parameter to control this behavior.
  _warn_prf(average, modifier, msg_start, len(result))
Acc. (Correct/Total): 55.33%% Prec: 0.7482 F1: 0.7136
Start evaluation on test dataset.
/home/lyq2021/miniconda3/envs/lyq/lib/python3.10/site-packages/sklearn/metrics/_classification.py:1318: UndefinedMetricWarning: Precision is ill-defined and being set to 0.0 in samples with no predicted labels. Use `zero_division` parameter to control this behavior.
  _warn_prf(average, modifier, msg_start, len(result))
Acc. (Correct/Total): 61.64%% Prec: 0.7901 F1: 0.7577
Epoch id: 10, Training steps: 100, Avg loss: 0.007, Time: 1:51:55
Epoch id: 10, Training steps: 200, Avg loss: 0.004, Time: 1:52:51
Epoch id: 10, Training steps: 300, Avg loss: 0.004, Time: 1:53:46
Epoch id: 10, Training steps: 400, Avg loss: 0.003, Time: 1:54:41
Epoch id: 10, Training steps: 500, Avg loss: 0.003, Time: 1:55:37
Epoch id: 10, Training steps: 600, Avg loss: 0.004, Time: 1:56:32
Epoch id: 10, Training steps: 700, Avg loss: 0.004, Time: 1:57:27
Epoch id: 10, Training steps: 800, Avg loss: 0.004, Time: 1:58:23
Epoch id: 10, Training steps: 900, Avg loss: 0.003, Time: 1:59:18
Epoch id: 10, Training steps: 1000, Avg loss: 0.004, Time: 2:00:13
Epoch id: 10, Training steps: 1100, Avg loss: 0.004, Time: 2:01:09
Start evaluation on dev dataset.
/home/lyq2021/miniconda3/envs/lyq/lib/python3.10/site-packages/sklearn/metrics/_classification.py:1318: UndefinedMetricWarning: Precision is ill-defined and being set to 0.0 in samples with no predicted labels. Use `zero_division` parameter to control this behavior.
  _warn_prf(average, modifier, msg_start, len(result))
Acc. (Correct/Total): 54.65%% Prec: 0.7522 F1: 0.7135
Epoch id: 11, Training steps: 100, Avg loss: 0.004, Time: 2:03:18
Epoch id: 11, Training steps: 200, Avg loss: 0.002, Time: 2:04:13
Epoch id: 11, Training steps: 300, Avg loss: 0.003, Time: 2:05:09
Epoch id: 11, Training steps: 400, Avg loss: 0.003, Time: 2:06:05
Epoch id: 11, Training steps: 500, Avg loss: 0.003, Time: 2:07:01
Epoch id: 11, Training steps: 600, Avg loss: 0.003, Time: 2:07:58
Epoch id: 11, Training steps: 700, Avg loss: 0.002, Time: 2:08:54
Epoch id: 11, Training steps: 800, Avg loss: 0.003, Time: 2:09:50
Epoch id: 11, Training steps: 900, Avg loss: 0.003, Time: 2:10:47
Epoch id: 11, Training steps: 1000, Avg loss: 0.003, Time: 2:11:43
Epoch id: 11, Training steps: 1100, Avg loss: 0.003, Time: 2:12:39
Start evaluation on dev dataset.
/home/lyq2021/miniconda3/envs/lyq/lib/python3.10/site-packages/sklearn/metrics/_classification.py:1318: UndefinedMetricWarning: Precision is ill-defined and being set to 0.0 in samples with no predicted labels. Use `zero_division` parameter to control this behavior.
  _warn_prf(average, modifier, msg_start, len(result))
Acc. (Correct/Total): 55.61%% Prec: 0.7551 F1: 0.7199
Start evaluation on test dataset.
/home/lyq2021/miniconda3/envs/lyq/lib/python3.10/site-packages/sklearn/metrics/_classification.py:1318: UndefinedMetricWarning: Precision is ill-defined and being set to 0.0 in samples with no predicted labels. Use `zero_division` parameter to control this behavior.
  _warn_prf(average, modifier, msg_start, len(result))
Acc. (Correct/Total): 62.99%% Prec: 0.8133 F1: 0.7762
Epoch id: 12, Training steps: 100, Avg loss: 0.003, Time: 2:15:41
Epoch id: 12, Training steps: 200, Avg loss: 0.002, Time: 2:16:37
Epoch id: 12, Training steps: 300, Avg loss: 0.002, Time: 2:17:32
Epoch id: 12, Training steps: 400, Avg loss: 0.002, Time: 2:18:28
Epoch id: 12, Training steps: 500, Avg loss: 0.002, Time: 2:19:23
Epoch id: 12, Training steps: 600, Avg loss: 0.002, Time: 2:20:19
Epoch id: 12, Training steps: 700, Avg loss: 0.002, Time: 2:21:14
Epoch id: 12, Training steps: 800, Avg loss: 0.003, Time: 2:22:10
Epoch id: 12, Training steps: 900, Avg loss: 0.003, Time: 2:23:05
Epoch id: 12, Training steps: 1000, Avg loss: 0.003, Time: 2:24:01
Epoch id: 12, Training steps: 1100, Avg loss: 0.003, Time: 2:24:56
Start evaluation on dev dataset.
/home/lyq2021/miniconda3/envs/lyq/lib/python3.10/site-packages/sklearn/metrics/_classification.py:1318: UndefinedMetricWarning: Precision is ill-defined and being set to 0.0 in samples with no predicted labels. Use `zero_division` parameter to control this behavior.
  _warn_prf(average, modifier, msg_start, len(result))
Acc. (Correct/Total): 55.52%% Prec: 0.7517 F1: 0.7158
Epoch id: 13, Training steps: 100, Avg loss: 0.004, Time: 2:27:05
Epoch id: 13, Training steps: 200, Avg loss: 0.002, Time: 2:28:00
Epoch id: 13, Training steps: 300, Avg loss: 0.002, Time: 2:28:55
Epoch id: 13, Training steps: 400, Avg loss: 0.002, Time: 2:29:51
Epoch id: 13, Training steps: 500, Avg loss: 0.002, Time: 2:30:47
Epoch id: 13, Training steps: 600, Avg loss: 0.002, Time: 2:31:42
Epoch id: 13, Training steps: 700, Avg loss: 0.002, Time: 2:32:38
Epoch id: 13, Training steps: 800, Avg loss: 0.002, Time: 2:33:33
Epoch id: 13, Training steps: 900, Avg loss: 0.002, Time: 2:34:29
Epoch id: 13, Training steps: 1000, Avg loss: 0.002, Time: 2:35:24
Epoch id: 13, Training steps: 1100, Avg loss: 0.002, Time: 2:36:19
Start evaluation on dev dataset.
/home/lyq2021/miniconda3/envs/lyq/lib/python3.10/site-packages/sklearn/metrics/_classification.py:1318: UndefinedMetricWarning: Precision is ill-defined and being set to 0.0 in samples with no predicted labels. Use `zero_division` parameter to control this behavior.
  _warn_prf(average, modifier, msg_start, len(result))
Acc. (Correct/Total): 56.05%% Prec: 0.7567 F1: 0.7222
Start evaluation on test dataset.
/home/lyq2021/miniconda3/envs/lyq/lib/python3.10/site-packages/sklearn/metrics/_classification.py:1318: UndefinedMetricWarning: Precision is ill-defined and being set to 0.0 in samples with no predicted labels. Use `zero_division` parameter to control this behavior.
  _warn_prf(average, modifier, msg_start, len(result))
Acc. (Correct/Total): 63.72%% Prec: 0.8094 F1: 0.7736
Epoch id: 14, Training steps: 100, Avg loss: 0.003, Time: 2:39:21
Epoch id: 14, Training steps: 200, Avg loss: 0.002, Time: 2:40:16
Epoch id: 14, Training steps: 300, Avg loss: 0.001, Time: 2:41:13
Epoch id: 14, Training steps: 400, Avg loss: 0.001, Time: 2:42:09
Epoch id: 14, Training steps: 500, Avg loss: 0.001, Time: 2:43:05
Epoch id: 14, Training steps: 600, Avg loss: 0.001, Time: 2:44:02
Epoch id: 14, Training steps: 700, Avg loss: 0.001, Time: 2:44:58
Epoch id: 14, Training steps: 800, Avg loss: 0.001, Time: 2:45:54
Epoch id: 14, Training steps: 900, Avg loss: 0.001, Time: 2:46:51
Epoch id: 14, Training steps: 1000, Avg loss: 0.001, Time: 2:47:47
Epoch id: 14, Training steps: 1100, Avg loss: 0.001, Time: 2:48:43
Start evaluation on dev dataset.
/home/lyq2021/miniconda3/envs/lyq/lib/python3.10/site-packages/sklearn/metrics/_classification.py:1318: UndefinedMetricWarning: Precision is ill-defined and being set to 0.0 in samples with no predicted labels. Use `zero_division` parameter to control this behavior.
  _warn_prf(average, modifier, msg_start, len(result))
Acc. (Correct/Total): 56.72%% Prec: 0.7684 F1: 0.7347
Start evaluation on test dataset.
/home/lyq2021/miniconda3/envs/lyq/lib/python3.10/site-packages/sklearn/metrics/_classification.py:1318: UndefinedMetricWarning: Precision is ill-defined and being set to 0.0 in samples with no predicted labels. Use `zero_division` parameter to control this behavior.
  _warn_prf(average, modifier, msg_start, len(result))
Acc. (Correct/Total): 62.41%% Prec: 0.8033 F1: 0.7708
Epoch id: 15, Training steps: 100, Avg loss: 0.002, Time: 2:51:45
Epoch id: 15, Training steps: 200, Avg loss: 0.001, Time: 2:52:40
Epoch id: 15, Training steps: 300, Avg loss: 0.001, Time: 2:53:36
Epoch id: 15, Training steps: 400, Avg loss: 0.004, Time: 2:54:31
Epoch id: 15, Training steps: 500, Avg loss: 0.003, Time: 2:55:27
Epoch id: 15, Training steps: 600, Avg loss: 0.003, Time: 2:56:22
Epoch id: 15, Training steps: 700, Avg loss: 0.002, Time: 2:57:18
Epoch id: 15, Training steps: 800, Avg loss: 0.002, Time: 2:58:13
Epoch id: 15, Training steps: 900, Avg loss: 0.002, Time: 2:59:09
Epoch id: 15, Training steps: 1000, Avg loss: 0.002, Time: 3:00:04
Epoch id: 15, Training steps: 1100, Avg loss: 0.002, Time: 3:01:00
Start evaluation on dev dataset.
/home/lyq2021/miniconda3/envs/lyq/lib/python3.10/site-packages/sklearn/metrics/_classification.py:1318: UndefinedMetricWarning: Precision is ill-defined and being set to 0.0 in samples with no predicted labels. Use `zero_division` parameter to control this behavior.
  _warn_prf(average, modifier, msg_start, len(result))
Acc. (Correct/Total): 56.57%% Prec: 0.7562 F1: 0.7254
Epoch id: 16, Training steps: 100, Avg loss: 0.002, Time: 3:03:09
Epoch id: 16, Training steps: 200, Avg loss: 0.001, Time: 3:04:06
Epoch id: 16, Training steps: 300, Avg loss: 0.001, Time: 3:05:02
Epoch id: 16, Training steps: 400, Avg loss: 0.001, Time: 3:05:58
Epoch id: 16, Training steps: 500, Avg loss: 0.001, Time: 3:06:55
Epoch id: 16, Training steps: 600, Avg loss: 0.001, Time: 3:07:51
Epoch id: 16, Training steps: 700, Avg loss: 0.001, Time: 3:08:47
Epoch id: 16, Training steps: 800, Avg loss: 0.001, Time: 3:09:43
Epoch id: 16, Training steps: 900, Avg loss: 0.001, Time: 3:10:40
Epoch id: 16, Training steps: 1000, Avg loss: 0.001, Time: 3:11:36
Epoch id: 16, Training steps: 1100, Avg loss: 0.001, Time: 3:12:32
Start evaluation on dev dataset.
/home/lyq2021/miniconda3/envs/lyq/lib/python3.10/site-packages/sklearn/metrics/_classification.py:1318: UndefinedMetricWarning: Precision is ill-defined and being set to 0.0 in samples with no predicted labels. Use `zero_division` parameter to control this behavior.
  _warn_prf(average, modifier, msg_start, len(result))
Acc. (Correct/Total): 57.34%% Prec: 0.7563 F1: 0.7314
Start evaluation on test dataset.
/home/lyq2021/miniconda3/envs/lyq/lib/python3.10/site-packages/sklearn/metrics/_classification.py:1318: UndefinedMetricWarning: Precision is ill-defined and being set to 0.0 in samples with no predicted labels. Use `zero_division` parameter to control this behavior.
  _warn_prf(average, modifier, msg_start, len(result))
Acc. (Correct/Total): 63.04%% Prec: 0.8015 F1: 0.7746
Epoch id: 17, Training steps: 100, Avg loss: 0.001, Time: 3:15:33
Epoch id: 17, Training steps: 200, Avg loss: 0.001, Time: 3:16:28
Epoch id: 17, Training steps: 300, Avg loss: 0.001, Time: 3:17:24
Epoch id: 17, Training steps: 400, Avg loss: 0.001, Time: 3:18:19
Epoch id: 17, Training steps: 500, Avg loss: 0.001, Time: 3:19:15
Epoch id: 17, Training steps: 600, Avg loss: 0.001, Time: 3:20:10
Epoch id: 17, Training steps: 700, Avg loss: 0.001, Time: 3:21:06
Epoch id: 17, Training steps: 800, Avg loss: 0.001, Time: 3:22:01
Epoch id: 17, Training steps: 900, Avg loss: 0.001, Time: 3:22:57
Epoch id: 17, Training steps: 1000, Avg loss: 0.001, Time: 3:23:52
Epoch id: 17, Training steps: 1100, Avg loss: 0.001, Time: 3:24:47
Start evaluation on dev dataset.
/home/lyq2021/miniconda3/envs/lyq/lib/python3.10/site-packages/sklearn/metrics/_classification.py:1318: UndefinedMetricWarning: Precision is ill-defined and being set to 0.0 in samples with no predicted labels. Use `zero_division` parameter to control this behavior.
  _warn_prf(average, modifier, msg_start, len(result))
Acc. (Correct/Total): 56.14%% Prec: 0.7640 F1: 0.7373
Epoch id: 18, Training steps: 100, Avg loss: 0.002, Time: 3:26:56
Epoch id: 18, Training steps: 200, Avg loss: 0.001, Time: 3:27:52
Epoch id: 18, Training steps: 300, Avg loss: 0.001, Time: 3:28:47
Epoch id: 18, Training steps: 400, Avg loss: 0.001, Time: 3:29:43
Epoch id: 18, Training steps: 500, Avg loss: 0.001, Time: 3:30:38
Epoch id: 18, Training steps: 600, Avg loss: 0.001, Time: 3:31:33
Epoch id: 18, Training steps: 700, Avg loss: 0.001, Time: 3:32:29
Epoch id: 18, Training steps: 800, Avg loss: 0.001, Time: 3:33:24
Epoch id: 18, Training steps: 900, Avg loss: 0.001, Time: 3:34:19
Epoch id: 18, Training steps: 1000, Avg loss: 0.001, Time: 3:35:15
Epoch id: 18, Training steps: 1100, Avg loss: 0.001, Time: 3:36:10
Start evaluation on dev dataset.
/home/lyq2021/miniconda3/envs/lyq/lib/python3.10/site-packages/sklearn/metrics/_classification.py:1318: UndefinedMetricWarning: Precision is ill-defined and being set to 0.0 in samples with no predicted labels. Use `zero_division` parameter to control this behavior.
  _warn_prf(average, modifier, msg_start, len(result))
Acc. (Correct/Total): 56.48%% Prec: 0.7578 F1: 0.7269
Epoch id: 19, Training steps: 100, Avg loss: 0.001, Time: 3:38:19
Epoch id: 19, Training steps: 200, Avg loss: 0.001, Time: 3:39:16
Epoch id: 19, Training steps: 300, Avg loss: 0.001, Time: 3:40:12
Epoch id: 19, Training steps: 400, Avg loss: 0.001, Time: 3:41:08
Epoch id: 19, Training steps: 500, Avg loss: 0.001, Time: 3:42:04
Epoch id: 19, Training steps: 600, Avg loss: 0.001, Time: 3:43:01
Epoch id: 19, Training steps: 700, Avg loss: 0.001, Time: 3:43:57
Epoch id: 19, Training steps: 800, Avg loss: 0.001, Time: 3:44:53
Epoch id: 19, Training steps: 900, Avg loss: 0.001, Time: 3:45:49
Epoch id: 19, Training steps: 1000, Avg loss: 0.001, Time: 3:46:46
Epoch id: 19, Training steps: 1100, Avg loss: 0.002, Time: 3:47:42
Start evaluation on dev dataset.
/home/lyq2021/miniconda3/envs/lyq/lib/python3.10/site-packages/sklearn/metrics/_classification.py:1318: UndefinedMetricWarning: Precision is ill-defined and being set to 0.0 in samples with no predicted labels. Use `zero_division` parameter to control this behavior.
  _warn_prf(average, modifier, msg_start, len(result))
Acc. (Correct/Total): 55.71%% Prec: 0.7556 F1: 0.7321
Epoch id: 20, Training steps: 100, Avg loss: 0.002, Time: 3:49:50
Epoch id: 20, Training steps: 200, Avg loss: 0.001, Time: 3:50:46
Epoch id: 20, Training steps: 300, Avg loss: 0.001, Time: 3:51:41
Epoch id: 20, Training steps: 400, Avg loss: 0.001, Time: 3:52:37
Epoch id: 20, Training steps: 500, Avg loss: 0.001, Time: 3:53:32
Epoch id: 20, Training steps: 600, Avg loss: 0.001, Time: 3:54:28
Epoch id: 20, Training steps: 700, Avg loss: 0.001, Time: 3:55:23
Epoch id: 20, Training steps: 800, Avg loss: 0.001, Time: 3:56:19
Epoch id: 20, Training steps: 900, Avg loss: 0.001, Time: 3:57:14
Epoch id: 20, Training steps: 1000, Avg loss: 0.001, Time: 3:58:10
Epoch id: 20, Training steps: 1100, Avg loss: 0.001, Time: 3:59:05
Start evaluation on dev dataset.
/home/lyq2021/miniconda3/envs/lyq/lib/python3.10/site-packages/sklearn/metrics/_classification.py:1318: UndefinedMetricWarning: Precision is ill-defined and being set to 0.0 in samples with no predicted labels. Use `zero_division` parameter to control this behavior.
  _warn_prf(average, modifier, msg_start, len(result))
Acc. (Correct/Total): 57.44%% Prec: 0.7657 F1: 0.7383
Start evaluation on test dataset.
/home/lyq2021/miniconda3/envs/lyq/lib/python3.10/site-packages/sklearn/metrics/_classification.py:1318: UndefinedMetricWarning: Precision is ill-defined and being set to 0.0 in samples with no predicted labels. Use `zero_division` parameter to control this behavior.
  _warn_prf(average, modifier, msg_start, len(result))
Acc. (Correct/Total): 64.54%% Prec: 0.8158 F1: 0.7833
Final evaluation on the test dataset.
The number of evaluation instances:  2067
/home/lyq2021/miniconda3/envs/lyq/lib/python3.10/site-packages/sklearn/metrics/_classification.py:1318: UndefinedMetricWarning: Precision is ill-defined and being set to 0.0 in samples with no predicted labels. Use `zero_division` parameter to control this behavior.
  _warn_prf(average, modifier, msg_start, len(result))
/home/lyq2021/miniconda3/envs/lyq/lib/python3.10/site-packages/sklearn/metrics/_classification.py:1318: UndefinedMetricWarning: Precision and F-score are ill-defined and being set to 0.0 in labels with no predicted samples. Use `zero_division` parameter to control this behavior.
  _warn_prf(average, modifier, msg_start, len(result))
/home/lyq2021/miniconda3/envs/lyq/lib/python3.10/site-packages/sklearn/metrics/_classification.py:1318: UndefinedMetricWarning: Precision and F-score are ill-defined and being set to 0.0 in samples with no predicted labels. Use `zero_division` parameter to control this behavior.
  _warn_prf(average, modifier, msg_start, len(result))
Acc. (Correct/Total): 64.54% Prec: 0.8158 F1: 0.7833
Precision, Recall and F1-Score...
              precision    recall  f1-score   support

         教育学     0.8833    0.9419    0.9116       241
          法学     0.9378    0.8080    0.8681       224
      中国语言文学     0.9042    0.8162    0.8580       185
         政治学     0.8504    0.6626    0.7448       163
         社会学     0.8939    0.7516    0.8166       157
         心理学     0.9000    0.5854    0.7094       123
       应用经济学     0.7619    0.5470    0.6368       117
         历史学     0.8737    0.7615    0.8137       109
     环境科学与工程     0.9029    0.8611    0.8815       108
          哲学     0.7895    0.7732    0.7812        97
      外国语言文学     0.8375    0.7882    0.8121        85
         生物学     0.9014    0.8101    0.8533        79
      交通运输工程     0.9024    0.9487    0.9250        78
        临床医学     0.8382    0.7500    0.7917        76
    计算机科学与技术     0.7262    0.8592    0.7871        71
        土木工程     0.9130    0.9545    0.9333        66
   航空宇航科学与技术     0.9655    0.9180    0.9412        61
         民族学     0.8125    0.4727    0.5977        55
   公共卫生与预防医学     0.5373    0.7059    0.6102        51
         美术学     0.8596    0.9800    0.9159        50
         艺术学     0.8571    0.8372    0.8471        43
         地理学     0.9189    0.8095    0.8608        42
         体育学     0.9600    0.6000    0.7385        40
       理论经济学     0.7838    0.7632    0.7733        38
         中医学     0.9375    0.8108    0.8696        37
         物理学     0.9118    0.8611    0.8857        36
          林学     0.8182    0.5455    0.6545        33
          数学     0.8421    0.5000    0.6275        32
     电子科学与技术     0.5938    0.6129    0.6032        31
        基础医学     0.6087    0.4828    0.5385        29
        工商管理     0.8947    0.6296    0.7391        27
       新闻传播学     0.8000    0.7273    0.7619        22
         天文学     0.9048    0.8636    0.8837        22
         地质学     0.7778    0.6667    0.7179        21
         畜牧学     0.8571    0.8571    0.8571        21
   军事思想及军事历史     0.8125    0.6500    0.7222        20
     管理科学与工程     0.6000    0.8333    0.6977        18
     测绘科学与技术     0.6842    0.7647    0.7222        17
        水利工程     0.9000    0.5625    0.6923        16
        大气科学     0.8571    0.7500    0.8000        16
     兵器科学与技术     0.7059    0.8000    0.7500        15
       地球物理学     0.7500    0.2143    0.3333        14
        电气工程     0.7273    0.6154    0.6667        13
         作物学     0.7692    0.7692    0.7692        13
     控制科学与工程     0.3529    0.4615    0.4000        13
     信息与通信工程     0.7778    0.5385    0.6364        13
        公共管理     0.2353    0.3077    0.2667        13
         建筑学     0.8333    0.3846    0.5263        13
     化学工程与技术     0.8333    0.8333    0.8333        12
          力学     1.0000    0.5455    0.7059        11
        海洋科学     1.0000    1.0000    1.0000        11
     轻工技术与工程     0.6000    0.5455    0.5714        11
        农业工程     0.8571    0.6000    0.7059        10
         园艺学     0.8182    0.9000    0.8571        10
       中西医结合     0.8750    0.7000    0.7778        10
        机械工程     0.9000    1.0000    0.9474         9
       科学技术史     1.0000    0.6250    0.7692         8
     船舶与海洋工程     0.8000    1.0000    0.8889         8
   图书情报与档案管理     0.6667    0.7500    0.7059         8
        植物保护     1.0000    1.0000    1.0000         8
     材料科学与工程     0.8571    0.7500    0.8000         8
         统计学     0.5833    0.8750    0.7000         8
          化学     1.0000    1.0000    1.0000         8
     食品科学与工程     1.0000    0.5000    0.6667         8
          水产     1.0000    1.0000    1.0000         7
          药学     1.0000    0.8571    0.9231         7
     农业资源与环境     1.0000    0.7143    0.8333         7
         世界史     0.7778    1.0000    0.8750         7
        系统科学     1.0000    0.7143    0.8333         7
      农林经济管理     0.5714    0.8000    0.6667         5
       军队指挥学     1.0000    0.4000    0.5714         5
        矿业工程     0.7500    0.6000    0.6667         5
     纺织科学与工程     0.7143    1.0000    0.8333         5
  动力工程及工程热物理     0.0000    0.0000    0.0000         4
        林业工程     0.3333    0.2500    0.2857         4
     仪器科学与技术     0.0000    0.0000    0.0000         3
         战略学     1.0000    0.3333    0.5000         3
   地质资源与地质工程     0.5000    1.0000    0.6667         3
        旅游管理     0.6667    0.6667    0.6667         3
 图书馆、情报与档案管理     1.0000    0.5000    0.6667         2
        冶金工程     1.0000    0.5000    0.6667         2
      核科学与技术     0.0000    0.0000    0.0000         2

   micro avg     0.8421    0.7585    0.7981      3093
   macro avg     0.7874    0.6936    0.7209      3093
weighted avg     0.8476    0.7585    0.7931      3093
 samples avg     0.8158    0.7779    0.7833      3093

