nohup: 忽略输入
  0%|          | 0/82 [00:00<?, ?it/s]100%|██████████| 82/82 [00:00<00:00, 1084961.92it/s]
model:  ernie-rcnn-catlstmwide
pretrained:  ernie1
task:  MLC-slice
dataset:  book_multilabels_task_slice
seq_length:  256
hidden_dropout_prob:  0.2
attention_probs_dropout_prob:  0.2
epochs_num:  32
batch_size:  8
learning_rate:  2e-05
report_steps:  100
kg_name:  CnDbpedia
no_kg:  True
no_vm:  True
GPU:  NVIDIA GeForce RTX 2080 Ti
Vocabulary Size:  17964
[BertClassifier] use visible_matrix: False
Some weights of ErnieRCNNForMultiLabelSequenceClassificationSliceCatLSTMWide were not initialized from the model checkpoint at ./models/ernie1 and are newly initialized: ['classifier.bias', 'lstm.bias_hh_l0', 'output_layer_1.bias', 'lstm.weight_hh_l0', 'lstm.bias_ih_l0_reverse', 'lstm.bias_hh_l1', 'lstm.bias_hh_l0_reverse', 'lstm.weight_hh_l1', 'lstm.weight_ih_l0', 'lstm.weight_ih_l0_reverse', 'lstm.weight_hh_l0_reverse', 'lstm.weight_ih_l1', 'output_layer_1.weight', 'lstm.weight_hh_l1_reverse', 'lstm.bias_ih_l0', 'lstm.bias_ih_l1_reverse', 'lstm.weight_ih_l1_reverse', 'classifier.weight', 'lstm.bias_ih_l1', 'lstm.bias_hh_l1_reverse']
You should probably TRAIN this model on a down-stream task to be able to use it for predictions and inference.
1 GPUs are available. Let's use them.
device:  cuda
Start training.
Loading sentences from ./datasets/book_multilabels_task_slice/train.tsv
There are 9097 sentence in total. We use 1 processes to inject knowledge into sentences.
Progress of process 0: 0/9097
Loading sentences from ./datasets/book_multilabels_task_slice/dev.tsv
There are 2084 sentence in total. We use 1 processes to inject knowledge into sentences.
Progress of process 0: 0/2084
Loading sentences from ./datasets/book_multilabels_task_slice/test.tsv
There are 2067 sentence in total. We use 1 processes to inject knowledge into sentences.
Progress of process 0: 0/2067
Epoch id: 1, Training steps: 100, Train Acc:  0.00%, Train Loss: 0.810369, Train Avg Loss: 0.856999, Time: 0:00:50
Epoch id: 1, Training steps: 200, Train Acc:  0.00%, Train Loss: 0.602155, Train Avg Loss: 0.718288, Time: 0:01:41
Epoch id: 1, Training steps: 300, Train Acc:  0.00%, Train Loss: 0.409340, Train Avg Loss: 0.495117, Time: 0:02:32
Epoch id: 1, Training steps: 400, Train Acc:  0.00%, Train Loss: 0.222045, Train Avg Loss: 0.290053, Time: 0:03:22
Epoch id: 1, Training steps: 500, Train Acc:  0.00%, Train Loss: 0.139508, Train Avg Loss: 0.166846, Time: 0:04:13
Epoch id: 1, Training steps: 600, Train Acc:  0.00%, Train Loss: 0.099660, Train Avg Loss: 0.115036, Time: 0:05:04
Epoch id: 1, Training steps: 700, Train Acc:  0.00%, Train Loss: 0.101978, Train Avg Loss: 0.098426, Time: 0:05:58
Epoch id: 1, Training steps: 800, Train Acc:  0.00%, Train Loss: 0.088044, Train Avg Loss: 0.091292, Time: 0:06:56
Epoch id: 1, Training steps: 900, Train Acc:  0.00%, Train Loss: 0.092842, Train Avg Loss: 0.087993, Time: 0:07:54
Epoch id: 1, Training steps: 1000, Train Acc:  0.00%, Train Loss: 0.097037, Train Avg Loss: 0.086550, Time: 0:08:51
Epoch id: 1, Training steps: 1100, Train Acc:  0.00%, Train Loss: 0.086147, Train Avg Loss: 0.085635, Time: 0:09:49
Start evaluation on dev dataset.
Acc. (Correct/Total):  0.00% micro-Prec: 0.0000 micro-Recall:0.0000 micro-F1: 0.0000 dev loss: 0.092044
Epoch id: 2, Training steps: 100, Train Acc:  0.00%, Train Loss: 0.085255, Train Avg Loss: 0.114963, Time: 0:12:03
Epoch id: 2, Training steps: 200, Train Acc:  0.00%, Train Loss: 0.076903, Train Avg Loss: 0.082153, Time: 0:13:00
Epoch id: 2, Training steps: 300, Train Acc:  0.00%, Train Loss: 0.075884, Train Avg Loss: 0.083392, Time: 0:13:58
Epoch id: 2, Training steps: 400, Train Acc:  0.00%, Train Loss: 0.073238, Train Avg Loss: 0.081627, Time: 0:14:56
Epoch id: 2, Training steps: 500, Train Acc:  0.00%, Train Loss: 0.078141, Train Avg Loss: 0.079602, Time: 0:15:54
Epoch id: 2, Training steps: 600, Train Acc:  0.00%, Train Loss: 0.083508, Train Avg Loss: 0.080074, Time: 0:16:52
Epoch id: 2, Training steps: 700, Train Acc:  0.00%, Train Loss: 0.088373, Train Avg Loss: 0.079940, Time: 0:17:50
Epoch id: 2, Training steps: 800, Train Acc:  0.00%, Train Loss: 0.067608, Train Avg Loss: 0.080617, Time: 0:18:48
Epoch id: 2, Training steps: 900, Train Acc:  0.00%, Train Loss: 0.082348, Train Avg Loss: 0.077527, Time: 0:19:46
Epoch id: 2, Training steps: 1000, Train Acc:  0.00%, Train Loss: 0.069922, Train Avg Loss: 0.075158, Time: 0:20:44
Epoch id: 2, Training steps: 1100, Train Acc:  0.00%, Train Loss: 0.080198, Train Avg Loss: 0.075654, Time: 0:21:42
Start evaluation on dev dataset.
Acc. (Correct/Total):  0.00% micro-Prec: 0.0000 micro-Recall:0.0000 micro-F1: 0.0000 dev loss: 0.079575
Epoch id: 3, Training steps: 100, Train Acc:  0.00%, Train Loss: 0.052944, Train Avg Loss: 0.098241, Time: 0:23:55
Epoch id: 3, Training steps: 200, Train Acc:  0.00%, Train Loss: 0.073046, Train Avg Loss: 0.067541, Time: 0:24:53
Epoch id: 3, Training steps: 300, Train Acc:  0.00%, Train Loss: 0.063285, Train Avg Loss: 0.065362, Time: 0:25:50
Epoch id: 3, Training steps: 400, Train Acc:  0.00%, Train Loss: 0.066837, Train Avg Loss: 0.059674, Time: 0:26:48
Epoch id: 3, Training steps: 500, Train Acc: 12.50%, Train Loss: 0.052807, Train Avg Loss: 0.056256, Time: 0:27:46
Epoch id: 3, Training steps: 600, Train Acc:  0.00%, Train Loss: 0.053649, Train Avg Loss: 0.053580, Time: 0:28:44
Epoch id: 3, Training steps: 700, Train Acc:  0.00%, Train Loss: 0.050422, Train Avg Loss: 0.052305, Time: 0:29:42
Epoch id: 3, Training steps: 800, Train Acc: 12.50%, Train Loss: 0.042090, Train Avg Loss: 0.052197, Time: 0:30:40
Epoch id: 3, Training steps: 900, Train Acc:  0.00%, Train Loss: 0.055786, Train Avg Loss: 0.049745, Time: 0:31:38
Epoch id: 3, Training steps: 1000, Train Acc: 25.00%, Train Loss: 0.035124, Train Avg Loss: 0.045827, Time: 0:32:35
Epoch id: 3, Training steps: 1100, Train Acc: 12.50%, Train Loss: 0.052127, Train Avg Loss: 0.045417, Time: 0:33:34
Start evaluation on dev dataset.
Acc. (Correct/Total): 22.31% micro-Prec: 0.7885 micro-Recall:0.2787 micro-F1: 0.4119 dev loss: 0.055017
Start evaluation on test dataset.
Acc. (Correct/Total): 28.30% micro-Prec: 0.8821 micro-Recall:0.3314 micro-F1: 0.4818 dev loss: 0.051594
Epoch id: 4, Training steps: 100, Train Acc: 25.00%, Train Loss: 0.057761, Train Avg Loss: 0.059262, Time: 0:36:41
Epoch id: 4, Training steps: 200, Train Acc: 25.00%, Train Loss: 0.040130, Train Avg Loss: 0.041580, Time: 0:37:39
Epoch id: 4, Training steps: 300, Train Acc: 25.00%, Train Loss: 0.034964, Train Avg Loss: 0.040551, Time: 0:38:37
Epoch id: 4, Training steps: 400, Train Acc: 37.50%, Train Loss: 0.026424, Train Avg Loss: 0.041405, Time: 0:39:34
Epoch id: 4, Training steps: 500, Train Acc: 12.50%, Train Loss: 0.046977, Train Avg Loss: 0.040007, Time: 0:40:32
Epoch id: 4, Training steps: 600, Train Acc: 25.00%, Train Loss: 0.034171, Train Avg Loss: 0.036971, Time: 0:41:30
Epoch id: 4, Training steps: 700, Train Acc: 12.50%, Train Loss: 0.030778, Train Avg Loss: 0.035940, Time: 0:42:28
Epoch id: 4, Training steps: 800, Train Acc: 25.00%, Train Loss: 0.030178, Train Avg Loss: 0.034083, Time: 0:43:26
Epoch id: 4, Training steps: 900, Train Acc: 12.50%, Train Loss: 0.036838, Train Avg Loss: 0.034946, Time: 0:44:24
Epoch id: 4, Training steps: 1000, Train Acc: 37.50%, Train Loss: 0.027018, Train Avg Loss: 0.032096, Time: 0:45:22
Epoch id: 4, Training steps: 1100, Train Acc: 12.50%, Train Loss: 0.039189, Train Avg Loss: 0.036611, Time: 0:46:20
Start evaluation on dev dataset.
Acc. (Correct/Total): 32.92% micro-Prec: 0.7881 micro-Recall:0.4348 micro-F1: 0.5604 dev loss: 0.051582
Start evaluation on test dataset.
Acc. (Correct/Total): 41.27% micro-Prec: 0.8484 micro-Recall:0.4905 micro-F1: 0.6216 dev loss: 0.047261
Epoch id: 5, Training steps: 100, Train Acc: 12.50%, Train Loss: 0.030329, Train Avg Loss: 0.044405, Time: 0:49:28
Epoch id: 5, Training steps: 200, Train Acc: 25.00%, Train Loss: 0.024946, Train Avg Loss: 0.029492, Time: 0:50:25
Epoch id: 5, Training steps: 300, Train Acc: 12.50%, Train Loss: 0.034426, Train Avg Loss: 0.030828, Time: 0:51:22
Epoch id: 5, Training steps: 400, Train Acc: 37.50%, Train Loss: 0.037580, Train Avg Loss: 0.030410, Time: 0:52:12
Epoch id: 5, Training steps: 500, Train Acc: 50.00%, Train Loss: 0.015258, Train Avg Loss: 0.029551, Time: 0:53:03
Epoch id: 5, Training steps: 600, Train Acc: 50.00%, Train Loss: 0.045169, Train Avg Loss: 0.031396, Time: 0:53:53
Epoch id: 5, Training steps: 700, Train Acc: 25.00%, Train Loss: 0.030178, Train Avg Loss: 0.032366, Time: 0:54:44
Epoch id: 5, Training steps: 800, Train Acc: 75.00%, Train Loss: 0.009635, Train Avg Loss: 0.034193, Time: 0:55:35
Epoch id: 5, Training steps: 900, Train Acc: 37.50%, Train Loss: 0.030313, Train Avg Loss: 0.034540, Time: 0:56:25
Epoch id: 5, Training steps: 1000, Train Acc:  0.00%, Train Loss: 0.054506, Train Avg Loss: 0.033920, Time: 0:57:16
Epoch id: 5, Training steps: 1100, Train Acc: 25.00%, Train Loss: 0.035292, Train Avg Loss: 0.033089, Time: 0:58:06
Start evaluation on dev dataset.
Acc. (Correct/Total): 33.78% micro-Prec: 0.7713 micro-Recall:0.4445 micro-F1: 0.5640 dev loss: 0.047249
Start evaluation on test dataset.
Acc. (Correct/Total): 41.51% micro-Prec: 0.8433 micro-Recall:0.5099 micro-F1: 0.6355 dev loss: 0.042613
Epoch id: 6, Training steps: 100, Train Acc: 75.00%, Train Loss: 0.015086, Train Avg Loss: 0.035373, Time: 1:00:51
Epoch id: 6, Training steps: 200, Train Acc: 37.50%, Train Loss: 0.015922, Train Avg Loss: 0.027920, Time: 1:01:42
Epoch id: 6, Training steps: 300, Train Acc: 50.00%, Train Loss: 0.019520, Train Avg Loss: 0.024818, Time: 1:02:33
Epoch id: 6, Training steps: 400, Train Acc: 37.50%, Train Loss: 0.035821, Train Avg Loss: 0.026603, Time: 1:03:23
Epoch id: 6, Training steps: 500, Train Acc: 75.00%, Train Loss: 0.016367, Train Avg Loss: 0.024232, Time: 1:04:13
Epoch id: 6, Training steps: 600, Train Acc: 37.50%, Train Loss: 0.022631, Train Avg Loss: 0.024991, Time: 1:05:04
Epoch id: 6, Training steps: 700, Train Acc: 50.00%, Train Loss: 0.025349, Train Avg Loss: 0.024668, Time: 1:05:54
Epoch id: 6, Training steps: 800, Train Acc: 25.00%, Train Loss: 0.027335, Train Avg Loss: 0.031125, Time: 1:06:45
Epoch id: 6, Training steps: 900, Train Acc: 37.50%, Train Loss: 0.019709, Train Avg Loss: 0.025243, Time: 1:07:35
Epoch id: 6, Training steps: 1000, Train Acc: 37.50%, Train Loss: 0.021489, Train Avg Loss: 0.027357, Time: 1:08:26
Epoch id: 6, Training steps: 1100, Train Acc: 25.00%, Train Loss: 0.033675, Train Avg Loss: 0.027872, Time: 1:09:16
Start evaluation on dev dataset.
Acc. (Correct/Total): 42.51% micro-Prec: 0.7762 micro-Recall:0.5422 micro-F1: 0.6385 dev loss: 0.045258
Start evaluation on test dataset.
Acc. (Correct/Total): 50.85% micro-Prec: 0.8448 micro-Recall:0.6091 micro-F1: 0.7079 dev loss: 0.040529
Epoch id: 7, Training steps: 100, Train Acc: 37.50%, Train Loss: 0.028461, Train Avg Loss: 0.030714, Time: 1:12:00
Epoch id: 7, Training steps: 200, Train Acc: 37.50%, Train Loss: 0.026114, Train Avg Loss: 0.022474, Time: 1:12:51
Epoch id: 7, Training steps: 300, Train Acc: 37.50%, Train Loss: 0.025281, Train Avg Loss: 0.023083, Time: 1:13:41
Epoch id: 7, Training steps: 400, Train Acc: 50.00%, Train Loss: 0.013057, Train Avg Loss: 0.021281, Time: 1:14:32
Epoch id: 7, Training steps: 500, Train Acc: 62.50%, Train Loss: 0.013075, Train Avg Loss: 0.019825, Time: 1:15:22
Epoch id: 7, Training steps: 600, Train Acc: 12.50%, Train Loss: 0.018894, Train Avg Loss: 0.020868, Time: 1:16:13
Epoch id: 7, Training steps: 700, Train Acc: 75.00%, Train Loss: 0.016194, Train Avg Loss: 0.021173, Time: 1:17:03
Epoch id: 7, Training steps: 800, Train Acc: 62.50%, Train Loss: 0.010372, Train Avg Loss: 0.023568, Time: 1:17:54
Epoch id: 7, Training steps: 900, Train Acc: 37.50%, Train Loss: 0.029672, Train Avg Loss: 0.023817, Time: 1:18:44
Epoch id: 7, Training steps: 1000, Train Acc: 50.00%, Train Loss: 0.026322, Train Avg Loss: 0.020718, Time: 1:19:35
Epoch id: 7, Training steps: 1100, Train Acc: 25.00%, Train Loss: 0.027941, Train Avg Loss: 0.020656, Time: 1:20:25
Start evaluation on dev dataset.
Acc. (Correct/Total): 46.45% micro-Prec: 0.7801 micro-Recall:0.6054 micro-F1: 0.6817 dev loss: 0.044609
Start evaluation on test dataset.
Acc. (Correct/Total): 53.41% micro-Prec: 0.8277 micro-Recall:0.6537 micro-F1: 0.7305 dev loss: 0.040410
Epoch id: 8, Training steps: 100, Train Acc: 62.50%, Train Loss: 0.017049, Train Avg Loss: 0.027810, Time: 1:23:09
Epoch id: 8, Training steps: 200, Train Acc: 50.00%, Train Loss: 0.016627, Train Avg Loss: 0.017676, Time: 1:23:59
Epoch id: 8, Training steps: 300, Train Acc: 75.00%, Train Loss: 0.022680, Train Avg Loss: 0.020270, Time: 1:24:50
Epoch id: 8, Training steps: 400, Train Acc: 62.50%, Train Loss: 0.006120, Train Avg Loss: 0.017508, Time: 1:25:40
Epoch id: 8, Training steps: 500, Train Acc: 50.00%, Train Loss: 0.013168, Train Avg Loss: 0.017329, Time: 1:26:31
Epoch id: 8, Training steps: 600, Train Acc: 87.50%, Train Loss: 0.007158, Train Avg Loss: 0.018250, Time: 1:27:21
Epoch id: 8, Training steps: 700, Train Acc: 50.00%, Train Loss: 0.032861, Train Avg Loss: 0.018884, Time: 1:28:12
Epoch id: 8, Training steps: 800, Train Acc: 37.50%, Train Loss: 0.023278, Train Avg Loss: 0.017858, Time: 1:29:02
Epoch id: 8, Training steps: 900, Train Acc: 75.00%, Train Loss: 0.009264, Train Avg Loss: 0.018789, Time: 1:29:52
Epoch id: 8, Training steps: 1000, Train Acc: 62.50%, Train Loss: 0.012557, Train Avg Loss: 0.018193, Time: 1:30:43
Epoch id: 8, Training steps: 1100, Train Acc: 62.50%, Train Loss: 0.016126, Train Avg Loss: 0.017901, Time: 1:31:33
Start evaluation on dev dataset.
Acc. (Correct/Total): 47.94% micro-Prec: 0.7739 micro-Recall:0.6115 micro-F1: 0.6832 dev loss: 0.041174
Start evaluation on test dataset.
Acc. (Correct/Total): 55.83% micro-Prec: 0.8307 micro-Recall:0.6741 micro-F1: 0.7442 dev loss: 0.036542
Epoch id: 9, Training steps: 100, Train Acc: 12.50%, Train Loss: 0.031040, Train Avg Loss: 0.020939, Time: 1:34:17
Epoch id: 9, Training steps: 200, Train Acc: 50.00%, Train Loss: 0.019793, Train Avg Loss: 0.015922, Time: 1:35:07
Epoch id: 9, Training steps: 300, Train Acc: 50.00%, Train Loss: 0.020472, Train Avg Loss: 0.015878, Time: 1:35:58
Epoch id: 9, Training steps: 400, Train Acc: 75.00%, Train Loss: 0.006428, Train Avg Loss: 0.015772, Time: 1:36:48
Epoch id: 9, Training steps: 500, Train Acc: 37.50%, Train Loss: 0.015758, Train Avg Loss: 0.016223, Time: 1:37:38
Epoch id: 9, Training steps: 600, Train Acc: 62.50%, Train Loss: 0.029136, Train Avg Loss: 0.015200, Time: 1:38:29
Epoch id: 9, Training steps: 700, Train Acc: 62.50%, Train Loss: 0.018117, Train Avg Loss: 0.015678, Time: 1:39:19
Epoch id: 9, Training steps: 800, Train Acc: 62.50%, Train Loss: 0.011463, Train Avg Loss: 0.017741, Time: 1:40:09
Epoch id: 9, Training steps: 900, Train Acc: 25.00%, Train Loss: 0.049609, Train Avg Loss: 0.018949, Time: 1:41:00
Epoch id: 9, Training steps: 1000, Train Acc: 62.50%, Train Loss: 0.005306, Train Avg Loss: 0.015625, Time: 1:41:50
Epoch id: 9, Training steps: 1100, Train Acc: 37.50%, Train Loss: 0.027957, Train Avg Loss: 0.017105, Time: 1:42:40
Start evaluation on dev dataset.
Acc. (Correct/Total): 48.70% micro-Prec: 0.7707 micro-Recall:0.6332 micro-F1: 0.6952 dev loss: 0.041798
Start evaluation on test dataset.
Acc. (Correct/Total): 57.81% micro-Prec: 0.8346 micro-Recall:0.6996 micro-F1: 0.7612 dev loss: 0.036534
Epoch id: 10, Training steps: 100, Train Acc: 25.00%, Train Loss: 0.019906, Train Avg Loss: 0.019177, Time: 1:45:24
Epoch id: 10, Training steps: 200, Train Acc: 75.00%, Train Loss: 0.007549, Train Avg Loss: 0.013709, Time: 1:46:14
Epoch id: 10, Training steps: 300, Train Acc: 75.00%, Train Loss: 0.004946, Train Avg Loss: 0.013327, Time: 1:47:05
Epoch id: 10, Training steps: 400, Train Acc: 62.50%, Train Loss: 0.012100, Train Avg Loss: 0.013396, Time: 1:47:55
Epoch id: 10, Training steps: 500, Train Acc: 87.50%, Train Loss: 0.003736, Train Avg Loss: 0.014145, Time: 1:48:45
Epoch id: 10, Training steps: 600, Train Acc: 62.50%, Train Loss: 0.014113, Train Avg Loss: 0.014298, Time: 1:49:36
Epoch id: 10, Training steps: 700, Train Acc: 75.00%, Train Loss: 0.009892, Train Avg Loss: 0.013124, Time: 1:50:26
Epoch id: 10, Training steps: 800, Train Acc: 50.00%, Train Loss: 0.019030, Train Avg Loss: 0.013797, Time: 1:51:16
Epoch id: 10, Training steps: 900, Train Acc: 50.00%, Train Loss: 0.013101, Train Avg Loss: 0.013444, Time: 1:52:07
Epoch id: 10, Training steps: 1000, Train Acc: 75.00%, Train Loss: 0.002253, Train Avg Loss: 0.012810, Time: 1:52:57
Epoch id: 10, Training steps: 1100, Train Acc: 75.00%, Train Loss: 0.021750, Train Avg Loss: 0.013119, Time: 1:53:47
Start evaluation on dev dataset.
Acc. (Correct/Total): 52.64% micro-Prec: 0.7672 micro-Recall:0.6860 micro-F1: 0.7243 dev loss: 0.040908
Start evaluation on test dataset.
Acc. (Correct/Total): 58.83% micro-Prec: 0.8089 micro-Recall:0.7252 micro-F1: 0.7647 dev loss: 0.036130
Epoch id: 11, Training steps: 100, Train Acc: 62.50%, Train Loss: 0.014724, Train Avg Loss: 0.014332, Time: 1:56:31
Epoch id: 11, Training steps: 200, Train Acc: 62.50%, Train Loss: 0.008586, Train Avg Loss: 0.010961, Time: 1:57:22
Epoch id: 11, Training steps: 300, Train Acc: 87.50%, Train Loss: 0.005939, Train Avg Loss: 0.010920, Time: 1:58:12
Epoch id: 11, Training steps: 400, Train Acc: 75.00%, Train Loss: 0.004425, Train Avg Loss: 0.010559, Time: 1:59:02
Epoch id: 11, Training steps: 500, Train Acc: 75.00%, Train Loss: 0.011737, Train Avg Loss: 0.011556, Time: 1:59:52
Epoch id: 11, Training steps: 600, Train Acc: 50.00%, Train Loss: 0.015115, Train Avg Loss: 0.010241, Time: 2:00:43
Epoch id: 11, Training steps: 700, Train Acc: 37.50%, Train Loss: 0.014021, Train Avg Loss: 0.011887, Time: 2:01:33
Epoch id: 11, Training steps: 800, Train Acc: 62.50%, Train Loss: 0.015199, Train Avg Loss: 0.013583, Time: 2:02:23
Epoch id: 11, Training steps: 900, Train Acc: 62.50%, Train Loss: 0.007590, Train Avg Loss: 0.011529, Time: 2:03:14
Epoch id: 11, Training steps: 1000, Train Acc: 50.00%, Train Loss: 0.020846, Train Avg Loss: 0.013705, Time: 2:04:04
Epoch id: 11, Training steps: 1100, Train Acc: 75.00%, Train Loss: 0.004952, Train Avg Loss: 0.012383, Time: 2:04:54
Start evaluation on dev dataset.
Acc. (Correct/Total): 50.58% micro-Prec: 0.7676 micro-Recall:0.6556 micro-F1: 0.7072 dev loss: 0.041481
Epoch id: 12, Training steps: 100, Train Acc: 75.00%, Train Loss: 0.008469, Train Avg Loss: 0.013819, Time: 2:06:50
Epoch id: 12, Training steps: 200, Train Acc: 87.50%, Train Loss: 0.007885, Train Avg Loss: 0.009056, Time: 2:07:40
Epoch id: 12, Training steps: 300, Train Acc: 75.00%, Train Loss: 0.004260, Train Avg Loss: 0.008842, Time: 2:08:31
Epoch id: 12, Training steps: 400, Train Acc: 62.50%, Train Loss: 0.014957, Train Avg Loss: 0.008759, Time: 2:09:21
Epoch id: 12, Training steps: 500, Train Acc: 75.00%, Train Loss: 0.009804, Train Avg Loss: 0.009799, Time: 2:10:11
Epoch id: 12, Training steps: 600, Train Acc: 62.50%, Train Loss: 0.011237, Train Avg Loss: 0.009858, Time: 2:11:01
Epoch id: 12, Training steps: 700, Train Acc: 87.50%, Train Loss: 0.002296, Train Avg Loss: 0.010030, Time: 2:11:51
Epoch id: 12, Training steps: 800, Train Acc: 62.50%, Train Loss: 0.005390, Train Avg Loss: 0.009921, Time: 2:12:41
Epoch id: 12, Training steps: 900, Train Acc: 50.00%, Train Loss: 0.032391, Train Avg Loss: 0.010543, Time: 2:13:32
Epoch id: 12, Training steps: 1000, Train Acc: 62.50%, Train Loss: 0.011465, Train Avg Loss: 0.011389, Time: 2:14:22
Epoch id: 12, Training steps: 1100, Train Acc: 50.00%, Train Loss: 0.008087, Train Avg Loss: 0.010619, Time: 2:15:12
Start evaluation on dev dataset.
Acc. (Correct/Total): 52.16% micro-Prec: 0.7623 micro-Recall:0.6759 micro-F1: 0.7165 dev loss: 0.040505
Epoch id: 13, Training steps: 100, Train Acc: 75.00%, Train Loss: 0.006086, Train Avg Loss: 0.012729, Time: 2:17:08
Epoch id: 13, Training steps: 200, Train Acc: 100.00%, Train Loss: 0.002521, Train Avg Loss: 0.007498, Time: 2:17:58
Epoch id: 13, Training steps: 300, Train Acc: 75.00%, Train Loss: 0.005028, Train Avg Loss: 0.007867, Time: 2:18:48
Epoch id: 13, Training steps: 400, Train Acc: 75.00%, Train Loss: 0.004636, Train Avg Loss: 0.008010, Time: 2:19:38
Epoch id: 13, Training steps: 500, Train Acc: 62.50%, Train Loss: 0.007810, Train Avg Loss: 0.008033, Time: 2:20:28
Epoch id: 13, Training steps: 600, Train Acc: 62.50%, Train Loss: 0.009078, Train Avg Loss: 0.007896, Time: 2:21:18
Epoch id: 13, Training steps: 700, Train Acc: 100.00%, Train Loss: 0.002502, Train Avg Loss: 0.008679, Time: 2:22:09
Epoch id: 13, Training steps: 800, Train Acc: 87.50%, Train Loss: 0.003258, Train Avg Loss: 0.009328, Time: 2:22:59
Epoch id: 13, Training steps: 900, Train Acc: 75.00%, Train Loss: 0.005310, Train Avg Loss: 0.008550, Time: 2:23:49
Epoch id: 13, Training steps: 1000, Train Acc: 75.00%, Train Loss: 0.008998, Train Avg Loss: 0.008303, Time: 2:24:39
Epoch id: 13, Training steps: 1100, Train Acc: 75.00%, Train Loss: 0.004593, Train Avg Loss: 0.009285, Time: 2:25:29
Start evaluation on dev dataset.
Acc. (Correct/Total): 52.35% micro-Prec: 0.7644 micro-Recall:0.6847 micro-F1: 0.7223 dev loss: 0.039666
Epoch id: 14, Training steps: 100, Train Acc: 50.00%, Train Loss: 0.014321, Train Avg Loss: 0.011115, Time: 2:27:25
Epoch id: 14, Training steps: 200, Train Acc: 87.50%, Train Loss: 0.005366, Train Avg Loss: 0.007564, Time: 2:28:15
Epoch id: 14, Training steps: 300, Train Acc: 87.50%, Train Loss: 0.005788, Train Avg Loss: 0.007774, Time: 2:29:05
Epoch id: 14, Training steps: 400, Train Acc: 50.00%, Train Loss: 0.005831, Train Avg Loss: 0.008556, Time: 2:29:56
Epoch id: 14, Training steps: 500, Train Acc: 75.00%, Train Loss: 0.005976, Train Avg Loss: 0.007830, Time: 2:30:46
Epoch id: 14, Training steps: 600, Train Acc: 62.50%, Train Loss: 0.015709, Train Avg Loss: 0.007540, Time: 2:31:36
Epoch id: 14, Training steps: 700, Train Acc: 87.50%, Train Loss: 0.004679, Train Avg Loss: 0.006997, Time: 2:32:26
Epoch id: 14, Training steps: 800, Train Acc: 62.50%, Train Loss: 0.006490, Train Avg Loss: 0.007727, Time: 2:33:16
Epoch id: 14, Training steps: 900, Train Acc: 87.50%, Train Loss: 0.004520, Train Avg Loss: 0.007591, Time: 2:34:06
Epoch id: 14, Training steps: 1000, Train Acc: 25.00%, Train Loss: 0.021501, Train Avg Loss: 0.006818, Time: 2:34:57
Epoch id: 14, Training steps: 1100, Train Acc: 50.00%, Train Loss: 0.009294, Train Avg Loss: 0.007303, Time: 2:35:47
Start evaluation on dev dataset.
Acc. (Correct/Total): 52.83% micro-Prec: 0.7512 micro-Recall:0.6970 micro-F1: 0.7231 dev loss: 0.041222
Start evaluation on test dataset.
Acc. (Correct/Total): 60.47% micro-Prec: 0.8040 micro-Recall:0.7478 micro-F1: 0.7749 dev loss: 0.035687
Epoch id: 15, Training steps: 100, Train Acc: 75.00%, Train Loss: 0.012420, Train Avg Loss: 0.008477, Time: 2:38:29
Epoch id: 15, Training steps: 200, Train Acc: 75.00%, Train Loss: 0.006426, Train Avg Loss: 0.006253, Time: 2:39:19
Epoch id: 15, Training steps: 300, Train Acc: 75.00%, Train Loss: 0.002525, Train Avg Loss: 0.005654, Time: 2:40:10
Epoch id: 15, Training steps: 400, Train Acc: 75.00%, Train Loss: 0.006403, Train Avg Loss: 0.006123, Time: 2:41:00
Epoch id: 15, Training steps: 500, Train Acc: 87.50%, Train Loss: 0.004293, Train Avg Loss: 0.006061, Time: 2:41:50
Epoch id: 15, Training steps: 600, Train Acc: 75.00%, Train Loss: 0.002786, Train Avg Loss: 0.006979, Time: 2:42:40
Epoch id: 15, Training steps: 700, Train Acc: 62.50%, Train Loss: 0.010057, Train Avg Loss: 0.006225, Time: 2:43:30
Epoch id: 15, Training steps: 800, Train Acc: 62.50%, Train Loss: 0.004151, Train Avg Loss: 0.006264, Time: 2:44:20
Epoch id: 15, Training steps: 900, Train Acc: 50.00%, Train Loss: 0.010938, Train Avg Loss: 0.006240, Time: 2:45:10
Epoch id: 15, Training steps: 1000, Train Acc: 87.50%, Train Loss: 0.004006, Train Avg Loss: 0.005735, Time: 2:46:00
Epoch id: 15, Training steps: 1100, Train Acc: 75.00%, Train Loss: 0.002296, Train Avg Loss: 0.006394, Time: 2:46:51
Start evaluation on dev dataset.
Acc. (Correct/Total): 53.79% micro-Prec: 0.7553 micro-Recall:0.7073 micro-F1: 0.7305 dev loss: 0.039973
Start evaluation on test dataset.
Acc. (Correct/Total): 60.76% micro-Prec: 0.8043 micro-Recall:0.7439 micro-F1: 0.7729 dev loss: 0.034702
Epoch id: 16, Training steps: 100, Train Acc: 87.50%, Train Loss: 0.002467, Train Avg Loss: 0.007734, Time: 2:49:34
Epoch id: 16, Training steps: 200, Train Acc: 62.50%, Train Loss: 0.006769, Train Avg Loss: 0.004992, Time: 2:50:24
Epoch id: 16, Training steps: 300, Train Acc: 75.00%, Train Loss: 0.004511, Train Avg Loss: 0.004835, Time: 2:51:14
Epoch id: 16, Training steps: 400, Train Acc: 62.50%, Train Loss: 0.003682, Train Avg Loss: 0.005040, Time: 2:52:04
Epoch id: 16, Training steps: 500, Train Acc: 75.00%, Train Loss: 0.004800, Train Avg Loss: 0.005213, Time: 2:52:54
Epoch id: 16, Training steps: 600, Train Acc: 87.50%, Train Loss: 0.004067, Train Avg Loss: 0.005026, Time: 2:53:44
Epoch id: 16, Training steps: 700, Train Acc: 100.00%, Train Loss: 0.000781, Train Avg Loss: 0.005388, Time: 2:54:34
Epoch id: 16, Training steps: 800, Train Acc: 62.50%, Train Loss: 0.003377, Train Avg Loss: 0.005175, Time: 2:55:24
Epoch id: 16, Training steps: 900, Train Acc: 62.50%, Train Loss: 0.005164, Train Avg Loss: 0.005798, Time: 2:56:14
Epoch id: 16, Training steps: 1000, Train Acc: 62.50%, Train Loss: 0.006762, Train Avg Loss: 0.007465, Time: 2:57:04
Epoch id: 16, Training steps: 1100, Train Acc: 87.50%, Train Loss: 0.002740, Train Avg Loss: 0.006612, Time: 2:57:54
Start evaluation on dev dataset.
Acc. (Correct/Total): 53.36% micro-Prec: 0.7643 micro-Recall:0.6950 micro-F1: 0.7280 dev loss: 0.038922
Epoch id: 17, Training steps: 100, Train Acc: 75.00%, Train Loss: 0.004204, Train Avg Loss: 0.007883, Time: 2:59:50
Epoch id: 17, Training steps: 200, Train Acc: 50.00%, Train Loss: 0.016003, Train Avg Loss: 0.006059, Time: 3:00:40
Epoch id: 17, Training steps: 300, Train Acc: 87.50%, Train Loss: 0.003986, Train Avg Loss: 0.006044, Time: 3:01:30
Epoch id: 17, Training steps: 400, Train Acc: 62.50%, Train Loss: 0.008719, Train Avg Loss: 0.005805, Time: 3:02:20
Epoch id: 17, Training steps: 500, Train Acc: 100.00%, Train Loss: 0.002094, Train Avg Loss: 0.005378, Time: 3:03:10
Epoch id: 17, Training steps: 600, Train Acc: 87.50%, Train Loss: 0.003864, Train Avg Loss: 0.005839, Time: 3:04:00
Epoch id: 17, Training steps: 700, Train Acc: 62.50%, Train Loss: 0.013561, Train Avg Loss: 0.005628, Time: 3:04:50
Epoch id: 17, Training steps: 800, Train Acc: 100.00%, Train Loss: 0.002555, Train Avg Loss: 0.005880, Time: 3:05:40
Epoch id: 17, Training steps: 900, Train Acc: 100.00%, Train Loss: 0.003518, Train Avg Loss: 0.005531, Time: 3:06:30
Epoch id: 17, Training steps: 1000, Train Acc: 50.00%, Train Loss: 0.011618, Train Avg Loss: 0.005572, Time: 3:07:20
Epoch id: 17, Training steps: 1100, Train Acc: 62.50%, Train Loss: 0.005829, Train Avg Loss: 0.006283, Time: 3:08:10
Start evaluation on dev dataset.
Acc. (Correct/Total): 52.21% micro-Prec: 0.7476 micro-Recall:0.6915 micro-F1: 0.7185 dev loss: 0.041061
Epoch id: 18, Training steps: 100, Train Acc: 87.50%, Train Loss: 0.003750, Train Avg Loss: 0.008149, Time: 3:10:06
Epoch id: 18, Training steps: 200, Train Acc: 75.00%, Train Loss: 0.006995, Train Avg Loss: 0.004401, Time: 3:10:56
Epoch id: 18, Training steps: 300, Train Acc: 87.50%, Train Loss: 0.002671, Train Avg Loss: 0.004559, Time: 3:11:46
Epoch id: 18, Training steps: 400, Train Acc: 75.00%, Train Loss: 0.004861, Train Avg Loss: 0.004887, Time: 3:12:36
Epoch id: 18, Training steps: 500, Train Acc: 87.50%, Train Loss: 0.003643, Train Avg Loss: 0.004582, Time: 3:13:26
Epoch id: 18, Training steps: 600, Train Acc: 100.00%, Train Loss: 0.001017, Train Avg Loss: 0.004782, Time: 3:14:16
Epoch id: 18, Training steps: 700, Train Acc: 87.50%, Train Loss: 0.002694, Train Avg Loss: 0.004034, Time: 3:15:06
Epoch id: 18, Training steps: 800, Train Acc: 75.00%, Train Loss: 0.005226, Train Avg Loss: 0.004602, Time: 3:15:56
Epoch id: 18, Training steps: 900, Train Acc: 87.50%, Train Loss: 0.002652, Train Avg Loss: 0.004219, Time: 3:16:47
Epoch id: 18, Training steps: 1000, Train Acc: 87.50%, Train Loss: 0.004563, Train Avg Loss: 0.003909, Time: 3:17:37
Epoch id: 18, Training steps: 1100, Train Acc: 75.00%, Train Loss: 0.005325, Train Avg Loss: 0.004569, Time: 3:18:27
Start evaluation on dev dataset.
Acc. (Correct/Total): 52.30% micro-Prec: 0.7451 micro-Recall:0.7012 micro-F1: 0.7225 dev loss: 0.041253
Epoch id: 19, Training steps: 100, Train Acc: 75.00%, Train Loss: 0.002908, Train Avg Loss: 0.005466, Time: 3:20:22
Epoch id: 19, Training steps: 200, Train Acc: 100.00%, Train Loss: 0.001922, Train Avg Loss: 0.004069, Time: 3:21:12
Epoch id: 19, Training steps: 300, Train Acc: 62.50%, Train Loss: 0.015231, Train Avg Loss: 0.004010, Time: 3:22:02
Epoch id: 19, Training steps: 400, Train Acc: 87.50%, Train Loss: 0.002425, Train Avg Loss: 0.004674, Time: 3:22:52
Epoch id: 19, Training steps: 500, Train Acc: 100.00%, Train Loss: 0.002178, Train Avg Loss: 0.004071, Time: 3:23:42
Epoch id: 19, Training steps: 600, Train Acc: 75.00%, Train Loss: 0.008617, Train Avg Loss: 0.004125, Time: 3:24:32
Epoch id: 19, Training steps: 700, Train Acc: 87.50%, Train Loss: 0.003163, Train Avg Loss: 0.003691, Time: 3:25:22
Epoch id: 19, Training steps: 800, Train Acc: 87.50%, Train Loss: 0.002141, Train Avg Loss: 0.004449, Time: 3:26:12
Epoch id: 19, Training steps: 900, Train Acc: 75.00%, Train Loss: 0.007665, Train Avg Loss: 0.003619, Time: 3:27:03
Epoch id: 19, Training steps: 1000, Train Acc: 87.50%, Train Loss: 0.003744, Train Avg Loss: 0.003338, Time: 3:27:53
Epoch id: 19, Training steps: 1100, Train Acc: 100.00%, Train Loss: 0.001475, Train Avg Loss: 0.003763, Time: 3:28:43
Start evaluation on dev dataset.
Acc. (Correct/Total): 54.22% micro-Prec: 0.7533 micro-Recall:0.7148 micro-F1: 0.7336 dev loss: 0.040191
Start evaluation on test dataset.
Acc. (Correct/Total): 61.25% micro-Prec: 0.7953 micro-Recall:0.7562 micro-F1: 0.7753 dev loss: 0.034415
Epoch id: 20, Training steps: 100, Train Acc: 87.50%, Train Loss: 0.002545, Train Avg Loss: 0.004768, Time: 3:31:26
Epoch id: 20, Training steps: 200, Train Acc: 100.00%, Train Loss: 0.001114, Train Avg Loss: 0.003233, Time: 3:32:16
Epoch id: 20, Training steps: 300, Train Acc: 75.00%, Train Loss: 0.003019, Train Avg Loss: 0.002808, Time: 3:33:06
Epoch id: 20, Training steps: 400, Train Acc: 100.00%, Train Loss: 0.000895, Train Avg Loss: 0.003187, Time: 3:33:55
Epoch id: 20, Training steps: 500, Train Acc: 87.50%, Train Loss: 0.002331, Train Avg Loss: 0.003054, Time: 3:34:45
Epoch id: 20, Training steps: 600, Train Acc: 75.00%, Train Loss: 0.006814, Train Avg Loss: 0.003137, Time: 3:35:35
Epoch id: 20, Training steps: 700, Train Acc: 87.50%, Train Loss: 0.001353, Train Avg Loss: 0.002934, Time: 3:36:25
Epoch id: 20, Training steps: 800, Train Acc: 75.00%, Train Loss: 0.006162, Train Avg Loss: 0.003125, Time: 3:37:15
Epoch id: 20, Training steps: 900, Train Acc: 62.50%, Train Loss: 0.004326, Train Avg Loss: 0.003281, Time: 3:38:05
Epoch id: 20, Training steps: 1000, Train Acc: 87.50%, Train Loss: 0.002550, Train Avg Loss: 0.003294, Time: 3:38:55
Epoch id: 20, Training steps: 1100, Train Acc: 100.00%, Train Loss: 0.000361, Train Avg Loss: 0.003297, Time: 3:39:45
Start evaluation on dev dataset.
Acc. (Correct/Total): 54.85% micro-Prec: 0.7571 micro-Recall:0.7122 micro-F1: 0.7339 dev loss: 0.038594
Start evaluation on test dataset.
Acc. (Correct/Total): 62.17% micro-Prec: 0.8012 micro-Recall:0.7546 micro-F1: 0.7772 dev loss: 0.032990
Epoch id: 21, Training steps: 100, Train Acc: 75.00%, Train Loss: 0.005494, Train Avg Loss: 0.004042, Time: 3:42:27
Epoch id: 21, Training steps: 200, Train Acc: 87.50%, Train Loss: 0.003024, Train Avg Loss: 0.002876, Time: 3:43:17
Epoch id: 21, Training steps: 300, Train Acc: 100.00%, Train Loss: 0.001388, Train Avg Loss: 0.003367, Time: 3:44:07
Epoch id: 21, Training steps: 400, Train Acc: 75.00%, Train Loss: 0.002724, Train Avg Loss: 0.003226, Time: 3:44:57
Epoch id: 21, Training steps: 500, Train Acc: 87.50%, Train Loss: 0.003701, Train Avg Loss: 0.002388, Time: 3:45:47
Epoch id: 21, Training steps: 600, Train Acc: 87.50%, Train Loss: 0.003737, Train Avg Loss: 0.002892, Time: 3:46:37
Epoch id: 21, Training steps: 700, Train Acc: 100.00%, Train Loss: 0.001479, Train Avg Loss: 0.002968, Time: 3:47:27
Epoch id: 21, Training steps: 800, Train Acc: 75.00%, Train Loss: 0.003571, Train Avg Loss: 0.002878, Time: 3:48:17
Epoch id: 21, Training steps: 900, Train Acc: 87.50%, Train Loss: 0.001814, Train Avg Loss: 0.002638, Time: 3:49:07
Epoch id: 21, Training steps: 1000, Train Acc: 100.00%, Train Loss: 0.001621, Train Avg Loss: 0.002532, Time: 3:49:57
Epoch id: 21, Training steps: 1100, Train Acc: 87.50%, Train Loss: 0.001472, Train Avg Loss: 0.002670, Time: 3:50:47
Start evaluation on dev dataset.
Acc. (Correct/Total): 54.37% micro-Prec: 0.7559 micro-Recall:0.7138 micro-F1: 0.7343 dev loss: 0.038534
Epoch id: 22, Training steps: 100, Train Acc: 75.00%, Train Loss: 0.005314, Train Avg Loss: 0.003114, Time: 3:52:42
Epoch id: 22, Training steps: 200, Train Acc: 87.50%, Train Loss: 0.002235, Train Avg Loss: 0.002266, Time: 3:53:32
Epoch id: 22, Training steps: 300, Train Acc: 87.50%, Train Loss: 0.001445, Train Avg Loss: 0.002183, Time: 3:54:22
Epoch id: 22, Training steps: 400, Train Acc: 87.50%, Train Loss: 0.002006, Train Avg Loss: 0.002423, Time: 3:55:12
Epoch id: 22, Training steps: 500, Train Acc: 87.50%, Train Loss: 0.001316, Train Avg Loss: 0.002435, Time: 3:56:02
Epoch id: 22, Training steps: 600, Train Acc: 87.50%, Train Loss: 0.001809, Train Avg Loss: 0.002145, Time: 3:56:52
Epoch id: 22, Training steps: 700, Train Acc: 100.00%, Train Loss: 0.001986, Train Avg Loss: 0.002318, Time: 3:57:42
Epoch id: 22, Training steps: 800, Train Acc: 100.00%, Train Loss: 0.002223, Train Avg Loss: 0.002061, Time: 3:58:32
Epoch id: 22, Training steps: 900, Train Acc: 100.00%, Train Loss: 0.001801, Train Avg Loss: 0.002133, Time: 3:59:22
Epoch id: 22, Training steps: 1000, Train Acc: 87.50%, Train Loss: 0.001477, Train Avg Loss: 0.002091, Time: 4:00:12
Epoch id: 22, Training steps: 1100, Train Acc: 87.50%, Train Loss: 0.005925, Train Avg Loss: 0.002377, Time: 4:01:02
Start evaluation on dev dataset.
Acc. (Correct/Total): 55.13% micro-Prec: 0.7526 micro-Recall:0.7239 micro-F1: 0.7380 dev loss: 0.038627
Start evaluation on test dataset.
Acc. (Correct/Total): 62.65% micro-Prec: 0.7988 micro-Recall:0.7688 micro-F1: 0.7835 dev loss: 0.031993
Epoch id: 23, Training steps: 100, Train Acc: 100.00%, Train Loss: 0.001331, Train Avg Loss: 0.002700, Time: 4:03:45
Epoch id: 23, Training steps: 200, Train Acc: 100.00%, Train Loss: 0.000797, Train Avg Loss: 0.001890, Time: 4:04:35
Epoch id: 23, Training steps: 300, Train Acc: 100.00%, Train Loss: 0.000994, Train Avg Loss: 0.001833, Time: 4:05:25
Epoch id: 23, Training steps: 400, Train Acc: 100.00%, Train Loss: 0.001088, Train Avg Loss: 0.002102, Time: 4:06:15
Epoch id: 23, Training steps: 500, Train Acc: 75.00%, Train Loss: 0.006138, Train Avg Loss: 0.001925, Time: 4:07:05
Epoch id: 23, Training steps: 600, Train Acc: 100.00%, Train Loss: 0.000557, Train Avg Loss: 0.002087, Time: 4:07:55
Epoch id: 23, Training steps: 700, Train Acc: 87.50%, Train Loss: 0.001356, Train Avg Loss: 0.002044, Time: 4:08:45
Epoch id: 23, Training steps: 800, Train Acc: 87.50%, Train Loss: 0.002392, Train Avg Loss: 0.001870, Time: 4:09:35
Epoch id: 23, Training steps: 900, Train Acc: 87.50%, Train Loss: 0.002587, Train Avg Loss: 0.001691, Time: 4:10:25
Epoch id: 23, Training steps: 1000, Train Acc: 100.00%, Train Loss: 0.000198, Train Avg Loss: 0.001941, Time: 4:11:15
Epoch id: 23, Training steps: 1100, Train Acc: 100.00%, Train Loss: 0.001689, Train Avg Loss: 0.002033, Time: 4:12:05
Start evaluation on dev dataset.
Acc. (Correct/Total): 54.89% micro-Prec: 0.7511 micro-Recall:0.7239 micro-F1: 0.7372 dev loss: 0.038692
Epoch id: 24, Training steps: 100, Train Acc: 87.50%, Train Loss: 0.002119, Train Avg Loss: 0.002281, Time: 4:14:00
Epoch id: 24, Training steps: 200, Train Acc: 87.50%, Train Loss: 0.000822, Train Avg Loss: 0.001555, Time: 4:14:50
Epoch id: 24, Training steps: 300, Train Acc: 87.50%, Train Loss: 0.004114, Train Avg Loss: 0.001883, Time: 4:15:40
Epoch id: 24, Training steps: 400, Train Acc: 75.00%, Train Loss: 0.006477, Train Avg Loss: 0.001885, Time: 4:16:30
Epoch id: 24, Training steps: 500, Train Acc: 100.00%, Train Loss: 0.001604, Train Avg Loss: 0.001496, Time: 4:17:20
Epoch id: 24, Training steps: 600, Train Acc: 87.50%, Train Loss: 0.003988, Train Avg Loss: 0.001652, Time: 4:18:10
Epoch id: 24, Training steps: 700, Train Acc: 100.00%, Train Loss: 0.000985, Train Avg Loss: 0.001409, Time: 4:19:00
Epoch id: 24, Training steps: 800, Train Acc: 75.00%, Train Loss: 0.002847, Train Avg Loss: 0.001959, Time: 4:19:50
Epoch id: 24, Training steps: 900, Train Acc: 100.00%, Train Loss: 0.000510, Train Avg Loss: 0.001551, Time: 4:20:40
Epoch id: 24, Training steps: 1000, Train Acc: 100.00%, Train Loss: 0.000355, Train Avg Loss: 0.001771, Time: 4:21:30
Epoch id: 24, Training steps: 1100, Train Acc: 87.50%, Train Loss: 0.002319, Train Avg Loss: 0.001528, Time: 4:22:20
Start evaluation on dev dataset.
Acc. (Correct/Total): 55.18% micro-Prec: 0.7513 micro-Recall:0.7274 micro-F1: 0.7391 dev loss: 0.038723
Start evaluation on test dataset.
Acc. (Correct/Total): 62.94% micro-Prec: 0.8038 micro-Recall:0.7759 micro-F1: 0.7896 dev loss: 0.031793
Epoch id: 25, Training steps: 100, Train Acc: 100.00%, Train Loss: 0.000298, Train Avg Loss: 0.001866, Time: 4:25:02
Epoch id: 25, Training steps: 200, Train Acc: 100.00%, Train Loss: 0.000343, Train Avg Loss: 0.001457, Time: 4:25:52
Epoch id: 25, Training steps: 300, Train Acc: 100.00%, Train Loss: 0.000429, Train Avg Loss: 0.001701, Time: 4:26:42
Epoch id: 25, Training steps: 400, Train Acc: 87.50%, Train Loss: 0.002552, Train Avg Loss: 0.001462, Time: 4:27:32
Epoch id: 25, Training steps: 500, Train Acc: 87.50%, Train Loss: 0.001557, Train Avg Loss: 0.001416, Time: 4:28:22
Epoch id: 25, Training steps: 600, Train Acc: 100.00%, Train Loss: 0.001064, Train Avg Loss: 0.001404, Time: 4:29:12
Epoch id: 25, Training steps: 700, Train Acc: 100.00%, Train Loss: 0.000902, Train Avg Loss: 0.001640, Time: 4:30:02
Epoch id: 25, Training steps: 800, Train Acc: 100.00%, Train Loss: 0.001679, Train Avg Loss: 0.001731, Time: 4:30:52
Epoch id: 25, Training steps: 900, Train Acc: 100.00%, Train Loss: 0.001034, Train Avg Loss: 0.001744, Time: 4:31:42
Epoch id: 25, Training steps: 1000, Train Acc: 87.50%, Train Loss: 0.001460, Train Avg Loss: 0.001556, Time: 4:32:32
Epoch id: 25, Training steps: 1100, Train Acc: 75.00%, Train Loss: 0.003530, Train Avg Loss: 0.001654, Time: 4:33:22
Start evaluation on dev dataset.
Acc. (Correct/Total): 56.14% micro-Prec: 0.7573 micro-Recall:0.7264 micro-F1: 0.7416 dev loss: 0.038212
Start evaluation on test dataset.
Acc. (Correct/Total): 62.55% micro-Prec: 0.8013 micro-Recall:0.7682 micro-F1: 0.7844 dev loss: 0.031691
Epoch id: 26, Training steps: 100, Train Acc: 100.00%, Train Loss: 0.001251, Train Avg Loss: 0.001915, Time: 4:36:05
Epoch id: 26, Training steps: 200, Train Acc: 100.00%, Train Loss: 0.001166, Train Avg Loss: 0.001236, Time: 4:36:55
Epoch id: 26, Training steps: 300, Train Acc: 100.00%, Train Loss: 0.001073, Train Avg Loss: 0.001211, Time: 4:37:45
Epoch id: 26, Training steps: 400, Train Acc: 100.00%, Train Loss: 0.000781, Train Avg Loss: 0.001307, Time: 4:38:35
Epoch id: 26, Training steps: 500, Train Acc: 100.00%, Train Loss: 0.000901, Train Avg Loss: 0.001213, Time: 4:39:25
Epoch id: 26, Training steps: 600, Train Acc: 87.50%, Train Loss: 0.001234, Train Avg Loss: 0.001362, Time: 4:40:15
Epoch id: 26, Training steps: 700, Train Acc: 100.00%, Train Loss: 0.000965, Train Avg Loss: 0.001386, Time: 4:41:05
Epoch id: 26, Training steps: 800, Train Acc: 100.00%, Train Loss: 0.001543, Train Avg Loss: 0.001413, Time: 4:41:55
Epoch id: 26, Training steps: 900, Train Acc: 87.50%, Train Loss: 0.001626, Train Avg Loss: 0.001203, Time: 4:42:45
Epoch id: 26, Training steps: 1000, Train Acc: 87.50%, Train Loss: 0.001842, Train Avg Loss: 0.001343, Time: 4:43:35
Epoch id: 26, Training steps: 1100, Train Acc: 100.00%, Train Loss: 0.000564, Train Avg Loss: 0.001214, Time: 4:44:25
Start evaluation on dev dataset.
Acc. (Correct/Total): 55.52% micro-Prec: 0.7558 micro-Recall:0.7245 micro-F1: 0.7398 dev loss: 0.038609
Epoch id: 27, Training steps: 100, Train Acc: 87.50%, Train Loss: 0.001934, Train Avg Loss: 0.001816, Time: 4:46:20
Epoch id: 27, Training steps: 200, Train Acc: 87.50%, Train Loss: 0.002141, Train Avg Loss: 0.001189, Time: 4:47:10
Epoch id: 27, Training steps: 300, Train Acc: 100.00%, Train Loss: 0.001183, Train Avg Loss: 0.000961, Time: 4:48:00
Epoch id: 27, Training steps: 400, Train Acc: 87.50%, Train Loss: 0.001995, Train Avg Loss: 0.001052, Time: 4:48:50
Epoch id: 27, Training steps: 500, Train Acc: 75.00%, Train Loss: 0.003347, Train Avg Loss: 0.001180, Time: 4:49:40
Epoch id: 27, Training steps: 600, Train Acc: 100.00%, Train Loss: 0.000255, Train Avg Loss: 0.001184, Time: 4:50:30
Epoch id: 27, Training steps: 700, Train Acc: 100.00%, Train Loss: 0.000317, Train Avg Loss: 0.001102, Time: 4:51:20
Epoch id: 27, Training steps: 800, Train Acc: 87.50%, Train Loss: 0.001653, Train Avg Loss: 0.001240, Time: 4:52:10
Epoch id: 27, Training steps: 900, Train Acc: 100.00%, Train Loss: 0.000332, Train Avg Loss: 0.001222, Time: 4:53:00
Epoch id: 27, Training steps: 1000, Train Acc: 87.50%, Train Loss: 0.001470, Train Avg Loss: 0.001166, Time: 4:53:50
Epoch id: 27, Training steps: 1100, Train Acc: 87.50%, Train Loss: 0.002885, Train Avg Loss: 0.001121, Time: 4:54:40
Start evaluation on dev dataset.
Acc. (Correct/Total): 56.38% micro-Prec: 0.7566 micro-Recall:0.7284 micro-F1: 0.7422 dev loss: 0.038712
Start evaluation on test dataset.
Acc. (Correct/Total): 62.84% micro-Prec: 0.8032 micro-Recall:0.7692 micro-F1: 0.7858 dev loss: 0.031444
Epoch id: 28, Training steps: 100, Train Acc: 100.00%, Train Loss: 0.000223, Train Avg Loss: 0.001559, Time: 4:57:22
Epoch id: 28, Training steps: 200, Train Acc: 100.00%, Train Loss: 0.000329, Train Avg Loss: 0.001074, Time: 4:58:12
Epoch id: 28, Training steps: 300, Train Acc: 100.00%, Train Loss: 0.000841, Train Avg Loss: 0.001089, Time: 4:59:02
Epoch id: 28, Training steps: 400, Train Acc: 100.00%, Train Loss: 0.000748, Train Avg Loss: 0.000981, Time: 4:59:52
Epoch id: 28, Training steps: 500, Train Acc: 87.50%, Train Loss: 0.000991, Train Avg Loss: 0.001077, Time: 5:00:42
Epoch id: 28, Training steps: 600, Train Acc: 100.00%, Train Loss: 0.000459, Train Avg Loss: 0.001021, Time: 5:01:32
Epoch id: 28, Training steps: 700, Train Acc: 100.00%, Train Loss: 0.000544, Train Avg Loss: 0.000941, Time: 5:02:22
Epoch id: 28, Training steps: 800, Train Acc: 100.00%, Train Loss: 0.000950, Train Avg Loss: 0.001096, Time: 5:03:12
Epoch id: 28, Training steps: 900, Train Acc: 87.50%, Train Loss: 0.001527, Train Avg Loss: 0.000991, Time: 5:04:02
Epoch id: 28, Training steps: 1000, Train Acc: 100.00%, Train Loss: 0.000767, Train Avg Loss: 0.001135, Time: 5:04:51
Epoch id: 28, Training steps: 1100, Train Acc: 87.50%, Train Loss: 0.000944, Train Avg Loss: 0.001188, Time: 5:05:41
Start evaluation on dev dataset.
Acc. (Correct/Total): 55.04% micro-Prec: 0.7474 micro-Recall:0.7281 micro-F1: 0.7376 dev loss: 0.039295
Epoch id: 29, Training steps: 100, Train Acc: 100.00%, Train Loss: 0.001824, Train Avg Loss: 0.001263, Time: 5:07:37
Epoch id: 29, Training steps: 200, Train Acc: 100.00%, Train Loss: 0.000368, Train Avg Loss: 0.000847, Time: 5:08:27
Epoch id: 29, Training steps: 300, Train Acc: 87.50%, Train Loss: 0.001078, Train Avg Loss: 0.000877, Time: 5:09:16
Epoch id: 29, Training steps: 400, Train Acc: 100.00%, Train Loss: 0.000618, Train Avg Loss: 0.001019, Time: 5:10:06
Epoch id: 29, Training steps: 500, Train Acc: 100.00%, Train Loss: 0.002732, Train Avg Loss: 0.000935, Time: 5:10:56
Epoch id: 29, Training steps: 600, Train Acc: 100.00%, Train Loss: 0.000817, Train Avg Loss: 0.000892, Time: 5:11:46
Epoch id: 29, Training steps: 700, Train Acc: 100.00%, Train Loss: 0.000717, Train Avg Loss: 0.000828, Time: 5:12:36
Epoch id: 29, Training steps: 800, Train Acc: 100.00%, Train Loss: 0.001032, Train Avg Loss: 0.000910, Time: 5:13:26
Epoch id: 29, Training steps: 900, Train Acc: 100.00%, Train Loss: 0.000536, Train Avg Loss: 0.000893, Time: 5:14:16
Epoch id: 29, Training steps: 1000, Train Acc: 100.00%, Train Loss: 0.000759, Train Avg Loss: 0.000949, Time: 5:15:06
Epoch id: 29, Training steps: 1100, Train Acc: 87.50%, Train Loss: 0.000688, Train Avg Loss: 0.000902, Time: 5:15:56
Start evaluation on dev dataset.
Acc. (Correct/Total): 55.42% micro-Prec: 0.7483 micro-Recall:0.7307 micro-F1: 0.7394 dev loss: 0.039070
Epoch id: 30, Training steps: 100, Train Acc: 100.00%, Train Loss: 0.000389, Train Avg Loss: 0.001231, Time: 5:17:52
Epoch id: 30, Training steps: 200, Train Acc: 87.50%, Train Loss: 0.002030, Train Avg Loss: 0.000833, Time: 5:18:42
Epoch id: 30, Training steps: 300, Train Acc: 87.50%, Train Loss: 0.001536, Train Avg Loss: 0.000863, Time: 5:19:32
Epoch id: 30, Training steps: 400, Train Acc: 100.00%, Train Loss: 0.000517, Train Avg Loss: 0.000873, Time: 5:20:22
Epoch id: 30, Training steps: 500, Train Acc: 87.50%, Train Loss: 0.002281, Train Avg Loss: 0.000886, Time: 5:21:12
Epoch id: 30, Training steps: 600, Train Acc: 100.00%, Train Loss: 0.000250, Train Avg Loss: 0.000963, Time: 5:22:02
Epoch id: 30, Training steps: 700, Train Acc: 100.00%, Train Loss: 0.000336, Train Avg Loss: 0.000902, Time: 5:22:52
Epoch id: 30, Training steps: 800, Train Acc: 100.00%, Train Loss: 0.000492, Train Avg Loss: 0.000966, Time: 5:23:42
Epoch id: 30, Training steps: 900, Train Acc: 100.00%, Train Loss: 0.001130, Train Avg Loss: 0.000812, Time: 5:24:32
Epoch id: 30, Training steps: 1000, Train Acc: 100.00%, Train Loss: 0.000374, Train Avg Loss: 0.000738, Time: 5:25:22
Epoch id: 30, Training steps: 1100, Train Acc: 100.00%, Train Loss: 0.000320, Train Avg Loss: 0.000846, Time: 5:26:12
Start evaluation on dev dataset.
Acc. (Correct/Total): 56.33% micro-Prec: 0.7566 micro-Recall:0.7326 micro-F1: 0.7444 dev loss: 0.038462
Epoch id: 31, Training steps: 100, Train Acc: 100.00%, Train Loss: 0.001274, Train Avg Loss: 0.001085, Time: 5:28:07
Epoch id: 31, Training steps: 200, Train Acc: 100.00%, Train Loss: 0.000456, Train Avg Loss: 0.000803, Time: 5:28:57
Epoch id: 31, Training steps: 300, Train Acc: 100.00%, Train Loss: 0.000295, Train Avg Loss: 0.000823, Time: 5:29:47
Epoch id: 31, Training steps: 400, Train Acc: 100.00%, Train Loss: 0.000348, Train Avg Loss: 0.000706, Time: 5:30:37
Epoch id: 31, Training steps: 500, Train Acc: 100.00%, Train Loss: 0.000175, Train Avg Loss: 0.000811, Time: 5:31:27
Epoch id: 31, Training steps: 600, Train Acc: 100.00%, Train Loss: 0.000650, Train Avg Loss: 0.000884, Time: 5:32:17
Epoch id: 31, Training steps: 700, Train Acc: 100.00%, Train Loss: 0.001246, Train Avg Loss: 0.000800, Time: 5:33:07
Epoch id: 31, Training steps: 800, Train Acc: 100.00%, Train Loss: 0.000153, Train Avg Loss: 0.000810, Time: 5:33:57
Epoch id: 31, Training steps: 900, Train Acc: 100.00%, Train Loss: 0.001162, Train Avg Loss: 0.000721, Time: 5:34:46
Epoch id: 31, Training steps: 1000, Train Acc: 100.00%, Train Loss: 0.000557, Train Avg Loss: 0.000854, Time: 5:35:36
Epoch id: 31, Training steps: 1100, Train Acc: 100.00%, Train Loss: 0.000754, Train Avg Loss: 0.000763, Time: 5:36:26
Start evaluation on dev dataset.
Acc. (Correct/Total): 56.38% micro-Prec: 0.7555 micro-Recall:0.7342 micro-F1: 0.7447 dev loss: 0.038922
Epoch id: 32, Training steps: 100, Train Acc: 100.00%, Train Loss: 0.000299, Train Avg Loss: 0.001041, Time: 5:38:22
Epoch id: 32, Training steps: 200, Train Acc: 100.00%, Train Loss: 0.000442, Train Avg Loss: 0.000768, Time: 5:39:11
Epoch id: 32, Training steps: 300, Train Acc: 100.00%, Train Loss: 0.000515, Train Avg Loss: 0.000724, Time: 5:40:01
Epoch id: 32, Training steps: 400, Train Acc: 100.00%, Train Loss: 0.000680, Train Avg Loss: 0.000686, Time: 5:40:51
Epoch id: 32, Training steps: 500, Train Acc: 100.00%, Train Loss: 0.000499, Train Avg Loss: 0.000749, Time: 5:41:41
Epoch id: 32, Training steps: 600, Train Acc: 87.50%, Train Loss: 0.000822, Train Avg Loss: 0.000732, Time: 5:42:31
Epoch id: 32, Training steps: 700, Train Acc: 100.00%, Train Loss: 0.000419, Train Avg Loss: 0.000789, Time: 5:43:21
Epoch id: 32, Training steps: 800, Train Acc: 100.00%, Train Loss: 0.000320, Train Avg Loss: 0.000821, Time: 5:44:11
Epoch id: 32, Training steps: 900, Train Acc: 100.00%, Train Loss: 0.000388, Train Avg Loss: 0.000744, Time: 5:45:01
Epoch id: 32, Training steps: 1000, Train Acc: 100.00%, Train Loss: 0.000156, Train Avg Loss: 0.000798, Time: 5:45:51
Epoch id: 32, Training steps: 1100, Train Acc: 100.00%, Train Loss: 0.001926, Train Avg Loss: 0.000899, Time: 5:46:40
Start evaluation on dev dataset.
Acc. (Correct/Total): 55.95% micro-Prec: 0.7546 micro-Recall:0.7316 micro-F1: 0.7429 dev loss: 0.038924
Final evaluation on the test dataset.
The number of evaluation instances:  2067
Acc. (Correct/Total): 62.84% micro-Prec: 0.8032 micro-Recall:0.7692 micro-F1: 0.7858 dev loss: 0.031444
              precision    recall  f1-score   support

         教育学     0.8321    0.9461    0.8854       241
          法学     0.8604    0.8527    0.8565       224
      中国语言文学     0.8547    0.8270    0.8407       185
         政治学     0.8056    0.7117    0.7557       163
         社会学     0.8323    0.8217    0.8269       157
         心理学     0.9103    0.5772    0.7065       123
       应用经济学     0.7471    0.5556    0.6373       117
         历史学     0.8625    0.6330    0.7302       109
     环境科学与工程     0.8796    0.8796    0.8796       108
          哲学     0.8250    0.6804    0.7458        97
      外国语言文学     0.8649    0.7529    0.8050        85
         生物学     0.8068    0.8987    0.8503        79
      交通运输工程     0.8837    0.9744    0.9268        78
        临床医学     0.8289    0.8289    0.8289        76
    计算机科学与技术     0.8333    0.8451    0.8392        71
        土木工程     0.8767    0.9697    0.9209        66
   航空宇航科学与技术     0.9643    0.8852    0.9231        61
         民族学     0.6735    0.6000    0.6346        55
   公共卫生与预防医学     0.5873    0.7255    0.6491        51
         美术学     0.8333    1.0000    0.9091        50
         艺术学     0.6923    0.8372    0.7579        43
         地理学     0.7500    0.7857    0.7674        42
         体育学     0.8438    0.6750    0.7500        40
       理论经济学     0.7879    0.6842    0.7324        38
         中医学     0.8788    0.7838    0.8286        37
         物理学     0.7907    0.9444    0.8608        36
          林学     0.7692    0.6061    0.6780        33
          数学     0.8077    0.6562    0.7241        32
     电子科学与技术     0.4737    0.5806    0.5217        31
        基础医学     0.4828    0.4828    0.4828        29
        工商管理     0.7692    0.7407    0.7547        27
       新闻传播学     0.6923    0.8182    0.7500        22
         天文学     0.7826    0.8182    0.8000        22
         地质学     0.8125    0.6190    0.7027        21
         畜牧学     0.7917    0.9048    0.8444        21
   军事思想及军事历史     0.7895    0.7500    0.7692        20
     管理科学与工程     0.5652    0.7222    0.6341        18
     测绘科学与技术     0.7895    0.8824    0.8333        17
        水利工程     0.9091    0.6250    0.7407        16
        大气科学     0.7222    0.8125    0.7647        16
     兵器科学与技术     0.6316    0.8000    0.7059        15
       地球物理学     1.0000    0.2857    0.4444        14
        电气工程     1.0000    0.4615    0.6316        13
         作物学     0.6154    0.6154    0.6154        13
     控制科学与工程     0.3846    0.3846    0.3846        13
     信息与通信工程     0.7000    0.5385    0.6087        13
        公共管理     0.2308    0.2308    0.2308        13
         建筑学     0.8333    0.3846    0.5263        13
     化学工程与技术     0.9000    0.7500    0.8182        12
          力学     0.8571    0.5455    0.6667        11
        海洋科学     0.9167    1.0000    0.9565        11
     轻工技术与工程     0.3750    0.5455    0.4444        11
        农业工程     1.0000    0.6000    0.7500        10
         园艺学     0.6923    0.9000    0.7826        10
       中西医结合     1.0000    0.6000    0.7500        10
        机械工程     1.0000    1.0000    1.0000         9
       科学技术史     1.0000    0.5000    0.6667         8
     船舶与海洋工程     0.8889    1.0000    0.9412         8
   图书情报与档案管理     0.7778    0.8750    0.8235         8
        植物保护     0.6667    1.0000    0.8000         8
     材料科学与工程     0.8750    0.8750    0.8750         8
         统计学     0.5385    0.8750    0.6667         8
          化学     1.0000    0.7500    0.8571         8
     食品科学与工程     1.0000    0.3750    0.5455         8
          水产     1.0000    1.0000    1.0000         7
          药学     0.8571    0.8571    0.8571         7
     农业资源与环境     0.8000    0.5714    0.6667         7
         世界史     0.7500    0.8571    0.8000         7
        系统科学     0.8333    0.7143    0.7692         7
      农林经济管理     0.4444    0.8000    0.5714         5
       军队指挥学     1.0000    0.4000    0.5714         5
        矿业工程     0.6667    0.4000    0.5000         5
     纺织科学与工程     0.7143    1.0000    0.8333         5
  动力工程及工程热物理     0.0000    0.0000    0.0000         4
        林业工程     0.5000    0.2500    0.3333         4
     仪器科学与技术     1.0000    0.6667    0.8000         3
         战略学     0.5000    0.3333    0.4000         3
   地质资源与地质工程     0.4000    0.6667    0.5000         3
        旅游管理     0.6667    0.6667    0.6667         3
 图书馆、情报与档案管理     0.0000    0.0000    0.0000         2
        冶金工程     1.0000    0.5000    0.6667         2
      核科学与技术     0.0000    0.0000    0.0000         2

   micro avg     0.8032    0.7692    0.7858      3093
   macro avg     0.7497    0.6862    0.6985      3093
weighted avg     0.8102    0.7692    0.7810      3093
 samples avg     0.7987    0.7854    0.7787      3093

