nohup: 忽略输入
  0%|          | 0/82 [00:00<?, ?it/s]100%|██████████| 82/82 [00:00<00:00, 1173832.52it/s]
model:  ernie-rcnn-catlstmwide
pretrained:  ernie1
task:  MLC-slice
dataset:  book_multilabels_task_slice
seq_length:  128
hidden_dropout_prob:  0.2
attention_probs_dropout_prob:  0.2
epochs_num:  32
batch_size:  8
learning_rate:  2e-05
report_steps:  100
kg_name:  CnDbpedia
no_kg:  False
no_vm:  False
GPU:  NVIDIA GeForce RTX 2080 Ti
Vocabulary Size:  17964
[BertClassifier] use visible_matrix: True
Some weights of ErnieRCNNForMultiLabelSequenceClassificationSliceCatLSTMWide were not initialized from the model checkpoint at ./models/ernie1 and are newly initialized: ['lstm.weight_hh_l0', 'lstm.weight_hh_l1_reverse', 'lstm.weight_ih_l0', 'lstm.bias_hh_l1', 'lstm.bias_ih_l0_reverse', 'lstm.bias_hh_l1_reverse', 'lstm.weight_hh_l0_reverse', 'lstm.bias_ih_l1', 'classifier.bias', 'lstm.weight_hh_l1', 'classifier.weight', 'lstm.weight_ih_l1_reverse', 'lstm.bias_hh_l0', 'lstm.bias_ih_l1_reverse', 'output_layer_1.bias', 'output_layer_1.weight', 'lstm.bias_hh_l0_reverse', 'lstm.weight_ih_l1', 'lstm.weight_ih_l0_reverse', 'lstm.bias_ih_l0']
You should probably TRAIN this model on a down-stream task to be able to use it for predictions and inference.
1 GPUs are available. Let's use them.
device:  cuda
[KnowledgeGraph] Loading spo from /home/lyq2021/experiment/K-BERT-HUGGINGFACE/brain/kgs/CnDbpedia.spo
Start training.
Loading sentences from ./datasets/book_multilabels_task_slice/train.tsv
There are 9097 sentence in total. We use 1 processes to inject knowledge into sentences.
Progress of process 0: 0/9097
Loading sentences from ./datasets/book_multilabels_task_slice/dev.tsv
There are 2084 sentence in total. We use 1 processes to inject knowledge into sentences.
Progress of process 0: 0/2084
Loading sentences from ./datasets/book_multilabels_task_slice/test.tsv
There are 2067 sentence in total. We use 1 processes to inject knowledge into sentences.
Progress of process 0: 0/2067
Epoch id: 1, Training steps: 100, Train Acc:  0.00%, Train Loss: 0.784504, Train Avg Loss: 0.831729, Time: 0:00:26
Epoch id: 1, Training steps: 200, Train Acc:  0.00%, Train Loss: 0.582568, Train Avg Loss: 0.691724, Time: 0:00:51
Epoch id: 1, Training steps: 300, Train Acc:  0.00%, Train Loss: 0.383402, Train Avg Loss: 0.474576, Time: 0:01:17
Epoch id: 1, Training steps: 400, Train Acc:  0.00%, Train Loss: 0.206593, Train Avg Loss: 0.278966, Time: 0:01:43
Epoch id: 1, Training steps: 500, Train Acc:  0.00%, Train Loss: 0.143827, Train Avg Loss: 0.162052, Time: 0:02:09
Epoch id: 1, Training steps: 600, Train Acc:  0.00%, Train Loss: 0.098755, Train Avg Loss: 0.113427, Time: 0:02:35
Epoch id: 1, Training steps: 700, Train Acc:  0.00%, Train Loss: 0.105823, Train Avg Loss: 0.097583, Time: 0:03:01
Epoch id: 1, Training steps: 800, Train Acc:  0.00%, Train Loss: 0.091452, Train Avg Loss: 0.090602, Time: 0:03:27
Epoch id: 1, Training steps: 900, Train Acc:  0.00%, Train Loss: 0.092666, Train Avg Loss: 0.087982, Time: 0:03:53
Epoch id: 1, Training steps: 1000, Train Acc:  0.00%, Train Loss: 0.096677, Train Avg Loss: 0.086067, Time: 0:04:19
Epoch id: 1, Training steps: 1100, Train Acc:  0.00%, Train Loss: 0.082879, Train Avg Loss: 0.085040, Time: 0:04:45
Start evaluation on dev dataset.
Acc. (Correct/Total):  0.00% micro-Prec: 0.0000 micro-Recall:0.0000 micro-F1: 0.0000 dev loss: 0.087634
Epoch id: 2, Training steps: 100, Train Acc:  0.00%, Train Loss: 0.085978, Train Avg Loss: 0.115311, Time: 0:05:45
Epoch id: 2, Training steps: 200, Train Acc:  0.00%, Train Loss: 0.077854, Train Avg Loss: 0.082259, Time: 0:06:11
Epoch id: 2, Training steps: 300, Train Acc:  0.00%, Train Loss: 0.075768, Train Avg Loss: 0.083276, Time: 0:06:37
Epoch id: 2, Training steps: 400, Train Acc:  0.00%, Train Loss: 0.070891, Train Avg Loss: 0.081368, Time: 0:07:04
Epoch id: 2, Training steps: 500, Train Acc:  0.00%, Train Loss: 0.075433, Train Avg Loss: 0.079629, Time: 0:07:30
Epoch id: 2, Training steps: 600, Train Acc:  0.00%, Train Loss: 0.082723, Train Avg Loss: 0.080009, Time: 0:07:56
Epoch id: 2, Training steps: 700, Train Acc:  0.00%, Train Loss: 0.087193, Train Avg Loss: 0.079853, Time: 0:08:22
Epoch id: 2, Training steps: 800, Train Acc:  0.00%, Train Loss: 0.072048, Train Avg Loss: 0.081041, Time: 0:08:48
Epoch id: 2, Training steps: 900, Train Acc:  0.00%, Train Loss: 0.084465, Train Avg Loss: 0.079357, Time: 0:09:14
Epoch id: 2, Training steps: 1000, Train Acc:  0.00%, Train Loss: 0.078306, Train Avg Loss: 0.077574, Time: 0:09:40
Epoch id: 2, Training steps: 1100, Train Acc:  0.00%, Train Loss: 0.083634, Train Avg Loss: 0.080265, Time: 0:10:06
Start evaluation on dev dataset.
Acc. (Correct/Total):  0.00% micro-Prec: 0.0000 micro-Recall:0.0000 micro-F1: 0.0000 dev loss: 0.085440
Epoch id: 3, Training steps: 100, Train Acc:  0.00%, Train Loss: 0.067477, Train Avg Loss: 0.109310, Time: 0:11:06
Epoch id: 3, Training steps: 200, Train Acc:  0.00%, Train Loss: 0.086019, Train Avg Loss: 0.078910, Time: 0:11:32
Epoch id: 3, Training steps: 300, Train Acc:  0.00%, Train Loss: 0.080201, Train Avg Loss: 0.077822, Time: 0:11:58
Epoch id: 3, Training steps: 400, Train Acc:  0.00%, Train Loss: 0.087872, Train Avg Loss: 0.074963, Time: 0:12:24
Epoch id: 3, Training steps: 500, Train Acc:  0.00%, Train Loss: 0.070974, Train Avg Loss: 0.073475, Time: 0:12:50
Epoch id: 3, Training steps: 600, Train Acc:  0.00%, Train Loss: 0.067058, Train Avg Loss: 0.069875, Time: 0:13:16
Epoch id: 3, Training steps: 700, Train Acc:  0.00%, Train Loss: 0.062707, Train Avg Loss: 0.068962, Time: 0:13:42
Epoch id: 3, Training steps: 800, Train Acc:  0.00%, Train Loss: 0.055482, Train Avg Loss: 0.065390, Time: 0:14:08
Epoch id: 3, Training steps: 900, Train Acc:  0.00%, Train Loss: 0.063618, Train Avg Loss: 0.060455, Time: 0:14:34
Epoch id: 3, Training steps: 1000, Train Acc: 12.50%, Train Loss: 0.049877, Train Avg Loss: 0.055517, Time: 0:15:00
Epoch id: 3, Training steps: 1100, Train Acc:  0.00%, Train Loss: 0.067769, Train Avg Loss: 0.052920, Time: 0:15:26
Start evaluation on dev dataset.
Acc. (Correct/Total): 13.77% micro-Prec: 0.8147 micro-Recall:0.1651 micro-F1: 0.2746 dev loss: 0.062472
Start evaluation on test dataset.
Acc. (Correct/Total): 16.40% micro-Prec: 0.8913 micro-Recall:0.1830 micro-F1: 0.3036 dev loss: 0.059788
Epoch id: 4, Training steps: 100, Train Acc: 25.00%, Train Loss: 0.068287, Train Avg Loss: 0.068668, Time: 0:16:51
Epoch id: 4, Training steps: 200, Train Acc: 12.50%, Train Loss: 0.069200, Train Avg Loss: 0.074510, Time: 0:17:17
Epoch id: 4, Training steps: 300, Train Acc: 25.00%, Train Loss: 0.050494, Train Avg Loss: 0.052889, Time: 0:17:43
Epoch id: 4, Training steps: 400, Train Acc: 12.50%, Train Loss: 0.035420, Train Avg Loss: 0.050678, Time: 0:18:09
Epoch id: 4, Training steps: 500, Train Acc: 12.50%, Train Loss: 0.054500, Train Avg Loss: 0.046918, Time: 0:18:35
Epoch id: 4, Training steps: 600, Train Acc: 12.50%, Train Loss: 0.037514, Train Avg Loss: 0.045489, Time: 0:19:01
Epoch id: 4, Training steps: 700, Train Acc: 12.50%, Train Loss: 0.035974, Train Avg Loss: 0.041315, Time: 0:19:27
Epoch id: 4, Training steps: 800, Train Acc: 12.50%, Train Loss: 0.037141, Train Avg Loss: 0.040525, Time: 0:19:53
Epoch id: 4, Training steps: 900, Train Acc:  0.00%, Train Loss: 0.054196, Train Avg Loss: 0.041836, Time: 0:20:19
Epoch id: 4, Training steps: 1000, Train Acc: 37.50%, Train Loss: 0.028826, Train Avg Loss: 0.038538, Time: 0:20:45
Epoch id: 4, Training steps: 1100, Train Acc:  0.00%, Train Loss: 0.047246, Train Avg Loss: 0.037393, Time: 0:21:11
Start evaluation on dev dataset.
Acc. (Correct/Total): 26.39% micro-Prec: 0.8067 micro-Recall:0.3270 micro-F1: 0.4653 dev loss: 0.053782
Start evaluation on test dataset.
Acc. (Correct/Total): 32.56% micro-Prec: 0.8726 micro-Recall:0.3763 micro-F1: 0.5259 dev loss: 0.050294
Epoch id: 5, Training steps: 100, Train Acc:  0.00%, Train Loss: 0.040851, Train Avg Loss: 0.050201, Time: 0:22:36
Epoch id: 5, Training steps: 200, Train Acc: 12.50%, Train Loss: 0.035375, Train Avg Loss: 0.033668, Time: 0:23:02
Epoch id: 5, Training steps: 300, Train Acc:  0.00%, Train Loss: 0.048790, Train Avg Loss: 0.034004, Time: 0:23:28
Epoch id: 5, Training steps: 400, Train Acc: 25.00%, Train Loss: 0.038774, Train Avg Loss: 0.032971, Time: 0:23:54
Epoch id: 5, Training steps: 500, Train Acc: 50.00%, Train Loss: 0.021009, Train Avg Loss: 0.031606, Time: 0:24:20
Epoch id: 5, Training steps: 600, Train Acc: 25.00%, Train Loss: 0.050524, Train Avg Loss: 0.031945, Time: 0:24:46
Epoch id: 5, Training steps: 700, Train Acc: 37.50%, Train Loss: 0.034021, Train Avg Loss: 0.030932, Time: 0:25:12
Epoch id: 5, Training steps: 800, Train Acc: 62.50%, Train Loss: 0.008657, Train Avg Loss: 0.030794, Time: 0:25:38
Epoch id: 5, Training steps: 900, Train Acc: 37.50%, Train Loss: 0.027951, Train Avg Loss: 0.028576, Time: 0:26:04
Epoch id: 5, Training steps: 1000, Train Acc:  0.00%, Train Loss: 0.047025, Train Avg Loss: 0.031219, Time: 0:26:30
Epoch id: 5, Training steps: 1100, Train Acc: 37.50%, Train Loss: 0.021504, Train Avg Loss: 0.030966, Time: 0:26:57
Start evaluation on dev dataset.
Acc. (Correct/Total): 28.45% micro-Prec: 0.8166 micro-Recall:0.3762 micro-F1: 0.5151 dev loss: 0.048559
Start evaluation on test dataset.
Acc. (Correct/Total): 35.27% micro-Prec: 0.8739 micro-Recall:0.4281 micro-F1: 0.5747 dev loss: 0.044788
Epoch id: 6, Training steps: 100, Train Acc: 75.00%, Train Loss: 0.016347, Train Avg Loss: 0.036928, Time: 0:28:21
Epoch id: 6, Training steps: 200, Train Acc: 50.00%, Train Loss: 0.015130, Train Avg Loss: 0.027861, Time: 0:28:48
Epoch id: 6, Training steps: 300, Train Acc: 50.00%, Train Loss: 0.021265, Train Avg Loss: 0.025427, Time: 0:29:14
Epoch id: 6, Training steps: 400, Train Acc: 25.00%, Train Loss: 0.038254, Train Avg Loss: 0.027662, Time: 0:29:40
Epoch id: 6, Training steps: 500, Train Acc: 37.50%, Train Loss: 0.020191, Train Avg Loss: 0.027489, Time: 0:30:06
Epoch id: 6, Training steps: 600, Train Acc: 50.00%, Train Loss: 0.023450, Train Avg Loss: 0.027357, Time: 0:30:33
Epoch id: 6, Training steps: 700, Train Acc: 62.50%, Train Loss: 0.018879, Train Avg Loss: 0.025245, Time: 0:30:59
Epoch id: 6, Training steps: 800, Train Acc: 37.50%, Train Loss: 0.026730, Train Avg Loss: 0.027578, Time: 0:31:25
Epoch id: 6, Training steps: 900, Train Acc: 37.50%, Train Loss: 0.017001, Train Avg Loss: 0.024052, Time: 0:31:51
Epoch id: 6, Training steps: 1000, Train Acc: 50.00%, Train Loss: 0.015934, Train Avg Loss: 0.027048, Time: 0:32:20
Epoch id: 6, Training steps: 1100, Train Acc: 25.00%, Train Loss: 0.040971, Train Avg Loss: 0.024207, Time: 0:32:46
Start evaluation on dev dataset.
Acc. (Correct/Total): 37.14% micro-Prec: 0.8011 micro-Recall:0.4629 micro-F1: 0.5868 dev loss: 0.043515
Start evaluation on test dataset.
Acc. (Correct/Total): 43.15% micro-Prec: 0.8535 micro-Recall:0.5273 micro-F1: 0.6519 dev loss: 0.039453
Epoch id: 7, Training steps: 100, Train Acc: 37.50%, Train Loss: 0.029098, Train Avg Loss: 0.032084, Time: 0:34:11
Epoch id: 7, Training steps: 200, Train Acc: 37.50%, Train Loss: 0.024879, Train Avg Loss: 0.021010, Time: 0:34:37
Epoch id: 7, Training steps: 300, Train Acc: 37.50%, Train Loss: 0.023772, Train Avg Loss: 0.022668, Time: 0:35:03
Epoch id: 7, Training steps: 400, Train Acc: 50.00%, Train Loss: 0.013471, Train Avg Loss: 0.021073, Time: 0:35:29
Epoch id: 7, Training steps: 500, Train Acc: 62.50%, Train Loss: 0.015702, Train Avg Loss: 0.020736, Time: 0:35:55
Epoch id: 7, Training steps: 600, Train Acc: 12.50%, Train Loss: 0.021031, Train Avg Loss: 0.020954, Time: 0:36:21
Epoch id: 7, Training steps: 700, Train Acc: 50.00%, Train Loss: 0.022910, Train Avg Loss: 0.024187, Time: 0:36:47
Epoch id: 7, Training steps: 800, Train Acc: 62.50%, Train Loss: 0.012619, Train Avg Loss: 0.024450, Time: 0:37:14
Epoch id: 7, Training steps: 900, Train Acc: 12.50%, Train Loss: 0.036789, Train Avg Loss: 0.024844, Time: 0:37:40
Epoch id: 7, Training steps: 1000, Train Acc: 50.00%, Train Loss: 0.021075, Train Avg Loss: 0.021786, Time: 0:38:06
Epoch id: 7, Training steps: 1100, Train Acc: 37.50%, Train Loss: 0.026125, Train Avg Loss: 0.021655, Time: 0:38:32
Start evaluation on dev dataset.
Acc. (Correct/Total): 41.70% micro-Prec: 0.7947 micro-Recall:0.5290 micro-F1: 0.6352 dev loss: 0.040588
Start evaluation on test dataset.
Acc. (Correct/Total): 49.64% micro-Prec: 0.8526 micro-Recall:0.5946 micro-F1: 0.7006 dev loss: 0.036441
Epoch id: 8, Training steps: 100, Train Acc: 25.00%, Train Loss: 0.017778, Train Avg Loss: 0.028720, Time: 0:39:57
Epoch id: 8, Training steps: 200, Train Acc: 37.50%, Train Loss: 0.014736, Train Avg Loss: 0.017172, Time: 0:40:23
Epoch id: 8, Training steps: 300, Train Acc: 75.00%, Train Loss: 0.021603, Train Avg Loss: 0.021312, Time: 0:40:50
Epoch id: 8, Training steps: 400, Train Acc: 50.00%, Train Loss: 0.009737, Train Avg Loss: 0.018491, Time: 0:41:16
Epoch id: 8, Training steps: 500, Train Acc: 37.50%, Train Loss: 0.019460, Train Avg Loss: 0.019252, Time: 0:41:42
Epoch id: 8, Training steps: 600, Train Acc: 75.00%, Train Loss: 0.009849, Train Avg Loss: 0.018852, Time: 0:42:08
Epoch id: 8, Training steps: 700, Train Acc: 37.50%, Train Loss: 0.029355, Train Avg Loss: 0.019150, Time: 0:42:34
Epoch id: 8, Training steps: 800, Train Acc: 37.50%, Train Loss: 0.024249, Train Avg Loss: 0.017783, Time: 0:43:00
Epoch id: 8, Training steps: 900, Train Acc: 75.00%, Train Loss: 0.008103, Train Avg Loss: 0.018639, Time: 0:43:26
Epoch id: 8, Training steps: 1000, Train Acc: 75.00%, Train Loss: 0.012586, Train Avg Loss: 0.018512, Time: 0:43:52
Epoch id: 8, Training steps: 1100, Train Acc: 37.50%, Train Loss: 0.017565, Train Avg Loss: 0.018901, Time: 0:44:19
Start evaluation on dev dataset.
Acc. (Correct/Total): 44.05% micro-Prec: 0.7956 micro-Recall:0.5520 micro-F1: 0.6518 dev loss: 0.039285
Start evaluation on test dataset.
Acc. (Correct/Total): 50.90% micro-Prec: 0.8487 micro-Recall:0.6094 micro-F1: 0.7094 dev loss: 0.034521
Epoch id: 9, Training steps: 100, Train Acc: 12.50%, Train Loss: 0.039681, Train Avg Loss: 0.030379, Time: 0:45:43
Epoch id: 9, Training steps: 200, Train Acc:  0.00%, Train Loss: 0.019366, Train Avg Loss: 0.019639, Time: 0:46:09
Epoch id: 9, Training steps: 300, Train Acc: 37.50%, Train Loss: 0.030415, Train Avg Loss: 0.017482, Time: 0:46:36
Epoch id: 9, Training steps: 400, Train Acc: 50.00%, Train Loss: 0.016465, Train Avg Loss: 0.016637, Time: 0:47:02
Epoch id: 9, Training steps: 500, Train Acc: 50.00%, Train Loss: 0.015038, Train Avg Loss: 0.017731, Time: 0:47:28
Epoch id: 9, Training steps: 600, Train Acc: 62.50%, Train Loss: 0.023975, Train Avg Loss: 0.015281, Time: 0:47:54
Epoch id: 9, Training steps: 700, Train Acc: 25.00%, Train Loss: 0.019980, Train Avg Loss: 0.017313, Time: 0:48:20
Epoch id: 9, Training steps: 800, Train Acc: 62.50%, Train Loss: 0.010211, Train Avg Loss: 0.017482, Time: 0:48:46
Epoch id: 9, Training steps: 900, Train Acc: 25.00%, Train Loss: 0.042422, Train Avg Loss: 0.018763, Time: 0:49:12
Epoch id: 9, Training steps: 1000, Train Acc: 37.50%, Train Loss: 0.007642, Train Avg Loss: 0.015447, Time: 0:49:38
Epoch id: 9, Training steps: 1100, Train Acc: 50.00%, Train Loss: 0.016575, Train Avg Loss: 0.016491, Time: 0:50:04
Start evaluation on dev dataset.
Acc. (Correct/Total): 44.91% micro-Prec: 0.7981 micro-Recall:0.5581 micro-F1: 0.6569 dev loss: 0.038057
Start evaluation on test dataset.
Acc. (Correct/Total): 52.78% micro-Prec: 0.8399 micro-Recall:0.6292 micro-F1: 0.7194 dev loss: 0.033161
Epoch id: 10, Training steps: 100, Train Acc: 50.00%, Train Loss: 0.026484, Train Avg Loss: 0.019920, Time: 0:51:29
Epoch id: 10, Training steps: 200, Train Acc: 75.00%, Train Loss: 0.005077, Train Avg Loss: 0.014253, Time: 0:51:55
Epoch id: 10, Training steps: 300, Train Acc: 87.50%, Train Loss: 0.003169, Train Avg Loss: 0.013767, Time: 0:52:21
Epoch id: 10, Training steps: 400, Train Acc: 62.50%, Train Loss: 0.015886, Train Avg Loss: 0.013221, Time: 0:52:47
Epoch id: 10, Training steps: 500, Train Acc: 75.00%, Train Loss: 0.005868, Train Avg Loss: 0.013900, Time: 0:53:13
Epoch id: 10, Training steps: 600, Train Acc: 37.50%, Train Loss: 0.018916, Train Avg Loss: 0.015811, Time: 0:53:39
Epoch id: 10, Training steps: 700, Train Acc: 62.50%, Train Loss: 0.011885, Train Avg Loss: 0.014661, Time: 0:54:05
Epoch id: 10, Training steps: 800, Train Acc: 50.00%, Train Loss: 0.014617, Train Avg Loss: 0.015140, Time: 0:54:31
Epoch id: 10, Training steps: 900, Train Acc: 50.00%, Train Loss: 0.014000, Train Avg Loss: 0.015229, Time: 0:54:57
Epoch id: 10, Training steps: 1000, Train Acc: 87.50%, Train Loss: 0.003368, Train Avg Loss: 0.013609, Time: 0:55:23
Epoch id: 10, Training steps: 1100, Train Acc: 75.00%, Train Loss: 0.018106, Train Avg Loss: 0.013871, Time: 0:55:49
Start evaluation on dev dataset.
Acc. (Correct/Total): 48.51% micro-Prec: 0.7857 micro-Recall:0.6067 micro-F1: 0.6847 dev loss: 0.038203
Start evaluation on test dataset.
Acc. (Correct/Total): 53.27% micro-Prec: 0.8292 micro-Recall:0.6515 micro-F1: 0.7297 dev loss: 0.033350
Epoch id: 11, Training steps: 100, Train Acc: 50.00%, Train Loss: 0.012555, Train Avg Loss: 0.015650, Time: 0:57:14
Epoch id: 11, Training steps: 200, Train Acc: 75.00%, Train Loss: 0.008385, Train Avg Loss: 0.011676, Time: 0:57:40
Epoch id: 11, Training steps: 300, Train Acc: 75.00%, Train Loss: 0.006294, Train Avg Loss: 0.011685, Time: 0:58:06
Epoch id: 11, Training steps: 400, Train Acc: 87.50%, Train Loss: 0.005001, Train Avg Loss: 0.011269, Time: 0:58:32
Epoch id: 11, Training steps: 500, Train Acc: 50.00%, Train Loss: 0.015595, Train Avg Loss: 0.012424, Time: 0:58:58
Epoch id: 11, Training steps: 600, Train Acc: 50.00%, Train Loss: 0.020848, Train Avg Loss: 0.011437, Time: 0:59:24
Epoch id: 11, Training steps: 700, Train Acc: 62.50%, Train Loss: 0.009254, Train Avg Loss: 0.012475, Time: 0:59:50
Epoch id: 11, Training steps: 800, Train Acc: 50.00%, Train Loss: 0.021517, Train Avg Loss: 0.012167, Time: 1:00:17
Epoch id: 11, Training steps: 900, Train Acc: 75.00%, Train Loss: 0.005194, Train Avg Loss: 0.011024, Time: 1:00:43
Epoch id: 11, Training steps: 1000, Train Acc: 62.50%, Train Loss: 0.021664, Train Avg Loss: 0.014532, Time: 1:01:09
Epoch id: 11, Training steps: 1100, Train Acc: 62.50%, Train Loss: 0.009518, Train Avg Loss: 0.012484, Time: 1:01:35
Start evaluation on dev dataset.
Acc. (Correct/Total): 47.94% micro-Prec: 0.7679 micro-Recall:0.6232 micro-F1: 0.6880 dev loss: 0.039747
Epoch id: 12, Training steps: 100, Train Acc: 62.50%, Train Loss: 0.014024, Train Avg Loss: 0.015552, Time: 1:02:35
Epoch id: 12, Training steps: 200, Train Acc: 87.50%, Train Loss: 0.007746, Train Avg Loss: 0.008893, Time: 1:03:02
Epoch id: 12, Training steps: 300, Train Acc: 62.50%, Train Loss: 0.005466, Train Avg Loss: 0.009386, Time: 1:03:28
Epoch id: 12, Training steps: 400, Train Acc: 75.00%, Train Loss: 0.011643, Train Avg Loss: 0.009185, Time: 1:03:54
Epoch id: 12, Training steps: 500, Train Acc: 62.50%, Train Loss: 0.009780, Train Avg Loss: 0.009873, Time: 1:04:20
Epoch id: 12, Training steps: 600, Train Acc: 62.50%, Train Loss: 0.009963, Train Avg Loss: 0.010015, Time: 1:04:46
Epoch id: 12, Training steps: 700, Train Acc: 87.50%, Train Loss: 0.005218, Train Avg Loss: 0.010521, Time: 1:05:12
Epoch id: 12, Training steps: 800, Train Acc: 62.50%, Train Loss: 0.013004, Train Avg Loss: 0.012067, Time: 1:05:38
Epoch id: 12, Training steps: 900, Train Acc: 75.00%, Train Loss: 0.032704, Train Avg Loss: 0.012830, Time: 1:06:04
Epoch id: 12, Training steps: 1000, Train Acc: 62.50%, Train Loss: 0.012191, Train Avg Loss: 0.011632, Time: 1:06:30
Epoch id: 12, Training steps: 1100, Train Acc: 75.00%, Train Loss: 0.009238, Train Avg Loss: 0.010932, Time: 1:06:56
Start evaluation on dev dataset.
Acc. (Correct/Total): 48.66% micro-Prec: 0.7794 micro-Recall:0.6177 micro-F1: 0.6892 dev loss: 0.037217
Start evaluation on test dataset.
Acc. (Correct/Total): 56.22% micro-Prec: 0.8288 micro-Recall:0.6731 micro-F1: 0.7429 dev loss: 0.031572
Epoch id: 13, Training steps: 100, Train Acc: 75.00%, Train Loss: 0.005370, Train Avg Loss: 0.012916, Time: 1:08:21
Epoch id: 13, Training steps: 200, Train Acc: 50.00%, Train Loss: 0.014861, Train Avg Loss: 0.008425, Time: 1:08:47
Epoch id: 13, Training steps: 300, Train Acc: 75.00%, Train Loss: 0.013954, Train Avg Loss: 0.007554, Time: 1:09:14
Epoch id: 13, Training steps: 400, Train Acc: 62.50%, Train Loss: 0.006953, Train Avg Loss: 0.008952, Time: 1:09:40
Epoch id: 13, Training steps: 500, Train Acc: 100.00%, Train Loss: 0.002870, Train Avg Loss: 0.009082, Time: 1:10:06
Epoch id: 13, Training steps: 600, Train Acc: 50.00%, Train Loss: 0.012996, Train Avg Loss: 0.008480, Time: 1:10:32
Epoch id: 13, Training steps: 700, Train Acc: 100.00%, Train Loss: 0.001165, Train Avg Loss: 0.008560, Time: 1:10:58
Epoch id: 13, Training steps: 800, Train Acc: 50.00%, Train Loss: 0.018087, Train Avg Loss: 0.008923, Time: 1:11:24
Epoch id: 13, Training steps: 900, Train Acc: 75.00%, Train Loss: 0.009267, Train Avg Loss: 0.008730, Time: 1:11:50
Epoch id: 13, Training steps: 1000, Train Acc: 62.50%, Train Loss: 0.006631, Train Avg Loss: 0.009264, Time: 1:12:16
Epoch id: 13, Training steps: 1100, Train Acc: 100.00%, Train Loss: 0.002777, Train Avg Loss: 0.008166, Time: 1:12:42
Start evaluation on dev dataset.
Acc. (Correct/Total): 50.38% micro-Prec: 0.7832 micro-Recall:0.6316 micro-F1: 0.6993 dev loss: 0.036842
Start evaluation on test dataset.
Acc. (Correct/Total): 58.06% micro-Prec: 0.8301 micro-Recall:0.6951 micro-F1: 0.7566 dev loss: 0.031016
Epoch id: 14, Training steps: 100, Train Acc: 75.00%, Train Loss: 0.008377, Train Avg Loss: 0.010834, Time: 1:14:07
Epoch id: 14, Training steps: 200, Train Acc: 87.50%, Train Loss: 0.002241, Train Avg Loss: 0.006413, Time: 1:14:33
Epoch id: 14, Training steps: 300, Train Acc: 87.50%, Train Loss: 0.001485, Train Avg Loss: 0.006856, Time: 1:14:59
Epoch id: 14, Training steps: 400, Train Acc: 50.00%, Train Loss: 0.010581, Train Avg Loss: 0.007152, Time: 1:15:25
Epoch id: 14, Training steps: 500, Train Acc: 75.00%, Train Loss: 0.010605, Train Avg Loss: 0.007901, Time: 1:15:51
Epoch id: 14, Training steps: 600, Train Acc: 50.00%, Train Loss: 0.013872, Train Avg Loss: 0.007486, Time: 1:16:17
Epoch id: 14, Training steps: 700, Train Acc: 62.50%, Train Loss: 0.013828, Train Avg Loss: 0.006577, Time: 1:16:43
Epoch id: 14, Training steps: 800, Train Acc: 87.50%, Train Loss: 0.008358, Train Avg Loss: 0.007629, Time: 1:17:09
Epoch id: 14, Training steps: 900, Train Acc: 87.50%, Train Loss: 0.004754, Train Avg Loss: 0.007263, Time: 1:17:35
Epoch id: 14, Training steps: 1000, Train Acc: 62.50%, Train Loss: 0.014092, Train Avg Loss: 0.007798, Time: 1:18:02
Epoch id: 14, Training steps: 1100, Train Acc: 25.00%, Train Loss: 0.011403, Train Avg Loss: 0.007513, Time: 1:18:28
Start evaluation on dev dataset.
Acc. (Correct/Total): 52.16% micro-Prec: 0.7719 micro-Recall:0.6640 micro-F1: 0.7139 dev loss: 0.036821
Start evaluation on test dataset.
Acc. (Correct/Total): 58.49% micro-Prec: 0.8216 micro-Recall:0.7045 micro-F1: 0.7586 dev loss: 0.031448
Epoch id: 15, Training steps: 100, Train Acc: 75.00%, Train Loss: 0.006446, Train Avg Loss: 0.010419, Time: 1:19:53
Epoch id: 15, Training steps: 200, Train Acc: 62.50%, Train Loss: 0.010517, Train Avg Loss: 0.006152, Time: 1:20:19
Epoch id: 15, Training steps: 300, Train Acc: 87.50%, Train Loss: 0.005030, Train Avg Loss: 0.006121, Time: 1:20:45
Epoch id: 15, Training steps: 400, Train Acc: 100.00%, Train Loss: 0.001409, Train Avg Loss: 0.006261, Time: 1:21:11
Epoch id: 15, Training steps: 500, Train Acc: 62.50%, Train Loss: 0.005744, Train Avg Loss: 0.006230, Time: 1:21:37
Epoch id: 15, Training steps: 600, Train Acc: 62.50%, Train Loss: 0.009289, Train Avg Loss: 0.006349, Time: 1:22:03
Epoch id: 15, Training steps: 700, Train Acc: 75.00%, Train Loss: 0.004928, Train Avg Loss: 0.007770, Time: 1:22:29
Epoch id: 15, Training steps: 800, Train Acc: 50.00%, Train Loss: 0.015941, Train Avg Loss: 0.007096, Time: 1:22:55
Epoch id: 15, Training steps: 900, Train Acc: 62.50%, Train Loss: 0.007574, Train Avg Loss: 0.006650, Time: 1:23:21
Epoch id: 15, Training steps: 1000, Train Acc: 75.00%, Train Loss: 0.004492, Train Avg Loss: 0.006153, Time: 1:23:47
Epoch id: 15, Training steps: 1100, Train Acc: 75.00%, Train Loss: 0.008659, Train Avg Loss: 0.006250, Time: 1:24:14
Start evaluation on dev dataset.
Acc. (Correct/Total): 51.20% micro-Prec: 0.7658 micro-Recall:0.6552 micro-F1: 0.7062 dev loss: 0.037667
Epoch id: 16, Training steps: 100, Train Acc: 62.50%, Train Loss: 0.006484, Train Avg Loss: 0.007214, Time: 1:25:14
Epoch id: 16, Training steps: 200, Train Acc: 62.50%, Train Loss: 0.007266, Train Avg Loss: 0.005488, Time: 1:25:40
Epoch id: 16, Training steps: 300, Train Acc: 100.00%, Train Loss: 0.000932, Train Avg Loss: 0.005039, Time: 1:26:06
Epoch id: 16, Training steps: 400, Train Acc: 100.00%, Train Loss: 0.001959, Train Avg Loss: 0.005376, Time: 1:26:32
Epoch id: 16, Training steps: 500, Train Acc: 100.00%, Train Loss: 0.003109, Train Avg Loss: 0.004841, Time: 1:26:59
Epoch id: 16, Training steps: 600, Train Acc: 75.00%, Train Loss: 0.006233, Train Avg Loss: 0.005453, Time: 1:27:25
Epoch id: 16, Training steps: 700, Train Acc: 87.50%, Train Loss: 0.002757, Train Avg Loss: 0.005410, Time: 1:27:51
Epoch id: 16, Training steps: 800, Train Acc: 87.50%, Train Loss: 0.002132, Train Avg Loss: 0.004934, Time: 1:28:17
Epoch id: 16, Training steps: 900, Train Acc: 75.00%, Train Loss: 0.008179, Train Avg Loss: 0.005403, Time: 1:28:43
Epoch id: 16, Training steps: 1000, Train Acc: 87.50%, Train Loss: 0.004438, Train Avg Loss: 0.005138, Time: 1:29:09
Epoch id: 16, Training steps: 1100, Train Acc: 62.50%, Train Loss: 0.003886, Train Avg Loss: 0.005110, Time: 1:29:35
Start evaluation on dev dataset.
Acc. (Correct/Total): 51.34% micro-Prec: 0.7728 micro-Recall:0.6507 micro-F1: 0.7065 dev loss: 0.037417
Epoch id: 17, Training steps: 100, Train Acc: 100.00%, Train Loss: 0.004392, Train Avg Loss: 0.006137, Time: 1:30:36
Epoch id: 17, Training steps: 200, Train Acc: 75.00%, Train Loss: 0.005784, Train Avg Loss: 0.003953, Time: 1:31:02
Epoch id: 17, Training steps: 300, Train Acc: 100.00%, Train Loss: 0.001947, Train Avg Loss: 0.004452, Time: 1:31:28
Epoch id: 17, Training steps: 400, Train Acc: 75.00%, Train Loss: 0.003255, Train Avg Loss: 0.004779, Time: 1:31:54
Epoch id: 17, Training steps: 500, Train Acc: 75.00%, Train Loss: 0.002146, Train Avg Loss: 0.004616, Time: 1:32:20
Epoch id: 17, Training steps: 600, Train Acc: 100.00%, Train Loss: 0.001227, Train Avg Loss: 0.004395, Time: 1:32:46
Epoch id: 17, Training steps: 700, Train Acc: 75.00%, Train Loss: 0.013689, Train Avg Loss: 0.005013, Time: 1:33:12
Epoch id: 17, Training steps: 800, Train Acc: 62.50%, Train Loss: 0.010194, Train Avg Loss: 0.004690, Time: 1:33:38
Epoch id: 17, Training steps: 900, Train Acc: 75.00%, Train Loss: 0.005850, Train Avg Loss: 0.004089, Time: 1:34:05
Epoch id: 17, Training steps: 1000, Train Acc: 75.00%, Train Loss: 0.005913, Train Avg Loss: 0.004344, Time: 1:34:31
Epoch id: 17, Training steps: 1100, Train Acc: 62.50%, Train Loss: 0.007556, Train Avg Loss: 0.004965, Time: 1:34:57
Start evaluation on dev dataset.
Acc. (Correct/Total): 50.96% micro-Prec: 0.7505 micro-Recall:0.6698 micro-F1: 0.7078 dev loss: 0.039051
Epoch id: 18, Training steps: 100, Train Acc: 75.00%, Train Loss: 0.003274, Train Avg Loss: 0.005575, Time: 1:35:57
Epoch id: 18, Training steps: 200, Train Acc: 62.50%, Train Loss: 0.007397, Train Avg Loss: 0.003544, Time: 1:36:23
Epoch id: 18, Training steps: 300, Train Acc: 75.00%, Train Loss: 0.007278, Train Avg Loss: 0.004008, Time: 1:36:49
Epoch id: 18, Training steps: 400, Train Acc: 62.50%, Train Loss: 0.005683, Train Avg Loss: 0.003801, Time: 1:37:15
Epoch id: 18, Training steps: 500, Train Acc: 87.50%, Train Loss: 0.004813, Train Avg Loss: 0.003908, Time: 1:37:41
Epoch id: 18, Training steps: 600, Train Acc: 100.00%, Train Loss: 0.001477, Train Avg Loss: 0.003794, Time: 1:38:07
Epoch id: 18, Training steps: 700, Train Acc: 62.50%, Train Loss: 0.003229, Train Avg Loss: 0.003182, Time: 1:38:34
Epoch id: 18, Training steps: 800, Train Acc: 87.50%, Train Loss: 0.003736, Train Avg Loss: 0.003938, Time: 1:39:00
Epoch id: 18, Training steps: 900, Train Acc: 87.50%, Train Loss: 0.002969, Train Avg Loss: 0.003784, Time: 1:39:26
Epoch id: 18, Training steps: 1000, Train Acc: 87.50%, Train Loss: 0.003407, Train Avg Loss: 0.003928, Time: 1:39:52
Epoch id: 18, Training steps: 1100, Train Acc: 62.50%, Train Loss: 0.003792, Train Avg Loss: 0.003412, Time: 1:40:18
Start evaluation on dev dataset.
Acc. (Correct/Total): 51.58% micro-Prec: 0.7575 micro-Recall:0.6747 micro-F1: 0.7137 dev loss: 0.038570
Epoch id: 19, Training steps: 100, Train Acc: 75.00%, Train Loss: 0.002651, Train Avg Loss: 0.005063, Time: 1:41:18
Epoch id: 19, Training steps: 200, Train Acc: 87.50%, Train Loss: 0.002223, Train Avg Loss: 0.003280, Time: 1:41:44
Epoch id: 19, Training steps: 300, Train Acc: 87.50%, Train Loss: 0.002536, Train Avg Loss: 0.003185, Time: 1:42:10
Epoch id: 19, Training steps: 400, Train Acc: 87.50%, Train Loss: 0.001974, Train Avg Loss: 0.002729, Time: 1:42:36
Epoch id: 19, Training steps: 500, Train Acc: 87.50%, Train Loss: 0.002438, Train Avg Loss: 0.003364, Time: 1:43:03
Epoch id: 19, Training steps: 600, Train Acc: 50.00%, Train Loss: 0.009132, Train Avg Loss: 0.003161, Time: 1:43:29
Epoch id: 19, Training steps: 700, Train Acc: 87.50%, Train Loss: 0.002637, Train Avg Loss: 0.003100, Time: 1:43:55
Epoch id: 19, Training steps: 800, Train Acc: 100.00%, Train Loss: 0.001511, Train Avg Loss: 0.002799, Time: 1:44:21
Epoch id: 19, Training steps: 900, Train Acc: 87.50%, Train Loss: 0.004231, Train Avg Loss: 0.003255, Time: 1:44:47
Epoch id: 19, Training steps: 1000, Train Acc: 75.00%, Train Loss: 0.003872, Train Avg Loss: 0.003046, Time: 1:45:13
Epoch id: 19, Training steps: 1100, Train Acc: 75.00%, Train Loss: 0.001734, Train Avg Loss: 0.003179, Time: 1:45:40
Start evaluation on dev dataset.
Acc. (Correct/Total): 52.35% micro-Prec: 0.7672 micro-Recall:0.6795 micro-F1: 0.7207 dev loss: 0.037395
Start evaluation on test dataset.
Acc. (Correct/Total): 60.57% micro-Prec: 0.8117 micro-Recall:0.7342 micro-F1: 0.7710 dev loss: 0.030826
Epoch id: 20, Training steps: 100, Train Acc: 87.50%, Train Loss: 0.001630, Train Avg Loss: 0.003832, Time: 1:47:04
Epoch id: 20, Training steps: 200, Train Acc: 100.00%, Train Loss: 0.001135, Train Avg Loss: 0.002652, Time: 1:47:31
Epoch id: 20, Training steps: 300, Train Acc: 100.00%, Train Loss: 0.001556, Train Avg Loss: 0.002668, Time: 1:47:57
Epoch id: 20, Training steps: 400, Train Acc: 62.50%, Train Loss: 0.004471, Train Avg Loss: 0.002685, Time: 1:48:23
Epoch id: 20, Training steps: 500, Train Acc: 100.00%, Train Loss: 0.000788, Train Avg Loss: 0.002643, Time: 1:48:49
Epoch id: 20, Training steps: 600, Train Acc: 75.00%, Train Loss: 0.007346, Train Avg Loss: 0.002584, Time: 1:49:15
Epoch id: 20, Training steps: 700, Train Acc: 87.50%, Train Loss: 0.001208, Train Avg Loss: 0.002503, Time: 1:49:41
Epoch id: 20, Training steps: 800, Train Acc: 87.50%, Train Loss: 0.001642, Train Avg Loss: 0.002507, Time: 1:50:07
Epoch id: 20, Training steps: 900, Train Acc: 87.50%, Train Loss: 0.003488, Train Avg Loss: 0.002749, Time: 1:50:33
Epoch id: 20, Training steps: 1000, Train Acc: 87.50%, Train Loss: 0.001741, Train Avg Loss: 0.002792, Time: 1:50:59
Epoch id: 20, Training steps: 1100, Train Acc: 100.00%, Train Loss: 0.002276, Train Avg Loss: 0.002796, Time: 1:51:25
Start evaluation on dev dataset.
Acc. (Correct/Total): 52.78% micro-Prec: 0.7758 micro-Recall:0.6789 micro-F1: 0.7241 dev loss: 0.036527
Start evaluation on test dataset.
Acc. (Correct/Total): 60.18% micro-Prec: 0.8187 micro-Recall:0.7287 micro-F1: 0.7711 dev loss: 0.030081
Epoch id: 21, Training steps: 100, Train Acc: 87.50%, Train Loss: 0.003345, Train Avg Loss: 0.003071, Time: 1:52:50
Epoch id: 21, Training steps: 200, Train Acc: 75.00%, Train Loss: 0.003802, Train Avg Loss: 0.001979, Time: 1:53:16
Epoch id: 21, Training steps: 300, Train Acc: 87.50%, Train Loss: 0.002104, Train Avg Loss: 0.002063, Time: 1:53:42
Epoch id: 21, Training steps: 400, Train Acc: 87.50%, Train Loss: 0.002921, Train Avg Loss: 0.002262, Time: 1:54:09
Epoch id: 21, Training steps: 500, Train Acc: 100.00%, Train Loss: 0.000581, Train Avg Loss: 0.002221, Time: 1:54:35
Epoch id: 21, Training steps: 600, Train Acc: 100.00%, Train Loss: 0.000564, Train Avg Loss: 0.002080, Time: 1:55:01
Epoch id: 21, Training steps: 700, Train Acc: 100.00%, Train Loss: 0.001540, Train Avg Loss: 0.002462, Time: 1:55:27
Epoch id: 21, Training steps: 800, Train Acc: 100.00%, Train Loss: 0.001561, Train Avg Loss: 0.002423, Time: 1:55:53
Epoch id: 21, Training steps: 900, Train Acc: 100.00%, Train Loss: 0.000538, Train Avg Loss: 0.002417, Time: 1:56:19
Epoch id: 21, Training steps: 1000, Train Acc: 87.50%, Train Loss: 0.001737, Train Avg Loss: 0.002321, Time: 1:56:45
Epoch id: 21, Training steps: 1100, Train Acc: 87.50%, Train Loss: 0.001800, Train Avg Loss: 0.002229, Time: 1:57:11
Start evaluation on dev dataset.
Acc. (Correct/Total): 53.41% micro-Prec: 0.7655 micro-Recall:0.6763 micro-F1: 0.7181 dev loss: 0.037548
Start evaluation on test dataset.
Acc. (Correct/Total): 61.34% micro-Prec: 0.8158 micro-Recall:0.7362 micro-F1: 0.7740 dev loss: 0.030311
Epoch id: 22, Training steps: 100, Train Acc: 87.50%, Train Loss: 0.002834, Train Avg Loss: 0.002866, Time: 1:58:36
Epoch id: 22, Training steps: 200, Train Acc: 87.50%, Train Loss: 0.001985, Train Avg Loss: 0.002377, Time: 1:59:02
Epoch id: 22, Training steps: 300, Train Acc: 100.00%, Train Loss: 0.001741, Train Avg Loss: 0.002011, Time: 1:59:29
Epoch id: 22, Training steps: 400, Train Acc: 100.00%, Train Loss: 0.001062, Train Avg Loss: 0.001691, Time: 1:59:55
Epoch id: 22, Training steps: 500, Train Acc: 100.00%, Train Loss: 0.001055, Train Avg Loss: 0.002032, Time: 2:00:21
Epoch id: 22, Training steps: 600, Train Acc: 87.50%, Train Loss: 0.001309, Train Avg Loss: 0.001947, Time: 2:00:47
Epoch id: 22, Training steps: 700, Train Acc: 75.00%, Train Loss: 0.003193, Train Avg Loss: 0.002147, Time: 2:01:13
Epoch id: 22, Training steps: 800, Train Acc: 87.50%, Train Loss: 0.001288, Train Avg Loss: 0.001788, Time: 2:01:39
Epoch id: 22, Training steps: 900, Train Acc: 87.50%, Train Loss: 0.001543, Train Avg Loss: 0.001704, Time: 2:02:05
Epoch id: 22, Training steps: 1000, Train Acc: 87.50%, Train Loss: 0.002993, Train Avg Loss: 0.001867, Time: 2:02:31
Epoch id: 22, Training steps: 1100, Train Acc: 100.00%, Train Loss: 0.000981, Train Avg Loss: 0.002060, Time: 2:02:57
Start evaluation on dev dataset.
Acc. (Correct/Total): 52.59% micro-Prec: 0.7615 micro-Recall:0.6957 micro-F1: 0.7271 dev loss: 0.038237
Epoch id: 23, Training steps: 100, Train Acc: 75.00%, Train Loss: 0.002394, Train Avg Loss: 0.002366, Time: 2:03:58
Epoch id: 23, Training steps: 200, Train Acc: 87.50%, Train Loss: 0.002295, Train Avg Loss: 0.001693, Time: 2:04:24
Epoch id: 23, Training steps: 300, Train Acc: 87.50%, Train Loss: 0.007518, Train Avg Loss: 0.001583, Time: 2:04:50
Epoch id: 23, Training steps: 400, Train Acc: 75.00%, Train Loss: 0.004421, Train Avg Loss: 0.001744, Time: 2:05:16
Epoch id: 23, Training steps: 500, Train Acc: 100.00%, Train Loss: 0.001398, Train Avg Loss: 0.001552, Time: 2:05:42
Epoch id: 23, Training steps: 600, Train Acc: 100.00%, Train Loss: 0.002123, Train Avg Loss: 0.001671, Time: 2:06:08
Epoch id: 23, Training steps: 700, Train Acc: 75.00%, Train Loss: 0.003449, Train Avg Loss: 0.001718, Time: 2:06:34
Epoch id: 23, Training steps: 800, Train Acc: 87.50%, Train Loss: 0.002330, Train Avg Loss: 0.001570, Time: 2:07:00
Epoch id: 23, Training steps: 900, Train Acc: 100.00%, Train Loss: 0.000918, Train Avg Loss: 0.001599, Time: 2:07:27
Epoch id: 23, Training steps: 1000, Train Acc: 100.00%, Train Loss: 0.001213, Train Avg Loss: 0.001705, Time: 2:07:53
Epoch id: 23, Training steps: 1100, Train Acc: 87.50%, Train Loss: 0.002640, Train Avg Loss: 0.001484, Time: 2:08:19
Start evaluation on dev dataset.
Acc. (Correct/Total): 52.50% micro-Prec: 0.7566 micro-Recall:0.6912 micro-F1: 0.7224 dev loss: 0.038575
Epoch id: 24, Training steps: 100, Train Acc: 100.00%, Train Loss: 0.000818, Train Avg Loss: 0.002341, Time: 2:09:19
Epoch id: 24, Training steps: 200, Train Acc: 87.50%, Train Loss: 0.001674, Train Avg Loss: 0.001274, Time: 2:09:45
Epoch id: 24, Training steps: 300, Train Acc: 100.00%, Train Loss: 0.000827, Train Avg Loss: 0.001476, Time: 2:10:11
Epoch id: 24, Training steps: 400, Train Acc: 87.50%, Train Loss: 0.001215, Train Avg Loss: 0.001373, Time: 2:10:37
Epoch id: 24, Training steps: 500, Train Acc: 100.00%, Train Loss: 0.001960, Train Avg Loss: 0.001458, Time: 2:11:03
Epoch id: 24, Training steps: 600, Train Acc: 75.00%, Train Loss: 0.002283, Train Avg Loss: 0.001479, Time: 2:11:29
Epoch id: 24, Training steps: 700, Train Acc: 100.00%, Train Loss: 0.000639, Train Avg Loss: 0.001391, Time: 2:11:55
Epoch id: 24, Training steps: 800, Train Acc: 75.00%, Train Loss: 0.004322, Train Avg Loss: 0.001383, Time: 2:12:21
Epoch id: 24, Training steps: 900, Train Acc: 87.50%, Train Loss: 0.001812, Train Avg Loss: 0.001396, Time: 2:12:47
Epoch id: 24, Training steps: 1000, Train Acc: 87.50%, Train Loss: 0.001688, Train Avg Loss: 0.001402, Time: 2:13:14
Epoch id: 24, Training steps: 1100, Train Acc: 75.00%, Train Loss: 0.002165, Train Avg Loss: 0.001493, Time: 2:13:40
Start evaluation on dev dataset.
Acc. (Correct/Total): 52.98% micro-Prec: 0.7623 micro-Recall:0.6905 micro-F1: 0.7246 dev loss: 0.038738
Epoch id: 25, Training steps: 100, Train Acc: 87.50%, Train Loss: 0.001564, Train Avg Loss: 0.001633, Time: 2:14:40
Epoch id: 25, Training steps: 200, Train Acc: 100.00%, Train Loss: 0.000339, Train Avg Loss: 0.001261, Time: 2:15:07
Epoch id: 25, Training steps: 300, Train Acc: 100.00%, Train Loss: 0.000216, Train Avg Loss: 0.001324, Time: 2:15:33
Epoch id: 25, Training steps: 400, Train Acc: 100.00%, Train Loss: 0.001145, Train Avg Loss: 0.001277, Time: 2:15:59
Epoch id: 25, Training steps: 500, Train Acc: 75.00%, Train Loss: 0.002322, Train Avg Loss: 0.001302, Time: 2:16:26
Epoch id: 25, Training steps: 600, Train Acc: 100.00%, Train Loss: 0.001030, Train Avg Loss: 0.001463, Time: 2:16:52
Epoch id: 25, Training steps: 700, Train Acc: 87.50%, Train Loss: 0.001611, Train Avg Loss: 0.001185, Time: 2:17:18
Epoch id: 25, Training steps: 800, Train Acc: 87.50%, Train Loss: 0.001595, Train Avg Loss: 0.001419, Time: 2:17:45
Epoch id: 25, Training steps: 900, Train Acc: 87.50%, Train Loss: 0.000997, Train Avg Loss: 0.001327, Time: 2:18:11
Epoch id: 25, Training steps: 1000, Train Acc: 100.00%, Train Loss: 0.001046, Train Avg Loss: 0.001206, Time: 2:18:37
Epoch id: 25, Training steps: 1100, Train Acc: 100.00%, Train Loss: 0.001103, Train Avg Loss: 0.001317, Time: 2:19:03
Start evaluation on dev dataset.
Acc. (Correct/Total): 53.45% micro-Prec: 0.7609 micro-Recall:0.6976 micro-F1: 0.7279 dev loss: 0.038866
Start evaluation on test dataset.
Acc. (Correct/Total): 61.05% micro-Prec: 0.8015 micro-Recall:0.7452 micro-F1: 0.7723 dev loss: 0.031838
Epoch id: 26, Training steps: 100, Train Acc: 100.00%, Train Loss: 0.001354, Train Avg Loss: 0.001750, Time: 2:20:28
Epoch id: 26, Training steps: 200, Train Acc: 100.00%, Train Loss: 0.001283, Train Avg Loss: 0.001174, Time: 2:20:54
Epoch id: 26, Training steps: 300, Train Acc: 100.00%, Train Loss: 0.000761, Train Avg Loss: 0.001050, Time: 2:21:20
Epoch id: 26, Training steps: 400, Train Acc: 100.00%, Train Loss: 0.000789, Train Avg Loss: 0.001184, Time: 2:21:46
Epoch id: 26, Training steps: 500, Train Acc: 87.50%, Train Loss: 0.000720, Train Avg Loss: 0.001102, Time: 2:22:13
Epoch id: 26, Training steps: 600, Train Acc: 75.00%, Train Loss: 0.001644, Train Avg Loss: 0.001421, Time: 2:22:39
Epoch id: 26, Training steps: 700, Train Acc: 100.00%, Train Loss: 0.001366, Train Avg Loss: 0.001262, Time: 2:23:05
Epoch id: 26, Training steps: 800, Train Acc: 100.00%, Train Loss: 0.000826, Train Avg Loss: 0.001037, Time: 2:23:31
Epoch id: 26, Training steps: 900, Train Acc: 87.50%, Train Loss: 0.001234, Train Avg Loss: 0.000989, Time: 2:23:57
Epoch id: 26, Training steps: 1000, Train Acc: 87.50%, Train Loss: 0.001235, Train Avg Loss: 0.001044, Time: 2:24:23
Epoch id: 26, Training steps: 1100, Train Acc: 100.00%, Train Loss: 0.000631, Train Avg Loss: 0.001028, Time: 2:24:49
Start evaluation on dev dataset.
Acc. (Correct/Total): 53.50% micro-Prec: 0.7560 micro-Recall:0.6993 micro-F1: 0.7265 dev loss: 0.038897
Start evaluation on test dataset.
Acc. (Correct/Total): 61.73% micro-Prec: 0.7997 micro-Recall:0.7553 micro-F1: 0.7769 dev loss: 0.031953
Epoch id: 27, Training steps: 100, Train Acc: 100.00%, Train Loss: 0.000997, Train Avg Loss: 0.001604, Time: 2:26:14
Epoch id: 27, Training steps: 200, Train Acc: 100.00%, Train Loss: 0.000631, Train Avg Loss: 0.000975, Time: 2:26:40
Epoch id: 27, Training steps: 300, Train Acc: 87.50%, Train Loss: 0.001274, Train Avg Loss: 0.000884, Time: 2:27:06
Epoch id: 27, Training steps: 400, Train Acc: 87.50%, Train Loss: 0.001662, Train Avg Loss: 0.000936, Time: 2:27:32
Epoch id: 27, Training steps: 500, Train Acc: 100.00%, Train Loss: 0.000745, Train Avg Loss: 0.001123, Time: 2:27:58
Epoch id: 27, Training steps: 600, Train Acc: 100.00%, Train Loss: 0.001237, Train Avg Loss: 0.001146, Time: 2:28:24
Epoch id: 27, Training steps: 700, Train Acc: 100.00%, Train Loss: 0.000254, Train Avg Loss: 0.000951, Time: 2:28:50
Epoch id: 27, Training steps: 800, Train Acc: 100.00%, Train Loss: 0.000650, Train Avg Loss: 0.000967, Time: 2:29:16
Epoch id: 27, Training steps: 900, Train Acc: 100.00%, Train Loss: 0.000124, Train Avg Loss: 0.000933, Time: 2:29:43
Epoch id: 27, Training steps: 1000, Train Acc: 100.00%, Train Loss: 0.000684, Train Avg Loss: 0.000949, Time: 2:30:09
Epoch id: 27, Training steps: 1100, Train Acc: 100.00%, Train Loss: 0.000390, Train Avg Loss: 0.000945, Time: 2:30:35
Start evaluation on dev dataset.
Acc. (Correct/Total): 52.74% micro-Prec: 0.7463 micro-Recall:0.6999 micro-F1: 0.7224 dev loss: 0.040120
Epoch id: 28, Training steps: 100, Train Acc: 100.00%, Train Loss: 0.000245, Train Avg Loss: 0.001321, Time: 2:31:35
Epoch id: 28, Training steps: 200, Train Acc: 100.00%, Train Loss: 0.000202, Train Avg Loss: 0.000818, Time: 2:32:01
Epoch id: 28, Training steps: 300, Train Acc: 100.00%, Train Loss: 0.001007, Train Avg Loss: 0.000950, Time: 2:32:27
Epoch id: 28, Training steps: 400, Train Acc: 100.00%, Train Loss: 0.000717, Train Avg Loss: 0.000842, Time: 2:32:53
Epoch id: 28, Training steps: 500, Train Acc: 100.00%, Train Loss: 0.000255, Train Avg Loss: 0.000866, Time: 2:33:20
Epoch id: 28, Training steps: 600, Train Acc: 100.00%, Train Loss: 0.000371, Train Avg Loss: 0.000806, Time: 2:33:46
Epoch id: 28, Training steps: 700, Train Acc: 100.00%, Train Loss: 0.000501, Train Avg Loss: 0.000844, Time: 2:34:12
Epoch id: 28, Training steps: 800, Train Acc: 100.00%, Train Loss: 0.000824, Train Avg Loss: 0.000876, Time: 2:34:38
Epoch id: 28, Training steps: 900, Train Acc: 100.00%, Train Loss: 0.000947, Train Avg Loss: 0.000918, Time: 2:35:04
Epoch id: 28, Training steps: 1000, Train Acc: 100.00%, Train Loss: 0.000375, Train Avg Loss: 0.000895, Time: 2:35:30
Epoch id: 28, Training steps: 1100, Train Acc: 87.50%, Train Loss: 0.000498, Train Avg Loss: 0.000974, Time: 2:35:56
Start evaluation on dev dataset.
Acc. (Correct/Total): 54.13% micro-Prec: 0.7538 micro-Recall:0.7048 micro-F1: 0.7285 dev loss: 0.039220
Start evaluation on test dataset.
Acc. (Correct/Total): 61.83% micro-Prec: 0.8038 micro-Recall:0.7536 micro-F1: 0.7779 dev loss: 0.032103
Epoch id: 29, Training steps: 100, Train Acc: 87.50%, Train Loss: 0.001589, Train Avg Loss: 0.001105, Time: 2:37:21
Epoch id: 29, Training steps: 200, Train Acc: 100.00%, Train Loss: 0.000449, Train Avg Loss: 0.000758, Time: 2:37:47
Epoch id: 29, Training steps: 300, Train Acc: 100.00%, Train Loss: 0.000519, Train Avg Loss: 0.000768, Time: 2:38:13
Epoch id: 29, Training steps: 400, Train Acc: 87.50%, Train Loss: 0.001903, Train Avg Loss: 0.000803, Time: 2:38:39
Epoch id: 29, Training steps: 500, Train Acc: 100.00%, Train Loss: 0.000199, Train Avg Loss: 0.000815, Time: 2:39:06
Epoch id: 29, Training steps: 600, Train Acc: 100.00%, Train Loss: 0.000111, Train Avg Loss: 0.000822, Time: 2:39:32
Epoch id: 29, Training steps: 700, Train Acc: 100.00%, Train Loss: 0.000557, Train Avg Loss: 0.000811, Time: 2:39:58
Epoch id: 29, Training steps: 800, Train Acc: 100.00%, Train Loss: 0.000246, Train Avg Loss: 0.000829, Time: 2:40:24
Epoch id: 29, Training steps: 900, Train Acc: 87.50%, Train Loss: 0.001288, Train Avg Loss: 0.000768, Time: 2:40:50
Epoch id: 29, Training steps: 1000, Train Acc: 87.50%, Train Loss: 0.001034, Train Avg Loss: 0.000747, Time: 2:41:16
Epoch id: 29, Training steps: 1100, Train Acc: 100.00%, Train Loss: 0.000762, Train Avg Loss: 0.000843, Time: 2:41:42
Start evaluation on dev dataset.
Acc. (Correct/Total): 53.65% micro-Prec: 0.7552 micro-Recall:0.6980 micro-F1: 0.7254 dev loss: 0.039598
Epoch id: 30, Training steps: 100, Train Acc: 100.00%, Train Loss: 0.000467, Train Avg Loss: 0.000997, Time: 2:42:42
Epoch id: 30, Training steps: 200, Train Acc: 100.00%, Train Loss: 0.000425, Train Avg Loss: 0.000908, Time: 2:43:09
Epoch id: 30, Training steps: 300, Train Acc: 100.00%, Train Loss: 0.000122, Train Avg Loss: 0.000737, Time: 2:43:35
Epoch id: 30, Training steps: 400, Train Acc: 87.50%, Train Loss: 0.001133, Train Avg Loss: 0.000643, Time: 2:44:01
Epoch id: 30, Training steps: 500, Train Acc: 100.00%, Train Loss: 0.000617, Train Avg Loss: 0.000730, Time: 2:44:27
Epoch id: 30, Training steps: 600, Train Acc: 87.50%, Train Loss: 0.002477, Train Avg Loss: 0.000695, Time: 2:44:53
Epoch id: 30, Training steps: 700, Train Acc: 100.00%, Train Loss: 0.000368, Train Avg Loss: 0.000762, Time: 2:45:19
Epoch id: 30, Training steps: 800, Train Acc: 100.00%, Train Loss: 0.000312, Train Avg Loss: 0.000722, Time: 2:45:45
Epoch id: 30, Training steps: 900, Train Acc: 100.00%, Train Loss: 0.000157, Train Avg Loss: 0.000689, Time: 2:46:11
Epoch id: 30, Training steps: 1000, Train Acc: 100.00%, Train Loss: 0.000751, Train Avg Loss: 0.000704, Time: 2:46:37
Epoch id: 30, Training steps: 1100, Train Acc: 87.50%, Train Loss: 0.001191, Train Avg Loss: 0.000641, Time: 2:47:03
Start evaluation on dev dataset.
Acc. (Correct/Total): 52.93% micro-Prec: 0.7541 micro-Recall:0.6989 micro-F1: 0.7255 dev loss: 0.039449
Epoch id: 31, Training steps: 100, Train Acc: 100.00%, Train Loss: 0.000542, Train Avg Loss: 0.000934, Time: 2:48:03
Epoch id: 31, Training steps: 200, Train Acc: 100.00%, Train Loss: 0.002334, Train Avg Loss: 0.000737, Time: 2:48:30
Epoch id: 31, Training steps: 300, Train Acc: 87.50%, Train Loss: 0.001174, Train Avg Loss: 0.000692, Time: 2:48:56
Epoch id: 31, Training steps: 400, Train Acc: 100.00%, Train Loss: 0.000991, Train Avg Loss: 0.000735, Time: 2:49:22
Epoch id: 31, Training steps: 500, Train Acc: 100.00%, Train Loss: 0.000670, Train Avg Loss: 0.000686, Time: 2:49:48
Epoch id: 31, Training steps: 600, Train Acc: 100.00%, Train Loss: 0.001208, Train Avg Loss: 0.000665, Time: 2:50:14
Epoch id: 31, Training steps: 700, Train Acc: 100.00%, Train Loss: 0.000331, Train Avg Loss: 0.000632, Time: 2:50:40
Epoch id: 31, Training steps: 800, Train Acc: 100.00%, Train Loss: 0.000574, Train Avg Loss: 0.000654, Time: 2:51:06
Epoch id: 31, Training steps: 900, Train Acc: 100.00%, Train Loss: 0.000305, Train Avg Loss: 0.000826, Time: 2:51:32
Epoch id: 31, Training steps: 1000, Train Acc: 75.00%, Train Loss: 0.004965, Train Avg Loss: 0.000708, Time: 2:51:59
Epoch id: 31, Training steps: 1100, Train Acc: 100.00%, Train Loss: 0.000645, Train Avg Loss: 0.000724, Time: 2:52:25
Start evaluation on dev dataset.
Acc. (Correct/Total): 52.93% micro-Prec: 0.7540 micro-Recall:0.6947 micro-F1: 0.7232 dev loss: 0.039820
Epoch id: 32, Training steps: 100, Train Acc: 100.00%, Train Loss: 0.000511, Train Avg Loss: 0.000838, Time: 2:53:25
Epoch id: 32, Training steps: 200, Train Acc: 100.00%, Train Loss: 0.000454, Train Avg Loss: 0.000604, Time: 2:53:51
Epoch id: 32, Training steps: 300, Train Acc: 100.00%, Train Loss: 0.001208, Train Avg Loss: 0.000700, Time: 2:54:17
Epoch id: 32, Training steps: 400, Train Acc: 100.00%, Train Loss: 0.000204, Train Avg Loss: 0.000613, Time: 2:54:43
Epoch id: 32, Training steps: 500, Train Acc: 87.50%, Train Loss: 0.002120, Train Avg Loss: 0.000705, Time: 2:55:10
Epoch id: 32, Training steps: 600, Train Acc: 100.00%, Train Loss: 0.000251, Train Avg Loss: 0.000590, Time: 2:55:36
Epoch id: 32, Training steps: 700, Train Acc: 100.00%, Train Loss: 0.001052, Train Avg Loss: 0.000653, Time: 2:56:02
Epoch id: 32, Training steps: 800, Train Acc: 100.00%, Train Loss: 0.000431, Train Avg Loss: 0.000728, Time: 2:56:28
Epoch id: 32, Training steps: 900, Train Acc: 100.00%, Train Loss: 0.000219, Train Avg Loss: 0.000572, Time: 2:56:54
Epoch id: 32, Training steps: 1000, Train Acc: 100.00%, Train Loss: 0.000918, Train Avg Loss: 0.000704, Time: 2:57:20
Epoch id: 32, Training steps: 1100, Train Acc: 87.50%, Train Loss: 0.000751, Train Avg Loss: 0.000722, Time: 2:57:46
Start evaluation on dev dataset.
Acc. (Correct/Total): 53.21% micro-Prec: 0.7511 micro-Recall:0.6986 micro-F1: 0.7239 dev loss: 0.039868
Final evaluation on the test dataset.
The number of evaluation instances:  2067
Acc. (Correct/Total): 61.83% micro-Prec: 0.8038 micro-Recall:0.7536 micro-F1: 0.7779 dev loss: 0.032103
              precision    recall  f1-score   support

         教育学     0.8462    0.9585    0.8988       241
          法学     0.8419    0.8795    0.8603       224
      中国语言文学     0.8486    0.8486    0.8486       185
         政治学     0.7343    0.6442    0.6863       163
         社会学     0.8462    0.7707    0.8067       157
         心理学     0.8842    0.6829    0.7706       123
       应用经济学     0.7283    0.5726    0.6411       117
         历史学     0.8684    0.6055    0.7135       109
     环境科学与工程     0.8482    0.8796    0.8636       108
          哲学     0.8243    0.6289    0.7135        97
      外国语言文学     0.8571    0.7059    0.7742        85
         生物学     0.7831    0.8228    0.8025        79
      交通运输工程     0.9375    0.9615    0.9494        78
        临床医学     0.8788    0.7632    0.8169        76
    计算机科学与技术     0.8462    0.7746    0.8088        71
        土木工程     0.8750    0.9545    0.9130        66
   航空宇航科学与技术     0.9815    0.8689    0.9217        61
         民族学     0.6000    0.5455    0.5714        55
   公共卫生与预防医学     0.5932    0.6863    0.6364        51
         美术学     0.8596    0.9800    0.9159        50
         艺术学     0.7200    0.8372    0.7742        43
         地理学     0.7750    0.7381    0.7561        42
         体育学     0.8710    0.6750    0.7606        40
       理论经济学     0.8182    0.7105    0.7606        38
         中医学     0.8667    0.7027    0.7761        37
         物理学     0.8421    0.8889    0.8649        36
          林学     0.6774    0.6364    0.6562        33
          数学     0.7200    0.5625    0.6316        32
     电子科学与技术     0.6000    0.6774    0.6364        31
        基础医学     0.3929    0.3793    0.3860        29
        工商管理     0.7917    0.7037    0.7451        27
       新闻传播学     0.8182    0.8182    0.8182        22
         天文学     0.6522    0.6818    0.6667        22
         地质学     0.8000    0.7619    0.7805        21
         畜牧学     0.8182    0.8571    0.8372        21
   军事思想及军事历史     0.8889    0.8000    0.8421        20
     管理科学与工程     0.6522    0.8333    0.7317        18
     测绘科学与技术     0.7778    0.8235    0.8000        17
        水利工程     0.7692    0.6250    0.6897        16
        大气科学     0.6875    0.6875    0.6875        16
     兵器科学与技术     0.7059    0.8000    0.7500        15
       地球物理学     0.6667    0.2857    0.4000        14
        电气工程     0.8750    0.5385    0.6667        13
         作物学     0.6364    0.5385    0.5833        13
     控制科学与工程     0.3571    0.3846    0.3704        13
     信息与通信工程     0.7143    0.3846    0.5000        13
        公共管理     0.5000    0.4615    0.4800        13
         建筑学     0.8000    0.3077    0.4444        13
     化学工程与技术     0.6923    0.7500    0.7200        12
          力学     0.6667    0.3636    0.4706        11
        海洋科学     0.9091    0.9091    0.9091        11
     轻工技术与工程     0.4167    0.4545    0.4348        11
        农业工程     1.0000    0.6000    0.7500        10
         园艺学     0.7273    0.8000    0.7619        10
       中西医结合     1.0000    0.2000    0.3333        10
        机械工程     0.8000    0.8889    0.8421         9
       科学技术史     0.8333    0.6250    0.7143         8
     船舶与海洋工程     0.8750    0.8750    0.8750         8
   图书情报与档案管理     0.6667    0.7500    0.7059         8
        植物保护     0.8000    1.0000    0.8889         8
     材料科学与工程     0.7500    0.7500    0.7500         8
         统计学     0.5000    0.8750    0.6364         8
          化学     1.0000    0.8750    0.9333         8
     食品科学与工程     1.0000    0.3750    0.5455         8
          水产     1.0000    1.0000    1.0000         7
          药学     1.0000    0.8571    0.9231         7
     农业资源与环境     1.0000    0.7143    0.8333         7
         世界史     0.7143    0.7143    0.7143         7
        系统科学     0.8571    0.8571    0.8571         7
      农林经济管理     0.6667    0.8000    0.7273         5
       军队指挥学     1.0000    0.4000    0.5714         5
        矿业工程     0.7500    0.6000    0.6667         5
     纺织科学与工程     0.7143    1.0000    0.8333         5
  动力工程及工程热物理     0.0000    0.0000    0.0000         4
        林业工程     0.6667    0.5000    0.5714         4
     仪器科学与技术     0.0000    0.0000    0.0000         3
         战略学     1.0000    0.3333    0.5000         3
   地质资源与地质工程     0.6667    0.6667    0.6667         3
        旅游管理     1.0000    0.3333    0.5000         3
 图书馆、情报与档案管理     0.0000    0.0000    0.0000         2
        冶金工程     1.0000    0.5000    0.6667         2
      核科学与技术     1.0000    0.5000    0.6667         2

   micro avg     0.8038    0.7536    0.7779      3093
   macro avg     0.7604    0.6647    0.6912      3093
weighted avg     0.8052    0.7536    0.7717      3093
 samples avg     0.7941    0.7702    0.7680      3093

