nohup: 忽略输入
  0%|          | 0/82 [00:00<?, ?it/s]100%|██████████| 82/82 [00:00<00:00, 1150277.35it/s]
model:  ernie-rcnn-catmaxpool
pretrained:  ernie1
task:  MLC-slice
dataset:  book_multilabels_task_slice
seq_length:  256
hidden_dropout_prob:  0.1
attention_probs_dropout_prob:  0.1
epochs_num:  20
batch_size:  8
learning_rate:  2e-05
report_steps:  100
kg_name:  CnDbpedia
no_kg:  True
no_vm:  True
Vocabulary Size:  17964
[BertClassifier] use visible_matrix: False
Some weights of ErnieRCNNForMultiLabelSequenceClassificationSliceCatMaxPool were not initialized from the model checkpoint at ./models/ernie1 and are newly initialized: ['lstm.bias_ih_l1', 'lstm.weight_ih_l1', 'lstm.bias_ih_l0', 'output_layer_1.bias', 'output_layer_1.weight', 'classifier.weight', 'lstm.weight_hh_l1', 'lstm.weight_ih_l0', 'lstm.bias_ih_l0_reverse', 'lstm.weight_hh_l0', 'lstm.bias_hh_l1_reverse', 'lstm.bias_hh_l1', 'lstm.weight_hh_l0_reverse', 'lstm.weight_ih_l0_reverse', 'lstm.weight_ih_l1_reverse', 'lstm.bias_ih_l1_reverse', 'lstm.bias_hh_l0_reverse', 'lstm.bias_hh_l0', 'lstm.weight_hh_l1_reverse', 'classifier.bias']
You should probably TRAIN this model on a down-stream task to be able to use it for predictions and inference.
1 GPUs are available. Let's use them.
device:  cuda
Start training.
Loading sentences from ./datasets/book_multilabels_task_slice/train.tsv
There are 9097 sentence in total. We use 1 processes to inject knowledge into sentences.
Progress of process 0: 0/9097
Loading sentences from ./datasets/book_multilabels_task_slice/dev.tsv
There are 2084 sentence in total. We use 1 processes to inject knowledge into sentences.
Progress of process 0: 0/2084
Loading sentences from ./datasets/book_multilabels_task_slice/test.tsv
There are 2067 sentence in total. We use 1 processes to inject knowledge into sentences.
Progress of process 0: 0/2067
Epoch id: 1, Training steps: 100, Avg loss: 0.270, Time: 0:00:44
Epoch id: 1, Training steps: 200, Avg loss: 0.096, Time: 0:01:30
Epoch id: 1, Training steps: 300, Avg loss: 0.087, Time: 0:02:15
Epoch id: 1, Training steps: 400, Avg loss: 0.083, Time: 0:03:01
Epoch id: 1, Training steps: 500, Avg loss: 0.079, Time: 0:03:47
Epoch id: 1, Training steps: 600, Avg loss: 0.078, Time: 0:04:33
Epoch id: 1, Training steps: 700, Avg loss: 0.073, Time: 0:05:19
Epoch id: 1, Training steps: 800, Avg loss: 0.065, Time: 0:06:05
Epoch id: 1, Training steps: 900, Avg loss: 0.061, Time: 0:06:50
Epoch id: 1, Training steps: 1000, Avg loss: 0.061, Time: 0:07:36
Epoch id: 1, Training steps: 1100, Avg loss: 0.056, Time: 0:08:22
Start evaluation on dev dataset.
/home/lyq2021/miniconda3/envs/lyq/lib/python3.10/site-packages/sklearn/metrics/_classification.py:1318: UndefinedMetricWarning: Precision is ill-defined and being set to 0.0 in samples with no predicted labels. Use `zero_division` parameter to control this behavior.
  _warn_prf(average, modifier, msg_start, len(result))
Acc. (Correct/Total): 10.56%% Prec: 0.1583 F1: 0.1416
Start evaluation on test dataset.
/home/lyq2021/miniconda3/envs/lyq/lib/python3.10/site-packages/sklearn/metrics/_classification.py:1318: UndefinedMetricWarning: Precision is ill-defined and being set to 0.0 in samples with no predicted labels. Use `zero_division` parameter to control this behavior.
  _warn_prf(average, modifier, msg_start, len(result))
Acc. (Correct/Total): 13.79%% Prec: 0.1991 F1: 0.1786
Epoch id: 2, Training steps: 100, Avg loss: 0.073, Time: 0:10:58
Epoch id: 2, Training steps: 200, Avg loss: 0.052, Time: 0:11:50
Epoch id: 2, Training steps: 300, Avg loss: 0.048, Time: 0:12:41
Epoch id: 2, Training steps: 400, Avg loss: 0.047, Time: 0:13:32
Epoch id: 2, Training steps: 500, Avg loss: 0.045, Time: 0:14:23
Epoch id: 2, Training steps: 600, Avg loss: 0.042, Time: 0:15:14
Epoch id: 2, Training steps: 700, Avg loss: 0.042, Time: 0:16:05
Epoch id: 2, Training steps: 800, Avg loss: 0.041, Time: 0:16:56
Epoch id: 2, Training steps: 900, Avg loss: 0.041, Time: 0:17:46
Epoch id: 2, Training steps: 1000, Avg loss: 0.038, Time: 0:18:37
Epoch id: 2, Training steps: 1100, Avg loss: 0.037, Time: 0:19:28
Start evaluation on dev dataset.
/home/lyq2021/miniconda3/envs/lyq/lib/python3.10/site-packages/sklearn/metrics/_classification.py:1318: UndefinedMetricWarning: Precision is ill-defined and being set to 0.0 in samples with no predicted labels. Use `zero_division` parameter to control this behavior.
  _warn_prf(average, modifier, msg_start, len(result))
Acc. (Correct/Total): 25.43%% Prec: 0.3764 F1: 0.3388
Start evaluation on test dataset.
/home/lyq2021/miniconda3/envs/lyq/lib/python3.10/site-packages/sklearn/metrics/_classification.py:1318: UndefinedMetricWarning: Precision is ill-defined and being set to 0.0 in samples with no predicted labels. Use `zero_division` parameter to control this behavior.
  _warn_prf(average, modifier, msg_start, len(result))
Acc. (Correct/Total): 31.25%% Prec: 0.4410 F1: 0.4011
Epoch id: 3, Training steps: 100, Avg loss: 0.047, Time: 0:21:48
Epoch id: 3, Training steps: 200, Avg loss: 0.032, Time: 0:22:34
Epoch id: 3, Training steps: 300, Avg loss: 0.033, Time: 0:23:19
Epoch id: 3, Training steps: 400, Avg loss: 0.034, Time: 0:24:05
Epoch id: 3, Training steps: 500, Avg loss: 0.030, Time: 0:24:51
Epoch id: 3, Training steps: 600, Avg loss: 0.030, Time: 0:25:37
Epoch id: 3, Training steps: 700, Avg loss: 0.031, Time: 0:26:23
Epoch id: 3, Training steps: 800, Avg loss: 0.030, Time: 0:27:09
Epoch id: 3, Training steps: 900, Avg loss: 0.030, Time: 0:27:55
Epoch id: 3, Training steps: 1000, Avg loss: 0.029, Time: 0:28:41
Epoch id: 3, Training steps: 1100, Avg loss: 0.026, Time: 0:29:27
Start evaluation on dev dataset.
/home/lyq2021/miniconda3/envs/lyq/lib/python3.10/site-packages/sklearn/metrics/_classification.py:1318: UndefinedMetricWarning: Precision is ill-defined and being set to 0.0 in samples with no predicted labels. Use `zero_division` parameter to control this behavior.
  _warn_prf(average, modifier, msg_start, len(result))
Acc. (Correct/Total): 31.29%% Prec: 0.4906 F1: 0.4359
Start evaluation on test dataset.
/home/lyq2021/miniconda3/envs/lyq/lib/python3.10/site-packages/sklearn/metrics/_classification.py:1318: UndefinedMetricWarning: Precision is ill-defined and being set to 0.0 in samples with no predicted labels. Use `zero_division` parameter to control this behavior.
  _warn_prf(average, modifier, msg_start, len(result))
Acc. (Correct/Total): 37.78%% Prec: 0.5600 F1: 0.5020
Epoch id: 4, Training steps: 100, Avg loss: 0.035, Time: 0:31:48
Epoch id: 4, Training steps: 200, Avg loss: 0.027, Time: 0:32:34
Epoch id: 4, Training steps: 300, Avg loss: 0.065, Time: 0:33:20
Epoch id: 4, Training steps: 400, Avg loss: 0.047, Time: 0:34:09
Epoch id: 4, Training steps: 500, Avg loss: 0.029, Time: 0:35:00
Epoch id: 4, Training steps: 600, Avg loss: 0.027, Time: 0:35:51
Epoch id: 4, Training steps: 700, Avg loss: 0.026, Time: 0:36:42
Epoch id: 4, Training steps: 800, Avg loss: 0.024, Time: 0:37:33
Epoch id: 4, Training steps: 900, Avg loss: 0.024, Time: 0:38:24
Epoch id: 4, Training steps: 1000, Avg loss: 0.024, Time: 0:39:15
Epoch id: 4, Training steps: 1100, Avg loss: 0.025, Time: 0:40:06
Start evaluation on dev dataset.
/home/lyq2021/miniconda3/envs/lyq/lib/python3.10/site-packages/sklearn/metrics/_classification.py:1318: UndefinedMetricWarning: Precision is ill-defined and being set to 0.0 in samples with no predicted labels. Use `zero_division` parameter to control this behavior.
  _warn_prf(average, modifier, msg_start, len(result))
Acc. (Correct/Total): 29.70%% Prec: 0.4690 F1: 0.4173
Epoch id: 5, Training steps: 100, Avg loss: 0.035, Time: 0:42:00
Epoch id: 5, Training steps: 200, Avg loss: 0.022, Time: 0:42:51
Epoch id: 5, Training steps: 300, Avg loss: 0.021, Time: 0:43:42
Epoch id: 5, Training steps: 400, Avg loss: 0.022, Time: 0:44:32
Epoch id: 5, Training steps: 500, Avg loss: 0.021, Time: 0:45:18
Epoch id: 5, Training steps: 600, Avg loss: 0.021, Time: 0:46:04
Epoch id: 5, Training steps: 700, Avg loss: 0.021, Time: 0:46:50
Epoch id: 5, Training steps: 800, Avg loss: 0.020, Time: 0:47:36
Epoch id: 5, Training steps: 900, Avg loss: 0.021, Time: 0:48:21
Epoch id: 5, Training steps: 1000, Avg loss: 0.020, Time: 0:49:07
Epoch id: 5, Training steps: 1100, Avg loss: 0.020, Time: 0:49:53
Start evaluation on dev dataset.
/home/lyq2021/miniconda3/envs/lyq/lib/python3.10/site-packages/sklearn/metrics/_classification.py:1318: UndefinedMetricWarning: Precision is ill-defined and being set to 0.0 in samples with no predicted labels. Use `zero_division` parameter to control this behavior.
  _warn_prf(average, modifier, msg_start, len(result))
Acc. (Correct/Total): 46.35%% Prec: 0.6548 F1: 0.6041
Start evaluation on test dataset.
/home/lyq2021/miniconda3/envs/lyq/lib/python3.10/site-packages/sklearn/metrics/_classification.py:1318: UndefinedMetricWarning: Precision is ill-defined and being set to 0.0 in samples with no predicted labels. Use `zero_division` parameter to control this behavior.
  _warn_prf(average, modifier, msg_start, len(result))
Acc. (Correct/Total): 53.46%% Prec: 0.7141 F1: 0.6650
Epoch id: 6, Training steps: 100, Avg loss: 0.026, Time: 0:52:14
Epoch id: 6, Training steps: 200, Avg loss: 0.017, Time: 0:53:00
Epoch id: 6, Training steps: 300, Avg loss: 0.018, Time: 0:53:46
Epoch id: 6, Training steps: 400, Avg loss: 0.016, Time: 0:54:33
Epoch id: 6, Training steps: 500, Avg loss: 0.017, Time: 0:55:19
Epoch id: 6, Training steps: 600, Avg loss: 0.016, Time: 0:56:05
Epoch id: 6, Training steps: 700, Avg loss: 0.016, Time: 0:56:51
Epoch id: 6, Training steps: 800, Avg loss: 0.018, Time: 0:57:37
Epoch id: 6, Training steps: 900, Avg loss: 0.016, Time: 0:58:23
Epoch id: 6, Training steps: 1000, Avg loss: 0.018, Time: 0:59:09
Epoch id: 6, Training steps: 1100, Avg loss: 0.017, Time: 1:00:01
Start evaluation on dev dataset.
/home/lyq2021/miniconda3/envs/lyq/lib/python3.10/site-packages/sklearn/metrics/_classification.py:1318: UndefinedMetricWarning: Precision is ill-defined and being set to 0.0 in samples with no predicted labels. Use `zero_division` parameter to control this behavior.
  _warn_prf(average, modifier, msg_start, len(result))
Acc. (Correct/Total): 45.30%% Prec: 0.6646 F1: 0.6048
Epoch id: 7, Training steps: 100, Avg loss: 0.020, Time: 1:01:54
Epoch id: 7, Training steps: 200, Avg loss: 0.013, Time: 1:02:45
Epoch id: 7, Training steps: 300, Avg loss: 0.014, Time: 1:03:36
Epoch id: 7, Training steps: 400, Avg loss: 0.014, Time: 1:04:27
Epoch id: 7, Training steps: 500, Avg loss: 0.013, Time: 1:05:18
Epoch id: 7, Training steps: 600, Avg loss: 0.014, Time: 1:06:09
Epoch id: 7, Training steps: 700, Avg loss: 0.015, Time: 1:07:00
Epoch id: 7, Training steps: 800, Avg loss: 0.015, Time: 1:07:51
Epoch id: 7, Training steps: 900, Avg loss: 0.014, Time: 1:08:42
Epoch id: 7, Training steps: 1000, Avg loss: 0.014, Time: 1:09:33
Epoch id: 7, Training steps: 1100, Avg loss: 0.014, Time: 1:10:21
Start evaluation on dev dataset.
/home/lyq2021/miniconda3/envs/lyq/lib/python3.10/site-packages/sklearn/metrics/_classification.py:1318: UndefinedMetricWarning: Precision is ill-defined and being set to 0.0 in samples with no predicted labels. Use `zero_division` parameter to control this behavior.
  _warn_prf(average, modifier, msg_start, len(result))
Acc. (Correct/Total): 48.37%% Prec: 0.6774 F1: 0.6250
Start evaluation on test dataset.
/home/lyq2021/miniconda3/envs/lyq/lib/python3.10/site-packages/sklearn/metrics/_classification.py:1318: UndefinedMetricWarning: Precision is ill-defined and being set to 0.0 in samples with no predicted labels. Use `zero_division` parameter to control this behavior.
  _warn_prf(average, modifier, msg_start, len(result))
Acc. (Correct/Total): 54.38%% Prec: 0.7304 F1: 0.6781
Epoch id: 8, Training steps: 100, Avg loss: 0.018, Time: 1:12:41
Epoch id: 8, Training steps: 200, Avg loss: 0.012, Time: 1:13:33
Epoch id: 8, Training steps: 300, Avg loss: 0.012, Time: 1:14:25
Epoch id: 8, Training steps: 400, Avg loss: 0.011, Time: 1:15:16
Epoch id: 8, Training steps: 500, Avg loss: 0.012, Time: 1:16:07
Epoch id: 8, Training steps: 600, Avg loss: 0.011, Time: 1:16:58
Epoch id: 8, Training steps: 700, Avg loss: 0.012, Time: 1:17:49
Epoch id: 8, Training steps: 800, Avg loss: 0.012, Time: 1:18:40
Epoch id: 8, Training steps: 900, Avg loss: 0.012, Time: 1:19:31
Epoch id: 8, Training steps: 1000, Avg loss: 0.012, Time: 1:20:22
Epoch id: 8, Training steps: 1100, Avg loss: 0.013, Time: 1:21:12
Start evaluation on dev dataset.
/home/lyq2021/miniconda3/envs/lyq/lib/python3.10/site-packages/sklearn/metrics/_classification.py:1318: UndefinedMetricWarning: Precision is ill-defined and being set to 0.0 in samples with no predicted labels. Use `zero_division` parameter to control this behavior.
  _warn_prf(average, modifier, msg_start, len(result))
Acc. (Correct/Total): 49.90%% Prec: 0.7139 F1: 0.6581
Start evaluation on test dataset.
/home/lyq2021/miniconda3/envs/lyq/lib/python3.10/site-packages/sklearn/metrics/_classification.py:1318: UndefinedMetricWarning: Precision is ill-defined and being set to 0.0 in samples with no predicted labels. Use `zero_division` parameter to control this behavior.
  _warn_prf(average, modifier, msg_start, len(result))
Acc. (Correct/Total): 56.51%% Prec: 0.7526 F1: 0.7056
Epoch id: 9, Training steps: 100, Avg loss: 0.016, Time: 1:23:51
Epoch id: 9, Training steps: 200, Avg loss: 0.011, Time: 1:24:42
Epoch id: 9, Training steps: 300, Avg loss: 0.011, Time: 1:25:33
Epoch id: 9, Training steps: 400, Avg loss: 0.010, Time: 1:26:23
Epoch id: 9, Training steps: 500, Avg loss: 0.011, Time: 1:27:15
Epoch id: 9, Training steps: 600, Avg loss: 0.011, Time: 1:28:07
Epoch id: 9, Training steps: 700, Avg loss: 0.011, Time: 1:28:58
Epoch id: 9, Training steps: 800, Avg loss: 0.010, Time: 1:29:49
Epoch id: 9, Training steps: 900, Avg loss: 0.010, Time: 1:30:40
Epoch id: 9, Training steps: 1000, Avg loss: 0.010, Time: 1:31:31
Epoch id: 9, Training steps: 1100, Avg loss: 0.011, Time: 1:32:22
Start evaluation on dev dataset.
/home/lyq2021/miniconda3/envs/lyq/lib/python3.10/site-packages/sklearn/metrics/_classification.py:1318: UndefinedMetricWarning: Precision is ill-defined and being set to 0.0 in samples with no predicted labels. Use `zero_division` parameter to control this behavior.
  _warn_prf(average, modifier, msg_start, len(result))
Acc. (Correct/Total): 52.06%% Prec: 0.7291 F1: 0.6794
Start evaluation on test dataset.
/home/lyq2021/miniconda3/envs/lyq/lib/python3.10/site-packages/sklearn/metrics/_classification.py:1318: UndefinedMetricWarning: Precision is ill-defined and being set to 0.0 in samples with no predicted labels. Use `zero_division` parameter to control this behavior.
  _warn_prf(average, modifier, msg_start, len(result))
Acc. (Correct/Total): 58.54%% Prec: 0.7712 F1: 0.7245
Epoch id: 10, Training steps: 100, Avg loss: 0.012, Time: 1:34:58
Epoch id: 10, Training steps: 200, Avg loss: 0.008, Time: 1:35:50
Epoch id: 10, Training steps: 300, Avg loss: 0.008, Time: 1:36:41
Epoch id: 10, Training steps: 400, Avg loss: 0.008, Time: 1:37:32
Epoch id: 10, Training steps: 500, Avg loss: 0.008, Time: 1:38:24
Epoch id: 10, Training steps: 600, Avg loss: 0.008, Time: 1:39:15
Epoch id: 10, Training steps: 700, Avg loss: 0.009, Time: 1:40:06
Epoch id: 10, Training steps: 800, Avg loss: 0.008, Time: 1:40:57
Epoch id: 10, Training steps: 900, Avg loss: 0.008, Time: 1:41:48
Epoch id: 10, Training steps: 1000, Avg loss: 0.009, Time: 1:42:39
Epoch id: 10, Training steps: 1100, Avg loss: 0.008, Time: 1:43:29
Start evaluation on dev dataset.
/home/lyq2021/miniconda3/envs/lyq/lib/python3.10/site-packages/sklearn/metrics/_classification.py:1318: UndefinedMetricWarning: Precision is ill-defined and being set to 0.0 in samples with no predicted labels. Use `zero_division` parameter to control this behavior.
  _warn_prf(average, modifier, msg_start, len(result))
Acc. (Correct/Total): 51.92%% Prec: 0.7283 F1: 0.6789
Epoch id: 11, Training steps: 100, Avg loss: 0.009, Time: 1:45:22
Epoch id: 11, Training steps: 200, Avg loss: 0.006, Time: 1:46:13
Epoch id: 11, Training steps: 300, Avg loss: 0.006, Time: 1:47:04
Epoch id: 11, Training steps: 400, Avg loss: 0.006, Time: 1:47:56
Epoch id: 11, Training steps: 500, Avg loss: 0.006, Time: 1:48:47
Epoch id: 11, Training steps: 600, Avg loss: 0.006, Time: 1:49:37
Epoch id: 11, Training steps: 700, Avg loss: 0.007, Time: 1:50:28
Epoch id: 11, Training steps: 800, Avg loss: 0.006, Time: 1:51:19
Epoch id: 11, Training steps: 900, Avg loss: 0.006, Time: 1:52:09
Epoch id: 11, Training steps: 1000, Avg loss: 0.007, Time: 1:53:01
Epoch id: 11, Training steps: 1100, Avg loss: 0.007, Time: 1:53:52
Start evaluation on dev dataset.
/home/lyq2021/miniconda3/envs/lyq/lib/python3.10/site-packages/sklearn/metrics/_classification.py:1318: UndefinedMetricWarning: Precision is ill-defined and being set to 0.0 in samples with no predicted labels. Use `zero_division` parameter to control this behavior.
  _warn_prf(average, modifier, msg_start, len(result))
Acc. (Correct/Total): 52.26%% Prec: 0.7286 F1: 0.6810
Start evaluation on test dataset.
/home/lyq2021/miniconda3/envs/lyq/lib/python3.10/site-packages/sklearn/metrics/_classification.py:1318: UndefinedMetricWarning: Precision is ill-defined and being set to 0.0 in samples with no predicted labels. Use `zero_division` parameter to control this behavior.
  _warn_prf(average, modifier, msg_start, len(result))
Acc. (Correct/Total): 59.02%% Prec: 0.7778 F1: 0.7310
Epoch id: 12, Training steps: 100, Avg loss: 0.008, Time: 1:56:30
Epoch id: 12, Training steps: 200, Avg loss: 0.005, Time: 1:57:21
Epoch id: 12, Training steps: 300, Avg loss: 0.005, Time: 1:58:13
Epoch id: 12, Training steps: 400, Avg loss: 0.005, Time: 1:59:05
Epoch id: 12, Training steps: 500, Avg loss: 0.005, Time: 1:59:56
Epoch id: 12, Training steps: 600, Avg loss: 0.006, Time: 2:00:48
Epoch id: 12, Training steps: 700, Avg loss: 0.006, Time: 2:01:39
Epoch id: 12, Training steps: 800, Avg loss: 0.006, Time: 2:02:30
Epoch id: 12, Training steps: 900, Avg loss: 0.005, Time: 2:03:22
Epoch id: 12, Training steps: 1000, Avg loss: 0.005, Time: 2:04:13
Epoch id: 12, Training steps: 1100, Avg loss: 0.006, Time: 2:05:05
Start evaluation on dev dataset.
/home/lyq2021/miniconda3/envs/lyq/lib/python3.10/site-packages/sklearn/metrics/_classification.py:1318: UndefinedMetricWarning: Precision is ill-defined and being set to 0.0 in samples with no predicted labels. Use `zero_division` parameter to control this behavior.
  _warn_prf(average, modifier, msg_start, len(result))
Acc. (Correct/Total): 54.13%% Prec: 0.7436 F1: 0.7007
Start evaluation on test dataset.
/home/lyq2021/miniconda3/envs/lyq/lib/python3.10/site-packages/sklearn/metrics/_classification.py:1318: UndefinedMetricWarning: Precision is ill-defined and being set to 0.0 in samples with no predicted labels. Use `zero_division` parameter to control this behavior.
  _warn_prf(average, modifier, msg_start, len(result))
Acc. (Correct/Total): 59.85%% Prec: 0.7819 F1: 0.7389
Epoch id: 13, Training steps: 100, Avg loss: 0.006, Time: 2:07:42
Epoch id: 13, Training steps: 200, Avg loss: 0.004, Time: 2:08:32
Epoch id: 13, Training steps: 300, Avg loss: 0.004, Time: 2:09:23
Epoch id: 13, Training steps: 400, Avg loss: 0.005, Time: 2:10:13
Epoch id: 13, Training steps: 500, Avg loss: 0.004, Time: 2:11:04
Epoch id: 13, Training steps: 600, Avg loss: 0.004, Time: 2:11:55
Epoch id: 13, Training steps: 700, Avg loss: 0.004, Time: 2:12:46
Epoch id: 13, Training steps: 800, Avg loss: 0.005, Time: 2:13:37
Epoch id: 13, Training steps: 900, Avg loss: 0.005, Time: 2:14:28
Epoch id: 13, Training steps: 1000, Avg loss: 0.005, Time: 2:15:19
Epoch id: 13, Training steps: 1100, Avg loss: 0.005, Time: 2:16:11
Start evaluation on dev dataset.
/home/lyq2021/miniconda3/envs/lyq/lib/python3.10/site-packages/sklearn/metrics/_classification.py:1318: UndefinedMetricWarning: Precision is ill-defined and being set to 0.0 in samples with no predicted labels. Use `zero_division` parameter to control this behavior.
  _warn_prf(average, modifier, msg_start, len(result))
Acc. (Correct/Total): 56.09%% Prec: 0.7578 F1: 0.7168
Start evaluation on test dataset.
/home/lyq2021/miniconda3/envs/lyq/lib/python3.10/site-packages/sklearn/metrics/_classification.py:1318: UndefinedMetricWarning: Precision is ill-defined and being set to 0.0 in samples with no predicted labels. Use `zero_division` parameter to control this behavior.
  _warn_prf(average, modifier, msg_start, len(result))
Acc. (Correct/Total): 61.25%% Prec: 0.7992 F1: 0.7572
Epoch id: 14, Training steps: 100, Avg loss: 0.005, Time: 2:18:49
Epoch id: 14, Training steps: 200, Avg loss: 0.004, Time: 2:19:40
Epoch id: 14, Training steps: 300, Avg loss: 0.004, Time: 2:20:31
Epoch id: 14, Training steps: 400, Avg loss: 0.004, Time: 2:21:22
Epoch id: 14, Training steps: 500, Avg loss: 0.004, Time: 2:22:13
Epoch id: 14, Training steps: 600, Avg loss: 0.004, Time: 2:23:03
Epoch id: 14, Training steps: 700, Avg loss: 0.004, Time: 2:23:54
Epoch id: 14, Training steps: 800, Avg loss: 0.005, Time: 2:24:45
Epoch id: 14, Training steps: 900, Avg loss: 0.004, Time: 2:25:35
Epoch id: 14, Training steps: 1000, Avg loss: 0.004, Time: 2:26:26
Epoch id: 14, Training steps: 1100, Avg loss: 0.004, Time: 2:27:17
Start evaluation on dev dataset.
/home/lyq2021/miniconda3/envs/lyq/lib/python3.10/site-packages/sklearn/metrics/_classification.py:1318: UndefinedMetricWarning: Precision is ill-defined and being set to 0.0 in samples with no predicted labels. Use `zero_division` parameter to control this behavior.
  _warn_prf(average, modifier, msg_start, len(result))
Acc. (Correct/Total): 57.15%% Prec: 0.7588 F1: 0.7263
Start evaluation on test dataset.
/home/lyq2021/miniconda3/envs/lyq/lib/python3.10/site-packages/sklearn/metrics/_classification.py:1318: UndefinedMetricWarning: Precision is ill-defined and being set to 0.0 in samples with no predicted labels. Use `zero_division` parameter to control this behavior.
  _warn_prf(average, modifier, msg_start, len(result))
Acc. (Correct/Total): 61.10%% Prec: 0.7960 F1: 0.7608
Epoch id: 15, Training steps: 100, Avg loss: 0.005, Time: 2:29:54
Epoch id: 15, Training steps: 200, Avg loss: 0.003, Time: 2:30:45
Epoch id: 15, Training steps: 300, Avg loss: 0.003, Time: 2:31:36
Epoch id: 15, Training steps: 400, Avg loss: 0.003, Time: 2:32:27
Epoch id: 15, Training steps: 500, Avg loss: 0.003, Time: 2:33:18
Epoch id: 15, Training steps: 600, Avg loss: 0.003, Time: 2:34:10
Epoch id: 15, Training steps: 700, Avg loss: 0.003, Time: 2:34:59
Epoch id: 15, Training steps: 800, Avg loss: 0.003, Time: 2:35:49
Epoch id: 15, Training steps: 900, Avg loss: 0.003, Time: 2:36:39
Epoch id: 15, Training steps: 1000, Avg loss: 0.003, Time: 2:37:30
Epoch id: 15, Training steps: 1100, Avg loss: 0.003, Time: 2:38:20
Start evaluation on dev dataset.
/home/lyq2021/miniconda3/envs/lyq/lib/python3.10/site-packages/sklearn/metrics/_classification.py:1318: UndefinedMetricWarning: Precision is ill-defined and being set to 0.0 in samples with no predicted labels. Use `zero_division` parameter to control this behavior.
  _warn_prf(average, modifier, msg_start, len(result))
Acc. (Correct/Total): 55.42%% Prec: 0.7526 F1: 0.7160
Epoch id: 16, Training steps: 100, Avg loss: 0.005, Time: 2:40:12
Epoch id: 16, Training steps: 200, Avg loss: 0.014, Time: 2:41:03
Epoch id: 16, Training steps: 300, Avg loss: 0.009, Time: 2:41:54
Epoch id: 16, Training steps: 400, Avg loss: 0.004, Time: 2:42:46
Epoch id: 16, Training steps: 500, Avg loss: 0.003, Time: 2:43:37
Epoch id: 16, Training steps: 600, Avg loss: 0.003, Time: 2:44:28
Epoch id: 16, Training steps: 700, Avg loss: 0.004, Time: 2:45:19
Epoch id: 16, Training steps: 800, Avg loss: 0.003, Time: 2:46:11
Epoch id: 16, Training steps: 900, Avg loss: 0.003, Time: 2:47:02
Epoch id: 16, Training steps: 1000, Avg loss: 0.003, Time: 2:47:54
Epoch id: 16, Training steps: 1100, Avg loss: 0.003, Time: 2:48:46
Start evaluation on dev dataset.
/home/lyq2021/miniconda3/envs/lyq/lib/python3.10/site-packages/sklearn/metrics/_classification.py:1318: UndefinedMetricWarning: Precision is ill-defined and being set to 0.0 in samples with no predicted labels. Use `zero_division` parameter to control this behavior.
  _warn_prf(average, modifier, msg_start, len(result))
Acc. (Correct/Total): 56.05%% Prec: 0.7588 F1: 0.7261
Epoch id: 17, Training steps: 100, Avg loss: 0.003, Time: 2:50:39
Epoch id: 17, Training steps: 200, Avg loss: 0.002, Time: 2:51:31
Epoch id: 17, Training steps: 300, Avg loss: 0.002, Time: 2:52:22
Epoch id: 17, Training steps: 400, Avg loss: 0.002, Time: 2:53:13
Epoch id: 17, Training steps: 500, Avg loss: 0.002, Time: 2:54:04
Epoch id: 17, Training steps: 600, Avg loss: 0.002, Time: 2:54:54
Epoch id: 17, Training steps: 700, Avg loss: 0.002, Time: 2:55:44
Epoch id: 17, Training steps: 800, Avg loss: 0.002, Time: 2:56:35
Epoch id: 17, Training steps: 900, Avg loss: 0.003, Time: 2:57:26
Epoch id: 17, Training steps: 1000, Avg loss: 0.003, Time: 2:58:16
Epoch id: 17, Training steps: 1100, Avg loss: 0.003, Time: 2:59:06
Start evaluation on dev dataset.
/home/lyq2021/miniconda3/envs/lyq/lib/python3.10/site-packages/sklearn/metrics/_classification.py:1318: UndefinedMetricWarning: Precision is ill-defined and being set to 0.0 in samples with no predicted labels. Use `zero_division` parameter to control this behavior.
  _warn_prf(average, modifier, msg_start, len(result))
Acc. (Correct/Total): 54.99%% Prec: 0.7424 F1: 0.7072
Epoch id: 18, Training steps: 100, Avg loss: 0.003, Time: 3:00:57
Epoch id: 18, Training steps: 200, Avg loss: 0.002, Time: 3:01:48
Epoch id: 18, Training steps: 300, Avg loss: 0.002, Time: 3:02:39
Epoch id: 18, Training steps: 400, Avg loss: 0.002, Time: 3:03:31
Epoch id: 18, Training steps: 500, Avg loss: 0.002, Time: 3:04:23
Epoch id: 18, Training steps: 600, Avg loss: 0.002, Time: 3:05:15
Epoch id: 18, Training steps: 700, Avg loss: 0.002, Time: 3:06:07
Epoch id: 18, Training steps: 800, Avg loss: 0.002, Time: 3:06:59
Epoch id: 18, Training steps: 900, Avg loss: 0.003, Time: 3:07:51
Epoch id: 18, Training steps: 1000, Avg loss: 0.002, Time: 3:08:44
Epoch id: 18, Training steps: 1100, Avg loss: 0.002, Time: 3:09:35
Start evaluation on dev dataset.
/home/lyq2021/miniconda3/envs/lyq/lib/python3.10/site-packages/sklearn/metrics/_classification.py:1318: UndefinedMetricWarning: Precision is ill-defined and being set to 0.0 in samples with no predicted labels. Use `zero_division` parameter to control this behavior.
  _warn_prf(average, modifier, msg_start, len(result))
Acc. (Correct/Total): 55.04%% Prec: 0.7438 F1: 0.7091
Epoch id: 19, Training steps: 100, Avg loss: 0.003, Time: 3:11:30
Epoch id: 19, Training steps: 200, Avg loss: 0.001, Time: 3:12:21
Epoch id: 19, Training steps: 300, Avg loss: 0.002, Time: 3:13:12
Epoch id: 19, Training steps: 400, Avg loss: 0.002, Time: 3:14:04
Epoch id: 19, Training steps: 500, Avg loss: 0.002, Time: 3:14:55
Epoch id: 19, Training steps: 600, Avg loss: 0.002, Time: 3:15:46
Epoch id: 19, Training steps: 700, Avg loss: 0.001, Time: 3:16:37
Epoch id: 19, Training steps: 800, Avg loss: 0.001, Time: 3:17:28
Epoch id: 19, Training steps: 900, Avg loss: 0.002, Time: 3:18:19
Epoch id: 19, Training steps: 1000, Avg loss: 0.002, Time: 3:19:10
Epoch id: 19, Training steps: 1100, Avg loss: 0.002, Time: 3:20:01
Start evaluation on dev dataset.
/home/lyq2021/miniconda3/envs/lyq/lib/python3.10/site-packages/sklearn/metrics/_classification.py:1318: UndefinedMetricWarning: Precision is ill-defined and being set to 0.0 in samples with no predicted labels. Use `zero_division` parameter to control this behavior.
  _warn_prf(average, modifier, msg_start, len(result))
Acc. (Correct/Total): 55.37%% Prec: 0.7489 F1: 0.7120
Epoch id: 20, Training steps: 100, Avg loss: 0.002, Time: 3:21:55
Epoch id: 20, Training steps: 200, Avg loss: 0.002, Time: 3:22:46
Epoch id: 20, Training steps: 300, Avg loss: 0.001, Time: 3:23:37
Epoch id: 20, Training steps: 400, Avg loss: 0.001, Time: 3:24:28
Epoch id: 20, Training steps: 500, Avg loss: 0.001, Time: 3:25:19
Epoch id: 20, Training steps: 600, Avg loss: 0.001, Time: 3:26:10
Epoch id: 20, Training steps: 700, Avg loss: 0.001, Time: 3:27:01
Epoch id: 20, Training steps: 800, Avg loss: 0.001, Time: 3:27:52
Epoch id: 20, Training steps: 900, Avg loss: 0.002, Time: 3:28:43
Epoch id: 20, Training steps: 1000, Avg loss: 0.001, Time: 3:29:34
Epoch id: 20, Training steps: 1100, Avg loss: 0.001, Time: 3:30:25
Start evaluation on dev dataset.
/home/lyq2021/miniconda3/envs/lyq/lib/python3.10/site-packages/sklearn/metrics/_classification.py:1318: UndefinedMetricWarning: Precision is ill-defined and being set to 0.0 in samples with no predicted labels. Use `zero_division` parameter to control this behavior.
  _warn_prf(average, modifier, msg_start, len(result))
Acc. (Correct/Total): 56.86%% Prec: 0.7526 F1: 0.7247
Final evaluation on the test dataset.
The number of evaluation instances:  2067
/home/lyq2021/miniconda3/envs/lyq/lib/python3.10/site-packages/sklearn/metrics/_classification.py:1318: UndefinedMetricWarning: Precision is ill-defined and being set to 0.0 in samples with no predicted labels. Use `zero_division` parameter to control this behavior.
  _warn_prf(average, modifier, msg_start, len(result))
/home/lyq2021/miniconda3/envs/lyq/lib/python3.10/site-packages/sklearn/metrics/_classification.py:1318: UndefinedMetricWarning: Precision and F-score are ill-defined and being set to 0.0 in labels with no predicted samples. Use `zero_division` parameter to control this behavior.
  _warn_prf(average, modifier, msg_start, len(result))
/home/lyq2021/miniconda3/envs/lyq/lib/python3.10/site-packages/sklearn/metrics/_classification.py:1318: UndefinedMetricWarning: Precision and F-score are ill-defined and being set to 0.0 in samples with no predicted labels. Use `zero_division` parameter to control this behavior.
  _warn_prf(average, modifier, msg_start, len(result))
Acc. (Correct/Total): 61.10% Prec: 0.7960 F1: 0.7608
Precision, Recall and F1-Score...
              precision    recall  f1-score   support

         教育学     0.8507    0.9461    0.8959       241
          法学     0.8942    0.8304    0.8611       224
      中国语言文学     0.8973    0.7081    0.7915       185
         政治学     0.7736    0.7546    0.7640       163
         社会学     0.8630    0.8025    0.8317       157
         心理学     0.8667    0.6341    0.7324       123
       应用经济学     0.8108    0.5128    0.6283       117
         历史学     0.8537    0.6422    0.7330       109
     环境科学与工程     0.8962    0.8796    0.8879       108
          哲学     0.8286    0.5979    0.6946        97
      外国语言文学     0.8400    0.7412    0.7875        85
         生物学     0.8571    0.8354    0.8462        79
      交通运输工程     0.9146    0.9615    0.9375        78
        临床医学     0.8400    0.8289    0.8344        76
    计算机科学与技术     0.8310    0.8310    0.8310        71
        土木工程     0.9143    0.9697    0.9412        66
   航空宇航科学与技术     0.9344    0.9344    0.9344        61
         民族学     0.7750    0.5636    0.6526        55
   公共卫生与预防医学     0.5873    0.7255    0.6491        51
         美术学     0.8033    0.9800    0.8829        50
         艺术学     0.7209    0.7209    0.7209        43
         地理学     0.8125    0.6190    0.7027        42
         体育学     0.9333    0.7000    0.8000        40
       理论经济学     0.7805    0.8421    0.8101        38
         中医学     0.9355    0.7838    0.8529        37
         物理学     0.8205    0.8889    0.8533        36
          林学     0.7619    0.4848    0.5926        33
          数学     0.7083    0.5312    0.6071        32
     电子科学与技术     0.7143    0.4839    0.5769        31
        基础医学     0.6667    0.5517    0.6038        29
        工商管理     1.0000    0.4815    0.6500        27
       新闻传播学     0.7391    0.7727    0.7556        22
         天文学     0.8077    0.9545    0.8750        22
         地质学     0.9091    0.4762    0.6250        21
         畜牧学     0.8261    0.9048    0.8636        21
   军事思想及军事历史     0.8235    0.7000    0.7568        20
     管理科学与工程     0.5217    0.6667    0.5854        18
     测绘科学与技术     0.7000    0.8235    0.7568        17
        水利工程     0.9000    0.5625    0.6923        16
        大气科学     0.7500    0.7500    0.7500        16
     兵器科学与技术     0.6842    0.8667    0.7647        15
       地球物理学     0.7143    0.3571    0.4762        14
        电气工程     1.0000    0.4615    0.6316        13
         作物学     0.7000    0.5385    0.6087        13
     控制科学与工程     0.3077    0.3077    0.3077        13
     信息与通信工程     0.5625    0.6923    0.6207        13
        公共管理     0.2000    0.1538    0.1739        13
         建筑学     1.0000    0.4615    0.6316        13
     化学工程与技术     1.0000    0.5833    0.7368        12
          力学     0.6154    0.7273    0.6667        11
        海洋科学     1.0000    0.9091    0.9524        11
     轻工技术与工程     0.5000    0.2727    0.3529        11
        农业工程     1.0000    0.2000    0.3333        10
         园艺学     0.8182    0.9000    0.8571        10
       中西医结合     1.0000    0.8000    0.8889        10
        机械工程     1.0000    0.7778    0.8750         9
       科学技术史     1.0000    0.7500    0.8571         8
     船舶与海洋工程     0.8571    0.7500    0.8000         8
   图书情报与档案管理     0.8333    0.6250    0.7143         8
        植物保护     0.8889    1.0000    0.9412         8
     材料科学与工程     0.7500    0.7500    0.7500         8
         统计学     0.6667    0.7500    0.7059         8
          化学     1.0000    0.6250    0.7692         8
     食品科学与工程     1.0000    0.5000    0.6667         8
          水产     1.0000    1.0000    1.0000         7
          药学     1.0000    0.8571    0.9231         7
     农业资源与环境     1.0000    0.2857    0.4444         7
         世界史     1.0000    0.7143    0.8333         7
        系统科学     0.8000    0.5714    0.6667         7
      农林经济管理     0.5714    0.8000    0.6667         5
       军队指挥学     1.0000    0.4000    0.5714         5
        矿业工程     0.7500    0.6000    0.6667         5
     纺织科学与工程     0.6667    0.8000    0.7273         5
  动力工程及工程热物理     0.0000    0.0000    0.0000         4
        林业工程     0.0000    0.0000    0.0000         4
     仪器科学与技术     0.0000    0.0000    0.0000         3
         战略学     1.0000    0.3333    0.5000         3
   地质资源与地质工程     1.0000    0.3333    0.5000         3
        旅游管理     0.0000    0.0000    0.0000         3
 图书馆、情报与档案管理     0.0000    0.0000    0.0000         2
        冶金工程     0.0000    0.0000    0.0000         2
      核科学与技术     0.0000    0.0000    0.0000         2

   micro avg     0.8296    0.7414    0.7830      3093
   macro avg     0.7506    0.6199    0.6601      3093
weighted avg     0.8301    0.7414    0.7739      3093
 samples avg     0.7960    0.7564    0.7608      3093

