  0%|          | 0/82 [00:00<?, ?it/s]100%|██████████| 82/82 [00:00<00:00, 1055008.98it/s]
model:  ernie-rcnn
pretrained:  ernie1
task:  MLC-slice
dataset:  book_multilabels_task
seq_length:  256
hidden_dropout_prob:  0.1
attention_probs_dropout_prob:  0.1
epochs_num:  40
batch_size:  8
learning_rate:  2e-05
report_steps:  100
kg_name:  CnDbpedia
no_kg:  True
no_vm:  True
Vocabulary Size:  17964
[BertClassifier] use visible_matrix: False
Some weights of the model checkpoint at ./models/ernie1 were not used when initializing ErnieRCNNForMultiLabelSequenceClassificationSlice: ['ernie.pooler.dense.weight', 'cls.predictions.bias', 'cls.predictions.transform.dense.bias', 'cls.predictions.transform.LayerNorm.weight', 'ernie.pooler.dense.bias', 'cls.predictions.transform.dense.weight', 'cls.predictions.transform.LayerNorm.bias']
- This IS expected if you are initializing ErnieRCNNForMultiLabelSequenceClassificationSlice from the checkpoint of a model trained on another task or with another architecture (e.g. initializing a BertForSequenceClassification model from a BertForPreTraining model).
- This IS NOT expected if you are initializing ErnieRCNNForMultiLabelSequenceClassificationSlice from the checkpoint of a model that you expect to be exactly identical (initializing a BertForSequenceClassification model from a BertForSequenceClassification model).
Some weights of ErnieRCNNForMultiLabelSequenceClassificationSlice were not initialized from the model checkpoint at ./models/ernie1 and are newly initialized: ['output_layer_1.bias', 'lstm.weight_hh_l1_reverse', 'lstm.bias_hh_l1', 'lstm.bias_hh_l0', 'lstm.bias_ih_l1_reverse', 'lstm.bias_hh_l1_reverse', 'lstm.bias_ih_l1', 'classifier.weight', 'lstm.weight_ih_l0', 'lstm.weight_ih_l0_reverse', 'lstm.weight_hh_l1', 'output_layer_1.weight', 'lstm.bias_ih_l0', 'lstm.weight_ih_l1_reverse', 'lstm.weight_hh_l0_reverse', 'classifier.bias', 'lstm.weight_ih_l1', 'lstm.weight_hh_l0', 'lstm.bias_ih_l0_reverse', 'lstm.bias_hh_l0_reverse']
You should probably TRAIN this model on a down-stream task to be able to use it for predictions and inference.
1 GPUs are available. Let's use them.
device:  cuda
Start training.
Loading sentences from ./datasets/book_multilabels_task/train.tsv
There are 9097 sentence in total. We use 1 processes to inject knowledge into sentences.
Progress of process 0: 0/9097
Loading sentences from ./datasets/book_multilabels_task/dev.tsv
There are 2084 sentence in total. We use 1 processes to inject knowledge into sentences.
Progress of process 0: 0/2084
Loading sentences from ./datasets/book_multilabels_task/test.tsv
There are 2067 sentence in total. We use 1 processes to inject knowledge into sentences.
Progress of process 0: 0/2067
Epoch id: 1, Training steps: 100, Avg loss: 0.297, Time: 0:00:41
Epoch id: 1, Training steps: 200, Avg loss: 0.102, Time: 0:01:23
Epoch id: 1, Training steps: 300, Avg loss: 0.088, Time: 0:02:06
Epoch id: 1, Training steps: 400, Avg loss: 0.085, Time: 0:02:49
Epoch id: 1, Training steps: 500, Avg loss: 0.081, Time: 0:03:32
Epoch id: 1, Training steps: 600, Avg loss: 0.080, Time: 0:04:15
Epoch id: 1, Training steps: 700, Avg loss: 0.077, Time: 0:04:58
Epoch id: 1, Training steps: 800, Avg loss: 0.071, Time: 0:05:40
Epoch id: 1, Training steps: 900, Avg loss: 0.063, Time: 0:06:22
Epoch id: 1, Training steps: 1000, Avg loss: 0.059, Time: 0:07:04
Epoch id: 1, Training steps: 1100, Avg loss: 0.052, Time: 0:07:47
Start evaluation on dev dataset.
/home/lyq2021/.conda/envs/lyq2021/lib/python3.10/site-packages/sklearn/metrics/_classification.py:1344: UndefinedMetricWarning: Precision is ill-defined and being set to 0.0 in samples with no predicted labels. Use `zero_division` parameter to control this behavior.
  _warn_prf(average, modifier, msg_start, len(result))
Acc. (Correct/Total):  6.72%% Prec: 0.1032 F1: 0.0922
Start evaluation on test dataset.
/home/lyq2021/.conda/envs/lyq2021/lib/python3.10/site-packages/sklearn/metrics/_classification.py:1344: UndefinedMetricWarning: Precision is ill-defined and being set to 0.0 in samples with no predicted labels. Use `zero_division` parameter to control this behavior.
  _warn_prf(average, modifier, msg_start, len(result))
Acc. (Correct/Total): 10.84%% Prec: 0.1584 F1: 0.1417
Epoch id: 2, Training steps: 100, Avg loss: 0.068, Time: 0:09:58
Epoch id: 2, Training steps: 200, Avg loss: 0.047, Time: 0:10:41
Epoch id: 2, Training steps: 300, Avg loss: 0.043, Time: 0:11:24
Epoch id: 2, Training steps: 400, Avg loss: 0.041, Time: 0:12:07
Epoch id: 2, Training steps: 500, Avg loss: 0.039, Time: 0:12:50
Epoch id: 2, Training steps: 600, Avg loss: 0.038, Time: 0:13:33
Epoch id: 2, Training steps: 700, Avg loss: 0.037, Time: 0:14:16
Epoch id: 2, Training steps: 800, Avg loss: 0.036, Time: 0:14:59
Epoch id: 2, Training steps: 900, Avg loss: 0.036, Time: 0:15:42
Epoch id: 2, Training steps: 1000, Avg loss: 0.034, Time: 0:16:25
Epoch id: 2, Training steps: 1100, Avg loss: 0.032, Time: 0:17:08
Start evaluation on dev dataset.
/home/lyq2021/.conda/envs/lyq2021/lib/python3.10/site-packages/sklearn/metrics/_classification.py:1344: UndefinedMetricWarning: Precision is ill-defined and being set to 0.0 in samples with no predicted labels. Use `zero_division` parameter to control this behavior.
  _warn_prf(average, modifier, msg_start, len(result))
Acc. (Correct/Total): 24.71%% Prec: 0.3532 F1: 0.3195
Start evaluation on test dataset.
/home/lyq2021/.conda/envs/lyq2021/lib/python3.10/site-packages/sklearn/metrics/_classification.py:1344: UndefinedMetricWarning: Precision is ill-defined and being set to 0.0 in samples with no predicted labels. Use `zero_division` parameter to control this behavior.
  _warn_prf(average, modifier, msg_start, len(result))
Acc. (Correct/Total): 30.67%% Prec: 0.4003 F1: 0.3700
Epoch id: 3, Training steps: 100, Avg loss: 0.041, Time: 0:19:19
Epoch id: 3, Training steps: 200, Avg loss: 0.029, Time: 0:20:02
Epoch id: 3, Training steps: 300, Avg loss: 0.030, Time: 0:20:45
Epoch id: 3, Training steps: 400, Avg loss: 0.030, Time: 0:21:28
Epoch id: 3, Training steps: 500, Avg loss: 0.027, Time: 0:22:11
Epoch id: 3, Training steps: 600, Avg loss: 0.027, Time: 0:22:54
Epoch id: 3, Training steps: 700, Avg loss: 0.028, Time: 0:23:37
Epoch id: 3, Training steps: 800, Avg loss: 0.028, Time: 0:24:20
Epoch id: 3, Training steps: 900, Avg loss: 0.027, Time: 0:25:03
Epoch id: 3, Training steps: 1000, Avg loss: 0.027, Time: 0:25:45
Epoch id: 3, Training steps: 1100, Avg loss: 0.024, Time: 0:26:27
Start evaluation on dev dataset.
/home/lyq2021/.conda/envs/lyq2021/lib/python3.10/site-packages/sklearn/metrics/_classification.py:1344: UndefinedMetricWarning: Precision is ill-defined and being set to 0.0 in samples with no predicted labels. Use `zero_division` parameter to control this behavior.
  _warn_prf(average, modifier, msg_start, len(result))
Acc. (Correct/Total): 29.13%% Prec: 0.4501 F1: 0.3989
Start evaluation on test dataset.
/home/lyq2021/.conda/envs/lyq2021/lib/python3.10/site-packages/sklearn/metrics/_classification.py:1344: UndefinedMetricWarning: Precision is ill-defined and being set to 0.0 in samples with no predicted labels. Use `zero_division` parameter to control this behavior.
  _warn_prf(average, modifier, msg_start, len(result))
Acc. (Correct/Total): 35.03%% Prec: 0.5000 F1: 0.4512
Epoch id: 4, Training steps: 100, Avg loss: 0.034, Time: 0:28:39
Epoch id: 4, Training steps: 200, Avg loss: 0.023, Time: 0:29:22
Epoch id: 4, Training steps: 300, Avg loss: 0.022, Time: 0:30:05
Epoch id: 4, Training steps: 400, Avg loss: 0.022, Time: 0:30:47
Epoch id: 4, Training steps: 500, Avg loss: 0.022, Time: 0:31:30
Epoch id: 4, Training steps: 600, Avg loss: 0.022, Time: 0:32:13
Epoch id: 4, Training steps: 700, Avg loss: 0.022, Time: 0:32:56
Epoch id: 4, Training steps: 800, Avg loss: 0.022, Time: 0:33:39
Epoch id: 4, Training steps: 900, Avg loss: 0.022, Time: 0:34:22
Epoch id: 4, Training steps: 1000, Avg loss: 0.022, Time: 0:35:05
Epoch id: 4, Training steps: 1100, Avg loss: 0.020, Time: 0:35:48
Start evaluation on dev dataset.
/home/lyq2021/.conda/envs/lyq2021/lib/python3.10/site-packages/sklearn/metrics/_classification.py:1344: UndefinedMetricWarning: Precision is ill-defined and being set to 0.0 in samples with no predicted labels. Use `zero_division` parameter to control this behavior.
  _warn_prf(average, modifier, msg_start, len(result))
Acc. (Correct/Total): 39.30%% Prec: 0.5763 F1: 0.5195
Start evaluation on test dataset.
/home/lyq2021/.conda/envs/lyq2021/lib/python3.10/site-packages/sklearn/metrics/_classification.py:1344: UndefinedMetricWarning: Precision is ill-defined and being set to 0.0 in samples with no predicted labels. Use `zero_division` parameter to control this behavior.
  _warn_prf(average, modifier, msg_start, len(result))
Acc. (Correct/Total): 42.82%% Prec: 0.6064 F1: 0.5495
Epoch id: 5, Training steps: 100, Avg loss: 0.024, Time: 0:37:59
Epoch id: 5, Training steps: 200, Avg loss: 0.019, Time: 0:38:42
Epoch id: 5, Training steps: 300, Avg loss: 0.018, Time: 0:39:25
Epoch id: 5, Training steps: 400, Avg loss: 0.020, Time: 0:40:08
Epoch id: 5, Training steps: 500, Avg loss: 0.019, Time: 0:40:51
Epoch id: 5, Training steps: 600, Avg loss: 0.020, Time: 0:41:34
Epoch id: 5, Training steps: 700, Avg loss: 0.019, Time: 0:42:17
Epoch id: 5, Training steps: 800, Avg loss: 0.017, Time: 0:43:00
Epoch id: 5, Training steps: 900, Avg loss: 0.019, Time: 0:43:43
Epoch id: 5, Training steps: 1000, Avg loss: 0.018, Time: 0:44:26
Epoch id: 5, Training steps: 1100, Avg loss: 0.016, Time: 0:45:09
Start evaluation on dev dataset.
/home/lyq2021/.conda/envs/lyq2021/lib/python3.10/site-packages/sklearn/metrics/_classification.py:1344: UndefinedMetricWarning: Precision is ill-defined and being set to 0.0 in samples with no predicted labels. Use `zero_division` parameter to control this behavior.
  _warn_prf(average, modifier, msg_start, len(result))
Acc. (Correct/Total): 41.89%% Prec: 0.6284 F1: 0.5631
Start evaluation on test dataset.
/home/lyq2021/.conda/envs/lyq2021/lib/python3.10/site-packages/sklearn/metrics/_classification.py:1344: UndefinedMetricWarning: Precision is ill-defined and being set to 0.0 in samples with no predicted labels. Use `zero_division` parameter to control this behavior.
  _warn_prf(average, modifier, msg_start, len(result))
Acc. (Correct/Total): 46.54%% Prec: 0.6648 F1: 0.6019
Epoch id: 6, Training steps: 100, Avg loss: 0.022, Time: 0:47:20
Epoch id: 6, Training steps: 200, Avg loss: 0.020, Time: 0:48:03
Epoch id: 6, Training steps: 300, Avg loss: 0.016, Time: 0:48:46
Epoch id: 6, Training steps: 400, Avg loss: 0.015, Time: 0:49:29
Epoch id: 6, Training steps: 500, Avg loss: 0.015, Time: 0:50:12
Epoch id: 6, Training steps: 600, Avg loss: 0.015, Time: 0:50:55
Epoch id: 6, Training steps: 700, Avg loss: 0.014, Time: 0:51:38
Epoch id: 6, Training steps: 800, Avg loss: 0.015, Time: 0:52:21
Epoch id: 6, Training steps: 900, Avg loss: 0.014, Time: 0:53:04
Epoch id: 6, Training steps: 1000, Avg loss: 0.013, Time: 0:53:47
Epoch id: 6, Training steps: 1100, Avg loss: 0.014, Time: 0:54:30
Start evaluation on dev dataset.
/home/lyq2021/.conda/envs/lyq2021/lib/python3.10/site-packages/sklearn/metrics/_classification.py:1344: UndefinedMetricWarning: Precision is ill-defined and being set to 0.0 in samples with no predicted labels. Use `zero_division` parameter to control this behavior.
  _warn_prf(average, modifier, msg_start, len(result))
Acc. (Correct/Total): 40.55%% Prec: 0.6010 F1: 0.5405
Epoch id: 7, Training steps: 100, Avg loss: 0.018, Time: 0:56:05
Epoch id: 7, Training steps: 200, Avg loss: 0.012, Time: 0:56:48
Epoch id: 7, Training steps: 300, Avg loss: 0.012, Time: 0:57:31
Epoch id: 7, Training steps: 400, Avg loss: 0.014, Time: 0:58:14
Epoch id: 7, Training steps: 500, Avg loss: 0.013, Time: 0:58:57
Epoch id: 7, Training steps: 600, Avg loss: 0.012, Time: 0:59:40
Epoch id: 7, Training steps: 700, Avg loss: 0.012, Time: 1:00:23
Epoch id: 7, Training steps: 800, Avg loss: 0.013, Time: 1:01:06
Epoch id: 7, Training steps: 900, Avg loss: 0.012, Time: 1:01:49
Epoch id: 7, Training steps: 1000, Avg loss: 0.013, Time: 1:02:32
Epoch id: 7, Training steps: 1100, Avg loss: 0.012, Time: 1:03:15
Start evaluation on dev dataset.
/home/lyq2021/.conda/envs/lyq2021/lib/python3.10/site-packages/sklearn/metrics/_classification.py:1344: UndefinedMetricWarning: Precision is ill-defined and being set to 0.0 in samples with no predicted labels. Use `zero_division` parameter to control this behavior.
  _warn_prf(average, modifier, msg_start, len(result))
Acc. (Correct/Total): 46.55%% Prec: 0.6805 F1: 0.6185
Start evaluation on test dataset.
/home/lyq2021/.conda/envs/lyq2021/lib/python3.10/site-packages/sklearn/metrics/_classification.py:1344: UndefinedMetricWarning: Precision is ill-defined and being set to 0.0 in samples with no predicted labels. Use `zero_division` parameter to control this behavior.
  _warn_prf(average, modifier, msg_start, len(result))
Acc. (Correct/Total): 51.62%% Prec: 0.7100 F1: 0.6517
Epoch id: 8, Training steps: 100, Avg loss: 0.015, Time: 1:05:25
Epoch id: 8, Training steps: 200, Avg loss: 0.010, Time: 1:06:08
Epoch id: 8, Training steps: 300, Avg loss: 0.010, Time: 1:06:51
Epoch id: 8, Training steps: 400, Avg loss: 0.010, Time: 1:07:34
Epoch id: 8, Training steps: 500, Avg loss: 0.009, Time: 1:08:17
Epoch id: 8, Training steps: 600, Avg loss: 0.010, Time: 1:09:00
Epoch id: 8, Training steps: 700, Avg loss: 0.010, Time: 1:09:43
Epoch id: 8, Training steps: 800, Avg loss: 0.010, Time: 1:10:26
Epoch id: 8, Training steps: 900, Avg loss: 0.010, Time: 1:11:09
Epoch id: 8, Training steps: 1000, Avg loss: 0.010, Time: 1:11:52
Epoch id: 8, Training steps: 1100, Avg loss: 0.010, Time: 1:12:35
Start evaluation on dev dataset.
/home/lyq2021/.conda/envs/lyq2021/lib/python3.10/site-packages/sklearn/metrics/_classification.py:1344: UndefinedMetricWarning: Precision is ill-defined and being set to 0.0 in samples with no predicted labels. Use `zero_division` parameter to control this behavior.
  _warn_prf(average, modifier, msg_start, len(result))
Acc. (Correct/Total): 47.94%% Prec: 0.6898 F1: 0.6292
Start evaluation on test dataset.
/home/lyq2021/.conda/envs/lyq2021/lib/python3.10/site-packages/sklearn/metrics/_classification.py:1344: UndefinedMetricWarning: Precision is ill-defined and being set to 0.0 in samples with no predicted labels. Use `zero_division` parameter to control this behavior.
  _warn_prf(average, modifier, msg_start, len(result))
Acc. (Correct/Total): 53.41%% Prec: 0.7297 F1: 0.6691
Epoch id: 9, Training steps: 100, Avg loss: 0.012, Time: 1:14:46
Epoch id: 9, Training steps: 200, Avg loss: 0.008, Time: 1:15:29
Epoch id: 9, Training steps: 300, Avg loss: 0.008, Time: 1:16:11
Epoch id: 9, Training steps: 400, Avg loss: 0.008, Time: 1:16:53
Epoch id: 9, Training steps: 500, Avg loss: 0.009, Time: 1:17:35
Epoch id: 9, Training steps: 600, Avg loss: 0.008, Time: 1:18:17
Epoch id: 9, Training steps: 700, Avg loss: 0.008, Time: 1:19:00
Epoch id: 9, Training steps: 800, Avg loss: 0.009, Time: 1:19:43
Epoch id: 9, Training steps: 900, Avg loss: 0.009, Time: 1:20:26
Epoch id: 9, Training steps: 1000, Avg loss: 0.007, Time: 1:21:09
Epoch id: 9, Training steps: 1100, Avg loss: 0.009, Time: 1:21:52
Start evaluation on dev dataset.
/home/lyq2021/.conda/envs/lyq2021/lib/python3.10/site-packages/sklearn/metrics/_classification.py:1344: UndefinedMetricWarning: Precision is ill-defined and being set to 0.0 in samples with no predicted labels. Use `zero_division` parameter to control this behavior.
  _warn_prf(average, modifier, msg_start, len(result))
Acc. (Correct/Total): 50.00%% Prec: 0.7202 F1: 0.6594
Start evaluation on test dataset.
/home/lyq2021/.conda/envs/lyq2021/lib/python3.10/site-packages/sklearn/metrics/_classification.py:1344: UndefinedMetricWarning: Precision is ill-defined and being set to 0.0 in samples with no predicted labels. Use `zero_division` parameter to control this behavior.
  _warn_prf(average, modifier, msg_start, len(result))
Acc. (Correct/Total): 54.86%% Prec: 0.7558 F1: 0.6969
Epoch id: 10, Training steps: 100, Avg loss: 0.010, Time: 1:24:03
Epoch id: 10, Training steps: 200, Avg loss: 0.008, Time: 1:24:46
Epoch id: 10, Training steps: 300, Avg loss: 0.007, Time: 1:25:29
Epoch id: 10, Training steps: 400, Avg loss: 0.006, Time: 1:26:12
Epoch id: 10, Training steps: 500, Avg loss: 0.007, Time: 1:26:55
Epoch id: 10, Training steps: 600, Avg loss: 0.007, Time: 1:27:38
Epoch id: 10, Training steps: 700, Avg loss: 0.007, Time: 1:28:21
Epoch id: 10, Training steps: 800, Avg loss: 0.008, Time: 1:29:04
Epoch id: 10, Training steps: 900, Avg loss: 0.006, Time: 1:29:47
Epoch id: 10, Training steps: 1000, Avg loss: 0.007, Time: 1:30:30
Epoch id: 10, Training steps: 1100, Avg loss: 0.007, Time: 1:31:13
Start evaluation on dev dataset.
/home/lyq2021/.conda/envs/lyq2021/lib/python3.10/site-packages/sklearn/metrics/_classification.py:1344: UndefinedMetricWarning: Precision is ill-defined and being set to 0.0 in samples with no predicted labels. Use `zero_division` parameter to control this behavior.
  _warn_prf(average, modifier, msg_start, len(result))
Acc. (Correct/Total): 49.42%% Prec: 0.7050 F1: 0.6469
Epoch id: 11, Training steps: 100, Avg loss: 0.009, Time: 1:32:48
Epoch id: 11, Training steps: 200, Avg loss: 0.006, Time: 1:33:31
Epoch id: 11, Training steps: 300, Avg loss: 0.006, Time: 1:34:14
Epoch id: 11, Training steps: 400, Avg loss: 0.008, Time: 1:34:57
Epoch id: 11, Training steps: 500, Avg loss: 0.008, Time: 1:35:40
Epoch id: 11, Training steps: 600, Avg loss: 0.007, Time: 1:36:22
Epoch id: 11, Training steps: 700, Avg loss: 0.006, Time: 1:37:05
Epoch id: 11, Training steps: 800, Avg loss: 0.006, Time: 1:37:48
Epoch id: 11, Training steps: 900, Avg loss: 0.007, Time: 1:38:31
Epoch id: 11, Training steps: 1000, Avg loss: 0.007, Time: 1:39:14
Epoch id: 11, Training steps: 1100, Avg loss: 0.008, Time: 1:39:57
Start evaluation on dev dataset.
/home/lyq2021/.conda/envs/lyq2021/lib/python3.10/site-packages/sklearn/metrics/_classification.py:1344: UndefinedMetricWarning: Precision is ill-defined and being set to 0.0 in samples with no predicted labels. Use `zero_division` parameter to control this behavior.
  _warn_prf(average, modifier, msg_start, len(result))
Acc. (Correct/Total): 50.86%% Prec: 0.7296 F1: 0.6712
Start evaluation on test dataset.
/home/lyq2021/.conda/envs/lyq2021/lib/python3.10/site-packages/sklearn/metrics/_classification.py:1344: UndefinedMetricWarning: Precision is ill-defined and being set to 0.0 in samples with no predicted labels. Use `zero_division` parameter to control this behavior.
  _warn_prf(average, modifier, msg_start, len(result))
Acc. (Correct/Total): 57.23%% Prec: 0.7741 F1: 0.7174
Epoch id: 12, Training steps: 100, Avg loss: 0.007, Time: 1:42:08
Epoch id: 12, Training steps: 200, Avg loss: 0.005, Time: 1:42:51
Epoch id: 12, Training steps: 300, Avg loss: 0.005, Time: 1:43:34
Epoch id: 12, Training steps: 400, Avg loss: 0.005, Time: 1:44:17
Epoch id: 12, Training steps: 500, Avg loss: 0.005, Time: 1:45:00
Epoch id: 12, Training steps: 600, Avg loss: 0.005, Time: 1:45:43
Epoch id: 12, Training steps: 700, Avg loss: 0.005, Time: 1:46:26
Epoch id: 12, Training steps: 800, Avg loss: 0.004, Time: 1:47:09
Epoch id: 12, Training steps: 900, Avg loss: 0.004, Time: 1:47:52
Epoch id: 12, Training steps: 1000, Avg loss: 0.005, Time: 1:48:35
Epoch id: 12, Training steps: 1100, Avg loss: 0.005, Time: 1:49:18
Start evaluation on dev dataset.
/home/lyq2021/.conda/envs/lyq2021/lib/python3.10/site-packages/sklearn/metrics/_classification.py:1344: UndefinedMetricWarning: Precision is ill-defined and being set to 0.0 in samples with no predicted labels. Use `zero_division` parameter to control this behavior.
  _warn_prf(average, modifier, msg_start, len(result))
Acc. (Correct/Total): 51.25%% Prec: 0.7277 F1: 0.6750
Start evaluation on test dataset.
/home/lyq2021/.conda/envs/lyq2021/lib/python3.10/site-packages/sklearn/metrics/_classification.py:1344: UndefinedMetricWarning: Precision is ill-defined and being set to 0.0 in samples with no predicted labels. Use `zero_division` parameter to control this behavior.
  _warn_prf(average, modifier, msg_start, len(result))
Acc. (Correct/Total): 59.41%% Prec: 0.7838 F1: 0.7336
Epoch id: 13, Training steps: 100, Avg loss: 0.006, Time: 1:51:29
Epoch id: 13, Training steps: 200, Avg loss: 0.004, Time: 1:52:12
Epoch id: 13, Training steps: 300, Avg loss: 0.004, Time: 1:52:55
Epoch id: 13, Training steps: 400, Avg loss: 0.004, Time: 1:53:38
Epoch id: 13, Training steps: 500, Avg loss: 0.004, Time: 1:54:21
Epoch id: 13, Training steps: 600, Avg loss: 0.004, Time: 1:55:04
Epoch id: 13, Training steps: 700, Avg loss: 0.004, Time: 1:55:47
Epoch id: 13, Training steps: 800, Avg loss: 0.004, Time: 1:56:30
Epoch id: 13, Training steps: 900, Avg loss: 0.004, Time: 1:57:12
Epoch id: 13, Training steps: 1000, Avg loss: 0.005, Time: 1:57:55
Epoch id: 13, Training steps: 1100, Avg loss: 0.004, Time: 1:58:38
Start evaluation on dev dataset.
/home/lyq2021/.conda/envs/lyq2021/lib/python3.10/site-packages/sklearn/metrics/_classification.py:1344: UndefinedMetricWarning: Precision is ill-defined and being set to 0.0 in samples with no predicted labels. Use `zero_division` parameter to control this behavior.
  _warn_prf(average, modifier, msg_start, len(result))
Acc. (Correct/Total): 52.88%% Prec: 0.7406 F1: 0.6872
Start evaluation on test dataset.
/home/lyq2021/.conda/envs/lyq2021/lib/python3.10/site-packages/sklearn/metrics/_classification.py:1344: UndefinedMetricWarning: Precision is ill-defined and being set to 0.0 in samples with no predicted labels. Use `zero_division` parameter to control this behavior.
  _warn_prf(average, modifier, msg_start, len(result))
Acc. (Correct/Total): 59.12%% Prec: 0.7806 F1: 0.7308
Epoch id: 14, Training steps: 100, Avg loss: 0.006, Time: 2:00:49
Epoch id: 14, Training steps: 200, Avg loss: 0.003, Time: 2:01:32
Epoch id: 14, Training steps: 300, Avg loss: 0.004, Time: 2:02:15
Epoch id: 14, Training steps: 400, Avg loss: 0.004, Time: 2:02:58
Epoch id: 14, Training steps: 500, Avg loss: 0.004, Time: 2:03:41
Epoch id: 14, Training steps: 600, Avg loss: 0.003, Time: 2:04:24
Epoch id: 14, Training steps: 700, Avg loss: 0.004, Time: 2:05:07
Epoch id: 14, Training steps: 800, Avg loss: 0.004, Time: 2:05:50
Epoch id: 14, Training steps: 900, Avg loss: 0.003, Time: 2:06:33
Epoch id: 14, Training steps: 1000, Avg loss: 0.003, Time: 2:07:16
Epoch id: 14, Training steps: 1100, Avg loss: 0.004, Time: 2:07:59
Start evaluation on dev dataset.
/home/lyq2021/.conda/envs/lyq2021/lib/python3.10/site-packages/sklearn/metrics/_classification.py:1344: UndefinedMetricWarning: Precision is ill-defined and being set to 0.0 in samples with no predicted labels. Use `zero_division` parameter to control this behavior.
  _warn_prf(average, modifier, msg_start, len(result))
Acc. (Correct/Total): 55.04%% Prec: 0.7624 F1: 0.7130
Start evaluation on test dataset.
/home/lyq2021/.conda/envs/lyq2021/lib/python3.10/site-packages/sklearn/metrics/_classification.py:1344: UndefinedMetricWarning: Precision is ill-defined and being set to 0.0 in samples with no predicted labels. Use `zero_division` parameter to control this behavior.
  _warn_prf(average, modifier, msg_start, len(result))
Acc. (Correct/Total): 60.09%% Prec: 0.7858 F1: 0.7397
Epoch id: 15, Training steps: 100, Avg loss: 0.004, Time: 2:10:10
Epoch id: 15, Training steps: 200, Avg loss: 0.003, Time: 2:10:53
Epoch id: 15, Training steps: 300, Avg loss: 0.003, Time: 2:11:36
Epoch id: 15, Training steps: 400, Avg loss: 0.003, Time: 2:12:19
Epoch id: 15, Training steps: 500, Avg loss: 0.003, Time: 2:13:01
Epoch id: 15, Training steps: 600, Avg loss: 0.003, Time: 2:13:44
Epoch id: 15, Training steps: 700, Avg loss: 0.003, Time: 2:14:27
Epoch id: 15, Training steps: 800, Avg loss: 0.003, Time: 2:15:10
Epoch id: 15, Training steps: 900, Avg loss: 0.003, Time: 2:15:53
Epoch id: 15, Training steps: 1000, Avg loss: 0.003, Time: 2:16:36
Epoch id: 15, Training steps: 1100, Avg loss: 0.003, Time: 2:17:19
Start evaluation on dev dataset.
/home/lyq2021/.conda/envs/lyq2021/lib/python3.10/site-packages/sklearn/metrics/_classification.py:1344: UndefinedMetricWarning: Precision is ill-defined and being set to 0.0 in samples with no predicted labels. Use `zero_division` parameter to control this behavior.
  _warn_prf(average, modifier, msg_start, len(result))
Acc. (Correct/Total): 54.51%% Prec: 0.7439 F1: 0.7008
Epoch id: 16, Training steps: 100, Avg loss: 0.004, Time: 2:18:54
Epoch id: 16, Training steps: 200, Avg loss: 0.002, Time: 2:19:37
Epoch id: 16, Training steps: 300, Avg loss: 0.003, Time: 2:20:20
Epoch id: 16, Training steps: 400, Avg loss: 0.002, Time: 2:21:03
Epoch id: 16, Training steps: 500, Avg loss: 0.003, Time: 2:21:46
Epoch id: 16, Training steps: 600, Avg loss: 0.003, Time: 2:22:29
Epoch id: 16, Training steps: 700, Avg loss: 0.003, Time: 2:23:12
Epoch id: 16, Training steps: 800, Avg loss: 0.003, Time: 2:23:55
Epoch id: 16, Training steps: 900, Avg loss: 0.002, Time: 2:24:38
Epoch id: 16, Training steps: 1000, Avg loss: 0.003, Time: 2:25:21
Epoch id: 16, Training steps: 1100, Avg loss: 0.003, Time: 2:26:04
Start evaluation on dev dataset.
/home/lyq2021/.conda/envs/lyq2021/lib/python3.10/site-packages/sklearn/metrics/_classification.py:1344: UndefinedMetricWarning: Precision is ill-defined and being set to 0.0 in samples with no predicted labels. Use `zero_division` parameter to control this behavior.
  _warn_prf(average, modifier, msg_start, len(result))
Acc. (Correct/Total): 54.41%% Prec: 0.7589 F1: 0.7115
Epoch id: 17, Training steps: 100, Avg loss: 0.004, Time: 2:27:39
Epoch id: 17, Training steps: 200, Avg loss: 0.003, Time: 2:28:22
Epoch id: 17, Training steps: 300, Avg loss: 0.002, Time: 2:29:05
Epoch id: 17, Training steps: 400, Avg loss: 0.002, Time: 2:29:48
Epoch id: 17, Training steps: 500, Avg loss: 0.002, Time: 2:30:31
Epoch id: 17, Training steps: 600, Avg loss: 0.002, Time: 2:31:14
Epoch id: 17, Training steps: 700, Avg loss: 0.003, Time: 2:31:57
Epoch id: 17, Training steps: 800, Avg loss: 0.002, Time: 2:32:40
Epoch id: 17, Training steps: 900, Avg loss: 0.002, Time: 2:33:23
Epoch id: 17, Training steps: 1000, Avg loss: 0.003, Time: 2:34:06
Epoch id: 17, Training steps: 1100, Avg loss: 0.002, Time: 2:34:49
Start evaluation on dev dataset.
/home/lyq2021/.conda/envs/lyq2021/lib/python3.10/site-packages/sklearn/metrics/_classification.py:1344: UndefinedMetricWarning: Precision is ill-defined and being set to 0.0 in samples with no predicted labels. Use `zero_division` parameter to control this behavior.
  _warn_prf(average, modifier, msg_start, len(result))
Acc. (Correct/Total): 54.80%% Prec: 0.7569 F1: 0.7078
Epoch id: 18, Training steps: 100, Avg loss: 0.003, Time: 2:36:24
Epoch id: 18, Training steps: 200, Avg loss: 0.002, Time: 2:37:07
Epoch id: 18, Training steps: 300, Avg loss: 0.002, Time: 2:37:50
Epoch id: 18, Training steps: 400, Avg loss: 0.002, Time: 2:38:33
Epoch id: 18, Training steps: 500, Avg loss: 0.002, Time: 2:39:16
Epoch id: 18, Training steps: 600, Avg loss: 0.002, Time: 2:39:59
Epoch id: 18, Training steps: 700, Avg loss: 0.002, Time: 2:40:42
Epoch id: 18, Training steps: 800, Avg loss: 0.002, Time: 2:41:25
Epoch id: 18, Training steps: 900, Avg loss: 0.002, Time: 2:42:08
Epoch id: 18, Training steps: 1000, Avg loss: 0.002, Time: 2:42:51
Epoch id: 18, Training steps: 1100, Avg loss: 0.002, Time: 2:43:34
Start evaluation on dev dataset.
/home/lyq2021/.conda/envs/lyq2021/lib/python3.10/site-packages/sklearn/metrics/_classification.py:1344: UndefinedMetricWarning: Precision is ill-defined and being set to 0.0 in samples with no predicted labels. Use `zero_division` parameter to control this behavior.
  _warn_prf(average, modifier, msg_start, len(result))
Acc. (Correct/Total): 55.85%% Prec: 0.7674 F1: 0.7228
Start evaluation on test dataset.
/home/lyq2021/.conda/envs/lyq2021/lib/python3.10/site-packages/sklearn/metrics/_classification.py:1344: UndefinedMetricWarning: Precision is ill-defined and being set to 0.0 in samples with no predicted labels. Use `zero_division` parameter to control this behavior.
  _warn_prf(average, modifier, msg_start, len(result))
Acc. (Correct/Total): 61.88%% Prec: 0.8043 F1: 0.7613
Epoch id: 19, Training steps: 100, Avg loss: 0.002, Time: 2:45:45
Epoch id: 19, Training steps: 200, Avg loss: 0.002, Time: 2:46:28
Epoch id: 19, Training steps: 300, Avg loss: 0.002, Time: 2:47:10
Epoch id: 19, Training steps: 400, Avg loss: 0.002, Time: 2:47:53
Epoch id: 19, Training steps: 500, Avg loss: 0.001, Time: 2:48:36
Epoch id: 19, Training steps: 600, Avg loss: 0.002, Time: 2:49:19
Epoch id: 19, Training steps: 700, Avg loss: 0.002, Time: 2:50:02
Epoch id: 19, Training steps: 800, Avg loss: 0.002, Time: 2:50:45
Epoch id: 19, Training steps: 900, Avg loss: 0.003, Time: 2:51:28
Epoch id: 19, Training steps: 1000, Avg loss: 0.002, Time: 2:52:11
Epoch id: 19, Training steps: 1100, Avg loss: 0.002, Time: 2:52:54
Start evaluation on dev dataset.
/home/lyq2021/.conda/envs/lyq2021/lib/python3.10/site-packages/sklearn/metrics/_classification.py:1344: UndefinedMetricWarning: Precision is ill-defined and being set to 0.0 in samples with no predicted labels. Use `zero_division` parameter to control this behavior.
  _warn_prf(average, modifier, msg_start, len(result))
Acc. (Correct/Total): 55.95%% Prec: 0.7664 F1: 0.7229
Start evaluation on test dataset.
/home/lyq2021/.conda/envs/lyq2021/lib/python3.10/site-packages/sklearn/metrics/_classification.py:1344: UndefinedMetricWarning: Precision is ill-defined and being set to 0.0 in samples with no predicted labels. Use `zero_division` parameter to control this behavior.
  _warn_prf(average, modifier, msg_start, len(result))
Acc. (Correct/Total): 61.88%% Prec: 0.7992 F1: 0.7595
Epoch id: 20, Training steps: 100, Avg loss: 0.002, Time: 2:55:06
Epoch id: 20, Training steps: 200, Avg loss: 0.002, Time: 2:55:49
Epoch id: 20, Training steps: 300, Avg loss: 0.003, Time: 2:56:32
Epoch id: 20, Training steps: 400, Avg loss: 0.002, Time: 2:57:15
Epoch id: 20, Training steps: 500, Avg loss: 0.002, Time: 2:57:57
Epoch id: 20, Training steps: 600, Avg loss: 0.005, Time: 2:58:40
Epoch id: 20, Training steps: 700, Avg loss: 0.003, Time: 2:59:23
Epoch id: 20, Training steps: 800, Avg loss: 0.003, Time: 3:00:06
Epoch id: 20, Training steps: 900, Avg loss: 0.003, Time: 3:00:49
Epoch id: 20, Training steps: 1000, Avg loss: 0.003, Time: 3:01:32
Epoch id: 20, Training steps: 1100, Avg loss: 0.003, Time: 3:02:15
Start evaluation on dev dataset.
/home/lyq2021/.conda/envs/lyq2021/lib/python3.10/site-packages/sklearn/metrics/_classification.py:1344: UndefinedMetricWarning: Precision is ill-defined and being set to 0.0 in samples with no predicted labels. Use `zero_division` parameter to control this behavior.
  _warn_prf(average, modifier, msg_start, len(result))
Acc. (Correct/Total): 55.37%% Prec: 0.7607 F1: 0.7250
Epoch id: 21, Training steps: 100, Avg loss: 0.002, Time: 3:03:50
Epoch id: 21, Training steps: 200, Avg loss: 0.002, Time: 3:04:33
Epoch id: 21, Training steps: 300, Avg loss: 0.001, Time: 3:05:16
Epoch id: 21, Training steps: 400, Avg loss: 0.001, Time: 3:05:59
Epoch id: 21, Training steps: 500, Avg loss: 0.002, Time: 3:06:42
Epoch id: 21, Training steps: 600, Avg loss: 0.001, Time: 3:07:25
Epoch id: 21, Training steps: 700, Avg loss: 0.001, Time: 3:08:08
Epoch id: 21, Training steps: 800, Avg loss: 0.002, Time: 3:08:51
Epoch id: 21, Training steps: 900, Avg loss: 0.002, Time: 3:09:34
Epoch id: 21, Training steps: 1000, Avg loss: 0.002, Time: 3:10:17
Epoch id: 21, Training steps: 1100, Avg loss: 0.002, Time: 3:11:00
Start evaluation on dev dataset.
/home/lyq2021/.conda/envs/lyq2021/lib/python3.10/site-packages/sklearn/metrics/_classification.py:1344: UndefinedMetricWarning: Precision is ill-defined and being set to 0.0 in samples with no predicted labels. Use `zero_division` parameter to control this behavior.
  _warn_prf(average, modifier, msg_start, len(result))
Acc. (Correct/Total): 54.85%% Prec: 0.7607 F1: 0.7189
Epoch id: 22, Training steps: 100, Avg loss: 0.003, Time: 3:12:35
Epoch id: 22, Training steps: 200, Avg loss: 0.002, Time: 3:13:18
Epoch id: 22, Training steps: 300, Avg loss: 0.002, Time: 3:14:01
Epoch id: 22, Training steps: 400, Avg loss: 0.001, Time: 3:14:44
Epoch id: 22, Training steps: 500, Avg loss: 0.001, Time: 3:15:27
Epoch id: 22, Training steps: 600, Avg loss: 0.001, Time: 3:16:10
Epoch id: 22, Training steps: 700, Avg loss: 0.001, Time: 3:16:53
Epoch id: 22, Training steps: 800, Avg loss: 0.001, Time: 3:17:35
Epoch id: 22, Training steps: 900, Avg loss: 0.002, Time: 3:18:18
Epoch id: 22, Training steps: 1000, Avg loss: 0.001, Time: 3:19:01
Epoch id: 22, Training steps: 1100, Avg loss: 0.002, Time: 3:19:44
Start evaluation on dev dataset.
/home/lyq2021/.conda/envs/lyq2021/lib/python3.10/site-packages/sklearn/metrics/_classification.py:1344: UndefinedMetricWarning: Precision is ill-defined and being set to 0.0 in samples with no predicted labels. Use `zero_division` parameter to control this behavior.
  _warn_prf(average, modifier, msg_start, len(result))
Acc. (Correct/Total): 54.03%% Prec: 0.7480 F1: 0.7045
Epoch id: 23, Training steps: 100, Avg loss: 0.001, Time: 3:21:19
Epoch id: 23, Training steps: 200, Avg loss: 0.001, Time: 3:22:02
Epoch id: 23, Training steps: 300, Avg loss: 0.001, Time: 3:22:45
Epoch id: 23, Training steps: 400, Avg loss: 0.001, Time: 3:23:28
Epoch id: 23, Training steps: 500, Avg loss: 0.001, Time: 3:24:11
Epoch id: 23, Training steps: 600, Avg loss: 0.001, Time: 3:24:54
Epoch id: 23, Training steps: 700, Avg loss: 0.001, Time: 3:25:37
Epoch id: 23, Training steps: 800, Avg loss: 0.001, Time: 3:26:20
Epoch id: 23, Training steps: 900, Avg loss: 0.001, Time: 3:27:03
Epoch id: 23, Training steps: 1000, Avg loss: 0.001, Time: 3:27:46
Epoch id: 23, Training steps: 1100, Avg loss: 0.001, Time: 3:28:29
Start evaluation on dev dataset.
/home/lyq2021/.conda/envs/lyq2021/lib/python3.10/site-packages/sklearn/metrics/_classification.py:1344: UndefinedMetricWarning: Precision is ill-defined and being set to 0.0 in samples with no predicted labels. Use `zero_division` parameter to control this behavior.
  _warn_prf(average, modifier, msg_start, len(result))
Acc. (Correct/Total): 56.09%% Prec: 0.7661 F1: 0.7344
Start evaluation on test dataset.
/home/lyq2021/.conda/envs/lyq2021/lib/python3.10/site-packages/sklearn/metrics/_classification.py:1344: UndefinedMetricWarning: Precision is ill-defined and being set to 0.0 in samples with no predicted labels. Use `zero_division` parameter to control this behavior.
  _warn_prf(average, modifier, msg_start, len(result))
Acc. (Correct/Total): 62.17%% Prec: 0.8098 F1: 0.7722
Epoch id: 24, Training steps: 100, Avg loss: 0.002, Time: 3:30:40
Epoch id: 24, Training steps: 200, Avg loss: 0.001, Time: 3:31:23
Epoch id: 24, Training steps: 300, Avg loss: 0.001, Time: 3:32:06
Epoch id: 24, Training steps: 400, Avg loss: 0.001, Time: 3:32:49
Epoch id: 24, Training steps: 500, Avg loss: 0.001, Time: 3:33:32
Epoch id: 24, Training steps: 600, Avg loss: 0.001, Time: 3:34:15
Epoch id: 24, Training steps: 700, Avg loss: 0.002, Time: 3:34:58
Epoch id: 24, Training steps: 800, Avg loss: 0.001, Time: 3:35:41
Epoch id: 24, Training steps: 900, Avg loss: 0.001, Time: 3:36:24
Epoch id: 24, Training steps: 1000, Avg loss: 0.002, Time: 3:37:07
Epoch id: 24, Training steps: 1100, Avg loss: 0.002, Time: 3:37:50
Start evaluation on dev dataset.
/home/lyq2021/.conda/envs/lyq2021/lib/python3.10/site-packages/sklearn/metrics/_classification.py:1344: UndefinedMetricWarning: Precision is ill-defined and being set to 0.0 in samples with no predicted labels. Use `zero_division` parameter to control this behavior.
  _warn_prf(average, modifier, msg_start, len(result))
Acc. (Correct/Total): 55.85%% Prec: 0.7658 F1: 0.7260
Epoch id: 25, Training steps: 100, Avg loss: 0.002, Time: 3:39:25
Epoch id: 25, Training steps: 200, Avg loss: 0.001, Time: 3:40:08
Epoch id: 25, Training steps: 300, Avg loss: 0.001, Time: 3:40:51
Epoch id: 25, Training steps: 400, Avg loss: 0.001, Time: 3:41:33
Epoch id: 25, Training steps: 500, Avg loss: 0.001, Time: 3:42:15
Epoch id: 25, Training steps: 600, Avg loss: 0.001, Time: 3:42:57
Epoch id: 25, Training steps: 700, Avg loss: 0.002, Time: 3:43:38
Epoch id: 25, Training steps: 800, Avg loss: 0.001, Time: 3:44:20
Epoch id: 25, Training steps: 900, Avg loss: 0.001, Time: 3:45:02
Epoch id: 25, Training steps: 1000, Avg loss: 0.001, Time: 3:45:45
Epoch id: 25, Training steps: 1100, Avg loss: 0.001, Time: 3:46:28
Start evaluation on dev dataset.
/home/lyq2021/.conda/envs/lyq2021/lib/python3.10/site-packages/sklearn/metrics/_classification.py:1344: UndefinedMetricWarning: Precision is ill-defined and being set to 0.0 in samples with no predicted labels. Use `zero_division` parameter to control this behavior.
  _warn_prf(average, modifier, msg_start, len(result))
Acc. (Correct/Total): 56.57%% Prec: 0.7564 F1: 0.7203
Start evaluation on test dataset.
/home/lyq2021/.conda/envs/lyq2021/lib/python3.10/site-packages/sklearn/metrics/_classification.py:1344: UndefinedMetricWarning: Precision is ill-defined and being set to 0.0 in samples with no predicted labels. Use `zero_division` parameter to control this behavior.
  _warn_prf(average, modifier, msg_start, len(result))
Acc. (Correct/Total): 61.15%% Prec: 0.7912 F1: 0.7506
Epoch id: 26, Training steps: 100, Avg loss: 0.001, Time: 3:48:39
Epoch id: 26, Training steps: 200, Avg loss: 0.001, Time: 3:49:22
Epoch id: 26, Training steps: 300, Avg loss: 0.001, Time: 3:50:05
Epoch id: 26, Training steps: 400, Avg loss: 0.001, Time: 3:50:48
Epoch id: 26, Training steps: 500, Avg loss: 0.001, Time: 3:51:31
Epoch id: 26, Training steps: 600, Avg loss: 0.001, Time: 3:52:14
Epoch id: 26, Training steps: 700, Avg loss: 0.001, Time: 3:52:56
Epoch id: 26, Training steps: 800, Avg loss: 0.001, Time: 3:53:38
Epoch id: 26, Training steps: 900, Avg loss: 0.001, Time: 3:54:20
Epoch id: 26, Training steps: 1000, Avg loss: 0.001, Time: 3:55:03
Epoch id: 26, Training steps: 1100, Avg loss: 0.001, Time: 3:55:46
Start evaluation on dev dataset.
/home/lyq2021/.conda/envs/lyq2021/lib/python3.10/site-packages/sklearn/metrics/_classification.py:1344: UndefinedMetricWarning: Precision is ill-defined and being set to 0.0 in samples with no predicted labels. Use `zero_division` parameter to control this behavior.
  _warn_prf(average, modifier, msg_start, len(result))
Acc. (Correct/Total): 56.53%% Prec: 0.7596 F1: 0.7211
Epoch id: 27, Training steps: 100, Avg loss: 0.001, Time: 3:57:21
Epoch id: 27, Training steps: 200, Avg loss: 0.001, Time: 3:58:04
Epoch id: 27, Training steps: 300, Avg loss: 0.001, Time: 3:58:47
Epoch id: 27, Training steps: 400, Avg loss: 0.001, Time: 3:59:30
Epoch id: 27, Training steps: 500, Avg loss: 0.001, Time: 4:00:13
Epoch id: 27, Training steps: 600, Avg loss: 0.001, Time: 4:00:56
Epoch id: 27, Training steps: 700, Avg loss: 0.001, Time: 4:01:39
Epoch id: 27, Training steps: 800, Avg loss: 0.001, Time: 4:02:22
Epoch id: 27, Training steps: 900, Avg loss: 0.001, Time: 4:03:05
Epoch id: 27, Training steps: 1000, Avg loss: 0.001, Time: 4:03:48
Epoch id: 27, Training steps: 1100, Avg loss: 0.001, Time: 4:04:31
Start evaluation on dev dataset.
/home/lyq2021/.conda/envs/lyq2021/lib/python3.10/site-packages/sklearn/metrics/_classification.py:1344: UndefinedMetricWarning: Precision is ill-defined and being set to 0.0 in samples with no predicted labels. Use `zero_division` parameter to control this behavior.
  _warn_prf(average, modifier, msg_start, len(result))
Acc. (Correct/Total): 57.53%% Prec: 0.7638 F1: 0.7299
Start evaluation on test dataset.
/home/lyq2021/.conda/envs/lyq2021/lib/python3.10/site-packages/sklearn/metrics/_classification.py:1344: UndefinedMetricWarning: Precision is ill-defined and being set to 0.0 in samples with no predicted labels. Use `zero_division` parameter to control this behavior.
  _warn_prf(average, modifier, msg_start, len(result))
Acc. (Correct/Total): 61.39%% Prec: 0.8011 F1: 0.7620
Epoch id: 28, Training steps: 100, Avg loss: 0.001, Time: 4:06:42
Epoch id: 28, Training steps: 200, Avg loss: 0.001, Time: 4:07:25
Epoch id: 28, Training steps: 300, Avg loss: 0.001, Time: 4:08:08
Epoch id: 28, Training steps: 400, Avg loss: 0.001, Time: 4:08:51
Epoch id: 28, Training steps: 500, Avg loss: 0.001, Time: 4:09:34
Epoch id: 28, Training steps: 600, Avg loss: 0.001, Time: 4:10:17
Epoch id: 28, Training steps: 700, Avg loss: 0.001, Time: 4:11:00
Epoch id: 28, Training steps: 800, Avg loss: 0.001, Time: 4:11:43
Epoch id: 28, Training steps: 900, Avg loss: 0.001, Time: 4:12:26
Epoch id: 28, Training steps: 1000, Avg loss: 0.001, Time: 4:13:09
Epoch id: 28, Training steps: 1100, Avg loss: 0.001, Time: 4:13:52
Start evaluation on dev dataset.
/home/lyq2021/.conda/envs/lyq2021/lib/python3.10/site-packages/sklearn/metrics/_classification.py:1344: UndefinedMetricWarning: Precision is ill-defined and being set to 0.0 in samples with no predicted labels. Use `zero_division` parameter to control this behavior.
  _warn_prf(average, modifier, msg_start, len(result))
Acc. (Correct/Total): 57.63%% Prec: 0.7733 F1: 0.7391
Start evaluation on test dataset.
/home/lyq2021/.conda/envs/lyq2021/lib/python3.10/site-packages/sklearn/metrics/_classification.py:1344: UndefinedMetricWarning: Precision is ill-defined and being set to 0.0 in samples with no predicted labels. Use `zero_division` parameter to control this behavior.
  _warn_prf(average, modifier, msg_start, len(result))
Acc. (Correct/Total): 61.44%% Prec: 0.8012 F1: 0.7615
Epoch id: 29, Training steps: 100, Avg loss: 0.001, Time: 4:16:03
Epoch id: 29, Training steps: 200, Avg loss: 0.001, Time: 4:16:46
Epoch id: 29, Training steps: 300, Avg loss: 0.001, Time: 4:17:29
Epoch id: 29, Training steps: 400, Avg loss: 0.001, Time: 4:18:12
Epoch id: 29, Training steps: 500, Avg loss: 0.001, Time: 4:18:55
Epoch id: 29, Training steps: 600, Avg loss: 0.001, Time: 4:19:37
Epoch id: 29, Training steps: 700, Avg loss: 0.001, Time: 4:20:19
Epoch id: 29, Training steps: 800, Avg loss: 0.001, Time: 4:21:01
Epoch id: 29, Training steps: 900, Avg loss: 0.001, Time: 4:21:43
Epoch id: 29, Training steps: 1000, Avg loss: 0.001, Time: 4:22:26
Epoch id: 29, Training steps: 1100, Avg loss: 0.001, Time: 4:23:09
Start evaluation on dev dataset.
/home/lyq2021/.conda/envs/lyq2021/lib/python3.10/site-packages/sklearn/metrics/_classification.py:1344: UndefinedMetricWarning: Precision is ill-defined and being set to 0.0 in samples with no predicted labels. Use `zero_division` parameter to control this behavior.
  _warn_prf(average, modifier, msg_start, len(result))
Acc. (Correct/Total): 56.33%% Prec: 0.7638 F1: 0.7205
Epoch id: 30, Training steps: 100, Avg loss: 0.001, Time: 4:24:44
Epoch id: 30, Training steps: 200, Avg loss: 0.001, Time: 4:25:27
Epoch id: 30, Training steps: 300, Avg loss: 0.001, Time: 4:26:10
Epoch id: 30, Training steps: 400, Avg loss: 0.001, Time: 4:26:53
Epoch id: 30, Training steps: 500, Avg loss: 0.001, Time: 4:27:36
Epoch id: 30, Training steps: 600, Avg loss: 0.001, Time: 4:28:19
Epoch id: 30, Training steps: 700, Avg loss: 0.001, Time: 4:29:02
Epoch id: 30, Training steps: 800, Avg loss: 0.001, Time: 4:29:45
Epoch id: 30, Training steps: 900, Avg loss: 0.001, Time: 4:30:28
Epoch id: 30, Training steps: 1000, Avg loss: 0.001, Time: 4:31:11
Epoch id: 30, Training steps: 1100, Avg loss: 0.001, Time: 4:31:54
Start evaluation on dev dataset.
/home/lyq2021/.conda/envs/lyq2021/lib/python3.10/site-packages/sklearn/metrics/_classification.py:1344: UndefinedMetricWarning: Precision is ill-defined and being set to 0.0 in samples with no predicted labels. Use `zero_division` parameter to control this behavior.
  _warn_prf(average, modifier, msg_start, len(result))
Acc. (Correct/Total): 57.25%% Prec: 0.7676 F1: 0.7295
Epoch id: 31, Training steps: 100, Avg loss: 0.001, Time: 4:33:29
Epoch id: 31, Training steps: 200, Avg loss: 0.001, Time: 4:34:12
Epoch id: 31, Training steps: 300, Avg loss: 0.000, Time: 4:34:55
Epoch id: 31, Training steps: 400, Avg loss: 0.000, Time: 4:35:38
Epoch id: 31, Training steps: 500, Avg loss: 0.000, Time: 4:36:21
Epoch id: 31, Training steps: 600, Avg loss: 0.001, Time: 4:37:03
Epoch id: 31, Training steps: 700, Avg loss: 0.000, Time: 4:37:46
Epoch id: 31, Training steps: 800, Avg loss: 0.000, Time: 4:38:29
Epoch id: 31, Training steps: 900, Avg loss: 0.001, Time: 4:39:12
Epoch id: 31, Training steps: 1000, Avg loss: 0.001, Time: 4:39:55
Epoch id: 31, Training steps: 1100, Avg loss: 0.001, Time: 4:40:38
Start evaluation on dev dataset.
/home/lyq2021/.conda/envs/lyq2021/lib/python3.10/site-packages/sklearn/metrics/_classification.py:1344: UndefinedMetricWarning: Precision is ill-defined and being set to 0.0 in samples with no predicted labels. Use `zero_division` parameter to control this behavior.
  _warn_prf(average, modifier, msg_start, len(result))
Acc. (Correct/Total): 56.05%% Prec: 0.7542 F1: 0.7130
Epoch id: 32, Training steps: 100, Avg loss: 0.001, Time: 4:42:13
Epoch id: 32, Training steps: 200, Avg loss: 0.001, Time: 4:42:56
Epoch id: 32, Training steps: 300, Avg loss: 0.001, Time: 4:43:39
Epoch id: 32, Training steps: 400, Avg loss: 0.001, Time: 4:44:22
Epoch id: 32, Training steps: 500, Avg loss: 0.001, Time: 4:45:05
Epoch id: 32, Training steps: 600, Avg loss: 0.001, Time: 4:45:48
Epoch id: 32, Training steps: 700, Avg loss: 0.001, Time: 4:46:31
Epoch id: 32, Training steps: 800, Avg loss: 0.001, Time: 4:47:14
Epoch id: 32, Training steps: 900, Avg loss: 0.001, Time: 4:47:57
Epoch id: 32, Training steps: 1000, Avg loss: 0.001, Time: 4:48:39
Epoch id: 32, Training steps: 1100, Avg loss: 0.001, Time: 4:49:22
Start evaluation on dev dataset.
/home/lyq2021/.conda/envs/lyq2021/lib/python3.10/site-packages/sklearn/metrics/_classification.py:1344: UndefinedMetricWarning: Precision is ill-defined and being set to 0.0 in samples with no predicted labels. Use `zero_division` parameter to control this behavior.
  _warn_prf(average, modifier, msg_start, len(result))
Acc. (Correct/Total): 57.44%% Prec: 0.7659 F1: 0.7319
Epoch id: 33, Training steps: 100, Avg loss: 0.001, Time: 4:50:57
Epoch id: 33, Training steps: 200, Avg loss: 0.001, Time: 4:51:40
Epoch id: 33, Training steps: 300, Avg loss: 0.001, Time: 4:52:23
Epoch id: 33, Training steps: 400, Avg loss: 0.001, Time: 4:53:06
Epoch id: 33, Training steps: 500, Avg loss: 0.001, Time: 4:53:49
Epoch id: 33, Training steps: 600, Avg loss: 0.001, Time: 4:54:32
Epoch id: 33, Training steps: 700, Avg loss: 0.000, Time: 4:55:15
Epoch id: 33, Training steps: 800, Avg loss: 0.001, Time: 4:55:58
Epoch id: 33, Training steps: 900, Avg loss: 0.001, Time: 4:56:41
Epoch id: 33, Training steps: 1000, Avg loss: 0.001, Time: 4:57:24
Epoch id: 33, Training steps: 1100, Avg loss: 0.001, Time: 4:58:07
Start evaluation on dev dataset.
/home/lyq2021/.conda/envs/lyq2021/lib/python3.10/site-packages/sklearn/metrics/_classification.py:1344: UndefinedMetricWarning: Precision is ill-defined and being set to 0.0 in samples with no predicted labels. Use `zero_division` parameter to control this behavior.
  _warn_prf(average, modifier, msg_start, len(result))
Acc. (Correct/Total): 56.38%% Prec: 0.7722 F1: 0.7340
Epoch id: 34, Training steps: 100, Avg loss: 0.001, Time: 4:59:42
Epoch id: 34, Training steps: 200, Avg loss: 0.001, Time: 5:00:25
Epoch id: 34, Training steps: 300, Avg loss: 0.001, Time: 5:01:07
Epoch id: 34, Training steps: 400, Avg loss: 0.001, Time: 5:01:50
Epoch id: 34, Training steps: 500, Avg loss: 0.001, Time: 5:02:33
Epoch id: 34, Training steps: 600, Avg loss: 0.001, Time: 5:03:16
Epoch id: 34, Training steps: 700, Avg loss: 0.000, Time: 5:03:59
Epoch id: 34, Training steps: 800, Avg loss: 0.001, Time: 5:04:42
Epoch id: 34, Training steps: 900, Avg loss: 0.001, Time: 5:05:25
Epoch id: 34, Training steps: 1000, Avg loss: 0.001, Time: 5:06:08
Epoch id: 34, Training steps: 1100, Avg loss: 0.001, Time: 5:06:51
Start evaluation on dev dataset.
/home/lyq2021/.conda/envs/lyq2021/lib/python3.10/site-packages/sklearn/metrics/_classification.py:1344: UndefinedMetricWarning: Precision is ill-defined and being set to 0.0 in samples with no predicted labels. Use `zero_division` parameter to control this behavior.
  _warn_prf(average, modifier, msg_start, len(result))
Acc. (Correct/Total): 56.00%% Prec: 0.7634 F1: 0.7234
Epoch id: 35, Training steps: 100, Avg loss: 0.001, Time: 5:08:26
Epoch id: 35, Training steps: 200, Avg loss: 0.000, Time: 5:09:09
Epoch id: 35, Training steps: 300, Avg loss: 0.000, Time: 5:09:52
Epoch id: 35, Training steps: 400, Avg loss: 0.001, Time: 5:10:35
Epoch id: 35, Training steps: 500, Avg loss: 0.001, Time: 5:11:18
Epoch id: 35, Training steps: 600, Avg loss: 0.001, Time: 5:12:01
Epoch id: 35, Training steps: 700, Avg loss: 0.001, Time: 5:12:44
Epoch id: 35, Training steps: 800, Avg loss: 0.000, Time: 5:13:27
Epoch id: 35, Training steps: 900, Avg loss: 0.001, Time: 5:14:09
Epoch id: 35, Training steps: 1000, Avg loss: 0.001, Time: 5:14:52
Epoch id: 35, Training steps: 1100, Avg loss: 0.001, Time: 5:15:35
Start evaluation on dev dataset.
/home/lyq2021/.conda/envs/lyq2021/lib/python3.10/site-packages/sklearn/metrics/_classification.py:1344: UndefinedMetricWarning: Precision is ill-defined and being set to 0.0 in samples with no predicted labels. Use `zero_division` parameter to control this behavior.
  _warn_prf(average, modifier, msg_start, len(result))
Acc. (Correct/Total): 54.51%% Prec: 0.7351 F1: 0.6942
Epoch id: 36, Training steps: 100, Avg loss: 0.001, Time: 5:17:10
Epoch id: 36, Training steps: 200, Avg loss: 0.001, Time: 5:17:53
Epoch id: 36, Training steps: 300, Avg loss: 0.001, Time: 5:18:36
Epoch id: 36, Training steps: 400, Avg loss: 0.000, Time: 5:19:19
Epoch id: 36, Training steps: 500, Avg loss: 0.000, Time: 5:20:02
Epoch id: 36, Training steps: 600, Avg loss: 0.000, Time: 5:20:45
Epoch id: 36, Training steps: 700, Avg loss: 0.000, Time: 5:21:28
Epoch id: 36, Training steps: 800, Avg loss: 0.000, Time: 5:22:11
Epoch id: 36, Training steps: 900, Avg loss: 0.001, Time: 5:22:54
Epoch id: 36, Training steps: 1000, Avg loss: 0.001, Time: 5:23:37
Epoch id: 36, Training steps: 1100, Avg loss: 0.001, Time: 5:24:20
Start evaluation on dev dataset.
/home/lyq2021/.conda/envs/lyq2021/lib/python3.10/site-packages/sklearn/metrics/_classification.py:1344: UndefinedMetricWarning: Precision is ill-defined and being set to 0.0 in samples with no predicted labels. Use `zero_division` parameter to control this behavior.
  _warn_prf(average, modifier, msg_start, len(result))
Acc. (Correct/Total): 55.42%% Prec: 0.7546 F1: 0.7248
Epoch id: 37, Training steps: 100, Avg loss: 0.001, Time: 5:25:55
Epoch id: 37, Training steps: 200, Avg loss: 0.001, Time: 5:26:38
Epoch id: 37, Training steps: 300, Avg loss: 0.001, Time: 5:27:21
Epoch id: 37, Training steps: 400, Avg loss: 0.001, Time: 5:28:03
Epoch id: 37, Training steps: 500, Avg loss: 0.001, Time: 5:28:46
Epoch id: 37, Training steps: 600, Avg loss: 0.001, Time: 5:29:29
Epoch id: 37, Training steps: 700, Avg loss: 0.001, Time: 5:30:12
Epoch id: 37, Training steps: 800, Avg loss: 0.001, Time: 5:30:55
Epoch id: 37, Training steps: 900, Avg loss: 0.001, Time: 5:31:38
Epoch id: 37, Training steps: 1000, Avg loss: 0.001, Time: 5:32:21
Epoch id: 37, Training steps: 1100, Avg loss: 0.001, Time: 5:33:03
Start evaluation on dev dataset.
/home/lyq2021/.conda/envs/lyq2021/lib/python3.10/site-packages/sklearn/metrics/_classification.py:1344: UndefinedMetricWarning: Precision is ill-defined and being set to 0.0 in samples with no predicted labels. Use `zero_division` parameter to control this behavior.
  _warn_prf(average, modifier, msg_start, len(result))
Acc. (Correct/Total): 57.39%% Prec: 0.7741 F1: 0.7373
Epoch id: 38, Training steps: 100, Avg loss: 0.001, Time: 5:34:37
Epoch id: 38, Training steps: 200, Avg loss: 0.000, Time: 5:35:20
Epoch id: 38, Training steps: 300, Avg loss: 0.000, Time: 5:36:03
Epoch id: 38, Training steps: 400, Avg loss: 0.000, Time: 5:36:46
Epoch id: 38, Training steps: 500, Avg loss: 0.000, Time: 5:37:29
Epoch id: 38, Training steps: 600, Avg loss: 0.000, Time: 5:38:12
Epoch id: 38, Training steps: 700, Avg loss: 0.000, Time: 5:38:55
Epoch id: 38, Training steps: 800, Avg loss: 0.000, Time: 5:39:38
Epoch id: 38, Training steps: 900, Avg loss: 0.001, Time: 5:40:21
Epoch id: 38, Training steps: 1000, Avg loss: 0.001, Time: 5:41:04
Epoch id: 38, Training steps: 1100, Avg loss: 0.000, Time: 5:41:47
Start evaluation on dev dataset.
/home/lyq2021/.conda/envs/lyq2021/lib/python3.10/site-packages/sklearn/metrics/_classification.py:1344: UndefinedMetricWarning: Precision is ill-defined and being set to 0.0 in samples with no predicted labels. Use `zero_division` parameter to control this behavior.
  _warn_prf(average, modifier, msg_start, len(result))
Acc. (Correct/Total): 57.39%% Prec: 0.7754 F1: 0.7392
Epoch id: 39, Training steps: 100, Avg loss: 0.001, Time: 5:43:21
Epoch id: 39, Training steps: 200, Avg loss: 0.000, Time: 5:44:04
Epoch id: 39, Training steps: 300, Avg loss: 0.000, Time: 5:44:46
Epoch id: 39, Training steps: 400, Avg loss: 0.000, Time: 5:45:28
Epoch id: 39, Training steps: 500, Avg loss: 0.000, Time: 5:46:11
Epoch id: 39, Training steps: 600, Avg loss: 0.000, Time: 5:46:54
Epoch id: 39, Training steps: 700, Avg loss: 0.000, Time: 5:47:37
Epoch id: 39, Training steps: 800, Avg loss: 0.000, Time: 5:48:20
Epoch id: 39, Training steps: 900, Avg loss: 0.000, Time: 5:49:03
Epoch id: 39, Training steps: 1000, Avg loss: 0.000, Time: 5:49:46
Epoch id: 39, Training steps: 1100, Avg loss: 0.000, Time: 5:50:29
Start evaluation on dev dataset.
/home/lyq2021/.conda/envs/lyq2021/lib/python3.10/site-packages/sklearn/metrics/_classification.py:1344: UndefinedMetricWarning: Precision is ill-defined and being set to 0.0 in samples with no predicted labels. Use `zero_division` parameter to control this behavior.
  _warn_prf(average, modifier, msg_start, len(result))
Acc. (Correct/Total): 57.05%% Prec: 0.7645 F1: 0.7286
Epoch id: 40, Training steps: 100, Avg loss: 0.000, Time: 5:52:03
Epoch id: 40, Training steps: 200, Avg loss: 0.001, Time: 5:52:46
Epoch id: 40, Training steps: 300, Avg loss: 0.000, Time: 5:53:29
Epoch id: 40, Training steps: 400, Avg loss: 0.000, Time: 5:54:12
Epoch id: 40, Training steps: 500, Avg loss: 0.000, Time: 5:54:55
Epoch id: 40, Training steps: 600, Avg loss: 0.000, Time: 5:55:38
Epoch id: 40, Training steps: 700, Avg loss: 0.001, Time: 5:56:21
Epoch id: 40, Training steps: 800, Avg loss: 0.001, Time: 5:57:04
Epoch id: 40, Training steps: 900, Avg loss: 0.002, Time: 5:57:47
Epoch id: 40, Training steps: 1000, Avg loss: 0.002, Time: 5:58:30
Epoch id: 40, Training steps: 1100, Avg loss: 0.001, Time: 5:59:13
Start evaluation on dev dataset.
/home/lyq2021/.conda/envs/lyq2021/lib/python3.10/site-packages/sklearn/metrics/_classification.py:1344: UndefinedMetricWarning: Precision is ill-defined and being set to 0.0 in samples with no predicted labels. Use `zero_division` parameter to control this behavior.
  _warn_prf(average, modifier, msg_start, len(result))
Acc. (Correct/Total): 54.27%% Prec: 0.7472 F1: 0.7104
Final evaluation on the test dataset.
The number of evaluation instances:  2067
/home/lyq2021/.conda/envs/lyq2021/lib/python3.10/site-packages/sklearn/metrics/_classification.py:1344: UndefinedMetricWarning: Precision is ill-defined and being set to 0.0 in samples with no predicted labels. Use `zero_division` parameter to control this behavior.
  _warn_prf(average, modifier, msg_start, len(result))
/home/lyq2021/.conda/envs/lyq2021/lib/python3.10/site-packages/sklearn/metrics/_classification.py:1344: UndefinedMetricWarning: Precision and F-score are ill-defined and being set to 0.0 in labels with no predicted samples. Use `zero_division` parameter to control this behavior.
  _warn_prf(average, modifier, msg_start, len(result))
/home/lyq2021/.conda/envs/lyq2021/lib/python3.10/site-packages/sklearn/metrics/_classification.py:1344: UndefinedMetricWarning: Precision and F-score are ill-defined and being set to 0.0 in samples with no predicted labels. Use `zero_division` parameter to control this behavior.
  _warn_prf(average, modifier, msg_start, len(result))
Acc. (Correct/Total): 61.44% Prec: 0.8012 F1: 0.7615
Precision, Recall and F1-Score...
              precision    recall  f1-score   support

         教育学     0.8433    0.9378    0.8880       241
          法学     0.8889    0.8214    0.8538       224
      中国语言文学     0.8650    0.7622    0.8103       185
         政治学     0.7500    0.6810    0.7138       163
         社会学     0.8905    0.7771    0.8299       157
         心理学     0.8333    0.6098    0.7042       123
       应用经济学     0.7683    0.5385    0.6332       117
         历史学     0.8971    0.5596    0.6893       109
     环境科学与工程     0.9118    0.8611    0.8857       108
          哲学     0.8929    0.5155    0.6536        97
      外国语言文学     0.7887    0.6588    0.7179        85
         生物学     0.9016    0.6962    0.7857        79
      交通运输工程     0.9146    0.9615    0.9375        78
        临床医学     0.8788    0.7632    0.8169        76
    计算机科学与技术     0.7625    0.8592    0.8079        71
        土木工程     0.8873    0.9545    0.9197        66
   航空宇航科学与技术     0.9355    0.9508    0.9431        61
         民族学     0.7714    0.4909    0.6000        55
   公共卫生与预防医学     0.6667    0.7059    0.6857        51
         美术学     0.8868    0.9400    0.9126        50
         艺术学     0.8108    0.6977    0.7500        43
         地理学     0.8571    0.7143    0.7792        42
         体育学     1.0000    0.6000    0.7500        40
       理论经济学     0.8333    0.7895    0.8108        38
         中医学     0.8611    0.8378    0.8493        37
         物理学     0.8421    0.8889    0.8649        36
          林学     0.7692    0.6061    0.6780        33
          数学     0.7895    0.4688    0.5882        32
     电子科学与技术     0.7500    0.3871    0.5106        31
        基础医学     0.5200    0.4483    0.4815        29
        工商管理     0.8889    0.5926    0.7111        27
       新闻传播学     0.7391    0.7727    0.7556        22
         天文学     0.9000    0.8182    0.8571        22
         地质学     0.7200    0.8571    0.7826        21
         畜牧学     0.8571    0.8571    0.8571        21
   军事思想及军事历史     0.7895    0.7500    0.7692        20
     管理科学与工程     0.6522    0.8333    0.7317        18
     测绘科学与技术     0.7500    0.7059    0.7273        17
        水利工程     0.9167    0.6875    0.7857        16
        大气科学     0.8462    0.6875    0.7586        16
     兵器科学与技术     0.7647    0.8667    0.8125        15
       地球物理学     0.6667    0.4286    0.5217        14
        电气工程     1.0000    0.6154    0.7619        13
         作物学     0.8182    0.6923    0.7500        13
     控制科学与工程     0.3077    0.3077    0.3077        13
     信息与通信工程     0.5789    0.8462    0.6875        13
        公共管理     0.1429    0.0769    0.1000        13
         建筑学     0.8750    0.5385    0.6667        13
     化学工程与技术     0.9091    0.8333    0.8696        12
          力学     0.7692    0.9091    0.8333        11
        海洋科学     1.0000    0.8182    0.9000        11
     轻工技术与工程     0.6667    0.5455    0.6000        11
        农业工程     1.0000    0.6000    0.7500        10
         园艺学     0.8889    0.8000    0.8421        10
       中西医结合     1.0000    0.7000    0.8235        10
        机械工程     1.0000    0.7778    0.8750         9
       科学技术史     1.0000    0.6250    0.7692         8
     船舶与海洋工程     0.8750    0.8750    0.8750         8
   图书情报与档案管理     0.7778    0.8750    0.8235         8
        植物保护     0.8000    1.0000    0.8889         8
     材料科学与工程     0.8571    0.7500    0.8000         8
         统计学     0.8333    0.6250    0.7143         8
          化学     1.0000    0.7500    0.8571         8
     食品科学与工程     1.0000    0.5000    0.6667         8
          水产     1.0000    0.7143    0.8333         7
          药学     0.8333    0.7143    0.7692         7
     农业资源与环境     1.0000    0.5714    0.7273         7
         世界史     0.6250    0.7143    0.6667         7
        系统科学     1.0000    0.5714    0.7273         7
      农林经济管理     0.8000    0.8000    0.8000         5
       军队指挥学     1.0000    0.4000    0.5714         5
        矿业工程     0.6000    0.6000    0.6000         5
     纺织科学与工程     0.7143    1.0000    0.8333         5
  动力工程及工程热物理     0.0000    0.0000    0.0000         4
        林业工程     0.4000    0.5000    0.4444         4
     仪器科学与技术     0.0000    0.0000    0.0000         3
         战略学     1.0000    0.3333    0.5000         3
   地质资源与地质工程     1.0000    0.3333    0.5000         3
        旅游管理     1.0000    0.6667    0.8000         3
 图书馆、情报与档案管理     0.0000    0.0000    0.0000         2
        冶金工程     0.5000    0.5000    0.5000         2
      核科学与技术     1.0000    0.5000    0.6667         2

   micro avg     0.8346    0.7323    0.7801      3093
   macro avg     0.7931    0.6624    0.7076      3093
weighted avg     0.8355    0.7323    0.7725      3093
 samples avg     0.8012    0.7515    0.7615      3093

