/root/miniconda3/envs/lyq/lib/python3.8/site-packages/scipy/__init__.py:146: UserWarning: A NumPy version >=1.16.5 and <1.23.0 is required for this version of SciPy (detected version 1.23.5
  warnings.warn(f"A NumPy version >={np_minversion} and <{np_maxversion}"
  0%|          | 0/82 [00:00<?, ?it/s]100%|██████████| 82/82 [00:00<00:00, 884146.34it/s]
model:  ernie-rcnn
pretrained:  ernie1
task:  MLC
dataset:  book_multilabels_task
seq_length:  256
hidden_dropout_prob:  0.1
attention_probs_dropout_prob:  0.1
epochs_num:  20
batch_size:  8
learning_rate:  2e-05
report_steps:  100
kg_name:  CnDbpedia
no_kg:  True
no_vm:  True
Vocabulary Size:  17964
[BertClassifier] use visible_matrix: False
Some weights of ErnieRCNNForMultiLabelSequenceClassification were not initialized from the model checkpoint at ./models/ernie1 and are newly initialized: ['lstm.weight_hh_l0_reverse', 'output_layer_1.weight', 'classifier.weight', 'lstm.weight_hh_l1', 'lstm.bias_hh_l1_reverse', 'lstm.bias_ih_l1', 'lstm.bias_ih_l1_reverse', 'lstm.weight_ih_l1_reverse', 'lstm.weight_hh_l0', 'lstm.weight_hh_l1_reverse', 'classifier.bias', 'lstm.bias_ih_l0', 'lstm.bias_hh_l1', 'lstm.bias_hh_l0', 'lstm.weight_ih_l0_reverse', 'output_layer_1.bias', 'lstm.weight_ih_l0', 'lstm.bias_ih_l0_reverse', 'lstm.bias_hh_l0_reverse', 'lstm.weight_ih_l1']
You should probably TRAIN this model on a down-stream task to be able to use it for predictions and inference.
1 GPUs are available. Let's use them.
device:  cuda
Start training.
Loading sentences from ./datasets/book_multilabels_task/train.tsv
There are 9097 sentence in total. We use 1 processes to inject knowledge into sentences.
Progress of process 0: 0/9097
Loading sentences from ./datasets/book_multilabels_task/dev.tsv
There are 2084 sentence in total. We use 1 processes to inject knowledge into sentences.
Progress of process 0: 0/2084
Loading sentences from ./datasets/book_multilabels_task/test.tsv
There are 2067 sentence in total. We use 1 processes to inject knowledge into sentences.
Progress of process 0: 0/2067
Epoch id: 1, Training steps: 100, Avg loss: 0.269, Time: 0:00:13
Epoch id: 1, Training steps: 200, Avg loss: 0.095, Time: 0:00:25
Epoch id: 1, Training steps: 300, Avg loss: 0.085, Time: 0:00:37
Epoch id: 1, Training steps: 400, Avg loss: 0.082, Time: 0:00:49
Epoch id: 1, Training steps: 500, Avg loss: 0.078, Time: 0:01:01
Epoch id: 1, Training steps: 600, Avg loss: 0.074, Time: 0:01:13
Epoch id: 1, Training steps: 700, Avg loss: 0.070, Time: 0:01:24
Epoch id: 1, Training steps: 800, Avg loss: 0.063, Time: 0:01:36
Epoch id: 1, Training steps: 900, Avg loss: 0.058, Time: 0:01:48
Epoch id: 1, Training steps: 1000, Avg loss: 0.057, Time: 0:02:00
Epoch id: 1, Training steps: 1100, Avg loss: 0.048, Time: 0:02:12
Start evaluation on dev dataset.
/root/miniconda3/envs/lyq/lib/python3.8/site-packages/sklearn/metrics/_classification.py:1469: UndefinedMetricWarning: Precision is ill-defined and being set to 0.0 in samples with no predicted labels. Use `zero_division` parameter to control this behavior.
  _warn_prf(average, modifier, msg_start, len(result))
Acc. (Correct/Total):  4.51%% Prec: 0.0876 F1: 0.0743
Start evaluation on test dataset.
/root/miniconda3/envs/lyq/lib/python3.8/site-packages/sklearn/metrics/_classification.py:1469: UndefinedMetricWarning: Precision is ill-defined and being set to 0.0 in samples with no predicted labels. Use `zero_division` parameter to control this behavior.
  _warn_prf(average, modifier, msg_start, len(result))
Acc. (Correct/Total):  6.14%% Prec: 0.1219 F1: 0.1015
Epoch id: 2, Training steps: 100, Avg loss: 0.064, Time: 0:02:47
Epoch id: 2, Training steps: 200, Avg loss: 0.044, Time: 0:02:59
Epoch id: 2, Training steps: 300, Avg loss: 0.041, Time: 0:03:11
Epoch id: 2, Training steps: 400, Avg loss: 0.039, Time: 0:03:22
Epoch id: 2, Training steps: 500, Avg loss: 0.037, Time: 0:03:34
Epoch id: 2, Training steps: 600, Avg loss: 0.035, Time: 0:03:46
Epoch id: 2, Training steps: 700, Avg loss: 0.034, Time: 0:03:58
Epoch id: 2, Training steps: 800, Avg loss: 0.034, Time: 0:04:10
Epoch id: 2, Training steps: 900, Avg loss: 0.035, Time: 0:04:21
Epoch id: 2, Training steps: 1000, Avg loss: 0.033, Time: 0:04:33
Epoch id: 2, Training steps: 1100, Avg loss: 0.030, Time: 0:04:45
Start evaluation on dev dataset.
/root/miniconda3/envs/lyq/lib/python3.8/site-packages/sklearn/metrics/_classification.py:1469: UndefinedMetricWarning: Precision is ill-defined and being set to 0.0 in samples with no predicted labels. Use `zero_division` parameter to control this behavior.
  _warn_prf(average, modifier, msg_start, len(result))
Acc. (Correct/Total): 28.41%% Prec: 0.4458 F1: 0.3943
Start evaluation on test dataset.
/root/miniconda3/envs/lyq/lib/python3.8/site-packages/sklearn/metrics/_classification.py:1469: UndefinedMetricWarning: Precision is ill-defined and being set to 0.0 in samples with no predicted labels. Use `zero_division` parameter to control this behavior.
  _warn_prf(average, modifier, msg_start, len(result))
Acc. (Correct/Total): 32.85%% Prec: 0.4869 F1: 0.4370
Epoch id: 3, Training steps: 100, Avg loss: 0.042, Time: 0:05:21
Epoch id: 3, Training steps: 200, Avg loss: 0.028, Time: 0:05:33
Epoch id: 3, Training steps: 300, Avg loss: 0.030, Time: 0:05:44
Epoch id: 3, Training steps: 400, Avg loss: 0.029, Time: 0:05:56
Epoch id: 3, Training steps: 500, Avg loss: 0.026, Time: 0:06:08
Epoch id: 3, Training steps: 600, Avg loss: 0.026, Time: 0:06:19
Epoch id: 3, Training steps: 700, Avg loss: 0.026, Time: 0:06:31
Epoch id: 3, Training steps: 800, Avg loss: 0.027, Time: 0:06:42
Epoch id: 3, Training steps: 900, Avg loss: 0.026, Time: 0:06:54
Epoch id: 3, Training steps: 1000, Avg loss: 0.025, Time: 0:07:06
Epoch id: 3, Training steps: 1100, Avg loss: 0.023, Time: 0:07:17
Start evaluation on dev dataset.
/root/miniconda3/envs/lyq/lib/python3.8/site-packages/sklearn/metrics/_classification.py:1469: UndefinedMetricWarning: Precision is ill-defined and being set to 0.0 in samples with no predicted labels. Use `zero_division` parameter to control this behavior.
  _warn_prf(average, modifier, msg_start, len(result))
Acc. (Correct/Total): 36.37%% Prec: 0.5372 F1: 0.4838
Start evaluation on test dataset.
/root/miniconda3/envs/lyq/lib/python3.8/site-packages/sklearn/metrics/_classification.py:1469: UndefinedMetricWarning: Precision is ill-defined and being set to 0.0 in samples with no predicted labels. Use `zero_division` parameter to control this behavior.
  _warn_prf(average, modifier, msg_start, len(result))
Acc. (Correct/Total): 41.03%% Prec: 0.5808 F1: 0.5266
Epoch id: 4, Training steps: 100, Avg loss: 0.030, Time: 0:07:53
Epoch id: 4, Training steps: 200, Avg loss: 0.021, Time: 0:08:05
Epoch id: 4, Training steps: 300, Avg loss: 0.020, Time: 0:08:17
Epoch id: 4, Training steps: 400, Avg loss: 0.021, Time: 0:08:28
Epoch id: 4, Training steps: 500, Avg loss: 0.021, Time: 0:08:40
Epoch id: 4, Training steps: 600, Avg loss: 0.020, Time: 0:08:52
Epoch id: 4, Training steps: 700, Avg loss: 0.020, Time: 0:09:04
Epoch id: 4, Training steps: 800, Avg loss: 0.020, Time: 0:09:16
Epoch id: 4, Training steps: 900, Avg loss: 0.019, Time: 0:09:28
Epoch id: 4, Training steps: 1000, Avg loss: 0.020, Time: 0:09:40
Epoch id: 4, Training steps: 1100, Avg loss: 0.019, Time: 0:09:51
Start evaluation on dev dataset.
/root/miniconda3/envs/lyq/lib/python3.8/site-packages/sklearn/metrics/_classification.py:1469: UndefinedMetricWarning: Precision is ill-defined and being set to 0.0 in samples with no predicted labels. Use `zero_division` parameter to control this behavior.
  _warn_prf(average, modifier, msg_start, len(result))
Acc. (Correct/Total): 41.17%% Prec: 0.6083 F1: 0.5487
Start evaluation on test dataset.
/root/miniconda3/envs/lyq/lib/python3.8/site-packages/sklearn/metrics/_classification.py:1469: UndefinedMetricWarning: Precision is ill-defined and being set to 0.0 in samples with no predicted labels. Use `zero_division` parameter to control this behavior.
  _warn_prf(average, modifier, msg_start, len(result))
Acc. (Correct/Total): 46.59%% Prec: 0.6488 F1: 0.5921
Epoch id: 5, Training steps: 100, Avg loss: 0.024, Time: 0:10:28
Epoch id: 5, Training steps: 200, Avg loss: 0.017, Time: 0:10:40
Epoch id: 5, Training steps: 300, Avg loss: 0.016, Time: 0:10:52
Epoch id: 5, Training steps: 400, Avg loss: 0.016, Time: 0:11:04
Epoch id: 5, Training steps: 500, Avg loss: 0.017, Time: 0:11:16
Epoch id: 5, Training steps: 600, Avg loss: 0.016, Time: 0:11:28
Epoch id: 5, Training steps: 700, Avg loss: 0.016, Time: 0:11:39
Epoch id: 5, Training steps: 800, Avg loss: 0.015, Time: 0:11:51
Epoch id: 5, Training steps: 900, Avg loss: 0.018, Time: 0:12:03
Epoch id: 5, Training steps: 1000, Avg loss: 0.017, Time: 0:12:15
Epoch id: 5, Training steps: 1100, Avg loss: 0.014, Time: 0:12:27
Start evaluation on dev dataset.
/root/miniconda3/envs/lyq/lib/python3.8/site-packages/sklearn/metrics/_classification.py:1469: UndefinedMetricWarning: Precision is ill-defined and being set to 0.0 in samples with no predicted labels. Use `zero_division` parameter to control this behavior.
  _warn_prf(average, modifier, msg_start, len(result))
Acc. (Correct/Total): 44.48%% Prec: 0.6404 F1: 0.5812
Start evaluation on test dataset.
/root/miniconda3/envs/lyq/lib/python3.8/site-packages/sklearn/metrics/_classification.py:1469: UndefinedMetricWarning: Precision is ill-defined and being set to 0.0 in samples with no predicted labels. Use `zero_division` parameter to control this behavior.
  _warn_prf(average, modifier, msg_start, len(result))
Acc. (Correct/Total): 50.46%% Prec: 0.6851 F1: 0.6302
Epoch id: 6, Training steps: 100, Avg loss: 0.019, Time: 0:13:03
Epoch id: 6, Training steps: 200, Avg loss: 0.016, Time: 0:13:15
Epoch id: 6, Training steps: 300, Avg loss: 0.014, Time: 0:13:27
Epoch id: 6, Training steps: 400, Avg loss: 0.013, Time: 0:13:39
Epoch id: 6, Training steps: 500, Avg loss: 0.013, Time: 0:13:51
Epoch id: 6, Training steps: 600, Avg loss: 0.014, Time: 0:14:03
Epoch id: 6, Training steps: 700, Avg loss: 0.012, Time: 0:14:15
Epoch id: 6, Training steps: 800, Avg loss: 0.012, Time: 0:14:27
Epoch id: 6, Training steps: 900, Avg loss: 0.012, Time: 0:14:39
Epoch id: 6, Training steps: 1000, Avg loss: 0.012, Time: 0:14:51
Epoch id: 6, Training steps: 1100, Avg loss: 0.011, Time: 0:15:03
Start evaluation on dev dataset.
/root/miniconda3/envs/lyq/lib/python3.8/site-packages/sklearn/metrics/_classification.py:1469: UndefinedMetricWarning: Precision is ill-defined and being set to 0.0 in samples with no predicted labels. Use `zero_division` parameter to control this behavior.
  _warn_prf(average, modifier, msg_start, len(result))
Acc. (Correct/Total): 46.64%% Prec: 0.6678 F1: 0.6085
Start evaluation on test dataset.
/root/miniconda3/envs/lyq/lib/python3.8/site-packages/sklearn/metrics/_classification.py:1469: UndefinedMetricWarning: Precision is ill-defined and being set to 0.0 in samples with no predicted labels. Use `zero_division` parameter to control this behavior.
  _warn_prf(average, modifier, msg_start, len(result))
Acc. (Correct/Total): 52.88%% Prec: 0.7196 F1: 0.6607
Epoch id: 7, Training steps: 100, Avg loss: 0.014, Time: 0:15:40
Epoch id: 7, Training steps: 200, Avg loss: 0.010, Time: 0:15:51
Epoch id: 7, Training steps: 300, Avg loss: 0.010, Time: 0:16:03
Epoch id: 7, Training steps: 400, Avg loss: 0.010, Time: 0:16:15
Epoch id: 7, Training steps: 500, Avg loss: 0.009, Time: 0:16:27
Epoch id: 7, Training steps: 600, Avg loss: 0.009, Time: 0:16:39
Epoch id: 7, Training steps: 700, Avg loss: 0.011, Time: 0:16:51
Epoch id: 7, Training steps: 800, Avg loss: 0.010, Time: 0:17:03
Epoch id: 7, Training steps: 900, Avg loss: 0.011, Time: 0:17:15
Epoch id: 7, Training steps: 1000, Avg loss: 0.014, Time: 0:17:27
Epoch id: 7, Training steps: 1100, Avg loss: 0.013, Time: 0:17:39
Start evaluation on dev dataset.
/root/miniconda3/envs/lyq/lib/python3.8/site-packages/sklearn/metrics/_classification.py:1469: UndefinedMetricWarning: Precision is ill-defined and being set to 0.0 in samples with no predicted labels. Use `zero_division` parameter to control this behavior.
  _warn_prf(average, modifier, msg_start, len(result))
Acc. (Correct/Total): 49.76%% Prec: 0.6941 F1: 0.6417
Start evaluation on test dataset.
/root/miniconda3/envs/lyq/lib/python3.8/site-packages/sklearn/metrics/_classification.py:1469: UndefinedMetricWarning: Precision is ill-defined and being set to 0.0 in samples with no predicted labels. Use `zero_division` parameter to control this behavior.
  _warn_prf(average, modifier, msg_start, len(result))
Acc. (Correct/Total): 56.17%% Prec: 0.7492 F1: 0.6947
Epoch id: 8, Training steps: 100, Avg loss: 0.013, Time: 0:18:16
Epoch id: 8, Training steps: 200, Avg loss: 0.008, Time: 0:18:29
Epoch id: 8, Training steps: 300, Avg loss: 0.008, Time: 0:18:42
Epoch id: 8, Training steps: 400, Avg loss: 0.008, Time: 0:18:54
Epoch id: 8, Training steps: 500, Avg loss: 0.008, Time: 0:19:06
Epoch id: 8, Training steps: 600, Avg loss: 0.008, Time: 0:19:18
Epoch id: 8, Training steps: 700, Avg loss: 0.008, Time: 0:19:30
Epoch id: 8, Training steps: 800, Avg loss: 0.010, Time: 0:19:42
Epoch id: 8, Training steps: 900, Avg loss: 0.008, Time: 0:19:54
Epoch id: 8, Training steps: 1000, Avg loss: 0.008, Time: 0:20:05
Epoch id: 8, Training steps: 1100, Avg loss: 0.008, Time: 0:20:17
Start evaluation on dev dataset.
/root/miniconda3/envs/lyq/lib/python3.8/site-packages/sklearn/metrics/_classification.py:1469: UndefinedMetricWarning: Precision is ill-defined and being set to 0.0 in samples with no predicted labels. Use `zero_division` parameter to control this behavior.
  _warn_prf(average, modifier, msg_start, len(result))
Acc. (Correct/Total): 49.28%% Prec: 0.6931 F1: 0.6406
Epoch id: 9, Training steps: 100, Avg loss: 0.010, Time: 0:20:43
Epoch id: 9, Training steps: 200, Avg loss: 0.006, Time: 0:20:55
Epoch id: 9, Training steps: 300, Avg loss: 0.006, Time: 0:21:06
Epoch id: 9, Training steps: 400, Avg loss: 0.007, Time: 0:21:18
Epoch id: 9, Training steps: 500, Avg loss: 0.006, Time: 0:21:30
Epoch id: 9, Training steps: 600, Avg loss: 0.007, Time: 0:21:42
Epoch id: 9, Training steps: 700, Avg loss: 0.007, Time: 0:21:53
Epoch id: 9, Training steps: 800, Avg loss: 0.007, Time: 0:22:05
Epoch id: 9, Training steps: 900, Avg loss: 0.006, Time: 0:22:17
Epoch id: 9, Training steps: 1000, Avg loss: 0.006, Time: 0:22:29
Epoch id: 9, Training steps: 1100, Avg loss: 0.007, Time: 0:22:40
Start evaluation on dev dataset.
/root/miniconda3/envs/lyq/lib/python3.8/site-packages/sklearn/metrics/_classification.py:1469: UndefinedMetricWarning: Precision is ill-defined and being set to 0.0 in samples with no predicted labels. Use `zero_division` parameter to control this behavior.
  _warn_prf(average, modifier, msg_start, len(result))
Acc. (Correct/Total): 52.02%% Prec: 0.7201 F1: 0.6689
Start evaluation on test dataset.
/root/miniconda3/envs/lyq/lib/python3.8/site-packages/sklearn/metrics/_classification.py:1469: UndefinedMetricWarning: Precision is ill-defined and being set to 0.0 in samples with no predicted labels. Use `zero_division` parameter to control this behavior.
  _warn_prf(average, modifier, msg_start, len(result))
Acc. (Correct/Total): 59.02%% Prec: 0.7794 F1: 0.7271
Epoch id: 10, Training steps: 100, Avg loss: 0.008, Time: 0:23:16
Epoch id: 10, Training steps: 200, Avg loss: 0.006, Time: 0:23:28
Epoch id: 10, Training steps: 300, Avg loss: 0.005, Time: 0:23:40
Epoch id: 10, Training steps: 400, Avg loss: 0.007, Time: 0:23:52
Epoch id: 10, Training steps: 500, Avg loss: 0.008, Time: 0:24:03
Epoch id: 10, Training steps: 600, Avg loss: 0.005, Time: 0:24:15
Epoch id: 10, Training steps: 700, Avg loss: 0.006, Time: 0:24:27
Epoch id: 10, Training steps: 800, Avg loss: 0.017, Time: 0:24:39
Epoch id: 10, Training steps: 900, Avg loss: 0.034, Time: 0:24:51
Epoch id: 10, Training steps: 1000, Avg loss: 0.036, Time: 0:25:03
Epoch id: 10, Training steps: 1100, Avg loss: 0.014, Time: 0:25:14
Start evaluation on dev dataset.
/root/miniconda3/envs/lyq/lib/python3.8/site-packages/sklearn/metrics/_classification.py:1469: UndefinedMetricWarning: Precision is ill-defined and being set to 0.0 in samples with no predicted labels. Use `zero_division` parameter to control this behavior.
  _warn_prf(average, modifier, msg_start, len(result))
Acc. (Correct/Total): 47.84%% Prec: 0.6875 F1: 0.6303
Epoch id: 11, Training steps: 100, Avg loss: 0.016, Time: 0:25:41
Epoch id: 11, Training steps: 200, Avg loss: 0.008, Time: 0:25:53
Epoch id: 11, Training steps: 300, Avg loss: 0.006, Time: 0:26:05
Epoch id: 11, Training steps: 400, Avg loss: 0.008, Time: 0:26:16
Epoch id: 11, Training steps: 500, Avg loss: 0.006, Time: 0:26:28
Epoch id: 11, Training steps: 600, Avg loss: 0.007, Time: 0:26:40
Epoch id: 11, Training steps: 700, Avg loss: 0.007, Time: 0:26:52
Epoch id: 11, Training steps: 800, Avg loss: 0.007, Time: 0:27:04
Epoch id: 11, Training steps: 900, Avg loss: 0.006, Time: 0:27:16
Epoch id: 11, Training steps: 1000, Avg loss: 0.006, Time: 0:27:28
Epoch id: 11, Training steps: 1100, Avg loss: 0.006, Time: 0:27:39
Start evaluation on dev dataset.
/root/miniconda3/envs/lyq/lib/python3.8/site-packages/sklearn/metrics/_classification.py:1469: UndefinedMetricWarning: Precision is ill-defined and being set to 0.0 in samples with no predicted labels. Use `zero_division` parameter to control this behavior.
  _warn_prf(average, modifier, msg_start, len(result))
Acc. (Correct/Total): 54.13%% Prec: 0.7306 F1: 0.6885
Start evaluation on test dataset.
/root/miniconda3/envs/lyq/lib/python3.8/site-packages/sklearn/metrics/_classification.py:1469: UndefinedMetricWarning: Precision is ill-defined and being set to 0.0 in samples with no predicted labels. Use `zero_division` parameter to control this behavior.
  _warn_prf(average, modifier, msg_start, len(result))
Acc. (Correct/Total): 60.18%% Prec: 0.7785 F1: 0.7378
Epoch id: 12, Training steps: 100, Avg loss: 0.006, Time: 0:28:15
Epoch id: 12, Training steps: 200, Avg loss: 0.004, Time: 0:28:27
Epoch id: 12, Training steps: 300, Avg loss: 0.004, Time: 0:28:39
Epoch id: 12, Training steps: 400, Avg loss: 0.005, Time: 0:28:51
Epoch id: 12, Training steps: 500, Avg loss: 0.005, Time: 0:29:02
Epoch id: 12, Training steps: 600, Avg loss: 0.006, Time: 0:29:14
Epoch id: 12, Training steps: 700, Avg loss: 0.006, Time: 0:29:26
Epoch id: 12, Training steps: 800, Avg loss: 0.004, Time: 0:29:37
Epoch id: 12, Training steps: 900, Avg loss: 0.005, Time: 0:29:49
Epoch id: 12, Training steps: 1000, Avg loss: 0.005, Time: 0:30:01
Epoch id: 12, Training steps: 1100, Avg loss: 0.004, Time: 0:30:13
Start evaluation on dev dataset.
/root/miniconda3/envs/lyq/lib/python3.8/site-packages/sklearn/metrics/_classification.py:1469: UndefinedMetricWarning: Precision is ill-defined and being set to 0.0 in samples with no predicted labels. Use `zero_division` parameter to control this behavior.
  _warn_prf(average, modifier, msg_start, len(result))
Acc. (Correct/Total): 54.03%% Prec: 0.7373 F1: 0.6945
Epoch id: 13, Training steps: 100, Avg loss: 0.005, Time: 0:30:39
Epoch id: 13, Training steps: 200, Avg loss: 0.003, Time: 0:30:51
Epoch id: 13, Training steps: 300, Avg loss: 0.004, Time: 0:31:02
Epoch id: 13, Training steps: 400, Avg loss: 0.004, Time: 0:31:14
Epoch id: 13, Training steps: 500, Avg loss: 0.003, Time: 0:31:26
Epoch id: 13, Training steps: 600, Avg loss: 0.004, Time: 0:31:38
Epoch id: 13, Training steps: 700, Avg loss: 0.004, Time: 0:31:50
Epoch id: 13, Training steps: 800, Avg loss: 0.003, Time: 0:32:02
Epoch id: 13, Training steps: 900, Avg loss: 0.003, Time: 0:32:14
Epoch id: 13, Training steps: 1000, Avg loss: 0.003, Time: 0:32:25
Epoch id: 13, Training steps: 1100, Avg loss: 0.004, Time: 0:32:37
Start evaluation on dev dataset.
/root/miniconda3/envs/lyq/lib/python3.8/site-packages/sklearn/metrics/_classification.py:1469: UndefinedMetricWarning: Precision is ill-defined and being set to 0.0 in samples with no predicted labels. Use `zero_division` parameter to control this behavior.
  _warn_prf(average, modifier, msg_start, len(result))
Acc. (Correct/Total): 54.70%% Prec: 0.7292 F1: 0.6868
Start evaluation on test dataset.
/root/miniconda3/envs/lyq/lib/python3.8/site-packages/sklearn/metrics/_classification.py:1469: UndefinedMetricWarning: Precision is ill-defined and being set to 0.0 in samples with no predicted labels. Use `zero_division` parameter to control this behavior.
  _warn_prf(average, modifier, msg_start, len(result))
Acc. (Correct/Total): 61.88%% Prec: 0.7783 F1: 0.7418
Epoch id: 14, Training steps: 100, Avg loss: 0.004, Time: 0:33:13
Epoch id: 14, Training steps: 200, Avg loss: 0.003, Time: 0:33:25
Epoch id: 14, Training steps: 300, Avg loss: 0.003, Time: 0:33:37
Epoch id: 14, Training steps: 400, Avg loss: 0.003, Time: 0:33:49
Epoch id: 14, Training steps: 500, Avg loss: 0.003, Time: 0:34:01
Epoch id: 14, Training steps: 600, Avg loss: 0.003, Time: 0:34:13
Epoch id: 14, Training steps: 700, Avg loss: 0.003, Time: 0:34:24
Epoch id: 14, Training steps: 800, Avg loss: 0.003, Time: 0:34:36
Epoch id: 14, Training steps: 900, Avg loss: 0.003, Time: 0:34:49
Epoch id: 14, Training steps: 1000, Avg loss: 0.003, Time: 0:35:00
Epoch id: 14, Training steps: 1100, Avg loss: 0.002, Time: 0:35:12
Start evaluation on dev dataset.
/root/miniconda3/envs/lyq/lib/python3.8/site-packages/sklearn/metrics/_classification.py:1469: UndefinedMetricWarning: Precision is ill-defined and being set to 0.0 in samples with no predicted labels. Use `zero_division` parameter to control this behavior.
  _warn_prf(average, modifier, msg_start, len(result))
Acc. (Correct/Total): 55.37%% Prec: 0.7404 F1: 0.7044
Start evaluation on test dataset.
/root/miniconda3/envs/lyq/lib/python3.8/site-packages/sklearn/metrics/_classification.py:1469: UndefinedMetricWarning: Precision is ill-defined and being set to 0.0 in samples with no predicted labels. Use `zero_division` parameter to control this behavior.
  _warn_prf(average, modifier, msg_start, len(result))
Acc. (Correct/Total): 62.84%% Prec: 0.7943 F1: 0.7616
Epoch id: 15, Training steps: 100, Avg loss: 0.003, Time: 0:35:49
Epoch id: 15, Training steps: 200, Avg loss: 0.003, Time: 0:36:01
Epoch id: 15, Training steps: 300, Avg loss: 0.004, Time: 0:36:13
Epoch id: 15, Training steps: 400, Avg loss: 0.003, Time: 0:36:25
Epoch id: 15, Training steps: 500, Avg loss: 0.003, Time: 0:36:37
Epoch id: 15, Training steps: 600, Avg loss: 0.003, Time: 0:36:49
Epoch id: 15, Training steps: 700, Avg loss: 0.005, Time: 0:37:01
Epoch id: 15, Training steps: 800, Avg loss: 0.004, Time: 0:37:13
Epoch id: 15, Training steps: 900, Avg loss: 0.003, Time: 0:37:24
Epoch id: 15, Training steps: 1000, Avg loss: 0.003, Time: 0:37:36
Epoch id: 15, Training steps: 1100, Avg loss: 0.002, Time: 0:37:48
Start evaluation on dev dataset.
/root/miniconda3/envs/lyq/lib/python3.8/site-packages/sklearn/metrics/_classification.py:1469: UndefinedMetricWarning: Precision is ill-defined and being set to 0.0 in samples with no predicted labels. Use `zero_division` parameter to control this behavior.
  _warn_prf(average, modifier, msg_start, len(result))
Acc. (Correct/Total): 54.51%% Prec: 0.7365 F1: 0.7037
Epoch id: 16, Training steps: 100, Avg loss: 0.004, Time: 0:38:14
Epoch id: 16, Training steps: 200, Avg loss: 0.003, Time: 0:38:26
Epoch id: 16, Training steps: 300, Avg loss: 0.002, Time: 0:38:38
Epoch id: 16, Training steps: 400, Avg loss: 0.003, Time: 0:38:50
Epoch id: 16, Training steps: 500, Avg loss: 0.003, Time: 0:39:02
Epoch id: 16, Training steps: 600, Avg loss: 0.002, Time: 0:39:13
Epoch id: 16, Training steps: 700, Avg loss: 0.003, Time: 0:39:25
Epoch id: 16, Training steps: 800, Avg loss: 0.002, Time: 0:39:37
Epoch id: 16, Training steps: 900, Avg loss: 0.003, Time: 0:39:49
Epoch id: 16, Training steps: 1000, Avg loss: 0.002, Time: 0:40:01
Epoch id: 16, Training steps: 1100, Avg loss: 0.002, Time: 0:40:13
Start evaluation on dev dataset.
/root/miniconda3/envs/lyq/lib/python3.8/site-packages/sklearn/metrics/_classification.py:1469: UndefinedMetricWarning: Precision is ill-defined and being set to 0.0 in samples with no predicted labels. Use `zero_division` parameter to control this behavior.
  _warn_prf(average, modifier, msg_start, len(result))
Acc. (Correct/Total): 55.81%% Prec: 0.7482 F1: 0.7151
Start evaluation on test dataset.
/root/miniconda3/envs/lyq/lib/python3.8/site-packages/sklearn/metrics/_classification.py:1469: UndefinedMetricWarning: Precision is ill-defined and being set to 0.0 in samples with no predicted labels. Use `zero_division` parameter to control this behavior.
  _warn_prf(average, modifier, msg_start, len(result))
Acc. (Correct/Total): 63.13%% Prec: 0.7958 F1: 0.7639
Epoch id: 17, Training steps: 100, Avg loss: 0.003, Time: 0:40:49
Epoch id: 17, Training steps: 200, Avg loss: 0.002, Time: 0:41:01
Epoch id: 17, Training steps: 300, Avg loss: 0.002, Time: 0:41:12
Epoch id: 17, Training steps: 400, Avg loss: 0.002, Time: 0:41:24
Epoch id: 17, Training steps: 500, Avg loss: 0.002, Time: 0:41:36
Epoch id: 17, Training steps: 600, Avg loss: 0.002, Time: 0:41:48
Epoch id: 17, Training steps: 700, Avg loss: 0.002, Time: 0:42:00
Epoch id: 17, Training steps: 800, Avg loss: 0.002, Time: 0:42:12
Epoch id: 17, Training steps: 900, Avg loss: 0.002, Time: 0:42:24
Epoch id: 17, Training steps: 1000, Avg loss: 0.002, Time: 0:42:36
Epoch id: 17, Training steps: 1100, Avg loss: 0.002, Time: 0:42:48
Start evaluation on dev dataset.
/root/miniconda3/envs/lyq/lib/python3.8/site-packages/sklearn/metrics/_classification.py:1469: UndefinedMetricWarning: Precision is ill-defined and being set to 0.0 in samples with no predicted labels. Use `zero_division` parameter to control this behavior.
  _warn_prf(average, modifier, msg_start, len(result))
Acc. (Correct/Total): 55.23%% Prec: 0.7502 F1: 0.7190
Epoch id: 18, Training steps: 100, Avg loss: 0.003, Time: 0:43:14
Epoch id: 18, Training steps: 200, Avg loss: 0.001, Time: 0:43:26
Epoch id: 18, Training steps: 300, Avg loss: 0.002, Time: 0:43:38
Epoch id: 18, Training steps: 400, Avg loss: 0.002, Time: 0:43:50
Epoch id: 18, Training steps: 500, Avg loss: 0.002, Time: 0:44:02
Epoch id: 18, Training steps: 600, Avg loss: 0.002, Time: 0:44:14
Epoch id: 18, Training steps: 700, Avg loss: 0.003, Time: 0:44:26
Epoch id: 18, Training steps: 800, Avg loss: 0.002, Time: 0:44:37
Epoch id: 18, Training steps: 900, Avg loss: 0.002, Time: 0:44:49
Epoch id: 18, Training steps: 1000, Avg loss: 0.003, Time: 0:45:01
Epoch id: 18, Training steps: 1100, Avg loss: 0.002, Time: 0:45:13
Start evaluation on dev dataset.
/root/miniconda3/envs/lyq/lib/python3.8/site-packages/sklearn/metrics/_classification.py:1469: UndefinedMetricWarning: Precision is ill-defined and being set to 0.0 in samples with no predicted labels. Use `zero_division` parameter to control this behavior.
  _warn_prf(average, modifier, msg_start, len(result))
Acc. (Correct/Total): 56.43%% Prec: 0.7459 F1: 0.7141
Start evaluation on test dataset.
/root/miniconda3/envs/lyq/lib/python3.8/site-packages/sklearn/metrics/_classification.py:1469: UndefinedMetricWarning: Precision is ill-defined and being set to 0.0 in samples with no predicted labels. Use `zero_division` parameter to control this behavior.
  _warn_prf(average, modifier, msg_start, len(result))
Acc. (Correct/Total): 62.22%% Prec: 0.7856 F1: 0.7518
Epoch id: 19, Training steps: 100, Avg loss: 0.004, Time: 0:45:49
Epoch id: 19, Training steps: 200, Avg loss: 0.003, Time: 0:46:01
Epoch id: 19, Training steps: 300, Avg loss: 0.002, Time: 0:46:12
Epoch id: 19, Training steps: 400, Avg loss: 0.002, Time: 0:46:24
Epoch id: 19, Training steps: 500, Avg loss: 0.001, Time: 0:46:36
Epoch id: 19, Training steps: 600, Avg loss: 0.002, Time: 0:46:48
Epoch id: 19, Training steps: 700, Avg loss: 0.002, Time: 0:47:00
Epoch id: 19, Training steps: 800, Avg loss: 0.001, Time: 0:47:11
Epoch id: 19, Training steps: 900, Avg loss: 0.002, Time: 0:47:23
Epoch id: 19, Training steps: 1000, Avg loss: 0.002, Time: 0:47:35
Epoch id: 19, Training steps: 1100, Avg loss: 0.002, Time: 0:47:47
Start evaluation on dev dataset.
/root/miniconda3/envs/lyq/lib/python3.8/site-packages/sklearn/metrics/_classification.py:1469: UndefinedMetricWarning: Precision is ill-defined and being set to 0.0 in samples with no predicted labels. Use `zero_division` parameter to control this behavior.
  _warn_prf(average, modifier, msg_start, len(result))
Acc. (Correct/Total): 57.05%% Prec: 0.7445 F1: 0.7158
Start evaluation on test dataset.
/root/miniconda3/envs/lyq/lib/python3.8/site-packages/sklearn/metrics/_classification.py:1469: UndefinedMetricWarning: Precision is ill-defined and being set to 0.0 in samples with no predicted labels. Use `zero_division` parameter to control this behavior.
  _warn_prf(average, modifier, msg_start, len(result))
Acc. (Correct/Total): 63.28%% Prec: 0.7988 F1: 0.7643
Epoch id: 20, Training steps: 100, Avg loss: 0.002, Time: 0:48:23
Epoch id: 20, Training steps: 200, Avg loss: 0.001, Time: 0:48:35
Epoch id: 20, Training steps: 300, Avg loss: 0.001, Time: 0:48:47
Epoch id: 20, Training steps: 400, Avg loss: 0.001, Time: 0:48:58
Epoch id: 20, Training steps: 500, Avg loss: 0.001, Time: 0:49:10
Epoch id: 20, Training steps: 600, Avg loss: 0.001, Time: 0:49:22
Epoch id: 20, Training steps: 700, Avg loss: 0.001, Time: 0:49:34
Epoch id: 20, Training steps: 800, Avg loss: 0.003, Time: 0:49:46
Epoch id: 20, Training steps: 900, Avg loss: 0.002, Time: 0:49:58
Epoch id: 20, Training steps: 1000, Avg loss: 0.005, Time: 0:50:10
Epoch id: 20, Training steps: 1100, Avg loss: 0.002, Time: 0:50:22
Start evaluation on dev dataset.
/root/miniconda3/envs/lyq/lib/python3.8/site-packages/sklearn/metrics/_classification.py:1469: UndefinedMetricWarning: Precision is ill-defined and being set to 0.0 in samples with no predicted labels. Use `zero_division` parameter to control this behavior.
  _warn_prf(average, modifier, msg_start, len(result))
Acc. (Correct/Total): 56.33%% Prec: 0.7416 F1: 0.7155
Final evaluation on the test dataset.
The number of evaluation instances:  2067
/root/miniconda3/envs/lyq/lib/python3.8/site-packages/sklearn/metrics/_classification.py:1469: UndefinedMetricWarning: Precision is ill-defined and being set to 0.0 in samples with no predicted labels. Use `zero_division` parameter to control this behavior.
  _warn_prf(average, modifier, msg_start, len(result))
/root/miniconda3/envs/lyq/lib/python3.8/site-packages/sklearn/metrics/_classification.py:1469: UndefinedMetricWarning: Precision and F-score are ill-defined and being set to 0.0 in labels with no predicted samples. Use `zero_division` parameter to control this behavior.
  _warn_prf(average, modifier, msg_start, len(result))
/root/miniconda3/envs/lyq/lib/python3.8/site-packages/sklearn/metrics/_classification.py:1469: UndefinedMetricWarning: Precision and F-score are ill-defined and being set to 0.0 in samples with no predicted labels. Use `zero_division` parameter to control this behavior.
  _warn_prf(average, modifier, msg_start, len(result))
Acc. (Correct/Total): 63.28% Prec: 0.7988 F1: 0.7643
Precision, Recall and F1-Score...
              precision    recall  f1-score   support

         教育学     0.8966    0.8631    0.8795       241
          法学     0.9043    0.8438    0.8730       224
      中国语言文学     0.7561    0.8378    0.7949       185
         政治学     0.7931    0.7055    0.7468       163
         社会学     0.8452    0.8344    0.8397       157
         心理学     0.8506    0.6016    0.7048       123
       应用经济学     0.7674    0.5641    0.6502       117
         历史学     0.9841    0.5688    0.7209       109
     环境科学与工程     0.8866    0.7963    0.8390       108
          哲学     0.8806    0.6082    0.7195        97
      外国语言文学     0.8082    0.6941    0.7468        85
         生物学     0.7912    0.9114    0.8471        79
      交通运输工程     0.8902    0.9359    0.9125        78
        临床医学     0.8833    0.6974    0.7794        76
    计算机科学与技术     0.6951    0.8028    0.7451        71
        土木工程     0.9143    0.9697    0.9412        66
   航空宇航科学与技术     0.9492    0.9180    0.9333        61
         民族学     0.7826    0.6545    0.7129        55
   公共卫生与预防医学     0.6122    0.5882    0.6000        51
         美术学     0.8421    0.9600    0.8972        50
         艺术学     0.8571    0.8372    0.8471        43
         地理学     0.7941    0.6429    0.7105        42
         体育学     0.9231    0.6000    0.7273        40
       理论经济学     0.7317    0.7895    0.7595        38
         中医学     0.9429    0.8919    0.9167        37
         物理学     0.7805    0.8889    0.8312        36
          林学     0.7143    0.4545    0.5556        33
          数学     0.7200    0.5625    0.6316        32
     电子科学与技术     0.8462    0.3548    0.5000        31
        基础医学     0.5833    0.4828    0.5283        29
        工商管理     0.7143    0.5556    0.6250        27
       新闻传播学     0.8333    0.9091    0.8696        22
         天文学     0.9048    0.8636    0.8837        22
         地质学     1.0000    0.7619    0.8649        21
         畜牧学     0.8636    0.9048    0.8837        21
   军事思想及军事历史     0.8500    0.8500    0.8500        20
     管理科学与工程     0.5385    0.7778    0.6364        18
     测绘科学与技术     0.8000    0.7059    0.7500        17
        水利工程     1.0000    0.6250    0.7692        16
        大气科学     0.8750    0.8750    0.8750        16
     兵器科学与技术     0.7000    0.9333    0.8000        15
       地球物理学     0.7000    0.5000    0.5833        14
        电气工程     1.0000    0.4615    0.6316        13
         作物学     0.7000    0.5385    0.6087        13
     控制科学与工程     0.2500    0.1538    0.1905        13
     信息与通信工程     0.6471    0.8462    0.7333        13
        公共管理     0.4000    0.3077    0.3478        13
         建筑学     1.0000    0.2308    0.3750        13
     化学工程与技术     1.0000    0.9167    0.9565        12
          力学     0.6923    0.8182    0.7500        11
        海洋科学     0.9167    1.0000    0.9565        11
     轻工技术与工程     0.5385    0.6364    0.5833        11
        农业工程     1.0000    0.5000    0.6667        10
         园艺学     1.0000    0.7000    0.8235        10
       中西医结合     1.0000    0.6000    0.7500        10
        机械工程     1.0000    0.8889    0.9412         9
       科学技术史     1.0000    0.6250    0.7692         8
     船舶与海洋工程     0.8571    0.7500    0.8000         8
   图书情报与档案管理     0.7778    0.8750    0.8235         8
        植物保护     0.7778    0.8750    0.8235         8
     材料科学与工程     0.8333    0.6250    0.7143         8
         统计学     0.5000    0.7500    0.6000         8
          化学     1.0000    0.8750    0.9333         8
     食品科学与工程     1.0000    0.3750    0.5455         8
          水产     1.0000    0.8571    0.9231         7
          药学     1.0000    0.8571    0.9231         7
     农业资源与环境     1.0000    0.8571    0.9231         7
         世界史     0.8750    1.0000    0.9333         7
        系统科学     0.7143    0.7143    0.7143         7
      农林经济管理     0.5000    0.8000    0.6154         5
       军队指挥学     1.0000    0.4000    0.5714         5
        矿业工程     0.6000    0.6000    0.6000         5
     纺织科学与工程     0.6667    0.8000    0.7273         5
  动力工程及工程热物理     0.0000    0.0000    0.0000         4
        林业工程     0.5000    0.5000    0.5000         4
     仪器科学与技术     0.0000    0.0000    0.0000         3
         战略学     1.0000    0.6667    0.8000         3
   地质资源与地质工程     0.5000    1.0000    0.6667         3
        旅游管理     1.0000    0.6667    0.8000         3
 图书馆、情报与档案管理     0.0000    0.0000    0.0000         2
        冶金工程     1.0000    1.0000    1.0000         2
      核科学与技术     1.0000    0.5000    0.6667         2

   micro avg     0.8252    0.7462    0.7837      3093
   macro avg     0.7884    0.6913    0.7192      3093
weighted avg     0.8309    0.7462    0.7770      3093
 samples avg     0.7988    0.7553    0.7643      3093

