nohup: ignoring input
  0%|          | 0/82 [00:00<?, ?it/s]100%|██████████| 82/82 [00:00<00:00, 1288138.31it/s]
model:  ernie-rcnn-catlstm
pretrained:  ernie1
task:  MLC-slice
dataset:  book_multilabels_task_slice
seq_length:  256
hidden_dropout_prob:  0.1
attention_probs_dropout_prob:  0.1
epochs_num:  20
batch_size:  8
learning_rate:  2e-05
report_steps:  100
kg_name:  CnDbpedia
no_kg:  True
no_vm:  True
Vocabulary Size:  17964
[BertClassifier] use visible_matrix: False
Some weights of ErnieRCNNForMultiLabelSequenceClassificationSliceCatLSTM were not initialized from the model checkpoint at ./models/ernie1 and are newly initialized: ['lstm.weight_ih_l0', 'output_layer_1.bias', 'lstm.weight_hh_l1_reverse', 'output_layer_1.weight', 'lstm.weight_ih_l1_reverse', 'classifier.bias', 'classifier.weight', 'lstm.bias_hh_l1_reverse', 'lstm.bias_hh_l0', 'lstm.bias_ih_l1', 'lstm.bias_hh_l0_reverse', 'lstm.weight_hh_l1', 'lstm.bias_ih_l1_reverse', 'lstm.bias_ih_l0', 'lstm.bias_hh_l1', 'lstm.weight_ih_l0_reverse', 'lstm.weight_hh_l0', 'lstm.weight_hh_l0_reverse', 'lstm.bias_ih_l0_reverse', 'lstm.weight_ih_l1']
You should probably TRAIN this model on a down-stream task to be able to use it for predictions and inference.
1 GPUs are available. Let's use them.
device:  cuda
Start training.
Loading sentences from ./datasets/book_multilabels_task_slice/train.tsv
There are 9097 sentence in total. We use 1 processes to inject knowledge into sentences.
Progress of process 0: 0/9097
Loading sentences from ./datasets/book_multilabels_task_slice/dev.tsv
There are 2084 sentence in total. We use 1 processes to inject knowledge into sentences.
Progress of process 0: 0/2084
Loading sentences from ./datasets/book_multilabels_task_slice/test.tsv
There are 2067 sentence in total. We use 1 processes to inject knowledge into sentences.
Progress of process 0: 0/2067
Epoch id: 1, Training steps: 100, Avg loss: 0.196, Time: 0:00:42
Epoch id: 1, Training steps: 200, Avg loss: 0.084, Time: 0:01:26
Epoch id: 1, Training steps: 300, Avg loss: 0.082, Time: 0:02:09
Epoch id: 1, Training steps: 400, Avg loss: 0.083, Time: 0:02:54
Epoch id: 1, Training steps: 500, Avg loss: 0.078, Time: 0:03:38
Epoch id: 1, Training steps: 600, Avg loss: 0.070, Time: 0:04:23
Epoch id: 1, Training steps: 700, Avg loss: 0.061, Time: 0:05:08
Epoch id: 1, Training steps: 800, Avg loss: 0.053, Time: 0:05:53
Epoch id: 1, Training steps: 900, Avg loss: 0.049, Time: 0:06:39
Epoch id: 1, Training steps: 1000, Avg loss: 0.047, Time: 0:07:24
Epoch id: 1, Training steps: 1100, Avg loss: 0.042, Time: 0:08:10
Start evaluation on dev dataset.
/home/lyq/miniconda3/envs/lyq/lib/python3.10/site-packages/sklearn/metrics/_classification.py:1469: UndefinedMetricWarning: Precision is ill-defined and being set to 0.0 in samples with no predicted labels. Use `zero_division` parameter to control this behavior.
  _warn_prf(average, modifier, msg_start, len(result))
Acc. (Correct/Total): 21.45%% Prec: 0.3232 F1: 0.2884
Start evaluation on test dataset.
/home/lyq/miniconda3/envs/lyq/lib/python3.10/site-packages/sklearn/metrics/_classification.py:1469: UndefinedMetricWarning: Precision is ill-defined and being set to 0.0 in samples with no predicted labels. Use `zero_division` parameter to control this behavior.
  _warn_prf(average, modifier, msg_start, len(result))
Acc. (Correct/Total): 27.04%% Prec: 0.3856 F1: 0.3484
Epoch id: 2, Training steps: 100, Avg loss: 0.053, Time: 0:10:31
Epoch id: 2, Training steps: 200, Avg loss: 0.036, Time: 0:11:17
Epoch id: 2, Training steps: 300, Avg loss: 0.037, Time: 0:12:03
Epoch id: 2, Training steps: 400, Avg loss: 0.033, Time: 0:12:49
Epoch id: 2, Training steps: 500, Avg loss: 0.033, Time: 0:13:36
Epoch id: 2, Training steps: 600, Avg loss: 0.031, Time: 0:14:22
Epoch id: 2, Training steps: 700, Avg loss: 0.031, Time: 0:15:07
Epoch id: 2, Training steps: 800, Avg loss: 0.030, Time: 0:15:53
Epoch id: 2, Training steps: 900, Avg loss: 0.028, Time: 0:16:39
Epoch id: 2, Training steps: 1000, Avg loss: 0.028, Time: 0:17:25
Epoch id: 2, Training steps: 1100, Avg loss: 0.027, Time: 0:18:11
Start evaluation on dev dataset.
/home/lyq/miniconda3/envs/lyq/lib/python3.10/site-packages/sklearn/metrics/_classification.py:1469: UndefinedMetricWarning: Precision is ill-defined and being set to 0.0 in samples with no predicted labels. Use `zero_division` parameter to control this behavior.
  _warn_prf(average, modifier, msg_start, len(result))
Acc. (Correct/Total): 34.93%% Prec: 0.5295 F1: 0.4753
Start evaluation on test dataset.
/home/lyq/miniconda3/envs/lyq/lib/python3.10/site-packages/sklearn/metrics/_classification.py:1469: UndefinedMetricWarning: Precision is ill-defined and being set to 0.0 in samples with no predicted labels. Use `zero_division` parameter to control this behavior.
  _warn_prf(average, modifier, msg_start, len(result))
Acc. (Correct/Total): 41.80%% Prec: 0.5793 F1: 0.5297
Epoch id: 3, Training steps: 100, Avg loss: 0.034, Time: 0:20:32
Epoch id: 3, Training steps: 200, Avg loss: 0.023, Time: 0:21:18
Epoch id: 3, Training steps: 300, Avg loss: 0.024, Time: 0:22:04
Epoch id: 3, Training steps: 400, Avg loss: 0.023, Time: 0:22:50
Epoch id: 3, Training steps: 500, Avg loss: 0.023, Time: 0:23:36
Epoch id: 3, Training steps: 600, Avg loss: 0.023, Time: 0:24:22
Epoch id: 3, Training steps: 700, Avg loss: 0.022, Time: 0:25:07
Epoch id: 3, Training steps: 800, Avg loss: 0.026, Time: 0:25:53
Epoch id: 3, Training steps: 900, Avg loss: 0.041, Time: 0:26:39
Epoch id: 3, Training steps: 1000, Avg loss: 0.043, Time: 0:27:25
Epoch id: 3, Training steps: 1100, Avg loss: 0.044, Time: 0:28:10
Start evaluation on dev dataset.
/home/lyq/miniconda3/envs/lyq/lib/python3.10/site-packages/sklearn/metrics/_classification.py:1469: UndefinedMetricWarning: Precision is ill-defined and being set to 0.0 in samples with no predicted labels. Use `zero_division` parameter to control this behavior.
  _warn_prf(average, modifier, msg_start, len(result))
Acc. (Correct/Total): 24.42%% Prec: 0.3867 F1: 0.3435
Epoch id: 4, Training steps: 100, Avg loss: 0.052, Time: 0:29:52
Epoch id: 4, Training steps: 200, Avg loss: 0.033, Time: 0:30:38
Epoch id: 4, Training steps: 300, Avg loss: 0.027, Time: 0:31:24
Epoch id: 4, Training steps: 400, Avg loss: 0.029, Time: 0:32:10
Epoch id: 4, Training steps: 500, Avg loss: 0.023, Time: 0:32:56
Epoch id: 4, Training steps: 600, Avg loss: 0.020, Time: 0:33:42
Epoch id: 4, Training steps: 700, Avg loss: 0.020, Time: 0:34:28
Epoch id: 4, Training steps: 800, Avg loss: 0.028, Time: 0:35:15
Epoch id: 4, Training steps: 900, Avg loss: 0.020, Time: 0:36:01
Epoch id: 4, Training steps: 1000, Avg loss: 0.020, Time: 0:36:47
Epoch id: 4, Training steps: 1100, Avg loss: 0.019, Time: 0:37:33
Start evaluation on dev dataset.
/home/lyq/miniconda3/envs/lyq/lib/python3.10/site-packages/sklearn/metrics/_classification.py:1469: UndefinedMetricWarning: Precision is ill-defined and being set to 0.0 in samples with no predicted labels. Use `zero_division` parameter to control this behavior.
  _warn_prf(average, modifier, msg_start, len(result))
Acc. (Correct/Total): 44.53%% Prec: 0.6513 F1: 0.5959
Start evaluation on test dataset.
/home/lyq/miniconda3/envs/lyq/lib/python3.10/site-packages/sklearn/metrics/_classification.py:1469: UndefinedMetricWarning: Precision is ill-defined and being set to 0.0 in samples with no predicted labels. Use `zero_division` parameter to control this behavior.
  _warn_prf(average, modifier, msg_start, len(result))
Acc. (Correct/Total): 52.88%% Prec: 0.7180 F1: 0.6661
Epoch id: 5, Training steps: 100, Avg loss: 0.024, Time: 0:39:54
Epoch id: 5, Training steps: 200, Avg loss: 0.017, Time: 0:40:41
Epoch id: 5, Training steps: 300, Avg loss: 0.017, Time: 0:41:27
Epoch id: 5, Training steps: 400, Avg loss: 0.017, Time: 0:42:13
Epoch id: 5, Training steps: 500, Avg loss: 0.016, Time: 0:42:59
Epoch id: 5, Training steps: 600, Avg loss: 0.017, Time: 0:43:45
Epoch id: 5, Training steps: 700, Avg loss: 0.016, Time: 0:44:31
Epoch id: 5, Training steps: 800, Avg loss: 0.017, Time: 0:45:17
Epoch id: 5, Training steps: 900, Avg loss: 0.016, Time: 0:46:03
Epoch id: 5, Training steps: 1000, Avg loss: 0.017, Time: 0:46:50
Epoch id: 5, Training steps: 1100, Avg loss: 0.015, Time: 0:47:36
Start evaluation on dev dataset.
/home/lyq/miniconda3/envs/lyq/lib/python3.10/site-packages/sklearn/metrics/_classification.py:1469: UndefinedMetricWarning: Precision is ill-defined and being set to 0.0 in samples with no predicted labels. Use `zero_division` parameter to control this behavior.
  _warn_prf(average, modifier, msg_start, len(result))
Acc. (Correct/Total): 47.55%% Prec: 0.6819 F1: 0.6306
Start evaluation on test dataset.
/home/lyq/miniconda3/envs/lyq/lib/python3.10/site-packages/sklearn/metrics/_classification.py:1469: UndefinedMetricWarning: Precision is ill-defined and being set to 0.0 in samples with no predicted labels. Use `zero_division` parameter to control this behavior.
  _warn_prf(average, modifier, msg_start, len(result))
Acc. (Correct/Total): 55.68%% Prec: 0.7361 F1: 0.6904
Epoch id: 6, Training steps: 100, Avg loss: 0.019, Time: 0:49:58
Epoch id: 6, Training steps: 200, Avg loss: 0.013, Time: 0:50:44
Epoch id: 6, Training steps: 300, Avg loss: 0.012, Time: 0:51:30
Epoch id: 6, Training steps: 400, Avg loss: 0.012, Time: 0:52:16
Epoch id: 6, Training steps: 500, Avg loss: 0.013, Time: 0:53:02
Epoch id: 6, Training steps: 600, Avg loss: 0.015, Time: 0:53:48
Epoch id: 6, Training steps: 700, Avg loss: 0.013, Time: 0:54:34
Epoch id: 6, Training steps: 800, Avg loss: 0.013, Time: 0:55:20
Epoch id: 6, Training steps: 900, Avg loss: 0.012, Time: 0:56:06
Epoch id: 6, Training steps: 1000, Avg loss: 0.013, Time: 0:56:53
Epoch id: 6, Training steps: 1100, Avg loss: 0.013, Time: 0:57:39
Start evaluation on dev dataset.
/home/lyq/miniconda3/envs/lyq/lib/python3.10/site-packages/sklearn/metrics/_classification.py:1469: UndefinedMetricWarning: Precision is ill-defined and being set to 0.0 in samples with no predicted labels. Use `zero_division` parameter to control this behavior.
  _warn_prf(average, modifier, msg_start, len(result))
Acc. (Correct/Total): 48.90%% Prec: 0.6981 F1: 0.6464
Start evaluation on test dataset.
/home/lyq/miniconda3/envs/lyq/lib/python3.10/site-packages/sklearn/metrics/_classification.py:1469: UndefinedMetricWarning: Precision is ill-defined and being set to 0.0 in samples with no predicted labels. Use `zero_division` parameter to control this behavior.
  _warn_prf(average, modifier, msg_start, len(result))
Acc. (Correct/Total): 57.91%% Prec: 0.7533 F1: 0.7092
Epoch id: 7, Training steps: 100, Avg loss: 0.015, Time: 1:00:00
Epoch id: 7, Training steps: 200, Avg loss: 0.009, Time: 1:00:46
Epoch id: 7, Training steps: 300, Avg loss: 0.011, Time: 1:01:32
Epoch id: 7, Training steps: 400, Avg loss: 0.011, Time: 1:02:18
Epoch id: 7, Training steps: 500, Avg loss: 0.011, Time: 1:03:04
Epoch id: 7, Training steps: 600, Avg loss: 0.011, Time: 1:03:51
Epoch id: 7, Training steps: 700, Avg loss: 0.010, Time: 1:04:37
Epoch id: 7, Training steps: 800, Avg loss: 0.011, Time: 1:05:23
Epoch id: 7, Training steps: 900, Avg loss: 0.009, Time: 1:06:09
Epoch id: 7, Training steps: 1000, Avg loss: 0.010, Time: 1:06:55
Epoch id: 7, Training steps: 1100, Avg loss: 0.010, Time: 1:07:41
Start evaluation on dev dataset.
/home/lyq/miniconda3/envs/lyq/lib/python3.10/site-packages/sklearn/metrics/_classification.py:1469: UndefinedMetricWarning: Precision is ill-defined and being set to 0.0 in samples with no predicted labels. Use `zero_division` parameter to control this behavior.
  _warn_prf(average, modifier, msg_start, len(result))
Acc. (Correct/Total): 50.62%% Prec: 0.7103 F1: 0.6619
Start evaluation on test dataset.
/home/lyq/miniconda3/envs/lyq/lib/python3.10/site-packages/sklearn/metrics/_classification.py:1469: UndefinedMetricWarning: Precision is ill-defined and being set to 0.0 in samples with no predicted labels. Use `zero_division` parameter to control this behavior.
  _warn_prf(average, modifier, msg_start, len(result))
Acc. (Correct/Total): 57.96%% Prec: 0.7578 F1: 0.7153
Epoch id: 8, Training steps: 100, Avg loss: 0.014, Time: 1:10:03
Epoch id: 8, Training steps: 200, Avg loss: 0.009, Time: 1:10:49
Epoch id: 8, Training steps: 300, Avg loss: 0.008, Time: 1:11:35
Epoch id: 8, Training steps: 400, Avg loss: 0.009, Time: 1:12:21
Epoch id: 8, Training steps: 500, Avg loss: 0.008, Time: 1:13:07
Epoch id: 8, Training steps: 600, Avg loss: 0.008, Time: 1:13:53
Epoch id: 8, Training steps: 700, Avg loss: 0.013, Time: 1:14:39
Epoch id: 8, Training steps: 800, Avg loss: 0.013, Time: 1:15:25
Epoch id: 8, Training steps: 900, Avg loss: 0.013, Time: 1:16:11
Epoch id: 8, Training steps: 1000, Avg loss: 0.012, Time: 1:16:57
Epoch id: 8, Training steps: 1100, Avg loss: 0.010, Time: 1:17:43
Start evaluation on dev dataset.
/home/lyq/miniconda3/envs/lyq/lib/python3.10/site-packages/sklearn/metrics/_classification.py:1469: UndefinedMetricWarning: Precision is ill-defined and being set to 0.0 in samples with no predicted labels. Use `zero_division` parameter to control this behavior.
  _warn_prf(average, modifier, msg_start, len(result))
Acc. (Correct/Total): 42.47%% Prec: 0.6376 F1: 0.5888
Epoch id: 9, Training steps: 100, Avg loss: 0.015, Time: 1:19:25
Epoch id: 9, Training steps: 200, Avg loss: 0.010, Time: 1:20:11
Epoch id: 9, Training steps: 300, Avg loss: 0.012, Time: 1:20:57
Epoch id: 9, Training steps: 400, Avg loss: 0.010, Time: 1:21:43
Epoch id: 9, Training steps: 500, Avg loss: 0.010, Time: 1:22:29
Epoch id: 9, Training steps: 600, Avg loss: 0.009, Time: 1:23:15
Epoch id: 9, Training steps: 700, Avg loss: 0.008, Time: 1:24:01
Epoch id: 9, Training steps: 800, Avg loss: 0.008, Time: 1:24:48
Epoch id: 9, Training steps: 900, Avg loss: 0.007, Time: 1:25:34
Epoch id: 9, Training steps: 1000, Avg loss: 0.008, Time: 1:26:20
Epoch id: 9, Training steps: 1100, Avg loss: 0.007, Time: 1:27:06
Start evaluation on dev dataset.
/home/lyq/miniconda3/envs/lyq/lib/python3.10/site-packages/sklearn/metrics/_classification.py:1469: UndefinedMetricWarning: Precision is ill-defined and being set to 0.0 in samples with no predicted labels. Use `zero_division` parameter to control this behavior.
  _warn_prf(average, modifier, msg_start, len(result))
Acc. (Correct/Total): 53.02%% Prec: 0.7237 F1: 0.6795
Start evaluation on test dataset.
/home/lyq/miniconda3/envs/lyq/lib/python3.10/site-packages/sklearn/metrics/_classification.py:1469: UndefinedMetricWarning: Precision is ill-defined and being set to 0.0 in samples with no predicted labels. Use `zero_division` parameter to control this behavior.
  _warn_prf(average, modifier, msg_start, len(result))
Acc. (Correct/Total): 60.86%% Prec: 0.7733 F1: 0.7339
Epoch id: 10, Training steps: 100, Avg loss: 0.007, Time: 1:29:27
Epoch id: 10, Training steps: 200, Avg loss: 0.006, Time: 1:30:14
Epoch id: 10, Training steps: 300, Avg loss: 0.005, Time: 1:31:00
Epoch id: 10, Training steps: 400, Avg loss: 0.005, Time: 1:31:46
Epoch id: 10, Training steps: 500, Avg loss: 0.007, Time: 1:32:32
Epoch id: 10, Training steps: 600, Avg loss: 0.006, Time: 1:33:18
Epoch id: 10, Training steps: 700, Avg loss: 0.006, Time: 1:34:04
Epoch id: 10, Training steps: 800, Avg loss: 0.007, Time: 1:34:50
Epoch id: 10, Training steps: 900, Avg loss: 0.006, Time: 1:35:36
Epoch id: 10, Training steps: 1000, Avg loss: 0.005, Time: 1:36:22
Epoch id: 10, Training steps: 1100, Avg loss: 0.006, Time: 1:37:08
Start evaluation on dev dataset.
/home/lyq/miniconda3/envs/lyq/lib/python3.10/site-packages/sklearn/metrics/_classification.py:1469: UndefinedMetricWarning: Precision is ill-defined and being set to 0.0 in samples with no predicted labels. Use `zero_division` parameter to control this behavior.
  _warn_prf(average, modifier, msg_start, len(result))
Acc. (Correct/Total): 52.30%% Prec: 0.7200 F1: 0.6757
Epoch id: 11, Training steps: 100, Avg loss: 0.006, Time: 1:38:50
Epoch id: 11, Training steps: 200, Avg loss: 0.004, Time: 1:39:36
Epoch id: 11, Training steps: 300, Avg loss: 0.004, Time: 1:40:22
Epoch id: 11, Training steps: 400, Avg loss: 0.004, Time: 1:41:08
Epoch id: 11, Training steps: 500, Avg loss: 0.004, Time: 1:41:54
Epoch id: 11, Training steps: 600, Avg loss: 0.004, Time: 1:42:40
Epoch id: 11, Training steps: 700, Avg loss: 0.005, Time: 1:43:26
Epoch id: 11, Training steps: 800, Avg loss: 0.005, Time: 1:44:12
Epoch id: 11, Training steps: 900, Avg loss: 0.004, Time: 1:44:58
Epoch id: 11, Training steps: 1000, Avg loss: 0.005, Time: 1:45:44
Epoch id: 11, Training steps: 1100, Avg loss: 0.005, Time: 1:46:30
Start evaluation on dev dataset.
/home/lyq/miniconda3/envs/lyq/lib/python3.10/site-packages/sklearn/metrics/_classification.py:1469: UndefinedMetricWarning: Precision is ill-defined and being set to 0.0 in samples with no predicted labels. Use `zero_division` parameter to control this behavior.
  _warn_prf(average, modifier, msg_start, len(result))
Acc. (Correct/Total): 52.16%% Prec: 0.7179 F1: 0.6739
Epoch id: 12, Training steps: 100, Avg loss: 0.005, Time: 1:48:12
Epoch id: 12, Training steps: 200, Avg loss: 0.003, Time: 1:48:58
Epoch id: 12, Training steps: 300, Avg loss: 0.003, Time: 1:49:43
Epoch id: 12, Training steps: 400, Avg loss: 0.003, Time: 1:50:29
Epoch id: 12, Training steps: 500, Avg loss: 0.003, Time: 1:51:15
Epoch id: 12, Training steps: 600, Avg loss: 0.003, Time: 1:52:01
Epoch id: 12, Training steps: 700, Avg loss: 0.003, Time: 1:52:46
Epoch id: 12, Training steps: 800, Avg loss: 0.003, Time: 1:53:32
Epoch id: 12, Training steps: 900, Avg loss: 0.003, Time: 1:54:18
Epoch id: 12, Training steps: 1000, Avg loss: 0.003, Time: 1:55:04
Epoch id: 12, Training steps: 1100, Avg loss: 0.003, Time: 1:55:50
Start evaluation on dev dataset.
/home/lyq/miniconda3/envs/lyq/lib/python3.10/site-packages/sklearn/metrics/_classification.py:1469: UndefinedMetricWarning: Precision is ill-defined and being set to 0.0 in samples with no predicted labels. Use `zero_division` parameter to control this behavior.
  _warn_prf(average, modifier, msg_start, len(result))
Acc. (Correct/Total): 54.32%% Prec: 0.7430 F1: 0.7029
Start evaluation on test dataset.
/home/lyq/miniconda3/envs/lyq/lib/python3.10/site-packages/sklearn/metrics/_classification.py:1469: UndefinedMetricWarning: Precision is ill-defined and being set to 0.0 in samples with no predicted labels. Use `zero_division` parameter to control this behavior.
  _warn_prf(average, modifier, msg_start, len(result))
Acc. (Correct/Total): 62.17%% Prec: 0.8030 F1: 0.7636
Epoch id: 13, Training steps: 100, Avg loss: 0.003, Time: 1:58:11
Epoch id: 13, Training steps: 200, Avg loss: 0.002, Time: 1:58:57
Epoch id: 13, Training steps: 300, Avg loss: 0.002, Time: 1:59:43
Epoch id: 13, Training steps: 400, Avg loss: 0.002, Time: 2:00:28
Epoch id: 13, Training steps: 500, Avg loss: 0.003, Time: 2:01:14
Epoch id: 13, Training steps: 600, Avg loss: 0.002, Time: 2:02:00
Epoch id: 13, Training steps: 700, Avg loss: 0.003, Time: 2:02:46
Epoch id: 13, Training steps: 800, Avg loss: 0.003, Time: 2:03:31
Epoch id: 13, Training steps: 900, Avg loss: 0.003, Time: 2:04:17
Epoch id: 13, Training steps: 1000, Avg loss: 0.003, Time: 2:05:03
Epoch id: 13, Training steps: 1100, Avg loss: 0.003, Time: 2:05:49
Start evaluation on dev dataset.
/home/lyq/miniconda3/envs/lyq/lib/python3.10/site-packages/sklearn/metrics/_classification.py:1469: UndefinedMetricWarning: Precision is ill-defined and being set to 0.0 in samples with no predicted labels. Use `zero_division` parameter to control this behavior.
  _warn_prf(average, modifier, msg_start, len(result))
Acc. (Correct/Total): 54.17%% Prec: 0.7385 F1: 0.6986
Epoch id: 14, Training steps: 100, Avg loss: 0.004, Time: 2:07:31
Epoch id: 14, Training steps: 200, Avg loss: 0.002, Time: 2:08:17
Epoch id: 14, Training steps: 300, Avg loss: 0.002, Time: 2:09:03
Epoch id: 14, Training steps: 400, Avg loss: 0.002, Time: 2:09:49
Epoch id: 14, Training steps: 500, Avg loss: 0.002, Time: 2:10:34
Epoch id: 14, Training steps: 600, Avg loss: 0.002, Time: 2:11:20
Epoch id: 14, Training steps: 700, Avg loss: 0.002, Time: 2:12:06
Epoch id: 14, Training steps: 800, Avg loss: 0.002, Time: 2:12:52
Epoch id: 14, Training steps: 900, Avg loss: 0.002, Time: 2:13:38
Epoch id: 14, Training steps: 1000, Avg loss: 0.002, Time: 2:14:24
Epoch id: 14, Training steps: 1100, Avg loss: 0.002, Time: 2:15:10
Start evaluation on dev dataset.
/home/lyq/miniconda3/envs/lyq/lib/python3.10/site-packages/sklearn/metrics/_classification.py:1469: UndefinedMetricWarning: Precision is ill-defined and being set to 0.0 in samples with no predicted labels. Use `zero_division` parameter to control this behavior.
  _warn_prf(average, modifier, msg_start, len(result))
Acc. (Correct/Total): 54.22%% Prec: 0.7271 F1: 0.6911
Epoch id: 15, Training steps: 100, Avg loss: 0.002, Time: 2:16:51
Epoch id: 15, Training steps: 200, Avg loss: 0.002, Time: 2:17:37
Epoch id: 15, Training steps: 300, Avg loss: 0.001, Time: 2:18:22
Epoch id: 15, Training steps: 400, Avg loss: 0.002, Time: 2:19:08
Epoch id: 15, Training steps: 500, Avg loss: 0.002, Time: 2:19:54
Epoch id: 15, Training steps: 600, Avg loss: 0.002, Time: 2:20:40
Epoch id: 15, Training steps: 700, Avg loss: 0.003, Time: 2:21:26
Epoch id: 15, Training steps: 800, Avg loss: 0.003, Time: 2:22:12
Epoch id: 15, Training steps: 900, Avg loss: 0.005, Time: 2:22:58
Epoch id: 15, Training steps: 1000, Avg loss: 0.004, Time: 2:23:43
Epoch id: 15, Training steps: 1100, Avg loss: 0.003, Time: 2:24:29
Start evaluation on dev dataset.
/home/lyq/miniconda3/envs/lyq/lib/python3.10/site-packages/sklearn/metrics/_classification.py:1469: UndefinedMetricWarning: Precision is ill-defined and being set to 0.0 in samples with no predicted labels. Use `zero_division` parameter to control this behavior.
  _warn_prf(average, modifier, msg_start, len(result))
Acc. (Correct/Total): 53.31%% Prec: 0.7262 F1: 0.6963
Epoch id: 16, Training steps: 100, Avg loss: 0.004, Time: 2:26:11
Epoch id: 16, Training steps: 200, Avg loss: 0.002, Time: 2:26:57
Epoch id: 16, Training steps: 300, Avg loss: 0.002, Time: 2:27:43
Epoch id: 16, Training steps: 400, Avg loss: 0.001, Time: 2:28:29
Epoch id: 16, Training steps: 500, Avg loss: 0.002, Time: 2:29:14
Epoch id: 16, Training steps: 600, Avg loss: 0.002, Time: 2:30:00
Epoch id: 16, Training steps: 700, Avg loss: 0.002, Time: 2:30:46
Epoch id: 16, Training steps: 800, Avg loss: 0.001, Time: 2:31:32
Epoch id: 16, Training steps: 900, Avg loss: 0.002, Time: 2:32:18
Epoch id: 16, Training steps: 1000, Avg loss: 0.001, Time: 2:33:04
Epoch id: 16, Training steps: 1100, Avg loss: 0.001, Time: 2:33:50
Start evaluation on dev dataset.
/home/lyq/miniconda3/envs/lyq/lib/python3.10/site-packages/sklearn/metrics/_classification.py:1469: UndefinedMetricWarning: Precision is ill-defined and being set to 0.0 in samples with no predicted labels. Use `zero_division` parameter to control this behavior.
  _warn_prf(average, modifier, msg_start, len(result))
Acc. (Correct/Total): 55.18%% Prec: 0.7391 F1: 0.7039
Start evaluation on test dataset.
/home/lyq/miniconda3/envs/lyq/lib/python3.10/site-packages/sklearn/metrics/_classification.py:1469: UndefinedMetricWarning: Precision is ill-defined and being set to 0.0 in samples with no predicted labels. Use `zero_division` parameter to control this behavior.
  _warn_prf(average, modifier, msg_start, len(result))
Acc. (Correct/Total): 63.33%% Prec: 0.8080 F1: 0.7710
Epoch id: 17, Training steps: 100, Avg loss: 0.001, Time: 2:36:11
Epoch id: 17, Training steps: 200, Avg loss: 0.001, Time: 2:36:56
Epoch id: 17, Training steps: 300, Avg loss: 0.001, Time: 2:37:42
Epoch id: 17, Training steps: 400, Avg loss: 0.001, Time: 2:38:28
Epoch id: 17, Training steps: 500, Avg loss: 0.001, Time: 2:39:14
Epoch id: 17, Training steps: 600, Avg loss: 0.001, Time: 2:40:00
Epoch id: 17, Training steps: 700, Avg loss: 0.001, Time: 2:40:46
Epoch id: 17, Training steps: 800, Avg loss: 0.001, Time: 2:41:31
Epoch id: 17, Training steps: 900, Avg loss: 0.001, Time: 2:42:17
Epoch id: 17, Training steps: 1000, Avg loss: 0.001, Time: 2:43:02
Epoch id: 17, Training steps: 1100, Avg loss: 0.001, Time: 2:43:48
Start evaluation on dev dataset.
/home/lyq/miniconda3/envs/lyq/lib/python3.10/site-packages/sklearn/metrics/_classification.py:1469: UndefinedMetricWarning: Precision is ill-defined and being set to 0.0 in samples with no predicted labels. Use `zero_division` parameter to control this behavior.
  _warn_prf(average, modifier, msg_start, len(result))
Acc. (Correct/Total): 55.90%% Prec: 0.7472 F1: 0.7146
Start evaluation on test dataset.
/home/lyq/miniconda3/envs/lyq/lib/python3.10/site-packages/sklearn/metrics/_classification.py:1469: UndefinedMetricWarning: Precision is ill-defined and being set to 0.0 in samples with no predicted labels. Use `zero_division` parameter to control this behavior.
  _warn_prf(average, modifier, msg_start, len(result))
Acc. (Correct/Total): 62.31%% Prec: 0.7934 F1: 0.7627
Epoch id: 18, Training steps: 100, Avg loss: 0.001, Time: 2:46:09
Epoch id: 18, Training steps: 200, Avg loss: 0.001, Time: 2:46:55
Epoch id: 18, Training steps: 300, Avg loss: 0.002, Time: 2:47:40
Epoch id: 18, Training steps: 400, Avg loss: 0.001, Time: 2:48:26
Epoch id: 18, Training steps: 500, Avg loss: 0.001, Time: 2:49:12
Epoch id: 18, Training steps: 600, Avg loss: 0.001, Time: 2:49:58
Epoch id: 18, Training steps: 700, Avg loss: 0.001, Time: 2:50:43
Epoch id: 18, Training steps: 800, Avg loss: 0.001, Time: 2:51:29
Epoch id: 18, Training steps: 900, Avg loss: 0.003, Time: 2:52:15
Epoch id: 18, Training steps: 1000, Avg loss: 0.010, Time: 2:53:01
Epoch id: 18, Training steps: 1100, Avg loss: 0.006, Time: 2:53:46
Start evaluation on dev dataset.
/home/lyq/miniconda3/envs/lyq/lib/python3.10/site-packages/sklearn/metrics/_classification.py:1469: UndefinedMetricWarning: Precision is ill-defined and being set to 0.0 in samples with no predicted labels. Use `zero_division` parameter to control this behavior.
  _warn_prf(average, modifier, msg_start, len(result))
Acc. (Correct/Total): 54.37%% Prec: 0.7404 F1: 0.7109
Epoch id: 19, Training steps: 100, Avg loss: 0.003, Time: 2:55:28
Epoch id: 19, Training steps: 200, Avg loss: 0.002, Time: 2:56:14
Epoch id: 19, Training steps: 300, Avg loss: 0.002, Time: 2:56:59
Epoch id: 19, Training steps: 400, Avg loss: 0.002, Time: 2:57:45
Epoch id: 19, Training steps: 500, Avg loss: 0.002, Time: 2:58:31
Epoch id: 19, Training steps: 600, Avg loss: 0.002, Time: 2:59:16
Epoch id: 19, Training steps: 700, Avg loss: 0.002, Time: 3:00:02
Epoch id: 19, Training steps: 800, Avg loss: 0.002, Time: 3:00:48
Epoch id: 19, Training steps: 900, Avg loss: 0.001, Time: 3:01:34
Epoch id: 19, Training steps: 1000, Avg loss: 0.002, Time: 3:02:19
Epoch id: 19, Training steps: 1100, Avg loss: 0.002, Time: 3:03:05
Start evaluation on dev dataset.
/home/lyq/miniconda3/envs/lyq/lib/python3.10/site-packages/sklearn/metrics/_classification.py:1469: UndefinedMetricWarning: Precision is ill-defined and being set to 0.0 in samples with no predicted labels. Use `zero_division` parameter to control this behavior.
  _warn_prf(average, modifier, msg_start, len(result))
Acc. (Correct/Total): 55.95%% Prec: 0.7536 F1: 0.7245
Start evaluation on test dataset.
/home/lyq/miniconda3/envs/lyq/lib/python3.10/site-packages/sklearn/metrics/_classification.py:1469: UndefinedMetricWarning: Precision is ill-defined and being set to 0.0 in samples with no predicted labels. Use `zero_division` parameter to control this behavior.
  _warn_prf(average, modifier, msg_start, len(result))
Acc. (Correct/Total): 63.96%% Prec: 0.8150 F1: 0.7832
Epoch id: 20, Training steps: 100, Avg loss: 0.002, Time: 3:05:25
Epoch id: 20, Training steps: 200, Avg loss: 0.002, Time: 3:06:11
Epoch id: 20, Training steps: 300, Avg loss: 0.002, Time: 3:06:57
Epoch id: 20, Training steps: 400, Avg loss: 0.002, Time: 3:07:43
Epoch id: 20, Training steps: 500, Avg loss: 0.001, Time: 3:08:28
Epoch id: 20, Training steps: 600, Avg loss: 0.001, Time: 3:09:14
Epoch id: 20, Training steps: 700, Avg loss: 0.001, Time: 3:10:00
Epoch id: 20, Training steps: 800, Avg loss: 0.001, Time: 3:10:46
Epoch id: 20, Training steps: 900, Avg loss: 0.002, Time: 3:11:31
Epoch id: 20, Training steps: 1000, Avg loss: 0.002, Time: 3:12:17
Epoch id: 20, Training steps: 1100, Avg loss: 0.002, Time: 3:13:03
Start evaluation on dev dataset.
/home/lyq/miniconda3/envs/lyq/lib/python3.10/site-packages/sklearn/metrics/_classification.py:1469: UndefinedMetricWarning: Precision is ill-defined and being set to 0.0 in samples with no predicted labels. Use `zero_division` parameter to control this behavior.
  _warn_prf(average, modifier, msg_start, len(result))
Acc. (Correct/Total): 55.13%% Prec: 0.7435 F1: 0.7097
Final evaluation on the test dataset.
The number of evaluation instances:  2067
/home/lyq/miniconda3/envs/lyq/lib/python3.10/site-packages/sklearn/metrics/_classification.py:1469: UndefinedMetricWarning: Precision is ill-defined and being set to 0.0 in samples with no predicted labels. Use `zero_division` parameter to control this behavior.
  _warn_prf(average, modifier, msg_start, len(result))
/home/lyq/miniconda3/envs/lyq/lib/python3.10/site-packages/sklearn/metrics/_classification.py:1469: UndefinedMetricWarning: Precision and F-score are ill-defined and being set to 0.0 in labels with no predicted samples. Use `zero_division` parameter to control this behavior.
  _warn_prf(average, modifier, msg_start, len(result))
/home/lyq/miniconda3/envs/lyq/lib/python3.10/site-packages/sklearn/metrics/_classification.py:1469: UndefinedMetricWarning: Precision and F-score are ill-defined and being set to 0.0 in samples with no predicted labels. Use `zero_division` parameter to control this behavior.
  _warn_prf(average, modifier, msg_start, len(result))
Acc. (Correct/Total): 63.96% Prec: 0.8150 F1: 0.7832
Precision, Recall and F1-Score...
              precision    recall  f1-score   support

         教育学     0.8662    0.9668    0.9137       241
          法学     0.8766    0.9196    0.8976       224
      中国语言文学     0.9236    0.7838    0.8480       185
         政治学     0.8485    0.6871    0.7593       163
         社会学     0.8581    0.8471    0.8526       157
         心理学     0.8929    0.6098    0.7246       123
       应用经济学     0.7363    0.5726    0.6442       117
         历史学     0.8021    0.7064    0.7512       109
     环境科学与工程     0.9038    0.8704    0.8868       108
          哲学     0.7778    0.6495    0.7079        97
      外国语言文学     0.8514    0.7412    0.7925        85
         生物学     0.8125    0.8228    0.8176        79
      交通运输工程     0.9036    0.9615    0.9317        78
        临床医学     0.8548    0.6974    0.7681        76
    计算机科学与技术     0.8596    0.6901    0.7656        71
        土木工程     0.8889    0.9697    0.9275        66
   航空宇航科学与技术     0.9828    0.9344    0.9580        61
         民族学     0.7727    0.6182    0.6869        55
   公共卫生与预防医学     0.7115    0.7255    0.7184        51
         美术学     0.8621    1.0000    0.9259        50
         艺术学     0.8947    0.7907    0.8395        43
         地理学     0.8571    0.7143    0.7792        42
         体育学     0.8621    0.6250    0.7246        40
       理论经济学     0.8378    0.8158    0.8267        38
         中医学     0.9143    0.8649    0.8889        37
         物理学     0.8205    0.8889    0.8533        36
          林学     0.7778    0.6364    0.7000        33
          数学     0.9444    0.5312    0.6800        32
     电子科学与技术     0.6552    0.6129    0.6333        31
        基础医学     0.6667    0.4138    0.5106        29
        工商管理     0.9000    0.6667    0.7660        27
       新闻传播学     0.7727    0.7727    0.7727        22
         天文学     0.8421    0.7273    0.7805        22
         地质学     0.7143    0.7143    0.7143        21
         畜牧学     0.8261    0.9048    0.8636        21
   军事思想及军事历史     0.7778    0.7000    0.7368        20
     管理科学与工程     0.5909    0.7222    0.6500        18
     测绘科学与技术     0.7647    0.7647    0.7647        17
        水利工程     1.0000    0.5625    0.7200        16
        大气科学     0.8000    0.7500    0.7742        16
     兵器科学与技术     0.6316    0.8000    0.7059        15
       地球物理学     0.8571    0.4286    0.5714        14
        电气工程     1.0000    0.6154    0.7619        13
         作物学     0.6667    0.4615    0.5455        13
     控制科学与工程     0.3846    0.3846    0.3846        13
     信息与通信工程     0.6667    0.4615    0.5455        13
        公共管理     0.3000    0.2308    0.2609        13
         建筑学     1.0000    0.3846    0.5556        13
     化学工程与技术     0.8333    0.8333    0.8333        12
          力学     0.9000    0.8182    0.8571        11
        海洋科学     0.9000    0.8182    0.8571        11
     轻工技术与工程     0.4444    0.3636    0.4000        11
        农业工程     0.8333    0.5000    0.6250        10
         园艺学     0.8889    0.8000    0.8421        10
       中西医结合     1.0000    0.6000    0.7500        10
        机械工程     1.0000    0.8889    0.9412         9
       科学技术史     1.0000    0.7500    0.8571         8
     船舶与海洋工程     0.8750    0.8750    0.8750         8
   图书情报与档案管理     0.7778    0.8750    0.8235         8
        植物保护     1.0000    1.0000    1.0000         8
     材料科学与工程     0.8571    0.7500    0.8000         8
         统计学     0.5833    0.8750    0.7000         8
          化学     1.0000    0.7500    0.8571         8
     食品科学与工程     1.0000    0.5000    0.6667         8
          水产     0.8750    1.0000    0.9333         7
          药学     1.0000    0.8571    0.9231         7
     农业资源与环境     1.0000    0.5714    0.7273         7
         世界史     0.8750    1.0000    0.9333         7
        系统科学     0.6667    0.5714    0.6154         7
      农林经济管理     0.5556    1.0000    0.7143         5
       军队指挥学     1.0000    0.4000    0.5714         5
        矿业工程     0.6667    0.4000    0.5000         5
     纺织科学与工程     0.7143    1.0000    0.8333         5
  动力工程及工程热物理     0.0000    0.0000    0.0000         4
        林业工程     0.0000    0.0000    0.0000         4
     仪器科学与技术     0.5000    0.3333    0.4000         3
         战略学     1.0000    0.6667    0.8000         3
   地质资源与地质工程     0.5000    1.0000    0.6667         3
        旅游管理     0.7500    1.0000    0.8571         3
 图书馆、情报与档案管理     0.0000    0.0000    0.0000         2
        冶金工程     1.0000    0.5000    0.6667         2
      核科学与技术     0.0000    0.0000    0.0000         2

   micro avg     0.8398    0.7643    0.8003      3093
   macro avg     0.7769    0.6831    0.7124      3093
weighted avg     0.8393    0.7643    0.7934      3093
 samples avg     0.8150    0.7785    0.7832      3093

