nohup: 忽略输入
  0%|          | 0/82 [00:00<?, ?it/s]100%|██████████| 82/82 [00:00<00:00, 1161935.57it/s]
model:  ernie-rcnn
pretrained:  ernie1
task:  MLC-slice
dataset:  book_multilabels_task_slice
seq_length:  256
hidden_dropout_prob:  0.1
attention_probs_dropout_prob:  0.1
epochs_num:  20
batch_size:  8
learning_rate:  0.0001
report_steps:  100
kg_name:  CnDbpedia
no_kg:  False
no_vm:  False
Vocabulary Size:  17964
[BertClassifier] use visible_matrix: True
Some weights of the model checkpoint at ./models/ernie1 were not used when initializing ErnieRCNNForMultiLabelSequenceClassificationSlice: ['ernie.pooler.dense.bias', 'cls.predictions.transform.dense.weight', 'ernie.pooler.dense.weight', 'cls.predictions.transform.dense.bias', 'cls.predictions.transform.LayerNorm.weight', 'cls.predictions.transform.LayerNorm.bias', 'cls.predictions.bias']
- This IS expected if you are initializing ErnieRCNNForMultiLabelSequenceClassificationSlice from the checkpoint of a model trained on another task or with another architecture (e.g. initializing a BertForSequenceClassification model from a BertForPreTraining model).
- This IS NOT expected if you are initializing ErnieRCNNForMultiLabelSequenceClassificationSlice from the checkpoint of a model that you expect to be exactly identical (initializing a BertForSequenceClassification model from a BertForSequenceClassification model).
Some weights of ErnieRCNNForMultiLabelSequenceClassificationSlice were not initialized from the model checkpoint at ./models/ernie1 and are newly initialized: ['lstm.weight_hh_l1', 'classifier.weight', 'lstm.weight_hh_l0', 'lstm.bias_hh_l0_reverse', 'classifier.bias', 'lstm.bias_ih_l0_reverse', 'output_layer_1.bias', 'lstm.bias_ih_l1', 'lstm.weight_ih_l0_reverse', 'lstm.bias_hh_l0', 'output_layer_1.weight', 'lstm.weight_ih_l0', 'lstm.weight_ih_l1_reverse', 'lstm.weight_ih_l1', 'lstm.bias_ih_l0', 'lstm.weight_hh_l0_reverse', 'lstm.bias_ih_l1_reverse', 'lstm.bias_hh_l1_reverse', 'lstm.bias_hh_l1', 'lstm.weight_hh_l1_reverse']
You should probably TRAIN this model on a down-stream task to be able to use it for predictions and inference.
1 GPUs are available. Let's use them.
device:  cuda
[KnowledgeGraph] Loading spo from /home/lyq2021/experiment/K-BERT-HUGGINGFACE/brain/kgs/CnDbpedia.spo
Start training.
Loading sentences from ./datasets/book_multilabels_task_slice/train.tsv
There are 9097 sentence in total. We use 1 processes to inject knowledge into sentences.
Progress of process 0: 0/9097
Loading sentences from ./datasets/book_multilabels_task_slice/dev.tsv
There are 2084 sentence in total. We use 1 processes to inject knowledge into sentences.
Progress of process 0: 0/2084
Loading sentences from ./datasets/book_multilabels_task_slice/test.tsv
There are 2067 sentence in total. We use 1 processes to inject knowledge into sentences.
Progress of process 0: 0/2067
Epoch id: 1, Training steps: 100, Avg loss: 0.141, Time: 0:00:40
Epoch id: 1, Training steps: 200, Avg loss: 0.085, Time: 0:01:21
Epoch id: 1, Training steps: 300, Avg loss: 0.084, Time: 0:02:03
Epoch id: 1, Training steps: 400, Avg loss: 0.079, Time: 0:02:44
Epoch id: 1, Training steps: 500, Avg loss: 0.074, Time: 0:03:26
Epoch id: 1, Training steps: 600, Avg loss: 0.070, Time: 0:04:08
Epoch id: 1, Training steps: 700, Avg loss: 0.067, Time: 0:04:50
Epoch id: 1, Training steps: 800, Avg loss: 0.064, Time: 0:05:31
Epoch id: 1, Training steps: 900, Avg loss: 0.064, Time: 0:06:13
Epoch id: 1, Training steps: 1000, Avg loss: 0.060, Time: 0:06:55
Epoch id: 1, Training steps: 1100, Avg loss: 0.056, Time: 0:07:36
Start evaluation on dev dataset.
/home/lyq2021/.conda/envs/lyq2021/lib/python3.10/site-packages/sklearn/metrics/_classification.py:1344: UndefinedMetricWarning: Precision is ill-defined and being set to 0.0 in samples with no predicted labels. Use `zero_division` parameter to control this behavior.
  _warn_prf(average, modifier, msg_start, len(result))
Acc. (Correct/Total):  0.29%% Prec: 0.0043 F1: 0.0038
Start evaluation on test dataset.
/home/lyq2021/.conda/envs/lyq2021/lib/python3.10/site-packages/sklearn/metrics/_classification.py:1344: UndefinedMetricWarning: Precision is ill-defined and being set to 0.0 in samples with no predicted labels. Use `zero_division` parameter to control this behavior.
  _warn_prf(average, modifier, msg_start, len(result))
Acc. (Correct/Total):  0.05%% Prec: 0.0010 F1: 0.0008
Epoch id: 2, Training steps: 100, Avg loss: 0.080, Time: 0:09:46
Epoch id: 2, Training steps: 200, Avg loss: 0.055, Time: 0:10:28
Epoch id: 2, Training steps: 300, Avg loss: 0.056, Time: 0:11:10
Epoch id: 2, Training steps: 400, Avg loss: 0.053, Time: 0:11:52
Epoch id: 2, Training steps: 500, Avg loss: 0.053, Time: 0:12:33
Epoch id: 2, Training steps: 600, Avg loss: 0.057, Time: 0:13:15
Epoch id: 2, Training steps: 700, Avg loss: 0.056, Time: 0:13:57
Epoch id: 2, Training steps: 800, Avg loss: 0.056, Time: 0:14:39
Epoch id: 2, Training steps: 900, Avg loss: 0.055, Time: 0:15:20
Epoch id: 2, Training steps: 1000, Avg loss: 0.056, Time: 0:16:02
Epoch id: 2, Training steps: 1100, Avg loss: 0.057, Time: 0:16:44
Start evaluation on dev dataset.
/home/lyq2021/.conda/envs/lyq2021/lib/python3.10/site-packages/sklearn/metrics/_classification.py:1344: UndefinedMetricWarning: Precision is ill-defined and being set to 0.0 in samples with no predicted labels. Use `zero_division` parameter to control this behavior.
  _warn_prf(average, modifier, msg_start, len(result))
Acc. (Correct/Total):  3.12%% Prec: 0.0437 F1: 0.0394
Start evaluation on test dataset.
/home/lyq2021/.conda/envs/lyq2021/lib/python3.10/site-packages/sklearn/metrics/_classification.py:1344: UndefinedMetricWarning: Precision is ill-defined and being set to 0.0 in samples with no predicted labels. Use `zero_division` parameter to control this behavior.
  _warn_prf(average, modifier, msg_start, len(result))
Acc. (Correct/Total):  4.69%% Prec: 0.0581 F1: 0.0543
Epoch id: 3, Training steps: 100, Avg loss: 0.077, Time: 0:18:53
Epoch id: 3, Training steps: 200, Avg loss: 0.053, Time: 0:19:35
Epoch id: 3, Training steps: 300, Avg loss: 0.055, Time: 0:20:16
Epoch id: 3, Training steps: 400, Avg loss: 0.055, Time: 0:20:58
Epoch id: 3, Training steps: 500, Avg loss: 0.051, Time: 0:21:40
Epoch id: 3, Training steps: 600, Avg loss: 0.051, Time: 0:22:21
Epoch id: 3, Training steps: 700, Avg loss: 0.052, Time: 0:23:03
Epoch id: 3, Training steps: 800, Avg loss: 0.051, Time: 0:23:44
Epoch id: 3, Training steps: 900, Avg loss: 0.052, Time: 0:24:26
Epoch id: 3, Training steps: 1000, Avg loss: 0.052, Time: 0:25:08
Epoch id: 3, Training steps: 1100, Avg loss: 0.047, Time: 0:25:49
Start evaluation on dev dataset.
/home/lyq2021/.conda/envs/lyq2021/lib/python3.10/site-packages/sklearn/metrics/_classification.py:1344: UndefinedMetricWarning: Precision is ill-defined and being set to 0.0 in samples with no predicted labels. Use `zero_division` parameter to control this behavior.
  _warn_prf(average, modifier, msg_start, len(result))
Acc. (Correct/Total):  5.09%% Prec: 0.1003 F1: 0.0838
Start evaluation on test dataset.
/home/lyq2021/.conda/envs/lyq2021/lib/python3.10/site-packages/sklearn/metrics/_classification.py:1344: UndefinedMetricWarning: Precision is ill-defined and being set to 0.0 in samples with no predicted labels. Use `zero_division` parameter to control this behavior.
  _warn_prf(average, modifier, msg_start, len(result))
Acc. (Correct/Total):  5.61%% Prec: 0.0958 F1: 0.0825
Epoch id: 4, Training steps: 100, Avg loss: 0.066, Time: 0:27:59
Epoch id: 4, Training steps: 200, Avg loss: 0.048, Time: 0:28:41
Epoch id: 4, Training steps: 300, Avg loss: 0.046, Time: 0:29:23
Epoch id: 4, Training steps: 400, Avg loss: 0.048, Time: 0:30:04
Epoch id: 4, Training steps: 500, Avg loss: 0.048, Time: 0:30:46
Epoch id: 4, Training steps: 600, Avg loss: 0.046, Time: 0:31:28
Epoch id: 4, Training steps: 700, Avg loss: 0.047, Time: 0:32:10
Epoch id: 4, Training steps: 800, Avg loss: 0.047, Time: 0:32:51
Epoch id: 4, Training steps: 900, Avg loss: 0.046, Time: 0:33:33
Epoch id: 4, Training steps: 1000, Avg loss: 0.046, Time: 0:34:15
Epoch id: 4, Training steps: 1100, Avg loss: 0.046, Time: 0:34:57
Start evaluation on dev dataset.
/home/lyq2021/.conda/envs/lyq2021/lib/python3.10/site-packages/sklearn/metrics/_classification.py:1344: UndefinedMetricWarning: Precision is ill-defined and being set to 0.0 in samples with no predicted labels. Use `zero_division` parameter to control this behavior.
  _warn_prf(average, modifier, msg_start, len(result))
Acc. (Correct/Total):  9.74%% Prec: 0.1643 F1: 0.1438
Start evaluation on test dataset.
/home/lyq2021/.conda/envs/lyq2021/lib/python3.10/site-packages/sklearn/metrics/_classification.py:1344: UndefinedMetricWarning: Precision is ill-defined and being set to 0.0 in samples with no predicted labels. Use `zero_division` parameter to control this behavior.
  _warn_prf(average, modifier, msg_start, len(result))
Acc. (Correct/Total): 10.50%% Prec: 0.1802 F1: 0.1554
Epoch id: 5, Training steps: 100, Avg loss: 0.059, Time: 0:37:06
Epoch id: 5, Training steps: 200, Avg loss: 0.041, Time: 0:37:48
Epoch id: 5, Training steps: 300, Avg loss: 0.046, Time: 0:38:29
Epoch id: 5, Training steps: 400, Avg loss: 0.046, Time: 0:39:11
Epoch id: 5, Training steps: 500, Avg loss: 0.043, Time: 0:39:53
Epoch id: 5, Training steps: 600, Avg loss: 0.042, Time: 0:40:34
Epoch id: 5, Training steps: 700, Avg loss: 0.043, Time: 0:41:16
Epoch id: 5, Training steps: 800, Avg loss: 0.040, Time: 0:41:57
Epoch id: 5, Training steps: 900, Avg loss: 0.044, Time: 0:42:39
Epoch id: 5, Training steps: 1000, Avg loss: 0.044, Time: 0:43:21
Epoch id: 5, Training steps: 1100, Avg loss: 0.040, Time: 0:44:02
Start evaluation on dev dataset.
/home/lyq2021/.conda/envs/lyq2021/lib/python3.10/site-packages/sklearn/metrics/_classification.py:1344: UndefinedMetricWarning: Precision is ill-defined and being set to 0.0 in samples with no predicted labels. Use `zero_division` parameter to control this behavior.
  _warn_prf(average, modifier, msg_start, len(result))
Acc. (Correct/Total): 10.27%% Prec: 0.1655 F1: 0.1479
Start evaluation on test dataset.
/home/lyq2021/.conda/envs/lyq2021/lib/python3.10/site-packages/sklearn/metrics/_classification.py:1344: UndefinedMetricWarning: Precision is ill-defined and being set to 0.0 in samples with no predicted labels. Use `zero_division` parameter to control this behavior.
  _warn_prf(average, modifier, msg_start, len(result))
Acc. (Correct/Total): 14.61%% Prec: 0.2448 F1: 0.2144
Epoch id: 6, Training steps: 100, Avg loss: 0.059, Time: 0:46:12
Epoch id: 6, Training steps: 200, Avg loss: 0.040, Time: 0:46:54
Epoch id: 6, Training steps: 300, Avg loss: 0.042, Time: 0:47:35
Epoch id: 6, Training steps: 400, Avg loss: 0.040, Time: 0:48:17
Epoch id: 6, Training steps: 500, Avg loss: 0.040, Time: 0:48:59
Epoch id: 6, Training steps: 600, Avg loss: 0.044, Time: 0:49:40
Epoch id: 6, Training steps: 700, Avg loss: 0.040, Time: 0:50:22
Epoch id: 6, Training steps: 800, Avg loss: 0.041, Time: 0:51:04
Epoch id: 6, Training steps: 900, Avg loss: 0.039, Time: 0:51:45
Epoch id: 6, Training steps: 1000, Avg loss: 0.038, Time: 0:52:27
Epoch id: 6, Training steps: 1100, Avg loss: 0.038, Time: 0:53:09
Start evaluation on dev dataset.
/home/lyq2021/.conda/envs/lyq2021/lib/python3.10/site-packages/sklearn/metrics/_classification.py:1344: UndefinedMetricWarning: Precision is ill-defined and being set to 0.0 in samples with no predicted labels. Use `zero_division` parameter to control this behavior.
  _warn_prf(average, modifier, msg_start, len(result))
Acc. (Correct/Total): 17.75%% Prec: 0.2934 F1: 0.2584
Start evaluation on test dataset.
/home/lyq2021/.conda/envs/lyq2021/lib/python3.10/site-packages/sklearn/metrics/_classification.py:1344: UndefinedMetricWarning: Precision is ill-defined and being set to 0.0 in samples with no predicted labels. Use `zero_division` parameter to control this behavior.
  _warn_prf(average, modifier, msg_start, len(result))
Acc. (Correct/Total): 19.50%% Prec: 0.3016 F1: 0.2690
Epoch id: 7, Training steps: 100, Avg loss: 0.053, Time: 0:55:18
Epoch id: 7, Training steps: 200, Avg loss: 0.035, Time: 0:56:00
Epoch id: 7, Training steps: 300, Avg loss: 0.038, Time: 0:56:42
Epoch id: 7, Training steps: 400, Avg loss: 0.040, Time: 0:57:24
Epoch id: 7, Training steps: 500, Avg loss: 0.038, Time: 0:58:06
Epoch id: 7, Training steps: 600, Avg loss: 0.037, Time: 0:58:47
Epoch id: 7, Training steps: 700, Avg loss: 0.040, Time: 0:59:29
Epoch id: 7, Training steps: 800, Avg loss: 0.037, Time: 1:00:11
Epoch id: 7, Training steps: 900, Avg loss: 0.038, Time: 1:00:53
Epoch id: 7, Training steps: 1000, Avg loss: 0.041, Time: 1:01:35
Epoch id: 7, Training steps: 1100, Avg loss: 0.039, Time: 1:02:17
Start evaluation on dev dataset.
/home/lyq2021/.conda/envs/lyq2021/lib/python3.10/site-packages/sklearn/metrics/_classification.py:1344: UndefinedMetricWarning: Precision is ill-defined and being set to 0.0 in samples with no predicted labels. Use `zero_division` parameter to control this behavior.
  _warn_prf(average, modifier, msg_start, len(result))
Acc. (Correct/Total): 20.68%% Prec: 0.3321 F1: 0.2929
Start evaluation on test dataset.
/home/lyq2021/.conda/envs/lyq2021/lib/python3.10/site-packages/sklearn/metrics/_classification.py:1344: UndefinedMetricWarning: Precision is ill-defined and being set to 0.0 in samples with no predicted labels. Use `zero_division` parameter to control this behavior.
  _warn_prf(average, modifier, msg_start, len(result))
Acc. (Correct/Total): 27.14%% Prec: 0.3701 F1: 0.3392
Epoch id: 8, Training steps: 100, Avg loss: 0.051, Time: 1:04:28
Epoch id: 8, Training steps: 200, Avg loss: 0.035, Time: 1:05:10
Epoch id: 8, Training steps: 300, Avg loss: 0.034, Time: 1:05:51
Epoch id: 8, Training steps: 400, Avg loss: 0.033, Time: 1:06:33
Epoch id: 8, Training steps: 500, Avg loss: 0.036, Time: 1:07:15
Epoch id: 8, Training steps: 600, Avg loss: 0.043, Time: 1:07:57
Epoch id: 8, Training steps: 700, Avg loss: 0.037, Time: 1:08:38
Epoch id: 8, Training steps: 800, Avg loss: 0.038, Time: 1:09:20
Epoch id: 8, Training steps: 900, Avg loss: 0.034, Time: 1:10:02
Epoch id: 8, Training steps: 1000, Avg loss: 0.035, Time: 1:10:43
Epoch id: 8, Training steps: 1100, Avg loss: 0.037, Time: 1:11:25
Start evaluation on dev dataset.
/home/lyq2021/.conda/envs/lyq2021/lib/python3.10/site-packages/sklearn/metrics/_classification.py:1344: UndefinedMetricWarning: Precision is ill-defined and being set to 0.0 in samples with no predicted labels. Use `zero_division` parameter to control this behavior.
  _warn_prf(average, modifier, msg_start, len(result))
Acc. (Correct/Total): 23.51%% Prec: 0.3584 F1: 0.3217
Start evaluation on test dataset.
/home/lyq2021/.conda/envs/lyq2021/lib/python3.10/site-packages/sklearn/metrics/_classification.py:1344: UndefinedMetricWarning: Precision is ill-defined and being set to 0.0 in samples with no predicted labels. Use `zero_division` parameter to control this behavior.
  _warn_prf(average, modifier, msg_start, len(result))
Acc. (Correct/Total): 28.93%% Prec: 0.4081 F1: 0.3714
Epoch id: 9, Training steps: 100, Avg loss: 0.046, Time: 1:13:34
Epoch id: 9, Training steps: 200, Avg loss: 0.032, Time: 1:14:16
Epoch id: 9, Training steps: 300, Avg loss: 0.031, Time: 1:14:58
Epoch id: 9, Training steps: 400, Avg loss: 0.034, Time: 1:15:39
Epoch id: 9, Training steps: 500, Avg loss: 0.032, Time: 1:16:21
Epoch id: 9, Training steps: 600, Avg loss: 0.033, Time: 1:17:03
Epoch id: 9, Training steps: 700, Avg loss: 0.033, Time: 1:17:45
Epoch id: 9, Training steps: 800, Avg loss: 0.032, Time: 1:18:26
Epoch id: 9, Training steps: 900, Avg loss: 0.032, Time: 1:19:08
Epoch id: 9, Training steps: 1000, Avg loss: 0.033, Time: 1:19:50
Epoch id: 9, Training steps: 1100, Avg loss: 0.031, Time: 1:20:31
Start evaluation on dev dataset.
/home/lyq2021/.conda/envs/lyq2021/lib/python3.10/site-packages/sklearn/metrics/_classification.py:1344: UndefinedMetricWarning: Precision is ill-defined and being set to 0.0 in samples with no predicted labels. Use `zero_division` parameter to control this behavior.
  _warn_prf(average, modifier, msg_start, len(result))
Acc. (Correct/Total): 28.45%% Prec: 0.4597 F1: 0.4061
Start evaluation on test dataset.
/home/lyq2021/.conda/envs/lyq2021/lib/python3.10/site-packages/sklearn/metrics/_classification.py:1344: UndefinedMetricWarning: Precision is ill-defined and being set to 0.0 in samples with no predicted labels. Use `zero_division` parameter to control this behavior.
  _warn_prf(average, modifier, msg_start, len(result))
Acc. (Correct/Total): 32.37%% Prec: 0.4940 F1: 0.4413
Epoch id: 10, Training steps: 100, Avg loss: 0.042, Time: 1:22:40
Epoch id: 10, Training steps: 200, Avg loss: 0.029, Time: 1:23:22
Epoch id: 10, Training steps: 300, Avg loss: 0.028, Time: 1:24:04
Epoch id: 10, Training steps: 400, Avg loss: 0.029, Time: 1:24:45
Epoch id: 10, Training steps: 500, Avg loss: 0.032, Time: 1:25:27
Epoch id: 10, Training steps: 600, Avg loss: 0.031, Time: 1:26:09
Epoch id: 10, Training steps: 700, Avg loss: 0.027, Time: 1:26:50
Epoch id: 10, Training steps: 800, Avg loss: 0.028, Time: 1:27:32
Epoch id: 10, Training steps: 900, Avg loss: 0.032, Time: 1:28:14
Epoch id: 10, Training steps: 1000, Avg loss: 0.031, Time: 1:28:55
Epoch id: 10, Training steps: 1100, Avg loss: 0.035, Time: 1:29:37
Start evaluation on dev dataset.
/home/lyq2021/.conda/envs/lyq2021/lib/python3.10/site-packages/sklearn/metrics/_classification.py:1344: UndefinedMetricWarning: Precision is ill-defined and being set to 0.0 in samples with no predicted labels. Use `zero_division` parameter to control this behavior.
  _warn_prf(average, modifier, msg_start, len(result))
Acc. (Correct/Total): 24.23%% Prec: 0.4071 F1: 0.3552
Epoch id: 11, Training steps: 100, Avg loss: 0.046, Time: 1:31:09
Epoch id: 11, Training steps: 200, Avg loss: 0.033, Time: 1:31:49
Epoch id: 11, Training steps: 300, Avg loss: 0.029, Time: 1:32:30
Epoch id: 11, Training steps: 400, Avg loss: 0.030, Time: 1:33:12
Epoch id: 11, Training steps: 500, Avg loss: 0.030, Time: 1:33:54
Epoch id: 11, Training steps: 600, Avg loss: 0.029, Time: 1:34:35
Epoch id: 11, Training steps: 700, Avg loss: 0.030, Time: 1:35:17
Epoch id: 11, Training steps: 800, Avg loss: 0.032, Time: 1:35:59
Epoch id: 11, Training steps: 900, Avg loss: 0.030, Time: 1:36:40
Epoch id: 11, Training steps: 1000, Avg loss: 0.030, Time: 1:37:22
Epoch id: 11, Training steps: 1100, Avg loss: 0.033, Time: 1:38:04
Start evaluation on dev dataset.
/home/lyq2021/.conda/envs/lyq2021/lib/python3.10/site-packages/sklearn/metrics/_classification.py:1344: UndefinedMetricWarning: Precision is ill-defined and being set to 0.0 in samples with no predicted labels. Use `zero_division` parameter to control this behavior.
  _warn_prf(average, modifier, msg_start, len(result))
Acc. (Correct/Total): 26.97%% Prec: 0.4297 F1: 0.3810
Epoch id: 12, Training steps: 100, Avg loss: 0.042, Time: 1:39:37
Epoch id: 12, Training steps: 200, Avg loss: 0.028, Time: 1:40:18
Epoch id: 12, Training steps: 300, Avg loss: 0.028, Time: 1:41:00
Epoch id: 12, Training steps: 400, Avg loss: 0.027, Time: 1:41:42
Epoch id: 12, Training steps: 500, Avg loss: 0.030, Time: 1:42:23
Epoch id: 12, Training steps: 600, Avg loss: 0.028, Time: 1:43:05
Epoch id: 12, Training steps: 700, Avg loss: 0.029, Time: 1:43:47
Epoch id: 12, Training steps: 800, Avg loss: 0.027, Time: 1:44:28
Epoch id: 12, Training steps: 900, Avg loss: 0.028, Time: 1:45:10
Epoch id: 12, Training steps: 1000, Avg loss: 0.028, Time: 1:45:51
Epoch id: 12, Training steps: 1100, Avg loss: 0.027, Time: 1:46:33
Start evaluation on dev dataset.
/home/lyq2021/.conda/envs/lyq2021/lib/python3.10/site-packages/sklearn/metrics/_classification.py:1344: UndefinedMetricWarning: Precision is ill-defined and being set to 0.0 in samples with no predicted labels. Use `zero_division` parameter to control this behavior.
  _warn_prf(average, modifier, msg_start, len(result))
Acc. (Correct/Total): 33.21%% Prec: 0.5254 F1: 0.4686
Start evaluation on test dataset.
/home/lyq2021/.conda/envs/lyq2021/lib/python3.10/site-packages/sklearn/metrics/_classification.py:1344: UndefinedMetricWarning: Precision is ill-defined and being set to 0.0 in samples with no predicted labels. Use `zero_division` parameter to control this behavior.
  _warn_prf(average, modifier, msg_start, len(result))
Acc. (Correct/Total): 34.83%% Prec: 0.5266 F1: 0.4736
Epoch id: 13, Training steps: 100, Avg loss: 0.037, Time: 1:48:42
Epoch id: 13, Training steps: 200, Avg loss: 0.025, Time: 1:49:24
Epoch id: 13, Training steps: 300, Avg loss: 0.027, Time: 1:50:06
Epoch id: 13, Training steps: 400, Avg loss: 0.027, Time: 1:50:47
Epoch id: 13, Training steps: 500, Avg loss: 0.028, Time: 1:51:29
Epoch id: 13, Training steps: 600, Avg loss: 0.027, Time: 1:52:11
Epoch id: 13, Training steps: 700, Avg loss: 0.027, Time: 1:52:52
Epoch id: 13, Training steps: 800, Avg loss: 0.026, Time: 1:53:34
Epoch id: 13, Training steps: 900, Avg loss: 0.024, Time: 1:54:16
Epoch id: 13, Training steps: 1000, Avg loss: 0.026, Time: 1:54:57
Epoch id: 13, Training steps: 1100, Avg loss: 0.027, Time: 1:55:39
Start evaluation on dev dataset.
/home/lyq2021/.conda/envs/lyq2021/lib/python3.10/site-packages/sklearn/metrics/_classification.py:1344: UndefinedMetricWarning: Precision is ill-defined and being set to 0.0 in samples with no predicted labels. Use `zero_division` parameter to control this behavior.
  _warn_prf(average, modifier, msg_start, len(result))
Acc. (Correct/Total): 32.73%% Prec: 0.5350 F1: 0.4727
Epoch id: 14, Training steps: 100, Avg loss: 0.031, Time: 1:57:12
Epoch id: 14, Training steps: 200, Avg loss: 0.026, Time: 1:57:53
Epoch id: 14, Training steps: 300, Avg loss: 0.025, Time: 1:58:35
Epoch id: 14, Training steps: 400, Avg loss: 0.027, Time: 1:59:17
Epoch id: 14, Training steps: 500, Avg loss: 0.025, Time: 1:59:58
Epoch id: 14, Training steps: 600, Avg loss: 0.025, Time: 2:00:40
Epoch id: 14, Training steps: 700, Avg loss: 0.027, Time: 2:01:22
Epoch id: 14, Training steps: 800, Avg loss: 0.026, Time: 2:02:03
Epoch id: 14, Training steps: 900, Avg loss: 0.024, Time: 2:02:45
Epoch id: 14, Training steps: 1000, Avg loss: 0.023, Time: 2:03:26
Epoch id: 14, Training steps: 1100, Avg loss: 0.024, Time: 2:04:08
Start evaluation on dev dataset.
/home/lyq2021/.conda/envs/lyq2021/lib/python3.10/site-packages/sklearn/metrics/_classification.py:1344: UndefinedMetricWarning: Precision is ill-defined and being set to 0.0 in samples with no predicted labels. Use `zero_division` parameter to control this behavior.
  _warn_prf(average, modifier, msg_start, len(result))
Acc. (Correct/Total): 36.42%% Prec: 0.5613 F1: 0.5069
Start evaluation on test dataset.
/home/lyq2021/.conda/envs/lyq2021/lib/python3.10/site-packages/sklearn/metrics/_classification.py:1344: UndefinedMetricWarning: Precision is ill-defined and being set to 0.0 in samples with no predicted labels. Use `zero_division` parameter to control this behavior.
  _warn_prf(average, modifier, msg_start, len(result))
Acc. (Correct/Total): 41.17%% Prec: 0.5968 F1: 0.5436
Epoch id: 15, Training steps: 100, Avg loss: 0.035, Time: 2:06:17
Epoch id: 15, Training steps: 200, Avg loss: 0.029, Time: 2:06:58
Epoch id: 15, Training steps: 300, Avg loss: 0.031, Time: 2:07:40
Epoch id: 15, Training steps: 400, Avg loss: 0.030, Time: 2:08:22
Epoch id: 15, Training steps: 500, Avg loss: 0.028, Time: 2:09:03
Epoch id: 15, Training steps: 600, Avg loss: 0.026, Time: 2:09:45
Epoch id: 15, Training steps: 700, Avg loss: 0.025, Time: 2:10:27
Epoch id: 15, Training steps: 800, Avg loss: 0.024, Time: 2:11:08
Epoch id: 15, Training steps: 900, Avg loss: 0.022, Time: 2:11:50
Epoch id: 15, Training steps: 1000, Avg loss: 0.023, Time: 2:12:31
Epoch id: 15, Training steps: 1100, Avg loss: 0.023, Time: 2:13:13
Start evaluation on dev dataset.
/home/lyq2021/.conda/envs/lyq2021/lib/python3.10/site-packages/sklearn/metrics/_classification.py:1344: UndefinedMetricWarning: Precision is ill-defined and being set to 0.0 in samples with no predicted labels. Use `zero_division` parameter to control this behavior.
  _warn_prf(average, modifier, msg_start, len(result))
Acc. (Correct/Total): 38.63%% Prec: 0.5878 F1: 0.5295
Start evaluation on test dataset.
/home/lyq2021/.conda/envs/lyq2021/lib/python3.10/site-packages/sklearn/metrics/_classification.py:1344: UndefinedMetricWarning: Precision is ill-defined and being set to 0.0 in samples with no predicted labels. Use `zero_division` parameter to control this behavior.
  _warn_prf(average, modifier, msg_start, len(result))
Acc. (Correct/Total): 40.59%% Prec: 0.5946 F1: 0.5392
Epoch id: 16, Training steps: 100, Avg loss: 0.030, Time: 2:15:22
Epoch id: 16, Training steps: 200, Avg loss: 0.021, Time: 2:16:04
Epoch id: 16, Training steps: 300, Avg loss: 0.020, Time: 2:16:45
Epoch id: 16, Training steps: 400, Avg loss: 0.021, Time: 2:17:27
Epoch id: 16, Training steps: 500, Avg loss: 0.023, Time: 2:18:09
Epoch id: 16, Training steps: 600, Avg loss: 0.022, Time: 2:18:50
Epoch id: 16, Training steps: 700, Avg loss: 0.022, Time: 2:19:32
Epoch id: 16, Training steps: 800, Avg loss: 0.024, Time: 2:20:13
Epoch id: 16, Training steps: 900, Avg loss: 0.021, Time: 2:20:55
Epoch id: 16, Training steps: 1000, Avg loss: 0.022, Time: 2:21:37
Epoch id: 16, Training steps: 1100, Avg loss: 0.024, Time: 2:22:18
Start evaluation on dev dataset.
/home/lyq2021/.conda/envs/lyq2021/lib/python3.10/site-packages/sklearn/metrics/_classification.py:1344: UndefinedMetricWarning: Precision is ill-defined and being set to 0.0 in samples with no predicted labels. Use `zero_division` parameter to control this behavior.
  _warn_prf(average, modifier, msg_start, len(result))
Acc. (Correct/Total): 38.92%% Prec: 0.5821 F1: 0.5256
Start evaluation on test dataset.
/home/lyq2021/.conda/envs/lyq2021/lib/python3.10/site-packages/sklearn/metrics/_classification.py:1344: UndefinedMetricWarning: Precision is ill-defined and being set to 0.0 in samples with no predicted labels. Use `zero_division` parameter to control this behavior.
  _warn_prf(average, modifier, msg_start, len(result))
Acc. (Correct/Total): 43.64%% Prec: 0.6205 F1: 0.5667
Epoch id: 17, Training steps: 100, Avg loss: 0.030, Time: 2:24:27
Epoch id: 17, Training steps: 200, Avg loss: 0.021, Time: 2:25:09
Epoch id: 17, Training steps: 300, Avg loss: 0.020, Time: 2:25:50
Epoch id: 17, Training steps: 400, Avg loss: 0.019, Time: 2:26:32
Epoch id: 17, Training steps: 500, Avg loss: 0.021, Time: 2:27:14
Epoch id: 17, Training steps: 600, Avg loss: 0.018, Time: 2:27:55
Epoch id: 17, Training steps: 700, Avg loss: 0.019, Time: 2:28:37
Epoch id: 17, Training steps: 800, Avg loss: 0.020, Time: 2:29:19
Epoch id: 17, Training steps: 900, Avg loss: 0.021, Time: 2:30:00
Epoch id: 17, Training steps: 1000, Avg loss: 0.023, Time: 2:30:42
Epoch id: 17, Training steps: 1100, Avg loss: 0.021, Time: 2:31:23
Start evaluation on dev dataset.
/home/lyq2021/.conda/envs/lyq2021/lib/python3.10/site-packages/sklearn/metrics/_classification.py:1344: UndefinedMetricWarning: Precision is ill-defined and being set to 0.0 in samples with no predicted labels. Use `zero_division` parameter to control this behavior.
  _warn_prf(average, modifier, msg_start, len(result))
Acc. (Correct/Total): 37.72%% Prec: 0.5789 F1: 0.5250
Epoch id: 18, Training steps: 100, Avg loss: 0.026, Time: 2:32:56
Epoch id: 18, Training steps: 200, Avg loss: 0.017, Time: 2:33:38
Epoch id: 18, Training steps: 300, Avg loss: 0.017, Time: 2:34:20
Epoch id: 18, Training steps: 400, Avg loss: 0.019, Time: 2:35:01
Epoch id: 18, Training steps: 500, Avg loss: 0.019, Time: 2:35:43
Epoch id: 18, Training steps: 600, Avg loss: 0.020, Time: 2:36:25
Epoch id: 18, Training steps: 700, Avg loss: 0.019, Time: 2:37:06
Epoch id: 18, Training steps: 800, Avg loss: 0.019, Time: 2:37:48
Epoch id: 18, Training steps: 900, Avg loss: 0.019, Time: 2:38:30
Epoch id: 18, Training steps: 1000, Avg loss: 0.020, Time: 2:39:11
Epoch id: 18, Training steps: 1100, Avg loss: 0.019, Time: 2:39:53
Start evaluation on dev dataset.
/home/lyq2021/.conda/envs/lyq2021/lib/python3.10/site-packages/sklearn/metrics/_classification.py:1344: UndefinedMetricWarning: Precision is ill-defined and being set to 0.0 in samples with no predicted labels. Use `zero_division` parameter to control this behavior.
  _warn_prf(average, modifier, msg_start, len(result))
Acc. (Correct/Total): 42.42%% Prec: 0.6284 F1: 0.5763
Start evaluation on test dataset.
/home/lyq2021/.conda/envs/lyq2021/lib/python3.10/site-packages/sklearn/metrics/_classification.py:1344: UndefinedMetricWarning: Precision is ill-defined and being set to 0.0 in samples with no predicted labels. Use `zero_division` parameter to control this behavior.
  _warn_prf(average, modifier, msg_start, len(result))
Acc. (Correct/Total): 46.88%% Prec: 0.6648 F1: 0.6085
Epoch id: 19, Training steps: 100, Avg loss: 0.025, Time: 2:42:02
Epoch id: 19, Training steps: 200, Avg loss: 0.018, Time: 2:42:43
Epoch id: 19, Training steps: 300, Avg loss: 0.016, Time: 2:43:25
Epoch id: 19, Training steps: 400, Avg loss: 0.015, Time: 2:44:07
Epoch id: 19, Training steps: 500, Avg loss: 0.017, Time: 2:44:48
Epoch id: 19, Training steps: 600, Avg loss: 0.017, Time: 2:45:30
Epoch id: 19, Training steps: 700, Avg loss: 0.017, Time: 2:46:12
Epoch id: 19, Training steps: 800, Avg loss: 0.018, Time: 2:46:53
Epoch id: 19, Training steps: 900, Avg loss: 0.019, Time: 2:47:35
Epoch id: 19, Training steps: 1000, Avg loss: 0.019, Time: 2:48:16
Epoch id: 19, Training steps: 1100, Avg loss: 0.019, Time: 2:48:58
Start evaluation on dev dataset.
/home/lyq2021/.conda/envs/lyq2021/lib/python3.10/site-packages/sklearn/metrics/_classification.py:1344: UndefinedMetricWarning: Precision is ill-defined and being set to 0.0 in samples with no predicted labels. Use `zero_division` parameter to control this behavior.
  _warn_prf(average, modifier, msg_start, len(result))
Acc. (Correct/Total): 39.88%% Prec: 0.6196 F1: 0.5579
Epoch id: 20, Training steps: 100, Avg loss: 0.025, Time: 2:50:31
Epoch id: 20, Training steps: 200, Avg loss: 0.015, Time: 2:51:13
Epoch id: 20, Training steps: 300, Avg loss: 0.016, Time: 2:51:54
Epoch id: 20, Training steps: 400, Avg loss: 0.015, Time: 2:52:36
Epoch id: 20, Training steps: 500, Avg loss: 0.016, Time: 2:53:18
Epoch id: 20, Training steps: 600, Avg loss: 0.016, Time: 2:53:59
Epoch id: 20, Training steps: 700, Avg loss: 0.016, Time: 2:54:40
Epoch id: 20, Training steps: 800, Avg loss: 0.017, Time: 2:55:21
Epoch id: 20, Training steps: 900, Avg loss: 0.016, Time: 2:56:02
Epoch id: 20, Training steps: 1000, Avg loss: 0.016, Time: 2:56:44
Epoch id: 20, Training steps: 1100, Avg loss: 0.015, Time: 2:57:25
Start evaluation on dev dataset.
/home/lyq2021/.conda/envs/lyq2021/lib/python3.10/site-packages/sklearn/metrics/_classification.py:1344: UndefinedMetricWarning: Precision is ill-defined and being set to 0.0 in samples with no predicted labels. Use `zero_division` parameter to control this behavior.
  _warn_prf(average, modifier, msg_start, len(result))
Acc. (Correct/Total): 40.40%% Prec: 0.6219 F1: 0.5630
Final evaluation on the test dataset.
The number of evaluation instances:  2067
/home/lyq2021/.conda/envs/lyq2021/lib/python3.10/site-packages/sklearn/metrics/_classification.py:1344: UndefinedMetricWarning: Precision is ill-defined and being set to 0.0 in samples with no predicted labels. Use `zero_division` parameter to control this behavior.
  _warn_prf(average, modifier, msg_start, len(result))
/home/lyq2021/.conda/envs/lyq2021/lib/python3.10/site-packages/sklearn/metrics/_classification.py:1344: UndefinedMetricWarning: Precision and F-score are ill-defined and being set to 0.0 in labels with no predicted samples. Use `zero_division` parameter to control this behavior.
  _warn_prf(average, modifier, msg_start, len(result))
/home/lyq2021/.conda/envs/lyq2021/lib/python3.10/site-packages/sklearn/metrics/_classification.py:1344: UndefinedMetricWarning: Precision and F-score are ill-defined and being set to 0.0 in samples with no predicted labels. Use `zero_division` parameter to control this behavior.
  _warn_prf(average, modifier, msg_start, len(result))
Acc. (Correct/Total): 46.88% Prec: 0.6648 F1: 0.6085
Precision, Recall and F1-Score...
              precision    recall  f1-score   support

         教育学     0.8653    0.8797    0.8724       241
          法学     0.8775    0.7991    0.8364       224
      中国语言文学     0.8958    0.6973    0.7842       185
         政治学     0.7841    0.4233    0.5498       163
         社会学     0.8710    0.6879    0.7687       157
         心理学     0.8068    0.5772    0.6730       123
       应用经济学     0.7176    0.5214    0.6040       117
         历史学     0.8356    0.5596    0.6703       109
     环境科学与工程     0.8627    0.8148    0.8381       108
          哲学     0.8049    0.3402    0.4783        97
      外国语言文学     0.7414    0.5059    0.6014        85
         生物学     0.8254    0.6582    0.7324        79
      交通运输工程     0.8481    0.8590    0.8535        78
        临床医学     0.9189    0.4474    0.6018        76
    计算机科学与技术     0.9412    0.2254    0.3636        71
        土木工程     0.8714    0.9242    0.8971        66
   航空宇航科学与技术     0.9245    0.8033    0.8596        61
         民族学     0.6061    0.3636    0.4545        55
   公共卫生与预防医学     0.6400    0.3137    0.4211        51
         美术学     0.8136    0.9600    0.8807        50
         艺术学     0.6667    0.6047    0.6341        43
         地理学     0.8889    0.3810    0.5333        42
         体育学     0.9000    0.2250    0.3600        40
       理论经济学     0.9167    0.2895    0.4400        38
         中医学     0.7021    0.8919    0.7857        37
         物理学     0.6383    0.8333    0.7229        36
          林学     0.6364    0.6364    0.6364        33
          数学     0.7500    0.3750    0.5000        32
     电子科学与技术     0.7500    0.2903    0.4186        31
        基础医学     0.5294    0.3103    0.3913        29
        工商管理     1.0000    0.1852    0.3125        27
       新闻传播学     0.6818    0.6818    0.6818        22
         天文学     0.6129    0.8636    0.7170        22
         地质学     0.8000    0.3810    0.5161        21
         畜牧学     0.7308    0.9048    0.8085        21
   军事思想及军事历史     0.8000    0.6000    0.6857        20
     管理科学与工程     0.5625    0.5000    0.5294        18
     测绘科学与技术     0.7500    0.5294    0.6207        17
        水利工程     0.6667    0.1250    0.2105        16
        大气科学     0.4783    0.6875    0.5641        16
     兵器科学与技术     0.7500    0.4000    0.5217        15
       地球物理学     1.0000    0.0714    0.1333        14
        电气工程     0.4000    0.1538    0.2222        13
         作物学     0.6000    0.4615    0.5217        13
     控制科学与工程     0.0000    0.0000    0.0000        13
     信息与通信工程     0.0000    0.0000    0.0000        13
        公共管理     0.0000    0.0000    0.0000        13
         建筑学     0.0000    0.0000    0.0000        13
     化学工程与技术     0.0000    0.0000    0.0000        12
          力学     0.6667    0.1818    0.2857        11
        海洋科学     0.0000    0.0000    0.0000        11
     轻工技术与工程     0.0000    0.0000    0.0000        11
        农业工程     0.0000    0.0000    0.0000        10
         园艺学     0.0000    0.0000    0.0000        10
       中西医结合     1.0000    0.9000    0.9474        10
        机械工程     0.0000    0.0000    0.0000         9
       科学技术史     1.0000    0.2500    0.4000         8
     船舶与海洋工程     0.6667    0.2500    0.3636         8
   图书情报与档案管理     1.0000    0.3750    0.5455         8
        植物保护     1.0000    0.1250    0.2222         8
     材料科学与工程     1.0000    0.1250    0.2222         8
         统计学     0.6000    0.3750    0.4615         8
          化学     1.0000    0.6250    0.7692         8
     食品科学与工程     0.0000    0.0000    0.0000         8
          水产     0.0000    0.0000    0.0000         7
          药学     0.0000    0.0000    0.0000         7
     农业资源与环境     0.0000    0.0000    0.0000         7
         世界史     0.6667    0.2857    0.4000         7
        系统科学     1.0000    0.1429    0.2500         7
      农林经济管理     0.0000    0.0000    0.0000         5
       军队指挥学     0.0000    0.0000    0.0000         5
        矿业工程     0.0000    0.0000    0.0000         5
     纺织科学与工程     0.6667    0.8000    0.7273         5
  动力工程及工程热物理     0.0000    0.0000    0.0000         4
        林业工程     0.0000    0.0000    0.0000         4
     仪器科学与技术     0.0000    0.0000    0.0000         3
         战略学     0.0000    0.0000    0.0000         3
   地质资源与地质工程     0.0000    0.0000    0.0000         3
        旅游管理     0.0000    0.0000    0.0000         3
 图书馆、情报与档案管理     0.0000    0.0000    0.0000         2
        冶金工程     0.0000    0.0000    0.0000         2
      核科学与技术     0.0000    0.0000    0.0000         2

   micro avg     0.8081    0.5664    0.6660      3093
   macro avg     0.5357    0.3436    0.3878      3093
weighted avg     0.7654    0.5664    0.6273      3093
 samples avg     0.6648    0.5839    0.6085      3093

