  0%|          | 0/82 [00:00<?, ?it/s]100%|██████████| 82/82 [00:00<00:00, 1165874.33it/s]
model:  ernie-rcnn
pretrained:  ernie1
task:  MLC-slice
dataset:  book_multilabels_task
seq_length:  256
hidden_dropout_prob:  0.1
attention_probs_dropout_prob:  0.1
epochs_num:  40
batch_size:  8
learning_rate:  2e-05
report_steps:  100
kg_name:  CnDbpedia
no_kg:  False
no_vm:  False
Vocabulary Size:  17964
[BertClassifier] use visible_matrix: True
Some weights of the model checkpoint at ./models/ernie1 were not used when initializing ErnieRCNNForMultiLabelSequenceClassificationSlice: ['cls.predictions.bias', 'cls.predictions.transform.dense.bias', 'cls.predictions.transform.LayerNorm.bias', 'cls.predictions.transform.LayerNorm.weight', 'ernie.pooler.dense.bias', 'cls.predictions.transform.dense.weight', 'ernie.pooler.dense.weight']
- This IS expected if you are initializing ErnieRCNNForMultiLabelSequenceClassificationSlice from the checkpoint of a model trained on another task or with another architecture (e.g. initializing a BertForSequenceClassification model from a BertForPreTraining model).
- This IS NOT expected if you are initializing ErnieRCNNForMultiLabelSequenceClassificationSlice from the checkpoint of a model that you expect to be exactly identical (initializing a BertForSequenceClassification model from a BertForSequenceClassification model).
Some weights of ErnieRCNNForMultiLabelSequenceClassificationSlice were not initialized from the model checkpoint at ./models/ernie1 and are newly initialized: ['lstm.bias_ih_l1', 'lstm.weight_ih_l0', 'lstm.weight_ih_l1_reverse', 'output_layer_1.bias', 'lstm.bias_hh_l1', 'lstm.weight_ih_l0_reverse', 'lstm.weight_hh_l0', 'lstm.weight_hh_l1_reverse', 'lstm.weight_hh_l0_reverse', 'classifier.bias', 'lstm.bias_ih_l0', 'output_layer_1.weight', 'lstm.bias_ih_l1_reverse', 'lstm.bias_ih_l0_reverse', 'lstm.bias_hh_l0', 'classifier.weight', 'lstm.bias_hh_l0_reverse', 'lstm.weight_hh_l1', 'lstm.weight_ih_l1', 'lstm.bias_hh_l1_reverse']
You should probably TRAIN this model on a down-stream task to be able to use it for predictions and inference.
1 GPUs are available. Let's use them.
device:  cuda
[KnowledgeGraph] Loading spo from /home/lyq2021/experiment/K-BERT-HUGGINGFACE/brain/kgs/CnDbpedia.spo
Start training.
Loading sentences from ./datasets/book_multilabels_task/train.tsv
There are 9097 sentence in total. We use 1 processes to inject knowledge into sentences.
Progress of process 0: 0/9097
Loading sentences from ./datasets/book_multilabels_task/dev.tsv
There are 2084 sentence in total. We use 1 processes to inject knowledge into sentences.
Progress of process 0: 0/2084
Loading sentences from ./datasets/book_multilabels_task/test.tsv
There are 2067 sentence in total. We use 1 processes to inject knowledge into sentences.
Progress of process 0: 0/2067
Epoch id: 1, Training steps: 100, Avg loss: 0.300, Time: 0:00:40
Epoch id: 1, Training steps: 200, Avg loss: 0.109, Time: 0:01:22
Epoch id: 1, Training steps: 300, Avg loss: 0.090, Time: 0:02:03
Epoch id: 1, Training steps: 400, Avg loss: 0.086, Time: 0:02:45
Epoch id: 1, Training steps: 500, Avg loss: 0.083, Time: 0:03:27
Epoch id: 1, Training steps: 600, Avg loss: 0.083, Time: 0:04:08
Epoch id: 1, Training steps: 700, Avg loss: 0.081, Time: 0:04:50
Epoch id: 1, Training steps: 800, Avg loss: 0.076, Time: 0:05:32
Epoch id: 1, Training steps: 900, Avg loss: 0.070, Time: 0:06:14
Epoch id: 1, Training steps: 1000, Avg loss: 0.066, Time: 0:06:55
Epoch id: 1, Training steps: 1100, Avg loss: 0.059, Time: 0:07:37
Start evaluation on dev dataset.
/home/lyq2021/.conda/envs/lyq2021/lib/python3.10/site-packages/sklearn/metrics/_classification.py:1344: UndefinedMetricWarning: Precision is ill-defined and being set to 0.0 in samples with no predicted labels. Use `zero_division` parameter to control this behavior.
  _warn_prf(average, modifier, msg_start, len(result))
Acc. (Correct/Total): 13.58%% Prec: 0.1943 F1: 0.1757
Start evaluation on test dataset.
/home/lyq2021/.conda/envs/lyq2021/lib/python3.10/site-packages/sklearn/metrics/_classification.py:1344: UndefinedMetricWarning: Precision is ill-defined and being set to 0.0 in samples with no predicted labels. Use `zero_division` parameter to control this behavior.
  _warn_prf(average, modifier, msg_start, len(result))
Acc. (Correct/Total): 14.71%% Prec: 0.2431 F1: 0.2113
Epoch id: 2, Training steps: 100, Avg loss: 0.078, Time: 0:09:47
Epoch id: 2, Training steps: 200, Avg loss: 0.053, Time: 0:10:29
Epoch id: 2, Training steps: 300, Avg loss: 0.049, Time: 0:11:11
Epoch id: 2, Training steps: 400, Avg loss: 0.047, Time: 0:11:52
Epoch id: 2, Training steps: 500, Avg loss: 0.045, Time: 0:12:34
Epoch id: 2, Training steps: 600, Avg loss: 0.043, Time: 0:13:16
Epoch id: 2, Training steps: 700, Avg loss: 0.042, Time: 0:13:58
Epoch id: 2, Training steps: 800, Avg loss: 0.041, Time: 0:14:40
Epoch id: 2, Training steps: 900, Avg loss: 0.040, Time: 0:15:21
Epoch id: 2, Training steps: 1000, Avg loss: 0.038, Time: 0:16:03
Epoch id: 2, Training steps: 1100, Avg loss: 0.036, Time: 0:16:45
Start evaluation on dev dataset.
/home/lyq2021/.conda/envs/lyq2021/lib/python3.10/site-packages/sklearn/metrics/_classification.py:1344: UndefinedMetricWarning: Precision is ill-defined and being set to 0.0 in samples with no predicted labels. Use `zero_division` parameter to control this behavior.
  _warn_prf(average, modifier, msg_start, len(result))
Acc. (Correct/Total): 26.34%% Prec: 0.3805 F1: 0.3433
Start evaluation on test dataset.
/home/lyq2021/.conda/envs/lyq2021/lib/python3.10/site-packages/sklearn/metrics/_classification.py:1344: UndefinedMetricWarning: Precision is ill-defined and being set to 0.0 in samples with no predicted labels. Use `zero_division` parameter to control this behavior.
  _warn_prf(average, modifier, msg_start, len(result))
Acc. (Correct/Total): 32.32%% Prec: 0.4289 F1: 0.3964
Epoch id: 3, Training steps: 100, Avg loss: 0.047, Time: 0:18:54
Epoch id: 3, Training steps: 200, Avg loss: 0.032, Time: 0:19:36
Epoch id: 3, Training steps: 300, Avg loss: 0.033, Time: 0:20:18
Epoch id: 3, Training steps: 400, Avg loss: 0.033, Time: 0:21:00
Epoch id: 3, Training steps: 500, Avg loss: 0.031, Time: 0:21:42
Epoch id: 3, Training steps: 600, Avg loss: 0.030, Time: 0:22:23
Epoch id: 3, Training steps: 700, Avg loss: 0.031, Time: 0:23:05
Epoch id: 3, Training steps: 800, Avg loss: 0.031, Time: 0:23:47
Epoch id: 3, Training steps: 900, Avg loss: 0.030, Time: 0:24:29
Epoch id: 3, Training steps: 1000, Avg loss: 0.029, Time: 0:25:10
Epoch id: 3, Training steps: 1100, Avg loss: 0.026, Time: 0:25:52
Start evaluation on dev dataset.
/home/lyq2021/.conda/envs/lyq2021/lib/python3.10/site-packages/sklearn/metrics/_classification.py:1344: UndefinedMetricWarning: Precision is ill-defined and being set to 0.0 in samples with no predicted labels. Use `zero_division` parameter to control this behavior.
  _warn_prf(average, modifier, msg_start, len(result))
Acc. (Correct/Total): 28.50%% Prec: 0.4422 F1: 0.3910
Start evaluation on test dataset.
/home/lyq2021/.conda/envs/lyq2021/lib/python3.10/site-packages/sklearn/metrics/_classification.py:1344: UndefinedMetricWarning: Precision is ill-defined and being set to 0.0 in samples with no predicted labels. Use `zero_division` parameter to control this behavior.
  _warn_prf(average, modifier, msg_start, len(result))
Acc. (Correct/Total): 33.14%% Prec: 0.4790 F1: 0.4310
Epoch id: 4, Training steps: 100, Avg loss: 0.037, Time: 0:28:02
Epoch id: 4, Training steps: 200, Avg loss: 0.025, Time: 0:28:44
Epoch id: 4, Training steps: 300, Avg loss: 0.024, Time: 0:29:26
Epoch id: 4, Training steps: 400, Avg loss: 0.024, Time: 0:30:08
Epoch id: 4, Training steps: 500, Avg loss: 0.024, Time: 0:30:49
Epoch id: 4, Training steps: 600, Avg loss: 0.023, Time: 0:31:31
Epoch id: 4, Training steps: 700, Avg loss: 0.025, Time: 0:32:13
Epoch id: 4, Training steps: 800, Avg loss: 0.023, Time: 0:32:55
Epoch id: 4, Training steps: 900, Avg loss: 0.022, Time: 0:33:37
Epoch id: 4, Training steps: 1000, Avg loss: 0.023, Time: 0:34:18
Epoch id: 4, Training steps: 1100, Avg loss: 0.022, Time: 0:35:00
Start evaluation on dev dataset.
/home/lyq2021/.conda/envs/lyq2021/lib/python3.10/site-packages/sklearn/metrics/_classification.py:1344: UndefinedMetricWarning: Precision is ill-defined and being set to 0.0 in samples with no predicted labels. Use `zero_division` parameter to control this behavior.
  _warn_prf(average, modifier, msg_start, len(result))
Acc. (Correct/Total): 36.56%% Prec: 0.5482 F1: 0.4910
Start evaluation on test dataset.
/home/lyq2021/.conda/envs/lyq2021/lib/python3.10/site-packages/sklearn/metrics/_classification.py:1344: UndefinedMetricWarning: Precision is ill-defined and being set to 0.0 in samples with no predicted labels. Use `zero_division` parameter to control this behavior.
  _warn_prf(average, modifier, msg_start, len(result))
Acc. (Correct/Total): 40.15%% Prec: 0.5861 F1: 0.5266
Epoch id: 5, Training steps: 100, Avg loss: 0.027, Time: 0:37:10
Epoch id: 5, Training steps: 200, Avg loss: 0.020, Time: 0:37:51
Epoch id: 5, Training steps: 300, Avg loss: 0.020, Time: 0:38:33
Epoch id: 5, Training steps: 400, Avg loss: 0.020, Time: 0:39:15
Epoch id: 5, Training steps: 500, Avg loss: 0.020, Time: 0:39:57
Epoch id: 5, Training steps: 600, Avg loss: 0.020, Time: 0:40:39
Epoch id: 5, Training steps: 700, Avg loss: 0.020, Time: 0:41:20
Epoch id: 5, Training steps: 800, Avg loss: 0.018, Time: 0:42:02
Epoch id: 5, Training steps: 900, Avg loss: 0.020, Time: 0:42:44
Epoch id: 5, Training steps: 1000, Avg loss: 0.019, Time: 0:43:26
Epoch id: 5, Training steps: 1100, Avg loss: 0.018, Time: 0:44:07
Start evaluation on dev dataset.
/home/lyq2021/.conda/envs/lyq2021/lib/python3.10/site-packages/sklearn/metrics/_classification.py:1344: UndefinedMetricWarning: Precision is ill-defined and being set to 0.0 in samples with no predicted labels. Use `zero_division` parameter to control this behavior.
  _warn_prf(average, modifier, msg_start, len(result))
Acc. (Correct/Total): 42.85%% Prec: 0.6382 F1: 0.5747
Start evaluation on test dataset.
/home/lyq2021/.conda/envs/lyq2021/lib/python3.10/site-packages/sklearn/metrics/_classification.py:1344: UndefinedMetricWarning: Precision is ill-defined and being set to 0.0 in samples with no predicted labels. Use `zero_division` parameter to control this behavior.
  _warn_prf(average, modifier, msg_start, len(result))
Acc. (Correct/Total): 49.15%% Prec: 0.6921 F1: 0.6298
Epoch id: 6, Training steps: 100, Avg loss: 0.024, Time: 0:46:18
Epoch id: 6, Training steps: 200, Avg loss: 0.016, Time: 0:46:59
Epoch id: 6, Training steps: 300, Avg loss: 0.016, Time: 0:47:41
Epoch id: 6, Training steps: 400, Avg loss: 0.016, Time: 0:48:23
Epoch id: 6, Training steps: 500, Avg loss: 0.016, Time: 0:49:05
Epoch id: 6, Training steps: 600, Avg loss: 0.016, Time: 0:49:47
Epoch id: 6, Training steps: 700, Avg loss: 0.015, Time: 0:50:28
Epoch id: 6, Training steps: 800, Avg loss: 0.016, Time: 0:51:10
Epoch id: 6, Training steps: 900, Avg loss: 0.016, Time: 0:51:52
Epoch id: 6, Training steps: 1000, Avg loss: 0.016, Time: 0:52:34
Epoch id: 6, Training steps: 1100, Avg loss: 0.016, Time: 0:53:16
Start evaluation on dev dataset.
/home/lyq2021/.conda/envs/lyq2021/lib/python3.10/site-packages/sklearn/metrics/_classification.py:1344: UndefinedMetricWarning: Precision is ill-defined and being set to 0.0 in samples with no predicted labels. Use `zero_division` parameter to control this behavior.
  _warn_prf(average, modifier, msg_start, len(result))
Acc. (Correct/Total): 41.84%% Prec: 0.6036 F1: 0.5487
Epoch id: 7, Training steps: 100, Avg loss: 0.019, Time: 0:54:49
Epoch id: 7, Training steps: 200, Avg loss: 0.013, Time: 0:55:31
Epoch id: 7, Training steps: 300, Avg loss: 0.012, Time: 0:56:12
Epoch id: 7, Training steps: 400, Avg loss: 0.014, Time: 0:56:54
Epoch id: 7, Training steps: 500, Avg loss: 0.013, Time: 0:57:36
Epoch id: 7, Training steps: 600, Avg loss: 0.013, Time: 0:58:18
Epoch id: 7, Training steps: 700, Avg loss: 0.012, Time: 0:58:59
Epoch id: 7, Training steps: 800, Avg loss: 0.013, Time: 0:59:41
Epoch id: 7, Training steps: 900, Avg loss: 0.012, Time: 1:00:23
Epoch id: 7, Training steps: 1000, Avg loss: 0.013, Time: 1:01:05
Epoch id: 7, Training steps: 1100, Avg loss: 0.012, Time: 1:01:47
Start evaluation on dev dataset.
/home/lyq2021/.conda/envs/lyq2021/lib/python3.10/site-packages/sklearn/metrics/_classification.py:1344: UndefinedMetricWarning: Precision is ill-defined and being set to 0.0 in samples with no predicted labels. Use `zero_division` parameter to control this behavior.
  _warn_prf(average, modifier, msg_start, len(result))
Acc. (Correct/Total): 45.87%% Prec: 0.6656 F1: 0.6071
Start evaluation on test dataset.
/home/lyq2021/.conda/envs/lyq2021/lib/python3.10/site-packages/sklearn/metrics/_classification.py:1344: UndefinedMetricWarning: Precision is ill-defined and being set to 0.0 in samples with no predicted labels. Use `zero_division` parameter to control this behavior.
  _warn_prf(average, modifier, msg_start, len(result))
Acc. (Correct/Total): 51.96%% Prec: 0.7126 F1: 0.6557
Epoch id: 8, Training steps: 100, Avg loss: 0.015, Time: 1:03:56
Epoch id: 8, Training steps: 200, Avg loss: 0.010, Time: 1:04:38
Epoch id: 8, Training steps: 300, Avg loss: 0.011, Time: 1:05:20
Epoch id: 8, Training steps: 400, Avg loss: 0.009, Time: 1:06:02
Epoch id: 8, Training steps: 500, Avg loss: 0.010, Time: 1:06:43
Epoch id: 8, Training steps: 600, Avg loss: 0.010, Time: 1:07:25
Epoch id: 8, Training steps: 700, Avg loss: 0.010, Time: 1:08:07
Epoch id: 8, Training steps: 800, Avg loss: 0.010, Time: 1:08:49
Epoch id: 8, Training steps: 900, Avg loss: 0.011, Time: 1:09:31
Epoch id: 8, Training steps: 1000, Avg loss: 0.011, Time: 1:10:12
Epoch id: 8, Training steps: 1100, Avg loss: 0.011, Time: 1:10:54
Start evaluation on dev dataset.
/home/lyq2021/.conda/envs/lyq2021/lib/python3.10/site-packages/sklearn/metrics/_classification.py:1344: UndefinedMetricWarning: Precision is ill-defined and being set to 0.0 in samples with no predicted labels. Use `zero_division` parameter to control this behavior.
  _warn_prf(average, modifier, msg_start, len(result))
Acc. (Correct/Total): 46.83%% Prec: 0.6750 F1: 0.6174
Start evaluation on test dataset.
/home/lyq2021/.conda/envs/lyq2021/lib/python3.10/site-packages/sklearn/metrics/_classification.py:1344: UndefinedMetricWarning: Precision is ill-defined and being set to 0.0 in samples with no predicted labels. Use `zero_division` parameter to control this behavior.
  _warn_prf(average, modifier, msg_start, len(result))
Acc. (Correct/Total): 53.46%% Prec: 0.7273 F1: 0.6712
Epoch id: 9, Training steps: 100, Avg loss: 0.012, Time: 1:13:04
Epoch id: 9, Training steps: 200, Avg loss: 0.008, Time: 1:13:46
Epoch id: 9, Training steps: 300, Avg loss: 0.008, Time: 1:14:28
Epoch id: 9, Training steps: 400, Avg loss: 0.008, Time: 1:15:10
Epoch id: 9, Training steps: 500, Avg loss: 0.008, Time: 1:15:51
Epoch id: 9, Training steps: 600, Avg loss: 0.011, Time: 1:16:33
Epoch id: 9, Training steps: 700, Avg loss: 0.010, Time: 1:17:15
Epoch id: 9, Training steps: 800, Avg loss: 0.009, Time: 1:17:57
Epoch id: 9, Training steps: 900, Avg loss: 0.009, Time: 1:18:39
Epoch id: 9, Training steps: 1000, Avg loss: 0.008, Time: 1:19:20
Epoch id: 9, Training steps: 1100, Avg loss: 0.008, Time: 1:20:02
Start evaluation on dev dataset.
/home/lyq2021/.conda/envs/lyq2021/lib/python3.10/site-packages/sklearn/metrics/_classification.py:1344: UndefinedMetricWarning: Precision is ill-defined and being set to 0.0 in samples with no predicted labels. Use `zero_division` parameter to control this behavior.
  _warn_prf(average, modifier, msg_start, len(result))
Acc. (Correct/Total): 49.33%% Prec: 0.7070 F1: 0.6517
Start evaluation on test dataset.
/home/lyq2021/.conda/envs/lyq2021/lib/python3.10/site-packages/sklearn/metrics/_classification.py:1344: UndefinedMetricWarning: Precision is ill-defined and being set to 0.0 in samples with no predicted labels. Use `zero_division` parameter to control this behavior.
  _warn_prf(average, modifier, msg_start, len(result))
Acc. (Correct/Total): 55.15%% Prec: 0.7485 F1: 0.6932
Epoch id: 10, Training steps: 100, Avg loss: 0.011, Time: 1:22:12
Epoch id: 10, Training steps: 200, Avg loss: 0.007, Time: 1:22:54
Epoch id: 10, Training steps: 300, Avg loss: 0.007, Time: 1:23:35
Epoch id: 10, Training steps: 400, Avg loss: 0.006, Time: 1:24:17
Epoch id: 10, Training steps: 500, Avg loss: 0.007, Time: 1:24:59
Epoch id: 10, Training steps: 600, Avg loss: 0.007, Time: 1:25:41
Epoch id: 10, Training steps: 700, Avg loss: 0.007, Time: 1:26:23
Epoch id: 10, Training steps: 800, Avg loss: 0.007, Time: 1:27:04
Epoch id: 10, Training steps: 900, Avg loss: 0.006, Time: 1:27:46
Epoch id: 10, Training steps: 1000, Avg loss: 0.006, Time: 1:28:28
Epoch id: 10, Training steps: 1100, Avg loss: 0.007, Time: 1:29:10
Start evaluation on dev dataset.
/home/lyq2021/.conda/envs/lyq2021/lib/python3.10/site-packages/sklearn/metrics/_classification.py:1344: UndefinedMetricWarning: Precision is ill-defined and being set to 0.0 in samples with no predicted labels. Use `zero_division` parameter to control this behavior.
  _warn_prf(average, modifier, msg_start, len(result))
Acc. (Correct/Total): 49.62%% Prec: 0.7176 F1: 0.6574
Start evaluation on test dataset.
/home/lyq2021/.conda/envs/lyq2021/lib/python3.10/site-packages/sklearn/metrics/_classification.py:1344: UndefinedMetricWarning: Precision is ill-defined and being set to 0.0 in samples with no predicted labels. Use `zero_division` parameter to control this behavior.
  _warn_prf(average, modifier, msg_start, len(result))
Acc. (Correct/Total): 57.33%% Prec: 0.7617 F1: 0.7088
Epoch id: 11, Training steps: 100, Avg loss: 0.008, Time: 1:31:20
Epoch id: 11, Training steps: 200, Avg loss: 0.006, Time: 1:32:01
Epoch id: 11, Training steps: 300, Avg loss: 0.005, Time: 1:32:43
Epoch id: 11, Training steps: 400, Avg loss: 0.006, Time: 1:33:25
Epoch id: 11, Training steps: 500, Avg loss: 0.006, Time: 1:34:07
Epoch id: 11, Training steps: 600, Avg loss: 0.005, Time: 1:34:49
Epoch id: 11, Training steps: 700, Avg loss: 0.006, Time: 1:35:30
Epoch id: 11, Training steps: 800, Avg loss: 0.006, Time: 1:36:12
Epoch id: 11, Training steps: 900, Avg loss: 0.005, Time: 1:36:54
Epoch id: 11, Training steps: 1000, Avg loss: 0.006, Time: 1:37:36
Epoch id: 11, Training steps: 1100, Avg loss: 0.006, Time: 1:38:18
Start evaluation on dev dataset.
/home/lyq2021/.conda/envs/lyq2021/lib/python3.10/site-packages/sklearn/metrics/_classification.py:1344: UndefinedMetricWarning: Precision is ill-defined and being set to 0.0 in samples with no predicted labels. Use `zero_division` parameter to control this behavior.
  _warn_prf(average, modifier, msg_start, len(result))
Acc. (Correct/Total): 50.53%% Prec: 0.7159 F1: 0.6621
Start evaluation on test dataset.
/home/lyq2021/.conda/envs/lyq2021/lib/python3.10/site-packages/sklearn/metrics/_classification.py:1344: UndefinedMetricWarning: Precision is ill-defined and being set to 0.0 in samples with no predicted labels. Use `zero_division` parameter to control this behavior.
  _warn_prf(average, modifier, msg_start, len(result))
Acc. (Correct/Total): 57.96%% Prec: 0.7644 F1: 0.7129
Epoch id: 12, Training steps: 100, Avg loss: 0.007, Time: 1:40:27
Epoch id: 12, Training steps: 200, Avg loss: 0.005, Time: 1:41:09
Epoch id: 12, Training steps: 300, Avg loss: 0.004, Time: 1:41:51
Epoch id: 12, Training steps: 400, Avg loss: 0.005, Time: 1:42:33
Epoch id: 12, Training steps: 500, Avg loss: 0.005, Time: 1:43:14
Epoch id: 12, Training steps: 600, Avg loss: 0.005, Time: 1:43:56
Epoch id: 12, Training steps: 700, Avg loss: 0.004, Time: 1:44:38
Epoch id: 12, Training steps: 800, Avg loss: 0.005, Time: 1:45:20
Epoch id: 12, Training steps: 900, Avg loss: 0.005, Time: 1:46:01
Epoch id: 12, Training steps: 1000, Avg loss: 0.006, Time: 1:46:43
Epoch id: 12, Training steps: 1100, Avg loss: 0.006, Time: 1:47:25
Start evaluation on dev dataset.
/home/lyq2021/.conda/envs/lyq2021/lib/python3.10/site-packages/sklearn/metrics/_classification.py:1344: UndefinedMetricWarning: Precision is ill-defined and being set to 0.0 in samples with no predicted labels. Use `zero_division` parameter to control this behavior.
  _warn_prf(average, modifier, msg_start, len(result))
Acc. (Correct/Total): 51.87%% Prec: 0.7194 F1: 0.6717
Start evaluation on test dataset.
/home/lyq2021/.conda/envs/lyq2021/lib/python3.10/site-packages/sklearn/metrics/_classification.py:1344: UndefinedMetricWarning: Precision is ill-defined and being set to 0.0 in samples with no predicted labels. Use `zero_division` parameter to control this behavior.
  _warn_prf(average, modifier, msg_start, len(result))
Acc. (Correct/Total): 58.25%% Prec: 0.7670 F1: 0.7182
Epoch id: 13, Training steps: 100, Avg loss: 0.006, Time: 1:49:35
Epoch id: 13, Training steps: 200, Avg loss: 0.004, Time: 1:50:17
Epoch id: 13, Training steps: 300, Avg loss: 0.004, Time: 1:50:58
Epoch id: 13, Training steps: 400, Avg loss: 0.004, Time: 1:51:40
Epoch id: 13, Training steps: 500, Avg loss: 0.004, Time: 1:52:22
Epoch id: 13, Training steps: 600, Avg loss: 0.003, Time: 1:53:04
Epoch id: 13, Training steps: 700, Avg loss: 0.003, Time: 1:53:46
Epoch id: 13, Training steps: 800, Avg loss: 0.004, Time: 1:54:28
Epoch id: 13, Training steps: 900, Avg loss: 0.004, Time: 1:55:10
Epoch id: 13, Training steps: 1000, Avg loss: 0.004, Time: 1:55:51
Epoch id: 13, Training steps: 1100, Avg loss: 0.004, Time: 1:56:33
Start evaluation on dev dataset.
/home/lyq2021/.conda/envs/lyq2021/lib/python3.10/site-packages/sklearn/metrics/_classification.py:1344: UndefinedMetricWarning: Precision is ill-defined and being set to 0.0 in samples with no predicted labels. Use `zero_division` parameter to control this behavior.
  _warn_prf(average, modifier, msg_start, len(result))
Acc. (Correct/Total): 53.36%% Prec: 0.7424 F1: 0.6931
Start evaluation on test dataset.
/home/lyq2021/.conda/envs/lyq2021/lib/python3.10/site-packages/sklearn/metrics/_classification.py:1344: UndefinedMetricWarning: Precision is ill-defined and being set to 0.0 in samples with no predicted labels. Use `zero_division` parameter to control this behavior.
  _warn_prf(average, modifier, msg_start, len(result))
Acc. (Correct/Total): 58.83%% Prec: 0.7762 F1: 0.7280
Epoch id: 14, Training steps: 100, Avg loss: 0.005, Time: 1:58:43
Epoch id: 14, Training steps: 200, Avg loss: 0.003, Time: 1:59:25
Epoch id: 14, Training steps: 300, Avg loss: 0.003, Time: 2:00:06
Epoch id: 14, Training steps: 400, Avg loss: 0.003, Time: 2:00:48
Epoch id: 14, Training steps: 500, Avg loss: 0.003, Time: 2:01:30
Epoch id: 14, Training steps: 600, Avg loss: 0.003, Time: 2:02:12
Epoch id: 14, Training steps: 700, Avg loss: 0.003, Time: 2:02:53
Epoch id: 14, Training steps: 800, Avg loss: 0.003, Time: 2:03:35
Epoch id: 14, Training steps: 900, Avg loss: 0.004, Time: 2:04:17
Epoch id: 14, Training steps: 1000, Avg loss: 0.003, Time: 2:04:59
Epoch id: 14, Training steps: 1100, Avg loss: 0.003, Time: 2:05:41
Start evaluation on dev dataset.
/home/lyq2021/.conda/envs/lyq2021/lib/python3.10/site-packages/sklearn/metrics/_classification.py:1344: UndefinedMetricWarning: Precision is ill-defined and being set to 0.0 in samples with no predicted labels. Use `zero_division` parameter to control this behavior.
  _warn_prf(average, modifier, msg_start, len(result))
Acc. (Correct/Total): 54.65%% Prec: 0.7517 F1: 0.7088
Start evaluation on test dataset.
/home/lyq2021/.conda/envs/lyq2021/lib/python3.10/site-packages/sklearn/metrics/_classification.py:1344: UndefinedMetricWarning: Precision is ill-defined and being set to 0.0 in samples with no predicted labels. Use `zero_division` parameter to control this behavior.
  _warn_prf(average, modifier, msg_start, len(result))
Acc. (Correct/Total): 59.70%% Prec: 0.7830 F1: 0.7393
Epoch id: 15, Training steps: 100, Avg loss: 0.005, Time: 2:07:50
Epoch id: 15, Training steps: 200, Avg loss: 0.003, Time: 2:08:32
Epoch id: 15, Training steps: 300, Avg loss: 0.003, Time: 2:09:14
Epoch id: 15, Training steps: 400, Avg loss: 0.003, Time: 2:09:55
Epoch id: 15, Training steps: 500, Avg loss: 0.003, Time: 2:10:37
Epoch id: 15, Training steps: 600, Avg loss: 0.003, Time: 2:11:19
Epoch id: 15, Training steps: 700, Avg loss: 0.003, Time: 2:12:01
Epoch id: 15, Training steps: 800, Avg loss: 0.003, Time: 2:12:43
Epoch id: 15, Training steps: 900, Avg loss: 0.003, Time: 2:13:24
Epoch id: 15, Training steps: 1000, Avg loss: 0.004, Time: 2:14:06
Epoch id: 15, Training steps: 1100, Avg loss: 0.004, Time: 2:14:48
Start evaluation on dev dataset.
/home/lyq2021/.conda/envs/lyq2021/lib/python3.10/site-packages/sklearn/metrics/_classification.py:1344: UndefinedMetricWarning: Precision is ill-defined and being set to 0.0 in samples with no predicted labels. Use `zero_division` parameter to control this behavior.
  _warn_prf(average, modifier, msg_start, len(result))
Acc. (Correct/Total): 52.59%% Prec: 0.7442 F1: 0.6963
Epoch id: 16, Training steps: 100, Avg loss: 0.007, Time: 2:16:21
Epoch id: 16, Training steps: 200, Avg loss: 0.003, Time: 2:17:03
Epoch id: 16, Training steps: 300, Avg loss: 0.002, Time: 2:17:45
Epoch id: 16, Training steps: 400, Avg loss: 0.003, Time: 2:18:27
Epoch id: 16, Training steps: 500, Avg loss: 0.002, Time: 2:19:08
Epoch id: 16, Training steps: 600, Avg loss: 0.003, Time: 2:19:50
Epoch id: 16, Training steps: 700, Avg loss: 0.003, Time: 2:20:32
Epoch id: 16, Training steps: 800, Avg loss: 0.003, Time: 2:21:14
Epoch id: 16, Training steps: 900, Avg loss: 0.003, Time: 2:21:55
Epoch id: 16, Training steps: 1000, Avg loss: 0.003, Time: 2:22:37
Epoch id: 16, Training steps: 1100, Avg loss: 0.002, Time: 2:23:19
Start evaluation on dev dataset.
/home/lyq2021/.conda/envs/lyq2021/lib/python3.10/site-packages/sklearn/metrics/_classification.py:1344: UndefinedMetricWarning: Precision is ill-defined and being set to 0.0 in samples with no predicted labels. Use `zero_division` parameter to control this behavior.
  _warn_prf(average, modifier, msg_start, len(result))
Acc. (Correct/Total): 54.56%% Prec: 0.7585 F1: 0.7158
Epoch id: 17, Training steps: 100, Avg loss: 0.003, Time: 2:24:52
Epoch id: 17, Training steps: 200, Avg loss: 0.002, Time: 2:25:34
Epoch id: 17, Training steps: 300, Avg loss: 0.002, Time: 2:26:16
Epoch id: 17, Training steps: 400, Avg loss: 0.002, Time: 2:26:58
Epoch id: 17, Training steps: 500, Avg loss: 0.002, Time: 2:27:39
Epoch id: 17, Training steps: 600, Avg loss: 0.002, Time: 2:28:21
Epoch id: 17, Training steps: 700, Avg loss: 0.002, Time: 2:29:03
Epoch id: 17, Training steps: 800, Avg loss: 0.002, Time: 2:29:45
Epoch id: 17, Training steps: 900, Avg loss: 0.002, Time: 2:30:26
Epoch id: 17, Training steps: 1000, Avg loss: 0.002, Time: 2:31:08
Epoch id: 17, Training steps: 1100, Avg loss: 0.002, Time: 2:31:50
Start evaluation on dev dataset.
/home/lyq2021/.conda/envs/lyq2021/lib/python3.10/site-packages/sklearn/metrics/_classification.py:1344: UndefinedMetricWarning: Precision is ill-defined and being set to 0.0 in samples with no predicted labels. Use `zero_division` parameter to control this behavior.
  _warn_prf(average, modifier, msg_start, len(result))
Acc. (Correct/Total): 54.94%% Prec: 0.7546 F1: 0.7085
Start evaluation on test dataset.
/home/lyq2021/.conda/envs/lyq2021/lib/python3.10/site-packages/sklearn/metrics/_classification.py:1344: UndefinedMetricWarning: Precision is ill-defined and being set to 0.0 in samples with no predicted labels. Use `zero_division` parameter to control this behavior.
  _warn_prf(average, modifier, msg_start, len(result))
Acc. (Correct/Total): 60.09%% Prec: 0.7808 F1: 0.7397
Epoch id: 18, Training steps: 100, Avg loss: 0.002, Time: 2:34:00
Epoch id: 18, Training steps: 200, Avg loss: 0.002, Time: 2:34:42
Epoch id: 18, Training steps: 300, Avg loss: 0.002, Time: 2:35:23
Epoch id: 18, Training steps: 400, Avg loss: 0.002, Time: 2:36:05
Epoch id: 18, Training steps: 500, Avg loss: 0.002, Time: 2:36:47
Epoch id: 18, Training steps: 600, Avg loss: 0.002, Time: 2:37:29
Epoch id: 18, Training steps: 700, Avg loss: 0.002, Time: 2:38:10
Epoch id: 18, Training steps: 800, Avg loss: 0.002, Time: 2:38:52
Epoch id: 18, Training steps: 900, Avg loss: 0.002, Time: 2:39:34
Epoch id: 18, Training steps: 1000, Avg loss: 0.003, Time: 2:40:16
Epoch id: 18, Training steps: 1100, Avg loss: 0.004, Time: 2:40:57
Start evaluation on dev dataset.
/home/lyq2021/.conda/envs/lyq2021/lib/python3.10/site-packages/sklearn/metrics/_classification.py:1344: UndefinedMetricWarning: Precision is ill-defined and being set to 0.0 in samples with no predicted labels. Use `zero_division` parameter to control this behavior.
  _warn_prf(average, modifier, msg_start, len(result))
Acc. (Correct/Total): 55.18%% Prec: 0.7582 F1: 0.7202
Start evaluation on test dataset.
/home/lyq2021/.conda/envs/lyq2021/lib/python3.10/site-packages/sklearn/metrics/_classification.py:1344: UndefinedMetricWarning: Precision is ill-defined and being set to 0.0 in samples with no predicted labels. Use `zero_division` parameter to control this behavior.
  _warn_prf(average, modifier, msg_start, len(result))
Acc. (Correct/Total): 59.17%% Prec: 0.7782 F1: 0.7404
Epoch id: 19, Training steps: 100, Avg loss: 0.004, Time: 2:43:07
Epoch id: 19, Training steps: 200, Avg loss: 0.002, Time: 2:43:49
Epoch id: 19, Training steps: 300, Avg loss: 0.002, Time: 2:44:31
Epoch id: 19, Training steps: 400, Avg loss: 0.002, Time: 2:45:13
Epoch id: 19, Training steps: 500, Avg loss: 0.002, Time: 2:45:54
Epoch id: 19, Training steps: 600, Avg loss: 0.001, Time: 2:46:36
Epoch id: 19, Training steps: 700, Avg loss: 0.002, Time: 2:47:18
Epoch id: 19, Training steps: 800, Avg loss: 0.002, Time: 2:48:00
Epoch id: 19, Training steps: 900, Avg loss: 0.002, Time: 2:48:41
Epoch id: 19, Training steps: 1000, Avg loss: 0.002, Time: 2:49:23
Epoch id: 19, Training steps: 1100, Avg loss: 0.002, Time: 2:50:05
Start evaluation on dev dataset.
/home/lyq2021/.conda/envs/lyq2021/lib/python3.10/site-packages/sklearn/metrics/_classification.py:1344: UndefinedMetricWarning: Precision is ill-defined and being set to 0.0 in samples with no predicted labels. Use `zero_division` parameter to control this behavior.
  _warn_prf(average, modifier, msg_start, len(result))
Acc. (Correct/Total): 53.50%% Prec: 0.7526 F1: 0.7110
Epoch id: 20, Training steps: 100, Avg loss: 0.002, Time: 2:51:39
Epoch id: 20, Training steps: 200, Avg loss: 0.002, Time: 2:52:21
Epoch id: 20, Training steps: 300, Avg loss: 0.002, Time: 2:53:03
Epoch id: 20, Training steps: 400, Avg loss: 0.001, Time: 2:53:45
Epoch id: 20, Training steps: 500, Avg loss: 0.002, Time: 2:54:27
Epoch id: 20, Training steps: 600, Avg loss: 0.001, Time: 2:55:09
Epoch id: 20, Training steps: 700, Avg loss: 0.001, Time: 2:55:51
Epoch id: 20, Training steps: 800, Avg loss: 0.001, Time: 2:56:33
Epoch id: 20, Training steps: 900, Avg loss: 0.001, Time: 2:57:15
Epoch id: 20, Training steps: 1000, Avg loss: 0.001, Time: 2:57:56
Epoch id: 20, Training steps: 1100, Avg loss: 0.001, Time: 2:58:38
Start evaluation on dev dataset.
/home/lyq2021/.conda/envs/lyq2021/lib/python3.10/site-packages/sklearn/metrics/_classification.py:1344: UndefinedMetricWarning: Precision is ill-defined and being set to 0.0 in samples with no predicted labels. Use `zero_division` parameter to control this behavior.
  _warn_prf(average, modifier, msg_start, len(result))
Acc. (Correct/Total): 55.09%% Prec: 0.7544 F1: 0.7103
Epoch id: 21, Training steps: 100, Avg loss: 0.002, Time: 3:00:12
Epoch id: 21, Training steps: 200, Avg loss: 0.001, Time: 3:00:53
Epoch id: 21, Training steps: 300, Avg loss: 0.001, Time: 3:01:35
Epoch id: 21, Training steps: 400, Avg loss: 0.001, Time: 3:02:17
Epoch id: 21, Training steps: 500, Avg loss: 0.001, Time: 3:02:59
Epoch id: 21, Training steps: 600, Avg loss: 0.001, Time: 3:03:41
Epoch id: 21, Training steps: 700, Avg loss: 0.002, Time: 3:04:22
Epoch id: 21, Training steps: 800, Avg loss: 0.001, Time: 3:05:04
Epoch id: 21, Training steps: 900, Avg loss: 0.001, Time: 3:05:46
Epoch id: 21, Training steps: 1000, Avg loss: 0.001, Time: 3:06:28
Epoch id: 21, Training steps: 1100, Avg loss: 0.002, Time: 3:07:09
Start evaluation on dev dataset.
/home/lyq2021/.conda/envs/lyq2021/lib/python3.10/site-packages/sklearn/metrics/_classification.py:1344: UndefinedMetricWarning: Precision is ill-defined and being set to 0.0 in samples with no predicted labels. Use `zero_division` parameter to control this behavior.
  _warn_prf(average, modifier, msg_start, len(result))
Acc. (Correct/Total): 55.04%% Prec: 0.7554 F1: 0.7151
Epoch id: 22, Training steps: 100, Avg loss: 0.002, Time: 3:08:43
Epoch id: 22, Training steps: 200, Avg loss: 0.001, Time: 3:09:24
Epoch id: 22, Training steps: 300, Avg loss: 0.001, Time: 3:10:06
Epoch id: 22, Training steps: 400, Avg loss: 0.001, Time: 3:10:48
Epoch id: 22, Training steps: 500, Avg loss: 0.001, Time: 3:11:30
Epoch id: 22, Training steps: 600, Avg loss: 0.002, Time: 3:12:11
Epoch id: 22, Training steps: 700, Avg loss: 0.002, Time: 3:12:53
Epoch id: 22, Training steps: 800, Avg loss: 0.002, Time: 3:13:35
Epoch id: 22, Training steps: 900, Avg loss: 0.001, Time: 3:14:17
Epoch id: 22, Training steps: 1000, Avg loss: 0.002, Time: 3:14:59
Epoch id: 22, Training steps: 1100, Avg loss: 0.001, Time: 3:15:40
Start evaluation on dev dataset.
/home/lyq2021/.conda/envs/lyq2021/lib/python3.10/site-packages/sklearn/metrics/_classification.py:1344: UndefinedMetricWarning: Precision is ill-defined and being set to 0.0 in samples with no predicted labels. Use `zero_division` parameter to control this behavior.
  _warn_prf(average, modifier, msg_start, len(result))
Acc. (Correct/Total): 54.75%% Prec: 0.7486 F1: 0.7105
Epoch id: 23, Training steps: 100, Avg loss: 0.001, Time: 3:17:14
Epoch id: 23, Training steps: 200, Avg loss: 0.001, Time: 3:17:56
Epoch id: 23, Training steps: 300, Avg loss: 0.001, Time: 3:18:37
Epoch id: 23, Training steps: 400, Avg loss: 0.001, Time: 3:19:19
Epoch id: 23, Training steps: 500, Avg loss: 0.001, Time: 3:20:01
Epoch id: 23, Training steps: 600, Avg loss: 0.001, Time: 3:20:43
Epoch id: 23, Training steps: 700, Avg loss: 0.001, Time: 3:21:25
Epoch id: 23, Training steps: 800, Avg loss: 0.001, Time: 3:22:06
Epoch id: 23, Training steps: 900, Avg loss: 0.001, Time: 3:22:48
Epoch id: 23, Training steps: 1000, Avg loss: 0.002, Time: 3:23:30
Epoch id: 23, Training steps: 1100, Avg loss: 0.002, Time: 3:24:12
Start evaluation on dev dataset.
/home/lyq2021/.conda/envs/lyq2021/lib/python3.10/site-packages/sklearn/metrics/_classification.py:1344: UndefinedMetricWarning: Precision is ill-defined and being set to 0.0 in samples with no predicted labels. Use `zero_division` parameter to control this behavior.
  _warn_prf(average, modifier, msg_start, len(result))
Acc. (Correct/Total): 54.22%% Prec: 0.7419 F1: 0.7049
Epoch id: 24, Training steps: 100, Avg loss: 0.002, Time: 3:25:45
Epoch id: 24, Training steps: 200, Avg loss: 0.001, Time: 3:26:27
Epoch id: 24, Training steps: 300, Avg loss: 0.001, Time: 3:27:09
Epoch id: 24, Training steps: 400, Avg loss: 0.001, Time: 3:27:50
Epoch id: 24, Training steps: 500, Avg loss: 0.001, Time: 3:28:32
Epoch id: 24, Training steps: 600, Avg loss: 0.001, Time: 3:29:14
Epoch id: 24, Training steps: 700, Avg loss: 0.002, Time: 3:29:56
Epoch id: 24, Training steps: 800, Avg loss: 0.002, Time: 3:30:37
Epoch id: 24, Training steps: 900, Avg loss: 0.001, Time: 3:31:19
Epoch id: 24, Training steps: 1000, Avg loss: 0.001, Time: 3:32:01
Epoch id: 24, Training steps: 1100, Avg loss: 0.001, Time: 3:32:43
Start evaluation on dev dataset.
/home/lyq2021/.conda/envs/lyq2021/lib/python3.10/site-packages/sklearn/metrics/_classification.py:1344: UndefinedMetricWarning: Precision is ill-defined and being set to 0.0 in samples with no predicted labels. Use `zero_division` parameter to control this behavior.
  _warn_prf(average, modifier, msg_start, len(result))
Acc. (Correct/Total): 54.03%% Prec: 0.7485 F1: 0.7091
Epoch id: 25, Training steps: 100, Avg loss: 0.001, Time: 3:34:16
Epoch id: 25, Training steps: 200, Avg loss: 0.001, Time: 3:34:58
Epoch id: 25, Training steps: 300, Avg loss: 0.001, Time: 3:35:40
Epoch id: 25, Training steps: 400, Avg loss: 0.001, Time: 3:36:22
Epoch id: 25, Training steps: 500, Avg loss: 0.001, Time: 3:37:03
Epoch id: 25, Training steps: 600, Avg loss: 0.001, Time: 3:37:45
Epoch id: 25, Training steps: 700, Avg loss: 0.001, Time: 3:38:27
Epoch id: 25, Training steps: 800, Avg loss: 0.001, Time: 3:39:09
Epoch id: 25, Training steps: 900, Avg loss: 0.001, Time: 3:39:50
Epoch id: 25, Training steps: 1000, Avg loss: 0.001, Time: 3:40:32
Epoch id: 25, Training steps: 1100, Avg loss: 0.001, Time: 3:41:14
Start evaluation on dev dataset.
/home/lyq2021/.conda/envs/lyq2021/lib/python3.10/site-packages/sklearn/metrics/_classification.py:1344: UndefinedMetricWarning: Precision is ill-defined and being set to 0.0 in samples with no predicted labels. Use `zero_division` parameter to control this behavior.
  _warn_prf(average, modifier, msg_start, len(result))
Acc. (Correct/Total): 55.95%% Prec: 0.7621 F1: 0.7273
Start evaluation on test dataset.
/home/lyq2021/.conda/envs/lyq2021/lib/python3.10/site-packages/sklearn/metrics/_classification.py:1344: UndefinedMetricWarning: Precision is ill-defined and being set to 0.0 in samples with no predicted labels. Use `zero_division` parameter to control this behavior.
  _warn_prf(average, modifier, msg_start, len(result))
Acc. (Correct/Total): 61.15%% Prec: 0.7941 F1: 0.7601
Epoch id: 26, Training steps: 100, Avg loss: 0.001, Time: 3:43:24
Epoch id: 26, Training steps: 200, Avg loss: 0.001, Time: 3:44:05
Epoch id: 26, Training steps: 300, Avg loss: 0.001, Time: 3:44:47
Epoch id: 26, Training steps: 400, Avg loss: 0.001, Time: 3:45:29
Epoch id: 26, Training steps: 500, Avg loss: 0.001, Time: 3:46:11
Epoch id: 26, Training steps: 600, Avg loss: 0.001, Time: 3:46:52
Epoch id: 26, Training steps: 700, Avg loss: 0.001, Time: 3:47:34
Epoch id: 26, Training steps: 800, Avg loss: 0.001, Time: 3:48:16
Epoch id: 26, Training steps: 900, Avg loss: 0.001, Time: 3:48:58
Epoch id: 26, Training steps: 1000, Avg loss: 0.001, Time: 3:49:40
Epoch id: 26, Training steps: 1100, Avg loss: 0.001, Time: 3:50:21
Start evaluation on dev dataset.
/home/lyq2021/.conda/envs/lyq2021/lib/python3.10/site-packages/sklearn/metrics/_classification.py:1344: UndefinedMetricWarning: Precision is ill-defined and being set to 0.0 in samples with no predicted labels. Use `zero_division` parameter to control this behavior.
  _warn_prf(average, modifier, msg_start, len(result))
Acc. (Correct/Total): 53.50%% Prec: 0.7403 F1: 0.7044
Epoch id: 27, Training steps: 100, Avg loss: 0.002, Time: 3:51:55
Epoch id: 27, Training steps: 200, Avg loss: 0.001, Time: 3:52:37
Epoch id: 27, Training steps: 300, Avg loss: 0.001, Time: 3:53:18
Epoch id: 27, Training steps: 400, Avg loss: 0.001, Time: 3:54:00
Epoch id: 27, Training steps: 500, Avg loss: 0.001, Time: 3:54:42
Epoch id: 27, Training steps: 600, Avg loss: 0.001, Time: 3:55:24
Epoch id: 27, Training steps: 700, Avg loss: 0.001, Time: 3:56:06
Epoch id: 27, Training steps: 800, Avg loss: 0.001, Time: 3:56:47
Epoch id: 27, Training steps: 900, Avg loss: 0.001, Time: 3:57:29
Epoch id: 27, Training steps: 1000, Avg loss: 0.001, Time: 3:58:11
Epoch id: 27, Training steps: 1100, Avg loss: 0.001, Time: 3:58:53
Start evaluation on dev dataset.
/home/lyq2021/.conda/envs/lyq2021/lib/python3.10/site-packages/sklearn/metrics/_classification.py:1344: UndefinedMetricWarning: Precision is ill-defined and being set to 0.0 in samples with no predicted labels. Use `zero_division` parameter to control this behavior.
  _warn_prf(average, modifier, msg_start, len(result))
Acc. (Correct/Total): 54.80%% Prec: 0.7556 F1: 0.7186
Epoch id: 28, Training steps: 100, Avg loss: 0.001, Time: 4:00:26
Epoch id: 28, Training steps: 200, Avg loss: 0.001, Time: 4:01:08
Epoch id: 28, Training steps: 300, Avg loss: 0.001, Time: 4:01:50
Epoch id: 28, Training steps: 400, Avg loss: 0.001, Time: 4:02:31
Epoch id: 28, Training steps: 500, Avg loss: 0.001, Time: 4:03:13
Epoch id: 28, Training steps: 600, Avg loss: 0.001, Time: 4:03:55
Epoch id: 28, Training steps: 700, Avg loss: 0.001, Time: 4:04:37
Epoch id: 28, Training steps: 800, Avg loss: 0.001, Time: 4:05:18
Epoch id: 28, Training steps: 900, Avg loss: 0.001, Time: 4:06:00
Epoch id: 28, Training steps: 1000, Avg loss: 0.001, Time: 4:06:42
Epoch id: 28, Training steps: 1100, Avg loss: 0.001, Time: 4:07:24
Start evaluation on dev dataset.
/home/lyq2021/.conda/envs/lyq2021/lib/python3.10/site-packages/sklearn/metrics/_classification.py:1344: UndefinedMetricWarning: Precision is ill-defined and being set to 0.0 in samples with no predicted labels. Use `zero_division` parameter to control this behavior.
  _warn_prf(average, modifier, msg_start, len(result))
Acc. (Correct/Total): 53.89%% Prec: 0.7360 F1: 0.7001
Epoch id: 29, Training steps: 100, Avg loss: 0.001, Time: 4:08:57
Epoch id: 29, Training steps: 200, Avg loss: 0.001, Time: 4:09:39
Epoch id: 29, Training steps: 300, Avg loss: 0.001, Time: 4:10:20
Epoch id: 29, Training steps: 400, Avg loss: 0.001, Time: 4:11:02
Epoch id: 29, Training steps: 500, Avg loss: 0.001, Time: 4:11:44
Epoch id: 29, Training steps: 600, Avg loss: 0.001, Time: 4:12:26
Epoch id: 29, Training steps: 700, Avg loss: 0.000, Time: 4:13:07
Epoch id: 29, Training steps: 800, Avg loss: 0.001, Time: 4:13:49
Epoch id: 29, Training steps: 900, Avg loss: 0.001, Time: 4:14:31
Epoch id: 29, Training steps: 1000, Avg loss: 0.001, Time: 4:15:13
Epoch id: 29, Training steps: 1100, Avg loss: 0.001, Time: 4:15:55
Start evaluation on dev dataset.
/home/lyq2021/.conda/envs/lyq2021/lib/python3.10/site-packages/sklearn/metrics/_classification.py:1344: UndefinedMetricWarning: Precision is ill-defined and being set to 0.0 in samples with no predicted labels. Use `zero_division` parameter to control this behavior.
  _warn_prf(average, modifier, msg_start, len(result))
Acc. (Correct/Total): 54.32%% Prec: 0.7498 F1: 0.7105
Epoch id: 30, Training steps: 100, Avg loss: 0.001, Time: 4:17:28
Epoch id: 30, Training steps: 200, Avg loss: 0.001, Time: 4:18:10
Epoch id: 30, Training steps: 300, Avg loss: 0.001, Time: 4:18:52
Epoch id: 30, Training steps: 400, Avg loss: 0.001, Time: 4:19:33
Epoch id: 30, Training steps: 500, Avg loss: 0.001, Time: 4:20:15
Epoch id: 30, Training steps: 600, Avg loss: 0.001, Time: 4:20:57
Epoch id: 30, Training steps: 700, Avg loss: 0.001, Time: 4:21:39
Epoch id: 30, Training steps: 800, Avg loss: 0.001, Time: 4:22:20
Epoch id: 30, Training steps: 900, Avg loss: 0.001, Time: 4:23:02
Epoch id: 30, Training steps: 1000, Avg loss: 0.001, Time: 4:23:44
Epoch id: 30, Training steps: 1100, Avg loss: 0.001, Time: 4:24:26
Start evaluation on dev dataset.
/home/lyq2021/.conda/envs/lyq2021/lib/python3.10/site-packages/sklearn/metrics/_classification.py:1344: UndefinedMetricWarning: Precision is ill-defined and being set to 0.0 in samples with no predicted labels. Use `zero_division` parameter to control this behavior.
  _warn_prf(average, modifier, msg_start, len(result))
Acc. (Correct/Total): 55.52%% Prec: 0.7508 F1: 0.7209
Epoch id: 31, Training steps: 100, Avg loss: 0.001, Time: 4:25:59
Epoch id: 31, Training steps: 200, Avg loss: 0.000, Time: 4:26:41
Epoch id: 31, Training steps: 300, Avg loss: 0.001, Time: 4:27:23
Epoch id: 31, Training steps: 400, Avg loss: 0.001, Time: 4:28:04
Epoch id: 31, Training steps: 500, Avg loss: 0.001, Time: 4:28:46
Epoch id: 31, Training steps: 600, Avg loss: 0.001, Time: 4:29:28
Epoch id: 31, Training steps: 700, Avg loss: 0.001, Time: 4:30:10
Epoch id: 31, Training steps: 800, Avg loss: 0.000, Time: 4:30:51
Epoch id: 31, Training steps: 900, Avg loss: 0.001, Time: 4:31:33
Epoch id: 31, Training steps: 1000, Avg loss: 0.000, Time: 4:32:15
Epoch id: 31, Training steps: 1100, Avg loss: 0.000, Time: 4:32:57
Start evaluation on dev dataset.
/home/lyq2021/.conda/envs/lyq2021/lib/python3.10/site-packages/sklearn/metrics/_classification.py:1344: UndefinedMetricWarning: Precision is ill-defined and being set to 0.0 in samples with no predicted labels. Use `zero_division` parameter to control this behavior.
  _warn_prf(average, modifier, msg_start, len(result))
Acc. (Correct/Total): 54.51%% Prec: 0.7494 F1: 0.7217
Epoch id: 32, Training steps: 100, Avg loss: 0.001, Time: 4:34:30
Epoch id: 32, Training steps: 200, Avg loss: 0.001, Time: 4:35:12
Epoch id: 32, Training steps: 300, Avg loss: 0.001, Time: 4:35:54
Epoch id: 32, Training steps: 400, Avg loss: 0.001, Time: 4:36:35
Epoch id: 32, Training steps: 500, Avg loss: 0.001, Time: 4:37:17
Epoch id: 32, Training steps: 600, Avg loss: 0.001, Time: 4:37:59
Epoch id: 32, Training steps: 700, Avg loss: 0.000, Time: 4:38:41
Epoch id: 32, Training steps: 800, Avg loss: 0.000, Time: 4:39:23
Epoch id: 32, Training steps: 900, Avg loss: 0.001, Time: 4:40:04
Epoch id: 32, Training steps: 1000, Avg loss: 0.001, Time: 4:40:46
Epoch id: 32, Training steps: 1100, Avg loss: 0.001, Time: 4:41:28
Start evaluation on dev dataset.
/home/lyq2021/.conda/envs/lyq2021/lib/python3.10/site-packages/sklearn/metrics/_classification.py:1344: UndefinedMetricWarning: Precision is ill-defined and being set to 0.0 in samples with no predicted labels. Use `zero_division` parameter to control this behavior.
  _warn_prf(average, modifier, msg_start, len(result))
Acc. (Correct/Total): 53.79%% Prec: 0.7306 F1: 0.6882
Epoch id: 33, Training steps: 100, Avg loss: 0.001, Time: 4:43:01
Epoch id: 33, Training steps: 200, Avg loss: 0.000, Time: 4:43:43
Epoch id: 33, Training steps: 300, Avg loss: 0.000, Time: 4:44:25
Epoch id: 33, Training steps: 400, Avg loss: 0.000, Time: 4:45:06
Epoch id: 33, Training steps: 500, Avg loss: 0.001, Time: 4:45:48
Epoch id: 33, Training steps: 600, Avg loss: 0.002, Time: 4:46:30
Epoch id: 33, Training steps: 700, Avg loss: 0.001, Time: 4:47:12
Epoch id: 33, Training steps: 800, Avg loss: 0.001, Time: 4:47:55
Epoch id: 33, Training steps: 900, Avg loss: 0.001, Time: 4:48:37
Epoch id: 33, Training steps: 1000, Avg loss: 0.001, Time: 4:49:19
Epoch id: 33, Training steps: 1100, Avg loss: 0.001, Time: 4:50:01
Start evaluation on dev dataset.
/home/lyq2021/.conda/envs/lyq2021/lib/python3.10/site-packages/sklearn/metrics/_classification.py:1344: UndefinedMetricWarning: Precision is ill-defined and being set to 0.0 in samples with no predicted labels. Use `zero_division` parameter to control this behavior.
  _warn_prf(average, modifier, msg_start, len(result))
Acc. (Correct/Total): 54.27%% Prec: 0.7549 F1: 0.7186
Epoch id: 34, Training steps: 100, Avg loss: 0.001, Time: 4:51:35
Epoch id: 34, Training steps: 200, Avg loss: 0.001, Time: 4:52:17
Epoch id: 34, Training steps: 300, Avg loss: 0.000, Time: 4:52:58
Epoch id: 34, Training steps: 400, Avg loss: 0.000, Time: 4:53:40
Epoch id: 34, Training steps: 500, Avg loss: 0.001, Time: 4:54:22
Epoch id: 34, Training steps: 600, Avg loss: 0.001, Time: 4:55:04
Epoch id: 34, Training steps: 700, Avg loss: 0.001, Time: 4:55:45
Epoch id: 34, Training steps: 800, Avg loss: 0.001, Time: 4:56:27
Epoch id: 34, Training steps: 900, Avg loss: 0.001, Time: 4:57:09
Epoch id: 34, Training steps: 1000, Avg loss: 0.001, Time: 4:57:51
Epoch id: 34, Training steps: 1100, Avg loss: 0.001, Time: 4:58:32
Start evaluation on dev dataset.
/home/lyq2021/.conda/envs/lyq2021/lib/python3.10/site-packages/sklearn/metrics/_classification.py:1344: UndefinedMetricWarning: Precision is ill-defined and being set to 0.0 in samples with no predicted labels. Use `zero_division` parameter to control this behavior.
  _warn_prf(average, modifier, msg_start, len(result))
Acc. (Correct/Total): 53.84%% Prec: 0.7451 F1: 0.7061
Epoch id: 35, Training steps: 100, Avg loss: 0.001, Time: 5:00:06
Epoch id: 35, Training steps: 200, Avg loss: 0.000, Time: 5:00:48
Epoch id: 35, Training steps: 300, Avg loss: 0.000, Time: 5:01:29
Epoch id: 35, Training steps: 400, Avg loss: 0.000, Time: 5:02:11
Epoch id: 35, Training steps: 500, Avg loss: 0.000, Time: 5:02:53
Epoch id: 35, Training steps: 600, Avg loss: 0.000, Time: 5:03:35
Epoch id: 35, Training steps: 700, Avg loss: 0.000, Time: 5:04:16
Epoch id: 35, Training steps: 800, Avg loss: 0.000, Time: 5:04:58
Epoch id: 35, Training steps: 900, Avg loss: 0.001, Time: 5:05:40
Epoch id: 35, Training steps: 1000, Avg loss: 0.000, Time: 5:06:22
Epoch id: 35, Training steps: 1100, Avg loss: 0.000, Time: 5:07:03
Start evaluation on dev dataset.
/home/lyq2021/.conda/envs/lyq2021/lib/python3.10/site-packages/sklearn/metrics/_classification.py:1344: UndefinedMetricWarning: Precision is ill-defined and being set to 0.0 in samples with no predicted labels. Use `zero_division` parameter to control this behavior.
  _warn_prf(average, modifier, msg_start, len(result))
Acc. (Correct/Total): 55.61%% Prec: 0.7624 F1: 0.7246
Epoch id: 36, Training steps: 100, Avg loss: 0.000, Time: 5:08:37
Epoch id: 36, Training steps: 200, Avg loss: 0.000, Time: 5:09:18
Epoch id: 36, Training steps: 300, Avg loss: 0.000, Time: 5:10:00
Epoch id: 36, Training steps: 400, Avg loss: 0.001, Time: 5:10:42
Epoch id: 36, Training steps: 500, Avg loss: 0.001, Time: 5:11:24
Epoch id: 36, Training steps: 600, Avg loss: 0.000, Time: 5:12:05
Epoch id: 36, Training steps: 700, Avg loss: 0.001, Time: 5:12:47
Epoch id: 36, Training steps: 800, Avg loss: 0.000, Time: 5:13:29
Epoch id: 36, Training steps: 900, Avg loss: 0.000, Time: 5:14:11
Epoch id: 36, Training steps: 1000, Avg loss: 0.000, Time: 5:14:52
Epoch id: 36, Training steps: 1100, Avg loss: 0.001, Time: 5:15:34
Start evaluation on dev dataset.
/home/lyq2021/.conda/envs/lyq2021/lib/python3.10/site-packages/sklearn/metrics/_classification.py:1344: UndefinedMetricWarning: Precision is ill-defined and being set to 0.0 in samples with no predicted labels. Use `zero_division` parameter to control this behavior.
  _warn_prf(average, modifier, msg_start, len(result))
Acc. (Correct/Total): 54.46%% Prec: 0.7428 F1: 0.7118
Epoch id: 37, Training steps: 100, Avg loss: 0.001, Time: 5:17:08
Epoch id: 37, Training steps: 200, Avg loss: 0.001, Time: 5:17:50
Epoch id: 37, Training steps: 300, Avg loss: 0.001, Time: 5:18:31
Epoch id: 37, Training steps: 400, Avg loss: 0.001, Time: 5:19:13
Epoch id: 37, Training steps: 500, Avg loss: 0.001, Time: 5:19:55
Epoch id: 37, Training steps: 600, Avg loss: 0.000, Time: 5:20:37
Epoch id: 37, Training steps: 700, Avg loss: 0.001, Time: 5:21:19
Epoch id: 37, Training steps: 800, Avg loss: 0.000, Time: 5:22:01
Epoch id: 37, Training steps: 900, Avg loss: 0.001, Time: 5:22:42
Epoch id: 37, Training steps: 1000, Avg loss: 0.001, Time: 5:23:24
Epoch id: 37, Training steps: 1100, Avg loss: 0.000, Time: 5:24:06
Start evaluation on dev dataset.
/home/lyq2021/.conda/envs/lyq2021/lib/python3.10/site-packages/sklearn/metrics/_classification.py:1344: UndefinedMetricWarning: Precision is ill-defined and being set to 0.0 in samples with no predicted labels. Use `zero_division` parameter to control this behavior.
  _warn_prf(average, modifier, msg_start, len(result))
Acc. (Correct/Total): 54.51%% Prec: 0.7511 F1: 0.7183
Epoch id: 38, Training steps: 100, Avg loss: 0.001, Time: 5:25:39
Epoch id: 38, Training steps: 200, Avg loss: 0.000, Time: 5:26:21
Epoch id: 38, Training steps: 300, Avg loss: 0.000, Time: 5:27:03
Epoch id: 38, Training steps: 400, Avg loss: 0.000, Time: 5:27:45
Epoch id: 38, Training steps: 500, Avg loss: 0.000, Time: 5:28:26
Epoch id: 38, Training steps: 600, Avg loss: 0.000, Time: 5:29:08
Epoch id: 38, Training steps: 700, Avg loss: 0.000, Time: 5:29:50
Epoch id: 38, Training steps: 800, Avg loss: 0.000, Time: 5:30:32
Epoch id: 38, Training steps: 900, Avg loss: 0.001, Time: 5:31:13
Epoch id: 38, Training steps: 1000, Avg loss: 0.001, Time: 5:31:55
Epoch id: 38, Training steps: 1100, Avg loss: 0.000, Time: 5:32:37
Start evaluation on dev dataset.
/home/lyq2021/.conda/envs/lyq2021/lib/python3.10/site-packages/sklearn/metrics/_classification.py:1344: UndefinedMetricWarning: Precision is ill-defined and being set to 0.0 in samples with no predicted labels. Use `zero_division` parameter to control this behavior.
  _warn_prf(average, modifier, msg_start, len(result))
Acc. (Correct/Total): 54.13%% Prec: 0.7453 F1: 0.7103
Epoch id: 39, Training steps: 100, Avg loss: 0.001, Time: 5:34:10
Epoch id: 39, Training steps: 200, Avg loss: 0.001, Time: 5:34:52
Epoch id: 39, Training steps: 300, Avg loss: 0.000, Time: 5:35:34
Epoch id: 39, Training steps: 400, Avg loss: 0.001, Time: 5:36:15
Epoch id: 39, Training steps: 500, Avg loss: 0.001, Time: 5:36:57
Epoch id: 39, Training steps: 600, Avg loss: 0.001, Time: 5:37:39
Epoch id: 39, Training steps: 700, Avg loss: 0.001, Time: 5:38:21
Epoch id: 39, Training steps: 800, Avg loss: 0.001, Time: 5:39:02
Epoch id: 39, Training steps: 900, Avg loss: 0.001, Time: 5:39:44
Epoch id: 39, Training steps: 1000, Avg loss: 0.000, Time: 5:40:26
Epoch id: 39, Training steps: 1100, Avg loss: 0.000, Time: 5:41:07
Start evaluation on dev dataset.
/home/lyq2021/.conda/envs/lyq2021/lib/python3.10/site-packages/sklearn/metrics/_classification.py:1344: UndefinedMetricWarning: Precision is ill-defined and being set to 0.0 in samples with no predicted labels. Use `zero_division` parameter to control this behavior.
  _warn_prf(average, modifier, msg_start, len(result))
Acc. (Correct/Total): 54.32%% Prec: 0.7344 F1: 0.7038
Epoch id: 40, Training steps: 100, Avg loss: 0.001, Time: 5:42:41
Epoch id: 40, Training steps: 200, Avg loss: 0.001, Time: 5:43:23
Epoch id: 40, Training steps: 300, Avg loss: 0.000, Time: 5:44:04
Epoch id: 40, Training steps: 400, Avg loss: 0.000, Time: 5:44:46
Epoch id: 40, Training steps: 500, Avg loss: 0.000, Time: 5:45:28
Epoch id: 40, Training steps: 600, Avg loss: 0.000, Time: 5:46:09
Epoch id: 40, Training steps: 700, Avg loss: 0.001, Time: 5:46:51
Epoch id: 40, Training steps: 800, Avg loss: 0.000, Time: 5:47:33
Epoch id: 40, Training steps: 900, Avg loss: 0.000, Time: 5:48:15
Epoch id: 40, Training steps: 1000, Avg loss: 0.000, Time: 5:48:56
Epoch id: 40, Training steps: 1100, Avg loss: 0.000, Time: 5:49:38
Start evaluation on dev dataset.
/home/lyq2021/.conda/envs/lyq2021/lib/python3.10/site-packages/sklearn/metrics/_classification.py:1344: UndefinedMetricWarning: Precision is ill-defined and being set to 0.0 in samples with no predicted labels. Use `zero_division` parameter to control this behavior.
  _warn_prf(average, modifier, msg_start, len(result))
Acc. (Correct/Total): 55.42%% Prec: 0.7511 F1: 0.7201
Final evaluation on the test dataset.
The number of evaluation instances:  2067
/home/lyq2021/.conda/envs/lyq2021/lib/python3.10/site-packages/sklearn/metrics/_classification.py:1344: UndefinedMetricWarning: Precision is ill-defined and being set to 0.0 in samples with no predicted labels. Use `zero_division` parameter to control this behavior.
  _warn_prf(average, modifier, msg_start, len(result))
/home/lyq2021/.conda/envs/lyq2021/lib/python3.10/site-packages/sklearn/metrics/_classification.py:1344: UndefinedMetricWarning: Precision and F-score are ill-defined and being set to 0.0 in labels with no predicted samples. Use `zero_division` parameter to control this behavior.
  _warn_prf(average, modifier, msg_start, len(result))
/home/lyq2021/.conda/envs/lyq2021/lib/python3.10/site-packages/sklearn/metrics/_classification.py:1344: UndefinedMetricWarning: Precision and F-score are ill-defined and being set to 0.0 in samples with no predicted labels. Use `zero_division` parameter to control this behavior.
  _warn_prf(average, modifier, msg_start, len(result))
Acc. (Correct/Total): 61.15% Prec: 0.7941 F1: 0.7601
Precision, Recall and F1-Score...
              precision    recall  f1-score   support

         教育学     0.8513    0.9502    0.8980       241
          法学     0.8528    0.8795    0.8659       224
      中国语言文学     0.8667    0.7730    0.8171       185
         政治学     0.7568    0.6871    0.7203       163
         社会学     0.8600    0.8217    0.8404       157
         心理学     0.8987    0.5772    0.7030       123
       应用经济学     0.7204    0.5726    0.6381       117
         历史学     0.8846    0.6330    0.7380       109
     环境科学与工程     0.8348    0.8889    0.8610       108
          哲学     0.8438    0.5567    0.6708        97
      外国语言文学     0.7966    0.5529    0.6528        85
         生物学     0.8228    0.8228    0.8228        79
      交通运输工程     0.9375    0.9615    0.9494        78
        临床医学     0.9016    0.7237    0.8029        76
    计算机科学与技术     0.6354    0.8592    0.7305        71
        土木工程     0.9403    0.9545    0.9474        66
   航空宇航科学与技术     0.9032    0.9180    0.9106        61
         民族学     0.6250    0.4545    0.5263        55
   公共卫生与预防医学     0.6875    0.6471    0.6667        51
         美术学     0.8393    0.9400    0.8868        50
         艺术学     0.7949    0.7209    0.7561        43
         地理学     0.8235    0.6667    0.7368        42
         体育学     0.9583    0.5750    0.7188        40
       理论经济学     0.7692    0.7895    0.7792        38
         中医学     0.9062    0.7838    0.8406        37
         物理学     0.8889    0.8889    0.8889        36
          林学     0.7308    0.5758    0.6441        33
          数学     0.7778    0.4375    0.5600        32
     电子科学与技术     0.7059    0.3871    0.5000        31
        基础医学     0.5357    0.5172    0.5263        29
        工商管理     0.8947    0.6296    0.7391        27
       新闻传播学     0.8421    0.7273    0.7805        22
         天文学     0.7308    0.8636    0.7917        22
         地质学     0.8000    0.7619    0.7805        21
         畜牧学     0.8261    0.9048    0.8636        21
   军事思想及军事历史     0.7895    0.7500    0.7692        20
     管理科学与工程     0.6087    0.7778    0.6829        18
     测绘科学与技术     0.8462    0.6471    0.7333        17
        水利工程     1.0000    0.6875    0.8148        16
        大气科学     0.8125    0.8125    0.8125        16
     兵器科学与技术     0.7059    0.8000    0.7500        15
       地球物理学     0.6667    0.5714    0.6154        14
        电气工程     0.8889    0.6154    0.7273        13
         作物学     0.8182    0.6923    0.7500        13
     控制科学与工程     0.3000    0.2308    0.2609        13
     信息与通信工程     0.7273    0.6154    0.6667        13
        公共管理     0.3333    0.0769    0.1250        13
         建筑学     0.8333    0.3846    0.5263        13
     化学工程与技术     1.0000    0.6667    0.8000        12
          力学     0.9000    0.8182    0.8571        11
        海洋科学     1.0000    0.8182    0.9000        11
     轻工技术与工程     0.5556    0.4545    0.5000        11
        农业工程     1.0000    0.4000    0.5714        10
         园艺学     0.8182    0.9000    0.8571        10
       中西医结合     1.0000    0.4000    0.5714        10
        机械工程     1.0000    0.7778    0.8750         9
       科学技术史     1.0000    0.7500    0.8571         8
     船舶与海洋工程     0.8750    0.8750    0.8750         8
   图书情报与档案管理     0.7500    0.7500    0.7500         8
        植物保护     0.8000    1.0000    0.8889         8
     材料科学与工程     1.0000    0.7500    0.8571         8
         统计学     0.6364    0.8750    0.7368         8
          化学     1.0000    0.8750    0.9333         8
     食品科学与工程     1.0000    0.5000    0.6667         8
          水产     1.0000    0.8571    0.9231         7
          药学     1.0000    0.7143    0.8333         7
     农业资源与环境     0.7500    0.4286    0.5455         7
         世界史     0.5000    0.5714    0.5333         7
        系统科学     0.8333    0.7143    0.7692         7
      农林经济管理     0.6667    0.8000    0.7273         5
       军队指挥学     1.0000    0.4000    0.5714         5
        矿业工程     0.6000    0.6000    0.6000         5
     纺织科学与工程     0.7143    1.0000    0.8333         5
  动力工程及工程热物理     0.0000    0.0000    0.0000         4
        林业工程     0.0000    0.0000    0.0000         4
     仪器科学与技术     0.0000    0.0000    0.0000         3
         战略学     0.5000    0.3333    0.4000         3
   地质资源与地质工程     0.0000    0.0000    0.0000         3
        旅游管理     1.0000    0.6667    0.8000         3
 图书馆、情报与档案管理     0.0000    0.0000    0.0000         2
        冶金工程     0.5000    1.0000    0.6667         2
      核科学与技术     0.0000    0.0000    0.0000         2

   micro avg     0.8201    0.7371    0.7764      3093
   macro avg     0.7460    0.6434    0.6767      3093
weighted avg     0.8179    0.7371    0.7668      3093
 samples avg     0.7941    0.7546    0.7601      3093

