/root/miniconda3/envs/lyq/lib/python3.8/site-packages/scipy/__init__.py:146: UserWarning: A NumPy version >=1.16.5 and <1.23.0 is required for this version of SciPy (detected version 1.23.5
  warnings.warn(f"A NumPy version >={np_minversion} and <{np_maxversion}"
  0%|          | 0/82 [00:00<?, ?it/s]100%|██████████| 82/82 [00:00<00:00, 1064807.83it/s]
model:  ernie-rcnn
pretrained:  ernie1
task:  MLC
dataset:  book_multilabels_task
seq_length:  256
hidden_dropout_prob:  0.1
attention_probs_dropout_prob:  0.1
epochs_num:  40
batch_size:  8
learning_rate:  2e-05
report_steps:  100
kg_name:  CnDbpedia
no_kg:  True
no_vm:  True
Vocabulary Size:  17964
[BertClassifier] use visible_matrix: False
Some weights of ErnieRCNNForMultiLabelSequenceClassification were not initialized from the model checkpoint at ./models/ernie1 and are newly initialized: ['lstm.bias_ih_l1_reverse', 'lstm.bias_ih_l1', 'lstm.bias_hh_l1_reverse', 'output_layer_1.bias', 'lstm.bias_hh_l1', 'lstm.weight_hh_l0', 'lstm.weight_hh_l0_reverse', 'lstm.weight_hh_l1', 'lstm.bias_hh_l0_reverse', 'lstm.weight_ih_l1_reverse', 'lstm.weight_ih_l0_reverse', 'lstm.weight_ih_l1', 'lstm.bias_ih_l0', 'lstm.bias_hh_l0', 'classifier.bias', 'lstm.weight_ih_l0', 'classifier.weight', 'lstm.weight_hh_l1_reverse', 'output_layer_1.weight', 'lstm.bias_ih_l0_reverse']
You should probably TRAIN this model on a down-stream task to be able to use it for predictions and inference.
1 GPUs are available. Let's use them.
device:  cuda
Start training.
Loading sentences from ./datasets/book_multilabels_task/train.tsv
There are 9097 sentence in total. We use 1 processes to inject knowledge into sentences.
Progress of process 0: 0/9097
Loading sentences from ./datasets/book_multilabels_task/dev.tsv
There are 2084 sentence in total. We use 1 processes to inject knowledge into sentences.
Progress of process 0: 0/2084
Loading sentences from ./datasets/book_multilabels_task/test.tsv
There are 2067 sentence in total. We use 1 processes to inject knowledge into sentences.
Progress of process 0: 0/2067
Epoch id: 1, Training steps: 100, Avg loss: 0.269, Time: 0:00:13
Epoch id: 1, Training steps: 200, Avg loss: 0.095, Time: 0:00:25
Epoch id: 1, Training steps: 300, Avg loss: 0.085, Time: 0:00:38
Epoch id: 1, Training steps: 400, Avg loss: 0.082, Time: 0:00:50
Epoch id: 1, Training steps: 500, Avg loss: 0.078, Time: 0:01:02
Epoch id: 1, Training steps: 600, Avg loss: 0.074, Time: 0:01:15
Epoch id: 1, Training steps: 700, Avg loss: 0.070, Time: 0:01:27
Epoch id: 1, Training steps: 800, Avg loss: 0.063, Time: 0:01:40
Epoch id: 1, Training steps: 900, Avg loss: 0.058, Time: 0:01:52
Epoch id: 1, Training steps: 1000, Avg loss: 0.057, Time: 0:02:04
Epoch id: 1, Training steps: 1100, Avg loss: 0.048, Time: 0:02:17
Start evaluation on dev dataset.
/root/miniconda3/envs/lyq/lib/python3.8/site-packages/sklearn/metrics/_classification.py:1469: UndefinedMetricWarning: Precision is ill-defined and being set to 0.0 in samples with no predicted labels. Use `zero_division` parameter to control this behavior.
  _warn_prf(average, modifier, msg_start, len(result))
Acc. (Correct/Total):  4.51%% Prec: 0.0876 F1: 0.0743
Start evaluation on test dataset.
/root/miniconda3/envs/lyq/lib/python3.8/site-packages/sklearn/metrics/_classification.py:1469: UndefinedMetricWarning: Precision is ill-defined and being set to 0.0 in samples with no predicted labels. Use `zero_division` parameter to control this behavior.
  _warn_prf(average, modifier, msg_start, len(result))
Acc. (Correct/Total):  6.14%% Prec: 0.1219 F1: 0.1015
Epoch id: 2, Training steps: 100, Avg loss: 0.064, Time: 0:02:54
Epoch id: 2, Training steps: 200, Avg loss: 0.044, Time: 0:03:07
Epoch id: 2, Training steps: 300, Avg loss: 0.041, Time: 0:03:19
Epoch id: 2, Training steps: 400, Avg loss: 0.039, Time: 0:03:31
Epoch id: 2, Training steps: 500, Avg loss: 0.037, Time: 0:03:43
Epoch id: 2, Training steps: 600, Avg loss: 0.035, Time: 0:03:54
Epoch id: 2, Training steps: 700, Avg loss: 0.034, Time: 0:04:06
Epoch id: 2, Training steps: 800, Avg loss: 0.034, Time: 0:04:18
Epoch id: 2, Training steps: 900, Avg loss: 0.035, Time: 0:04:30
Epoch id: 2, Training steps: 1000, Avg loss: 0.033, Time: 0:04:42
Epoch id: 2, Training steps: 1100, Avg loss: 0.030, Time: 0:04:54
Start evaluation on dev dataset.
/root/miniconda3/envs/lyq/lib/python3.8/site-packages/sklearn/metrics/_classification.py:1469: UndefinedMetricWarning: Precision is ill-defined and being set to 0.0 in samples with no predicted labels. Use `zero_division` parameter to control this behavior.
  _warn_prf(average, modifier, msg_start, len(result))
Acc. (Correct/Total): 28.41%% Prec: 0.4458 F1: 0.3943
Start evaluation on test dataset.
/root/miniconda3/envs/lyq/lib/python3.8/site-packages/sklearn/metrics/_classification.py:1469: UndefinedMetricWarning: Precision is ill-defined and being set to 0.0 in samples with no predicted labels. Use `zero_division` parameter to control this behavior.
  _warn_prf(average, modifier, msg_start, len(result))
Acc. (Correct/Total): 32.85%% Prec: 0.4869 F1: 0.4370
Epoch id: 3, Training steps: 100, Avg loss: 0.042, Time: 0:05:30
Epoch id: 3, Training steps: 200, Avg loss: 0.028, Time: 0:05:41
Epoch id: 3, Training steps: 300, Avg loss: 0.030, Time: 0:05:53
Epoch id: 3, Training steps: 400, Avg loss: 0.029, Time: 0:06:05
Epoch id: 3, Training steps: 500, Avg loss: 0.026, Time: 0:06:17
Epoch id: 3, Training steps: 600, Avg loss: 0.026, Time: 0:06:29
Epoch id: 3, Training steps: 700, Avg loss: 0.026, Time: 0:06:40
Epoch id: 3, Training steps: 800, Avg loss: 0.027, Time: 0:06:52
Epoch id: 3, Training steps: 900, Avg loss: 0.026, Time: 0:07:04
Epoch id: 3, Training steps: 1000, Avg loss: 0.025, Time: 0:07:16
Epoch id: 3, Training steps: 1100, Avg loss: 0.023, Time: 0:07:28
Start evaluation on dev dataset.
/root/miniconda3/envs/lyq/lib/python3.8/site-packages/sklearn/metrics/_classification.py:1469: UndefinedMetricWarning: Precision is ill-defined and being set to 0.0 in samples with no predicted labels. Use `zero_division` parameter to control this behavior.
  _warn_prf(average, modifier, msg_start, len(result))
Acc. (Correct/Total): 36.37%% Prec: 0.5372 F1: 0.4838
Start evaluation on test dataset.
/root/miniconda3/envs/lyq/lib/python3.8/site-packages/sklearn/metrics/_classification.py:1469: UndefinedMetricWarning: Precision is ill-defined and being set to 0.0 in samples with no predicted labels. Use `zero_division` parameter to control this behavior.
  _warn_prf(average, modifier, msg_start, len(result))
Acc. (Correct/Total): 41.03%% Prec: 0.5808 F1: 0.5266
Epoch id: 4, Training steps: 100, Avg loss: 0.030, Time: 0:08:05
Epoch id: 4, Training steps: 200, Avg loss: 0.021, Time: 0:08:17
Epoch id: 4, Training steps: 300, Avg loss: 0.020, Time: 0:08:29
Epoch id: 4, Training steps: 400, Avg loss: 0.021, Time: 0:08:41
Epoch id: 4, Training steps: 500, Avg loss: 0.021, Time: 0:08:54
Epoch id: 4, Training steps: 600, Avg loss: 0.020, Time: 0:09:06
Epoch id: 4, Training steps: 700, Avg loss: 0.020, Time: 0:09:18
Epoch id: 4, Training steps: 800, Avg loss: 0.020, Time: 0:09:30
Epoch id: 4, Training steps: 900, Avg loss: 0.019, Time: 0:09:42
Epoch id: 4, Training steps: 1000, Avg loss: 0.020, Time: 0:09:54
Epoch id: 4, Training steps: 1100, Avg loss: 0.019, Time: 0:10:06
Start evaluation on dev dataset.
/root/miniconda3/envs/lyq/lib/python3.8/site-packages/sklearn/metrics/_classification.py:1469: UndefinedMetricWarning: Precision is ill-defined and being set to 0.0 in samples with no predicted labels. Use `zero_division` parameter to control this behavior.
  _warn_prf(average, modifier, msg_start, len(result))
Acc. (Correct/Total): 41.17%% Prec: 0.6083 F1: 0.5487
Start evaluation on test dataset.
/root/miniconda3/envs/lyq/lib/python3.8/site-packages/sklearn/metrics/_classification.py:1469: UndefinedMetricWarning: Precision is ill-defined and being set to 0.0 in samples with no predicted labels. Use `zero_division` parameter to control this behavior.
  _warn_prf(average, modifier, msg_start, len(result))
Acc. (Correct/Total): 46.59%% Prec: 0.6488 F1: 0.5921
Epoch id: 5, Training steps: 100, Avg loss: 0.024, Time: 0:10:42
Epoch id: 5, Training steps: 200, Avg loss: 0.017, Time: 0:10:55
Epoch id: 5, Training steps: 300, Avg loss: 0.016, Time: 0:11:06
Epoch id: 5, Training steps: 400, Avg loss: 0.016, Time: 0:11:19
Epoch id: 5, Training steps: 500, Avg loss: 0.017, Time: 0:11:31
Epoch id: 5, Training steps: 600, Avg loss: 0.016, Time: 0:11:43
Epoch id: 5, Training steps: 700, Avg loss: 0.016, Time: 0:11:55
Epoch id: 5, Training steps: 800, Avg loss: 0.015, Time: 0:12:07
Epoch id: 5, Training steps: 900, Avg loss: 0.018, Time: 0:12:19
Epoch id: 5, Training steps: 1000, Avg loss: 0.017, Time: 0:12:31
Epoch id: 5, Training steps: 1100, Avg loss: 0.014, Time: 0:12:43
Start evaluation on dev dataset.
/root/miniconda3/envs/lyq/lib/python3.8/site-packages/sklearn/metrics/_classification.py:1469: UndefinedMetricWarning: Precision is ill-defined and being set to 0.0 in samples with no predicted labels. Use `zero_division` parameter to control this behavior.
  _warn_prf(average, modifier, msg_start, len(result))
Acc. (Correct/Total): 44.48%% Prec: 0.6404 F1: 0.5812
Start evaluation on test dataset.
/root/miniconda3/envs/lyq/lib/python3.8/site-packages/sklearn/metrics/_classification.py:1469: UndefinedMetricWarning: Precision is ill-defined and being set to 0.0 in samples with no predicted labels. Use `zero_division` parameter to control this behavior.
  _warn_prf(average, modifier, msg_start, len(result))
Acc. (Correct/Total): 50.46%% Prec: 0.6851 F1: 0.6302
Epoch id: 6, Training steps: 100, Avg loss: 0.019, Time: 0:13:20
Epoch id: 6, Training steps: 200, Avg loss: 0.016, Time: 0:13:33
Epoch id: 6, Training steps: 300, Avg loss: 0.014, Time: 0:13:45
Epoch id: 6, Training steps: 400, Avg loss: 0.013, Time: 0:13:57
Epoch id: 6, Training steps: 500, Avg loss: 0.013, Time: 0:14:09
Epoch id: 6, Training steps: 600, Avg loss: 0.014, Time: 0:14:21
Epoch id: 6, Training steps: 700, Avg loss: 0.012, Time: 0:14:33
Epoch id: 6, Training steps: 800, Avg loss: 0.012, Time: 0:14:45
Epoch id: 6, Training steps: 900, Avg loss: 0.012, Time: 0:14:58
Epoch id: 6, Training steps: 1000, Avg loss: 0.012, Time: 0:15:10
Epoch id: 6, Training steps: 1100, Avg loss: 0.011, Time: 0:15:22
Start evaluation on dev dataset.
/root/miniconda3/envs/lyq/lib/python3.8/site-packages/sklearn/metrics/_classification.py:1469: UndefinedMetricWarning: Precision is ill-defined and being set to 0.0 in samples with no predicted labels. Use `zero_division` parameter to control this behavior.
  _warn_prf(average, modifier, msg_start, len(result))
Acc. (Correct/Total): 46.64%% Prec: 0.6678 F1: 0.6085
Start evaluation on test dataset.
/root/miniconda3/envs/lyq/lib/python3.8/site-packages/sklearn/metrics/_classification.py:1469: UndefinedMetricWarning: Precision is ill-defined and being set to 0.0 in samples with no predicted labels. Use `zero_division` parameter to control this behavior.
  _warn_prf(average, modifier, msg_start, len(result))
Acc. (Correct/Total): 52.88%% Prec: 0.7196 F1: 0.6607
Epoch id: 7, Training steps: 100, Avg loss: 0.014, Time: 0:15:59
Epoch id: 7, Training steps: 200, Avg loss: 0.010, Time: 0:16:11
Epoch id: 7, Training steps: 300, Avg loss: 0.010, Time: 0:16:22
Epoch id: 7, Training steps: 400, Avg loss: 0.010, Time: 0:16:35
Epoch id: 7, Training steps: 500, Avg loss: 0.009, Time: 0:16:47
Epoch id: 7, Training steps: 600, Avg loss: 0.009, Time: 0:16:59
Epoch id: 7, Training steps: 700, Avg loss: 0.011, Time: 0:17:10
Epoch id: 7, Training steps: 800, Avg loss: 0.010, Time: 0:17:22
Epoch id: 7, Training steps: 900, Avg loss: 0.011, Time: 0:17:34
Epoch id: 7, Training steps: 1000, Avg loss: 0.014, Time: 0:17:46
Epoch id: 7, Training steps: 1100, Avg loss: 0.013, Time: 0:17:58
Start evaluation on dev dataset.
/root/miniconda3/envs/lyq/lib/python3.8/site-packages/sklearn/metrics/_classification.py:1469: UndefinedMetricWarning: Precision is ill-defined and being set to 0.0 in samples with no predicted labels. Use `zero_division` parameter to control this behavior.
  _warn_prf(average, modifier, msg_start, len(result))
Acc. (Correct/Total): 49.76%% Prec: 0.6941 F1: 0.6417
Start evaluation on test dataset.
/root/miniconda3/envs/lyq/lib/python3.8/site-packages/sklearn/metrics/_classification.py:1469: UndefinedMetricWarning: Precision is ill-defined and being set to 0.0 in samples with no predicted labels. Use `zero_division` parameter to control this behavior.
  _warn_prf(average, modifier, msg_start, len(result))
Acc. (Correct/Total): 56.17%% Prec: 0.7492 F1: 0.6947
Epoch id: 8, Training steps: 100, Avg loss: 0.013, Time: 0:18:35
Epoch id: 8, Training steps: 200, Avg loss: 0.008, Time: 0:18:47
Epoch id: 8, Training steps: 300, Avg loss: 0.008, Time: 0:19:00
Epoch id: 8, Training steps: 400, Avg loss: 0.008, Time: 0:19:12
Epoch id: 8, Training steps: 500, Avg loss: 0.008, Time: 0:19:24
Epoch id: 8, Training steps: 600, Avg loss: 0.008, Time: 0:19:36
Epoch id: 8, Training steps: 700, Avg loss: 0.008, Time: 0:19:49
Epoch id: 8, Training steps: 800, Avg loss: 0.010, Time: 0:20:01
Epoch id: 8, Training steps: 900, Avg loss: 0.008, Time: 0:20:13
Epoch id: 8, Training steps: 1000, Avg loss: 0.008, Time: 0:20:25
Epoch id: 8, Training steps: 1100, Avg loss: 0.008, Time: 0:20:37
Start evaluation on dev dataset.
/root/miniconda3/envs/lyq/lib/python3.8/site-packages/sklearn/metrics/_classification.py:1469: UndefinedMetricWarning: Precision is ill-defined and being set to 0.0 in samples with no predicted labels. Use `zero_division` parameter to control this behavior.
  _warn_prf(average, modifier, msg_start, len(result))
Acc. (Correct/Total): 49.28%% Prec: 0.6931 F1: 0.6406
Epoch id: 9, Training steps: 100, Avg loss: 0.010, Time: 0:21:04
Epoch id: 9, Training steps: 200, Avg loss: 0.006, Time: 0:21:16
Epoch id: 9, Training steps: 300, Avg loss: 0.006, Time: 0:21:28
Epoch id: 9, Training steps: 400, Avg loss: 0.007, Time: 0:21:40
Epoch id: 9, Training steps: 500, Avg loss: 0.006, Time: 0:21:52
Epoch id: 9, Training steps: 600, Avg loss: 0.007, Time: 0:22:04
Epoch id: 9, Training steps: 700, Avg loss: 0.007, Time: 0:22:16
Epoch id: 9, Training steps: 800, Avg loss: 0.007, Time: 0:22:28
Epoch id: 9, Training steps: 900, Avg loss: 0.006, Time: 0:22:40
Epoch id: 9, Training steps: 1000, Avg loss: 0.006, Time: 0:22:53
Epoch id: 9, Training steps: 1100, Avg loss: 0.007, Time: 0:23:05
Start evaluation on dev dataset.
/root/miniconda3/envs/lyq/lib/python3.8/site-packages/sklearn/metrics/_classification.py:1469: UndefinedMetricWarning: Precision is ill-defined and being set to 0.0 in samples with no predicted labels. Use `zero_division` parameter to control this behavior.
  _warn_prf(average, modifier, msg_start, len(result))
Acc. (Correct/Total): 52.02%% Prec: 0.7201 F1: 0.6689
Start evaluation on test dataset.
/root/miniconda3/envs/lyq/lib/python3.8/site-packages/sklearn/metrics/_classification.py:1469: UndefinedMetricWarning: Precision is ill-defined and being set to 0.0 in samples with no predicted labels. Use `zero_division` parameter to control this behavior.
  _warn_prf(average, modifier, msg_start, len(result))
Acc. (Correct/Total): 59.02%% Prec: 0.7794 F1: 0.7271
Epoch id: 10, Training steps: 100, Avg loss: 0.008, Time: 0:23:42
Epoch id: 10, Training steps: 200, Avg loss: 0.006, Time: 0:23:54
Epoch id: 10, Training steps: 300, Avg loss: 0.005, Time: 0:24:06
Epoch id: 10, Training steps: 400, Avg loss: 0.007, Time: 0:24:18
Epoch id: 10, Training steps: 500, Avg loss: 0.008, Time: 0:24:30
Epoch id: 10, Training steps: 600, Avg loss: 0.005, Time: 0:24:42
Epoch id: 10, Training steps: 700, Avg loss: 0.006, Time: 0:24:54
Epoch id: 10, Training steps: 800, Avg loss: 0.017, Time: 0:25:06
Epoch id: 10, Training steps: 900, Avg loss: 0.034, Time: 0:25:18
Epoch id: 10, Training steps: 1000, Avg loss: 0.036, Time: 0:25:30
Epoch id: 10, Training steps: 1100, Avg loss: 0.014, Time: 0:25:42
Start evaluation on dev dataset.
/root/miniconda3/envs/lyq/lib/python3.8/site-packages/sklearn/metrics/_classification.py:1469: UndefinedMetricWarning: Precision is ill-defined and being set to 0.0 in samples with no predicted labels. Use `zero_division` parameter to control this behavior.
  _warn_prf(average, modifier, msg_start, len(result))
Acc. (Correct/Total): 47.84%% Prec: 0.6875 F1: 0.6303
Epoch id: 11, Training steps: 100, Avg loss: 0.016, Time: 0:26:08
Epoch id: 11, Training steps: 200, Avg loss: 0.008, Time: 0:26:20
Epoch id: 11, Training steps: 300, Avg loss: 0.006, Time: 0:26:32
Epoch id: 11, Training steps: 400, Avg loss: 0.008, Time: 0:26:44
Epoch id: 11, Training steps: 500, Avg loss: 0.006, Time: 0:26:56
Epoch id: 11, Training steps: 600, Avg loss: 0.007, Time: 0:27:08
Epoch id: 11, Training steps: 700, Avg loss: 0.007, Time: 0:27:20
Epoch id: 11, Training steps: 800, Avg loss: 0.007, Time: 0:27:32
Epoch id: 11, Training steps: 900, Avg loss: 0.006, Time: 0:27:44
Epoch id: 11, Training steps: 1000, Avg loss: 0.006, Time: 0:27:56
Epoch id: 11, Training steps: 1100, Avg loss: 0.006, Time: 0:28:08
Start evaluation on dev dataset.
/root/miniconda3/envs/lyq/lib/python3.8/site-packages/sklearn/metrics/_classification.py:1469: UndefinedMetricWarning: Precision is ill-defined and being set to 0.0 in samples with no predicted labels. Use `zero_division` parameter to control this behavior.
  _warn_prf(average, modifier, msg_start, len(result))
Acc. (Correct/Total): 54.13%% Prec: 0.7306 F1: 0.6885
Start evaluation on test dataset.
/root/miniconda3/envs/lyq/lib/python3.8/site-packages/sklearn/metrics/_classification.py:1469: UndefinedMetricWarning: Precision is ill-defined and being set to 0.0 in samples with no predicted labels. Use `zero_division` parameter to control this behavior.
  _warn_prf(average, modifier, msg_start, len(result))
Acc. (Correct/Total): 60.18%% Prec: 0.7785 F1: 0.7378
Epoch id: 12, Training steps: 100, Avg loss: 0.006, Time: 0:28:44
Epoch id: 12, Training steps: 200, Avg loss: 0.004, Time: 0:28:56
Epoch id: 12, Training steps: 300, Avg loss: 0.004, Time: 0:29:08
Epoch id: 12, Training steps: 400, Avg loss: 0.005, Time: 0:29:20
Epoch id: 12, Training steps: 500, Avg loss: 0.005, Time: 0:29:33
Epoch id: 12, Training steps: 600, Avg loss: 0.006, Time: 0:29:45
Epoch id: 12, Training steps: 700, Avg loss: 0.006, Time: 0:29:56
Epoch id: 12, Training steps: 800, Avg loss: 0.004, Time: 0:30:09
Epoch id: 12, Training steps: 900, Avg loss: 0.005, Time: 0:30:21
Epoch id: 12, Training steps: 1000, Avg loss: 0.005, Time: 0:30:33
Epoch id: 12, Training steps: 1100, Avg loss: 0.004, Time: 0:30:45
Start evaluation on dev dataset.
/root/miniconda3/envs/lyq/lib/python3.8/site-packages/sklearn/metrics/_classification.py:1469: UndefinedMetricWarning: Precision is ill-defined and being set to 0.0 in samples with no predicted labels. Use `zero_division` parameter to control this behavior.
  _warn_prf(average, modifier, msg_start, len(result))
Acc. (Correct/Total): 54.03%% Prec: 0.7373 F1: 0.6945
Epoch id: 13, Training steps: 100, Avg loss: 0.005, Time: 0:31:11
Epoch id: 13, Training steps: 200, Avg loss: 0.003, Time: 0:31:23
Epoch id: 13, Training steps: 300, Avg loss: 0.004, Time: 0:31:35
Epoch id: 13, Training steps: 400, Avg loss: 0.004, Time: 0:31:47
Epoch id: 13, Training steps: 500, Avg loss: 0.003, Time: 0:31:59
Epoch id: 13, Training steps: 600, Avg loss: 0.004, Time: 0:32:10
Epoch id: 13, Training steps: 700, Avg loss: 0.004, Time: 0:32:23
Epoch id: 13, Training steps: 800, Avg loss: 0.003, Time: 0:32:35
Epoch id: 13, Training steps: 900, Avg loss: 0.003, Time: 0:32:47
Epoch id: 13, Training steps: 1000, Avg loss: 0.003, Time: 0:32:59
Epoch id: 13, Training steps: 1100, Avg loss: 0.004, Time: 0:33:11
Start evaluation on dev dataset.
/root/miniconda3/envs/lyq/lib/python3.8/site-packages/sklearn/metrics/_classification.py:1469: UndefinedMetricWarning: Precision is ill-defined and being set to 0.0 in samples with no predicted labels. Use `zero_division` parameter to control this behavior.
  _warn_prf(average, modifier, msg_start, len(result))
Acc. (Correct/Total): 54.70%% Prec: 0.7292 F1: 0.6868
Start evaluation on test dataset.
/root/miniconda3/envs/lyq/lib/python3.8/site-packages/sklearn/metrics/_classification.py:1469: UndefinedMetricWarning: Precision is ill-defined and being set to 0.0 in samples with no predicted labels. Use `zero_division` parameter to control this behavior.
  _warn_prf(average, modifier, msg_start, len(result))
Acc. (Correct/Total): 61.88%% Prec: 0.7783 F1: 0.7418
Epoch id: 14, Training steps: 100, Avg loss: 0.004, Time: 0:33:47
Epoch id: 14, Training steps: 200, Avg loss: 0.003, Time: 0:34:00
Epoch id: 14, Training steps: 300, Avg loss: 0.003, Time: 0:34:12
Epoch id: 14, Training steps: 400, Avg loss: 0.003, Time: 0:34:24
Epoch id: 14, Training steps: 500, Avg loss: 0.003, Time: 0:34:36
Epoch id: 14, Training steps: 600, Avg loss: 0.003, Time: 0:34:48
Epoch id: 14, Training steps: 700, Avg loss: 0.003, Time: 0:35:01
Epoch id: 14, Training steps: 800, Avg loss: 0.003, Time: 0:35:12
Epoch id: 14, Training steps: 900, Avg loss: 0.003, Time: 0:35:25
Epoch id: 14, Training steps: 1000, Avg loss: 0.003, Time: 0:35:37
Epoch id: 14, Training steps: 1100, Avg loss: 0.002, Time: 0:35:49
Start evaluation on dev dataset.
/root/miniconda3/envs/lyq/lib/python3.8/site-packages/sklearn/metrics/_classification.py:1469: UndefinedMetricWarning: Precision is ill-defined and being set to 0.0 in samples with no predicted labels. Use `zero_division` parameter to control this behavior.
  _warn_prf(average, modifier, msg_start, len(result))
Acc. (Correct/Total): 55.37%% Prec: 0.7404 F1: 0.7044
Start evaluation on test dataset.
/root/miniconda3/envs/lyq/lib/python3.8/site-packages/sklearn/metrics/_classification.py:1469: UndefinedMetricWarning: Precision is ill-defined and being set to 0.0 in samples with no predicted labels. Use `zero_division` parameter to control this behavior.
  _warn_prf(average, modifier, msg_start, len(result))
Acc. (Correct/Total): 62.84%% Prec: 0.7943 F1: 0.7616
Epoch id: 15, Training steps: 100, Avg loss: 0.003, Time: 0:36:25
Epoch id: 15, Training steps: 200, Avg loss: 0.003, Time: 0:36:38
Epoch id: 15, Training steps: 300, Avg loss: 0.004, Time: 0:36:50
Epoch id: 15, Training steps: 400, Avg loss: 0.003, Time: 0:37:02
Epoch id: 15, Training steps: 500, Avg loss: 0.003, Time: 0:37:14
Epoch id: 15, Training steps: 600, Avg loss: 0.003, Time: 0:37:26
Epoch id: 15, Training steps: 700, Avg loss: 0.005, Time: 0:37:38
Epoch id: 15, Training steps: 800, Avg loss: 0.004, Time: 0:37:50
Epoch id: 15, Training steps: 900, Avg loss: 0.003, Time: 0:38:02
Epoch id: 15, Training steps: 1000, Avg loss: 0.003, Time: 0:38:14
Epoch id: 15, Training steps: 1100, Avg loss: 0.002, Time: 0:38:27
Start evaluation on dev dataset.
/root/miniconda3/envs/lyq/lib/python3.8/site-packages/sklearn/metrics/_classification.py:1469: UndefinedMetricWarning: Precision is ill-defined and being set to 0.0 in samples with no predicted labels. Use `zero_division` parameter to control this behavior.
  _warn_prf(average, modifier, msg_start, len(result))
Acc. (Correct/Total): 54.51%% Prec: 0.7365 F1: 0.7037
Epoch id: 16, Training steps: 100, Avg loss: 0.004, Time: 0:38:54
Epoch id: 16, Training steps: 200, Avg loss: 0.003, Time: 0:39:06
Epoch id: 16, Training steps: 300, Avg loss: 0.002, Time: 0:39:18
Epoch id: 16, Training steps: 400, Avg loss: 0.003, Time: 0:39:30
Epoch id: 16, Training steps: 500, Avg loss: 0.003, Time: 0:39:42
Epoch id: 16, Training steps: 600, Avg loss: 0.002, Time: 0:39:55
Epoch id: 16, Training steps: 700, Avg loss: 0.003, Time: 0:40:07
Epoch id: 16, Training steps: 800, Avg loss: 0.002, Time: 0:40:19
Epoch id: 16, Training steps: 900, Avg loss: 0.003, Time: 0:40:31
Epoch id: 16, Training steps: 1000, Avg loss: 0.002, Time: 0:40:44
Epoch id: 16, Training steps: 1100, Avg loss: 0.002, Time: 0:40:56
Start evaluation on dev dataset.
/root/miniconda3/envs/lyq/lib/python3.8/site-packages/sklearn/metrics/_classification.py:1469: UndefinedMetricWarning: Precision is ill-defined and being set to 0.0 in samples with no predicted labels. Use `zero_division` parameter to control this behavior.
  _warn_prf(average, modifier, msg_start, len(result))
Acc. (Correct/Total): 55.81%% Prec: 0.7482 F1: 0.7151
Start evaluation on test dataset.
/root/miniconda3/envs/lyq/lib/python3.8/site-packages/sklearn/metrics/_classification.py:1469: UndefinedMetricWarning: Precision is ill-defined and being set to 0.0 in samples with no predicted labels. Use `zero_division` parameter to control this behavior.
  _warn_prf(average, modifier, msg_start, len(result))
Acc. (Correct/Total): 63.13%% Prec: 0.7958 F1: 0.7639
Epoch id: 17, Training steps: 100, Avg loss: 0.003, Time: 0:41:32
Epoch id: 17, Training steps: 200, Avg loss: 0.002, Time: 0:41:45
Epoch id: 17, Training steps: 300, Avg loss: 0.002, Time: 0:41:57
Epoch id: 17, Training steps: 400, Avg loss: 0.002, Time: 0:42:09
Epoch id: 17, Training steps: 500, Avg loss: 0.002, Time: 0:42:21
Epoch id: 17, Training steps: 600, Avg loss: 0.002, Time: 0:42:33
Epoch id: 17, Training steps: 700, Avg loss: 0.002, Time: 0:42:45
Epoch id: 17, Training steps: 800, Avg loss: 0.002, Time: 0:42:58
Epoch id: 17, Training steps: 900, Avg loss: 0.002, Time: 0:43:10
Epoch id: 17, Training steps: 1000, Avg loss: 0.002, Time: 0:43:22
Epoch id: 17, Training steps: 1100, Avg loss: 0.002, Time: 0:43:34
Start evaluation on dev dataset.
/root/miniconda3/envs/lyq/lib/python3.8/site-packages/sklearn/metrics/_classification.py:1469: UndefinedMetricWarning: Precision is ill-defined and being set to 0.0 in samples with no predicted labels. Use `zero_division` parameter to control this behavior.
  _warn_prf(average, modifier, msg_start, len(result))
Acc. (Correct/Total): 55.23%% Prec: 0.7502 F1: 0.7190
Epoch id: 18, Training steps: 100, Avg loss: 0.003, Time: 0:44:01
Epoch id: 18, Training steps: 200, Avg loss: 0.001, Time: 0:44:13
Epoch id: 18, Training steps: 300, Avg loss: 0.002, Time: 0:44:25
Epoch id: 18, Training steps: 400, Avg loss: 0.002, Time: 0:44:37
Epoch id: 18, Training steps: 500, Avg loss: 0.002, Time: 0:44:49
Epoch id: 18, Training steps: 600, Avg loss: 0.002, Time: 0:45:02
Epoch id: 18, Training steps: 700, Avg loss: 0.003, Time: 0:45:14
Epoch id: 18, Training steps: 800, Avg loss: 0.002, Time: 0:45:26
Epoch id: 18, Training steps: 900, Avg loss: 0.002, Time: 0:45:38
Epoch id: 18, Training steps: 1000, Avg loss: 0.003, Time: 0:45:50
Epoch id: 18, Training steps: 1100, Avg loss: 0.002, Time: 0:46:02
Start evaluation on dev dataset.
/root/miniconda3/envs/lyq/lib/python3.8/site-packages/sklearn/metrics/_classification.py:1469: UndefinedMetricWarning: Precision is ill-defined and being set to 0.0 in samples with no predicted labels. Use `zero_division` parameter to control this behavior.
  _warn_prf(average, modifier, msg_start, len(result))
Acc. (Correct/Total): 56.43%% Prec: 0.7459 F1: 0.7141
Start evaluation on test dataset.
/root/miniconda3/envs/lyq/lib/python3.8/site-packages/sklearn/metrics/_classification.py:1469: UndefinedMetricWarning: Precision is ill-defined and being set to 0.0 in samples with no predicted labels. Use `zero_division` parameter to control this behavior.
  _warn_prf(average, modifier, msg_start, len(result))
Acc. (Correct/Total): 62.22%% Prec: 0.7856 F1: 0.7518
Epoch id: 19, Training steps: 100, Avg loss: 0.004, Time: 0:46:39
Epoch id: 19, Training steps: 200, Avg loss: 0.003, Time: 0:46:51
Epoch id: 19, Training steps: 300, Avg loss: 0.002, Time: 0:47:03
Epoch id: 19, Training steps: 400, Avg loss: 0.002, Time: 0:47:15
Epoch id: 19, Training steps: 500, Avg loss: 0.001, Time: 0:47:27
Epoch id: 19, Training steps: 600, Avg loss: 0.002, Time: 0:47:39
Epoch id: 19, Training steps: 700, Avg loss: 0.002, Time: 0:47:51
Epoch id: 19, Training steps: 800, Avg loss: 0.001, Time: 0:48:03
Epoch id: 19, Training steps: 900, Avg loss: 0.002, Time: 0:48:15
Epoch id: 19, Training steps: 1000, Avg loss: 0.002, Time: 0:48:27
Epoch id: 19, Training steps: 1100, Avg loss: 0.002, Time: 0:48:40
Start evaluation on dev dataset.
/root/miniconda3/envs/lyq/lib/python3.8/site-packages/sklearn/metrics/_classification.py:1469: UndefinedMetricWarning: Precision is ill-defined and being set to 0.0 in samples with no predicted labels. Use `zero_division` parameter to control this behavior.
  _warn_prf(average, modifier, msg_start, len(result))
Acc. (Correct/Total): 57.05%% Prec: 0.7445 F1: 0.7158
Start evaluation on test dataset.
/root/miniconda3/envs/lyq/lib/python3.8/site-packages/sklearn/metrics/_classification.py:1469: UndefinedMetricWarning: Precision is ill-defined and being set to 0.0 in samples with no predicted labels. Use `zero_division` parameter to control this behavior.
  _warn_prf(average, modifier, msg_start, len(result))
Acc. (Correct/Total): 63.28%% Prec: 0.7988 F1: 0.7643
Epoch id: 20, Training steps: 100, Avg loss: 0.002, Time: 0:49:16
Epoch id: 20, Training steps: 200, Avg loss: 0.001, Time: 0:49:29
Epoch id: 20, Training steps: 300, Avg loss: 0.001, Time: 0:49:41
Epoch id: 20, Training steps: 400, Avg loss: 0.001, Time: 0:49:53
Epoch id: 20, Training steps: 500, Avg loss: 0.001, Time: 0:50:06
Epoch id: 20, Training steps: 600, Avg loss: 0.001, Time: 0:50:18
Epoch id: 20, Training steps: 700, Avg loss: 0.001, Time: 0:50:30
Epoch id: 20, Training steps: 800, Avg loss: 0.003, Time: 0:50:42
Epoch id: 20, Training steps: 900, Avg loss: 0.002, Time: 0:50:54
Epoch id: 20, Training steps: 1000, Avg loss: 0.005, Time: 0:51:05
Epoch id: 20, Training steps: 1100, Avg loss: 0.002, Time: 0:51:18
Start evaluation on dev dataset.
/root/miniconda3/envs/lyq/lib/python3.8/site-packages/sklearn/metrics/_classification.py:1469: UndefinedMetricWarning: Precision is ill-defined and being set to 0.0 in samples with no predicted labels. Use `zero_division` parameter to control this behavior.
  _warn_prf(average, modifier, msg_start, len(result))
Acc. (Correct/Total): 56.33%% Prec: 0.7416 F1: 0.7155
Epoch id: 21, Training steps: 100, Avg loss: 0.005, Time: 0:51:44
Epoch id: 21, Training steps: 200, Avg loss: 0.002, Time: 0:51:56
Epoch id: 21, Training steps: 300, Avg loss: 0.004, Time: 0:52:07
Epoch id: 21, Training steps: 400, Avg loss: 0.003, Time: 0:52:20
Epoch id: 21, Training steps: 500, Avg loss: 0.002, Time: 0:52:32
Epoch id: 21, Training steps: 600, Avg loss: 0.002, Time: 0:52:44
Epoch id: 21, Training steps: 700, Avg loss: 0.002, Time: 0:52:56
Epoch id: 21, Training steps: 800, Avg loss: 0.001, Time: 0:53:08
Epoch id: 21, Training steps: 900, Avg loss: 0.001, Time: 0:53:20
Epoch id: 21, Training steps: 1000, Avg loss: 0.002, Time: 0:53:32
Epoch id: 21, Training steps: 1100, Avg loss: 0.002, Time: 0:53:44
Start evaluation on dev dataset.
/root/miniconda3/envs/lyq/lib/python3.8/site-packages/sklearn/metrics/_classification.py:1469: UndefinedMetricWarning: Precision is ill-defined and being set to 0.0 in samples with no predicted labels. Use `zero_division` parameter to control this behavior.
  _warn_prf(average, modifier, msg_start, len(result))
Acc. (Correct/Total): 55.95%% Prec: 0.7520 F1: 0.7191
Epoch id: 22, Training steps: 100, Avg loss: 0.002, Time: 0:54:10
Epoch id: 22, Training steps: 200, Avg loss: 0.001, Time: 0:54:23
Epoch id: 22, Training steps: 300, Avg loss: 0.001, Time: 0:54:35
Epoch id: 22, Training steps: 400, Avg loss: 0.001, Time: 0:54:47
Epoch id: 22, Training steps: 500, Avg loss: 0.001, Time: 0:54:59
Epoch id: 22, Training steps: 600, Avg loss: 0.001, Time: 0:55:12
Epoch id: 22, Training steps: 700, Avg loss: 0.001, Time: 0:55:24
Epoch id: 22, Training steps: 800, Avg loss: 0.001, Time: 0:55:36
Epoch id: 22, Training steps: 900, Avg loss: 0.001, Time: 0:55:48
Epoch id: 22, Training steps: 1000, Avg loss: 0.001, Time: 0:56:00
Epoch id: 22, Training steps: 1100, Avg loss: 0.001, Time: 0:56:13
Start evaluation on dev dataset.
/root/miniconda3/envs/lyq/lib/python3.8/site-packages/sklearn/metrics/_classification.py:1469: UndefinedMetricWarning: Precision is ill-defined and being set to 0.0 in samples with no predicted labels. Use `zero_division` parameter to control this behavior.
  _warn_prf(average, modifier, msg_start, len(result))
Acc. (Correct/Total): 57.01%% Prec: 0.7535 F1: 0.7219
Epoch id: 23, Training steps: 100, Avg loss: 0.001, Time: 0:56:39
Epoch id: 23, Training steps: 200, Avg loss: 0.001, Time: 0:56:51
Epoch id: 23, Training steps: 300, Avg loss: 0.001, Time: 0:57:03
Epoch id: 23, Training steps: 400, Avg loss: 0.001, Time: 0:57:15
Epoch id: 23, Training steps: 500, Avg loss: 0.001, Time: 0:57:27
Epoch id: 23, Training steps: 600, Avg loss: 0.001, Time: 0:57:39
Epoch id: 23, Training steps: 700, Avg loss: 0.001, Time: 0:57:51
Epoch id: 23, Training steps: 800, Avg loss: 0.001, Time: 0:58:03
Epoch id: 23, Training steps: 900, Avg loss: 0.001, Time: 0:58:15
Epoch id: 23, Training steps: 1000, Avg loss: 0.001, Time: 0:58:27
Epoch id: 23, Training steps: 1100, Avg loss: 0.001, Time: 0:58:39
Start evaluation on dev dataset.
/root/miniconda3/envs/lyq/lib/python3.8/site-packages/sklearn/metrics/_classification.py:1469: UndefinedMetricWarning: Precision is ill-defined and being set to 0.0 in samples with no predicted labels. Use `zero_division` parameter to control this behavior.
  _warn_prf(average, modifier, msg_start, len(result))
Acc. (Correct/Total): 55.81%% Prec: 0.7394 F1: 0.7085
Epoch id: 24, Training steps: 100, Avg loss: 0.001, Time: 0:59:06
Epoch id: 24, Training steps: 200, Avg loss: 0.001, Time: 0:59:18
Epoch id: 24, Training steps: 300, Avg loss: 0.001, Time: 0:59:30
Epoch id: 24, Training steps: 400, Avg loss: 0.001, Time: 0:59:42
Epoch id: 24, Training steps: 500, Avg loss: 0.001, Time: 0:59:54
Epoch id: 24, Training steps: 600, Avg loss: 0.001, Time: 1:00:06
Epoch id: 24, Training steps: 700, Avg loss: 0.001, Time: 1:00:18
Epoch id: 24, Training steps: 800, Avg loss: 0.001, Time: 1:00:30
Epoch id: 24, Training steps: 900, Avg loss: 0.001, Time: 1:00:43
Epoch id: 24, Training steps: 1000, Avg loss: 0.001, Time: 1:00:54
Epoch id: 24, Training steps: 1100, Avg loss: 0.001, Time: 1:01:06
Start evaluation on dev dataset.
/root/miniconda3/envs/lyq/lib/python3.8/site-packages/sklearn/metrics/_classification.py:1469: UndefinedMetricWarning: Precision is ill-defined and being set to 0.0 in samples with no predicted labels. Use `zero_division` parameter to control this behavior.
  _warn_prf(average, modifier, msg_start, len(result))
Acc. (Correct/Total): 54.89%% Prec: 0.7264 F1: 0.6964
Epoch id: 25, Training steps: 100, Avg loss: 0.002, Time: 1:01:32
Epoch id: 25, Training steps: 200, Avg loss: 0.001, Time: 1:01:44
Epoch id: 25, Training steps: 300, Avg loss: 0.001, Time: 1:01:56
Epoch id: 25, Training steps: 400, Avg loss: 0.001, Time: 1:02:08
Epoch id: 25, Training steps: 500, Avg loss: 0.001, Time: 1:02:20
Epoch id: 25, Training steps: 600, Avg loss: 0.001, Time: 1:02:32
Epoch id: 25, Training steps: 700, Avg loss: 0.001, Time: 1:02:44
Epoch id: 25, Training steps: 800, Avg loss: 0.001, Time: 1:02:56
Epoch id: 25, Training steps: 900, Avg loss: 0.001, Time: 1:03:08
Epoch id: 25, Training steps: 1000, Avg loss: 0.001, Time: 1:03:20
Epoch id: 25, Training steps: 1100, Avg loss: 0.001, Time: 1:03:32
Start evaluation on dev dataset.
/root/miniconda3/envs/lyq/lib/python3.8/site-packages/sklearn/metrics/_classification.py:1469: UndefinedMetricWarning: Precision is ill-defined and being set to 0.0 in samples with no predicted labels. Use `zero_division` parameter to control this behavior.
  _warn_prf(average, modifier, msg_start, len(result))
Acc. (Correct/Total): 54.85%% Prec: 0.7333 F1: 0.7058
Epoch id: 26, Training steps: 100, Avg loss: 0.004, Time: 1:03:59
Epoch id: 26, Training steps: 200, Avg loss: 0.001, Time: 1:04:11
Epoch id: 26, Training steps: 300, Avg loss: 0.001, Time: 1:04:22
Epoch id: 26, Training steps: 400, Avg loss: 0.002, Time: 1:04:34
Epoch id: 26, Training steps: 500, Avg loss: 0.002, Time: 1:04:47
Epoch id: 26, Training steps: 600, Avg loss: 0.001, Time: 1:04:59
Epoch id: 26, Training steps: 700, Avg loss: 0.001, Time: 1:05:11
Epoch id: 26, Training steps: 800, Avg loss: 0.001, Time: 1:05:23
Epoch id: 26, Training steps: 900, Avg loss: 0.001, Time: 1:05:36
Epoch id: 26, Training steps: 1000, Avg loss: 0.001, Time: 1:05:48
Epoch id: 26, Training steps: 1100, Avg loss: 0.001, Time: 1:06:00
Start evaluation on dev dataset.
/root/miniconda3/envs/lyq/lib/python3.8/site-packages/sklearn/metrics/_classification.py:1469: UndefinedMetricWarning: Precision is ill-defined and being set to 0.0 in samples with no predicted labels. Use `zero_division` parameter to control this behavior.
  _warn_prf(average, modifier, msg_start, len(result))
Acc. (Correct/Total): 55.76%% Prec: 0.7423 F1: 0.7105
Epoch id: 27, Training steps: 100, Avg loss: 0.001, Time: 1:06:26
Epoch id: 27, Training steps: 200, Avg loss: 0.001, Time: 1:06:39
Epoch id: 27, Training steps: 300, Avg loss: 0.001, Time: 1:06:51
Epoch id: 27, Training steps: 400, Avg loss: 0.001, Time: 1:07:03
Epoch id: 27, Training steps: 500, Avg loss: 0.001, Time: 1:07:15
Epoch id: 27, Training steps: 600, Avg loss: 0.001, Time: 1:07:26
Epoch id: 27, Training steps: 700, Avg loss: 0.001, Time: 1:07:39
Epoch id: 27, Training steps: 800, Avg loss: 0.001, Time: 1:07:51
Epoch id: 27, Training steps: 900, Avg loss: 0.000, Time: 1:08:03
Epoch id: 27, Training steps: 1000, Avg loss: 0.000, Time: 1:08:15
Epoch id: 27, Training steps: 1100, Avg loss: 0.001, Time: 1:08:27
Start evaluation on dev dataset.
/root/miniconda3/envs/lyq/lib/python3.8/site-packages/sklearn/metrics/_classification.py:1469: UndefinedMetricWarning: Precision is ill-defined and being set to 0.0 in samples with no predicted labels. Use `zero_division` parameter to control this behavior.
  _warn_prf(average, modifier, msg_start, len(result))
Acc. (Correct/Total): 54.51%% Prec: 0.7306 F1: 0.7056
Epoch id: 28, Training steps: 100, Avg loss: 0.002, Time: 1:08:54
Epoch id: 28, Training steps: 200, Avg loss: 0.001, Time: 1:09:06
Epoch id: 28, Training steps: 300, Avg loss: 0.001, Time: 1:09:18
Epoch id: 28, Training steps: 400, Avg loss: 0.001, Time: 1:09:30
Epoch id: 28, Training steps: 500, Avg loss: 0.001, Time: 1:09:42
Epoch id: 28, Training steps: 600, Avg loss: 0.001, Time: 1:09:54
Epoch id: 28, Training steps: 700, Avg loss: 0.001, Time: 1:10:06
Epoch id: 28, Training steps: 800, Avg loss: 0.000, Time: 1:10:18
Epoch id: 28, Training steps: 900, Avg loss: 0.001, Time: 1:10:30
Epoch id: 28, Training steps: 1000, Avg loss: 0.000, Time: 1:10:42
Epoch id: 28, Training steps: 1100, Avg loss: 0.001, Time: 1:10:54
Start evaluation on dev dataset.
/root/miniconda3/envs/lyq/lib/python3.8/site-packages/sklearn/metrics/_classification.py:1469: UndefinedMetricWarning: Precision is ill-defined and being set to 0.0 in samples with no predicted labels. Use `zero_division` parameter to control this behavior.
  _warn_prf(average, modifier, msg_start, len(result))
Acc. (Correct/Total): 56.14%% Prec: 0.7494 F1: 0.7253
Epoch id: 29, Training steps: 100, Avg loss: 0.001, Time: 1:11:21
Epoch id: 29, Training steps: 200, Avg loss: 0.001, Time: 1:11:33
Epoch id: 29, Training steps: 300, Avg loss: 0.001, Time: 1:11:45
Epoch id: 29, Training steps: 400, Avg loss: 0.002, Time: 1:11:57
Epoch id: 29, Training steps: 500, Avg loss: 0.001, Time: 1:12:09
Epoch id: 29, Training steps: 600, Avg loss: 0.001, Time: 1:12:21
Epoch id: 29, Training steps: 700, Avg loss: 0.001, Time: 1:12:33
Epoch id: 29, Training steps: 800, Avg loss: 0.001, Time: 1:12:44
Epoch id: 29, Training steps: 900, Avg loss: 0.001, Time: 1:12:56
Epoch id: 29, Training steps: 1000, Avg loss: 0.001, Time: 1:13:08
Epoch id: 29, Training steps: 1100, Avg loss: 0.001, Time: 1:13:20
Start evaluation on dev dataset.
/root/miniconda3/envs/lyq/lib/python3.8/site-packages/sklearn/metrics/_classification.py:1469: UndefinedMetricWarning: Precision is ill-defined and being set to 0.0 in samples with no predicted labels. Use `zero_division` parameter to control this behavior.
  _warn_prf(average, modifier, msg_start, len(result))
Acc. (Correct/Total): 54.13%% Prec: 0.7366 F1: 0.7072
Epoch id: 30, Training steps: 100, Avg loss: 0.006, Time: 1:13:46
Epoch id: 30, Training steps: 200, Avg loss: 0.001, Time: 1:13:59
Epoch id: 30, Training steps: 300, Avg loss: 0.001, Time: 1:14:11
Epoch id: 30, Training steps: 400, Avg loss: 0.002, Time: 1:14:23
Epoch id: 30, Training steps: 500, Avg loss: 0.001, Time: 1:14:35
Epoch id: 30, Training steps: 600, Avg loss: 0.001, Time: 1:14:47
Epoch id: 30, Training steps: 700, Avg loss: 0.001, Time: 1:14:59
Epoch id: 30, Training steps: 800, Avg loss: 0.001, Time: 1:15:11
Epoch id: 30, Training steps: 900, Avg loss: 0.001, Time: 1:15:23
Epoch id: 30, Training steps: 1000, Avg loss: 0.001, Time: 1:15:35
Epoch id: 30, Training steps: 1100, Avg loss: 0.001, Time: 1:15:47
Start evaluation on dev dataset.
/root/miniconda3/envs/lyq/lib/python3.8/site-packages/sklearn/metrics/_classification.py:1469: UndefinedMetricWarning: Precision is ill-defined and being set to 0.0 in samples with no predicted labels. Use `zero_division` parameter to control this behavior.
  _warn_prf(average, modifier, msg_start, len(result))
Acc. (Correct/Total): 57.44%% Prec: 0.7559 F1: 0.7347
Start evaluation on test dataset.
/root/miniconda3/envs/lyq/lib/python3.8/site-packages/sklearn/metrics/_classification.py:1469: UndefinedMetricWarning: Precision is ill-defined and being set to 0.0 in samples with no predicted labels. Use `zero_division` parameter to control this behavior.
  _warn_prf(average, modifier, msg_start, len(result))
Acc. (Correct/Total): 63.62%% Prec: 0.7988 F1: 0.7754
Epoch id: 31, Training steps: 100, Avg loss: 0.001, Time: 1:16:23
Epoch id: 31, Training steps: 200, Avg loss: 0.000, Time: 1:16:35
Epoch id: 31, Training steps: 300, Avg loss: 0.000, Time: 1:16:47
Epoch id: 31, Training steps: 400, Avg loss: 0.001, Time: 1:16:59
Epoch id: 31, Training steps: 500, Avg loss: 0.001, Time: 1:17:11
Epoch id: 31, Training steps: 600, Avg loss: 0.001, Time: 1:17:23
Epoch id: 31, Training steps: 700, Avg loss: 0.001, Time: 1:17:35
Epoch id: 31, Training steps: 800, Avg loss: 0.001, Time: 1:17:47
Epoch id: 31, Training steps: 900, Avg loss: 0.001, Time: 1:17:59
Epoch id: 31, Training steps: 1000, Avg loss: 0.001, Time: 1:18:11
Epoch id: 31, Training steps: 1100, Avg loss: 0.001, Time: 1:18:23
Start evaluation on dev dataset.
/root/miniconda3/envs/lyq/lib/python3.8/site-packages/sklearn/metrics/_classification.py:1469: UndefinedMetricWarning: Precision is ill-defined and being set to 0.0 in samples with no predicted labels. Use `zero_division` parameter to control this behavior.
  _warn_prf(average, modifier, msg_start, len(result))
Acc. (Correct/Total): 56.62%% Prec: 0.7577 F1: 0.7305
Epoch id: 32, Training steps: 100, Avg loss: 0.001, Time: 1:18:49
Epoch id: 32, Training steps: 200, Avg loss: 0.000, Time: 1:19:02
Epoch id: 32, Training steps: 300, Avg loss: 0.000, Time: 1:19:14
Epoch id: 32, Training steps: 400, Avg loss: 0.000, Time: 1:19:26
Epoch id: 32, Training steps: 500, Avg loss: 0.000, Time: 1:19:38
Epoch id: 32, Training steps: 600, Avg loss: 0.001, Time: 1:19:50
Epoch id: 32, Training steps: 700, Avg loss: 0.001, Time: 1:20:02
Epoch id: 32, Training steps: 800, Avg loss: 0.001, Time: 1:20:14
Epoch id: 32, Training steps: 900, Avg loss: 0.000, Time: 1:20:26
Epoch id: 32, Training steps: 1000, Avg loss: 0.001, Time: 1:20:38
Epoch id: 32, Training steps: 1100, Avg loss: 0.001, Time: 1:20:50
Start evaluation on dev dataset.
/root/miniconda3/envs/lyq/lib/python3.8/site-packages/sklearn/metrics/_classification.py:1469: UndefinedMetricWarning: Precision is ill-defined and being set to 0.0 in samples with no predicted labels. Use `zero_division` parameter to control this behavior.
  _warn_prf(average, modifier, msg_start, len(result))
Acc. (Correct/Total): 56.96%% Prec: 0.7441 F1: 0.7144
Epoch id: 33, Training steps: 100, Avg loss: 0.001, Time: 1:21:16
Epoch id: 33, Training steps: 200, Avg loss: 0.001, Time: 1:21:27
Epoch id: 33, Training steps: 300, Avg loss: 0.001, Time: 1:21:40
Epoch id: 33, Training steps: 400, Avg loss: 0.001, Time: 1:21:51
Epoch id: 33, Training steps: 500, Avg loss: 0.000, Time: 1:22:03
Epoch id: 33, Training steps: 600, Avg loss: 0.001, Time: 1:22:15
Epoch id: 33, Training steps: 700, Avg loss: 0.000, Time: 1:22:27
Epoch id: 33, Training steps: 800, Avg loss: 0.001, Time: 1:22:39
Epoch id: 33, Training steps: 900, Avg loss: 0.001, Time: 1:22:51
Epoch id: 33, Training steps: 1000, Avg loss: 0.001, Time: 1:23:03
Epoch id: 33, Training steps: 1100, Avg loss: 0.001, Time: 1:23:15
Start evaluation on dev dataset.
/root/miniconda3/envs/lyq/lib/python3.8/site-packages/sklearn/metrics/_classification.py:1469: UndefinedMetricWarning: Precision is ill-defined and being set to 0.0 in samples with no predicted labels. Use `zero_division` parameter to control this behavior.
  _warn_prf(average, modifier, msg_start, len(result))
Acc. (Correct/Total): 54.94%% Prec: 0.7428 F1: 0.7149
Epoch id: 34, Training steps: 100, Avg loss: 0.001, Time: 1:23:41
Epoch id: 34, Training steps: 200, Avg loss: 0.001, Time: 1:23:53
Epoch id: 34, Training steps: 300, Avg loss: 0.001, Time: 1:24:05
Epoch id: 34, Training steps: 400, Avg loss: 0.001, Time: 1:24:17
Epoch id: 34, Training steps: 500, Avg loss: 0.001, Time: 1:24:29
Epoch id: 34, Training steps: 600, Avg loss: 0.001, Time: 1:24:41
Epoch id: 34, Training steps: 700, Avg loss: 0.001, Time: 1:24:53
Epoch id: 34, Training steps: 800, Avg loss: 0.001, Time: 1:25:05
Epoch id: 34, Training steps: 900, Avg loss: 0.001, Time: 1:25:17
Epoch id: 34, Training steps: 1000, Avg loss: 0.001, Time: 1:25:30
Epoch id: 34, Training steps: 1100, Avg loss: 0.002, Time: 1:25:42
Start evaluation on dev dataset.
/root/miniconda3/envs/lyq/lib/python3.8/site-packages/sklearn/metrics/_classification.py:1469: UndefinedMetricWarning: Precision is ill-defined and being set to 0.0 in samples with no predicted labels. Use `zero_division` parameter to control this behavior.
  _warn_prf(average, modifier, msg_start, len(result))
Acc. (Correct/Total): 55.66%% Prec: 0.7378 F1: 0.7123
Epoch id: 35, Training steps: 100, Avg loss: 0.001, Time: 1:26:08
Epoch id: 35, Training steps: 200, Avg loss: 0.001, Time: 1:26:20
Epoch id: 35, Training steps: 300, Avg loss: 0.001, Time: 1:26:32
Epoch id: 35, Training steps: 400, Avg loss: 0.001, Time: 1:26:44
Epoch id: 35, Training steps: 500, Avg loss: 0.001, Time: 1:26:56
Epoch id: 35, Training steps: 600, Avg loss: 0.001, Time: 1:27:08
Epoch id: 35, Training steps: 700, Avg loss: 0.001, Time: 1:27:20
Epoch id: 35, Training steps: 800, Avg loss: 0.001, Time: 1:27:32
Epoch id: 35, Training steps: 900, Avg loss: 0.002, Time: 1:27:44
Epoch id: 35, Training steps: 1000, Avg loss: 0.002, Time: 1:27:56
Epoch id: 35, Training steps: 1100, Avg loss: 0.002, Time: 1:28:08
Start evaluation on dev dataset.
/root/miniconda3/envs/lyq/lib/python3.8/site-packages/sklearn/metrics/_classification.py:1469: UndefinedMetricWarning: Precision is ill-defined and being set to 0.0 in samples with no predicted labels. Use `zero_division` parameter to control this behavior.
  _warn_prf(average, modifier, msg_start, len(result))
Acc. (Correct/Total): 56.57%% Prec: 0.7495 F1: 0.7256
Epoch id: 36, Training steps: 100, Avg loss: 0.002, Time: 1:28:34
Epoch id: 36, Training steps: 200, Avg loss: 0.001, Time: 1:28:46
Epoch id: 36, Training steps: 300, Avg loss: 0.001, Time: 1:28:59
Epoch id: 36, Training steps: 400, Avg loss: 0.001, Time: 1:29:10
Epoch id: 36, Training steps: 500, Avg loss: 0.000, Time: 1:29:22
Epoch id: 36, Training steps: 600, Avg loss: 0.001, Time: 1:29:35
Epoch id: 36, Training steps: 700, Avg loss: 0.001, Time: 1:29:47
Epoch id: 36, Training steps: 800, Avg loss: 0.001, Time: 1:29:59
Epoch id: 36, Training steps: 900, Avg loss: 0.000, Time: 1:30:11
Epoch id: 36, Training steps: 1000, Avg loss: 0.002, Time: 1:30:23
Epoch id: 36, Training steps: 1100, Avg loss: 0.001, Time: 1:30:35
Start evaluation on dev dataset.
/root/miniconda3/envs/lyq/lib/python3.8/site-packages/sklearn/metrics/_classification.py:1469: UndefinedMetricWarning: Precision is ill-defined and being set to 0.0 in samples with no predicted labels. Use `zero_division` parameter to control this behavior.
  _warn_prf(average, modifier, msg_start, len(result))
Acc. (Correct/Total): 55.61%% Prec: 0.7410 F1: 0.7158
Epoch id: 37, Training steps: 100, Avg loss: 0.001, Time: 1:31:01
Epoch id: 37, Training steps: 200, Avg loss: 0.000, Time: 1:31:13
Epoch id: 37, Training steps: 300, Avg loss: 0.001, Time: 1:31:25
Epoch id: 37, Training steps: 400, Avg loss: 0.001, Time: 1:31:38
Epoch id: 37, Training steps: 500, Avg loss: 0.001, Time: 1:31:50
Epoch id: 37, Training steps: 600, Avg loss: 0.001, Time: 1:32:02
Epoch id: 37, Training steps: 700, Avg loss: 0.001, Time: 1:32:14
Epoch id: 37, Training steps: 800, Avg loss: 0.001, Time: 1:32:26
Epoch id: 37, Training steps: 900, Avg loss: 0.001, Time: 1:32:38
Epoch id: 37, Training steps: 1000, Avg loss: 0.001, Time: 1:32:51
Epoch id: 37, Training steps: 1100, Avg loss: 0.000, Time: 1:33:02
Start evaluation on dev dataset.
/root/miniconda3/envs/lyq/lib/python3.8/site-packages/sklearn/metrics/_classification.py:1469: UndefinedMetricWarning: Precision is ill-defined and being set to 0.0 in samples with no predicted labels. Use `zero_division` parameter to control this behavior.
  _warn_prf(average, modifier, msg_start, len(result))
Acc. (Correct/Total): 56.09%% Prec: 0.7443 F1: 0.7249
Epoch id: 38, Training steps: 100, Avg loss: 0.001, Time: 1:33:28
Epoch id: 38, Training steps: 200, Avg loss: 0.000, Time: 1:33:39
Epoch id: 38, Training steps: 300, Avg loss: 0.000, Time: 1:33:51
Epoch id: 38, Training steps: 400, Avg loss: 0.001, Time: 1:34:03
Epoch id: 38, Training steps: 500, Avg loss: 0.000, Time: 1:34:16
Epoch id: 38, Training steps: 600, Avg loss: 0.000, Time: 1:34:28
Epoch id: 38, Training steps: 700, Avg loss: 0.000, Time: 1:34:40
Epoch id: 38, Training steps: 800, Avg loss: 0.000, Time: 1:34:51
Epoch id: 38, Training steps: 900, Avg loss: 0.000, Time: 1:35:03
Epoch id: 38, Training steps: 1000, Avg loss: 0.000, Time: 1:35:16
Epoch id: 38, Training steps: 1100, Avg loss: 0.000, Time: 1:35:28
Start evaluation on dev dataset.
/root/miniconda3/envs/lyq/lib/python3.8/site-packages/sklearn/metrics/_classification.py:1469: UndefinedMetricWarning: Precision is ill-defined and being set to 0.0 in samples with no predicted labels. Use `zero_division` parameter to control this behavior.
  _warn_prf(average, modifier, msg_start, len(result))
Acc. (Correct/Total): 57.39%% Prec: 0.7546 F1: 0.7324
Epoch id: 39, Training steps: 100, Avg loss: 0.000, Time: 1:35:54
Epoch id: 39, Training steps: 200, Avg loss: 0.000, Time: 1:36:06
Epoch id: 39, Training steps: 300, Avg loss: 0.001, Time: 1:36:18
Epoch id: 39, Training steps: 400, Avg loss: 0.001, Time: 1:36:30
Epoch id: 39, Training steps: 500, Avg loss: 0.001, Time: 1:36:43
Epoch id: 39, Training steps: 600, Avg loss: 0.001, Time: 1:36:55
Epoch id: 39, Training steps: 700, Avg loss: 0.001, Time: 1:37:07
Epoch id: 39, Training steps: 800, Avg loss: 0.001, Time: 1:37:19
Epoch id: 39, Training steps: 900, Avg loss: 0.001, Time: 1:37:31
Epoch id: 39, Training steps: 1000, Avg loss: 0.001, Time: 1:37:43
Epoch id: 39, Training steps: 1100, Avg loss: 0.001, Time: 1:37:56
Start evaluation on dev dataset.
/root/miniconda3/envs/lyq/lib/python3.8/site-packages/sklearn/metrics/_classification.py:1469: UndefinedMetricWarning: Precision is ill-defined and being set to 0.0 in samples with no predicted labels. Use `zero_division` parameter to control this behavior.
  _warn_prf(average, modifier, msg_start, len(result))
Acc. (Correct/Total): 56.86%% Prec: 0.7501 F1: 0.7312
Epoch id: 40, Training steps: 100, Avg loss: 0.002, Time: 1:38:22
Epoch id: 40, Training steps: 200, Avg loss: 0.006, Time: 1:38:34
Epoch id: 40, Training steps: 300, Avg loss: 0.001, Time: 1:38:46
Epoch id: 40, Training steps: 400, Avg loss: 0.001, Time: 1:38:59
Epoch id: 40, Training steps: 500, Avg loss: 0.001, Time: 1:39:11
Epoch id: 40, Training steps: 600, Avg loss: 0.001, Time: 1:39:23
Epoch id: 40, Training steps: 700, Avg loss: 0.001, Time: 1:39:35
Epoch id: 40, Training steps: 800, Avg loss: 0.001, Time: 1:39:48
Epoch id: 40, Training steps: 900, Avg loss: 0.000, Time: 1:40:00
Epoch id: 40, Training steps: 1000, Avg loss: 0.000, Time: 1:40:12
Epoch id: 40, Training steps: 1100, Avg loss: 0.001, Time: 1:40:24
Start evaluation on dev dataset.
/root/miniconda3/envs/lyq/lib/python3.8/site-packages/sklearn/metrics/_classification.py:1469: UndefinedMetricWarning: Precision is ill-defined and being set to 0.0 in samples with no predicted labels. Use `zero_division` parameter to control this behavior.
  _warn_prf(average, modifier, msg_start, len(result))
Acc. (Correct/Total): 56.33%% Prec: 0.7454 F1: 0.7177
Final evaluation on the test dataset.
The number of evaluation instances:  2067
/root/miniconda3/envs/lyq/lib/python3.8/site-packages/sklearn/metrics/_classification.py:1469: UndefinedMetricWarning: Precision is ill-defined and being set to 0.0 in samples with no predicted labels. Use `zero_division` parameter to control this behavior.
  _warn_prf(average, modifier, msg_start, len(result))
/root/miniconda3/envs/lyq/lib/python3.8/site-packages/sklearn/metrics/_classification.py:1469: UndefinedMetricWarning: Precision and F-score are ill-defined and being set to 0.0 in labels with no predicted samples. Use `zero_division` parameter to control this behavior.
  _warn_prf(average, modifier, msg_start, len(result))
/root/miniconda3/envs/lyq/lib/python3.8/site-packages/sklearn/metrics/_classification.py:1469: UndefinedMetricWarning: Precision and F-score are ill-defined and being set to 0.0 in samples with no predicted labels. Use `zero_division` parameter to control this behavior.
  _warn_prf(average, modifier, msg_start, len(result))
Acc. (Correct/Total): 63.62% Prec: 0.7988 F1: 0.7754
Precision, Recall and F1-Score...
              precision    recall  f1-score   support

         教育学     0.8453    0.9295    0.8854       241
          法学     0.8807    0.8571    0.8688       224
      中国语言文学     0.8242    0.8108    0.8174       185
         政治学     0.7959    0.7178    0.7548       163
         社会学     0.7987    0.8089    0.8038       157
         心理学     0.8352    0.6179    0.7103       123
       应用经济学     0.6634    0.5726    0.6147       117
         历史学     0.9467    0.6514    0.7717       109
     环境科学与工程     0.8922    0.8426    0.8667       108
          哲学     0.8986    0.6392    0.7470        97
      外国语言文学     0.8143    0.6706    0.7355        85
         生物学     0.8023    0.8734    0.8364        79
      交通运输工程     0.9036    0.9615    0.9317        78
        临床医学     0.7941    0.7105    0.7500        76
    计算机科学与技术     0.6667    0.7324    0.6980        71
        土木工程     0.9275    0.9697    0.9481        66
   航空宇航科学与技术     0.9492    0.9180    0.9333        61
         民族学     0.7400    0.6727    0.7048        55
   公共卫生与预防医学     0.5556    0.6863    0.6140        51
         美术学     0.8421    0.9600    0.8972        50
         艺术学     0.7609    0.8140    0.7865        43
         地理学     0.8000    0.6667    0.7273        42
         体育学     0.9333    0.7000    0.8000        40
       理论经济学     0.7632    0.7632    0.7632        38
         中医学     0.8947    0.9189    0.9067        37
         物理学     0.7442    0.8889    0.8101        36
          林学     0.7407    0.6061    0.6667        33
          数学     0.7200    0.5625    0.6316        32
     电子科学与技术     0.6786    0.6129    0.6441        31
        基础医学     0.7391    0.5862    0.6538        29
        工商管理     0.8824    0.5556    0.6818        27
       新闻传播学     0.8077    0.9545    0.8750        22
         天文学     0.8400    0.9545    0.8936        22
         地质学     0.8947    0.8095    0.8500        21
         畜牧学     0.7917    0.9048    0.8444        21
   军事思想及军事历史     0.7727    0.8500    0.8095        20
     管理科学与工程     0.5600    0.7778    0.6512        18
     测绘科学与技术     0.8571    0.7059    0.7742        17
        水利工程     1.0000    0.6875    0.8148        16
        大气科学     0.8000    0.7500    0.7742        16
     兵器科学与技术     0.7368    0.9333    0.8235        15
       地球物理学     0.8333    0.3571    0.5000        14
        电气工程     1.0000    0.5385    0.7000        13
         作物学     0.6429    0.6923    0.6667        13
     控制科学与工程     0.3077    0.3077    0.3077        13
     信息与通信工程     0.8333    0.7692    0.8000        13
        公共管理     0.2222    0.1538    0.1818        13
         建筑学     0.7500    0.2308    0.3529        13
     化学工程与技术     0.9091    0.8333    0.8696        12
          力学     0.8182    0.8182    0.8182        11
        海洋科学     1.0000    1.0000    1.0000        11
     轻工技术与工程     0.4375    0.6364    0.5185        11
        农业工程     1.0000    0.5000    0.6667        10
         园艺学     0.8182    0.9000    0.8571        10
       中西医结合     1.0000    0.9000    0.9474        10
        机械工程     1.0000    0.7778    0.8750         9
       科学技术史     0.8571    0.7500    0.8000         8
     船舶与海洋工程     0.8889    1.0000    0.9412         8
   图书情报与档案管理     0.7778    0.8750    0.8235         8
        植物保护     0.8000    1.0000    0.8889         8
     材料科学与工程     0.8333    0.6250    0.7143         8
         统计学     0.4615    0.7500    0.5714         8
          化学     0.8750    0.8750    0.8750         8
     食品科学与工程     0.8000    0.5000    0.6154         8
          水产     1.0000    1.0000    1.0000         7
          药学     1.0000    0.8571    0.9231         7
     农业资源与环境     1.0000    0.8571    0.9231         7
         世界史     0.7778    1.0000    0.8750         7
        系统科学     0.7500    0.8571    0.8000         7
      农林经济管理     0.5556    1.0000    0.7143         5
       军队指挥学     1.0000    0.4000    0.5714         5
        矿业工程     0.5000    0.6000    0.5455         5
     纺织科学与工程     0.6250    1.0000    0.7692         5
  动力工程及工程热物理     0.0000    0.0000    0.0000         4
        林业工程     0.5000    0.7500    0.6000         4
     仪器科学与技术     0.0000    0.0000    0.0000         3
         战略学     1.0000    0.6667    0.8000         3
   地质资源与地质工程     0.6000    1.0000    0.7500         3
        旅游管理     1.0000    0.6667    0.8000         3
 图书馆、情报与档案管理     0.0000    0.0000    0.0000         2
        冶金工程     0.5000    1.0000    0.6667         2
      核科学与技术     0.5000    0.5000    0.5000         2

   micro avg     0.8084    0.7679    0.7876      3093
   macro avg     0.7594    0.7262    0.7268      3093
weighted avg     0.8132    0.7679    0.7831      3093
 samples avg     0.7988    0.7775    0.7754      3093

