nohup: 忽略输入
  0%|          | 0/82 [00:00<?, ?it/s]100%|██████████| 82/82 [00:00<00:00, 1202562.69it/s]
Vocabulary file line 344 has bad format token
Vocabulary Size:  21128
[BertClassifier] use visible_matrix: False
Some weights of the model checkpoint at ./models/bert were not used when initializing BertForMultiLabelSequenceClassification: ['cls.predictions.transform.dense.weight', 'cls.predictions.decoder.weight', 'bert.pooler.dense.weight', 'cls.predictions.transform.LayerNorm.weight', 'cls.seq_relationship.weight', 'bert.pooler.dense.bias', 'cls.predictions.transform.LayerNorm.bias', 'cls.predictions.bias', 'cls.seq_relationship.bias', 'cls.predictions.transform.dense.bias']
- This IS expected if you are initializing BertForMultiLabelSequenceClassification from the checkpoint of a model trained on another task or with another architecture (e.g. initializing a BertForSequenceClassification model from a BertForPreTraining model).
- This IS NOT expected if you are initializing BertForMultiLabelSequenceClassification from the checkpoint of a model that you expect to be exactly identical (initializing a BertForSequenceClassification model from a BertForSequenceClassification model).
Some weights of BertForMultiLabelSequenceClassification were not initialized from the model checkpoint at ./models/bert and are newly initialized: ['output_layer_1.weight', 'output_layer_2.bias', 'output_layer_2.weight', 'output_layer_1.bias']
You should probably TRAIN this model on a down-stream task to be able to use it for predictions and inference.
2 GPUs are available. Let's use them.
device:  cuda
Start training.
Loading sentences from ./datasets/book_multilabels_task/train.tsv
There are 9098 sentence in total. We use 1 processes to inject knowledge into sentences.
Progress of process 0: 0/9098
Loading sentences from ./datasets/book_multilabels_task/dev.tsv
There are 2084 sentence in total. We use 1 processes to inject knowledge into sentences.
Progress of process 0: 0/2084
Loading sentences from ./datasets/book_multilabels_task/test.tsv
There are 2067 sentence in total. We use 1 processes to inject knowledge into sentences.
Progress of process 0: 0/2067
/home/lyq2021/experiment/K-BERT-HUGGINGFACE/utils/optimizers.py:123: UserWarning: This overload of add_ is deprecated:
	add_(Number alpha, Tensor other)
Consider using one of the following signatures instead:
	add_(Tensor other, *, Number alpha) (Triggered internally at ../torch/csrc/utils/python_arg_parser.cpp:1485.)
  next_m.mul_(beta1).add_(1 - beta1, grad)
Epoch id: 1, Training steps: 100, Avg loss: 0.407, Time: 0:00:44
Epoch id: 1, Training steps: 200, Avg loss: 0.254, Time: 0:01:26
Epoch id: 1, Training steps: 300, Avg loss: 0.163, Time: 0:02:09
Epoch id: 1, Training steps: 400, Avg loss: 0.118, Time: 0:02:51
Epoch id: 1, Training steps: 500, Avg loss: 0.099, Time: 0:03:34
Start evaluation on dev dataset.
/home/lyq2021/.conda/envs/lyq2021/lib/python3.10/site-packages/sklearn/metrics/_classification.py:1344: UndefinedMetricWarning: Precision is ill-defined and being set to 0.0 in samples with no predicted labels. Use `zero_division` parameter to control this behavior.
  _warn_prf(average, modifier, msg_start, len(result))
Acc. (Correct/Total): 0.0000 (167799/2084) Prec: 0.0000 F1: 0.0000
Epoch id: 2, Training steps: 100, Avg loss: 0.087, Time: 0:05:04
Epoch id: 2, Training steps: 200, Avg loss: 0.088, Time: 0:05:46
Epoch id: 2, Training steps: 300, Avg loss: 0.088, Time: 0:06:29
Epoch id: 2, Training steps: 400, Avg loss: 0.080, Time: 0:07:12
Epoch id: 2, Training steps: 500, Avg loss: 0.085, Time: 0:07:54
Start evaluation on dev dataset.
/home/lyq2021/.conda/envs/lyq2021/lib/python3.10/site-packages/sklearn/metrics/_classification.py:1344: UndefinedMetricWarning: Precision is ill-defined and being set to 0.0 in samples with no predicted labels. Use `zero_division` parameter to control this behavior.
  _warn_prf(average, modifier, msg_start, len(result))
Acc. (Correct/Total): 0.0000 (167799/2084) Prec: 0.0000 F1: 0.0000
Epoch id: 3, Training steps: 100, Avg loss: 0.088, Time: 0:09:24
Epoch id: 3, Training steps: 200, Avg loss: 0.074, Time: 0:10:07
Epoch id: 3, Training steps: 300, Avg loss: 0.071, Time: 0:10:49
Epoch id: 3, Training steps: 400, Avg loss: 0.054, Time: 0:11:32
Epoch id: 3, Training steps: 500, Avg loss: 0.059, Time: 0:12:15
Start evaluation on dev dataset.
/home/lyq2021/.conda/envs/lyq2021/lib/python3.10/site-packages/sklearn/metrics/_classification.py:1344: UndefinedMetricWarning: Precision is ill-defined and being set to 0.0 in samples with no predicted labels. Use `zero_division` parameter to control this behavior.
  _warn_prf(average, modifier, msg_start, len(result))
Acc. (Correct/Total): 0.0000 (167799/2084) Prec: 0.0000 F1: 0.0000
Epoch id: 4, Training steps: 100, Avg loss: 0.056, Time: 0:13:44
Epoch id: 4, Training steps: 200, Avg loss: 0.057, Time: 0:14:27
Epoch id: 4, Training steps: 300, Avg loss: 0.051, Time: 0:15:10
Epoch id: 4, Training steps: 400, Avg loss: 0.050, Time: 0:15:53
Epoch id: 4, Training steps: 500, Avg loss: 0.034, Time: 0:16:35
Start evaluation on dev dataset.
/home/lyq2021/.conda/envs/lyq2021/lib/python3.10/site-packages/sklearn/metrics/_classification.py:1344: UndefinedMetricWarning: Precision is ill-defined and being set to 0.0 in samples with no predicted labels. Use `zero_division` parameter to control this behavior.
  _warn_prf(average, modifier, msg_start, len(result))
Acc. (Correct/Total): 0.0350 (168024/2084) Prec: 0.1245 F1: 0.0941
Start evaluation on test dataset.
/home/lyq2021/.conda/envs/lyq2021/lib/python3.10/site-packages/sklearn/metrics/_classification.py:1344: UndefinedMetricWarning: Precision is ill-defined and being set to 0.0 in samples with no predicted labels. Use `zero_division` parameter to control this behavior.
  _warn_prf(average, modifier, msg_start, len(result))
Acc. (Correct/Total): 0.0314 (166675/2067) Prec: 0.1488 F1: 0.1091
Epoch id: 5, Training steps: 100, Avg loss: 0.034, Time: 0:18:25
Epoch id: 5, Training steps: 200, Avg loss: 0.040, Time: 0:19:07
Epoch id: 5, Training steps: 300, Avg loss: 0.045, Time: 0:19:50
Epoch id: 5, Training steps: 400, Avg loss: 0.032, Time: 0:20:33
Epoch id: 5, Training steps: 500, Avg loss: 0.032, Time: 0:21:16
Start evaluation on dev dataset.
/home/lyq2021/.conda/envs/lyq2021/lib/python3.10/site-packages/sklearn/metrics/_classification.py:1344: UndefinedMetricWarning: Precision is ill-defined and being set to 0.0 in samples with no predicted labels. Use `zero_division` parameter to control this behavior.
  _warn_prf(average, modifier, msg_start, len(result))
Acc. (Correct/Total): 0.1344 (168316/2084) Prec: 0.2582 F1: 0.2175
Start evaluation on test dataset.
/home/lyq2021/.conda/envs/lyq2021/lib/python3.10/site-packages/sklearn/metrics/_classification.py:1344: UndefinedMetricWarning: Precision is ill-defined and being set to 0.0 in samples with no predicted labels. Use `zero_division` parameter to control this behavior.
  _warn_prf(average, modifier, msg_start, len(result))
Acc. (Correct/Total): 0.1853 (167101/2067) Prec: 0.2978 F1: 0.2615
Epoch id: 6, Training steps: 100, Avg loss: 0.028, Time: 0:23:05
Epoch id: 6, Training steps: 200, Avg loss: 0.030, Time: 0:23:48
Epoch id: 6, Training steps: 300, Avg loss: 0.036, Time: 0:24:31
Epoch id: 6, Training steps: 400, Avg loss: 0.027, Time: 0:25:13
Epoch id: 6, Training steps: 500, Avg loss: 0.027, Time: 0:25:56
Start evaluation on dev dataset.
/home/lyq2021/.conda/envs/lyq2021/lib/python3.10/site-packages/sklearn/metrics/_classification.py:1344: UndefinedMetricWarning: Precision is ill-defined and being set to 0.0 in samples with no predicted labels. Use `zero_division` parameter to control this behavior.
  _warn_prf(average, modifier, msg_start, len(result))
Acc. (Correct/Total): 0.1895 (168495/2084) Prec: 0.3167 F1: 0.2744
Start evaluation on test dataset.
/home/lyq2021/.conda/envs/lyq2021/lib/python3.10/site-packages/sklearn/metrics/_classification.py:1344: UndefinedMetricWarning: Precision is ill-defined and being set to 0.0 in samples with no predicted labels. Use `zero_division` parameter to control this behavior.
  _warn_prf(average, modifier, msg_start, len(result))
Acc. (Correct/Total): 0.2182 (167238/2067) Prec: 0.3442 F1: 0.3022
Epoch id: 7, Training steps: 100, Avg loss: 0.037, Time: 0:27:45
Epoch id: 7, Training steps: 200, Avg loss: 0.024, Time: 0:28:30
Epoch id: 7, Training steps: 300, Avg loss: 0.026, Time: 0:29:14
Epoch id: 7, Training steps: 400, Avg loss: 0.035, Time: 0:29:59
Epoch id: 7, Training steps: 500, Avg loss: 0.031, Time: 0:30:43
Start evaluation on dev dataset.
/home/lyq2021/.conda/envs/lyq2021/lib/python3.10/site-packages/sklearn/metrics/_classification.py:1344: UndefinedMetricWarning: Precision is ill-defined and being set to 0.0 in samples with no predicted labels. Use `zero_division` parameter to control this behavior.
  _warn_prf(average, modifier, msg_start, len(result))
Acc. (Correct/Total): 0.3071 (168814/2084) Prec: 0.4635 F1: 0.4128
Start evaluation on test dataset.
/home/lyq2021/.conda/envs/lyq2021/lib/python3.10/site-packages/sklearn/metrics/_classification.py:1344: UndefinedMetricWarning: Precision is ill-defined and being set to 0.0 in samples with no predicted labels. Use `zero_division` parameter to control this behavior.
  _warn_prf(average, modifier, msg_start, len(result))
Acc. (Correct/Total): 0.3377 (167573/2067) Prec: 0.4913 F1: 0.4409
Epoch id: 8, Training steps: 100, Avg loss: 0.026, Time: 0:32:34
Epoch id: 8, Training steps: 200, Avg loss: 0.024, Time: 0:33:17
Epoch id: 8, Training steps: 300, Avg loss: 0.022, Time: 0:34:00
Epoch id: 8, Training steps: 400, Avg loss: 0.023, Time: 0:34:43
Epoch id: 8, Training steps: 500, Avg loss: 0.024, Time: 0:35:25
Start evaluation on dev dataset.
/home/lyq2021/.conda/envs/lyq2021/lib/python3.10/site-packages/sklearn/metrics/_classification.py:1344: UndefinedMetricWarning: Precision is ill-defined and being set to 0.0 in samples with no predicted labels. Use `zero_division` parameter to control this behavior.
  _warn_prf(average, modifier, msg_start, len(result))
Acc. (Correct/Total): 0.3460 (168897/2084) Prec: 0.5149 F1: 0.4603
Start evaluation on test dataset.
/home/lyq2021/.conda/envs/lyq2021/lib/python3.10/site-packages/sklearn/metrics/_classification.py:1344: UndefinedMetricWarning: Precision is ill-defined and being set to 0.0 in samples with no predicted labels. Use `zero_division` parameter to control this behavior.
  _warn_prf(average, modifier, msg_start, len(result))
Acc. (Correct/Total): 0.3895 (167712/2067) Prec: 0.5607 F1: 0.5049
Epoch id: 9, Training steps: 100, Avg loss: 0.026, Time: 0:37:15
Epoch id: 9, Training steps: 200, Avg loss: 0.017, Time: 0:37:58
Epoch id: 9, Training steps: 300, Avg loss: 0.023, Time: 0:38:40
Epoch id: 9, Training steps: 400, Avg loss: 0.013, Time: 0:39:23
Epoch id: 9, Training steps: 500, Avg loss: 0.020, Time: 0:40:06
Start evaluation on dev dataset.
/home/lyq2021/.conda/envs/lyq2021/lib/python3.10/site-packages/sklearn/metrics/_classification.py:1344: UndefinedMetricWarning: Precision is ill-defined and being set to 0.0 in samples with no predicted labels. Use `zero_division` parameter to control this behavior.
  _warn_prf(average, modifier, msg_start, len(result))
Acc. (Correct/Total): 0.4098 (169070/2084) Prec: 0.5835 F1: 0.5285
Start evaluation on test dataset.
/home/lyq2021/.conda/envs/lyq2021/lib/python3.10/site-packages/sklearn/metrics/_classification.py:1344: UndefinedMetricWarning: Precision is ill-defined and being set to 0.0 in samples with no predicted labels. Use `zero_division` parameter to control this behavior.
  _warn_prf(average, modifier, msg_start, len(result))
Acc. (Correct/Total): 0.4427 (167868/2067) Prec: 0.6248 F1: 0.5669
Epoch id: 10, Training steps: 100, Avg loss: 0.016, Time: 0:41:55
Epoch id: 10, Training steps: 200, Avg loss: 0.013, Time: 0:42:38
Epoch id: 10, Training steps: 300, Avg loss: 0.015, Time: 0:43:21
Epoch id: 10, Training steps: 400, Avg loss: 0.012, Time: 0:44:04
Epoch id: 10, Training steps: 500, Avg loss: 0.015, Time: 0:44:46
Start evaluation on dev dataset.
/home/lyq2021/.conda/envs/lyq2021/lib/python3.10/site-packages/sklearn/metrics/_classification.py:1344: UndefinedMetricWarning: Precision is ill-defined and being set to 0.0 in samples with no predicted labels. Use `zero_division` parameter to control this behavior.
  _warn_prf(average, modifier, msg_start, len(result))
Acc. (Correct/Total): 0.4400 (169166/2084) Prec: 0.6341 F1: 0.5721
Start evaluation on test dataset.
/home/lyq2021/.conda/envs/lyq2021/lib/python3.10/site-packages/sklearn/metrics/_classification.py:1344: UndefinedMetricWarning: Precision is ill-defined and being set to 0.0 in samples with no predicted labels. Use `zero_division` parameter to control this behavior.
  _warn_prf(average, modifier, msg_start, len(result))
Acc. (Correct/Total): 0.4814 (167960/2067) Prec: 0.6742 F1: 0.6129
Epoch id: 11, Training steps: 100, Avg loss: 0.018, Time: 0:46:35
Epoch id: 11, Training steps: 200, Avg loss: 0.012, Time: 0:47:18
Epoch id: 11, Training steps: 300, Avg loss: 0.008, Time: 0:48:01
Epoch id: 11, Training steps: 400, Avg loss: 0.008, Time: 0:48:44
Epoch id: 11, Training steps: 500, Avg loss: 0.013, Time: 0:49:26
Start evaluation on dev dataset.
/home/lyq2021/.conda/envs/lyq2021/lib/python3.10/site-packages/sklearn/metrics/_classification.py:1344: UndefinedMetricWarning: Precision is ill-defined and being set to 0.0 in samples with no predicted labels. Use `zero_division` parameter to control this behavior.
  _warn_prf(average, modifier, msg_start, len(result))
Acc. (Correct/Total): 0.4199 (169125/2084) Prec: 0.6272 F1: 0.5614
Epoch id: 12, Training steps: 100, Avg loss: 0.008, Time: 0:50:58
Epoch id: 12, Training steps: 200, Avg loss: 0.005, Time: 0:51:42
Epoch id: 12, Training steps: 300, Avg loss: 0.009, Time: 0:52:25
Epoch id: 12, Training steps: 400, Avg loss: 0.012, Time: 0:53:08
Epoch id: 12, Training steps: 500, Avg loss: 0.011, Time: 0:53:50
Start evaluation on dev dataset.
/home/lyq2021/.conda/envs/lyq2021/lib/python3.10/site-packages/sklearn/metrics/_classification.py:1344: UndefinedMetricWarning: Precision is ill-defined and being set to 0.0 in samples with no predicted labels. Use `zero_division` parameter to control this behavior.
  _warn_prf(average, modifier, msg_start, len(result))
Acc. (Correct/Total): 0.4539 (169208/2084) Prec: 0.6581 F1: 0.5935
Start evaluation on test dataset.
/home/lyq2021/.conda/envs/lyq2021/lib/python3.10/site-packages/sklearn/metrics/_classification.py:1344: UndefinedMetricWarning: Precision is ill-defined and being set to 0.0 in samples with no predicted labels. Use `zero_division` parameter to control this behavior.
  _warn_prf(average, modifier, msg_start, len(result))
Acc. (Correct/Total): 0.4891 (167980/2067) Prec: 0.6843 F1: 0.6228
Epoch id: 13, Training steps: 100, Avg loss: 0.008, Time: 0:55:41
Epoch id: 13, Training steps: 200, Avg loss: 0.012, Time: 0:56:24
Epoch id: 13, Training steps: 300, Avg loss: 0.011, Time: 0:57:07
Epoch id: 13, Training steps: 400, Avg loss: 0.010, Time: 0:57:49
Epoch id: 13, Training steps: 500, Avg loss: 0.006, Time: 0:58:32
Start evaluation on dev dataset.
/home/lyq2021/.conda/envs/lyq2021/lib/python3.10/site-packages/sklearn/metrics/_classification.py:1344: UndefinedMetricWarning: Precision is ill-defined and being set to 0.0 in samples with no predicted labels. Use `zero_division` parameter to control this behavior.
  _warn_prf(average, modifier, msg_start, len(result))
Acc. (Correct/Total): 0.4770 (169262/2084) Prec: 0.6848 F1: 0.6191
Start evaluation on test dataset.
/home/lyq2021/.conda/envs/lyq2021/lib/python3.10/site-packages/sklearn/metrics/_classification.py:1344: UndefinedMetricWarning: Precision is ill-defined and being set to 0.0 in samples with no predicted labels. Use `zero_division` parameter to control this behavior.
  _warn_prf(average, modifier, msg_start, len(result))
Acc. (Correct/Total): 0.5196 (168049/2067) Prec: 0.7189 F1: 0.6555
Epoch id: 14, Training steps: 100, Avg loss: 0.007, Time: 1:00:21
Epoch id: 14, Training steps: 200, Avg loss: 0.013, Time: 1:01:04
Epoch id: 14, Training steps: 300, Avg loss: 0.009, Time: 1:01:47
Epoch id: 14, Training steps: 400, Avg loss: 0.008, Time: 1:02:29
Epoch id: 14, Training steps: 500, Avg loss: 0.007, Time: 1:03:12
Start evaluation on dev dataset.
/home/lyq2021/.conda/envs/lyq2021/lib/python3.10/site-packages/sklearn/metrics/_classification.py:1344: UndefinedMetricWarning: Precision is ill-defined and being set to 0.0 in samples with no predicted labels. Use `zero_division` parameter to control this behavior.
  _warn_prf(average, modifier, msg_start, len(result))
Acc. (Correct/Total): 0.4640 (169229/2084) Prec: 0.6761 F1: 0.6084
Epoch id: 15, Training steps: 100, Avg loss: 0.008, Time: 1:04:42
Epoch id: 15, Training steps: 200, Avg loss: 0.007, Time: 1:05:25
Epoch id: 15, Training steps: 300, Avg loss: 0.008, Time: 1:06:08
Epoch id: 15, Training steps: 400, Avg loss: 0.003, Time: 1:06:51
Epoch id: 15, Training steps: 500, Avg loss: 0.005, Time: 1:07:33
Start evaluation on dev dataset.
/home/lyq2021/.conda/envs/lyq2021/lib/python3.10/site-packages/sklearn/metrics/_classification.py:1344: UndefinedMetricWarning: Precision is ill-defined and being set to 0.0 in samples with no predicted labels. Use `zero_division` parameter to control this behavior.
  _warn_prf(average, modifier, msg_start, len(result))
Acc. (Correct/Total): 0.4856 (169256/2084) Prec: 0.6893 F1: 0.6272
Start evaluation on test dataset.
/home/lyq2021/.conda/envs/lyq2021/lib/python3.10/site-packages/sklearn/metrics/_classification.py:1344: UndefinedMetricWarning: Precision is ill-defined and being set to 0.0 in samples with no predicted labels. Use `zero_division` parameter to control this behavior.
  _warn_prf(average, modifier, msg_start, len(result))
Acc. (Correct/Total): 0.5351 (168080/2067) Prec: 0.7279 F1: 0.6677
Epoch id: 16, Training steps: 100, Avg loss: 0.008, Time: 1:09:23
Epoch id: 16, Training steps: 200, Avg loss: 0.007, Time: 1:10:06
Epoch id: 16, Training steps: 300, Avg loss: 0.010, Time: 1:10:48
Epoch id: 16, Training steps: 400, Avg loss: 0.007, Time: 1:11:31
Epoch id: 16, Training steps: 500, Avg loss: 0.004, Time: 1:12:14
Start evaluation on dev dataset.
/home/lyq2021/.conda/envs/lyq2021/lib/python3.10/site-packages/sklearn/metrics/_classification.py:1344: UndefinedMetricWarning: Precision is ill-defined and being set to 0.0 in samples with no predicted labels. Use `zero_division` parameter to control this behavior.
  _warn_prf(average, modifier, msg_start, len(result))
Acc. (Correct/Total): 0.5048 (169310/2084) Prec: 0.7074 F1: 0.6461
Start evaluation on test dataset.
/home/lyq2021/.conda/envs/lyq2021/lib/python3.10/site-packages/sklearn/metrics/_classification.py:1344: UndefinedMetricWarning: Precision is ill-defined and being set to 0.0 in samples with no predicted labels. Use `zero_division` parameter to control this behavior.
  _warn_prf(average, modifier, msg_start, len(result))
Acc. (Correct/Total): 0.5472 (168097/2067) Prec: 0.7473 F1: 0.6859
Epoch id: 17, Training steps: 100, Avg loss: 0.009, Time: 1:14:03
Epoch id: 17, Training steps: 200, Avg loss: 0.009, Time: 1:14:46
Epoch id: 17, Training steps: 300, Avg loss: 0.006, Time: 1:15:29
Epoch id: 17, Training steps: 400, Avg loss: 0.009, Time: 1:16:12
Epoch id: 17, Training steps: 500, Avg loss: 0.005, Time: 1:16:55
Start evaluation on dev dataset.
/home/lyq2021/.conda/envs/lyq2021/lib/python3.10/site-packages/sklearn/metrics/_classification.py:1344: UndefinedMetricWarning: Precision is ill-defined and being set to 0.0 in samples with no predicted labels. Use `zero_division` parameter to control this behavior.
  _warn_prf(average, modifier, msg_start, len(result))
Acc. (Correct/Total): 0.5048 (169308/2084) Prec: 0.7117 F1: 0.6487
Start evaluation on test dataset.
/home/lyq2021/.conda/envs/lyq2021/lib/python3.10/site-packages/sklearn/metrics/_classification.py:1344: UndefinedMetricWarning: Precision is ill-defined and being set to 0.0 in samples with no predicted labels. Use `zero_division` parameter to control this behavior.
  _warn_prf(average, modifier, msg_start, len(result))
Acc. (Correct/Total): 0.5481 (168097/2067) Prec: 0.7449 F1: 0.6842
Epoch id: 18, Training steps: 100, Avg loss: 0.011, Time: 1:18:44
Epoch id: 18, Training steps: 200, Avg loss: 0.013, Time: 1:19:27
Epoch id: 18, Training steps: 300, Avg loss: 0.005, Time: 1:20:10
Epoch id: 18, Training steps: 400, Avg loss: 0.003, Time: 1:20:53
Epoch id: 18, Training steps: 500, Avg loss: 0.004, Time: 1:21:36
Start evaluation on dev dataset.
/home/lyq2021/.conda/envs/lyq2021/lib/python3.10/site-packages/sklearn/metrics/_classification.py:1344: UndefinedMetricWarning: Precision is ill-defined and being set to 0.0 in samples with no predicted labels. Use `zero_division` parameter to control this behavior.
  _warn_prf(average, modifier, msg_start, len(result))
Acc. (Correct/Total): 0.5178 (169351/2084) Prec: 0.7266 F1: 0.6637
Start evaluation on test dataset.
/home/lyq2021/.conda/envs/lyq2021/lib/python3.10/site-packages/sklearn/metrics/_classification.py:1344: UndefinedMetricWarning: Precision is ill-defined and being set to 0.0 in samples with no predicted labels. Use `zero_division` parameter to control this behavior.
  _warn_prf(average, modifier, msg_start, len(result))
Acc. (Correct/Total): 0.5578 (168134/2067) Prec: 0.7595 F1: 0.6984
Epoch id: 19, Training steps: 100, Avg loss: 0.005, Time: 1:23:25
Epoch id: 19, Training steps: 200, Avg loss: 0.005, Time: 1:24:08
Epoch id: 19, Training steps: 300, Avg loss: 0.008, Time: 1:24:51
Epoch id: 19, Training steps: 400, Avg loss: 0.003, Time: 1:25:34
Epoch id: 19, Training steps: 500, Avg loss: 0.005, Time: 1:26:17
Start evaluation on dev dataset.
/home/lyq2021/.conda/envs/lyq2021/lib/python3.10/site-packages/sklearn/metrics/_classification.py:1344: UndefinedMetricWarning: Precision is ill-defined and being set to 0.0 in samples with no predicted labels. Use `zero_division` parameter to control this behavior.
  _warn_prf(average, modifier, msg_start, len(result))
Acc. (Correct/Total): 0.5154 (169338/2084) Prec: 0.7250 F1: 0.6624
Epoch id: 20, Training steps: 100, Avg loss: 0.004, Time: 1:27:46
Epoch id: 20, Training steps: 200, Avg loss: 0.004, Time: 1:28:29
Epoch id: 20, Training steps: 300, Avg loss: 0.005, Time: 1:29:12
Epoch id: 20, Training steps: 400, Avg loss: 0.008, Time: 1:29:55
Epoch id: 20, Training steps: 500, Avg loss: 0.002, Time: 1:30:38
Start evaluation on dev dataset.
/home/lyq2021/.conda/envs/lyq2021/lib/python3.10/site-packages/sklearn/metrics/_classification.py:1344: UndefinedMetricWarning: Precision is ill-defined and being set to 0.0 in samples with no predicted labels. Use `zero_division` parameter to control this behavior.
  _warn_prf(average, modifier, msg_start, len(result))
Acc. (Correct/Total): 0.5154 (169339/2084) Prec: 0.7242 F1: 0.6623
Final evaluation on the test dataset.
The number of evaluation instances:  2067
/home/lyq2021/.conda/envs/lyq2021/lib/python3.10/site-packages/sklearn/metrics/_classification.py:1344: UndefinedMetricWarning: Precision is ill-defined and being set to 0.0 in samples with no predicted labels. Use `zero_division` parameter to control this behavior.
  _warn_prf(average, modifier, msg_start, len(result))
/home/lyq2021/.conda/envs/lyq2021/lib/python3.10/site-packages/sklearn/metrics/_classification.py:1344: UndefinedMetricWarning: Precision and F-score are ill-defined and being set to 0.0 in labels with no predicted samples. Use `zero_division` parameter to control this behavior.
  _warn_prf(average, modifier, msg_start, len(result))
/home/lyq2021/.conda/envs/lyq2021/lib/python3.10/site-packages/sklearn/metrics/_classification.py:1344: UndefinedMetricWarning: Precision and F-score are ill-defined and being set to 0.0 in samples with no predicted labels. Use `zero_division` parameter to control this behavior.
  _warn_prf(average, modifier, msg_start, len(result))
Acc. (Correct/Total): 0.5578 (168134/2067) Prec: 0.7595 F1: 0.6984
Precision, Recall and F1-Score...
              precision    recall  f1-score   support

         教育学     0.9157    0.9461    0.9306       241
          法学     0.9100    0.8571    0.8828       224
      中国语言文学     0.9068    0.7892    0.8439       185
         政治学     0.8217    0.6503    0.7260       163
         社会学     0.8897    0.7707    0.8259       157
         心理学     0.9452    0.5610    0.7041       123
       应用经济学     0.7467    0.4786    0.5833       117
         历史学     0.9167    0.6055    0.7293       109
     环境科学与工程     0.8842    0.7778    0.8276       108
          哲学     0.8462    0.4536    0.5906        97
      外国语言文学     0.8289    0.7412    0.7826        85
         生物学     0.8784    0.8228    0.8497        79
      交通运输工程     0.9178    0.8590    0.8874        78
        临床医学     0.8868    0.6184    0.7287        76
    计算机科学与技术     0.8333    0.7042    0.7634        71
        土木工程     0.9130    0.9545    0.9333        66
   航空宇航科学与技术     0.9828    0.9344    0.9580        61
         民族学     0.6667    0.3636    0.4706        55
   公共卫生与预防医学     0.7838    0.5686    0.6591        51
         美术学     0.9400    0.9400    0.9400        50
         艺术学     0.9062    0.6744    0.7733        43
         地理学     0.9333    0.6667    0.7778        42
         体育学     0.8636    0.4750    0.6129        40
       理论经济学     0.7714    0.7105    0.7397        38
         中医学     0.9310    0.7297    0.8182        37
         物理学     0.8889    0.8889    0.8889        36
          林学     0.8571    0.5455    0.6667        33
          数学     0.8889    0.5000    0.6400        32
     电子科学与技术     0.8235    0.4516    0.5833        31
        基础医学     0.4286    0.2069    0.2791        29
        工商管理     0.9474    0.6667    0.7826        27
       新闻传播学     0.9000    0.4091    0.5625        22
         天文学     0.8824    0.6818    0.7692        22
         地质学     1.0000    0.4286    0.6000        21
         畜牧学     0.8824    0.7143    0.7895        21
   军事思想及军事历史     0.7692    0.5000    0.6061        20
     管理科学与工程     0.6471    0.6111    0.6286        18
     测绘科学与技术     0.8000    0.4706    0.5926        17
        水利工程     1.0000    0.3125    0.4762        16
        大气科学     1.0000    0.7500    0.8571        16
     兵器科学与技术     0.9231    0.8000    0.8571        15
       地球物理学     0.5000    0.0714    0.1250        14
        电气工程     1.0000    0.3077    0.4706        13
         作物学     0.8000    0.3077    0.4444        13
     控制科学与工程     0.5000    0.1538    0.2353        13
     信息与通信工程     0.8000    0.3077    0.4444        13
        公共管理     0.0000    0.0000    0.0000        13
         建筑学     1.0000    0.0769    0.1429        13
     化学工程与技术     0.8571    0.5000    0.6316        12
          力学     1.0000    0.2727    0.4286        11
        海洋科学     1.0000    0.4545    0.6250        11
     轻工技术与工程     0.2500    0.0909    0.1333        11
        农业工程     0.0000    0.0000    0.0000        10
         园艺学     0.8889    0.8000    0.8421        10
       中西医结合     1.0000    0.1000    0.1818        10
        机械工程     1.0000    0.1111    0.2000         9
       科学技术史     1.0000    0.2500    0.4000         8
     船舶与海洋工程     0.0000    0.0000    0.0000         8
   图书情报与档案管理     1.0000    0.2500    0.4000         8
        植物保护     1.0000    0.2500    0.4000         8
     材料科学与工程     0.0000    0.0000    0.0000         8
         统计学     0.5714    0.5000    0.5333         8
          化学     1.0000    0.1250    0.2222         8
     食品科学与工程     0.0000    0.0000    0.0000         8
          水产     1.0000    0.1429    0.2500         7
          药学     0.0000    0.0000    0.0000         7
     农业资源与环境     0.0000    0.0000    0.0000         7
         世界史     0.0000    0.0000    0.0000         7
        系统科学     0.0000    0.0000    0.0000         7
      农林经济管理     0.0000    0.0000    0.0000         5
       军队指挥学     1.0000    0.2000    0.3333         5
        矿业工程     0.0000    0.0000    0.0000         5
     纺织科学与工程     1.0000    0.4000    0.5714         5
  动力工程及工程热物理     0.0000    0.0000    0.0000         4
        林业工程     0.0000    0.0000    0.0000         4
     仪器科学与技术     0.0000    0.0000    0.0000         3
         战略学     0.0000    0.0000    0.0000         3
   地质资源与地质工程     0.0000    0.0000    0.0000         3
        旅游管理     0.0000    0.0000    0.0000         3
 图书馆、情报与档案管理     0.0000    0.0000    0.0000         2
        冶金工程     0.0000    0.0000    0.0000         2
      核科学与技术     0.0000    0.0000    0.0000         2

   micro avg     0.8769    0.6518    0.7478      3093
   macro avg     0.6540    0.3935    0.4626      3093
weighted avg     0.8405    0.6518    0.7184      3093
 samples avg     0.7595    0.6692    0.6984      3093

