nohup: 忽略输入
  0%|          | 0/82 [00:00<?, ?it/s]100%|██████████| 82/82 [00:00<00:00, 1071442.14it/s]
Vocabulary file line 344 has bad format token
Vocabulary Size:  21128
[BertClassifier] use visible_matrix: True
Some weights of the model checkpoint at ./models/google were not used when initializing BertForMultiLabelSequenceClassification: ['cls.predictions.transform.dense.bias', 'cls.predictions.transform.LayerNorm.bias', 'bert.pooler.dense.weight', 'cls.predictions.transform.dense.weight', 'cls.predictions.decoder.weight', 'cls.predictions.bias', 'cls.predictions.transform.LayerNorm.weight', 'cls.seq_relationship.weight', 'cls.seq_relationship.bias', 'bert.pooler.dense.bias']
- This IS expected if you are initializing BertForMultiLabelSequenceClassification from the checkpoint of a model trained on another task or with another architecture (e.g. initializing a BertForSequenceClassification model from a BertForPreTraining model).
- This IS NOT expected if you are initializing BertForMultiLabelSequenceClassification from the checkpoint of a model that you expect to be exactly identical (initializing a BertForSequenceClassification model from a BertForSequenceClassification model).
Some weights of BertForMultiLabelSequenceClassification were not initialized from the model checkpoint at ./models/google and are newly initialized: ['output_layer_2.weight', 'output_layer_1.bias', 'output_layer_1.weight', 'output_layer_2.bias']
You should probably TRAIN this model on a down-stream task to be able to use it for predictions and inference.
2 GPUs are available. Let's use them.
device:  cuda
[KnowledgeGraph] Loading spo from /home/lyq2021/experiment/K-BERT-HUGGINGFACE/brain/kgs/CnDbpedia.spo
Start training.
Loading sentences from ./datasets/book_multilabels_task/train.tsv
There are 9098 sentence in total. We use 1 processes to inject knowledge into sentences.
Progress of process 0: 0/9098
Loading sentences from ./datasets/book_multilabels_task/dev.tsv
There are 2084 sentence in total. We use 1 processes to inject knowledge into sentences.
Progress of process 0: 0/2084
Loading sentences from ./datasets/book_multilabels_task/test.tsv
There are 2067 sentence in total. We use 1 processes to inject knowledge into sentences.
Progress of process 0: 0/2067
The number of evaluation instances:  2067
/home/lyq2021/.conda/envs/lyq2021/lib/python3.10/site-packages/sklearn/metrics/_classification.py:1344: UndefinedMetricWarning: Precision is ill-defined and being set to 0.0 in samples with no predicted labels. Use `zero_division` parameter to control this behavior.
  _warn_prf(average, modifier, msg_start, len(result))
/home/lyq2021/.conda/envs/lyq2021/lib/python3.10/site-packages/sklearn/metrics/_classification.py:1344: UndefinedMetricWarning: Precision and F-score are ill-defined and being set to 0.0 in labels with no predicted samples. Use `zero_division` parameter to control this behavior.
  _warn_prf(average, modifier, msg_start, len(result))
/home/lyq2021/.conda/envs/lyq2021/lib/python3.10/site-packages/sklearn/metrics/_classification.py:1344: UndefinedMetricWarning: Precision and F-score are ill-defined and being set to 0.0 due to no predicted samples. Use `zero_division` parameter to control this behavior.
  _warn_prf(average, modifier, msg_start, len(result))
/home/lyq2021/.conda/envs/lyq2021/lib/python3.10/site-packages/sklearn/metrics/_classification.py:1344: UndefinedMetricWarning: Precision and F-score are ill-defined and being set to 0.0 in samples with no predicted labels. Use `zero_division` parameter to control this behavior.
  _warn_prf(average, modifier, msg_start, len(result))
Acc. (Correct/Total): 0.0000 (166401/2067) Prec: 0.0000 F1: 0.0000
Precision, Recall and F1-Score...
              precision    recall  f1-score   support

         教育学     0.0000    0.0000    0.0000       241
          法学     0.0000    0.0000    0.0000       224
      中国语言文学     0.0000    0.0000    0.0000       185
         政治学     0.0000    0.0000    0.0000       163
         社会学     0.0000    0.0000    0.0000       157
         心理学     0.0000    0.0000    0.0000       123
       应用经济学     0.0000    0.0000    0.0000       117
         历史学     0.0000    0.0000    0.0000       109
     环境科学与工程     0.0000    0.0000    0.0000       108
          哲学     0.0000    0.0000    0.0000        97
      外国语言文学     0.0000    0.0000    0.0000        85
         生物学     0.0000    0.0000    0.0000        79
      交通运输工程     0.0000    0.0000    0.0000        78
        临床医学     0.0000    0.0000    0.0000        76
    计算机科学与技术     0.0000    0.0000    0.0000        71
        土木工程     0.0000    0.0000    0.0000        66
   航空宇航科学与技术     0.0000    0.0000    0.0000        61
         民族学     0.0000    0.0000    0.0000        55
   公共卫生与预防医学     0.0000    0.0000    0.0000        51
         美术学     0.0000    0.0000    0.0000        50
         艺术学     0.0000    0.0000    0.0000        43
         地理学     0.0000    0.0000    0.0000        42
         体育学     0.0000    0.0000    0.0000        40
       理论经济学     0.0000    0.0000    0.0000        38
         中医学     0.0000    0.0000    0.0000        37
         物理学     0.0000    0.0000    0.0000        36
          林学     0.0000    0.0000    0.0000        33
          数学     0.0000    0.0000    0.0000        32
     电子科学与技术     0.0000    0.0000    0.0000        31
        基础医学     0.0000    0.0000    0.0000        29
        工商管理     0.0000    0.0000    0.0000        27
       新闻传播学     0.0000    0.0000    0.0000        22
         天文学     0.0000    0.0000    0.0000        22
         地质学     0.0000    0.0000    0.0000        21
         畜牧学     0.0000    0.0000    0.0000        21
   军事思想及军事历史     0.0000    0.0000    0.0000        20
     管理科学与工程     0.0000    0.0000    0.0000        18
     测绘科学与技术     0.0000    0.0000    0.0000        17
        水利工程     0.0000    0.0000    0.0000        16
        大气科学     0.0000    0.0000    0.0000        16
     兵器科学与技术     0.0000    0.0000    0.0000        15
       地球物理学     0.0000    0.0000    0.0000        14
        电气工程     0.0000    0.0000    0.0000        13
         作物学     0.0000    0.0000    0.0000        13
     控制科学与工程     0.0000    0.0000    0.0000        13
     信息与通信工程     0.0000    0.0000    0.0000        13
        公共管理     0.0000    0.0000    0.0000        13
         建筑学     0.0000    0.0000    0.0000        13
     化学工程与技术     0.0000    0.0000    0.0000        12
          力学     0.0000    0.0000    0.0000        11
        海洋科学     0.0000    0.0000    0.0000        11
     轻工技术与工程     0.0000    0.0000    0.0000        11
        农业工程     0.0000    0.0000    0.0000        10
         园艺学     0.0000    0.0000    0.0000        10
       中西医结合     0.0000    0.0000    0.0000        10
        机械工程     0.0000    0.0000    0.0000         9
       科学技术史     0.0000    0.0000    0.0000         8
     船舶与海洋工程     0.0000    0.0000    0.0000         8
   图书情报与档案管理     0.0000    0.0000    0.0000         8
        植物保护     0.0000    0.0000    0.0000         8
     材料科学与工程     0.0000    0.0000    0.0000         8
         统计学     0.0000    0.0000    0.0000         8
          化学     0.0000    0.0000    0.0000         8
     食品科学与工程     0.0000    0.0000    0.0000         8
          水产     0.0000    0.0000    0.0000         7
          药学     0.0000    0.0000    0.0000         7
     农业资源与环境     0.0000    0.0000    0.0000         7
         世界史     0.0000    0.0000    0.0000         7
        系统科学     0.0000    0.0000    0.0000         7
      农林经济管理     0.0000    0.0000    0.0000         5
       军队指挥学     0.0000    0.0000    0.0000         5
        矿业工程     0.0000    0.0000    0.0000         5
     纺织科学与工程     0.0000    0.0000    0.0000         5
  动力工程及工程热物理     0.0000    0.0000    0.0000         4
        林业工程     0.0000    0.0000    0.0000         4
     仪器科学与技术     0.0000    0.0000    0.0000         3
         战略学     0.0000    0.0000    0.0000         3
   地质资源与地质工程     0.0000    0.0000    0.0000         3
        旅游管理     0.0000    0.0000    0.0000         3
 图书馆、情报与档案管理     0.0000    0.0000    0.0000         2
        冶金工程     0.0000    0.0000    0.0000         2
      核科学与技术     0.0000    0.0000    0.0000         2

   micro avg     0.0000    0.0000    0.0000      3093
   macro avg     0.0000    0.0000    0.0000      3093
weighted avg     0.0000    0.0000    0.0000      3093
 samples avg     0.0000    0.0000    0.0000      3093

Epoch id: 1, Training steps: 100, Avg loss: 0.165, Time: 0:00:36
Epoch id: 1, Training steps: 200, Avg loss: 0.098, Time: 0:01:13
Epoch id: 1, Training steps: 300, Avg loss: 0.087, Time: 0:01:51
Epoch id: 1, Training steps: 400, Avg loss: 0.088, Time: 0:02:28
Epoch id: 1, Training steps: 500, Avg loss: 0.084, Time: 0:03:05
Start evaluation on dev dataset.
/home/lyq2021/.conda/envs/lyq2021/lib/python3.10/site-packages/sklearn/metrics/_classification.py:1344: UndefinedMetricWarning: Precision is ill-defined and being set to 0.0 in samples with no predicted labels. Use `zero_division` parameter to control this behavior.
  _warn_prf(average, modifier, msg_start, len(result))
Acc. (Correct/Total): 0.0000 (167799/2084) Prec: 0.0000 F1: 0.0000
Epoch id: 2, Training steps: 100, Avg loss: 0.088, Time: 0:04:29
Epoch id: 2, Training steps: 200, Avg loss: 0.086, Time: 0:05:07
Epoch id: 2, Training steps: 300, Avg loss: 0.070, Time: 0:05:44
Epoch id: 2, Training steps: 400, Avg loss: 0.078, Time: 0:06:22
Epoch id: 2, Training steps: 500, Avg loss: 0.055, Time: 0:06:59
Start evaluation on dev dataset.
/home/lyq2021/.conda/envs/lyq2021/lib/python3.10/site-packages/sklearn/metrics/_classification.py:1344: UndefinedMetricWarning: Precision is ill-defined and being set to 0.0 in samples with no predicted labels. Use `zero_division` parameter to control this behavior.
  _warn_prf(average, modifier, msg_start, len(result))
Acc. (Correct/Total): 0.0000 (167799/2084) Prec: 0.0000 F1: 0.0000
Epoch id: 3, Training steps: 100, Avg loss: 0.053, Time: 0:08:23
Epoch id: 3, Training steps: 200, Avg loss: 0.051, Time: 0:09:00
Epoch id: 3, Training steps: 300, Avg loss: 0.045, Time: 0:09:38
Epoch id: 3, Training steps: 400, Avg loss: 0.058, Time: 0:10:15
Epoch id: 3, Training steps: 500, Avg loss: 0.048, Time: 0:10:52
Start evaluation on dev dataset.
/home/lyq2021/.conda/envs/lyq2021/lib/python3.10/site-packages/sklearn/metrics/_classification.py:1344: UndefinedMetricWarning: Precision is ill-defined and being set to 0.0 in samples with no predicted labels. Use `zero_division` parameter to control this behavior.
  _warn_prf(average, modifier, msg_start, len(result))
Acc. (Correct/Total): 0.0283 (167993/2084) Prec: 0.0917 F1: 0.0716
Start evaluation on test dataset.
/home/lyq2021/.conda/envs/lyq2021/lib/python3.10/site-packages/sklearn/metrics/_classification.py:1344: UndefinedMetricWarning: Precision is ill-defined and being set to 0.0 in samples with no predicted labels. Use `zero_division` parameter to control this behavior.
  _warn_prf(average, modifier, msg_start, len(result))
Acc. (Correct/Total): 0.0387 (166667/2067) Prec: 0.1144 F1: 0.0899
Epoch id: 4, Training steps: 100, Avg loss: 0.039, Time: 0:12:37
Epoch id: 4, Training steps: 200, Avg loss: 0.041, Time: 0:13:14
Epoch id: 4, Training steps: 300, Avg loss: 0.028, Time: 0:13:52
Epoch id: 4, Training steps: 400, Avg loss: 0.040, Time: 0:14:29
Epoch id: 4, Training steps: 500, Avg loss: 0.019, Time: 0:15:06
Start evaluation on dev dataset.
/home/lyq2021/.conda/envs/lyq2021/lib/python3.10/site-packages/sklearn/metrics/_classification.py:1344: UndefinedMetricWarning: Precision is ill-defined and being set to 0.0 in samples with no predicted labels. Use `zero_division` parameter to control this behavior.
  _warn_prf(average, modifier, msg_start, len(result))
Acc. (Correct/Total): 0.1478 (168374/2084) Prec: 0.2917 F1: 0.2432
Start evaluation on test dataset.
/home/lyq2021/.conda/envs/lyq2021/lib/python3.10/site-packages/sklearn/metrics/_classification.py:1344: UndefinedMetricWarning: Precision is ill-defined and being set to 0.0 in samples with no predicted labels. Use `zero_division` parameter to control this behavior.
  _warn_prf(average, modifier, msg_start, len(result))
Acc. (Correct/Total): 0.1988 (167182/2067) Prec: 0.3353 F1: 0.2900
Epoch id: 5, Training steps: 100, Avg loss: 0.030, Time: 0:16:51
Epoch id: 5, Training steps: 200, Avg loss: 0.031, Time: 0:17:29
Epoch id: 5, Training steps: 300, Avg loss: 0.030, Time: 0:18:06
Epoch id: 5, Training steps: 400, Avg loss: 0.027, Time: 0:18:44
Epoch id: 5, Training steps: 500, Avg loss: 0.017, Time: 0:19:21
Start evaluation on dev dataset.
/home/lyq2021/.conda/envs/lyq2021/lib/python3.10/site-packages/sklearn/metrics/_classification.py:1344: UndefinedMetricWarning: Precision is ill-defined and being set to 0.0 in samples with no predicted labels. Use `zero_division` parameter to control this behavior.
  _warn_prf(average, modifier, msg_start, len(result))
Acc. (Correct/Total): 0.3095 (168788/2084) Prec: 0.4643 F1: 0.4142
Start evaluation on test dataset.
/home/lyq2021/.conda/envs/lyq2021/lib/python3.10/site-packages/sklearn/metrics/_classification.py:1344: UndefinedMetricWarning: Precision is ill-defined and being set to 0.0 in samples with no predicted labels. Use `zero_division` parameter to control this behavior.
  _warn_prf(average, modifier, msg_start, len(result))
Acc. (Correct/Total): 0.3416 (167562/2067) Prec: 0.4898 F1: 0.4426
Epoch id: 6, Training steps: 100, Avg loss: 0.019, Time: 0:21:06
Epoch id: 6, Training steps: 200, Avg loss: 0.025, Time: 0:21:43
Epoch id: 6, Training steps: 300, Avg loss: 0.024, Time: 0:22:21
Epoch id: 6, Training steps: 400, Avg loss: 0.019, Time: 0:23:33
Epoch id: 6, Training steps: 500, Avg loss: 0.022, Time: 0:24:10
Start evaluation on dev dataset.
/home/lyq2021/.conda/envs/lyq2021/lib/python3.10/site-packages/sklearn/metrics/_classification.py:1344: UndefinedMetricWarning: Precision is ill-defined and being set to 0.0 in samples with no predicted labels. Use `zero_division` parameter to control this behavior.
  _warn_prf(average, modifier, msg_start, len(result))
Acc. (Correct/Total): 0.3325 (168855/2084) Prec: 0.5022 F1: 0.4485
Start evaluation on test dataset.
/home/lyq2021/.conda/envs/lyq2021/lib/python3.10/site-packages/sklearn/metrics/_classification.py:1344: UndefinedMetricWarning: Precision is ill-defined and being set to 0.0 in samples with no predicted labels. Use `zero_division` parameter to control this behavior.
  _warn_prf(average, modifier, msg_start, len(result))
Acc. (Correct/Total): 0.3817 (167669/2067) Prec: 0.5501 F1: 0.4967
Epoch id: 7, Training steps: 100, Avg loss: 0.022, Time: 0:25:55
Epoch id: 7, Training steps: 200, Avg loss: 0.019, Time: 0:26:33
Epoch id: 7, Training steps: 300, Avg loss: 0.018, Time: 0:27:10
Epoch id: 7, Training steps: 400, Avg loss: 0.017, Time: 0:27:48
Epoch id: 7, Training steps: 500, Avg loss: 0.019, Time: 0:28:25
Start evaluation on dev dataset.
/home/lyq2021/.conda/envs/lyq2021/lib/python3.10/site-packages/sklearn/metrics/_classification.py:1344: UndefinedMetricWarning: Precision is ill-defined and being set to 0.0 in samples with no predicted labels. Use `zero_division` parameter to control this behavior.
  _warn_prf(average, modifier, msg_start, len(result))
Acc. (Correct/Total): 0.4031 (169048/2084) Prec: 0.5840 F1: 0.5259
Start evaluation on test dataset.
/home/lyq2021/.conda/envs/lyq2021/lib/python3.10/site-packages/sklearn/metrics/_classification.py:1344: UndefinedMetricWarning: Precision is ill-defined and being set to 0.0 in samples with no predicted labels. Use `zero_division` parameter to control this behavior.
  _warn_prf(average, modifier, msg_start, len(result))
Acc. (Correct/Total): 0.4427 (167812/2067) Prec: 0.6202 F1: 0.5639
Epoch id: 8, Training steps: 100, Avg loss: 0.017, Time: 0:30:10
Epoch id: 8, Training steps: 200, Avg loss: 0.026, Time: 0:30:47
Epoch id: 8, Training steps: 300, Avg loss: 0.012, Time: 0:31:25
Epoch id: 8, Training steps: 400, Avg loss: 0.026, Time: 0:32:02
Epoch id: 8, Training steps: 500, Avg loss: 0.016, Time: 0:32:40
Start evaluation on dev dataset.
/home/lyq2021/.conda/envs/lyq2021/lib/python3.10/site-packages/sklearn/metrics/_classification.py:1344: UndefinedMetricWarning: Precision is ill-defined and being set to 0.0 in samples with no predicted labels. Use `zero_division` parameter to control this behavior.
  _warn_prf(average, modifier, msg_start, len(result))
Acc. (Correct/Total): 0.4357 (169135/2084) Prec: 0.6401 F1: 0.5755
Start evaluation on test dataset.
/home/lyq2021/.conda/envs/lyq2021/lib/python3.10/site-packages/sklearn/metrics/_classification.py:1344: UndefinedMetricWarning: Precision is ill-defined and being set to 0.0 in samples with no predicted labels. Use `zero_division` parameter to control this behavior.
  _warn_prf(average, modifier, msg_start, len(result))
Acc. (Correct/Total): 0.4790 (167924/2067) Prec: 0.6684 F1: 0.6078
Epoch id: 9, Training steps: 100, Avg loss: 0.006, Time: 0:34:25
Epoch id: 9, Training steps: 200, Avg loss: 0.011, Time: 0:35:02
Epoch id: 9, Training steps: 300, Avg loss: 0.020, Time: 0:35:40
Epoch id: 9, Training steps: 400, Avg loss: 0.015, Time: 0:36:17
Epoch id: 9, Training steps: 500, Avg loss: 0.011, Time: 0:36:54
Start evaluation on dev dataset.
/home/lyq2021/.conda/envs/lyq2021/lib/python3.10/site-packages/sklearn/metrics/_classification.py:1344: UndefinedMetricWarning: Precision is ill-defined and being set to 0.0 in samples with no predicted labels. Use `zero_division` parameter to control this behavior.
  _warn_prf(average, modifier, msg_start, len(result))
Acc. (Correct/Total): 0.4266 (169082/2084) Prec: 0.6377 F1: 0.5716
Epoch id: 10, Training steps: 100, Avg loss: 0.006, Time: 0:38:18
Epoch id: 10, Training steps: 200, Avg loss: 0.008, Time: 0:38:55
Epoch id: 10, Training steps: 300, Avg loss: 0.007, Time: 0:39:33
Epoch id: 10, Training steps: 400, Avg loss: 0.013, Time: 0:40:10
Epoch id: 10, Training steps: 500, Avg loss: 0.017, Time: 0:40:48
Start evaluation on dev dataset.
/home/lyq2021/.conda/envs/lyq2021/lib/python3.10/site-packages/sklearn/metrics/_classification.py:1344: UndefinedMetricWarning: Precision is ill-defined and being set to 0.0 in samples with no predicted labels. Use `zero_division` parameter to control this behavior.
  _warn_prf(average, modifier, msg_start, len(result))
Acc. (Correct/Total): 0.4611 (169186/2084) Prec: 0.6731 F1: 0.6078
Start evaluation on test dataset.
/home/lyq2021/.conda/envs/lyq2021/lib/python3.10/site-packages/sklearn/metrics/_classification.py:1344: UndefinedMetricWarning: Precision is ill-defined and being set to 0.0 in samples with no predicted labels. Use `zero_division` parameter to control this behavior.
  _warn_prf(average, modifier, msg_start, len(result))
Acc. (Correct/Total): 0.5181 (167993/2067) Prec: 0.7071 F1: 0.6487
Epoch id: 11, Training steps: 100, Avg loss: 0.006, Time: 0:42:32
Epoch id: 11, Training steps: 200, Avg loss: 0.006, Time: 0:43:10
Epoch id: 11, Training steps: 300, Avg loss: 0.014, Time: 0:43:47
Epoch id: 11, Training steps: 400, Avg loss: 0.006, Time: 0:44:25
Epoch id: 11, Training steps: 500, Avg loss: 0.007, Time: 0:45:02
Start evaluation on dev dataset.
/home/lyq2021/.conda/envs/lyq2021/lib/python3.10/site-packages/sklearn/metrics/_classification.py:1344: UndefinedMetricWarning: Precision is ill-defined and being set to 0.0 in samples with no predicted labels. Use `zero_division` parameter to control this behavior.
  _warn_prf(average, modifier, msg_start, len(result))
Acc. (Correct/Total): 0.4837 (169211/2084) Prec: 0.6852 F1: 0.6260
Start evaluation on test dataset.
/home/lyq2021/.conda/envs/lyq2021/lib/python3.10/site-packages/sklearn/metrics/_classification.py:1344: UndefinedMetricWarning: Precision is ill-defined and being set to 0.0 in samples with no predicted labels. Use `zero_division` parameter to control this behavior.
  _warn_prf(average, modifier, msg_start, len(result))
Acc. (Correct/Total): 0.5433 (168031/2067) Prec: 0.7320 F1: 0.6751
Epoch id: 12, Training steps: 100, Avg loss: 0.014, Time: 0:46:47
Epoch id: 12, Training steps: 200, Avg loss: 0.004, Time: 0:47:24
Epoch id: 12, Training steps: 300, Avg loss: 0.008, Time: 0:48:02
Epoch id: 12, Training steps: 400, Avg loss: 0.011, Time: 0:48:39
Epoch id: 12, Training steps: 500, Avg loss: 0.007, Time: 0:49:17
Start evaluation on dev dataset.
/home/lyq2021/.conda/envs/lyq2021/lib/python3.10/site-packages/sklearn/metrics/_classification.py:1344: UndefinedMetricWarning: Precision is ill-defined and being set to 0.0 in samples with no predicted labels. Use `zero_division` parameter to control this behavior.
  _warn_prf(average, modifier, msg_start, len(result))
Acc. (Correct/Total): 0.5077 (169283/2084) Prec: 0.7084 F1: 0.6522
Start evaluation on test dataset.
/home/lyq2021/.conda/envs/lyq2021/lib/python3.10/site-packages/sklearn/metrics/_classification.py:1344: UndefinedMetricWarning: Precision is ill-defined and being set to 0.0 in samples with no predicted labels. Use `zero_division` parameter to control this behavior.
  _warn_prf(average, modifier, msg_start, len(result))
Acc. (Correct/Total): 0.5491 (168042/2067) Prec: 0.7422 F1: 0.6842
Epoch id: 13, Training steps: 100, Avg loss: 0.004, Time: 0:51:02
Epoch id: 13, Training steps: 200, Avg loss: 0.006, Time: 0:51:39
Epoch id: 13, Training steps: 300, Avg loss: 0.004, Time: 0:52:16
Epoch id: 13, Training steps: 400, Avg loss: 0.003, Time: 0:52:54
Epoch id: 13, Training steps: 500, Avg loss: 0.006, Time: 0:53:31
Start evaluation on dev dataset.
/home/lyq2021/.conda/envs/lyq2021/lib/python3.10/site-packages/sklearn/metrics/_classification.py:1344: UndefinedMetricWarning: Precision is ill-defined and being set to 0.0 in samples with no predicted labels. Use `zero_division` parameter to control this behavior.
  _warn_prf(average, modifier, msg_start, len(result))
Acc. (Correct/Total): 0.5149 (169270/2084) Prec: 0.7207 F1: 0.6623
Start evaluation on test dataset.
/home/lyq2021/.conda/envs/lyq2021/lib/python3.10/site-packages/sklearn/metrics/_classification.py:1344: UndefinedMetricWarning: Precision is ill-defined and being set to 0.0 in samples with no predicted labels. Use `zero_division` parameter to control this behavior.
  _warn_prf(average, modifier, msg_start, len(result))
Acc. (Correct/Total): 0.5757 (168093/2067) Prec: 0.7624 F1: 0.7093
Epoch id: 14, Training steps: 100, Avg loss: 0.003, Time: 0:55:16
Epoch id: 14, Training steps: 200, Avg loss: 0.006, Time: 0:55:53
Epoch id: 14, Training steps: 300, Avg loss: 0.011, Time: 0:56:31
Epoch id: 14, Training steps: 400, Avg loss: 0.010, Time: 0:57:08
Epoch id: 14, Training steps: 500, Avg loss: 0.013, Time: 0:57:46
Start evaluation on dev dataset.
/home/lyq2021/.conda/envs/lyq2021/lib/python3.10/site-packages/sklearn/metrics/_classification.py:1344: UndefinedMetricWarning: Precision is ill-defined and being set to 0.0 in samples with no predicted labels. Use `zero_division` parameter to control this behavior.
  _warn_prf(average, modifier, msg_start, len(result))
Acc. (Correct/Total): 0.5067 (169229/2084) Prec: 0.7106 F1: 0.6537
Epoch id: 15, Training steps: 100, Avg loss: 0.007, Time: 0:59:09
Epoch id: 15, Training steps: 200, Avg loss: 0.010, Time: 0:59:46
Epoch id: 15, Training steps: 300, Avg loss: 0.007, Time: 1:00:24
Epoch id: 15, Training steps: 400, Avg loss: 0.006, Time: 1:01:01
Epoch id: 15, Training steps: 500, Avg loss: 0.004, Time: 1:01:38
Start evaluation on dev dataset.
/home/lyq2021/.conda/envs/lyq2021/lib/python3.10/site-packages/sklearn/metrics/_classification.py:1344: UndefinedMetricWarning: Precision is ill-defined and being set to 0.0 in samples with no predicted labels. Use `zero_division` parameter to control this behavior.
  _warn_prf(average, modifier, msg_start, len(result))
Acc. (Correct/Total): 0.5278 (169263/2084) Prec: 0.7165 F1: 0.6666
Start evaluation on test dataset.
/home/lyq2021/.conda/envs/lyq2021/lib/python3.10/site-packages/sklearn/metrics/_classification.py:1344: UndefinedMetricWarning: Precision is ill-defined and being set to 0.0 in samples with no predicted labels. Use `zero_division` parameter to control this behavior.
  _warn_prf(average, modifier, msg_start, len(result))
Acc. (Correct/Total): 0.5864 (168065/2067) Prec: 0.7666 F1: 0.7169
Epoch id: 16, Training steps: 100, Avg loss: 0.002, Time: 1:03:24
Epoch id: 16, Training steps: 200, Avg loss: 0.003, Time: 1:04:01
Epoch id: 16, Training steps: 300, Avg loss: 0.003, Time: 1:04:38
Epoch id: 16, Training steps: 400, Avg loss: 0.003, Time: 1:05:16
Epoch id: 16, Training steps: 500, Avg loss: 0.004, Time: 1:05:53
Start evaluation on dev dataset.
/home/lyq2021/.conda/envs/lyq2021/lib/python3.10/site-packages/sklearn/metrics/_classification.py:1344: UndefinedMetricWarning: Precision is ill-defined and being set to 0.0 in samples with no predicted labels. Use `zero_division` parameter to control this behavior.
  _warn_prf(average, modifier, msg_start, len(result))
Acc. (Correct/Total): 0.5254 (169289/2084) Prec: 0.7312 F1: 0.6770
Epoch id: 17, Training steps: 100, Avg loss: 0.002, Time: 1:07:17
Epoch id: 17, Training steps: 200, Avg loss: 0.004, Time: 1:07:54
Epoch id: 17, Training steps: 300, Avg loss: 0.003, Time: 1:08:32
Epoch id: 17, Training steps: 400, Avg loss: 0.001, Time: 1:09:09
Epoch id: 17, Training steps: 500, Avg loss: 0.008, Time: 1:09:46
Start evaluation on dev dataset.
/home/lyq2021/.conda/envs/lyq2021/lib/python3.10/site-packages/sklearn/metrics/_classification.py:1344: UndefinedMetricWarning: Precision is ill-defined and being set to 0.0 in samples with no predicted labels. Use `zero_division` parameter to control this behavior.
  _warn_prf(average, modifier, msg_start, len(result))
Acc. (Correct/Total): 0.5417 (169315/2084) Prec: 0.7415 F1: 0.6933
Start evaluation on test dataset.
/home/lyq2021/.conda/envs/lyq2021/lib/python3.10/site-packages/sklearn/metrics/_classification.py:1344: UndefinedMetricWarning: Precision is ill-defined and being set to 0.0 in samples with no predicted labels. Use `zero_division` parameter to control this behavior.
  _warn_prf(average, modifier, msg_start, len(result))
Acc. (Correct/Total): 0.6033 (168136/2067) Prec: 0.7846 F1: 0.7383
Epoch id: 18, Training steps: 100, Avg loss: 0.002, Time: 1:11:31
Epoch id: 18, Training steps: 200, Avg loss: 0.001, Time: 1:12:09
Epoch id: 18, Training steps: 300, Avg loss: 0.004, Time: 1:12:46
Epoch id: 18, Training steps: 400, Avg loss: 0.003, Time: 1:13:24
Epoch id: 18, Training steps: 500, Avg loss: 0.003, Time: 1:14:01
Start evaluation on dev dataset.
/home/lyq2021/.conda/envs/lyq2021/lib/python3.10/site-packages/sklearn/metrics/_classification.py:1344: UndefinedMetricWarning: Precision is ill-defined and being set to 0.0 in samples with no predicted labels. Use `zero_division` parameter to control this behavior.
  _warn_prf(average, modifier, msg_start, len(result))
Acc. (Correct/Total): 0.5384 (169301/2084) Prec: 0.7376 F1: 0.6918
Epoch id: 19, Training steps: 100, Avg loss: 0.002, Time: 1:15:25
Epoch id: 19, Training steps: 200, Avg loss: 0.002, Time: 1:16:02
Epoch id: 19, Training steps: 300, Avg loss: 0.004, Time: 1:16:39
Epoch id: 19, Training steps: 400, Avg loss: 0.001, Time: 1:17:17
Epoch id: 19, Training steps: 500, Avg loss: 0.002, Time: 1:17:54
Start evaluation on dev dataset.
/home/lyq2021/.conda/envs/lyq2021/lib/python3.10/site-packages/sklearn/metrics/_classification.py:1344: UndefinedMetricWarning: Precision is ill-defined and being set to 0.0 in samples with no predicted labels. Use `zero_division` parameter to control this behavior.
  _warn_prf(average, modifier, msg_start, len(result))
Acc. (Correct/Total): 0.5398 (169339/2084) Prec: 0.7402 F1: 0.6923
Epoch id: 20, Training steps: 100, Avg loss: 0.001, Time: 1:19:18
Epoch id: 20, Training steps: 200, Avg loss: 0.001, Time: 1:19:55
Epoch id: 20, Training steps: 300, Avg loss: 0.007, Time: 1:20:32
Epoch id: 20, Training steps: 400, Avg loss: 0.004, Time: 1:21:10
Epoch id: 20, Training steps: 500, Avg loss: 0.001, Time: 1:21:47
Start evaluation on dev dataset.
/home/lyq2021/.conda/envs/lyq2021/lib/python3.10/site-packages/sklearn/metrics/_classification.py:1344: UndefinedMetricWarning: Precision is ill-defined and being set to 0.0 in samples with no predicted labels. Use `zero_division` parameter to control this behavior.
  _warn_prf(average, modifier, msg_start, len(result))
Acc. (Correct/Total): 0.5504 (169344/2084) Prec: 0.7512 F1: 0.6998
Start evaluation on test dataset.
/home/lyq2021/.conda/envs/lyq2021/lib/python3.10/site-packages/sklearn/metrics/_classification.py:1344: UndefinedMetricWarning: Precision is ill-defined and being set to 0.0 in samples with no predicted labels. Use `zero_division` parameter to control this behavior.
  _warn_prf(average, modifier, msg_start, len(result))
Acc. (Correct/Total): 0.5854 (168095/2067) Prec: 0.7760 F1: 0.7238
Final evaluation on the test dataset.
The number of evaluation instances:  2067
Traceback (most recent call last):
  File "/home/lyq2021/experiment/K-BERT-HUGGINGFACE/run_kbert_transformers_cls.py", line 172, in <module>
    main()
  File "/home/lyq2021/experiment/K-BERT-HUGGINGFACE/run_kbert_transformers_cls.py", line 169, in main
    test(model,test_batch,config)
  File "/home/lyq2021/experiment/K-BERT-HUGGINGFACE/test.py", line 11, in test
    evaluate(model, test_batch, config, is_test=True)
  File "/home/lyq2021/experiment/K-BERT-HUGGINGFACE/evaluate.py", line 53, in evaluate
    confusion[pred[j], gold[j]] += 1
IndexError: tensors used as indices must be long, int, byte or bool tensors
