nohup: 忽略输入
  0%|          | 0/82 [00:00<?, ?it/s]100%|██████████| 82/82 [00:00<00:00, 1120302.70it/s]
model:  bert-slice
pretrained:  bert
task:  MLC-slice
dataset:  book_multilabels_task
seq_length:  256
hidden_dropout_prob:  0.1
attention_probs_dropout_prob:  0.1
epochs_num:  20
batch_size:  8
learning_rate:  2e-05
report_steps:  100
kg_name:  CnDbpedia
no_kg:  False
no_vm:  False
Vocabulary file line 344 has bad format token
Vocabulary Size:  21128
[BertClassifier] use visible_matrix: True
Some weights of the model checkpoint at ./models/bert were not used when initializing BertForMultiLabelSequenceClassificationSlice: ['cls.predictions.transform.dense.weight', 'bert.pooler.dense.bias', 'cls.predictions.decoder.weight', 'cls.seq_relationship.weight', 'cls.predictions.transform.LayerNorm.bias', 'cls.seq_relationship.bias', 'cls.predictions.transform.LayerNorm.weight', 'bert.pooler.dense.weight', 'cls.predictions.bias', 'cls.predictions.transform.dense.bias']
- This IS expected if you are initializing BertForMultiLabelSequenceClassificationSlice from the checkpoint of a model trained on another task or with another architecture (e.g. initializing a BertForSequenceClassification model from a BertForPreTraining model).
- This IS NOT expected if you are initializing BertForMultiLabelSequenceClassificationSlice from the checkpoint of a model that you expect to be exactly identical (initializing a BertForSequenceClassification model from a BertForSequenceClassification model).
Some weights of BertForMultiLabelSequenceClassificationSlice were not initialized from the model checkpoint at ./models/bert and are newly initialized: ['output_layer_2.weight', 'output_layer_1.weight', 'output_layer_2.bias', 'output_layer_1.bias']
You should probably TRAIN this model on a down-stream task to be able to use it for predictions and inference.
1 GPUs are available. Let's use them.
device:  cuda
[KnowledgeGraph] Loading spo from /home/lyq2021/experiment/K-BERT-HUGGINGFACE/brain/kgs/CnDbpedia.spo
Start training.
Loading sentences from ./datasets/book_multilabels_task/train.tsv
There are 9097 sentence in total. We use 1 processes to inject knowledge into sentences.
Progress of process 0: 0/9097
Loading sentences from ./datasets/book_multilabels_task/dev.tsv
There are 2084 sentence in total. We use 1 processes to inject knowledge into sentences.
Progress of process 0: 0/2084
Loading sentences from ./datasets/book_multilabels_task/test.tsv
There are 2067 sentence in total. We use 1 processes to inject knowledge into sentences.
Progress of process 0: 0/2067
Epoch id: 1, Training steps: 100, Avg loss: 0.313, Time: 0:00:38
Epoch id: 1, Training steps: 200, Avg loss: 0.126, Time: 0:01:16
Epoch id: 1, Training steps: 300, Avg loss: 0.098, Time: 0:01:54
Epoch id: 1, Training steps: 400, Avg loss: 0.090, Time: 0:02:33
Epoch id: 1, Training steps: 500, Avg loss: 0.086, Time: 0:03:11
Epoch id: 1, Training steps: 600, Avg loss: 0.085, Time: 0:03:50
Epoch id: 1, Training steps: 700, Avg loss: 0.086, Time: 0:04:28
Epoch id: 1, Training steps: 800, Avg loss: 0.083, Time: 0:05:07
Epoch id: 1, Training steps: 900, Avg loss: 0.084, Time: 0:05:46
Epoch id: 1, Training steps: 1000, Avg loss: 0.083, Time: 0:06:24
Epoch id: 1, Training steps: 1100, Avg loss: 0.083, Time: 0:07:03
Start evaluation on dev dataset.
/home/lyq2021/.conda/envs/lyq2021/lib/python3.10/site-packages/sklearn/metrics/_classification.py:1344: UndefinedMetricWarning: Precision is ill-defined and being set to 0.0 in samples with no predicted labels. Use `zero_division` parameter to control this behavior.
  _warn_prf(average, modifier, msg_start, len(result))
Acc. (Correct/Total):  0.00%% Prec: 0.0000 F1: 0.0000
Epoch id: 2, Training steps: 100, Avg loss: 0.112, Time: 0:08:30
Epoch id: 2, Training steps: 200, Avg loss: 0.076, Time: 0:09:09
Epoch id: 2, Training steps: 300, Avg loss: 0.072, Time: 0:09:48
Epoch id: 2, Training steps: 400, Avg loss: 0.068, Time: 0:10:26
Epoch id: 2, Training steps: 500, Avg loss: 0.066, Time: 0:11:05
Epoch id: 2, Training steps: 600, Avg loss: 0.061, Time: 0:11:43
Epoch id: 2, Training steps: 700, Avg loss: 0.057, Time: 0:12:22
Epoch id: 2, Training steps: 800, Avg loss: 0.057, Time: 0:13:01
Epoch id: 2, Training steps: 900, Avg loss: 0.055, Time: 0:13:39
Epoch id: 2, Training steps: 1000, Avg loss: 0.052, Time: 0:14:18
Epoch id: 2, Training steps: 1100, Avg loss: 0.048, Time: 0:14:57
Start evaluation on dev dataset.
/home/lyq2021/.conda/envs/lyq2021/lib/python3.10/site-packages/sklearn/metrics/_classification.py:1344: UndefinedMetricWarning: Precision is ill-defined and being set to 0.0 in samples with no predicted labels. Use `zero_division` parameter to control this behavior.
  _warn_prf(average, modifier, msg_start, len(result))
Acc. (Correct/Total):  3.89%% Prec: 0.0825 F1: 0.0686
Start evaluation on test dataset.
/home/lyq2021/.conda/envs/lyq2021/lib/python3.10/site-packages/sklearn/metrics/_classification.py:1344: UndefinedMetricWarning: Precision is ill-defined and being set to 0.0 in samples with no predicted labels. Use `zero_division` parameter to control this behavior.
  _warn_prf(average, modifier, msg_start, len(result))
Acc. (Correct/Total):  3.73%% Prec: 0.1161 F1: 0.0897
Epoch id: 3, Training steps: 100, Avg loss: 0.064, Time: 0:16:58
Epoch id: 3, Training steps: 200, Avg loss: 0.044, Time: 0:17:37
Epoch id: 3, Training steps: 300, Avg loss: 0.044, Time: 0:18:16
Epoch id: 3, Training steps: 400, Avg loss: 0.044, Time: 0:18:54
Epoch id: 3, Training steps: 500, Avg loss: 0.042, Time: 0:19:33
Epoch id: 3, Training steps: 600, Avg loss: 0.041, Time: 0:20:11
Epoch id: 3, Training steps: 700, Avg loss: 0.038, Time: 0:20:50
Epoch id: 3, Training steps: 800, Avg loss: 0.039, Time: 0:21:28
Epoch id: 3, Training steps: 900, Avg loss: 0.038, Time: 0:22:07
Epoch id: 3, Training steps: 1000, Avg loss: 0.037, Time: 0:22:46
Epoch id: 3, Training steps: 1100, Avg loss: 0.036, Time: 0:23:24
Start evaluation on dev dataset.
/home/lyq2021/.conda/envs/lyq2021/lib/python3.10/site-packages/sklearn/metrics/_classification.py:1344: UndefinedMetricWarning: Precision is ill-defined and being set to 0.0 in samples with no predicted labels. Use `zero_division` parameter to control this behavior.
  _warn_prf(average, modifier, msg_start, len(result))
Acc. (Correct/Total): 22.12%% Prec: 0.3486 F1: 0.3067
Start evaluation on test dataset.
/home/lyq2021/.conda/envs/lyq2021/lib/python3.10/site-packages/sklearn/metrics/_classification.py:1344: UndefinedMetricWarning: Precision is ill-defined and being set to 0.0 in samples with no predicted labels. Use `zero_division` parameter to control this behavior.
  _warn_prf(average, modifier, msg_start, len(result))
Acc. (Correct/Total): 26.03%% Prec: 0.3849 F1: 0.3442
Epoch id: 4, Training steps: 100, Avg loss: 0.046, Time: 0:25:28
Epoch id: 4, Training steps: 200, Avg loss: 0.032, Time: 0:26:06
Epoch id: 4, Training steps: 300, Avg loss: 0.030, Time: 0:26:45
Epoch id: 4, Training steps: 400, Avg loss: 0.029, Time: 0:27:24
Epoch id: 4, Training steps: 500, Avg loss: 0.031, Time: 0:28:02
Epoch id: 4, Training steps: 600, Avg loss: 0.029, Time: 0:28:41
Epoch id: 4, Training steps: 700, Avg loss: 0.029, Time: 0:29:20
Epoch id: 4, Training steps: 800, Avg loss: 0.029, Time: 0:29:58
Epoch id: 4, Training steps: 900, Avg loss: 0.028, Time: 0:30:37
Epoch id: 4, Training steps: 1000, Avg loss: 0.028, Time: 0:31:16
Epoch id: 4, Training steps: 1100, Avg loss: 0.028, Time: 0:31:54
Start evaluation on dev dataset.
/home/lyq2021/.conda/envs/lyq2021/lib/python3.10/site-packages/sklearn/metrics/_classification.py:1344: UndefinedMetricWarning: Precision is ill-defined and being set to 0.0 in samples with no predicted labels. Use `zero_division` parameter to control this behavior.
  _warn_prf(average, modifier, msg_start, len(result))
Acc. (Correct/Total): 31.29%% Prec: 0.4700 F1: 0.4200
Start evaluation on test dataset.
/home/lyq2021/.conda/envs/lyq2021/lib/python3.10/site-packages/sklearn/metrics/_classification.py:1344: UndefinedMetricWarning: Precision is ill-defined and being set to 0.0 in samples with no predicted labels. Use `zero_division` parameter to control this behavior.
  _warn_prf(average, modifier, msg_start, len(result))
Acc. (Correct/Total): 35.61%% Prec: 0.5015 F1: 0.4553
Epoch id: 5, Training steps: 100, Avg loss: 0.033, Time: 0:33:57
Epoch id: 5, Training steps: 200, Avg loss: 0.023, Time: 0:34:36
Epoch id: 5, Training steps: 300, Avg loss: 0.022, Time: 0:35:15
Epoch id: 5, Training steps: 400, Avg loss: 0.023, Time: 0:35:53
Epoch id: 5, Training steps: 500, Avg loss: 0.023, Time: 0:36:32
Epoch id: 5, Training steps: 600, Avg loss: 0.022, Time: 0:37:11
Epoch id: 5, Training steps: 700, Avg loss: 0.022, Time: 0:37:49
Epoch id: 5, Training steps: 800, Avg loss: 0.021, Time: 0:38:28
Epoch id: 5, Training steps: 900, Avg loss: 0.022, Time: 0:39:07
Epoch id: 5, Training steps: 1000, Avg loss: 0.021, Time: 0:39:45
Epoch id: 5, Training steps: 1100, Avg loss: 0.023, Time: 0:40:24
Start evaluation on dev dataset.
/home/lyq2021/.conda/envs/lyq2021/lib/python3.10/site-packages/sklearn/metrics/_classification.py:1344: UndefinedMetricWarning: Precision is ill-defined and being set to 0.0 in samples with no predicted labels. Use `zero_division` parameter to control this behavior.
  _warn_prf(average, modifier, msg_start, len(result))
Acc. (Correct/Total): 36.85%% Prec: 0.5491 F1: 0.4959
Start evaluation on test dataset.
/home/lyq2021/.conda/envs/lyq2021/lib/python3.10/site-packages/sklearn/metrics/_classification.py:1344: UndefinedMetricWarning: Precision is ill-defined and being set to 0.0 in samples with no predicted labels. Use `zero_division` parameter to control this behavior.
  _warn_prf(average, modifier, msg_start, len(result))
Acc. (Correct/Total): 42.91%% Prec: 0.5837 F1: 0.5358
Epoch id: 6, Training steps: 100, Avg loss: 0.027, Time: 0:42:27
Epoch id: 6, Training steps: 200, Avg loss: 0.019, Time: 0:43:06
Epoch id: 6, Training steps: 300, Avg loss: 0.018, Time: 0:43:45
Epoch id: 6, Training steps: 400, Avg loss: 0.017, Time: 0:44:23
Epoch id: 6, Training steps: 500, Avg loss: 0.017, Time: 0:45:02
Epoch id: 6, Training steps: 600, Avg loss: 0.017, Time: 0:45:40
Epoch id: 6, Training steps: 700, Avg loss: 0.017, Time: 0:46:19
Epoch id: 6, Training steps: 800, Avg loss: 0.017, Time: 0:46:58
Epoch id: 6, Training steps: 900, Avg loss: 0.017, Time: 0:47:37
Epoch id: 6, Training steps: 1000, Avg loss: 0.017, Time: 0:48:15
Epoch id: 6, Training steps: 1100, Avg loss: 0.017, Time: 0:48:54
Start evaluation on dev dataset.
/home/lyq2021/.conda/envs/lyq2021/lib/python3.10/site-packages/sklearn/metrics/_classification.py:1344: UndefinedMetricWarning: Precision is ill-defined and being set to 0.0 in samples with no predicted labels. Use `zero_division` parameter to control this behavior.
  _warn_prf(average, modifier, msg_start, len(result))
Acc. (Correct/Total): 34.88%% Prec: 0.5415 F1: 0.4809
Epoch id: 7, Training steps: 100, Avg loss: 0.022, Time: 0:50:22
Epoch id: 7, Training steps: 200, Avg loss: 0.014, Time: 0:51:00
Epoch id: 7, Training steps: 300, Avg loss: 0.014, Time: 0:51:39
Epoch id: 7, Training steps: 400, Avg loss: 0.013, Time: 0:52:18
Epoch id: 7, Training steps: 500, Avg loss: 0.013, Time: 0:52:56
Epoch id: 7, Training steps: 600, Avg loss: 0.014, Time: 0:53:35
Epoch id: 7, Training steps: 700, Avg loss: 0.014, Time: 0:54:14
Epoch id: 7, Training steps: 800, Avg loss: 0.014, Time: 0:54:52
Epoch id: 7, Training steps: 900, Avg loss: 0.014, Time: 0:55:31
Epoch id: 7, Training steps: 1000, Avg loss: 0.014, Time: 0:56:09
Epoch id: 7, Training steps: 1100, Avg loss: 0.014, Time: 0:56:48
Start evaluation on dev dataset.
/home/lyq2021/.conda/envs/lyq2021/lib/python3.10/site-packages/sklearn/metrics/_classification.py:1344: UndefinedMetricWarning: Precision is ill-defined and being set to 0.0 in samples with no predicted labels. Use `zero_division` parameter to control this behavior.
  _warn_prf(average, modifier, msg_start, len(result))
Acc. (Correct/Total): 43.09%% Prec: 0.6356 F1: 0.5735
Start evaluation on test dataset.
/home/lyq2021/.conda/envs/lyq2021/lib/python3.10/site-packages/sklearn/metrics/_classification.py:1344: UndefinedMetricWarning: Precision is ill-defined and being set to 0.0 in samples with no predicted labels. Use `zero_division` parameter to control this behavior.
  _warn_prf(average, modifier, msg_start, len(result))
Acc. (Correct/Total): 46.20%% Prec: 0.6486 F1: 0.5917
Epoch id: 8, Training steps: 100, Avg loss: 0.017, Time: 0:58:51
Epoch id: 8, Training steps: 200, Avg loss: 0.011, Time: 0:59:30
Epoch id: 8, Training steps: 300, Avg loss: 0.011, Time: 1:00:08
Epoch id: 8, Training steps: 400, Avg loss: 0.011, Time: 1:00:47
Epoch id: 8, Training steps: 500, Avg loss: 0.011, Time: 1:01:26
Epoch id: 8, Training steps: 600, Avg loss: 0.010, Time: 1:02:04
Epoch id: 8, Training steps: 700, Avg loss: 0.011, Time: 1:02:43
Epoch id: 8, Training steps: 800, Avg loss: 0.011, Time: 1:03:22
Epoch id: 8, Training steps: 900, Avg loss: 0.011, Time: 1:04:00
Epoch id: 8, Training steps: 1000, Avg loss: 0.011, Time: 1:04:39
Epoch id: 8, Training steps: 1100, Avg loss: 0.010, Time: 1:05:17
Start evaluation on dev dataset.
/home/lyq2021/.conda/envs/lyq2021/lib/python3.10/site-packages/sklearn/metrics/_classification.py:1344: UndefinedMetricWarning: Precision is ill-defined and being set to 0.0 in samples with no predicted labels. Use `zero_division` parameter to control this behavior.
  _warn_prf(average, modifier, msg_start, len(result))
Acc. (Correct/Total): 45.30%% Prec: 0.6524 F1: 0.5934
Start evaluation on test dataset.
/home/lyq2021/.conda/envs/lyq2021/lib/python3.10/site-packages/sklearn/metrics/_classification.py:1344: UndefinedMetricWarning: Precision is ill-defined and being set to 0.0 in samples with no predicted labels. Use `zero_division` parameter to control this behavior.
  _warn_prf(average, modifier, msg_start, len(result))
Acc. (Correct/Total): 49.54%% Prec: 0.6740 F1: 0.6198
Epoch id: 9, Training steps: 100, Avg loss: 0.013, Time: 1:07:21
Epoch id: 9, Training steps: 200, Avg loss: 0.008, Time: 1:07:59
Epoch id: 9, Training steps: 300, Avg loss: 0.009, Time: 1:08:38
Epoch id: 9, Training steps: 400, Avg loss: 0.009, Time: 1:09:17
Epoch id: 9, Training steps: 500, Avg loss: 0.010, Time: 1:09:55
Epoch id: 9, Training steps: 600, Avg loss: 0.009, Time: 1:10:34
Epoch id: 9, Training steps: 700, Avg loss: 0.009, Time: 1:11:12
Epoch id: 9, Training steps: 800, Avg loss: 0.009, Time: 1:11:51
Epoch id: 9, Training steps: 900, Avg loss: 0.009, Time: 1:12:30
Epoch id: 9, Training steps: 1000, Avg loss: 0.008, Time: 1:13:08
Epoch id: 9, Training steps: 1100, Avg loss: 0.009, Time: 1:13:47
Start evaluation on dev dataset.
/home/lyq2021/.conda/envs/lyq2021/lib/python3.10/site-packages/sklearn/metrics/_classification.py:1344: UndefinedMetricWarning: Precision is ill-defined and being set to 0.0 in samples with no predicted labels. Use `zero_division` parameter to control this behavior.
  _warn_prf(average, modifier, msg_start, len(result))
Acc. (Correct/Total): 45.30%% Prec: 0.6557 F1: 0.5967
Epoch id: 10, Training steps: 100, Avg loss: 0.011, Time: 1:15:14
Epoch id: 10, Training steps: 200, Avg loss: 0.008, Time: 1:15:53
Epoch id: 10, Training steps: 300, Avg loss: 0.008, Time: 1:16:31
Epoch id: 10, Training steps: 400, Avg loss: 0.008, Time: 1:17:10
Epoch id: 10, Training steps: 500, Avg loss: 0.007, Time: 1:17:48
Epoch id: 10, Training steps: 600, Avg loss: 0.007, Time: 1:18:27
Epoch id: 10, Training steps: 700, Avg loss: 0.007, Time: 1:19:06
Epoch id: 10, Training steps: 800, Avg loss: 0.007, Time: 1:19:44
Epoch id: 10, Training steps: 900, Avg loss: 0.007, Time: 1:20:23
Epoch id: 10, Training steps: 1000, Avg loss: 0.007, Time: 1:21:02
Epoch id: 10, Training steps: 1100, Avg loss: 0.007, Time: 1:21:40
Start evaluation on dev dataset.
/home/lyq2021/.conda/envs/lyq2021/lib/python3.10/site-packages/sklearn/metrics/_classification.py:1344: UndefinedMetricWarning: Precision is ill-defined and being set to 0.0 in samples with no predicted labels. Use `zero_division` parameter to control this behavior.
  _warn_prf(average, modifier, msg_start, len(result))
Acc. (Correct/Total): 47.98%% Prec: 0.6895 F1: 0.6299
Start evaluation on test dataset.
/home/lyq2021/.conda/envs/lyq2021/lib/python3.10/site-packages/sklearn/metrics/_classification.py:1344: UndefinedMetricWarning: Precision is ill-defined and being set to 0.0 in samples with no predicted labels. Use `zero_division` parameter to control this behavior.
  _warn_prf(average, modifier, msg_start, len(result))
Acc. (Correct/Total): 52.59%% Prec: 0.7189 F1: 0.6628
Epoch id: 11, Training steps: 100, Avg loss: 0.009, Time: 1:23:44
Epoch id: 11, Training steps: 200, Avg loss: 0.007, Time: 1:24:22
Epoch id: 11, Training steps: 300, Avg loss: 0.007, Time: 1:25:01
Epoch id: 11, Training steps: 400, Avg loss: 0.006, Time: 1:25:39
Epoch id: 11, Training steps: 500, Avg loss: 0.007, Time: 1:26:18
Epoch id: 11, Training steps: 600, Avg loss: 0.006, Time: 1:26:57
Epoch id: 11, Training steps: 700, Avg loss: 0.007, Time: 1:27:35
Epoch id: 11, Training steps: 800, Avg loss: 0.006, Time: 1:28:14
Epoch id: 11, Training steps: 900, Avg loss: 0.007, Time: 1:28:53
Epoch id: 11, Training steps: 1000, Avg loss: 0.005, Time: 1:29:31
Epoch id: 11, Training steps: 1100, Avg loss: 0.006, Time: 1:30:10
Start evaluation on dev dataset.
/home/lyq2021/.conda/envs/lyq2021/lib/python3.10/site-packages/sklearn/metrics/_classification.py:1344: UndefinedMetricWarning: Precision is ill-defined and being set to 0.0 in samples with no predicted labels. Use `zero_division` parameter to control this behavior.
  _warn_prf(average, modifier, msg_start, len(result))
Acc. (Correct/Total): 50.29%% Prec: 0.7027 F1: 0.6496
Start evaluation on test dataset.
/home/lyq2021/.conda/envs/lyq2021/lib/python3.10/site-packages/sklearn/metrics/_classification.py:1344: UndefinedMetricWarning: Precision is ill-defined and being set to 0.0 in samples with no predicted labels. Use `zero_division` parameter to control this behavior.
  _warn_prf(average, modifier, msg_start, len(result))
Acc. (Correct/Total): 52.44%% Prec: 0.7158 F1: 0.6644
Epoch id: 12, Training steps: 100, Avg loss: 0.007, Time: 1:32:13
Epoch id: 12, Training steps: 200, Avg loss: 0.005, Time: 1:32:52
Epoch id: 12, Training steps: 300, Avg loss: 0.005, Time: 1:33:30
Epoch id: 12, Training steps: 400, Avg loss: 0.005, Time: 1:34:09
Epoch id: 12, Training steps: 500, Avg loss: 0.005, Time: 1:34:48
Epoch id: 12, Training steps: 600, Avg loss: 0.005, Time: 1:35:26
Epoch id: 12, Training steps: 700, Avg loss: 0.005, Time: 1:36:05
Epoch id: 12, Training steps: 800, Avg loss: 0.005, Time: 1:36:43
Epoch id: 12, Training steps: 900, Avg loss: 0.005, Time: 1:37:22
Epoch id: 12, Training steps: 1000, Avg loss: 0.005, Time: 1:38:01
Epoch id: 12, Training steps: 1100, Avg loss: 0.005, Time: 1:38:39
Start evaluation on dev dataset.
/home/lyq2021/.conda/envs/lyq2021/lib/python3.10/site-packages/sklearn/metrics/_classification.py:1344: UndefinedMetricWarning: Precision is ill-defined and being set to 0.0 in samples with no predicted labels. Use `zero_division` parameter to control this behavior.
  _warn_prf(average, modifier, msg_start, len(result))
Acc. (Correct/Total): 49.04%% Prec: 0.6979 F1: 0.6414
Epoch id: 13, Training steps: 100, Avg loss: 0.006, Time: 1:40:07
Epoch id: 13, Training steps: 200, Avg loss: 0.004, Time: 1:40:45
Epoch id: 13, Training steps: 300, Avg loss: 0.005, Time: 1:41:24
Epoch id: 13, Training steps: 400, Avg loss: 0.005, Time: 1:42:02
Epoch id: 13, Training steps: 500, Avg loss: 0.005, Time: 1:42:41
Epoch id: 13, Training steps: 600, Avg loss: 0.004, Time: 1:43:20
Epoch id: 13, Training steps: 700, Avg loss: 0.005, Time: 1:43:58
Epoch id: 13, Training steps: 800, Avg loss: 0.005, Time: 1:44:37
Epoch id: 13, Training steps: 900, Avg loss: 0.004, Time: 1:45:15
Epoch id: 13, Training steps: 1000, Avg loss: 0.004, Time: 1:45:54
Epoch id: 13, Training steps: 1100, Avg loss: 0.004, Time: 1:46:33
Start evaluation on dev dataset.
/home/lyq2021/.conda/envs/lyq2021/lib/python3.10/site-packages/sklearn/metrics/_classification.py:1344: UndefinedMetricWarning: Precision is ill-defined and being set to 0.0 in samples with no predicted labels. Use `zero_division` parameter to control this behavior.
  _warn_prf(average, modifier, msg_start, len(result))
Acc. (Correct/Total): 49.90%% Prec: 0.7007 F1: 0.6482
Epoch id: 14, Training steps: 100, Avg loss: 0.005, Time: 1:48:00
Epoch id: 14, Training steps: 200, Avg loss: 0.003, Time: 1:48:39
Epoch id: 14, Training steps: 300, Avg loss: 0.004, Time: 1:49:17
Epoch id: 14, Training steps: 400, Avg loss: 0.003, Time: 1:49:56
Epoch id: 14, Training steps: 500, Avg loss: 0.003, Time: 1:50:35
Epoch id: 14, Training steps: 600, Avg loss: 0.004, Time: 1:51:13
Epoch id: 14, Training steps: 700, Avg loss: 0.004, Time: 1:51:52
Epoch id: 14, Training steps: 800, Avg loss: 0.003, Time: 1:52:30
Epoch id: 14, Training steps: 900, Avg loss: 0.004, Time: 1:53:09
Epoch id: 14, Training steps: 1000, Avg loss: 0.004, Time: 1:53:48
Epoch id: 14, Training steps: 1100, Avg loss: 0.004, Time: 1:54:26
Start evaluation on dev dataset.
/home/lyq2021/.conda/envs/lyq2021/lib/python3.10/site-packages/sklearn/metrics/_classification.py:1344: UndefinedMetricWarning: Precision is ill-defined and being set to 0.0 in samples with no predicted labels. Use `zero_division` parameter to control this behavior.
  _warn_prf(average, modifier, msg_start, len(result))
Acc. (Correct/Total): 51.34%% Prec: 0.7341 F1: 0.6794
Start evaluation on test dataset.
/home/lyq2021/.conda/envs/lyq2021/lib/python3.10/site-packages/sklearn/metrics/_classification.py:1344: UndefinedMetricWarning: Precision is ill-defined and being set to 0.0 in samples with no predicted labels. Use `zero_division` parameter to control this behavior.
  _warn_prf(average, modifier, msg_start, len(result))
Acc. (Correct/Total): 56.60%% Prec: 0.7579 F1: 0.7086
Epoch id: 15, Training steps: 100, Avg loss: 0.005, Time: 1:56:30
Epoch id: 15, Training steps: 200, Avg loss: 0.003, Time: 1:57:08
Epoch id: 15, Training steps: 300, Avg loss: 0.003, Time: 1:57:47
Epoch id: 15, Training steps: 400, Avg loss: 0.003, Time: 1:58:26
Epoch id: 15, Training steps: 500, Avg loss: 0.003, Time: 1:59:04
Epoch id: 15, Training steps: 600, Avg loss: 0.003, Time: 1:59:43
Epoch id: 15, Training steps: 700, Avg loss: 0.004, Time: 2:00:22
Epoch id: 15, Training steps: 800, Avg loss: 0.004, Time: 2:01:00
Epoch id: 15, Training steps: 900, Avg loss: 0.003, Time: 2:01:39
Epoch id: 15, Training steps: 1000, Avg loss: 0.004, Time: 2:02:17
Epoch id: 15, Training steps: 1100, Avg loss: 0.003, Time: 2:02:56
Start evaluation on dev dataset.
/home/lyq2021/.conda/envs/lyq2021/lib/python3.10/site-packages/sklearn/metrics/_classification.py:1344: UndefinedMetricWarning: Precision is ill-defined and being set to 0.0 in samples with no predicted labels. Use `zero_division` parameter to control this behavior.
  _warn_prf(average, modifier, msg_start, len(result))
Acc. (Correct/Total): 50.24%% Prec: 0.7019 F1: 0.6522
Epoch id: 16, Training steps: 100, Avg loss: 0.004, Time: 2:04:23
Epoch id: 16, Training steps: 200, Avg loss: 0.003, Time: 2:05:02
Epoch id: 16, Training steps: 300, Avg loss: 0.003, Time: 2:05:40
Epoch id: 16, Training steps: 400, Avg loss: 0.003, Time: 2:06:19
Epoch id: 16, Training steps: 500, Avg loss: 0.003, Time: 2:06:58
Epoch id: 16, Training steps: 600, Avg loss: 0.003, Time: 2:07:36
Epoch id: 16, Training steps: 700, Avg loss: 0.003, Time: 2:08:15
Epoch id: 16, Training steps: 800, Avg loss: 0.003, Time: 2:08:53
Epoch id: 16, Training steps: 900, Avg loss: 0.003, Time: 2:09:32
Epoch id: 16, Training steps: 1000, Avg loss: 0.003, Time: 2:10:10
Epoch id: 16, Training steps: 1100, Avg loss: 0.003, Time: 2:10:49
Start evaluation on dev dataset.
/home/lyq2021/.conda/envs/lyq2021/lib/python3.10/site-packages/sklearn/metrics/_classification.py:1344: UndefinedMetricWarning: Precision is ill-defined and being set to 0.0 in samples with no predicted labels. Use `zero_division` parameter to control this behavior.
  _warn_prf(average, modifier, msg_start, len(result))
Acc. (Correct/Total): 51.06%% Prec: 0.7145 F1: 0.6636
Epoch id: 17, Training steps: 100, Avg loss: 0.003, Time: 2:12:16
Epoch id: 17, Training steps: 200, Avg loss: 0.002, Time: 2:12:54
Epoch id: 17, Training steps: 300, Avg loss: 0.002, Time: 2:13:33
Epoch id: 17, Training steps: 400, Avg loss: 0.003, Time: 2:14:12
Epoch id: 17, Training steps: 500, Avg loss: 0.002, Time: 2:14:50
Epoch id: 17, Training steps: 600, Avg loss: 0.003, Time: 2:15:29
Epoch id: 17, Training steps: 700, Avg loss: 0.002, Time: 2:16:08
Epoch id: 17, Training steps: 800, Avg loss: 0.002, Time: 2:16:46
Epoch id: 17, Training steps: 900, Avg loss: 0.003, Time: 2:17:25
Epoch id: 17, Training steps: 1000, Avg loss: 0.002, Time: 2:18:03
Epoch id: 17, Training steps: 1100, Avg loss: 0.002, Time: 2:18:42
Start evaluation on dev dataset.
/home/lyq2021/.conda/envs/lyq2021/lib/python3.10/site-packages/sklearn/metrics/_classification.py:1344: UndefinedMetricWarning: Precision is ill-defined and being set to 0.0 in samples with no predicted labels. Use `zero_division` parameter to control this behavior.
  _warn_prf(average, modifier, msg_start, len(result))
Acc. (Correct/Total): 50.10%% Prec: 0.7060 F1: 0.6556
Epoch id: 18, Training steps: 100, Avg loss: 0.004, Time: 2:20:09
Epoch id: 18, Training steps: 200, Avg loss: 0.002, Time: 2:20:48
Epoch id: 18, Training steps: 300, Avg loss: 0.002, Time: 2:21:26
Epoch id: 18, Training steps: 400, Avg loss: 0.003, Time: 2:22:05
Epoch id: 18, Training steps: 500, Avg loss: 0.002, Time: 2:22:43
Epoch id: 18, Training steps: 600, Avg loss: 0.002, Time: 2:23:22
Epoch id: 18, Training steps: 700, Avg loss: 0.002, Time: 2:24:01
Epoch id: 18, Training steps: 800, Avg loss: 0.003, Time: 2:24:39
Epoch id: 18, Training steps: 900, Avg loss: 0.003, Time: 2:25:18
Epoch id: 18, Training steps: 1000, Avg loss: 0.003, Time: 2:25:56
Epoch id: 18, Training steps: 1100, Avg loss: 0.003, Time: 2:26:35
Start evaluation on dev dataset.
/home/lyq2021/.conda/envs/lyq2021/lib/python3.10/site-packages/sklearn/metrics/_classification.py:1344: UndefinedMetricWarning: Precision is ill-defined and being set to 0.0 in samples with no predicted labels. Use `zero_division` parameter to control this behavior.
  _warn_prf(average, modifier, msg_start, len(result))
Acc. (Correct/Total): 54.51%% Prec: 0.7417 F1: 0.7002
Start evaluation on test dataset.
/home/lyq2021/.conda/envs/lyq2021/lib/python3.10/site-packages/sklearn/metrics/_classification.py:1344: UndefinedMetricWarning: Precision is ill-defined and being set to 0.0 in samples with no predicted labels. Use `zero_division` parameter to control this behavior.
  _warn_prf(average, modifier, msg_start, len(result))
Acc. (Correct/Total): 56.75%% Prec: 0.7529 F1: 0.7122
Epoch id: 19, Training steps: 100, Avg loss: 0.004, Time: 2:28:38
Epoch id: 19, Training steps: 200, Avg loss: 0.002, Time: 2:29:17
Epoch id: 19, Training steps: 300, Avg loss: 0.003, Time: 2:29:56
Epoch id: 19, Training steps: 400, Avg loss: 0.002, Time: 2:30:34
Epoch id: 19, Training steps: 500, Avg loss: 0.002, Time: 2:31:13
Epoch id: 19, Training steps: 600, Avg loss: 0.002, Time: 2:31:51
Epoch id: 19, Training steps: 700, Avg loss: 0.002, Time: 2:32:30
Epoch id: 19, Training steps: 800, Avg loss: 0.002, Time: 2:33:09
Epoch id: 19, Training steps: 900, Avg loss: 0.002, Time: 2:33:47
Epoch id: 19, Training steps: 1000, Avg loss: 0.002, Time: 2:34:26
Epoch id: 19, Training steps: 1100, Avg loss: 0.002, Time: 2:35:05
Start evaluation on dev dataset.
/home/lyq2021/.conda/envs/lyq2021/lib/python3.10/site-packages/sklearn/metrics/_classification.py:1344: UndefinedMetricWarning: Precision is ill-defined and being set to 0.0 in samples with no predicted labels. Use `zero_division` parameter to control this behavior.
  _warn_prf(average, modifier, msg_start, len(result))
Acc. (Correct/Total): 52.11%% Prec: 0.7301 F1: 0.6802
Epoch id: 20, Training steps: 100, Avg loss: 0.003, Time: 2:36:33
Epoch id: 20, Training steps: 200, Avg loss: 0.002, Time: 2:37:11
Epoch id: 20, Training steps: 300, Avg loss: 0.002, Time: 2:37:50
Epoch id: 20, Training steps: 400, Avg loss: 0.002, Time: 2:38:28
Epoch id: 20, Training steps: 500, Avg loss: 0.002, Time: 2:39:07
Epoch id: 20, Training steps: 600, Avg loss: 0.002, Time: 2:39:46
Epoch id: 20, Training steps: 700, Avg loss: 0.002, Time: 2:40:24
Epoch id: 20, Training steps: 800, Avg loss: 0.002, Time: 2:41:03
Epoch id: 20, Training steps: 900, Avg loss: 0.002, Time: 2:41:41
Epoch id: 20, Training steps: 1000, Avg loss: 0.002, Time: 2:42:20
Epoch id: 20, Training steps: 1100, Avg loss: 0.002, Time: 2:42:59
Start evaluation on dev dataset.
/home/lyq2021/.conda/envs/lyq2021/lib/python3.10/site-packages/sklearn/metrics/_classification.py:1344: UndefinedMetricWarning: Precision is ill-defined and being set to 0.0 in samples with no predicted labels. Use `zero_division` parameter to control this behavior.
  _warn_prf(average, modifier, msg_start, len(result))
Acc. (Correct/Total): 50.67%% Prec: 0.7202 F1: 0.6700
Final evaluation on the test dataset.
The number of evaluation instances:  2067
/home/lyq2021/.conda/envs/lyq2021/lib/python3.10/site-packages/sklearn/metrics/_classification.py:1344: UndefinedMetricWarning: Precision is ill-defined and being set to 0.0 in samples with no predicted labels. Use `zero_division` parameter to control this behavior.
  _warn_prf(average, modifier, msg_start, len(result))
/home/lyq2021/.conda/envs/lyq2021/lib/python3.10/site-packages/sklearn/metrics/_classification.py:1344: UndefinedMetricWarning: Precision and F-score are ill-defined and being set to 0.0 in labels with no predicted samples. Use `zero_division` parameter to control this behavior.
  _warn_prf(average, modifier, msg_start, len(result))
/home/lyq2021/.conda/envs/lyq2021/lib/python3.10/site-packages/sklearn/metrics/_classification.py:1344: UndefinedMetricWarning: Precision and F-score are ill-defined and being set to 0.0 in samples with no predicted labels. Use `zero_division` parameter to control this behavior.
  _warn_prf(average, modifier, msg_start, len(result))
Acc. (Correct/Total): 56.75% Prec: 0.7529 F1: 0.7122
Precision, Recall and F1-Score...
              precision    recall  f1-score   support

         教育学     0.8162    0.9212    0.8655       241
          法学     0.8259    0.8259    0.8259       224
      中国语言文学     0.8921    0.6703    0.7654       185
         政治学     0.6626    0.6626    0.6626       163
         社会学     0.8117    0.7962    0.8039       157
         心理学     0.8966    0.6341    0.7429       123
       应用经济学     0.7500    0.5385    0.6269       117
         历史学     0.9057    0.4404    0.5926       109
     环境科学与工程     0.8624    0.8704    0.8664       108
          哲学     0.7176    0.6289    0.6703        97
      外国语言文学     0.6923    0.7412    0.7159        85
         生物学     0.8442    0.8228    0.8333        79
      交通运输工程     0.9710    0.8590    0.9116        78
        临床医学     0.9464    0.6974    0.8030        76
    计算机科学与技术     0.6786    0.8028    0.7355        71
        土木工程     0.9500    0.8636    0.9048        66
   航空宇航科学与技术     0.9434    0.8197    0.8772        61
         民族学     0.6571    0.4182    0.5111        55
   公共卫生与预防医学     0.6970    0.4510    0.5476        51
         美术学     0.8246    0.9400    0.8785        50
         艺术学     0.8571    0.6977    0.7692        43
         地理学     0.8611    0.7381    0.7949        42
         体育学     1.0000    0.5000    0.6667        40
       理论经济学     0.7812    0.6579    0.7143        38
         中医学     0.9643    0.7297    0.8308        37
         物理学     0.8750    0.7778    0.8235        36
          林学     0.7143    0.6061    0.6557        33
          数学     0.8571    0.3750    0.5217        32
     电子科学与技术     0.8889    0.2581    0.4000        31
        基础医学     0.4375    0.2414    0.3111        29
        工商管理     0.8125    0.4815    0.6047        27
       新闻传播学     0.8750    0.6364    0.7368        22
         天文学     0.7778    0.6364    0.7000        22
         地质学     0.9474    0.8571    0.9000        21
         畜牧学     0.8947    0.8095    0.8500        21
   军事思想及军事历史     0.8125    0.6500    0.7222        20
     管理科学与工程     0.5833    0.7778    0.6667        18
     测绘科学与技术     0.7368    0.8235    0.7778        17
        水利工程     1.0000    0.5000    0.6667        16
        大气科学     0.9231    0.7500    0.8276        16
     兵器科学与技术     0.7857    0.7333    0.7586        15
       地球物理学     0.7500    0.2143    0.3333        14
        电气工程     1.0000    0.4615    0.6316        13
         作物学     1.0000    0.5385    0.7000        13
     控制科学与工程     0.3750    0.2308    0.2857        13
     信息与通信工程     0.5385    0.5385    0.5385        13
        公共管理     0.0000    0.0000    0.0000        13
         建筑学     1.0000    0.2308    0.3750        13
     化学工程与技术     1.0000    0.6667    0.8000        12
          力学     1.0000    0.5455    0.7059        11
        海洋科学     1.0000    0.8182    0.9000        11
     轻工技术与工程     0.5455    0.5455    0.5455        11
        农业工程     1.0000    0.1000    0.1818        10
         园艺学     1.0000    0.8000    0.8889        10
       中西医结合     1.0000    0.3000    0.4615        10
        机械工程     1.0000    0.5556    0.7143         9
       科学技术史     0.6667    0.5000    0.5714         8
     船舶与海洋工程     0.8750    0.8750    0.8750         8
   图书情报与档案管理     1.0000    0.5000    0.6667         8
        植物保护     0.8571    0.7500    0.8000         8
     材料科学与工程     0.5000    0.5000    0.5000         8
         统计学     0.6250    0.6250    0.6250         8
          化学     1.0000    0.6250    0.7692         8
     食品科学与工程     1.0000    0.2500    0.4000         8
          水产     1.0000    0.5714    0.7273         7
          药学     0.8571    0.8571    0.8571         7
     农业资源与环境     1.0000    0.2857    0.4444         7
         世界史     1.0000    0.1429    0.2500         7
        系统科学     1.0000    0.4286    0.6000         7
      农林经济管理     1.0000    0.6000    0.7500         5
       军队指挥学     1.0000    0.4000    0.5714         5
        矿业工程     0.8000    0.8000    0.8000         5
     纺织科学与工程     0.7143    1.0000    0.8333         5
  动力工程及工程热物理     0.0000    0.0000    0.0000         4
        林业工程     0.0000    0.0000    0.0000         4
     仪器科学与技术     0.0000    0.0000    0.0000         3
         战略学     1.0000    0.3333    0.5000         3
   地质资源与地质工程     0.5000    0.3333    0.4000         3
        旅游管理     0.0000    0.0000    0.0000         3
 图书馆、情报与档案管理     0.0000    0.0000    0.0000         2
        冶金工程     0.0000    0.0000    0.0000         2
      核科学与技术     0.0000    0.0000    0.0000         2

   micro avg     0.8139    0.6832    0.7428      3093
   macro avg     0.7602    0.5435    0.6078      3093
weighted avg     0.8163    0.6832    0.7286      3093
 samples avg     0.7529    0.6997    0.7122      3093

