  0%|          | 0/82 [00:00<?, ?it/s]100%|██████████| 82/82 [00:00<00:00, 1098827.25it/s]
model_type:  ['ernie', 'rnn']
Vocabulary Size:  17964
[BertClassifier] use visible_matrix: False
Some weights of the model checkpoint at ./models/ernie1 were not used when initializing ErnieRNNForMultiLabelSequenceClassification: ['cls.predictions.transform.LayerNorm.bias', 'ernie.pooler.dense.weight', 'ernie.pooler.dense.bias', 'cls.predictions.transform.dense.weight', 'cls.predictions.bias', 'cls.predictions.transform.LayerNorm.weight', 'cls.predictions.transform.dense.bias']
- This IS expected if you are initializing ErnieRNNForMultiLabelSequenceClassification from the checkpoint of a model trained on another task or with another architecture (e.g. initializing a BertForSequenceClassification model from a BertForPreTraining model).
- This IS NOT expected if you are initializing ErnieRNNForMultiLabelSequenceClassification from the checkpoint of a model that you expect to be exactly identical (initializing a BertForSequenceClassification model from a BertForSequenceClassification model).
Some weights of ErnieRNNForMultiLabelSequenceClassification were not initialized from the model checkpoint at ./models/ernie1 and are newly initialized: ['lstm.weight_ih_l1_reverse', 'lstm.weight_hh_l0_reverse', 'lstm.bias_hh_l0', 'lstm.weight_hh_l1', 'classifier.bias', 'lstm.weight_ih_l1', 'lstm.weight_hh_l0', 'lstm.weight_ih_l0_reverse', 'lstm.bias_ih_l0', 'lstm.bias_hh_l0_reverse', 'lstm.bias_ih_l1_reverse', 'lstm.bias_hh_l1', 'lstm.bias_ih_l1', 'lstm.bias_ih_l0_reverse', 'lstm.weight_ih_l0', 'lstm.bias_hh_l1_reverse', 'lstm.weight_hh_l1_reverse', 'classifier.weight']
You should probably TRAIN this model on a down-stream task to be able to use it for predictions and inference.
1 GPUs are available. Let's use them.
device:  cuda
Start training.
Loading sentences from ./datasets/book_multilabels_task/train.tsv
There are 9098 sentence in total. We use 1 processes to inject knowledge into sentences.
Progress of process 0: 0/9098
Loading sentences from ./datasets/book_multilabels_task/dev.tsv
There are 2084 sentence in total. We use 1 processes to inject knowledge into sentences.
Progress of process 0: 0/2084
Loading sentences from ./datasets/book_multilabels_task/test.tsv
There are 2067 sentence in total. We use 1 processes to inject knowledge into sentences.
Progress of process 0: 0/2067
Epoch id: 1, Training steps: 100, Avg loss: 0.094, Time: 0:01:03
Epoch id: 1, Training steps: 200, Avg loss: 0.068, Time: 0:02:07
Epoch id: 1, Training steps: 300, Avg loss: 0.094, Time: 0:03:10
Epoch id: 1, Training steps: 400, Avg loss: 0.083, Time: 0:04:14
Epoch id: 1, Training steps: 500, Avg loss: 0.077, Time: 0:05:17
Epoch id: 1, Training steps: 600, Avg loss: 0.075, Time: 0:06:21
Epoch id: 1, Training steps: 700, Avg loss: 0.097, Time: 0:07:24
Start evaluation on dev dataset.
/home/lyq2021/.conda/envs/lyq2021/lib/python3.10/site-packages/sklearn/metrics/_classification.py:1344: UndefinedMetricWarning: Precision is ill-defined and being set to 0.0 in samples with no predicted labels. Use `zero_division` parameter to control this behavior.
  _warn_prf(average, modifier, msg_start, len(result))
Acc. (Correct/Total):  0.00%% Prec: 0.0000 F1: 0.0000
Epoch id: 2, Training steps: 100, Avg loss: 0.074, Time: 0:09:47
Epoch id: 2, Training steps: 200, Avg loss: 0.069, Time: 0:10:50
Epoch id: 2, Training steps: 300, Avg loss: 0.075, Time: 0:11:53
Epoch id: 2, Training steps: 400, Avg loss: 0.091, Time: 0:12:57
Epoch id: 2, Training steps: 500, Avg loss: 0.080, Time: 0:14:00
Epoch id: 2, Training steps: 600, Avg loss: 0.081, Time: 0:15:03
Epoch id: 2, Training steps: 700, Avg loss: 0.052, Time: 0:16:07
Start evaluation on dev dataset.
/home/lyq2021/.conda/envs/lyq2021/lib/python3.10/site-packages/sklearn/metrics/_classification.py:1344: UndefinedMetricWarning: Precision is ill-defined and being set to 0.0 in samples with no predicted labels. Use `zero_division` parameter to control this behavior.
  _warn_prf(average, modifier, msg_start, len(result))
Acc. (Correct/Total):  0.00%% Prec: 0.0000 F1: 0.0000
Epoch id: 3, Training steps: 100, Avg loss: 0.066, Time: 0:18:30
Epoch id: 3, Training steps: 200, Avg loss: 0.060, Time: 0:19:33
Epoch id: 3, Training steps: 300, Avg loss: 0.055, Time: 0:20:37
Epoch id: 3, Training steps: 400, Avg loss: 0.043, Time: 0:21:40
Epoch id: 3, Training steps: 500, Avg loss: 0.039, Time: 0:22:43
Epoch id: 3, Training steps: 600, Avg loss: 0.044, Time: 0:23:47
Epoch id: 3, Training steps: 700, Avg loss: 0.046, Time: 0:24:50
Start evaluation on dev dataset.
/home/lyq2021/.conda/envs/lyq2021/lib/python3.10/site-packages/sklearn/metrics/_classification.py:1344: UndefinedMetricWarning: Precision is ill-defined and being set to 0.0 in samples with no predicted labels. Use `zero_division` parameter to control this behavior.
  _warn_prf(average, modifier, msg_start, len(result))
Acc. (Correct/Total):  6.81%% Prec: 0.1435 F1: 0.1183
Start evaluation on test dataset.
torch.Size([3, 512])
/home/lyq2021/.conda/envs/lyq2021/lib/python3.10/site-packages/sklearn/metrics/_classification.py:1344: UndefinedMetricWarning: Precision is ill-defined and being set to 0.0 in samples with no predicted labels. Use `zero_division` parameter to control this behavior.
  _warn_prf(average, modifier, msg_start, len(result))
Acc. (Correct/Total):  9.05%% Prec: 0.2121 F1: 0.1718
Epoch id: 4, Training steps: 100, Avg loss: 0.034, Time: 0:27:56
Epoch id: 4, Training steps: 200, Avg loss: 0.051, Time: 0:29:00
Epoch id: 4, Training steps: 300, Avg loss: 0.063, Time: 0:30:04
Epoch id: 4, Training steps: 400, Avg loss: 0.040, Time: 0:31:07
Epoch id: 4, Training steps: 500, Avg loss: 0.052, Time: 0:32:11
Epoch id: 4, Training steps: 600, Avg loss: 0.042, Time: 0:33:15
Epoch id: 4, Training steps: 700, Avg loss: 0.038, Time: 0:34:18
Start evaluation on dev dataset.
/home/lyq2021/.conda/envs/lyq2021/lib/python3.10/site-packages/sklearn/metrics/_classification.py:1344: UndefinedMetricWarning: Precision is ill-defined and being set to 0.0 in samples with no predicted labels. Use `zero_division` parameter to control this behavior.
  _warn_prf(average, modifier, msg_start, len(result))
Acc. (Correct/Total): 20.01%% Prec: 0.3037 F1: 0.2698
Start evaluation on test dataset.
torch.Size([3, 512])
/home/lyq2021/.conda/envs/lyq2021/lib/python3.10/site-packages/sklearn/metrics/_classification.py:1344: UndefinedMetricWarning: Precision is ill-defined and being set to 0.0 in samples with no predicted labels. Use `zero_division` parameter to control this behavior.
  _warn_prf(average, modifier, msg_start, len(result))
Acc. (Correct/Total): 26.90%% Prec: 0.3597 F1: 0.3299
Epoch id: 5, Training steps: 100, Avg loss: 0.035, Time: 0:37:27
Epoch id: 5, Training steps: 200, Avg loss: 0.035, Time: 0:38:31
Epoch id: 5, Training steps: 300, Avg loss: 0.026, Time: 0:39:35
Epoch id: 5, Training steps: 400, Avg loss: 0.032, Time: 0:40:38
Epoch id: 5, Training steps: 500, Avg loss: 0.027, Time: 0:41:42
Epoch id: 5, Training steps: 600, Avg loss: 0.025, Time: 0:42:46
Epoch id: 5, Training steps: 700, Avg loss: 0.037, Time: 0:43:49
Start evaluation on dev dataset.
/home/lyq2021/.conda/envs/lyq2021/lib/python3.10/site-packages/sklearn/metrics/_classification.py:1344: UndefinedMetricWarning: Precision is ill-defined and being set to 0.0 in samples with no predicted labels. Use `zero_division` parameter to control this behavior.
  _warn_prf(average, modifier, msg_start, len(result))
Acc. (Correct/Total): 24.42%% Prec: 0.3577 F1: 0.3210
Start evaluation on test dataset.
torch.Size([3, 512])
/home/lyq2021/.conda/envs/lyq2021/lib/python3.10/site-packages/sklearn/metrics/_classification.py:1344: UndefinedMetricWarning: Precision is ill-defined and being set to 0.0 in samples with no predicted labels. Use `zero_division` parameter to control this behavior.
  _warn_prf(average, modifier, msg_start, len(result))
Acc. (Correct/Total): 29.66%% Prec: 0.3979 F1: 0.3657
Epoch id: 6, Training steps: 100, Avg loss: 0.034, Time: 0:46:57
Epoch id: 6, Training steps: 200, Avg loss: 0.036, Time: 0:48:01
Epoch id: 6, Training steps: 300, Avg loss: 0.033, Time: 0:49:05
Epoch id: 6, Training steps: 400, Avg loss: 0.035, Time: 0:50:08
Epoch id: 6, Training steps: 500, Avg loss: 0.030, Time: 0:51:12
Epoch id: 6, Training steps: 600, Avg loss: 0.018, Time: 0:52:16
Epoch id: 6, Training steps: 700, Avg loss: 0.047, Time: 0:53:19
Start evaluation on dev dataset.
/home/lyq2021/.conda/envs/lyq2021/lib/python3.10/site-packages/sklearn/metrics/_classification.py:1344: UndefinedMetricWarning: Precision is ill-defined and being set to 0.0 in samples with no predicted labels. Use `zero_division` parameter to control this behavior.
  _warn_prf(average, modifier, msg_start, len(result))
Acc. (Correct/Total): 26.54%% Prec: 0.4110 F1: 0.3638
Start evaluation on test dataset.
torch.Size([3, 512])
/home/lyq2021/.conda/envs/lyq2021/lib/python3.10/site-packages/sklearn/metrics/_classification.py:1344: UndefinedMetricWarning: Precision is ill-defined and being set to 0.0 in samples with no predicted labels. Use `zero_division` parameter to control this behavior.
  _warn_prf(average, modifier, msg_start, len(result))
Acc. (Correct/Total): 31.40%% Prec: 0.4507 F1: 0.4065
Epoch id: 7, Training steps: 100, Avg loss: 0.029, Time: 0:56:28
Epoch id: 7, Training steps: 200, Avg loss: 0.017, Time: 0:57:32
Epoch id: 7, Training steps: 300, Avg loss: 0.024, Time: 0:58:35
Epoch id: 7, Training steps: 400, Avg loss: 0.031, Time: 0:59:39
Epoch id: 7, Training steps: 500, Avg loss: 0.027, Time: 1:00:43
Epoch id: 7, Training steps: 600, Avg loss: 0.015, Time: 1:01:46
Epoch id: 7, Training steps: 700, Avg loss: 0.038, Time: 1:02:50
Start evaluation on dev dataset.
/home/lyq2021/.conda/envs/lyq2021/lib/python3.10/site-packages/sklearn/metrics/_classification.py:1344: UndefinedMetricWarning: Precision is ill-defined and being set to 0.0 in samples with no predicted labels. Use `zero_division` parameter to control this behavior.
  _warn_prf(average, modifier, msg_start, len(result))
Acc. (Correct/Total): 33.21%% Prec: 0.5022 F1: 0.4480
Start evaluation on test dataset.
torch.Size([3, 512])
/home/lyq2021/.conda/envs/lyq2021/lib/python3.10/site-packages/sklearn/metrics/_classification.py:1344: UndefinedMetricWarning: Precision is ill-defined and being set to 0.0 in samples with no predicted labels. Use `zero_division` parameter to control this behavior.
  _warn_prf(average, modifier, msg_start, len(result))
Acc. (Correct/Total): 38.36%% Prec: 0.5440 F1: 0.4932
Epoch id: 8, Training steps: 100, Avg loss: 0.023, Time: 1:05:58
Epoch id: 8, Training steps: 200, Avg loss: 0.014, Time: 1:07:02
Epoch id: 8, Training steps: 300, Avg loss: 0.019, Time: 1:08:05
Epoch id: 8, Training steps: 400, Avg loss: 0.021, Time: 1:09:09
Epoch id: 8, Training steps: 500, Avg loss: 0.025, Time: 1:10:13
Epoch id: 8, Training steps: 600, Avg loss: 0.026, Time: 1:11:16
Epoch id: 8, Training steps: 700, Avg loss: 0.033, Time: 1:12:20
Start evaluation on dev dataset.
/home/lyq2021/.conda/envs/lyq2021/lib/python3.10/site-packages/sklearn/metrics/_classification.py:1344: UndefinedMetricWarning: Precision is ill-defined and being set to 0.0 in samples with no predicted labels. Use `zero_division` parameter to control this behavior.
  _warn_prf(average, modifier, msg_start, len(result))
Acc. (Correct/Total): 34.26%% Prec: 0.5091 F1: 0.4569
Start evaluation on test dataset.
torch.Size([3, 512])
/home/lyq2021/.conda/envs/lyq2021/lib/python3.10/site-packages/sklearn/metrics/_classification.py:1344: UndefinedMetricWarning: Precision is ill-defined and being set to 0.0 in samples with no predicted labels. Use `zero_division` parameter to control this behavior.
  _warn_prf(average, modifier, msg_start, len(result))
Acc. (Correct/Total): 41.75%% Prec: 0.5789 F1: 0.5273
Epoch id: 9, Training steps: 100, Avg loss: 0.030, Time: 1:15:28
Epoch id: 9, Training steps: 200, Avg loss: 0.039, Time: 1:16:32
Epoch id: 9, Training steps: 300, Avg loss: 0.008, Time: 1:17:36
Epoch id: 9, Training steps: 400, Avg loss: 0.017, Time: 1:18:39
Epoch id: 9, Training steps: 500, Avg loss: 0.007, Time: 1:19:43
Epoch id: 9, Training steps: 600, Avg loss: 0.013, Time: 1:20:47
Epoch id: 9, Training steps: 700, Avg loss: 0.015, Time: 1:21:51
Start evaluation on dev dataset.
/home/lyq2021/.conda/envs/lyq2021/lib/python3.10/site-packages/sklearn/metrics/_classification.py:1344: UndefinedMetricWarning: Precision is ill-defined and being set to 0.0 in samples with no predicted labels. Use `zero_division` parameter to control this behavior.
  _warn_prf(average, modifier, msg_start, len(result))
Acc. (Correct/Total): 38.48%% Prec: 0.5662 F1: 0.5083
Start evaluation on test dataset.
torch.Size([3, 512])
/home/lyq2021/.conda/envs/lyq2021/lib/python3.10/site-packages/sklearn/metrics/_classification.py:1344: UndefinedMetricWarning: Precision is ill-defined and being set to 0.0 in samples with no predicted labels. Use `zero_division` parameter to control this behavior.
  _warn_prf(average, modifier, msg_start, len(result))
Acc. (Correct/Total): 45.52%% Prec: 0.6313 F1: 0.5751
Epoch id: 10, Training steps: 100, Avg loss: 0.018, Time: 1:25:00
Epoch id: 10, Training steps: 200, Avg loss: 0.014, Time: 1:26:03
Epoch id: 10, Training steps: 300, Avg loss: 0.016, Time: 1:27:07
Epoch id: 10, Training steps: 400, Avg loss: 0.006, Time: 1:28:11
Epoch id: 10, Training steps: 500, Avg loss: 0.010, Time: 1:29:14
Epoch id: 10, Training steps: 600, Avg loss: 0.020, Time: 1:30:18
Epoch id: 10, Training steps: 700, Avg loss: 0.052, Time: 1:31:22
Start evaluation on dev dataset.
/home/lyq2021/.conda/envs/lyq2021/lib/python3.10/site-packages/sklearn/metrics/_classification.py:1344: UndefinedMetricWarning: Precision is ill-defined and being set to 0.0 in samples with no predicted labels. Use `zero_division` parameter to control this behavior.
  _warn_prf(average, modifier, msg_start, len(result))
Acc. (Correct/Total): 40.26%% Prec: 0.5727 F1: 0.5187
Start evaluation on test dataset.
torch.Size([3, 512])
/home/lyq2021/.conda/envs/lyq2021/lib/python3.10/site-packages/sklearn/metrics/_classification.py:1344: UndefinedMetricWarning: Precision is ill-defined and being set to 0.0 in samples with no predicted labels. Use `zero_division` parameter to control this behavior.
  _warn_prf(average, modifier, msg_start, len(result))
Acc. (Correct/Total): 45.72%% Prec: 0.6110 F1: 0.5622
Epoch id: 11, Training steps: 100, Avg loss: 0.009, Time: 1:34:30
Epoch id: 11, Training steps: 200, Avg loss: 0.017, Time: 1:35:33
Epoch id: 11, Training steps: 300, Avg loss: 0.029, Time: 1:36:37
Epoch id: 11, Training steps: 400, Avg loss: 0.024, Time: 1:37:40
Epoch id: 11, Training steps: 500, Avg loss: 0.034, Time: 1:38:44
Epoch id: 11, Training steps: 600, Avg loss: 0.028, Time: 1:39:47
Epoch id: 11, Training steps: 700, Avg loss: 0.029, Time: 1:40:50
Start evaluation on dev dataset.
/home/lyq2021/.conda/envs/lyq2021/lib/python3.10/site-packages/sklearn/metrics/_classification.py:1344: UndefinedMetricWarning: Precision is ill-defined and being set to 0.0 in samples with no predicted labels. Use `zero_division` parameter to control this behavior.
  _warn_prf(average, modifier, msg_start, len(result))
Acc. (Correct/Total): 42.95%% Prec: 0.6056 F1: 0.5513
Start evaluation on test dataset.
torch.Size([3, 512])
/home/lyq2021/.conda/envs/lyq2021/lib/python3.10/site-packages/sklearn/metrics/_classification.py:1344: UndefinedMetricWarning: Precision is ill-defined and being set to 0.0 in samples with no predicted labels. Use `zero_division` parameter to control this behavior.
  _warn_prf(average, modifier, msg_start, len(result))
Acc. (Correct/Total): 48.04%% Prec: 0.6483 F1: 0.5952
Epoch id: 12, Training steps: 100, Avg loss: 0.026, Time: 1:43:59
Epoch id: 12, Training steps: 200, Avg loss: 0.022, Time: 1:45:03
Epoch id: 12, Training steps: 300, Avg loss: 0.015, Time: 1:46:06
Epoch id: 12, Training steps: 400, Avg loss: 0.010, Time: 1:47:10
Epoch id: 12, Training steps: 500, Avg loss: 0.024, Time: 1:48:14
Epoch id: 12, Training steps: 600, Avg loss: 0.018, Time: 1:49:18
Epoch id: 12, Training steps: 700, Avg loss: 0.017, Time: 1:50:21
Start evaluation on dev dataset.
/home/lyq2021/.conda/envs/lyq2021/lib/python3.10/site-packages/sklearn/metrics/_classification.py:1344: UndefinedMetricWarning: Precision is ill-defined and being set to 0.0 in samples with no predicted labels. Use `zero_division` parameter to control this behavior.
  _warn_prf(average, modifier, msg_start, len(result))
Acc. (Correct/Total): 43.23%% Prec: 0.6220 F1: 0.5626
Start evaluation on test dataset.
torch.Size([3, 512])
/home/lyq2021/.conda/envs/lyq2021/lib/python3.10/site-packages/sklearn/metrics/_classification.py:1344: UndefinedMetricWarning: Precision is ill-defined and being set to 0.0 in samples with no predicted labels. Use `zero_division` parameter to control this behavior.
  _warn_prf(average, modifier, msg_start, len(result))
Acc. (Correct/Total): 49.06%% Prec: 0.6684 F1: 0.6133
Epoch id: 13, Training steps: 100, Avg loss: 0.016, Time: 1:53:29
Epoch id: 13, Training steps: 200, Avg loss: 0.006, Time: 1:54:33
Epoch id: 13, Training steps: 300, Avg loss: 0.015, Time: 1:55:37
Epoch id: 13, Training steps: 400, Avg loss: 0.011, Time: 1:56:40
Epoch id: 13, Training steps: 500, Avg loss: 0.006, Time: 1:57:44
Epoch id: 13, Training steps: 600, Avg loss: 0.014, Time: 1:58:48
Epoch id: 13, Training steps: 700, Avg loss: 0.012, Time: 1:59:51
Start evaluation on dev dataset.
/home/lyq2021/.conda/envs/lyq2021/lib/python3.10/site-packages/sklearn/metrics/_classification.py:1344: UndefinedMetricWarning: Precision is ill-defined and being set to 0.0 in samples with no predicted labels. Use `zero_division` parameter to control this behavior.
  _warn_prf(average, modifier, msg_start, len(result))
Acc. (Correct/Total): 44.67%% Prec: 0.6351 F1: 0.5769
Start evaluation on test dataset.
torch.Size([3, 512])
/home/lyq2021/.conda/envs/lyq2021/lib/python3.10/site-packages/sklearn/metrics/_classification.py:1344: UndefinedMetricWarning: Precision is ill-defined and being set to 0.0 in samples with no predicted labels. Use `zero_division` parameter to control this behavior.
  _warn_prf(average, modifier, msg_start, len(result))
Acc. (Correct/Total): 50.27%% Prec: 0.6763 F1: 0.6221
Epoch id: 14, Training steps: 100, Avg loss: 0.016, Time: 2:03:00
Epoch id: 14, Training steps: 200, Avg loss: 0.037, Time: 2:04:04
Epoch id: 14, Training steps: 300, Avg loss: 0.018, Time: 2:05:08
Epoch id: 14, Training steps: 400, Avg loss: 0.030, Time: 2:06:11
Epoch id: 14, Training steps: 500, Avg loss: 0.021, Time: 2:07:15
Epoch id: 14, Training steps: 600, Avg loss: 0.019, Time: 2:08:19
Epoch id: 14, Training steps: 700, Avg loss: 0.027, Time: 2:09:22
Start evaluation on dev dataset.
/home/lyq2021/.conda/envs/lyq2021/lib/python3.10/site-packages/sklearn/metrics/_classification.py:1344: UndefinedMetricWarning: Precision is ill-defined and being set to 0.0 in samples with no predicted labels. Use `zero_division` parameter to control this behavior.
  _warn_prf(average, modifier, msg_start, len(result))
Acc. (Correct/Total): 45.06%% Prec: 0.6579 F1: 0.5929
Start evaluation on test dataset.
torch.Size([3, 512])
/home/lyq2021/.conda/envs/lyq2021/lib/python3.10/site-packages/sklearn/metrics/_classification.py:1344: UndefinedMetricWarning: Precision is ill-defined and being set to 0.0 in samples with no predicted labels. Use `zero_division` parameter to control this behavior.
  _warn_prf(average, modifier, msg_start, len(result))
Acc. (Correct/Total): 49.73%% Prec: 0.6875 F1: 0.6281
Epoch id: 15, Training steps: 100, Avg loss: 0.005, Time: 2:12:30
Epoch id: 15, Training steps: 200, Avg loss: 0.006, Time: 2:13:33
Epoch id: 15, Training steps: 300, Avg loss: 0.010, Time: 2:14:37
Epoch id: 15, Training steps: 400, Avg loss: 0.017, Time: 2:15:41
Epoch id: 15, Training steps: 500, Avg loss: 0.014, Time: 2:16:44
Epoch id: 15, Training steps: 600, Avg loss: 0.016, Time: 2:17:48
Epoch id: 15, Training steps: 700, Avg loss: 0.015, Time: 2:18:52
Start evaluation on dev dataset.
/home/lyq2021/.conda/envs/lyq2021/lib/python3.10/site-packages/sklearn/metrics/_classification.py:1344: UndefinedMetricWarning: Precision is ill-defined and being set to 0.0 in samples with no predicted labels. Use `zero_division` parameter to control this behavior.
  _warn_prf(average, modifier, msg_start, len(result))
Acc. (Correct/Total): 45.78%% Prec: 0.6624 F1: 0.6000
Start evaluation on test dataset.
torch.Size([3, 512])
/home/lyq2021/.conda/envs/lyq2021/lib/python3.10/site-packages/sklearn/metrics/_classification.py:1344: UndefinedMetricWarning: Precision is ill-defined and being set to 0.0 in samples with no predicted labels. Use `zero_division` parameter to control this behavior.
  _warn_prf(average, modifier, msg_start, len(result))
Acc. (Correct/Total): 52.54%% Prec: 0.7061 F1: 0.6498
Epoch id: 16, Training steps: 100, Avg loss: 0.017, Time: 2:22:00
Epoch id: 16, Training steps: 200, Avg loss: 0.010, Time: 2:23:03
Epoch id: 16, Training steps: 300, Avg loss: 0.013, Time: 2:24:07
Epoch id: 16, Training steps: 400, Avg loss: 0.008, Time: 2:25:11
Epoch id: 16, Training steps: 500, Avg loss: 0.016, Time: 2:26:14
Epoch id: 16, Training steps: 600, Avg loss: 0.013, Time: 2:27:18
Epoch id: 16, Training steps: 700, Avg loss: 0.005, Time: 2:28:22
Start evaluation on dev dataset.
/home/lyq2021/.conda/envs/lyq2021/lib/python3.10/site-packages/sklearn/metrics/_classification.py:1344: UndefinedMetricWarning: Precision is ill-defined and being set to 0.0 in samples with no predicted labels. Use `zero_division` parameter to control this behavior.
  _warn_prf(average, modifier, msg_start, len(result))
Acc. (Correct/Total): 48.18%% Prec: 0.6862 F1: 0.6256
Start evaluation on test dataset.
torch.Size([3, 512])
/home/lyq2021/.conda/envs/lyq2021/lib/python3.10/site-packages/sklearn/metrics/_classification.py:1344: UndefinedMetricWarning: Precision is ill-defined and being set to 0.0 in samples with no predicted labels. Use `zero_division` parameter to control this behavior.
  _warn_prf(average, modifier, msg_start, len(result))
Acc. (Correct/Total): 54.67%% Prec: 0.7400 F1: 0.6801
Epoch id: 17, Training steps: 100, Avg loss: 0.004, Time: 2:31:30
Epoch id: 17, Training steps: 200, Avg loss: 0.010, Time: 2:32:34
Epoch id: 17, Training steps: 300, Avg loss: 0.012, Time: 2:33:37
Epoch id: 17, Training steps: 400, Avg loss: 0.011, Time: 2:34:41
Epoch id: 17, Training steps: 500, Avg loss: 0.013, Time: 2:35:45
Epoch id: 17, Training steps: 600, Avg loss: 0.012, Time: 2:36:48
Epoch id: 17, Training steps: 700, Avg loss: 0.008, Time: 2:37:52
Start evaluation on dev dataset.
/home/lyq2021/.conda/envs/lyq2021/lib/python3.10/site-packages/sklearn/metrics/_classification.py:1344: UndefinedMetricWarning: Precision is ill-defined and being set to 0.0 in samples with no predicted labels. Use `zero_division` parameter to control this behavior.
  _warn_prf(average, modifier, msg_start, len(result))
Acc. (Correct/Total): 48.70%% Prec: 0.6979 F1: 0.6351
Start evaluation on test dataset.
torch.Size([3, 512])
/home/lyq2021/.conda/envs/lyq2021/lib/python3.10/site-packages/sklearn/metrics/_classification.py:1344: UndefinedMetricWarning: Precision is ill-defined and being set to 0.0 in samples with no predicted labels. Use `zero_division` parameter to control this behavior.
  _warn_prf(average, modifier, msg_start, len(result))
Acc. (Correct/Total): 55.35%% Prec: 0.7496 F1: 0.6890
Epoch id: 18, Training steps: 100, Avg loss: 0.011, Time: 2:41:00
Epoch id: 18, Training steps: 200, Avg loss: 0.003, Time: 2:42:03
Epoch id: 18, Training steps: 300, Avg loss: 0.010, Time: 2:43:07
Epoch id: 18, Training steps: 400, Avg loss: 0.016, Time: 2:44:11
Epoch id: 18, Training steps: 500, Avg loss: 0.008, Time: 2:45:14
Epoch id: 18, Training steps: 600, Avg loss: 0.007, Time: 2:46:18
Epoch id: 18, Training steps: 700, Avg loss: 0.004, Time: 2:47:22
Start evaluation on dev dataset.
/home/lyq2021/.conda/envs/lyq2021/lib/python3.10/site-packages/sklearn/metrics/_classification.py:1344: UndefinedMetricWarning: Precision is ill-defined and being set to 0.0 in samples with no predicted labels. Use `zero_division` parameter to control this behavior.
  _warn_prf(average, modifier, msg_start, len(result))
Acc. (Correct/Total): 50.24%% Prec: 0.7051 F1: 0.6454
Start evaluation on test dataset.
torch.Size([3, 512])
/home/lyq2021/.conda/envs/lyq2021/lib/python3.10/site-packages/sklearn/metrics/_classification.py:1344: UndefinedMetricWarning: Precision is ill-defined and being set to 0.0 in samples with no predicted labels. Use `zero_division` parameter to control this behavior.
  _warn_prf(average, modifier, msg_start, len(result))
Acc. (Correct/Total): 55.97%% Prec: 0.7517 F1: 0.6938
Epoch id: 19, Training steps: 100, Avg loss: 0.018, Time: 2:50:30
Epoch id: 19, Training steps: 200, Avg loss: 0.003, Time: 2:51:34
Epoch id: 19, Training steps: 300, Avg loss: 0.011, Time: 2:52:38
Epoch id: 19, Training steps: 400, Avg loss: 0.010, Time: 2:53:42
Epoch id: 19, Training steps: 500, Avg loss: 0.006, Time: 2:54:45
Epoch id: 19, Training steps: 600, Avg loss: 0.003, Time: 2:55:49
Epoch id: 19, Training steps: 700, Avg loss: 0.007, Time: 2:56:53
Start evaluation on dev dataset.
/home/lyq2021/.conda/envs/lyq2021/lib/python3.10/site-packages/sklearn/metrics/_classification.py:1344: UndefinedMetricWarning: Precision is ill-defined and being set to 0.0 in samples with no predicted labels. Use `zero_division` parameter to control this behavior.
  _warn_prf(average, modifier, msg_start, len(result))
Acc. (Correct/Total): 49.28%% Prec: 0.7115 F1: 0.6466
Epoch id: 20, Training steps: 100, Avg loss: 0.004, Time: 2:59:16
Epoch id: 20, Training steps: 200, Avg loss: 0.011, Time: 3:00:20
Epoch id: 20, Training steps: 300, Avg loss: 0.014, Time: 3:01:23
Epoch id: 20, Training steps: 400, Avg loss: 0.009, Time: 3:02:27
Epoch id: 20, Training steps: 500, Avg loss: 0.005, Time: 3:03:31
Epoch id: 20, Training steps: 600, Avg loss: 0.007, Time: 3:04:34
Epoch id: 20, Training steps: 700, Avg loss: 0.010, Time: 3:05:38
Start evaluation on dev dataset.
/home/lyq2021/.conda/envs/lyq2021/lib/python3.10/site-packages/sklearn/metrics/_classification.py:1344: UndefinedMetricWarning: Precision is ill-defined and being set to 0.0 in samples with no predicted labels. Use `zero_division` parameter to control this behavior.
  _warn_prf(average, modifier, msg_start, len(result))
Acc. (Correct/Total): 52.45%% Prec: 0.7282 F1: 0.6715
Start evaluation on test dataset.
torch.Size([3, 512])
/home/lyq2021/.conda/envs/lyq2021/lib/python3.10/site-packages/sklearn/metrics/_classification.py:1344: UndefinedMetricWarning: Precision is ill-defined and being set to 0.0 in samples with no predicted labels. Use `zero_division` parameter to control this behavior.
  _warn_prf(average, modifier, msg_start, len(result))
Acc. (Correct/Total): 59.36%% Prec: 0.7777 F1: 0.7234
Final evaluation on the test dataset.
The number of evaluation instances:  2067
torch.Size([3, 512])
/home/lyq2021/.conda/envs/lyq2021/lib/python3.10/site-packages/sklearn/metrics/_classification.py:1344: UndefinedMetricWarning: Precision is ill-defined and being set to 0.0 in samples with no predicted labels. Use `zero_division` parameter to control this behavior.
  _warn_prf(average, modifier, msg_start, len(result))
/home/lyq2021/.conda/envs/lyq2021/lib/python3.10/site-packages/sklearn/metrics/_classification.py:1344: UndefinedMetricWarning: Precision and F-score are ill-defined and being set to 0.0 in labels with no predicted samples. Use `zero_division` parameter to control this behavior.
  _warn_prf(average, modifier, msg_start, len(result))
/home/lyq2021/.conda/envs/lyq2021/lib/python3.10/site-packages/sklearn/metrics/_classification.py:1344: UndefinedMetricWarning: Precision and F-score are ill-defined and being set to 0.0 in samples with no predicted labels. Use `zero_division` parameter to control this behavior.
  _warn_prf(average, modifier, msg_start, len(result))
Acc. (Correct/Total): 59.36% Prec: 0.7777 F1: 0.7234
Precision, Recall and F1-Score...
              precision    recall  f1-score   support

         教育学     0.8315    0.9419    0.8833       241
          法学     0.8784    0.8705    0.8744       224
      中国语言文学     0.9448    0.7405    0.8303       185
         政治学     0.8125    0.6380    0.7148       163
         社会学     0.9104    0.7771    0.8385       157
         心理学     0.9359    0.5935    0.7264       123
       应用经济学     0.7564    0.5043    0.6051       117
         历史学     0.9365    0.5413    0.6860       109
     环境科学与工程     0.9121    0.7685    0.8342       108
          哲学     0.8214    0.4742    0.6013        97
      外国语言文学     0.8676    0.6941    0.7712        85
         生物学     0.8750    0.7975    0.8344        79
      交通运输工程     0.9103    0.9103    0.9103        78
        临床医学     0.8833    0.6974    0.7794        76
    计算机科学与技术     0.9310    0.7606    0.8372        71
        土木工程     0.9538    0.9394    0.9466        66
   航空宇航科学与技术     0.9500    0.9344    0.9421        61
         民族学     0.7632    0.5273    0.6237        55
   公共卫生与预防医学     0.7778    0.5490    0.6437        51
         美术学     0.8776    0.8600    0.8687        50
         艺术学     0.7568    0.6512    0.7000        43
         地理学     0.8929    0.5952    0.7143        42
         体育学     0.8824    0.3750    0.5263        40
       理论经济学     0.7179    0.7368    0.7273        38
         中医学     0.9688    0.8378    0.8986        37
         物理学     0.8421    0.8889    0.8649        36
          林学     0.7600    0.5758    0.6552        33
          数学     0.8182    0.5625    0.6667        32
     电子科学与技术     0.8000    0.3871    0.5217        31
        基础医学     0.7143    0.1724    0.2778        29
        工商管理     0.9375    0.5556    0.6977        27
       新闻传播学     0.8333    0.6818    0.7500        22
         天文学     0.8333    0.9091    0.8696        22
         地质学     0.9231    0.5714    0.7059        21
         畜牧学     0.8182    0.8571    0.8372        21
   军事思想及军事历史     0.7333    0.5500    0.6286        20
     管理科学与工程     0.6842    0.7222    0.7027        18
     测绘科学与技术     0.7778    0.4118    0.5385        17
        水利工程     1.0000    0.4375    0.6087        16
        大气科学     0.8000    0.7500    0.7742        16
     兵器科学与技术     0.7333    0.7333    0.7333        15
       地球物理学     0.5000    0.1429    0.2222        14
        电气工程     1.0000    0.5385    0.7000        13
         作物学     0.8000    0.3077    0.4444        13
     控制科学与工程     0.2000    0.0769    0.1111        13
     信息与通信工程     0.7500    0.4615    0.5714        13
        公共管理     0.5000    0.1538    0.2353        13
         建筑学     0.8000    0.3077    0.4444        13
     化学工程与技术     0.8571    0.5000    0.6316        12
          力学     0.8333    0.4545    0.5882        11
        海洋科学     1.0000    0.8182    0.9000        11
     轻工技术与工程     1.0000    0.0909    0.1667        11
        农业工程     1.0000    0.1000    0.1818        10
         园艺学     0.8889    0.8000    0.8421        10
       中西医结合     1.0000    0.6000    0.7500        10
        机械工程     1.0000    0.2222    0.3636         9
       科学技术史     1.0000    0.5000    0.6667         8
     船舶与海洋工程     1.0000    0.5000    0.6667         8
   图书情报与档案管理     0.8571    0.7500    0.8000         8
        植物保护     1.0000    0.6250    0.7692         8
     材料科学与工程     0.8333    0.6250    0.7143         8
         统计学     0.6667    0.7500    0.7059         8
          化学     1.0000    0.5000    0.6667         8
     食品科学与工程     1.0000    0.1250    0.2222         8
          水产     1.0000    0.8571    0.9231         7
          药学     1.0000    0.4286    0.6000         7
     农业资源与环境     0.0000    0.0000    0.0000         7
         世界史     1.0000    0.4286    0.6000         7
        系统科学     1.0000    0.2857    0.4444         7
      农林经济管理     1.0000    0.2000    0.3333         5
       军队指挥学     1.0000    0.4000    0.5714         5
        矿业工程     0.5000    0.2000    0.2857         5
     纺织科学与工程     0.6667    0.8000    0.7273         5
  动力工程及工程热物理     0.0000    0.0000    0.0000         4
        林业工程     0.0000    0.0000    0.0000         4
     仪器科学与技术     0.0000    0.0000    0.0000         3
         战略学     0.0000    0.0000    0.0000         3
   地质资源与地质工程     0.0000    0.0000    0.0000         3
        旅游管理     0.6667    0.6667    0.6667         3
 图书馆、情报与档案管理     0.0000    0.0000    0.0000         2
        冶金工程     0.0000    0.0000    0.0000         2
      核科学与技术     0.0000    0.0000    0.0000         2

   micro avg     0.8639    0.6793    0.7605      3093
   macro avg     0.7570    0.5085    0.5813      3093
weighted avg     0.8544    0.6793    0.7417      3093
 samples avg     0.7777    0.6973    0.7234      3093

