  0%|          | 0/82 [00:00<?, ?it/s]100%|██████████| 82/82 [00:00<00:00, 1116665.35it/s]
model_type:  ['ernie', 'rnn']
Vocabulary Size:  17964
[BertClassifier] use visible_matrix: True
Some weights of the model checkpoint at ./models/ernie1 were not used when initializing ErnieRNNForMultiLabelSequenceClassification: ['cls.predictions.bias', 'cls.predictions.transform.dense.weight', 'cls.predictions.transform.LayerNorm.weight', 'ernie.pooler.dense.weight', 'cls.predictions.transform.LayerNorm.bias', 'ernie.pooler.dense.bias', 'cls.predictions.transform.dense.bias']
- This IS expected if you are initializing ErnieRNNForMultiLabelSequenceClassification from the checkpoint of a model trained on another task or with another architecture (e.g. initializing a BertForSequenceClassification model from a BertForPreTraining model).
- This IS NOT expected if you are initializing ErnieRNNForMultiLabelSequenceClassification from the checkpoint of a model that you expect to be exactly identical (initializing a BertForSequenceClassification model from a BertForSequenceClassification model).
Some weights of ErnieRNNForMultiLabelSequenceClassification were not initialized from the model checkpoint at ./models/ernie1 and are newly initialized: ['classifier.weight', 'lstm.bias_ih_l1_reverse', 'lstm.bias_ih_l1', 'lstm.weight_hh_l0_reverse', 'lstm.weight_ih_l0', 'lstm.bias_hh_l1_reverse', 'lstm.bias_hh_l0', 'lstm.bias_hh_l0_reverse', 'lstm.bias_ih_l0_reverse', 'lstm.weight_ih_l0_reverse', 'lstm.weight_ih_l1_reverse', 'lstm.weight_hh_l1_reverse', 'lstm.bias_hh_l1', 'lstm.weight_hh_l1', 'lstm.weight_hh_l0', 'lstm.weight_ih_l1', 'lstm.bias_ih_l0', 'classifier.bias']
You should probably TRAIN this model on a down-stream task to be able to use it for predictions and inference.
1 GPUs are available. Let's use them.
device:  cuda
[KnowledgeGraph] Loading spo from /home/lyq2021/experiment/K-BERT-HUGGINGFACE/brain/kgs/CnDbpedia.spo
Start training.
Loading sentences from ./datasets/book_multilabels_task/train.tsv
There are 9098 sentence in total. We use 1 processes to inject knowledge into sentences.
Progress of process 0: 0/9098
Loading sentences from ./datasets/book_multilabels_task/dev.tsv
There are 2084 sentence in total. We use 1 processes to inject knowledge into sentences.
Progress of process 0: 0/2084
Loading sentences from ./datasets/book_multilabels_task/test.tsv
There are 2067 sentence in total. We use 1 processes to inject knowledge into sentences.
Progress of process 0: 0/2067
Epoch id: 1, Training steps: 100, Avg loss: 0.095, Time: 0:01:01
Epoch id: 1, Training steps: 200, Avg loss: 0.068, Time: 0:02:04
Epoch id: 1, Training steps: 300, Avg loss: 0.095, Time: 0:03:06
Epoch id: 1, Training steps: 400, Avg loss: 0.082, Time: 0:04:09
Epoch id: 1, Training steps: 500, Avg loss: 0.076, Time: 0:05:11
Epoch id: 1, Training steps: 600, Avg loss: 0.075, Time: 0:06:14
Epoch id: 1, Training steps: 700, Avg loss: 0.097, Time: 0:07:17
Start evaluation on dev dataset.
/home/lyq2021/.conda/envs/lyq2021/lib/python3.10/site-packages/sklearn/metrics/_classification.py:1344: UndefinedMetricWarning: Precision is ill-defined and being set to 0.0 in samples with no predicted labels. Use `zero_division` parameter to control this behavior.
  _warn_prf(average, modifier, msg_start, len(result))
Acc. (Correct/Total):  0.00%% Prec: 0.0000 F1: 0.0000
Epoch id: 2, Training steps: 100, Avg loss: 0.074, Time: 0:09:39
Epoch id: 2, Training steps: 200, Avg loss: 0.070, Time: 0:10:42
Epoch id: 2, Training steps: 300, Avg loss: 0.073, Time: 0:11:45
Epoch id: 2, Training steps: 400, Avg loss: 0.089, Time: 0:12:47
Epoch id: 2, Training steps: 500, Avg loss: 0.080, Time: 0:13:50
Epoch id: 2, Training steps: 600, Avg loss: 0.086, Time: 0:14:52
Epoch id: 2, Training steps: 700, Avg loss: 0.063, Time: 0:15:55
Start evaluation on dev dataset.
/home/lyq2021/.conda/envs/lyq2021/lib/python3.10/site-packages/sklearn/metrics/_classification.py:1344: UndefinedMetricWarning: Precision is ill-defined and being set to 0.0 in samples with no predicted labels. Use `zero_division` parameter to control this behavior.
  _warn_prf(average, modifier, msg_start, len(result))
Acc. (Correct/Total):  0.00%% Prec: 0.0000 F1: 0.0000
Epoch id: 3, Training steps: 100, Avg loss: 0.079, Time: 0:18:18
Epoch id: 3, Training steps: 200, Avg loss: 0.074, Time: 0:19:21
Epoch id: 3, Training steps: 300, Avg loss: 0.080, Time: 0:20:24
Epoch id: 3, Training steps: 400, Avg loss: 0.058, Time: 0:21:26
Epoch id: 3, Training steps: 500, Avg loss: 0.057, Time: 0:22:29
Epoch id: 3, Training steps: 600, Avg loss: 0.064, Time: 0:23:31
Epoch id: 3, Training steps: 700, Avg loss: 0.066, Time: 0:24:34
Start evaluation on dev dataset.
/home/lyq2021/.conda/envs/lyq2021/lib/python3.10/site-packages/sklearn/metrics/_classification.py:1344: UndefinedMetricWarning: Precision is ill-defined and being set to 0.0 in samples with no predicted labels. Use `zero_division` parameter to control this behavior.
  _warn_prf(average, modifier, msg_start, len(result))
Acc. (Correct/Total):  0.00%% Prec: 0.0000 F1: 0.0000
Epoch id: 4, Training steps: 100, Avg loss: 0.050, Time: 0:26:56
Epoch id: 4, Training steps: 200, Avg loss: 0.066, Time: 0:27:59
Epoch id: 4, Training steps: 300, Avg loss: 0.048, Time: 0:29:01
Epoch id: 4, Training steps: 400, Avg loss: 0.047, Time: 0:30:03
Epoch id: 4, Training steps: 500, Avg loss: 0.072, Time: 0:31:05
Epoch id: 4, Training steps: 600, Avg loss: 0.054, Time: 0:32:08
Epoch id: 4, Training steps: 700, Avg loss: 0.041, Time: 0:33:10
Start evaluation on dev dataset.
/home/lyq2021/.conda/envs/lyq2021/lib/python3.10/site-packages/sklearn/metrics/_classification.py:1344: UndefinedMetricWarning: Precision is ill-defined and being set to 0.0 in samples with no predicted labels. Use `zero_division` parameter to control this behavior.
  _warn_prf(average, modifier, msg_start, len(result))
Acc. (Correct/Total):  1.68%% Prec: 0.0806 F1: 0.0593
Start evaluation on test dataset.
torch.Size([3, 512])
/home/lyq2021/.conda/envs/lyq2021/lib/python3.10/site-packages/sklearn/metrics/_classification.py:1344: UndefinedMetricWarning: Precision is ill-defined and being set to 0.0 in samples with no predicted labels. Use `zero_division` parameter to control this behavior.
  _warn_prf(average, modifier, msg_start, len(result))
Acc. (Correct/Total):  1.06%% Prec: 0.1292 F1: 0.0894
Epoch id: 5, Training steps: 100, Avg loss: 0.044, Time: 0:36:17
Epoch id: 5, Training steps: 200, Avg loss: 0.051, Time: 0:37:20
Epoch id: 5, Training steps: 300, Avg loss: 0.044, Time: 0:38:23
Epoch id: 5, Training steps: 400, Avg loss: 0.054, Time: 0:39:25
Epoch id: 5, Training steps: 500, Avg loss: 0.060, Time: 0:40:28
Epoch id: 5, Training steps: 600, Avg loss: 0.040, Time: 0:41:30
Epoch id: 5, Training steps: 700, Avg loss: 0.046, Time: 0:42:33
Start evaluation on dev dataset.
/home/lyq2021/.conda/envs/lyq2021/lib/python3.10/site-packages/sklearn/metrics/_classification.py:1344: UndefinedMetricWarning: Precision is ill-defined and being set to 0.0 in samples with no predicted labels. Use `zero_division` parameter to control this behavior.
  _warn_prf(average, modifier, msg_start, len(result))
Acc. (Correct/Total): 12.67%% Prec: 0.1975 F1: 0.1753
Start evaluation on test dataset.
torch.Size([3, 512])
/home/lyq2021/.conda/envs/lyq2021/lib/python3.10/site-packages/sklearn/metrics/_classification.py:1344: UndefinedMetricWarning: Precision is ill-defined and being set to 0.0 in samples with no predicted labels. Use `zero_division` parameter to control this behavior.
  _warn_prf(average, modifier, msg_start, len(result))
Acc. (Correct/Total): 13.93%% Prec: 0.2383 F1: 0.2058
Epoch id: 6, Training steps: 100, Avg loss: 0.043, Time: 0:45:41
Epoch id: 6, Training steps: 200, Avg loss: 0.041, Time: 0:46:44
Epoch id: 6, Training steps: 300, Avg loss: 0.056, Time: 0:47:47
Epoch id: 6, Training steps: 400, Avg loss: 0.041, Time: 0:48:49
Epoch id: 6, Training steps: 500, Avg loss: 0.030, Time: 0:49:52
Epoch id: 6, Training steps: 600, Avg loss: 0.032, Time: 0:50:54
Epoch id: 6, Training steps: 700, Avg loss: 0.032, Time: 0:51:57
Start evaluation on dev dataset.
/home/lyq2021/.conda/envs/lyq2021/lib/python3.10/site-packages/sklearn/metrics/_classification.py:1344: UndefinedMetricWarning: Precision is ill-defined and being set to 0.0 in samples with no predicted labels. Use `zero_division` parameter to control this behavior.
  _warn_prf(average, modifier, msg_start, len(result))
Acc. (Correct/Total): 17.75%% Prec: 0.2702 F1: 0.2401
Start evaluation on test dataset.
torch.Size([3, 512])
/home/lyq2021/.conda/envs/lyq2021/lib/python3.10/site-packages/sklearn/metrics/_classification.py:1344: UndefinedMetricWarning: Precision is ill-defined and being set to 0.0 in samples with no predicted labels. Use `zero_division` parameter to control this behavior.
  _warn_prf(average, modifier, msg_start, len(result))
Acc. (Correct/Total): 25.06%% Prec: 0.3389 F1: 0.3099
Epoch id: 7, Training steps: 100, Avg loss: 0.033, Time: 0:55:06
Epoch id: 7, Training steps: 200, Avg loss: 0.023, Time: 0:56:09
Epoch id: 7, Training steps: 300, Avg loss: 0.032, Time: 0:57:12
Epoch id: 7, Training steps: 400, Avg loss: 0.034, Time: 0:58:14
Epoch id: 7, Training steps: 500, Avg loss: 0.044, Time: 0:59:17
Epoch id: 7, Training steps: 600, Avg loss: 0.031, Time: 1:00:20
Epoch id: 7, Training steps: 700, Avg loss: 0.020, Time: 1:01:22
Start evaluation on dev dataset.
/home/lyq2021/.conda/envs/lyq2021/lib/python3.10/site-packages/sklearn/metrics/_classification.py:1344: UndefinedMetricWarning: Precision is ill-defined and being set to 0.0 in samples with no predicted labels. Use `zero_division` parameter to control this behavior.
  _warn_prf(average, modifier, msg_start, len(result))
Acc. (Correct/Total): 24.81%% Prec: 0.3601 F1: 0.3249
Start evaluation on test dataset.
torch.Size([3, 512])
/home/lyq2021/.conda/envs/lyq2021/lib/python3.10/site-packages/sklearn/metrics/_classification.py:1344: UndefinedMetricWarning: Precision is ill-defined and being set to 0.0 in samples with no predicted labels. Use `zero_division` parameter to control this behavior.
  _warn_prf(average, modifier, msg_start, len(result))
Acc. (Correct/Total): 30.96%% Prec: 0.4086 F1: 0.3777
Epoch id: 8, Training steps: 100, Avg loss: 0.041, Time: 1:04:30
Epoch id: 8, Training steps: 200, Avg loss: 0.042, Time: 1:05:33
Epoch id: 8, Training steps: 300, Avg loss: 0.042, Time: 1:06:36
Epoch id: 8, Training steps: 400, Avg loss: 0.023, Time: 1:07:38
Epoch id: 8, Training steps: 500, Avg loss: 0.029, Time: 1:08:41
Epoch id: 8, Training steps: 600, Avg loss: 0.032, Time: 1:09:43
Epoch id: 8, Training steps: 700, Avg loss: 0.027, Time: 1:10:46
Start evaluation on dev dataset.
/home/lyq2021/.conda/envs/lyq2021/lib/python3.10/site-packages/sklearn/metrics/_classification.py:1344: UndefinedMetricWarning: Precision is ill-defined and being set to 0.0 in samples with no predicted labels. Use `zero_division` parameter to control this behavior.
  _warn_prf(average, modifier, msg_start, len(result))
Acc. (Correct/Total): 26.01%% Prec: 0.4155 F1: 0.3664
Start evaluation on test dataset.
torch.Size([3, 512])
/home/lyq2021/.conda/envs/lyq2021/lib/python3.10/site-packages/sklearn/metrics/_classification.py:1344: UndefinedMetricWarning: Precision is ill-defined and being set to 0.0 in samples with no predicted labels. Use `zero_division` parameter to control this behavior.
  _warn_prf(average, modifier, msg_start, len(result))
Acc. (Correct/Total): 33.19%% Prec: 0.4799 F1: 0.4339
Epoch id: 9, Training steps: 100, Avg loss: 0.031, Time: 1:13:54
Epoch id: 9, Training steps: 200, Avg loss: 0.025, Time: 1:14:57
Epoch id: 9, Training steps: 300, Avg loss: 0.018, Time: 1:15:59
Epoch id: 9, Training steps: 400, Avg loss: 0.049, Time: 1:17:02
Epoch id: 9, Training steps: 500, Avg loss: 0.026, Time: 1:18:05
Epoch id: 9, Training steps: 600, Avg loss: 0.020, Time: 1:19:07
Epoch id: 9, Training steps: 700, Avg loss: 0.024, Time: 1:20:10
Start evaluation on dev dataset.
/home/lyq2021/.conda/envs/lyq2021/lib/python3.10/site-packages/sklearn/metrics/_classification.py:1344: UndefinedMetricWarning: Precision is ill-defined and being set to 0.0 in samples with no predicted labels. Use `zero_division` parameter to control this behavior.
  _warn_prf(average, modifier, msg_start, len(result))
Acc. (Correct/Total): 29.56%% Prec: 0.4436 F1: 0.3957
Start evaluation on test dataset.
torch.Size([3, 512])
/home/lyq2021/.conda/envs/lyq2021/lib/python3.10/site-packages/sklearn/metrics/_classification.py:1344: UndefinedMetricWarning: Precision is ill-defined and being set to 0.0 in samples with no predicted labels. Use `zero_division` parameter to control this behavior.
  _warn_prf(average, modifier, msg_start, len(result))
Acc. (Correct/Total): 34.40%% Prec: 0.4896 F1: 0.4431
Epoch id: 10, Training steps: 100, Avg loss: 0.034, Time: 1:23:19
Epoch id: 10, Training steps: 200, Avg loss: 0.027, Time: 1:24:21
Epoch id: 10, Training steps: 300, Avg loss: 0.021, Time: 1:25:24
Epoch id: 10, Training steps: 400, Avg loss: 0.036, Time: 1:26:27
Epoch id: 10, Training steps: 500, Avg loss: 0.021, Time: 1:27:29
Epoch id: 10, Training steps: 600, Avg loss: 0.026, Time: 1:28:32
Epoch id: 10, Training steps: 700, Avg loss: 0.038, Time: 1:29:34
Start evaluation on dev dataset.
/home/lyq2021/.conda/envs/lyq2021/lib/python3.10/site-packages/sklearn/metrics/_classification.py:1344: UndefinedMetricWarning: Precision is ill-defined and being set to 0.0 in samples with no predicted labels. Use `zero_division` parameter to control this behavior.
  _warn_prf(average, modifier, msg_start, len(result))
Acc. (Correct/Total): 31.19%% Prec: 0.4671 F1: 0.4178
Start evaluation on test dataset.
torch.Size([3, 512])
/home/lyq2021/.conda/envs/lyq2021/lib/python3.10/site-packages/sklearn/metrics/_classification.py:1344: UndefinedMetricWarning: Precision is ill-defined and being set to 0.0 in samples with no predicted labels. Use `zero_division` parameter to control this behavior.
  _warn_prf(average, modifier, msg_start, len(result))
Acc. (Correct/Total): 36.43%% Prec: 0.5215 F1: 0.4716
Epoch id: 11, Training steps: 100, Avg loss: 0.010, Time: 1:32:42
Epoch id: 11, Training steps: 200, Avg loss: 0.026, Time: 1:33:45
Epoch id: 11, Training steps: 300, Avg loss: 0.033, Time: 1:34:48
Epoch id: 11, Training steps: 400, Avg loss: 0.013, Time: 1:35:50
Epoch id: 11, Training steps: 500, Avg loss: 0.031, Time: 1:36:53
Epoch id: 11, Training steps: 600, Avg loss: 0.021, Time: 1:37:56
Epoch id: 11, Training steps: 700, Avg loss: 0.015, Time: 1:38:58
Start evaluation on dev dataset.
/home/lyq2021/.conda/envs/lyq2021/lib/python3.10/site-packages/sklearn/metrics/_classification.py:1344: UndefinedMetricWarning: Precision is ill-defined and being set to 0.0 in samples with no predicted labels. Use `zero_division` parameter to control this behavior.
  _warn_prf(average, modifier, msg_start, len(result))
Acc. (Correct/Total): 34.93%% Prec: 0.5122 F1: 0.4600
Start evaluation on test dataset.
torch.Size([3, 512])
/home/lyq2021/.conda/envs/lyq2021/lib/python3.10/site-packages/sklearn/metrics/_classification.py:1344: UndefinedMetricWarning: Precision is ill-defined and being set to 0.0 in samples with no predicted labels. Use `zero_division` parameter to control this behavior.
  _warn_prf(average, modifier, msg_start, len(result))
Acc. (Correct/Total): 38.17%% Prec: 0.5520 F1: 0.4979
Epoch id: 12, Training steps: 100, Avg loss: 0.029, Time: 1:42:08
Epoch id: 12, Training steps: 200, Avg loss: 0.015, Time: 1:43:10
Epoch id: 12, Training steps: 300, Avg loss: 0.016, Time: 1:44:13
Epoch id: 12, Training steps: 400, Avg loss: 0.030, Time: 1:45:16
Epoch id: 12, Training steps: 500, Avg loss: 0.017, Time: 1:46:18
Epoch id: 12, Training steps: 600, Avg loss: 0.029, Time: 1:47:21
Epoch id: 12, Training steps: 700, Avg loss: 0.036, Time: 1:48:24
Start evaluation on dev dataset.
/home/lyq2021/.conda/envs/lyq2021/lib/python3.10/site-packages/sklearn/metrics/_classification.py:1344: UndefinedMetricWarning: Precision is ill-defined and being set to 0.0 in samples with no predicted labels. Use `zero_division` parameter to control this behavior.
  _warn_prf(average, modifier, msg_start, len(result))
Acc. (Correct/Total): 39.25%% Prec: 0.5492 F1: 0.5002
Start evaluation on test dataset.
torch.Size([3, 512])
/home/lyq2021/.conda/envs/lyq2021/lib/python3.10/site-packages/sklearn/metrics/_classification.py:1344: UndefinedMetricWarning: Precision is ill-defined and being set to 0.0 in samples with no predicted labels. Use `zero_division` parameter to control this behavior.
  _warn_prf(average, modifier, msg_start, len(result))
Acc. (Correct/Total): 42.72%% Prec: 0.6040 F1: 0.5473
Epoch id: 13, Training steps: 100, Avg loss: 0.027, Time: 1:51:31
Epoch id: 13, Training steps: 200, Avg loss: 0.026, Time: 1:52:34
Epoch id: 13, Training steps: 300, Avg loss: 0.012, Time: 1:53:37
Epoch id: 13, Training steps: 400, Avg loss: 0.011, Time: 1:54:39
Epoch id: 13, Training steps: 500, Avg loss: 0.015, Time: 1:55:42
Epoch id: 13, Training steps: 600, Avg loss: 0.015, Time: 1:56:45
Epoch id: 13, Training steps: 700, Avg loss: 0.019, Time: 1:57:47
Start evaluation on dev dataset.
/home/lyq2021/.conda/envs/lyq2021/lib/python3.10/site-packages/sklearn/metrics/_classification.py:1344: UndefinedMetricWarning: Precision is ill-defined and being set to 0.0 in samples with no predicted labels. Use `zero_division` parameter to control this behavior.
  _warn_prf(average, modifier, msg_start, len(result))
Acc. (Correct/Total): 40.40%% Prec: 0.5976 F1: 0.5367
Start evaluation on test dataset.
torch.Size([3, 512])
/home/lyq2021/.conda/envs/lyq2021/lib/python3.10/site-packages/sklearn/metrics/_classification.py:1344: UndefinedMetricWarning: Precision is ill-defined and being set to 0.0 in samples with no predicted labels. Use `zero_division` parameter to control this behavior.
  _warn_prf(average, modifier, msg_start, len(result))
Acc. (Correct/Total): 44.56%% Prec: 0.6260 F1: 0.5690
Epoch id: 14, Training steps: 100, Avg loss: 0.019, Time: 2:00:57
Epoch id: 14, Training steps: 200, Avg loss: 0.013, Time: 2:01:59
Epoch id: 14, Training steps: 300, Avg loss: 0.023, Time: 2:03:02
Epoch id: 14, Training steps: 400, Avg loss: 0.023, Time: 2:04:05
Epoch id: 14, Training steps: 500, Avg loss: 0.021, Time: 2:05:07
Epoch id: 14, Training steps: 600, Avg loss: 0.025, Time: 2:06:10
Epoch id: 14, Training steps: 700, Avg loss: 0.009, Time: 2:07:12
Start evaluation on dev dataset.
/home/lyq2021/.conda/envs/lyq2021/lib/python3.10/site-packages/sklearn/metrics/_classification.py:1344: UndefinedMetricWarning: Precision is ill-defined and being set to 0.0 in samples with no predicted labels. Use `zero_division` parameter to control this behavior.
  _warn_prf(average, modifier, msg_start, len(result))
Acc. (Correct/Total): 40.36%% Prec: 0.5849 F1: 0.5277
Epoch id: 15, Training steps: 100, Avg loss: 0.008, Time: 2:09:35
Epoch id: 15, Training steps: 200, Avg loss: 0.025, Time: 2:10:38
Epoch id: 15, Training steps: 300, Avg loss: 0.019, Time: 2:11:40
Epoch id: 15, Training steps: 400, Avg loss: 0.011, Time: 2:12:43
Epoch id: 15, Training steps: 500, Avg loss: 0.011, Time: 2:13:45
Epoch id: 15, Training steps: 600, Avg loss: 0.027, Time: 2:14:48
Epoch id: 15, Training steps: 700, Avg loss: 0.016, Time: 2:15:51
Start evaluation on dev dataset.
/home/lyq2021/.conda/envs/lyq2021/lib/python3.10/site-packages/sklearn/metrics/_classification.py:1344: UndefinedMetricWarning: Precision is ill-defined and being set to 0.0 in samples with no predicted labels. Use `zero_division` parameter to control this behavior.
  _warn_prf(average, modifier, msg_start, len(result))
Acc. (Correct/Total): 41.60%% Prec: 0.6183 F1: 0.5564
Start evaluation on test dataset.
torch.Size([3, 512])
/home/lyq2021/.conda/envs/lyq2021/lib/python3.10/site-packages/sklearn/metrics/_classification.py:1344: UndefinedMetricWarning: Precision is ill-defined and being set to 0.0 in samples with no predicted labels. Use `zero_division` parameter to control this behavior.
  _warn_prf(average, modifier, msg_start, len(result))
Acc. (Correct/Total): 47.31%% Prec: 0.6580 F1: 0.6004
Epoch id: 16, Training steps: 100, Avg loss: 0.031, Time: 2:18:58
Epoch id: 16, Training steps: 200, Avg loss: 0.006, Time: 2:20:01
Epoch id: 16, Training steps: 300, Avg loss: 0.008, Time: 2:21:04
Epoch id: 16, Training steps: 400, Avg loss: 0.035, Time: 2:22:06
Epoch id: 16, Training steps: 500, Avg loss: 0.011, Time: 2:23:09
Epoch id: 16, Training steps: 600, Avg loss: 0.028, Time: 2:24:12
Epoch id: 16, Training steps: 700, Avg loss: 0.029, Time: 2:25:14
Start evaluation on dev dataset.
/home/lyq2021/.conda/envs/lyq2021/lib/python3.10/site-packages/sklearn/metrics/_classification.py:1344: UndefinedMetricWarning: Precision is ill-defined and being set to 0.0 in samples with no predicted labels. Use `zero_division` parameter to control this behavior.
  _warn_prf(average, modifier, msg_start, len(result))
Acc. (Correct/Total): 42.80%% Prec: 0.6356 F1: 0.5710
Start evaluation on test dataset.
torch.Size([3, 512])
/home/lyq2021/.conda/envs/lyq2021/lib/python3.10/site-packages/sklearn/metrics/_classification.py:1344: UndefinedMetricWarning: Precision is ill-defined and being set to 0.0 in samples with no predicted labels. Use `zero_division` parameter to control this behavior.
  _warn_prf(average, modifier, msg_start, len(result))
Acc. (Correct/Total): 49.64%% Prec: 0.6785 F1: 0.6215
Epoch id: 17, Training steps: 100, Avg loss: 0.023, Time: 2:28:23
Epoch id: 17, Training steps: 200, Avg loss: 0.014, Time: 2:29:26
Epoch id: 17, Training steps: 300, Avg loss: 0.009, Time: 2:30:29
Epoch id: 17, Training steps: 400, Avg loss: 0.013, Time: 2:31:31
Epoch id: 17, Training steps: 500, Avg loss: 0.056, Time: 2:32:34
Epoch id: 17, Training steps: 600, Avg loss: 0.021, Time: 2:33:36
Epoch id: 17, Training steps: 700, Avg loss: 0.019, Time: 2:34:39
Start evaluation on dev dataset.
/home/lyq2021/.conda/envs/lyq2021/lib/python3.10/site-packages/sklearn/metrics/_classification.py:1344: UndefinedMetricWarning: Precision is ill-defined and being set to 0.0 in samples with no predicted labels. Use `zero_division` parameter to control this behavior.
  _warn_prf(average, modifier, msg_start, len(result))
Acc. (Correct/Total): 43.14%% Prec: 0.6228 F1: 0.5651
Start evaluation on test dataset.
torch.Size([3, 512])
/home/lyq2021/.conda/envs/lyq2021/lib/python3.10/site-packages/sklearn/metrics/_classification.py:1344: UndefinedMetricWarning: Precision is ill-defined and being set to 0.0 in samples with no predicted labels. Use `zero_division` parameter to control this behavior.
  _warn_prf(average, modifier, msg_start, len(result))
Acc. (Correct/Total): 49.49%% Prec: 0.6795 F1: 0.6223
Epoch id: 18, Training steps: 100, Avg loss: 0.016, Time: 2:37:46
Epoch id: 18, Training steps: 200, Avg loss: 0.014, Time: 2:38:49
Epoch id: 18, Training steps: 300, Avg loss: 0.021, Time: 2:39:52
Epoch id: 18, Training steps: 400, Avg loss: 0.007, Time: 2:40:54
Epoch id: 18, Training steps: 500, Avg loss: 0.011, Time: 2:41:57
Epoch id: 18, Training steps: 600, Avg loss: 0.016, Time: 2:42:59
Epoch id: 18, Training steps: 700, Avg loss: 0.012, Time: 2:44:02
Start evaluation on dev dataset.
/home/lyq2021/.conda/envs/lyq2021/lib/python3.10/site-packages/sklearn/metrics/_classification.py:1344: UndefinedMetricWarning: Precision is ill-defined and being set to 0.0 in samples with no predicted labels. Use `zero_division` parameter to control this behavior.
  _warn_prf(average, modifier, msg_start, len(result))
Acc. (Correct/Total): 45.59%% Prec: 0.6447 F1: 0.5900
Start evaluation on test dataset.
torch.Size([3, 512])
/home/lyq2021/.conda/envs/lyq2021/lib/python3.10/site-packages/sklearn/metrics/_classification.py:1344: UndefinedMetricWarning: Precision is ill-defined and being set to 0.0 in samples with no predicted labels. Use `zero_division` parameter to control this behavior.
  _warn_prf(average, modifier, msg_start, len(result))
Acc. (Correct/Total): 51.38%% Prec: 0.6982 F1: 0.6414
Epoch id: 19, Training steps: 100, Avg loss: 0.010, Time: 2:47:11
Epoch id: 19, Training steps: 200, Avg loss: 0.012, Time: 2:48:14
Epoch id: 19, Training steps: 300, Avg loss: 0.013, Time: 2:49:16
Epoch id: 19, Training steps: 400, Avg loss: 0.013, Time: 2:50:19
Epoch id: 19, Training steps: 500, Avg loss: 0.004, Time: 2:51:22
Epoch id: 19, Training steps: 600, Avg loss: 0.028, Time: 2:52:24
Epoch id: 19, Training steps: 700, Avg loss: 0.015, Time: 2:53:27
Start evaluation on dev dataset.
/home/lyq2021/.conda/envs/lyq2021/lib/python3.10/site-packages/sklearn/metrics/_classification.py:1344: UndefinedMetricWarning: Precision is ill-defined and being set to 0.0 in samples with no predicted labels. Use `zero_division` parameter to control this behavior.
  _warn_prf(average, modifier, msg_start, len(result))
Acc. (Correct/Total): 45.39%% Prec: 0.6531 F1: 0.5926
Epoch id: 20, Training steps: 100, Avg loss: 0.013, Time: 2:55:49
Epoch id: 20, Training steps: 200, Avg loss: 0.005, Time: 2:56:52
Epoch id: 20, Training steps: 300, Avg loss: 0.025, Time: 2:57:54
Epoch id: 20, Training steps: 400, Avg loss: 0.009, Time: 2:58:57
Epoch id: 20, Training steps: 500, Avg loss: 0.011, Time: 2:59:59
Epoch id: 20, Training steps: 600, Avg loss: 0.007, Time: 3:01:02
Epoch id: 20, Training steps: 700, Avg loss: 0.015, Time: 3:02:04
Start evaluation on dev dataset.
/home/lyq2021/.conda/envs/lyq2021/lib/python3.10/site-packages/sklearn/metrics/_classification.py:1344: UndefinedMetricWarning: Precision is ill-defined and being set to 0.0 in samples with no predicted labels. Use `zero_division` parameter to control this behavior.
  _warn_prf(average, modifier, msg_start, len(result))
Acc. (Correct/Total): 44.72%% Prec: 0.6404 F1: 0.5849
Final evaluation on the test dataset.
The number of evaluation instances:  2067
torch.Size([3, 512])
/home/lyq2021/.conda/envs/lyq2021/lib/python3.10/site-packages/sklearn/metrics/_classification.py:1344: UndefinedMetricWarning: Precision is ill-defined and being set to 0.0 in samples with no predicted labels. Use `zero_division` parameter to control this behavior.
  _warn_prf(average, modifier, msg_start, len(result))
/home/lyq2021/.conda/envs/lyq2021/lib/python3.10/site-packages/sklearn/metrics/_classification.py:1344: UndefinedMetricWarning: Precision and F-score are ill-defined and being set to 0.0 in labels with no predicted samples. Use `zero_division` parameter to control this behavior.
  _warn_prf(average, modifier, msg_start, len(result))
/home/lyq2021/.conda/envs/lyq2021/lib/python3.10/site-packages/sklearn/metrics/_classification.py:1344: UndefinedMetricWarning: Precision and F-score are ill-defined and being set to 0.0 in samples with no predicted labels. Use `zero_division` parameter to control this behavior.
  _warn_prf(average, modifier, msg_start, len(result))
Acc. (Correct/Total): 51.38% Prec: 0.6982 F1: 0.6414
Precision, Recall and F1-Score...
              precision    recall  f1-score   support

         教育学     0.9587    0.8672    0.9107       241
          法学     0.8873    0.8438    0.8650       224
      中国语言文学     0.9122    0.7297    0.8108       185
         政治学     0.7946    0.5460    0.6473       163
         社会学     0.8657    0.7389    0.7973       157
         心理学     0.9804    0.4065    0.5747       123
       应用经济学     0.7000    0.4786    0.5685       117
         历史学     0.8727    0.4404    0.5854       109
     环境科学与工程     0.9041    0.6111    0.7293       108
          哲学     0.8814    0.5361    0.6667        97
      外国语言文学     0.7917    0.6706    0.7261        85
         生物学     0.7654    0.7848    0.7750        79
      交通运输工程     0.8452    0.9103    0.8765        78
        临床医学     0.8696    0.5263    0.6557        76
    计算机科学与技术     0.7969    0.7183    0.7556        71
        土木工程     0.8400    0.9545    0.8936        66
   航空宇航科学与技术     0.9138    0.8689    0.8908        61
         民族学     0.5526    0.3818    0.4516        55
   公共卫生与预防医学     0.9000    0.5294    0.6667        51
         美术学     0.8727    0.9600    0.9143        50
         艺术学     0.9032    0.6512    0.7568        43
         地理学     1.0000    0.3333    0.5000        42
         体育学     0.9231    0.3000    0.4528        40
       理论经济学     0.7273    0.4211    0.5333        38
         中医学     0.9412    0.8649    0.9014        37
         物理学     0.7500    0.8333    0.7895        36
          林学     1.0000    0.3636    0.5333        33
          数学     0.7778    0.4375    0.5600        32
     电子科学与技术     0.7222    0.4194    0.5306        31
        基础医学     0.6364    0.2414    0.3500        29
        工商管理     0.7778    0.5185    0.6222        27
       新闻传播学     0.7692    0.4545    0.5714        22
         天文学     0.8095    0.7727    0.7907        22
         地质学     1.0000    0.3810    0.5517        21
         畜牧学     0.7917    0.9048    0.8444        21
   军事思想及军事历史     0.7778    0.7000    0.7368        20
     管理科学与工程     0.5909    0.7222    0.6500        18
     测绘科学与技术     0.7778    0.4118    0.5385        17
        水利工程     1.0000    0.1250    0.2222        16
        大气科学     1.0000    0.3750    0.5455        16
     兵器科学与技术     0.7857    0.7333    0.7586        15
       地球物理学     1.0000    0.0714    0.1333        14
        电气工程     0.0000    0.0000    0.0000        13
         作物学     0.8333    0.3846    0.5263        13
     控制科学与工程     0.0000    0.0000    0.0000        13
     信息与通信工程     1.0000    0.0769    0.1429        13
        公共管理     0.0000    0.0000    0.0000        13
         建筑学     0.0000    0.0000    0.0000        13
     化学工程与技术     1.0000    0.4167    0.5882        12
          力学     0.0000    0.0000    0.0000        11
        海洋科学     0.0000    0.0000    0.0000        11
     轻工技术与工程     0.0000    0.0000    0.0000        11
        农业工程     0.0000    0.0000    0.0000        10
         园艺学     1.0000    0.1000    0.1818        10
       中西医结合     1.0000    1.0000    1.0000        10
        机械工程     0.0000    0.0000    0.0000         9
       科学技术史     1.0000    0.1250    0.2222         8
     船舶与海洋工程     0.0000    0.0000    0.0000         8
   图书情报与档案管理     1.0000    0.2500    0.4000         8
        植物保护     0.0000    0.0000    0.0000         8
     材料科学与工程     0.0000    0.0000    0.0000         8
         统计学     0.5455    0.7500    0.6316         8
          化学     1.0000    0.2500    0.4000         8
     食品科学与工程     0.0000    0.0000    0.0000         8
          水产     0.0000    0.0000    0.0000         7
          药学     1.0000    0.1429    0.2500         7
     农业资源与环境     0.0000    0.0000    0.0000         7
         世界史     1.0000    0.8571    0.9231         7
        系统科学     0.0000    0.0000    0.0000         7
      农林经济管理     0.0000    0.0000    0.0000         5
       军队指挥学     1.0000    0.2000    0.3333         5
        矿业工程     0.0000    0.0000    0.0000         5
     纺织科学与工程     0.7143    1.0000    0.8333         5
  动力工程及工程热物理     0.0000    0.0000    0.0000         4
        林业工程     0.0000    0.0000    0.0000         4
     仪器科学与技术     0.0000    0.0000    0.0000         3
         战略学     0.0000    0.0000    0.0000         3
   地质资源与地质工程     0.0000    0.0000    0.0000         3
        旅游管理     0.0000    0.0000    0.0000         3
 图书馆、情报与档案管理     0.0000    0.0000    0.0000         2
        冶金工程     0.0000    0.0000    0.0000         2
      核科学与技术     0.0000    0.0000    0.0000         2

   micro avg     0.8525    0.5978    0.7028      3093
   macro avg     0.5788    0.3670    0.4155      3093
weighted avg     0.8068    0.5978    0.6657      3093
 samples avg     0.6982    0.6146    0.6414      3093

