  0%|          | 0/82 [00:00<?, ?it/s]100%|██████████| 82/82 [00:00<00:00, 1169839.89it/s]
Vocabulary Size:  30522
[BertClassifier] use visible_matrix: True
Some weights of the model checkpoint at ./models/ernie2 were not used when initializing ErnieRCNNForMultiLabelSequenceClassification: ['ernie.pooler.dense.bias', 'ernie.pooler.dense.weight']
- This IS expected if you are initializing ErnieRCNNForMultiLabelSequenceClassification from the checkpoint of a model trained on another task or with another architecture (e.g. initializing a BertForSequenceClassification model from a BertForPreTraining model).
- This IS NOT expected if you are initializing ErnieRCNNForMultiLabelSequenceClassification from the checkpoint of a model that you expect to be exactly identical (initializing a BertForSequenceClassification model from a BertForSequenceClassification model).
Some weights of ErnieRCNNForMultiLabelSequenceClassification were not initialized from the model checkpoint at ./models/ernie2 and are newly initialized: ['lstm.weight_ih_l0_reverse', 'lstm.bias_hh_l0_reverse', 'lstm.weight_ih_l1_reverse', 'lstm.bias_ih_l0_reverse', 'lstm.bias_hh_l1', 'lstm.weight_ih_l1', 'lstm.bias_hh_l0', 'lstm.bias_hh_l1_reverse', 'output_layer_1.weight', 'lstm.weight_hh_l0', 'classifier.bias', 'lstm.bias_ih_l1', 'lstm.bias_ih_l0', 'lstm.weight_hh_l1_reverse', 'output_layer_1.bias', 'classifier.weight', 'lstm.bias_ih_l1_reverse', 'lstm.weight_ih_l0', 'lstm.weight_hh_l1', 'lstm.weight_hh_l0_reverse']
You should probably TRAIN this model on a down-stream task to be able to use it for predictions and inference.
1 GPUs are available. Let's use them.
device:  cuda
[KnowledgeGraph] Loading spo from /home/lyq2021/experiment/K-BERT-HUGGINGFACE/brain/kgs/CnDbpedia.spo
Start training.
Loading sentences from ./datasets/book_multilabels_task/train.tsv
There are 9098 sentence in total. We use 1 processes to inject knowledge into sentences.
Progress of process 0: 0/9098
Loading sentences from ./datasets/book_multilabels_task/dev.tsv
There are 2084 sentence in total. We use 1 processes to inject knowledge into sentences.
Progress of process 0: 0/2084
Loading sentences from ./datasets/book_multilabels_task/test.tsv
There are 2067 sentence in total. We use 1 processes to inject knowledge into sentences.
Progress of process 0: 0/2067
Epoch id: 1, Training steps: 100, Avg loss: 0.098, Time: 0:00:47
Epoch id: 1, Training steps: 200, Avg loss: 0.085, Time: 0:01:34
Epoch id: 1, Training steps: 300, Avg loss: 0.091, Time: 0:02:22
Epoch id: 1, Training steps: 400, Avg loss: 0.075, Time: 0:03:09
Epoch id: 1, Training steps: 500, Avg loss: 0.075, Time: 0:03:57
Epoch id: 1, Training steps: 600, Avg loss: 0.066, Time: 0:04:45
Epoch id: 1, Training steps: 700, Avg loss: 0.059, Time: 0:05:33
Start evaluation on dev dataset.
/home/lyq2021/.conda/envs/lyq2021/lib/python3.10/site-packages/sklearn/metrics/_classification.py:1344: UndefinedMetricWarning: Precision is ill-defined and being set to 0.0 in samples with no predicted labels. Use `zero_division` parameter to control this behavior.
  _warn_prf(average, modifier, msg_start, len(result))
Acc. (Correct/Total):  0.00%% Prec: 0.0029 F1: 0.0018
Epoch id: 2, Training steps: 100, Avg loss: 0.061, Time: 0:07:17
Epoch id: 2, Training steps: 200, Avg loss: 0.081, Time: 0:08:05
Epoch id: 2, Training steps: 300, Avg loss: 0.071, Time: 0:08:53
Epoch id: 2, Training steps: 400, Avg loss: 0.067, Time: 0:09:40
Epoch id: 2, Training steps: 500, Avg loss: 0.078, Time: 0:10:28
Epoch id: 2, Training steps: 600, Avg loss: 0.037, Time: 0:11:16
Epoch id: 2, Training steps: 700, Avg loss: 0.052, Time: 0:12:04
Start evaluation on dev dataset.
/home/lyq2021/.conda/envs/lyq2021/lib/python3.10/site-packages/sklearn/metrics/_classification.py:1344: UndefinedMetricWarning: Precision is ill-defined and being set to 0.0 in samples with no predicted labels. Use `zero_division` parameter to control this behavior.
  _warn_prf(average, modifier, msg_start, len(result))
Acc. (Correct/Total):  5.76%% Prec: 0.1140 F1: 0.0948
Start evaluation on test dataset.
torch.Size([3, 512])
/home/lyq2021/.conda/envs/lyq2021/lib/python3.10/site-packages/sklearn/metrics/_classification.py:1344: UndefinedMetricWarning: Precision is ill-defined and being set to 0.0 in samples with no predicted labels. Use `zero_division` parameter to control this behavior.
  _warn_prf(average, modifier, msg_start, len(result))
Acc. (Correct/Total):  4.74%% Prec: 0.1195 F1: 0.0948
Epoch id: 3, Training steps: 100, Avg loss: 0.058, Time: 0:14:18
Epoch id: 3, Training steps: 200, Avg loss: 0.047, Time: 0:15:06
Epoch id: 3, Training steps: 300, Avg loss: 0.058, Time: 0:15:54
Epoch id: 3, Training steps: 400, Avg loss: 0.058, Time: 0:16:41
Epoch id: 3, Training steps: 500, Avg loss: 0.049, Time: 0:17:29
Epoch id: 3, Training steps: 600, Avg loss: 0.061, Time: 0:18:17
Epoch id: 3, Training steps: 700, Avg loss: 0.043, Time: 0:19:05
Start evaluation on dev dataset.
/home/lyq2021/.conda/envs/lyq2021/lib/python3.10/site-packages/sklearn/metrics/_classification.py:1344: UndefinedMetricWarning: Precision is ill-defined and being set to 0.0 in samples with no predicted labels. Use `zero_division` parameter to control this behavior.
  _warn_prf(average, modifier, msg_start, len(result))
Acc. (Correct/Total):  8.21%% Prec: 0.1466 F1: 0.1249
Start evaluation on test dataset.
torch.Size([3, 512])
/home/lyq2021/.conda/envs/lyq2021/lib/python3.10/site-packages/sklearn/metrics/_classification.py:1344: UndefinedMetricWarning: Precision is ill-defined and being set to 0.0 in samples with no predicted labels. Use `zero_division` parameter to control this behavior.
  _warn_prf(average, modifier, msg_start, len(result))
Acc. (Correct/Total):  8.90%% Prec: 0.1580 F1: 0.1350
Epoch id: 4, Training steps: 100, Avg loss: 0.036, Time: 0:21:20
Epoch id: 4, Training steps: 200, Avg loss: 0.045, Time: 0:22:08
Epoch id: 4, Training steps: 300, Avg loss: 0.046, Time: 0:22:56
Epoch id: 4, Training steps: 400, Avg loss: 0.020, Time: 0:23:44
Epoch id: 4, Training steps: 500, Avg loss: 0.052, Time: 0:24:32
Epoch id: 4, Training steps: 600, Avg loss: 0.031, Time: 0:25:19
Epoch id: 4, Training steps: 700, Avg loss: 0.079, Time: 0:26:07
Start evaluation on dev dataset.
/home/lyq2021/.conda/envs/lyq2021/lib/python3.10/site-packages/sklearn/metrics/_classification.py:1344: UndefinedMetricWarning: Precision is ill-defined and being set to 0.0 in samples with no predicted labels. Use `zero_division` parameter to control this behavior.
  _warn_prf(average, modifier, msg_start, len(result))
Acc. (Correct/Total):  9.36%% Prec: 0.1444 F1: 0.1280
Start evaluation on test dataset.
torch.Size([3, 512])
/home/lyq2021/.conda/envs/lyq2021/lib/python3.10/site-packages/sklearn/metrics/_classification.py:1344: UndefinedMetricWarning: Precision is ill-defined and being set to 0.0 in samples with no predicted labels. Use `zero_division` parameter to control this behavior.
  _warn_prf(average, modifier, msg_start, len(result))
Acc. (Correct/Total): 10.35%% Prec: 0.1623 F1: 0.1423
Epoch id: 5, Training steps: 100, Avg loss: 0.035, Time: 0:28:23
Epoch id: 5, Training steps: 200, Avg loss: 0.047, Time: 0:29:10
Epoch id: 5, Training steps: 300, Avg loss: 0.039, Time: 0:29:58
Epoch id: 5, Training steps: 400, Avg loss: 0.045, Time: 0:30:46
Epoch id: 5, Training steps: 500, Avg loss: 0.033, Time: 0:31:34
Epoch id: 5, Training steps: 600, Avg loss: 0.034, Time: 0:32:22
Epoch id: 5, Training steps: 700, Avg loss: 0.042, Time: 0:33:09
Start evaluation on dev dataset.
/home/lyq2021/.conda/envs/lyq2021/lib/python3.10/site-packages/sklearn/metrics/_classification.py:1344: UndefinedMetricWarning: Precision is ill-defined and being set to 0.0 in samples with no predicted labels. Use `zero_division` parameter to control this behavior.
  _warn_prf(average, modifier, msg_start, len(result))
Acc. (Correct/Total): 10.08%% Prec: 0.1658 F1: 0.1452
Start evaluation on test dataset.
torch.Size([3, 512])
/home/lyq2021/.conda/envs/lyq2021/lib/python3.10/site-packages/sklearn/metrics/_classification.py:1344: UndefinedMetricWarning: Precision is ill-defined and being set to 0.0 in samples with no predicted labels. Use `zero_division` parameter to control this behavior.
  _warn_prf(average, modifier, msg_start, len(result))
Acc. (Correct/Total): 10.79%% Prec: 0.1766 F1: 0.1538
Epoch id: 6, Training steps: 100, Avg loss: 0.041, Time: 0:35:25
Epoch id: 6, Training steps: 200, Avg loss: 0.042, Time: 0:36:13
Epoch id: 6, Training steps: 300, Avg loss: 0.033, Time: 0:37:01
Epoch id: 6, Training steps: 400, Avg loss: 0.048, Time: 0:37:49
Epoch id: 6, Training steps: 500, Avg loss: 0.033, Time: 0:38:37
Epoch id: 6, Training steps: 600, Avg loss: 0.029, Time: 0:39:25
Epoch id: 6, Training steps: 700, Avg loss: 0.033, Time: 0:40:12
Start evaluation on dev dataset.
/home/lyq2021/.conda/envs/lyq2021/lib/python3.10/site-packages/sklearn/metrics/_classification.py:1344: UndefinedMetricWarning: Precision is ill-defined and being set to 0.0 in samples with no predicted labels. Use `zero_division` parameter to control this behavior.
  _warn_prf(average, modifier, msg_start, len(result))
Acc. (Correct/Total): 13.00%% Prec: 0.2133 F1: 0.1869
Start evaluation on test dataset.
torch.Size([3, 512])
/home/lyq2021/.conda/envs/lyq2021/lib/python3.10/site-packages/sklearn/metrics/_classification.py:1344: UndefinedMetricWarning: Precision is ill-defined and being set to 0.0 in samples with no predicted labels. Use `zero_division` parameter to control this behavior.
  _warn_prf(average, modifier, msg_start, len(result))
Acc. (Correct/Total): 12.53%% Prec: 0.2146 F1: 0.1851
Epoch id: 7, Training steps: 100, Avg loss: 0.025, Time: 0:42:28
Epoch id: 7, Training steps: 200, Avg loss: 0.010, Time: 0:43:16
Epoch id: 7, Training steps: 300, Avg loss: 0.050, Time: 0:44:04
Epoch id: 7, Training steps: 400, Avg loss: 0.024, Time: 0:44:52
Epoch id: 7, Training steps: 500, Avg loss: 0.041, Time: 0:45:40
Epoch id: 7, Training steps: 600, Avg loss: 0.050, Time: 0:46:28
Epoch id: 7, Training steps: 700, Avg loss: 0.059, Time: 0:47:16
Start evaluation on dev dataset.
/home/lyq2021/.conda/envs/lyq2021/lib/python3.10/site-packages/sklearn/metrics/_classification.py:1344: UndefinedMetricWarning: Precision is ill-defined and being set to 0.0 in samples with no predicted labels. Use `zero_division` parameter to control this behavior.
  _warn_prf(average, modifier, msg_start, len(result))
Acc. (Correct/Total): 13.20%% Prec: 0.2291 F1: 0.1974
Start evaluation on test dataset.
torch.Size([3, 512])
/home/lyq2021/.conda/envs/lyq2021/lib/python3.10/site-packages/sklearn/metrics/_classification.py:1344: UndefinedMetricWarning: Precision is ill-defined and being set to 0.0 in samples with no predicted labels. Use `zero_division` parameter to control this behavior.
  _warn_prf(average, modifier, msg_start, len(result))
Acc. (Correct/Total): 15.92%% Prec: 0.2576 F1: 0.2251
Epoch id: 8, Training steps: 100, Avg loss: 0.040, Time: 0:49:32
Epoch id: 8, Training steps: 200, Avg loss: 0.031, Time: 0:50:20
Epoch id: 8, Training steps: 300, Avg loss: 0.028, Time: 0:51:08
Epoch id: 8, Training steps: 400, Avg loss: 0.013, Time: 0:51:56
Epoch id: 8, Training steps: 500, Avg loss: 0.062, Time: 0:52:44
Epoch id: 8, Training steps: 600, Avg loss: 0.025, Time: 0:53:31
Epoch id: 8, Training steps: 700, Avg loss: 0.021, Time: 0:54:19
Start evaluation on dev dataset.
/home/lyq2021/.conda/envs/lyq2021/lib/python3.10/site-packages/sklearn/metrics/_classification.py:1344: UndefinedMetricWarning: Precision is ill-defined and being set to 0.0 in samples with no predicted labels. Use `zero_division` parameter to control this behavior.
  _warn_prf(average, modifier, msg_start, len(result))
Acc. (Correct/Total): 17.66%% Prec: 0.2908 F1: 0.2541
Start evaluation on test dataset.
torch.Size([3, 512])
/home/lyq2021/.conda/envs/lyq2021/lib/python3.10/site-packages/sklearn/metrics/_classification.py:1344: UndefinedMetricWarning: Precision is ill-defined and being set to 0.0 in samples with no predicted labels. Use `zero_division` parameter to control this behavior.
  _warn_prf(average, modifier, msg_start, len(result))
Acc. (Correct/Total): 19.88%% Prec: 0.3191 F1: 0.2790
Epoch id: 9, Training steps: 100, Avg loss: 0.024, Time: 0:56:35
Epoch id: 9, Training steps: 200, Avg loss: 0.034, Time: 0:57:23
Epoch id: 9, Training steps: 300, Avg loss: 0.034, Time: 0:58:11
Epoch id: 9, Training steps: 400, Avg loss: 0.022, Time: 0:58:58
Epoch id: 9, Training steps: 500, Avg loss: 0.030, Time: 0:59:46
Epoch id: 9, Training steps: 600, Avg loss: 0.035, Time: 1:00:34
Epoch id: 9, Training steps: 700, Avg loss: 0.027, Time: 1:01:22
Start evaluation on dev dataset.
/home/lyq2021/.conda/envs/lyq2021/lib/python3.10/site-packages/sklearn/metrics/_classification.py:1344: UndefinedMetricWarning: Precision is ill-defined and being set to 0.0 in samples with no predicted labels. Use `zero_division` parameter to control this behavior.
  _warn_prf(average, modifier, msg_start, len(result))
Acc. (Correct/Total): 16.07%% Prec: 0.2762 F1: 0.2397
Epoch id: 10, Training steps: 100, Avg loss: 0.024, Time: 1:03:06
Epoch id: 10, Training steps: 200, Avg loss: 0.010, Time: 1:03:54
Epoch id: 10, Training steps: 300, Avg loss: 0.017, Time: 1:04:42
Epoch id: 10, Training steps: 400, Avg loss: 0.023, Time: 1:05:30
Epoch id: 10, Training steps: 500, Avg loss: 0.021, Time: 1:06:18
Epoch id: 10, Training steps: 600, Avg loss: 0.037, Time: 1:07:06
Epoch id: 10, Training steps: 700, Avg loss: 0.016, Time: 1:07:53
Start evaluation on dev dataset.
/home/lyq2021/.conda/envs/lyq2021/lib/python3.10/site-packages/sklearn/metrics/_classification.py:1344: UndefinedMetricWarning: Precision is ill-defined and being set to 0.0 in samples with no predicted labels. Use `zero_division` parameter to control this behavior.
  _warn_prf(average, modifier, msg_start, len(result))
Acc. (Correct/Total): 19.39%% Prec: 0.3325 F1: 0.2900
Start evaluation on test dataset.
torch.Size([3, 512])
/home/lyq2021/.conda/envs/lyq2021/lib/python3.10/site-packages/sklearn/metrics/_classification.py:1344: UndefinedMetricWarning: Precision is ill-defined and being set to 0.0 in samples with no predicted labels. Use `zero_division` parameter to control this behavior.
  _warn_prf(average, modifier, msg_start, len(result))
Acc. (Correct/Total): 19.98%% Prec: 0.3585 F1: 0.3069
Epoch id: 11, Training steps: 100, Avg loss: 0.015, Time: 1:10:09
Epoch id: 11, Training steps: 200, Avg loss: 0.024, Time: 1:10:56
Epoch id: 11, Training steps: 300, Avg loss: 0.044, Time: 1:11:44
Epoch id: 11, Training steps: 400, Avg loss: 0.020, Time: 1:12:32
Epoch id: 11, Training steps: 500, Avg loss: 0.011, Time: 1:13:20
Epoch id: 11, Training steps: 600, Avg loss: 0.025, Time: 1:14:08
Epoch id: 11, Training steps: 700, Avg loss: 0.022, Time: 1:14:55
Start evaluation on dev dataset.
/home/lyq2021/.conda/envs/lyq2021/lib/python3.10/site-packages/sklearn/metrics/_classification.py:1344: UndefinedMetricWarning: Precision is ill-defined and being set to 0.0 in samples with no predicted labels. Use `zero_division` parameter to control this behavior.
  _warn_prf(average, modifier, msg_start, len(result))
Acc. (Correct/Total): 17.23%% Prec: 0.3085 F1: 0.2666
Epoch id: 12, Training steps: 100, Avg loss: 0.022, Time: 1:16:40
Epoch id: 12, Training steps: 200, Avg loss: 0.019, Time: 1:17:28
Epoch id: 12, Training steps: 300, Avg loss: 0.014, Time: 1:18:16
Epoch id: 12, Training steps: 400, Avg loss: 0.014, Time: 1:19:04
Epoch id: 12, Training steps: 500, Avg loss: 0.021, Time: 1:19:52
Epoch id: 12, Training steps: 600, Avg loss: 0.012, Time: 1:20:39
Epoch id: 12, Training steps: 700, Avg loss: 0.013, Time: 1:21:27
Start evaluation on dev dataset.
/home/lyq2021/.conda/envs/lyq2021/lib/python3.10/site-packages/sklearn/metrics/_classification.py:1344: UndefinedMetricWarning: Precision is ill-defined and being set to 0.0 in samples with no predicted labels. Use `zero_division` parameter to control this behavior.
  _warn_prf(average, modifier, msg_start, len(result))
Acc. (Correct/Total): 23.27%% Prec: 0.3911 F1: 0.3424
Start evaluation on test dataset.
torch.Size([3, 512])
/home/lyq2021/.conda/envs/lyq2021/lib/python3.10/site-packages/sklearn/metrics/_classification.py:1344: UndefinedMetricWarning: Precision is ill-defined and being set to 0.0 in samples with no predicted labels. Use `zero_division` parameter to control this behavior.
  _warn_prf(average, modifier, msg_start, len(result))
Acc. (Correct/Total): 26.32%% Prec: 0.4221 F1: 0.3720
Epoch id: 13, Training steps: 100, Avg loss: 0.014, Time: 1:23:42
Epoch id: 13, Training steps: 200, Avg loss: 0.011, Time: 1:24:30
Epoch id: 13, Training steps: 300, Avg loss: 0.012, Time: 1:25:18
Epoch id: 13, Training steps: 400, Avg loss: 0.008, Time: 1:26:06
Epoch id: 13, Training steps: 500, Avg loss: 0.016, Time: 1:26:54
Epoch id: 13, Training steps: 600, Avg loss: 0.016, Time: 1:27:42
Epoch id: 13, Training steps: 700, Avg loss: 0.027, Time: 1:28:30
Start evaluation on dev dataset.
/home/lyq2021/.conda/envs/lyq2021/lib/python3.10/site-packages/sklearn/metrics/_classification.py:1344: UndefinedMetricWarning: Precision is ill-defined and being set to 0.0 in samples with no predicted labels. Use `zero_division` parameter to control this behavior.
  _warn_prf(average, modifier, msg_start, len(result))
Acc. (Correct/Total): 22.26%% Prec: 0.3719 F1: 0.3260
Epoch id: 14, Training steps: 100, Avg loss: 0.019, Time: 1:30:15
Epoch id: 14, Training steps: 200, Avg loss: 0.034, Time: 1:31:03
Epoch id: 14, Training steps: 300, Avg loss: 0.010, Time: 1:31:51
Epoch id: 14, Training steps: 400, Avg loss: 0.024, Time: 1:32:39
Epoch id: 14, Training steps: 500, Avg loss: 0.032, Time: 1:33:26
Epoch id: 14, Training steps: 600, Avg loss: 0.005, Time: 1:34:14
Epoch id: 14, Training steps: 700, Avg loss: 0.006, Time: 1:35:02
Start evaluation on dev dataset.
/home/lyq2021/.conda/envs/lyq2021/lib/python3.10/site-packages/sklearn/metrics/_classification.py:1344: UndefinedMetricWarning: Precision is ill-defined and being set to 0.0 in samples with no predicted labels. Use `zero_division` parameter to control this behavior.
  _warn_prf(average, modifier, msg_start, len(result))
Acc. (Correct/Total): 24.14%% Prec: 0.3958 F1: 0.3497
Start evaluation on test dataset.
torch.Size([3, 512])
/home/lyq2021/.conda/envs/lyq2021/lib/python3.10/site-packages/sklearn/metrics/_classification.py:1344: UndefinedMetricWarning: Precision is ill-defined and being set to 0.0 in samples with no predicted labels. Use `zero_division` parameter to control this behavior.
  _warn_prf(average, modifier, msg_start, len(result))
Acc. (Correct/Total): 27.38%% Prec: 0.4173 F1: 0.3735
Epoch id: 15, Training steps: 100, Avg loss: 0.009, Time: 1:37:18
Epoch id: 15, Training steps: 200, Avg loss: 0.011, Time: 1:38:05
Epoch id: 15, Training steps: 300, Avg loss: 0.015, Time: 1:38:53
Epoch id: 15, Training steps: 400, Avg loss: 0.016, Time: 1:39:41
Epoch id: 15, Training steps: 500, Avg loss: 0.015, Time: 1:40:29
Epoch id: 15, Training steps: 600, Avg loss: 0.017, Time: 1:41:17
Epoch id: 15, Training steps: 700, Avg loss: 0.017, Time: 1:42:04
Start evaluation on dev dataset.
/home/lyq2021/.conda/envs/lyq2021/lib/python3.10/site-packages/sklearn/metrics/_classification.py:1344: UndefinedMetricWarning: Precision is ill-defined and being set to 0.0 in samples with no predicted labels. Use `zero_division` parameter to control this behavior.
  _warn_prf(average, modifier, msg_start, len(result))
Acc. (Correct/Total): 25.58%% Prec: 0.4040 F1: 0.3644
Start evaluation on test dataset.
torch.Size([3, 512])
/home/lyq2021/.conda/envs/lyq2021/lib/python3.10/site-packages/sklearn/metrics/_classification.py:1344: UndefinedMetricWarning: Precision is ill-defined and being set to 0.0 in samples with no predicted labels. Use `zero_division` parameter to control this behavior.
  _warn_prf(average, modifier, msg_start, len(result))
Acc. (Correct/Total): 27.77%% Prec: 0.4340 F1: 0.3907
Epoch id: 16, Training steps: 100, Avg loss: 0.013, Time: 1:44:20
Epoch id: 16, Training steps: 200, Avg loss: 0.006, Time: 1:45:08
Epoch id: 16, Training steps: 300, Avg loss: 0.015, Time: 1:45:55
Epoch id: 16, Training steps: 400, Avg loss: 0.013, Time: 1:46:43
Epoch id: 16, Training steps: 500, Avg loss: 0.012, Time: 1:47:31
Epoch id: 16, Training steps: 600, Avg loss: 0.014, Time: 1:48:18
Epoch id: 16, Training steps: 700, Avg loss: 0.009, Time: 1:49:05
Start evaluation on dev dataset.
/home/lyq2021/.conda/envs/lyq2021/lib/python3.10/site-packages/sklearn/metrics/_classification.py:1344: UndefinedMetricWarning: Precision is ill-defined and being set to 0.0 in samples with no predicted labels. Use `zero_division` parameter to control this behavior.
  _warn_prf(average, modifier, msg_start, len(result))
Acc. (Correct/Total): 23.46%% Prec: 0.3920 F1: 0.3482
Epoch id: 17, Training steps: 100, Avg loss: 0.010, Time: 1:50:49
Epoch id: 17, Training steps: 200, Avg loss: 0.015, Time: 1:51:36
Epoch id: 17, Training steps: 300, Avg loss: 0.003, Time: 1:52:24
Epoch id: 17, Training steps: 400, Avg loss: 0.013, Time: 1:53:12
Epoch id: 17, Training steps: 500, Avg loss: 0.015, Time: 1:54:00
Epoch id: 17, Training steps: 600, Avg loss: 0.011, Time: 1:54:48
Epoch id: 17, Training steps: 700, Avg loss: 0.016, Time: 1:55:35
Start evaluation on dev dataset.
/home/lyq2021/.conda/envs/lyq2021/lib/python3.10/site-packages/sklearn/metrics/_classification.py:1344: UndefinedMetricWarning: Precision is ill-defined and being set to 0.0 in samples with no predicted labels. Use `zero_division` parameter to control this behavior.
  _warn_prf(average, modifier, msg_start, len(result))
Acc. (Correct/Total): 22.60%% Prec: 0.3792 F1: 0.3357
Epoch id: 18, Training steps: 100, Avg loss: 0.006, Time: 1:57:20
Epoch id: 18, Training steps: 200, Avg loss: 0.002, Time: 1:58:08
Epoch id: 18, Training steps: 300, Avg loss: 0.014, Time: 1:58:55
Epoch id: 18, Training steps: 400, Avg loss: 0.018, Time: 1:59:43
Epoch id: 18, Training steps: 500, Avg loss: 0.008, Time: 2:00:31
Epoch id: 18, Training steps: 600, Avg loss: 0.014, Time: 2:01:18
Epoch id: 18, Training steps: 700, Avg loss: 0.010, Time: 2:02:06
Start evaluation on dev dataset.
/home/lyq2021/.conda/envs/lyq2021/lib/python3.10/site-packages/sklearn/metrics/_classification.py:1344: UndefinedMetricWarning: Precision is ill-defined and being set to 0.0 in samples with no predicted labels. Use `zero_division` parameter to control this behavior.
  _warn_prf(average, modifier, msg_start, len(result))
Acc. (Correct/Total): 25.91%% Prec: 0.4173 F1: 0.3784
Start evaluation on test dataset.
torch.Size([3, 512])
/home/lyq2021/.conda/envs/lyq2021/lib/python3.10/site-packages/sklearn/metrics/_classification.py:1344: UndefinedMetricWarning: Precision is ill-defined and being set to 0.0 in samples with no predicted labels. Use `zero_division` parameter to control this behavior.
  _warn_prf(average, modifier, msg_start, len(result))
Acc. (Correct/Total): 29.75%% Prec: 0.4511 F1: 0.4151
Epoch id: 19, Training steps: 100, Avg loss: 0.012, Time: 2:04:22
Epoch id: 19, Training steps: 200, Avg loss: 0.009, Time: 2:05:10
Epoch id: 19, Training steps: 300, Avg loss: 0.003, Time: 2:05:58
Epoch id: 19, Training steps: 400, Avg loss: 0.010, Time: 2:06:46
Epoch id: 19, Training steps: 500, Avg loss: 0.007, Time: 2:07:33
Epoch id: 19, Training steps: 600, Avg loss: 0.015, Time: 2:08:21
Epoch id: 19, Training steps: 700, Avg loss: 0.013, Time: 2:09:09
Start evaluation on dev dataset.
/home/lyq2021/.conda/envs/lyq2021/lib/python3.10/site-packages/sklearn/metrics/_classification.py:1344: UndefinedMetricWarning: Precision is ill-defined and being set to 0.0 in samples with no predicted labels. Use `zero_division` parameter to control this behavior.
  _warn_prf(average, modifier, msg_start, len(result))
Acc. (Correct/Total): 26.15%% Prec: 0.4181 F1: 0.3766
Start evaluation on test dataset.
torch.Size([3, 512])
/home/lyq2021/.conda/envs/lyq2021/lib/python3.10/site-packages/sklearn/metrics/_classification.py:1344: UndefinedMetricWarning: Precision is ill-defined and being set to 0.0 in samples with no predicted labels. Use `zero_division` parameter to control this behavior.
  _warn_prf(average, modifier, msg_start, len(result))
Acc. (Correct/Total): 29.70%% Prec: 0.4517 F1: 0.4088
Epoch id: 20, Training steps: 100, Avg loss: 0.009, Time: 2:11:25
Epoch id: 20, Training steps: 200, Avg loss: 0.007, Time: 2:12:13
Epoch id: 20, Training steps: 300, Avg loss: 0.004, Time: 2:13:01
Epoch id: 20, Training steps: 400, Avg loss: 0.008, Time: 2:13:49
Epoch id: 20, Training steps: 500, Avg loss: 0.008, Time: 2:14:36
Epoch id: 20, Training steps: 600, Avg loss: 0.009, Time: 2:15:24
Epoch id: 20, Training steps: 700, Avg loss: 0.004, Time: 2:16:12
Start evaluation on dev dataset.
/home/lyq2021/.conda/envs/lyq2021/lib/python3.10/site-packages/sklearn/metrics/_classification.py:1344: UndefinedMetricWarning: Precision is ill-defined and being set to 0.0 in samples with no predicted labels. Use `zero_division` parameter to control this behavior.
  _warn_prf(average, modifier, msg_start, len(result))
Acc. (Correct/Total): 25.10%% Prec: 0.4042 F1: 0.3641
Final evaluation on the test dataset.
The number of evaluation instances:  2067
torch.Size([3, 512])
/home/lyq2021/.conda/envs/lyq2021/lib/python3.10/site-packages/sklearn/metrics/_classification.py:1344: UndefinedMetricWarning: Precision is ill-defined and being set to 0.0 in samples with no predicted labels. Use `zero_division` parameter to control this behavior.
  _warn_prf(average, modifier, msg_start, len(result))
/home/lyq2021/.conda/envs/lyq2021/lib/python3.10/site-packages/sklearn/metrics/_classification.py:1344: UndefinedMetricWarning: Precision and F-score are ill-defined and being set to 0.0 in labels with no predicted samples. Use `zero_division` parameter to control this behavior.
  _warn_prf(average, modifier, msg_start, len(result))
/home/lyq2021/.conda/envs/lyq2021/lib/python3.10/site-packages/sklearn/metrics/_classification.py:1344: UndefinedMetricWarning: Precision and F-score are ill-defined and being set to 0.0 in samples with no predicted labels. Use `zero_division` parameter to control this behavior.
  _warn_prf(average, modifier, msg_start, len(result))
Acc. (Correct/Total): 29.70% Prec: 0.4517 F1: 0.4088
Precision, Recall and F1-Score...
              precision    recall  f1-score   support

         教育学     0.8200    0.6805    0.7438       241
          法学     0.7883    0.4821    0.5983       224
      中国语言文学     0.5714    0.3892    0.4630       185
         政治学     0.7742    0.2945    0.4267       163
         社会学     0.8333    0.4459    0.5809       157
         心理学     0.7049    0.3496    0.4674       123
       应用经济学     0.5208    0.2137    0.3030       117
         历史学     0.6709    0.4862    0.5638       109
     环境科学与工程     0.6757    0.4630    0.5495       108
          哲学     0.3523    0.3196    0.3351        97
      外国语言文学     0.7288    0.5059    0.5972        85
         生物学     0.4267    0.4051    0.4156        79
      交通运输工程     0.5806    0.2308    0.3303        78
        临床医学     0.5833    0.3684    0.4516        76
    计算机科学与技术     0.6042    0.4085    0.4874        71
        土木工程     0.5882    0.1515    0.2410        66
   航空宇航科学与技术     0.6600    0.5410    0.5946        61
         民族学     0.4237    0.4545    0.4386        55
   公共卫生与预防医学     0.6304    0.5686    0.5979        51
         美术学     0.7778    0.2800    0.4118        50
         艺术学     0.6296    0.3953    0.4857        43
         地理学     0.6000    0.3571    0.4478        42
         体育学     0.2692    0.1750    0.2121        40
       理论经济学     0.3214    0.2368    0.2727        38
         中医学     0.7727    0.4595    0.5763        37
         物理学     0.5500    0.3056    0.3929        36
          林学     0.7143    0.3030    0.4255        33
          数学     0.2500    0.2500    0.2500        32
     电子科学与技术     0.3636    0.1290    0.1905        31
        基础医学     0.1667    0.1724    0.1695        29
        工商管理     0.5000    0.1852    0.2703        27
       新闻传播学     0.6364    0.3182    0.4242        22
         天文学     0.5909    0.5909    0.5909        22
         地质学     0.6000    0.4286    0.5000        21
         畜牧学     0.4444    0.3810    0.4103        21
   军事思想及军事历史     0.5882    0.5000    0.5405        20
     管理科学与工程     0.5294    0.5000    0.5143        18
     测绘科学与技术     0.7500    0.3529    0.4800        17
        水利工程     0.6250    0.3125    0.4167        16
        大气科学     1.0000    0.0625    0.1176        16
     兵器科学与技术     0.6667    0.5333    0.5926        15
       地球物理学     0.3333    0.1429    0.2000        14
        电气工程     0.5000    0.0769    0.1333        13
         作物学     0.0000    0.0000    0.0000        13
     控制科学与工程     0.3333    0.1538    0.2105        13
     信息与通信工程     0.4000    0.1538    0.2222        13
        公共管理     0.6000    0.2308    0.3333        13
         建筑学     0.0000    0.0000    0.0000        13
     化学工程与技术     0.7778    0.5833    0.6667        12
          力学     0.0000    0.0000    0.0000        11
        海洋科学     0.6429    0.8182    0.7200        11
     轻工技术与工程     0.5000    0.2727    0.3529        11
        农业工程     0.2000    0.1000    0.1333        10
         园艺学     1.0000    0.2000    0.3333        10
       中西医结合     0.3333    0.1000    0.1538        10
        机械工程     0.5000    0.1111    0.1818         9
       科学技术史     0.5000    0.6250    0.5556         8
     船舶与海洋工程     0.3333    0.1250    0.1818         8
   图书情报与档案管理     0.2500    0.1250    0.1667         8
        植物保护     1.0000    0.2500    0.4000         8
     材料科学与工程     0.0000    0.0000    0.0000         8
         统计学     0.0000    0.0000    0.0000         8
          化学     0.0000    0.0000    0.0000         8
     食品科学与工程     1.0000    0.1250    0.2222         8
          水产     0.4286    0.4286    0.4286         7
          药学     0.6000    0.4286    0.5000         7
     农业资源与环境     0.6000    0.4286    0.5000         7
         世界史     0.6000    0.4286    0.5000         7
        系统科学     0.6667    0.2857    0.4000         7
      农林经济管理     0.5000    0.2000    0.2857         5
       军队指挥学     0.0000    0.0000    0.0000         5
        矿业工程     1.0000    0.2000    0.3333         5
     纺织科学与工程     0.0000    0.0000    0.0000         5
  动力工程及工程热物理     0.0000    0.0000    0.0000         4
        林业工程     0.3333    0.2500    0.2857         4
     仪器科学与技术     0.0000    0.0000    0.0000         3
         战略学     0.0000    0.0000    0.0000         3
   地质资源与地质工程     0.0000    0.0000    0.0000         3
        旅游管理     0.0000    0.0000    0.0000         3
 图书馆、情报与档案管理     0.0000    0.0000    0.0000         2
        冶金工程     0.0000    0.0000    0.0000         2
      核科学与技术     0.0000    0.0000    0.0000         2

   micro avg     0.6139    0.3783    0.4681      3093
   macro avg     0.4661    0.2662    0.3205      3093
weighted avg     0.6124    0.3783    0.4551      3093
 samples avg     0.4517    0.3895    0.4088      3093

