nohup: 忽略输入
  0%|          | 0/82 [00:00<?, ?it/s]100%|██████████| 82/82 [00:00<00:00, 1173832.52it/s]
Vocabulary file line 344 has bad format token
Vocabulary Size:  21128
[BertClassifier] use visible_matrix: False
Some weights of the model checkpoint at ./models/bert were not used when initializing BertForMultiLabelSequenceClassification: ['bert.pooler.dense.bias', 'cls.seq_relationship.bias', 'cls.predictions.transform.dense.bias', 'cls.predictions.decoder.weight', 'cls.predictions.bias', 'cls.predictions.transform.dense.weight', 'cls.seq_relationship.weight', 'bert.pooler.dense.weight', 'cls.predictions.transform.LayerNorm.weight', 'cls.predictions.transform.LayerNorm.bias']
- This IS expected if you are initializing BertForMultiLabelSequenceClassification from the checkpoint of a model trained on another task or with another architecture (e.g. initializing a BertForSequenceClassification model from a BertForPreTraining model).
- This IS NOT expected if you are initializing BertForMultiLabelSequenceClassification from the checkpoint of a model that you expect to be exactly identical (initializing a BertForSequenceClassification model from a BertForSequenceClassification model).
Some weights of BertForMultiLabelSequenceClassification were not initialized from the model checkpoint at ./models/bert and are newly initialized: ['output_layer_2.bias', 'output_layer_1.weight', 'output_layer_1.bias', 'output_layer_2.weight']
You should probably TRAIN this model on a down-stream task to be able to use it for predictions and inference.
2 GPUs are available. Let's use them.
device:  cuda
Start training.
Loading sentences from ./datasets/book_multilabels_task/train.tsv
There are 9098 sentence in total. We use 1 processes to inject knowledge into sentences.
Progress of process 0: 0/9098
Loading sentences from ./datasets/book_multilabels_task/dev.tsv
There are 2084 sentence in total. We use 1 processes to inject knowledge into sentences.
Progress of process 0: 0/2084
Loading sentences from ./datasets/book_multilabels_task/test.tsv
There are 2067 sentence in total. We use 1 processes to inject knowledge into sentences.
Progress of process 0: 0/2067
Epoch id: 1, Training steps: 100, Avg loss: 0.169, Time: 0:00:38
Epoch id: 1, Training steps: 200, Avg loss: 0.110, Time: 0:01:14
Epoch id: 1, Training steps: 300, Avg loss: 0.096, Time: 0:01:50
Epoch id: 1, Training steps: 400, Avg loss: 0.084, Time: 0:02:26
Epoch id: 1, Training steps: 500, Avg loss: 0.082, Time: 0:03:03
Start evaluation on dev dataset.
/home/lyq2021/.conda/envs/lyq2021/lib/python3.10/site-packages/sklearn/metrics/_classification.py:1344: UndefinedMetricWarning: Precision is ill-defined and being set to 0.0 in samples with no predicted labels. Use `zero_division` parameter to control this behavior.
  _warn_prf(average, modifier, msg_start, len(result))
Acc. (Correct/Total): 0.0000 (167799/2084) Prec: 0.0000 F1: 0.0000
Epoch id: 2, Training steps: 100, Avg loss: 0.080, Time: 0:04:22
Epoch id: 2, Training steps: 200, Avg loss: 0.071, Time: 0:04:59
Epoch id: 2, Training steps: 300, Avg loss: 0.070, Time: 0:05:35
Epoch id: 2, Training steps: 400, Avg loss: 0.060, Time: 0:06:12
Epoch id: 2, Training steps: 500, Avg loss: 0.060, Time: 0:06:49
Start evaluation on dev dataset.
/home/lyq2021/.conda/envs/lyq2021/lib/python3.10/site-packages/sklearn/metrics/_classification.py:1344: UndefinedMetricWarning: Precision is ill-defined and being set to 0.0 in samples with no predicted labels. Use `zero_division` parameter to control this behavior.
  _warn_prf(average, modifier, msg_start, len(result))
Acc. (Correct/Total): 0.0000 (167799/2084) Prec: 0.0000 F1: 0.0000
Epoch id: 3, Training steps: 100, Avg loss: 0.062, Time: 0:08:08
Epoch id: 3, Training steps: 200, Avg loss: 0.046, Time: 0:08:44
Epoch id: 3, Training steps: 300, Avg loss: 0.048, Time: 0:09:21
Epoch id: 3, Training steps: 400, Avg loss: 0.034, Time: 0:09:57
Epoch id: 3, Training steps: 500, Avg loss: 0.039, Time: 0:10:34
Start evaluation on dev dataset.
/home/lyq2021/.conda/envs/lyq2021/lib/python3.10/site-packages/sklearn/metrics/_classification.py:1344: UndefinedMetricWarning: Precision is ill-defined and being set to 0.0 in samples with no predicted labels. Use `zero_division` parameter to control this behavior.
  _warn_prf(average, modifier, msg_start, len(result))
Acc. (Correct/Total): 0.0355 (167979/2084) Prec: 0.1022 F1: 0.0795
Start evaluation on test dataset.
/home/lyq2021/.conda/envs/lyq2021/lib/python3.10/site-packages/sklearn/metrics/_classification.py:1344: UndefinedMetricWarning: Precision is ill-defined and being set to 0.0 in samples with no predicted labels. Use `zero_division` parameter to control this behavior.
  _warn_prf(average, modifier, msg_start, len(result))
Acc. (Correct/Total): 0.0339 (166624/2067) Prec: 0.1272 F1: 0.0956
Epoch id: 4, Training steps: 100, Avg loss: 0.042, Time: 0:12:12
Epoch id: 4, Training steps: 200, Avg loss: 0.039, Time: 0:12:49
Epoch id: 4, Training steps: 300, Avg loss: 0.043, Time: 0:13:26
Epoch id: 4, Training steps: 400, Avg loss: 0.030, Time: 0:14:02
Epoch id: 4, Training steps: 500, Avg loss: 0.031, Time: 0:14:39
Start evaluation on dev dataset.
/home/lyq2021/.conda/envs/lyq2021/lib/python3.10/site-packages/sklearn/metrics/_classification.py:1344: UndefinedMetricWarning: Precision is ill-defined and being set to 0.0 in samples with no predicted labels. Use `zero_division` parameter to control this behavior.
  _warn_prf(average, modifier, msg_start, len(result))
Acc. (Correct/Total): 0.1670 (168418/2084) Prec: 0.2711 F1: 0.2364
Start evaluation on test dataset.
/home/lyq2021/.conda/envs/lyq2021/lib/python3.10/site-packages/sklearn/metrics/_classification.py:1344: UndefinedMetricWarning: Precision is ill-defined and being set to 0.0 in samples with no predicted labels. Use `zero_division` parameter to control this behavior.
  _warn_prf(average, modifier, msg_start, len(result))
Acc. (Correct/Total): 0.1838 (167164/2067) Prec: 0.2985 F1: 0.2606
Epoch id: 5, Training steps: 100, Avg loss: 0.031, Time: 0:16:17
Epoch id: 5, Training steps: 200, Avg loss: 0.022, Time: 0:16:54
Epoch id: 5, Training steps: 300, Avg loss: 0.024, Time: 0:17:30
Epoch id: 5, Training steps: 400, Avg loss: 0.025, Time: 0:18:07
Epoch id: 5, Training steps: 500, Avg loss: 0.021, Time: 0:18:44
Start evaluation on dev dataset.
/home/lyq2021/.conda/envs/lyq2021/lib/python3.10/site-packages/sklearn/metrics/_classification.py:1344: UndefinedMetricWarning: Precision is ill-defined and being set to 0.0 in samples with no predicted labels. Use `zero_division` parameter to control this behavior.
  _warn_prf(average, modifier, msg_start, len(result))
Acc. (Correct/Total): 0.2932 (168761/2084) Prec: 0.4479 F1: 0.3974
Start evaluation on test dataset.
/home/lyq2021/.conda/envs/lyq2021/lib/python3.10/site-packages/sklearn/metrics/_classification.py:1344: UndefinedMetricWarning: Precision is ill-defined and being set to 0.0 in samples with no predicted labels. Use `zero_division` parameter to control this behavior.
  _warn_prf(average, modifier, msg_start, len(result))
Acc. (Correct/Total): 0.3416 (167598/2067) Prec: 0.5077 F1: 0.4537
Epoch id: 6, Training steps: 100, Avg loss: 0.027, Time: 0:20:22
Epoch id: 6, Training steps: 200, Avg loss: 0.018, Time: 0:20:59
Epoch id: 6, Training steps: 300, Avg loss: 0.017, Time: 0:21:35
Epoch id: 6, Training steps: 400, Avg loss: 0.024, Time: 0:22:12
Epoch id: 6, Training steps: 500, Avg loss: 0.023, Time: 0:22:49
Start evaluation on dev dataset.
/home/lyq2021/.conda/envs/lyq2021/lib/python3.10/site-packages/sklearn/metrics/_classification.py:1344: UndefinedMetricWarning: Precision is ill-defined and being set to 0.0 in samples with no predicted labels. Use `zero_division` parameter to control this behavior.
  _warn_prf(average, modifier, msg_start, len(result))
Acc. (Correct/Total): 0.3949 (169012/2084) Prec: 0.5830 F1: 0.5225
Start evaluation on test dataset.
/home/lyq2021/.conda/envs/lyq2021/lib/python3.10/site-packages/sklearn/metrics/_classification.py:1344: UndefinedMetricWarning: Precision is ill-defined and being set to 0.0 in samples with no predicted labels. Use `zero_division` parameter to control this behavior.
  _warn_prf(average, modifier, msg_start, len(result))
Acc. (Correct/Total): 0.4470 (167845/2067) Prec: 0.6343 F1: 0.5741
Epoch id: 7, Training steps: 100, Avg loss: 0.016, Time: 0:24:27
Epoch id: 7, Training steps: 200, Avg loss: 0.015, Time: 0:25:04
Epoch id: 7, Training steps: 300, Avg loss: 0.020, Time: 0:25:40
Epoch id: 7, Training steps: 400, Avg loss: 0.022, Time: 0:26:17
Epoch id: 7, Training steps: 500, Avg loss: 0.016, Time: 0:26:53
Start evaluation on dev dataset.
/home/lyq2021/.conda/envs/lyq2021/lib/python3.10/site-packages/sklearn/metrics/_classification.py:1344: UndefinedMetricWarning: Precision is ill-defined and being set to 0.0 in samples with no predicted labels. Use `zero_division` parameter to control this behavior.
  _warn_prf(average, modifier, msg_start, len(result))
Acc. (Correct/Total): 0.3954 (169046/2084) Prec: 0.5825 F1: 0.5227
Epoch id: 8, Training steps: 100, Avg loss: 0.019, Time: 0:28:13
Epoch id: 8, Training steps: 200, Avg loss: 0.017, Time: 0:28:49
Epoch id: 8, Training steps: 300, Avg loss: 0.013, Time: 0:29:26
Epoch id: 8, Training steps: 400, Avg loss: 0.016, Time: 0:30:03
Epoch id: 8, Training steps: 500, Avg loss: 0.018, Time: 0:30:39
Start evaluation on dev dataset.
/home/lyq2021/.conda/envs/lyq2021/lib/python3.10/site-packages/sklearn/metrics/_classification.py:1344: UndefinedMetricWarning: Precision is ill-defined and being set to 0.0 in samples with no predicted labels. Use `zero_division` parameter to control this behavior.
  _warn_prf(average, modifier, msg_start, len(result))
Acc. (Correct/Total): 0.4515 (169174/2084) Prec: 0.6504 F1: 0.5872
Start evaluation on test dataset.
/home/lyq2021/.conda/envs/lyq2021/lib/python3.10/site-packages/sklearn/metrics/_classification.py:1344: UndefinedMetricWarning: Precision is ill-defined and being set to 0.0 in samples with no predicted labels. Use `zero_division` parameter to control this behavior.
  _warn_prf(average, modifier, msg_start, len(result))
Acc. (Correct/Total): 0.5017 (168027/2067) Prec: 0.7037 F1: 0.6397
Epoch id: 9, Training steps: 100, Avg loss: 0.020, Time: 0:32:18
Epoch id: 9, Training steps: 200, Avg loss: 0.010, Time: 0:32:54
Epoch id: 9, Training steps: 300, Avg loss: 0.017, Time: 0:33:30
Epoch id: 9, Training steps: 400, Avg loss: 0.007, Time: 0:34:07
Epoch id: 9, Training steps: 500, Avg loss: 0.013, Time: 0:34:44
Start evaluation on dev dataset.
/home/lyq2021/.conda/envs/lyq2021/lib/python3.10/site-packages/sklearn/metrics/_classification.py:1344: UndefinedMetricWarning: Precision is ill-defined and being set to 0.0 in samples with no predicted labels. Use `zero_division` parameter to control this behavior.
  _warn_prf(average, modifier, msg_start, len(result))
Acc. (Correct/Total): 0.4803 (169237/2084) Prec: 0.6740 F1: 0.6154
Start evaluation on test dataset.
/home/lyq2021/.conda/envs/lyq2021/lib/python3.10/site-packages/sklearn/metrics/_classification.py:1344: UndefinedMetricWarning: Precision is ill-defined and being set to 0.0 in samples with no predicted labels. Use `zero_division` parameter to control this behavior.
  _warn_prf(average, modifier, msg_start, len(result))
Acc. (Correct/Total): 0.5177 (168019/2067) Prec: 0.7109 F1: 0.6513
Epoch id: 10, Training steps: 100, Avg loss: 0.009, Time: 0:36:22
Epoch id: 10, Training steps: 200, Avg loss: 0.006, Time: 0:36:59
Epoch id: 10, Training steps: 300, Avg loss: 0.009, Time: 0:37:36
Epoch id: 10, Training steps: 400, Avg loss: 0.014, Time: 0:38:12
Epoch id: 10, Training steps: 500, Avg loss: 0.009, Time: 0:38:49
Start evaluation on dev dataset.
/home/lyq2021/.conda/envs/lyq2021/lib/python3.10/site-packages/sklearn/metrics/_classification.py:1344: UndefinedMetricWarning: Precision is ill-defined and being set to 0.0 in samples with no predicted labels. Use `zero_division` parameter to control this behavior.
  _warn_prf(average, modifier, msg_start, len(result))
Acc. (Correct/Total): 0.4885 (169236/2084) Prec: 0.6963 F1: 0.6328
Start evaluation on test dataset.
/home/lyq2021/.conda/envs/lyq2021/lib/python3.10/site-packages/sklearn/metrics/_classification.py:1344: UndefinedMetricWarning: Precision is ill-defined and being set to 0.0 in samples with no predicted labels. Use `zero_division` parameter to control this behavior.
  _warn_prf(average, modifier, msg_start, len(result))
Acc. (Correct/Total): 0.5510 (168092/2067) Prec: 0.7433 F1: 0.6846
Epoch id: 11, Training steps: 100, Avg loss: 0.012, Time: 0:40:27
Epoch id: 11, Training steps: 200, Avg loss: 0.008, Time: 0:41:04
Epoch id: 11, Training steps: 300, Avg loss: 0.004, Time: 0:41:40
Epoch id: 11, Training steps: 400, Avg loss: 0.003, Time: 0:42:17
Epoch id: 11, Training steps: 500, Avg loss: 0.009, Time: 0:42:54
Start evaluation on dev dataset.
/home/lyq2021/.conda/envs/lyq2021/lib/python3.10/site-packages/sklearn/metrics/_classification.py:1344: UndefinedMetricWarning: Precision is ill-defined and being set to 0.0 in samples with no predicted labels. Use `zero_division` parameter to control this behavior.
  _warn_prf(average, modifier, msg_start, len(result))
Acc. (Correct/Total): 0.4909 (169233/2084) Prec: 0.6931 F1: 0.6319
Epoch id: 12, Training steps: 100, Avg loss: 0.004, Time: 0:44:13
Epoch id: 12, Training steps: 200, Avg loss: 0.003, Time: 0:44:49
Epoch id: 12, Training steps: 300, Avg loss: 0.004, Time: 0:45:26
Epoch id: 12, Training steps: 400, Avg loss: 0.007, Time: 0:46:03
Epoch id: 12, Training steps: 500, Avg loss: 0.005, Time: 0:46:39
Start evaluation on dev dataset.
/home/lyq2021/.conda/envs/lyq2021/lib/python3.10/site-packages/sklearn/metrics/_classification.py:1344: UndefinedMetricWarning: Precision is ill-defined and being set to 0.0 in samples with no predicted labels. Use `zero_division` parameter to control this behavior.
  _warn_prf(average, modifier, msg_start, len(result))
Acc. (Correct/Total): 0.5259 (169306/2084) Prec: 0.7175 F1: 0.6629
Start evaluation on test dataset.
/home/lyq2021/.conda/envs/lyq2021/lib/python3.10/site-packages/sklearn/metrics/_classification.py:1344: UndefinedMetricWarning: Precision is ill-defined and being set to 0.0 in samples with no predicted labels. Use `zero_division` parameter to control this behavior.
  _warn_prf(average, modifier, msg_start, len(result))
Acc. (Correct/Total): 0.5675 (168146/2067) Prec: 0.7727 F1: 0.7125
Epoch id: 13, Training steps: 100, Avg loss: 0.005, Time: 0:48:17
Epoch id: 13, Training steps: 200, Avg loss: 0.007, Time: 0:48:54
Epoch id: 13, Training steps: 300, Avg loss: 0.006, Time: 0:49:31
Epoch id: 13, Training steps: 400, Avg loss: 0.004, Time: 0:50:07
Epoch id: 13, Training steps: 500, Avg loss: 0.002, Time: 0:50:44
Start evaluation on dev dataset.
/home/lyq2021/.conda/envs/lyq2021/lib/python3.10/site-packages/sklearn/metrics/_classification.py:1344: UndefinedMetricWarning: Precision is ill-defined and being set to 0.0 in samples with no predicted labels. Use `zero_division` parameter to control this behavior.
  _warn_prf(average, modifier, msg_start, len(result))
Acc. (Correct/Total): 0.5480 (169356/2084) Prec: 0.7477 F1: 0.6940
Start evaluation on test dataset.
/home/lyq2021/.conda/envs/lyq2021/lib/python3.10/site-packages/sklearn/metrics/_classification.py:1344: UndefinedMetricWarning: Precision is ill-defined and being set to 0.0 in samples with no predicted labels. Use `zero_division` parameter to control this behavior.
  _warn_prf(average, modifier, msg_start, len(result))
Acc. (Correct/Total): 0.5980 (168190/2067) Prec: 0.7961 F1: 0.7399
Epoch id: 14, Training steps: 100, Avg loss: 0.003, Time: 0:52:23
Epoch id: 14, Training steps: 200, Avg loss: 0.006, Time: 0:52:59
Epoch id: 14, Training steps: 300, Avg loss: 0.004, Time: 0:53:36
Epoch id: 14, Training steps: 400, Avg loss: 0.005, Time: 0:54:12
Epoch id: 14, Training steps: 500, Avg loss: 0.003, Time: 0:54:49
Start evaluation on dev dataset.
/home/lyq2021/.conda/envs/lyq2021/lib/python3.10/site-packages/sklearn/metrics/_classification.py:1344: UndefinedMetricWarning: Precision is ill-defined and being set to 0.0 in samples with no predicted labels. Use `zero_division` parameter to control this behavior.
  _warn_prf(average, modifier, msg_start, len(result))
Acc. (Correct/Total): 0.5417 (169342/2084) Prec: 0.7371 F1: 0.6836
Epoch id: 15, Training steps: 100, Avg loss: 0.004, Time: 0:56:08
Epoch id: 15, Training steps: 200, Avg loss: 0.004, Time: 0:56:45
Epoch id: 15, Training steps: 300, Avg loss: 0.005, Time: 0:57:21
Epoch id: 15, Training steps: 400, Avg loss: 0.001, Time: 0:57:58
Epoch id: 15, Training steps: 500, Avg loss: 0.002, Time: 0:58:35
Start evaluation on dev dataset.
/home/lyq2021/.conda/envs/lyq2021/lib/python3.10/site-packages/sklearn/metrics/_classification.py:1344: UndefinedMetricWarning: Precision is ill-defined and being set to 0.0 in samples with no predicted labels. Use `zero_division` parameter to control this behavior.
  _warn_prf(average, modifier, msg_start, len(result))
Acc. (Correct/Total): 0.5331 (169282/2084) Prec: 0.7257 F1: 0.6741
Epoch id: 16, Training steps: 100, Avg loss: 0.002, Time: 0:59:54
Epoch id: 16, Training steps: 200, Avg loss: 0.003, Time: 1:00:31
Epoch id: 16, Training steps: 300, Avg loss: 0.002, Time: 1:01:07
Epoch id: 16, Training steps: 400, Avg loss: 0.003, Time: 1:01:44
Epoch id: 16, Training steps: 500, Avg loss: 0.004, Time: 1:02:20
Start evaluation on dev dataset.
/home/lyq2021/.conda/envs/lyq2021/lib/python3.10/site-packages/sklearn/metrics/_classification.py:1344: UndefinedMetricWarning: Precision is ill-defined and being set to 0.0 in samples with no predicted labels. Use `zero_division` parameter to control this behavior.
  _warn_prf(average, modifier, msg_start, len(result))
Acc. (Correct/Total): 0.5489 (169331/2084) Prec: 0.7396 F1: 0.6907
Epoch id: 17, Training steps: 100, Avg loss: 0.002, Time: 1:03:40
Epoch id: 17, Training steps: 200, Avg loss: 0.002, Time: 1:04:16
Epoch id: 17, Training steps: 300, Avg loss: 0.004, Time: 1:04:53
Epoch id: 17, Training steps: 400, Avg loss: 0.005, Time: 1:05:29
Epoch id: 17, Training steps: 500, Avg loss: 0.003, Time: 1:06:06
Start evaluation on dev dataset.
/home/lyq2021/.conda/envs/lyq2021/lib/python3.10/site-packages/sklearn/metrics/_classification.py:1344: UndefinedMetricWarning: Precision is ill-defined and being set to 0.0 in samples with no predicted labels. Use `zero_division` parameter to control this behavior.
  _warn_prf(average, modifier, msg_start, len(result))
Acc. (Correct/Total): 0.5749 (169433/2084) Prec: 0.7668 F1: 0.7198
Start evaluation on test dataset.
/home/lyq2021/.conda/envs/lyq2021/lib/python3.10/site-packages/sklearn/metrics/_classification.py:1344: UndefinedMetricWarning: Precision is ill-defined and being set to 0.0 in samples with no predicted labels. Use `zero_division` parameter to control this behavior.
  _warn_prf(average, modifier, msg_start, len(result))
Acc. (Correct/Total): 0.6164 (168205/2067) Prec: 0.7952 F1: 0.7491
Epoch id: 18, Training steps: 100, Avg loss: 0.002, Time: 1:07:45
Epoch id: 18, Training steps: 200, Avg loss: 0.007, Time: 1:08:21
Epoch id: 18, Training steps: 300, Avg loss: 0.001, Time: 1:08:58
Epoch id: 18, Training steps: 400, Avg loss: 0.005, Time: 1:09:35
Epoch id: 18, Training steps: 500, Avg loss: 0.001, Time: 1:10:11
Start evaluation on dev dataset.
/home/lyq2021/.conda/envs/lyq2021/lib/python3.10/site-packages/sklearn/metrics/_classification.py:1344: UndefinedMetricWarning: Precision is ill-defined and being set to 0.0 in samples with no predicted labels. Use `zero_division` parameter to control this behavior.
  _warn_prf(average, modifier, msg_start, len(result))
Acc. (Correct/Total): 0.5821 (169419/2084) Prec: 0.7734 F1: 0.7289
Start evaluation on test dataset.
/home/lyq2021/.conda/envs/lyq2021/lib/python3.10/site-packages/sklearn/metrics/_classification.py:1344: UndefinedMetricWarning: Precision is ill-defined and being set to 0.0 in samples with no predicted labels. Use `zero_division` parameter to control this behavior.
  _warn_prf(average, modifier, msg_start, len(result))
Acc. (Correct/Total): 0.6246 (168215/2067) Prec: 0.8025 F1: 0.7592
Epoch id: 19, Training steps: 100, Avg loss: 0.001, Time: 1:11:50
Epoch id: 19, Training steps: 200, Avg loss: 0.002, Time: 1:12:27
Epoch id: 19, Training steps: 300, Avg loss: 0.003, Time: 1:13:03
Epoch id: 19, Training steps: 400, Avg loss: 0.003, Time: 1:13:40
Epoch id: 19, Training steps: 500, Avg loss: 0.001, Time: 1:14:16
Start evaluation on dev dataset.
/home/lyq2021/.conda/envs/lyq2021/lib/python3.10/site-packages/sklearn/metrics/_classification.py:1344: UndefinedMetricWarning: Precision is ill-defined and being set to 0.0 in samples with no predicted labels. Use `zero_division` parameter to control this behavior.
  _warn_prf(average, modifier, msg_start, len(result))
Acc. (Correct/Total): 0.5576 (169355/2084) Prec: 0.7520 F1: 0.7088
Epoch id: 20, Training steps: 100, Avg loss: 0.001, Time: 1:15:36
Epoch id: 20, Training steps: 200, Avg loss: 0.002, Time: 1:16:12
Epoch id: 20, Training steps: 300, Avg loss: 0.002, Time: 1:16:49
Epoch id: 20, Training steps: 400, Avg loss: 0.003, Time: 1:17:25
Epoch id: 20, Training steps: 500, Avg loss: 0.001, Time: 1:18:02
Start evaluation on dev dataset.
/home/lyq2021/.conda/envs/lyq2021/lib/python3.10/site-packages/sklearn/metrics/_classification.py:1344: UndefinedMetricWarning: Precision is ill-defined and being set to 0.0 in samples with no predicted labels. Use `zero_division` parameter to control this behavior.
  _warn_prf(average, modifier, msg_start, len(result))
Acc. (Correct/Total): 0.5734 (169353/2084) Prec: 0.7606 F1: 0.7175
Final evaluation on the test dataset.
The number of evaluation instances:  2067
/home/lyq2021/.conda/envs/lyq2021/lib/python3.10/site-packages/sklearn/metrics/_classification.py:1344: UndefinedMetricWarning: Precision is ill-defined and being set to 0.0 in samples with no predicted labels. Use `zero_division` parameter to control this behavior.
  _warn_prf(average, modifier, msg_start, len(result))
/home/lyq2021/.conda/envs/lyq2021/lib/python3.10/site-packages/sklearn/metrics/_classification.py:1344: UndefinedMetricWarning: Precision and F-score are ill-defined and being set to 0.0 in labels with no predicted samples. Use `zero_division` parameter to control this behavior.
  _warn_prf(average, modifier, msg_start, len(result))
/home/lyq2021/.conda/envs/lyq2021/lib/python3.10/site-packages/sklearn/metrics/_classification.py:1344: UndefinedMetricWarning: Precision and F-score are ill-defined and being set to 0.0 in samples with no predicted labels. Use `zero_division` parameter to control this behavior.
  _warn_prf(average, modifier, msg_start, len(result))
Acc. (Correct/Total): 0.6246 (168215/2067) Prec: 0.8025 F1: 0.7592
Precision, Recall and F1-Score...
              precision    recall  f1-score   support

         教育学     0.9237    0.9544    0.9388       241
          法学     0.9167    0.8348    0.8738       224
      中国语言文学     0.8315    0.8000    0.8154       185
         政治学     0.8168    0.6564    0.7279       163
         社会学     0.8714    0.7771    0.8215       157
         心理学     0.9067    0.5528    0.6869       123
       应用经济学     0.7416    0.5641    0.6408       117
         历史学     0.9506    0.7064    0.8105       109
     环境科学与工程     0.8958    0.7963    0.8431       108
          哲学     0.8060    0.5567    0.6585        97
      外国语言文学     0.7816    0.8000    0.7907        85
         生物学     0.8765    0.8987    0.8875        79
      交通运输工程     0.9036    0.9615    0.9317        78
        临床医学     0.8974    0.4605    0.6087        76
    计算机科学与技术     0.8667    0.7324    0.7939        71
        土木工程     0.8889    0.9697    0.9275        66
   航空宇航科学与技术     0.9322    0.9016    0.9167        61
         民族学     0.6939    0.6182    0.6538        55
   公共卫生与预防医学     0.7500    0.6471    0.6947        51
         美术学     0.8868    0.9400    0.9126        50
         艺术学     0.9000    0.8372    0.8675        43
         地理学     0.8667    0.6190    0.7222        42
         体育学     0.8571    0.4500    0.5902        40
       理论经济学     0.8000    0.7368    0.7671        38
         中医学     0.8788    0.7838    0.8286        37
         物理学     0.7805    0.8889    0.8312        36
          林学     0.9412    0.4848    0.6400        33
          数学     0.8000    0.5000    0.6154        32
     电子科学与技术     0.8095    0.5484    0.6538        31
        基础医学     0.3103    0.6207    0.4138        29
        工商管理     0.8095    0.6296    0.7083        27
       新闻传播学     0.9375    0.6818    0.7895        22
         天文学     0.8500    0.7727    0.8095        22
         地质学     0.8421    0.7619    0.8000        21
         畜牧学     0.8636    0.9048    0.8837        21
   军事思想及军事历史     0.7647    0.6500    0.7027        20
     管理科学与工程     0.5833    0.7778    0.6667        18
     测绘科学与技术     0.8333    0.5882    0.6897        17
        水利工程     0.9000    0.5625    0.6923        16
        大气科学     1.0000    0.7500    0.8571        16
     兵器科学与技术     0.8235    0.9333    0.8750        15
       地球物理学     0.6667    0.2857    0.4000        14
        电气工程     0.9000    0.6923    0.7826        13
         作物学     0.8000    0.6154    0.6957        13
     控制科学与工程     0.3125    0.3846    0.3448        13
     信息与通信工程     0.7143    0.3846    0.5000        13
        公共管理     0.3333    0.0769    0.1250        13
         建筑学     0.6667    0.1538    0.2500        13
     化学工程与技术     0.8182    0.7500    0.7826        12
          力学     1.0000    0.6364    0.7778        11
        海洋科学     0.9091    0.9091    0.9091        11
     轻工技术与工程     0.4444    0.3636    0.4000        11
        农业工程     1.0000    0.5000    0.6667        10
         园艺学     0.8889    0.8000    0.8421        10
       中西医结合     1.0000    0.1000    0.1818        10
        机械工程     1.0000    0.6667    0.8000         9
       科学技术史     0.8571    0.7500    0.8000         8
     船舶与海洋工程     0.8750    0.8750    0.8750         8
   图书情报与档案管理     0.6250    0.6250    0.6250         8
        植物保护     0.8750    0.8750    0.8750         8
     材料科学与工程     1.0000    0.5000    0.6667         8
         统计学     0.5385    0.8750    0.6667         8
          化学     1.0000    0.8750    0.9333         8
     食品科学与工程     1.0000    0.3750    0.5455         8
          水产     1.0000    0.7143    0.8333         7
          药学     0.8000    0.5714    0.6667         7
     农业资源与环境     1.0000    0.5714    0.7273         7
         世界史     0.7778    1.0000    0.8750         7
        系统科学     0.7500    0.4286    0.5455         7
      农林经济管理     0.4444    0.8000    0.5714         5
       军队指挥学     1.0000    0.4000    0.5714         5
        矿业工程     0.6000    0.6000    0.6000         5
     纺织科学与工程     0.7143    1.0000    0.8333         5
  动力工程及工程热物理     0.0000    0.0000    0.0000         4
        林业工程     0.3333    0.5000    0.4000         4
     仪器科学与技术     0.0000    0.0000    0.0000         3
         战略学     1.0000    0.3333    0.5000         3
   地质资源与地质工程     1.0000    0.3333    0.5000         3
        旅游管理     1.0000    0.6667    0.8000         3
 图书馆、情报与档案管理     1.0000    0.5000    0.6667         2
        冶金工程     0.0000    0.0000    0.0000         2
      核科学与技术     0.0000    0.0000    0.0000         2

   micro avg     0.8389    0.7258    0.7783      3093
   macro avg     0.7797    0.6232    0.6692      3093
weighted avg     0.8450    0.7258    0.7699      3093
 samples avg     0.8025    0.7432    0.7592      3093

