  0%|          | 0/82 [00:00<?, ?it/s]100%|██████████| 82/82 [00:00<00:00, 1102349.13it/s]
Vocabulary file line 344 has bad format token
Vocabulary Size:  21128
[BertClassifier] use visible_matrix: False
Some weights of the model checkpoint at ./models/bert were not used when initializing BertRCNNForMultiLabelSequenceClassification: ['cls.predictions.transform.dense.bias', 'cls.predictions.decoder.weight', 'cls.predictions.bias', 'cls.predictions.transform.LayerNorm.bias', 'cls.predictions.transform.LayerNorm.weight', 'bert.pooler.dense.bias', 'cls.predictions.transform.dense.weight', 'cls.seq_relationship.weight', 'bert.pooler.dense.weight', 'cls.seq_relationship.bias']
- This IS expected if you are initializing BertRCNNForMultiLabelSequenceClassification from the checkpoint of a model trained on another task or with another architecture (e.g. initializing a BertForSequenceClassification model from a BertForPreTraining model).
- This IS NOT expected if you are initializing BertRCNNForMultiLabelSequenceClassification from the checkpoint of a model that you expect to be exactly identical (initializing a BertForSequenceClassification model from a BertForSequenceClassification model).
Some weights of BertRCNNForMultiLabelSequenceClassification were not initialized from the model checkpoint at ./models/bert and are newly initialized: ['lstm.bias_hh_l0_reverse', 'lstm.bias_hh_l1', 'lstm.weight_ih_l1_reverse', 'lstm.bias_hh_l0', 'lstm.weight_ih_l0_reverse', 'lstm.weight_ih_l0', 'classifier.weight', 'output_layer_1.bias', 'lstm.weight_ih_l1', 'lstm.weight_hh_l1', 'lstm.weight_hh_l0', 'lstm.bias_ih_l1_reverse', 'output_layer_1.weight', 'lstm.bias_ih_l0', 'lstm.weight_hh_l0_reverse', 'lstm.weight_hh_l1_reverse', 'lstm.bias_ih_l1', 'classifier.bias', 'lstm.bias_hh_l1_reverse', 'lstm.bias_ih_l0_reverse']
You should probably TRAIN this model on a down-stream task to be able to use it for predictions and inference.
1 GPUs are available. Let's use them.
device:  cuda
Start training.
Loading sentences from ./datasets/book_multilabels_task/train.tsv
There are 9098 sentence in total. We use 1 processes to inject knowledge into sentences.
Progress of process 0: 0/9098
Loading sentences from ./datasets/book_multilabels_task/dev.tsv
There are 2084 sentence in total. We use 1 processes to inject knowledge into sentences.
Progress of process 0: 0/2084
Loading sentences from ./datasets/book_multilabels_task/test.tsv
There are 2067 sentence in total. We use 1 processes to inject knowledge into sentences.
Progress of process 0: 0/2067
Epoch id: 1, Training steps: 100, Avg loss: 0.098, Time: 0:00:47
Epoch id: 1, Training steps: 200, Avg loss: 0.084, Time: 0:01:36
Epoch id: 1, Training steps: 300, Avg loss: 0.078, Time: 0:02:24
Epoch id: 1, Training steps: 400, Avg loss: 0.064, Time: 0:03:13
Epoch id: 1, Training steps: 500, Avg loss: 0.049, Time: 0:04:02
Epoch id: 1, Training steps: 600, Avg loss: 0.041, Time: 0:04:51
Epoch id: 1, Training steps: 700, Avg loss: 0.046, Time: 0:05:40
Start evaluation on dev dataset.
/home/lyq2021/.conda/envs/lyq2021/lib/python3.10/site-packages/sklearn/metrics/_classification.py:1344: UndefinedMetricWarning: Precision is ill-defined and being set to 0.0 in samples with no predicted labels. Use `zero_division` parameter to control this behavior.
  _warn_prf(average, modifier, msg_start, len(result))
Acc. (Correct/Total): 22.65%% Prec: 0.3383 F1: 0.3041
Start evaluation on test dataset.
torch.Size([3, 512])
/home/lyq2021/.conda/envs/lyq2021/lib/python3.10/site-packages/sklearn/metrics/_classification.py:1344: UndefinedMetricWarning: Precision is ill-defined and being set to 0.0 in samples with no predicted labels. Use `zero_division` parameter to control this behavior.
  _warn_prf(average, modifier, msg_start, len(result))
Acc. (Correct/Total): 26.90%% Prec: 0.3677 F1: 0.3371
Epoch id: 2, Training steps: 100, Avg loss: 0.046, Time: 0:07:54
Epoch id: 2, Training steps: 200, Avg loss: 0.027, Time: 0:08:43
Epoch id: 2, Training steps: 300, Avg loss: 0.031, Time: 0:09:31
Epoch id: 2, Training steps: 400, Avg loss: 0.026, Time: 0:10:20
Epoch id: 2, Training steps: 500, Avg loss: 0.022, Time: 0:11:09
Epoch id: 2, Training steps: 600, Avg loss: 0.042, Time: 0:11:57
Epoch id: 2, Training steps: 700, Avg loss: 0.022, Time: 0:12:46
Start evaluation on dev dataset.
/home/lyq2021/.conda/envs/lyq2021/lib/python3.10/site-packages/sklearn/metrics/_classification.py:1344: UndefinedMetricWarning: Precision is ill-defined and being set to 0.0 in samples with no predicted labels. Use `zero_division` parameter to control this behavior.
  _warn_prf(average, modifier, msg_start, len(result))
Acc. (Correct/Total): 40.40%% Prec: 0.5881 F1: 0.5343
Start evaluation on test dataset.
torch.Size([3, 512])
/home/lyq2021/.conda/envs/lyq2021/lib/python3.10/site-packages/sklearn/metrics/_classification.py:1344: UndefinedMetricWarning: Precision is ill-defined and being set to 0.0 in samples with no predicted labels. Use `zero_division` parameter to control this behavior.
  _warn_prf(average, modifier, msg_start, len(result))
Acc. (Correct/Total): 44.80%% Prec: 0.6254 F1: 0.5719
Epoch id: 3, Training steps: 100, Avg loss: 0.012, Time: 0:15:00
Epoch id: 3, Training steps: 200, Avg loss: 0.023, Time: 0:15:49
Epoch id: 3, Training steps: 300, Avg loss: 0.030, Time: 0:16:38
Epoch id: 3, Training steps: 400, Avg loss: 0.013, Time: 0:17:26
Epoch id: 3, Training steps: 500, Avg loss: 0.019, Time: 0:18:15
Epoch id: 3, Training steps: 600, Avg loss: 0.017, Time: 0:19:04
Epoch id: 3, Training steps: 700, Avg loss: 0.016, Time: 0:19:52
Start evaluation on dev dataset.
/home/lyq2021/.conda/envs/lyq2021/lib/python3.10/site-packages/sklearn/metrics/_classification.py:1344: UndefinedMetricWarning: Precision is ill-defined and being set to 0.0 in samples with no predicted labels. Use `zero_division` parameter to control this behavior.
  _warn_prf(average, modifier, msg_start, len(result))
Acc. (Correct/Total): 45.97%% Prec: 0.6678 F1: 0.6075
Start evaluation on test dataset.
torch.Size([3, 512])
/home/lyq2021/.conda/envs/lyq2021/lib/python3.10/site-packages/sklearn/metrics/_classification.py:1344: UndefinedMetricWarning: Precision is ill-defined and being set to 0.0 in samples with no predicted labels. Use `zero_division` parameter to control this behavior.
  _warn_prf(average, modifier, msg_start, len(result))
Acc. (Correct/Total): 52.98%% Prec: 0.7259 F1: 0.6684
Epoch id: 4, Training steps: 100, Avg loss: 0.013, Time: 0:22:07
Epoch id: 4, Training steps: 200, Avg loss: 0.017, Time: 0:22:56
Epoch id: 4, Training steps: 300, Avg loss: 0.012, Time: 0:23:45
Epoch id: 4, Training steps: 400, Avg loss: 0.014, Time: 0:24:33
Epoch id: 4, Training steps: 500, Avg loss: 0.011, Time: 0:25:22
Epoch id: 4, Training steps: 600, Avg loss: 0.007, Time: 0:26:11
Epoch id: 4, Training steps: 700, Avg loss: 0.012, Time: 0:27:00
Start evaluation on dev dataset.
/home/lyq2021/.conda/envs/lyq2021/lib/python3.10/site-packages/sklearn/metrics/_classification.py:1344: UndefinedMetricWarning: Precision is ill-defined and being set to 0.0 in samples with no predicted labels. Use `zero_division` parameter to control this behavior.
  _warn_prf(average, modifier, msg_start, len(result))
Acc. (Correct/Total): 50.14%% Prec: 0.7108 F1: 0.6573
Start evaluation on test dataset.
torch.Size([3, 512])
/home/lyq2021/.conda/envs/lyq2021/lib/python3.10/site-packages/sklearn/metrics/_classification.py:1344: UndefinedMetricWarning: Precision is ill-defined and being set to 0.0 in samples with no predicted labels. Use `zero_division` parameter to control this behavior.
  _warn_prf(average, modifier, msg_start, len(result))
Acc. (Correct/Total): 56.27%% Prec: 0.7626 F1: 0.7067
Epoch id: 5, Training steps: 100, Avg loss: 0.007, Time: 0:29:14
Epoch id: 5, Training steps: 200, Avg loss: 0.010, Time: 0:30:03
Epoch id: 5, Training steps: 300, Avg loss: 0.009, Time: 0:30:50
Epoch id: 5, Training steps: 400, Avg loss: 0.008, Time: 0:31:38
Epoch id: 5, Training steps: 500, Avg loss: 0.008, Time: 0:32:25
Epoch id: 5, Training steps: 600, Avg loss: 0.022, Time: 0:33:13
Epoch id: 5, Training steps: 700, Avg loss: 0.017, Time: 0:34:00
Start evaluation on dev dataset.
/home/lyq2021/.conda/envs/lyq2021/lib/python3.10/site-packages/sklearn/metrics/_classification.py:1344: UndefinedMetricWarning: Precision is ill-defined and being set to 0.0 in samples with no predicted labels. Use `zero_division` parameter to control this behavior.
  _warn_prf(average, modifier, msg_start, len(result))
Acc. (Correct/Total): 53.74%% Prec: 0.7392 F1: 0.6846
Start evaluation on test dataset.
torch.Size([3, 512])
/home/lyq2021/.conda/envs/lyq2021/lib/python3.10/site-packages/sklearn/metrics/_classification.py:1344: UndefinedMetricWarning: Precision is ill-defined and being set to 0.0 in samples with no predicted labels. Use `zero_division` parameter to control this behavior.
  _warn_prf(average, modifier, msg_start, len(result))
Acc. (Correct/Total): 58.35%% Prec: 0.7818 F1: 0.7260
Epoch id: 6, Training steps: 100, Avg loss: 0.005, Time: 0:36:14
Epoch id: 6, Training steps: 200, Avg loss: 0.010, Time: 0:37:03
Epoch id: 6, Training steps: 300, Avg loss: 0.006, Time: 0:37:52
Epoch id: 6, Training steps: 400, Avg loss: 0.005, Time: 0:38:40
Epoch id: 6, Training steps: 500, Avg loss: 0.017, Time: 0:39:29
Epoch id: 6, Training steps: 600, Avg loss: 0.005, Time: 0:40:18
Epoch id: 6, Training steps: 700, Avg loss: 0.010, Time: 0:41:07
Start evaluation on dev dataset.
/home/lyq2021/.conda/envs/lyq2021/lib/python3.10/site-packages/sklearn/metrics/_classification.py:1344: UndefinedMetricWarning: Precision is ill-defined and being set to 0.0 in samples with no predicted labels. Use `zero_division` parameter to control this behavior.
  _warn_prf(average, modifier, msg_start, len(result))
Acc. (Correct/Total): 55.37%% Prec: 0.7479 F1: 0.7031
Start evaluation on test dataset.
torch.Size([3, 512])
/home/lyq2021/.conda/envs/lyq2021/lib/python3.10/site-packages/sklearn/metrics/_classification.py:1344: UndefinedMetricWarning: Precision is ill-defined and being set to 0.0 in samples with no predicted labels. Use `zero_division` parameter to control this behavior.
  _warn_prf(average, modifier, msg_start, len(result))
Acc. (Correct/Total): 60.67%% Prec: 0.7850 F1: 0.7379
Epoch id: 7, Training steps: 100, Avg loss: 0.007, Time: 0:43:22
Epoch id: 7, Training steps: 200, Avg loss: 0.002, Time: 0:44:10
Epoch id: 7, Training steps: 300, Avg loss: 0.004, Time: 0:44:59
Epoch id: 7, Training steps: 400, Avg loss: 0.005, Time: 0:45:48
Epoch id: 7, Training steps: 500, Avg loss: 0.011, Time: 0:46:37
Epoch id: 7, Training steps: 600, Avg loss: 0.003, Time: 0:47:25
Epoch id: 7, Training steps: 700, Avg loss: 0.002, Time: 0:48:14
Start evaluation on dev dataset.
/home/lyq2021/.conda/envs/lyq2021/lib/python3.10/site-packages/sklearn/metrics/_classification.py:1344: UndefinedMetricWarning: Precision is ill-defined and being set to 0.0 in samples with no predicted labels. Use `zero_division` parameter to control this behavior.
  _warn_prf(average, modifier, msg_start, len(result))
Acc. (Correct/Total): 54.17%% Prec: 0.7462 F1: 0.6984
Epoch id: 8, Training steps: 100, Avg loss: 0.006, Time: 0:49:59
Epoch id: 8, Training steps: 200, Avg loss: 0.005, Time: 0:50:48
Epoch id: 8, Training steps: 300, Avg loss: 0.004, Time: 0:51:37
Epoch id: 8, Training steps: 400, Avg loss: 0.005, Time: 0:52:25
Epoch id: 8, Training steps: 500, Avg loss: 0.003, Time: 0:53:14
Epoch id: 8, Training steps: 600, Avg loss: 0.004, Time: 0:54:03
Epoch id: 8, Training steps: 700, Avg loss: 0.007, Time: 0:54:51
Start evaluation on dev dataset.
/home/lyq2021/.conda/envs/lyq2021/lib/python3.10/site-packages/sklearn/metrics/_classification.py:1344: UndefinedMetricWarning: Precision is ill-defined and being set to 0.0 in samples with no predicted labels. Use `zero_division` parameter to control this behavior.
  _warn_prf(average, modifier, msg_start, len(result))
Acc. (Correct/Total): 55.37%% Prec: 0.7542 F1: 0.7050
Epoch id: 9, Training steps: 100, Avg loss: 0.001, Time: 0:56:37
Epoch id: 9, Training steps: 200, Avg loss: 0.006, Time: 0:57:25
Epoch id: 9, Training steps: 300, Avg loss: 0.004, Time: 0:58:14
Epoch id: 9, Training steps: 400, Avg loss: 0.001, Time: 0:59:03
Epoch id: 9, Training steps: 500, Avg loss: 0.002, Time: 0:59:52
Epoch id: 9, Training steps: 600, Avg loss: 0.005, Time: 1:00:41
Epoch id: 9, Training steps: 700, Avg loss: 0.003, Time: 1:01:30
Start evaluation on dev dataset.
/home/lyq2021/.conda/envs/lyq2021/lib/python3.10/site-packages/sklearn/metrics/_classification.py:1344: UndefinedMetricWarning: Precision is ill-defined and being set to 0.0 in samples with no predicted labels. Use `zero_division` parameter to control this behavior.
  _warn_prf(average, modifier, msg_start, len(result))
Acc. (Correct/Total): 56.00%% Prec: 0.7614 F1: 0.7204
Start evaluation on test dataset.
torch.Size([3, 512])
/home/lyq2021/.conda/envs/lyq2021/lib/python3.10/site-packages/sklearn/metrics/_classification.py:1344: UndefinedMetricWarning: Precision is ill-defined and being set to 0.0 in samples with no predicted labels. Use `zero_division` parameter to control this behavior.
  _warn_prf(average, modifier, msg_start, len(result))
Acc. (Correct/Total): 62.07%% Prec: 0.7969 F1: 0.7566
Epoch id: 10, Training steps: 100, Avg loss: 0.002, Time: 1:03:46
Epoch id: 10, Training steps: 200, Avg loss: 0.004, Time: 1:04:35
Epoch id: 10, Training steps: 300, Avg loss: 0.002, Time: 1:05:24
Epoch id: 10, Training steps: 400, Avg loss: 0.004, Time: 1:06:14
Epoch id: 10, Training steps: 500, Avg loss: 0.003, Time: 1:07:03
Epoch id: 10, Training steps: 600, Avg loss: 0.004, Time: 1:07:52
Epoch id: 10, Training steps: 700, Avg loss: 0.002, Time: 1:08:41
Start evaluation on dev dataset.
/home/lyq2021/.conda/envs/lyq2021/lib/python3.10/site-packages/sklearn/metrics/_classification.py:1344: UndefinedMetricWarning: Precision is ill-defined and being set to 0.0 in samples with no predicted labels. Use `zero_division` parameter to control this behavior.
  _warn_prf(average, modifier, msg_start, len(result))
Acc. (Correct/Total): 55.85%% Prec: 0.7539 F1: 0.7131
Epoch id: 11, Training steps: 100, Avg loss: 0.002, Time: 1:10:26
Epoch id: 11, Training steps: 200, Avg loss: 0.002, Time: 1:11:15
Epoch id: 11, Training steps: 300, Avg loss: 0.002, Time: 1:12:03
Epoch id: 11, Training steps: 400, Avg loss: 0.003, Time: 1:12:52
Epoch id: 11, Training steps: 500, Avg loss: 0.001, Time: 1:13:41
Epoch id: 11, Training steps: 600, Avg loss: 0.009, Time: 1:14:29
Epoch id: 11, Training steps: 700, Avg loss: 0.003, Time: 1:15:18
Start evaluation on dev dataset.
/home/lyq2021/.conda/envs/lyq2021/lib/python3.10/site-packages/sklearn/metrics/_classification.py:1344: UndefinedMetricWarning: Precision is ill-defined and being set to 0.0 in samples with no predicted labels. Use `zero_division` parameter to control this behavior.
  _warn_prf(average, modifier, msg_start, len(result))
Acc. (Correct/Total): 55.61%% Prec: 0.7488 F1: 0.7147
Epoch id: 12, Training steps: 100, Avg loss: 0.001, Time: 1:17:03
Epoch id: 12, Training steps: 200, Avg loss: 0.006, Time: 1:17:52
Epoch id: 12, Training steps: 300, Avg loss: 0.005, Time: 1:18:41
Epoch id: 12, Training steps: 400, Avg loss: 0.003, Time: 1:19:29
Epoch id: 12, Training steps: 500, Avg loss: 0.003, Time: 1:20:18
Epoch id: 12, Training steps: 600, Avg loss: 0.002, Time: 1:21:07
Epoch id: 12, Training steps: 700, Avg loss: 0.003, Time: 1:21:55
Start evaluation on dev dataset.
/home/lyq2021/.conda/envs/lyq2021/lib/python3.10/site-packages/sklearn/metrics/_classification.py:1344: UndefinedMetricWarning: Precision is ill-defined and being set to 0.0 in samples with no predicted labels. Use `zero_division` parameter to control this behavior.
  _warn_prf(average, modifier, msg_start, len(result))
Acc. (Correct/Total): 57.49%% Prec: 0.7618 F1: 0.7249
Start evaluation on test dataset.
torch.Size([3, 512])
/home/lyq2021/.conda/envs/lyq2021/lib/python3.10/site-packages/sklearn/metrics/_classification.py:1344: UndefinedMetricWarning: Precision is ill-defined and being set to 0.0 in samples with no predicted labels. Use `zero_division` parameter to control this behavior.
  _warn_prf(average, modifier, msg_start, len(result))
Acc. (Correct/Total): 63.91%% Prec: 0.8133 F1: 0.7758
Epoch id: 13, Training steps: 100, Avg loss: 0.001, Time: 1:24:10
Epoch id: 13, Training steps: 200, Avg loss: 0.005, Time: 1:24:58
Epoch id: 13, Training steps: 300, Avg loss: 0.001, Time: 1:25:47
Epoch id: 13, Training steps: 400, Avg loss: 0.010, Time: 1:26:36
Epoch id: 13, Training steps: 500, Avg loss: 0.001, Time: 1:27:25
Epoch id: 13, Training steps: 600, Avg loss: 0.001, Time: 1:28:13
Epoch id: 13, Training steps: 700, Avg loss: 0.004, Time: 1:29:02
Start evaluation on dev dataset.
/home/lyq2021/.conda/envs/lyq2021/lib/python3.10/site-packages/sklearn/metrics/_classification.py:1344: UndefinedMetricWarning: Precision is ill-defined and being set to 0.0 in samples with no predicted labels. Use `zero_division` parameter to control this behavior.
  _warn_prf(average, modifier, msg_start, len(result))
Acc. (Correct/Total): 57.25%% Prec: 0.7709 F1: 0.7360
Epoch id: 14, Training steps: 100, Avg loss: 0.001, Time: 1:30:47
Epoch id: 14, Training steps: 200, Avg loss: 0.001, Time: 1:31:36
Epoch id: 14, Training steps: 300, Avg loss: 0.002, Time: 1:32:24
Epoch id: 14, Training steps: 400, Avg loss: 0.000, Time: 1:33:13
Epoch id: 14, Training steps: 500, Avg loss: 0.001, Time: 1:34:02
Epoch id: 14, Training steps: 600, Avg loss: 0.002, Time: 1:34:50
Epoch id: 14, Training steps: 700, Avg loss: 0.002, Time: 1:35:39
Start evaluation on dev dataset.
/home/lyq2021/.conda/envs/lyq2021/lib/python3.10/site-packages/sklearn/metrics/_classification.py:1344: UndefinedMetricWarning: Precision is ill-defined and being set to 0.0 in samples with no predicted labels. Use `zero_division` parameter to control this behavior.
  _warn_prf(average, modifier, msg_start, len(result))
Acc. (Correct/Total): 57.29%% Prec: 0.7682 F1: 0.7368
Epoch id: 15, Training steps: 100, Avg loss: 0.004, Time: 1:37:24
Epoch id: 15, Training steps: 200, Avg loss: 0.001, Time: 1:38:13
Epoch id: 15, Training steps: 300, Avg loss: 0.002, Time: 1:39:02
Epoch id: 15, Training steps: 400, Avg loss: 0.001, Time: 1:39:50
Epoch id: 15, Training steps: 500, Avg loss: 0.001, Time: 1:40:39
Epoch id: 15, Training steps: 600, Avg loss: 0.002, Time: 1:41:28
Epoch id: 15, Training steps: 700, Avg loss: 0.001, Time: 1:42:16
Start evaluation on dev dataset.
/home/lyq2021/.conda/envs/lyq2021/lib/python3.10/site-packages/sklearn/metrics/_classification.py:1344: UndefinedMetricWarning: Precision is ill-defined and being set to 0.0 in samples with no predicted labels. Use `zero_division` parameter to control this behavior.
  _warn_prf(average, modifier, msg_start, len(result))
Acc. (Correct/Total): 57.44%% Prec: 0.7670 F1: 0.7386
Epoch id: 16, Training steps: 100, Avg loss: 0.001, Time: 1:44:02
Epoch id: 16, Training steps: 200, Avg loss: 0.001, Time: 1:44:50
Epoch id: 16, Training steps: 300, Avg loss: 0.001, Time: 1:45:39
Epoch id: 16, Training steps: 400, Avg loss: 0.001, Time: 1:46:28
Epoch id: 16, Training steps: 500, Avg loss: 0.001, Time: 1:47:16
Epoch id: 16, Training steps: 600, Avg loss: 0.005, Time: 1:48:05
Epoch id: 16, Training steps: 700, Avg loss: 0.003, Time: 1:48:54
Start evaluation on dev dataset.
/home/lyq2021/.conda/envs/lyq2021/lib/python3.10/site-packages/sklearn/metrics/_classification.py:1344: UndefinedMetricWarning: Precision is ill-defined and being set to 0.0 in samples with no predicted labels. Use `zero_division` parameter to control this behavior.
  _warn_prf(average, modifier, msg_start, len(result))
Acc. (Correct/Total): 57.87%% Prec: 0.7650 F1: 0.7343
Start evaluation on test dataset.
torch.Size([3, 512])
/home/lyq2021/.conda/envs/lyq2021/lib/python3.10/site-packages/sklearn/metrics/_classification.py:1344: UndefinedMetricWarning: Precision is ill-defined and being set to 0.0 in samples with no predicted labels. Use `zero_division` parameter to control this behavior.
  _warn_prf(average, modifier, msg_start, len(result))
Acc. (Correct/Total): 63.13%% Prec: 0.8012 F1: 0.7689
Epoch id: 17, Training steps: 100, Avg loss: 0.000, Time: 1:51:09
Epoch id: 17, Training steps: 200, Avg loss: 0.003, Time: 1:51:58
Epoch id: 17, Training steps: 300, Avg loss: 0.004, Time: 1:52:47
Epoch id: 17, Training steps: 400, Avg loss: 0.001, Time: 1:53:35
Epoch id: 17, Training steps: 500, Avg loss: 0.002, Time: 1:54:24
Epoch id: 17, Training steps: 600, Avg loss: 0.009, Time: 1:55:13
Epoch id: 17, Training steps: 700, Avg loss: 0.001, Time: 1:56:02
Start evaluation on dev dataset.
/home/lyq2021/.conda/envs/lyq2021/lib/python3.10/site-packages/sklearn/metrics/_classification.py:1344: UndefinedMetricWarning: Precision is ill-defined and being set to 0.0 in samples with no predicted labels. Use `zero_division` parameter to control this behavior.
  _warn_prf(average, modifier, msg_start, len(result))
Acc. (Correct/Total): 55.23%% Prec: 0.7430 F1: 0.7187
Epoch id: 18, Training steps: 100, Avg loss: 0.001, Time: 1:57:47
Epoch id: 18, Training steps: 200, Avg loss: 0.008, Time: 1:58:36
Epoch id: 18, Training steps: 300, Avg loss: 0.002, Time: 1:59:24
Epoch id: 18, Training steps: 400, Avg loss: 0.002, Time: 2:00:13
Epoch id: 18, Training steps: 500, Avg loss: 0.002, Time: 2:01:02
Epoch id: 18, Training steps: 600, Avg loss: 0.001, Time: 2:01:50
Epoch id: 18, Training steps: 700, Avg loss: 0.001, Time: 2:02:39
Start evaluation on dev dataset.
/home/lyq2021/.conda/envs/lyq2021/lib/python3.10/site-packages/sklearn/metrics/_classification.py:1344: UndefinedMetricWarning: Precision is ill-defined and being set to 0.0 in samples with no predicted labels. Use `zero_division` parameter to control this behavior.
  _warn_prf(average, modifier, msg_start, len(result))
Acc. (Correct/Total): 58.35%% Prec: 0.7594 F1: 0.7396
Start evaluation on test dataset.
torch.Size([3, 512])
/home/lyq2021/.conda/envs/lyq2021/lib/python3.10/site-packages/sklearn/metrics/_classification.py:1344: UndefinedMetricWarning: Precision is ill-defined and being set to 0.0 in samples with no predicted labels. Use `zero_division` parameter to control this behavior.
  _warn_prf(average, modifier, msg_start, len(result))
Acc. (Correct/Total): 64.15%% Prec: 0.8119 F1: 0.7842
Epoch id: 19, Training steps: 100, Avg loss: 0.000, Time: 2:04:54
Epoch id: 19, Training steps: 200, Avg loss: 0.000, Time: 2:05:43
Epoch id: 19, Training steps: 300, Avg loss: 0.001, Time: 2:06:32
Epoch id: 19, Training steps: 400, Avg loss: 0.001, Time: 2:07:20
Epoch id: 19, Training steps: 500, Avg loss: 0.001, Time: 2:08:09
Epoch id: 19, Training steps: 600, Avg loss: 0.001, Time: 2:08:58
Epoch id: 19, Training steps: 700, Avg loss: 0.002, Time: 2:09:46
Start evaluation on dev dataset.
/home/lyq2021/.conda/envs/lyq2021/lib/python3.10/site-packages/sklearn/metrics/_classification.py:1344: UndefinedMetricWarning: Precision is ill-defined and being set to 0.0 in samples with no predicted labels. Use `zero_division` parameter to control this behavior.
  _warn_prf(average, modifier, msg_start, len(result))
Acc. (Correct/Total): 58.73%% Prec: 0.7678 F1: 0.7403
Start evaluation on test dataset.
torch.Size([3, 512])
/home/lyq2021/.conda/envs/lyq2021/lib/python3.10/site-packages/sklearn/metrics/_classification.py:1344: UndefinedMetricWarning: Precision is ill-defined and being set to 0.0 in samples with no predicted labels. Use `zero_division` parameter to control this behavior.
  _warn_prf(average, modifier, msg_start, len(result))
Acc. (Correct/Total): 63.33%% Prec: 0.8002 F1: 0.7712
Epoch id: 20, Training steps: 100, Avg loss: 0.001, Time: 2:12:01
Epoch id: 20, Training steps: 200, Avg loss: 0.000, Time: 2:12:50
Epoch id: 20, Training steps: 300, Avg loss: 0.001, Time: 2:13:39
Epoch id: 20, Training steps: 400, Avg loss: 0.000, Time: 2:14:27
Epoch id: 20, Training steps: 500, Avg loss: 0.001, Time: 2:15:16
Epoch id: 20, Training steps: 600, Avg loss: 0.002, Time: 2:16:05
Epoch id: 20, Training steps: 700, Avg loss: 0.001, Time: 2:16:54
Start evaluation on dev dataset.
/home/lyq2021/.conda/envs/lyq2021/lib/python3.10/site-packages/sklearn/metrics/_classification.py:1344: UndefinedMetricWarning: Precision is ill-defined and being set to 0.0 in samples with no predicted labels. Use `zero_division` parameter to control this behavior.
  _warn_prf(average, modifier, msg_start, len(result))
Acc. (Correct/Total): 58.40%% Prec: 0.7672 F1: 0.7411
Final evaluation on the test dataset.
The number of evaluation instances:  2067
torch.Size([3, 512])
/home/lyq2021/.conda/envs/lyq2021/lib/python3.10/site-packages/sklearn/metrics/_classification.py:1344: UndefinedMetricWarning: Precision is ill-defined and being set to 0.0 in samples with no predicted labels. Use `zero_division` parameter to control this behavior.
  _warn_prf(average, modifier, msg_start, len(result))
/home/lyq2021/.conda/envs/lyq2021/lib/python3.10/site-packages/sklearn/metrics/_classification.py:1344: UndefinedMetricWarning: Precision and F-score are ill-defined and being set to 0.0 in labels with no predicted samples. Use `zero_division` parameter to control this behavior.
  _warn_prf(average, modifier, msg_start, len(result))
/home/lyq2021/.conda/envs/lyq2021/lib/python3.10/site-packages/sklearn/metrics/_classification.py:1344: UndefinedMetricWarning: Precision and F-score are ill-defined and being set to 0.0 in samples with no predicted labels. Use `zero_division` parameter to control this behavior.
  _warn_prf(average, modifier, msg_start, len(result))
Acc. (Correct/Total): 63.33% Prec: 0.8002 F1: 0.7712
Precision, Recall and F1-Score...
              precision    recall  f1-score   support

         教育学     0.8745    0.9544    0.9127       241
          法学     0.8924    0.8884    0.8904       224
      中国语言文学     0.8304    0.7676    0.7978       185
         政治学     0.8099    0.6012    0.6901       163
         社会学     0.7798    0.8344    0.8062       157
         心理学     0.8723    0.6667    0.7558       123
       应用经济学     0.7619    0.5470    0.6368       117
         历史学     0.9481    0.6697    0.7849       109
     环境科学与工程     0.9167    0.8148    0.8627       108
          哲学     0.8209    0.5670    0.6707        97
      外国语言文学     0.7528    0.7882    0.7701        85
         生物学     0.8182    0.9114    0.8623        79
      交通运输工程     0.9024    0.9487    0.9250        78
        临床医学     0.9423    0.6447    0.7656        76
    计算机科学与技术     0.8056    0.8169    0.8112        71
        土木工程     0.9254    0.9394    0.9323        66
   航空宇航科学与技术     0.9219    0.9672    0.9440        61
         民族学     0.6818    0.5455    0.6061        55
   公共卫生与预防医学     0.7391    0.6667    0.7010        51
         美术学     0.9057    0.9600    0.9320        50
         艺术学     0.8919    0.7674    0.8250        43
         地理学     0.7609    0.8333    0.7955        42
         体育学     0.8966    0.6500    0.7536        40
       理论经济学     0.7297    0.7105    0.7200        38
         中医学     0.8462    0.8919    0.8684        37
         物理学     0.7750    0.8611    0.8158        36
          林学     0.8000    0.6061    0.6897        33
          数学     0.8125    0.4062    0.5417        32
     电子科学与技术     0.7600    0.6129    0.6786        31
        基础医学     0.5000    0.5172    0.5085        29
        工商管理     0.7692    0.7407    0.7547        27
       新闻传播学     0.8182    0.8182    0.8182        22
         天文学     0.7619    0.7273    0.7442        22
         地质学     0.8571    0.5714    0.6857        21
         畜牧学     0.8636    0.9048    0.8837        21
   军事思想及军事历史     0.7647    0.6500    0.7027        20
     管理科学与工程     0.6842    0.7222    0.7027        18
     测绘科学与技术     0.6667    0.7059    0.6857        17
        水利工程     1.0000    0.8125    0.8966        16
        大气科学     0.4839    0.9375    0.6383        16
     兵器科学与技术     0.8667    0.8667    0.8667        15
       地球物理学     0.5556    0.3571    0.4348        14
        电气工程     1.0000    0.5385    0.7000        13
         作物学     0.6154    0.6154    0.6154        13
     控制科学与工程     0.2000    0.1538    0.1739        13
     信息与通信工程     0.6875    0.8462    0.7586        13
        公共管理     1.0000    0.0769    0.1429        13
         建筑学     0.5714    0.3077    0.4000        13
     化学工程与技术     0.7857    0.9167    0.8462        12
          力学     1.0000    0.5455    0.7059        11
        海洋科学     0.9091    0.9091    0.9091        11
     轻工技术与工程     0.3500    0.6364    0.4516        11
        农业工程     0.8750    0.7000    0.7778        10
         园艺学     0.8000    0.8000    0.8000        10
       中西医结合     1.0000    0.1000    0.1818        10
        机械工程     0.7500    0.6667    0.7059         9
       科学技术史     1.0000    0.7500    0.8571         8
     船舶与海洋工程     0.6667    0.7500    0.7059         8
   图书情报与档案管理     0.6364    0.8750    0.7368         8
        植物保护     1.0000    0.8750    0.9333         8
     材料科学与工程     0.5000    0.1250    0.2000         8
         统计学     0.5455    0.7500    0.6316         8
          化学     0.8571    0.7500    0.8000         8
     食品科学与工程     1.0000    0.6250    0.7692         8
          水产     1.0000    0.7143    0.8333         7
          药学     0.8571    0.8571    0.8571         7
     农业资源与环境     1.0000    0.7143    0.8333         7
         世界史     0.6364    1.0000    0.7778         7
        系统科学     0.8333    0.7143    0.7692         7
      农林经济管理     0.8333    1.0000    0.9091         5
       军队指挥学     1.0000    0.4000    0.5714         5
        矿业工程     0.6000    0.6000    0.6000         5
     纺织科学与工程     0.7143    1.0000    0.8333         5
  动力工程及工程热物理     0.0000    0.0000    0.0000         4
        林业工程     0.5000    0.5000    0.5000         4
     仪器科学与技术     0.0000    0.0000    0.0000         3
         战略学     1.0000    0.3333    0.5000         3
   地质资源与地质工程     0.3750    1.0000    0.5455         3
        旅游管理     1.0000    1.0000    1.0000         3
 图书馆、情报与档案管理     0.2500    0.5000    0.3333         2
        冶金工程     1.0000    0.5000    0.6667         2
      核科学与技术     1.0000    0.5000    0.6667         2

   micro avg     0.8189    0.7514    0.7837      3093
   macro avg     0.7697    0.6807    0.6960      3093
weighted avg     0.8249    0.7514    0.7759      3093
 samples avg     0.8002    0.7669    0.7712      3093

