  0%|          | 0/82 [00:00<?, ?it/s]100%|██████████| 82/82 [00:00<00:00, 1154137.34it/s]
Vocabulary Size:  17964
[BertClassifier] use visible_matrix: True
Some weights of the model checkpoint at ./models/ernie1 were not used when initializing ErnieForMultiLabelSequenceClassification: ['cls.predictions.transform.LayerNorm.weight', 'cls.predictions.transform.dense.weight', 'cls.predictions.transform.dense.bias', 'cls.predictions.bias', 'ernie.pooler.dense.weight', 'cls.predictions.transform.LayerNorm.bias', 'ernie.pooler.dense.bias']
- This IS expected if you are initializing ErnieForMultiLabelSequenceClassification from the checkpoint of a model trained on another task or with another architecture (e.g. initializing a BertForSequenceClassification model from a BertForPreTraining model).
- This IS NOT expected if you are initializing ErnieForMultiLabelSequenceClassification from the checkpoint of a model that you expect to be exactly identical (initializing a BertForSequenceClassification model from a BertForSequenceClassification model).
Some weights of ErnieForMultiLabelSequenceClassification were not initialized from the model checkpoint at ./models/ernie1 and are newly initialized: ['output_layer_1.weight', 'output_layer_1.bias', 'output_layer_2.weight', 'output_layer_2.bias']
You should probably TRAIN this model on a down-stream task to be able to use it for predictions and inference.
1 GPUs are available. Let's use them.
device:  cuda
[KnowledgeGraph] Loading spo from /home/lyq2021/experiment/K-BERT-HUGGINGFACE/brain/kgs/CnDbpedia.spo
Start training.
Loading sentences from ./datasets/book_multilabels_task/train.tsv
There are 9098 sentence in total. We use 1 processes to inject knowledge into sentences.
Progress of process 0: 0/9098
Loading sentences from ./datasets/book_multilabels_task/dev.tsv
There are 2084 sentence in total. We use 1 processes to inject knowledge into sentences.
Progress of process 0: 0/2084
Loading sentences from ./datasets/book_multilabels_task/test.tsv
There are 2067 sentence in total. We use 1 processes to inject knowledge into sentences.
Progress of process 0: 0/2067
Epoch id: 1, Training steps: 100, Avg loss: 0.177, Time: 0:00:40
Epoch id: 1, Training steps: 200, Avg loss: 0.104, Time: 0:01:21
Epoch id: 1, Training steps: 300, Avg loss: 0.089, Time: 0:02:03
Epoch id: 1, Training steps: 400, Avg loss: 0.087, Time: 0:02:44
Epoch id: 1, Training steps: 500, Avg loss: 0.090, Time: 0:03:25
Epoch id: 1, Training steps: 600, Avg loss: 0.082, Time: 0:04:07
Epoch id: 1, Training steps: 700, Avg loss: 0.087, Time: 0:04:48
Start evaluation on dev dataset.
/home/lyq2021/.conda/envs/lyq2021/lib/python3.10/site-packages/sklearn/metrics/_classification.py:1344: UndefinedMetricWarning: Precision is ill-defined and being set to 0.0 in samples with no predicted labels. Use `zero_division` parameter to control this behavior.
  _warn_prf(average, modifier, msg_start, len(result))
Acc. (Correct/Total):  0.00%% Prec: 0.0000 F1: 0.0000
Epoch id: 2, Training steps: 100, Avg loss: 0.090, Time: 0:06:19
Epoch id: 2, Training steps: 200, Avg loss: 0.080, Time: 0:07:01
Epoch id: 2, Training steps: 300, Avg loss: 0.085, Time: 0:07:42
Epoch id: 2, Training steps: 400, Avg loss: 0.063, Time: 0:08:23
Epoch id: 2, Training steps: 500, Avg loss: 0.069, Time: 0:09:05
Epoch id: 2, Training steps: 600, Avg loss: 0.055, Time: 0:09:46
Epoch id: 2, Training steps: 700, Avg loss: 0.075, Time: 0:10:28
Start evaluation on dev dataset.
/home/lyq2021/.conda/envs/lyq2021/lib/python3.10/site-packages/sklearn/metrics/_classification.py:1344: UndefinedMetricWarning: Precision is ill-defined and being set to 0.0 in samples with no predicted labels. Use `zero_division` parameter to control this behavior.
  _warn_prf(average, modifier, msg_start, len(result))
Acc. (Correct/Total):  0.00%% Prec: 0.0000 F1: 0.0000
Epoch id: 3, Training steps: 100, Avg loss: 0.059, Time: 0:11:59
Epoch id: 3, Training steps: 200, Avg loss: 0.065, Time: 0:12:40
Epoch id: 3, Training steps: 300, Avg loss: 0.051, Time: 0:13:22
Epoch id: 3, Training steps: 400, Avg loss: 0.043, Time: 0:14:03
Epoch id: 3, Training steps: 500, Avg loss: 0.053, Time: 0:14:45
Epoch id: 3, Training steps: 600, Avg loss: 0.059, Time: 0:15:26
Epoch id: 3, Training steps: 700, Avg loss: 0.055, Time: 0:16:07
Start evaluation on dev dataset.
/home/lyq2021/.conda/envs/lyq2021/lib/python3.10/site-packages/sklearn/metrics/_classification.py:1344: UndefinedMetricWarning: Precision is ill-defined and being set to 0.0 in samples with no predicted labels. Use `zero_division` parameter to control this behavior.
  _warn_prf(average, modifier, msg_start, len(result))
Acc. (Correct/Total):  2.35%% Prec: 0.0986 F1: 0.0736
Start evaluation on test dataset.
torch.Size([3, 512])
/home/lyq2021/.conda/envs/lyq2021/lib/python3.10/site-packages/sklearn/metrics/_classification.py:1344: UndefinedMetricWarning: Precision is ill-defined and being set to 0.0 in samples with no predicted labels. Use `zero_division` parameter to control this behavior.
  _warn_prf(average, modifier, msg_start, len(result))
Acc. (Correct/Total):  3.43%% Prec: 0.1214 F1: 0.0931
Epoch id: 4, Training steps: 100, Avg loss: 0.046, Time: 0:18:04
Epoch id: 4, Training steps: 200, Avg loss: 0.033, Time: 0:18:45
Epoch id: 4, Training steps: 300, Avg loss: 0.042, Time: 0:19:27
Epoch id: 4, Training steps: 400, Avg loss: 0.029, Time: 0:20:08
Epoch id: 4, Training steps: 500, Avg loss: 0.043, Time: 0:20:50
Epoch id: 4, Training steps: 600, Avg loss: 0.049, Time: 0:21:31
Epoch id: 4, Training steps: 700, Avg loss: 0.056, Time: 0:22:13
Start evaluation on dev dataset.
/home/lyq2021/.conda/envs/lyq2021/lib/python3.10/site-packages/sklearn/metrics/_classification.py:1344: UndefinedMetricWarning: Precision is ill-defined and being set to 0.0 in samples with no predicted labels. Use `zero_division` parameter to control this behavior.
  _warn_prf(average, modifier, msg_start, len(result))
Acc. (Correct/Total):  9.84%% Prec: 0.2282 F1: 0.1853
Start evaluation on test dataset.
torch.Size([3, 512])
/home/lyq2021/.conda/envs/lyq2021/lib/python3.10/site-packages/sklearn/metrics/_classification.py:1344: UndefinedMetricWarning: Precision is ill-defined and being set to 0.0 in samples with no predicted labels. Use `zero_division` parameter to control this behavior.
  _warn_prf(average, modifier, msg_start, len(result))
Acc. (Correct/Total): 13.16%% Prec: 0.2593 F1: 0.2172
Epoch id: 5, Training steps: 100, Avg loss: 0.035, Time: 0:24:10
Epoch id: 5, Training steps: 200, Avg loss: 0.037, Time: 0:24:52
Epoch id: 5, Training steps: 300, Avg loss: 0.037, Time: 0:25:33
Epoch id: 5, Training steps: 400, Avg loss: 0.025, Time: 0:26:15
Epoch id: 5, Training steps: 500, Avg loss: 0.020, Time: 0:26:56
Epoch id: 5, Training steps: 600, Avg loss: 0.028, Time: 0:27:37
Epoch id: 5, Training steps: 700, Avg loss: 0.043, Time: 0:28:19
Start evaluation on dev dataset.
/home/lyq2021/.conda/envs/lyq2021/lib/python3.10/site-packages/sklearn/metrics/_classification.py:1344: UndefinedMetricWarning: Precision is ill-defined and being set to 0.0 in samples with no predicted labels. Use `zero_division` parameter to control this behavior.
  _warn_prf(average, modifier, msg_start, len(result))
Acc. (Correct/Total): 26.49%% Prec: 0.3992 F1: 0.3577
Start evaluation on test dataset.
torch.Size([3, 512])
/home/lyq2021/.conda/envs/lyq2021/lib/python3.10/site-packages/sklearn/metrics/_classification.py:1344: UndefinedMetricWarning: Precision is ill-defined and being set to 0.0 in samples with no predicted labels. Use `zero_division` parameter to control this behavior.
  _warn_prf(average, modifier, msg_start, len(result))
Acc. (Correct/Total): 29.75%% Prec: 0.4284 F1: 0.3883
Epoch id: 6, Training steps: 100, Avg loss: 0.029, Time: 0:30:16
Epoch id: 6, Training steps: 200, Avg loss: 0.037, Time: 0:30:58
Epoch id: 6, Training steps: 300, Avg loss: 0.017, Time: 0:31:39
Epoch id: 6, Training steps: 400, Avg loss: 0.025, Time: 0:32:21
Epoch id: 6, Training steps: 500, Avg loss: 0.021, Time: 0:33:02
Epoch id: 6, Training steps: 600, Avg loss: 0.019, Time: 0:33:44
Epoch id: 6, Training steps: 700, Avg loss: 0.026, Time: 0:34:25
Start evaluation on dev dataset.
/home/lyq2021/.conda/envs/lyq2021/lib/python3.10/site-packages/sklearn/metrics/_classification.py:1344: UndefinedMetricWarning: Precision is ill-defined and being set to 0.0 in samples with no predicted labels. Use `zero_division` parameter to control this behavior.
  _warn_prf(average, modifier, msg_start, len(result))
Acc. (Correct/Total): 30.66%% Prec: 0.4818 F1: 0.4251
Start evaluation on test dataset.
torch.Size([3, 512])
/home/lyq2021/.conda/envs/lyq2021/lib/python3.10/site-packages/sklearn/metrics/_classification.py:1344: UndefinedMetricWarning: Precision is ill-defined and being set to 0.0 in samples with no predicted labels. Use `zero_division` parameter to control this behavior.
  _warn_prf(average, modifier, msg_start, len(result))
Acc. (Correct/Total): 36.24%% Prec: 0.5244 F1: 0.4732
Epoch id: 7, Training steps: 100, Avg loss: 0.023, Time: 0:36:23
Epoch id: 7, Training steps: 200, Avg loss: 0.030, Time: 0:37:04
Epoch id: 7, Training steps: 300, Avg loss: 0.025, Time: 0:37:46
Epoch id: 7, Training steps: 400, Avg loss: 0.015, Time: 0:38:27
Epoch id: 7, Training steps: 500, Avg loss: 0.024, Time: 0:39:09
Epoch id: 7, Training steps: 600, Avg loss: 0.020, Time: 0:39:50
Epoch id: 7, Training steps: 700, Avg loss: 0.019, Time: 0:40:32
Start evaluation on dev dataset.
/home/lyq2021/.conda/envs/lyq2021/lib/python3.10/site-packages/sklearn/metrics/_classification.py:1344: UndefinedMetricWarning: Precision is ill-defined and being set to 0.0 in samples with no predicted labels. Use `zero_division` parameter to control this behavior.
  _warn_prf(average, modifier, msg_start, len(result))
Acc. (Correct/Total): 34.36%% Prec: 0.5106 F1: 0.4567
Start evaluation on test dataset.
torch.Size([3, 512])
/home/lyq2021/.conda/envs/lyq2021/lib/python3.10/site-packages/sklearn/metrics/_classification.py:1344: UndefinedMetricWarning: Precision is ill-defined and being set to 0.0 in samples with no predicted labels. Use `zero_division` parameter to control this behavior.
  _warn_prf(average, modifier, msg_start, len(result))
Acc. (Correct/Total): 39.62%% Prec: 0.5617 F1: 0.5086
Epoch id: 8, Training steps: 100, Avg loss: 0.013, Time: 0:42:30
Epoch id: 8, Training steps: 200, Avg loss: 0.026, Time: 0:43:11
Epoch id: 8, Training steps: 300, Avg loss: 0.014, Time: 0:43:53
Epoch id: 8, Training steps: 400, Avg loss: 0.036, Time: 0:44:34
Epoch id: 8, Training steps: 500, Avg loss: 0.016, Time: 0:45:16
Epoch id: 8, Training steps: 600, Avg loss: 0.020, Time: 0:45:57
Epoch id: 8, Training steps: 700, Avg loss: 0.025, Time: 0:46:38
Start evaluation on dev dataset.
/home/lyq2021/.conda/envs/lyq2021/lib/python3.10/site-packages/sklearn/metrics/_classification.py:1344: UndefinedMetricWarning: Precision is ill-defined and being set to 0.0 in samples with no predicted labels. Use `zero_division` parameter to control this behavior.
  _warn_prf(average, modifier, msg_start, len(result))
Acc. (Correct/Total): 40.12%% Prec: 0.5878 F1: 0.5294
Start evaluation on test dataset.
torch.Size([3, 512])
/home/lyq2021/.conda/envs/lyq2021/lib/python3.10/site-packages/sklearn/metrics/_classification.py:1344: UndefinedMetricWarning: Precision is ill-defined and being set to 0.0 in samples with no predicted labels. Use `zero_division` parameter to control this behavior.
  _warn_prf(average, modifier, msg_start, len(result))
Acc. (Correct/Total): 45.86%% Prec: 0.6305 F1: 0.5776
Epoch id: 9, Training steps: 100, Avg loss: 0.020, Time: 0:48:36
Epoch id: 9, Training steps: 200, Avg loss: 0.009, Time: 0:49:17
Epoch id: 9, Training steps: 300, Avg loss: 0.012, Time: 0:49:59
Epoch id: 9, Training steps: 400, Avg loss: 0.018, Time: 0:50:40
Epoch id: 9, Training steps: 500, Avg loss: 0.013, Time: 0:51:22
Epoch id: 9, Training steps: 600, Avg loss: 0.026, Time: 0:52:03
Epoch id: 9, Training steps: 700, Avg loss: 0.021, Time: 0:52:45
Start evaluation on dev dataset.
/home/lyq2021/.conda/envs/lyq2021/lib/python3.10/site-packages/sklearn/metrics/_classification.py:1344: UndefinedMetricWarning: Precision is ill-defined and being set to 0.0 in samples with no predicted labels. Use `zero_division` parameter to control this behavior.
  _warn_prf(average, modifier, msg_start, len(result))
Acc. (Correct/Total): 41.60%% Prec: 0.6104 F1: 0.5498
Start evaluation on test dataset.
torch.Size([3, 512])
/home/lyq2021/.conda/envs/lyq2021/lib/python3.10/site-packages/sklearn/metrics/_classification.py:1344: UndefinedMetricWarning: Precision is ill-defined and being set to 0.0 in samples with no predicted labels. Use `zero_division` parameter to control this behavior.
  _warn_prf(average, modifier, msg_start, len(result))
Acc. (Correct/Total): 46.11%% Prec: 0.6434 F1: 0.5872
Epoch id: 10, Training steps: 100, Avg loss: 0.013, Time: 0:54:43
Epoch id: 10, Training steps: 200, Avg loss: 0.016, Time: 0:55:24
Epoch id: 10, Training steps: 300, Avg loss: 0.010, Time: 0:56:06
Epoch id: 10, Training steps: 400, Avg loss: 0.011, Time: 0:56:47
Epoch id: 10, Training steps: 500, Avg loss: 0.011, Time: 0:57:29
Epoch id: 10, Training steps: 600, Avg loss: 0.012, Time: 0:58:10
Epoch id: 10, Training steps: 700, Avg loss: 0.013, Time: 0:58:52
Start evaluation on dev dataset.
/home/lyq2021/.conda/envs/lyq2021/lib/python3.10/site-packages/sklearn/metrics/_classification.py:1344: UndefinedMetricWarning: Precision is ill-defined and being set to 0.0 in samples with no predicted labels. Use `zero_division` parameter to control this behavior.
  _warn_prf(average, modifier, msg_start, len(result))
Acc. (Correct/Total): 41.70%% Prec: 0.6294 F1: 0.5654
Start evaluation on test dataset.
torch.Size([3, 512])
/home/lyq2021/.conda/envs/lyq2021/lib/python3.10/site-packages/sklearn/metrics/_classification.py:1344: UndefinedMetricWarning: Precision is ill-defined and being set to 0.0 in samples with no predicted labels. Use `zero_division` parameter to control this behavior.
  _warn_prf(average, modifier, msg_start, len(result))
Acc. (Correct/Total): 49.64%% Prec: 0.6834 F1: 0.6279
Epoch id: 11, Training steps: 100, Avg loss: 0.012, Time: 1:00:50
Epoch id: 11, Training steps: 200, Avg loss: 0.021, Time: 1:01:31
Epoch id: 11, Training steps: 300, Avg loss: 0.011, Time: 1:02:13
Epoch id: 11, Training steps: 400, Avg loss: 0.008, Time: 1:02:54
Epoch id: 11, Training steps: 500, Avg loss: 0.007, Time: 1:03:36
Epoch id: 11, Training steps: 600, Avg loss: 0.017, Time: 1:04:17
Epoch id: 11, Training steps: 700, Avg loss: 0.008, Time: 1:04:59
Start evaluation on dev dataset.
/home/lyq2021/.conda/envs/lyq2021/lib/python3.10/site-packages/sklearn/metrics/_classification.py:1344: UndefinedMetricWarning: Precision is ill-defined and being set to 0.0 in samples with no predicted labels. Use `zero_division` parameter to control this behavior.
  _warn_prf(average, modifier, msg_start, len(result))
Acc. (Correct/Total): 46.40%% Prec: 0.6659 F1: 0.6078
Start evaluation on test dataset.
torch.Size([3, 512])
/home/lyq2021/.conda/envs/lyq2021/lib/python3.10/site-packages/sklearn/metrics/_classification.py:1344: UndefinedMetricWarning: Precision is ill-defined and being set to 0.0 in samples with no predicted labels. Use `zero_division` parameter to control this behavior.
  _warn_prf(average, modifier, msg_start, len(result))
Acc. (Correct/Total): 51.96%% Prec: 0.7044 F1: 0.6513
Epoch id: 12, Training steps: 100, Avg loss: 0.015, Time: 1:06:57
Epoch id: 12, Training steps: 200, Avg loss: 0.003, Time: 1:07:38
Epoch id: 12, Training steps: 300, Avg loss: 0.017, Time: 1:08:20
Epoch id: 12, Training steps: 400, Avg loss: 0.008, Time: 1:09:01
Epoch id: 12, Training steps: 500, Avg loss: 0.014, Time: 1:09:43
Epoch id: 12, Training steps: 600, Avg loss: 0.012, Time: 1:10:24
Epoch id: 12, Training steps: 700, Avg loss: 0.014, Time: 1:11:05
Start evaluation on dev dataset.
/home/lyq2021/.conda/envs/lyq2021/lib/python3.10/site-packages/sklearn/metrics/_classification.py:1344: UndefinedMetricWarning: Precision is ill-defined and being set to 0.0 in samples with no predicted labels. Use `zero_division` parameter to control this behavior.
  _warn_prf(average, modifier, msg_start, len(result))
Acc. (Correct/Total): 45.35%% Prec: 0.6583 F1: 0.5984
Epoch id: 13, Training steps: 100, Avg loss: 0.007, Time: 1:12:36
Epoch id: 13, Training steps: 200, Avg loss: 0.003, Time: 1:13:17
Epoch id: 13, Training steps: 300, Avg loss: 0.010, Time: 1:13:58
Epoch id: 13, Training steps: 400, Avg loss: 0.007, Time: 1:14:40
Epoch id: 13, Training steps: 500, Avg loss: 0.006, Time: 1:15:21
Epoch id: 13, Training steps: 600, Avg loss: 0.025, Time: 1:16:03
Epoch id: 13, Training steps: 700, Avg loss: 0.007, Time: 1:16:44
Start evaluation on dev dataset.
/home/lyq2021/.conda/envs/lyq2021/lib/python3.10/site-packages/sklearn/metrics/_classification.py:1344: UndefinedMetricWarning: Precision is ill-defined and being set to 0.0 in samples with no predicted labels. Use `zero_division` parameter to control this behavior.
  _warn_prf(average, modifier, msg_start, len(result))
Acc. (Correct/Total): 47.26%% Prec: 0.6723 F1: 0.6168
Start evaluation on test dataset.
torch.Size([3, 512])
/home/lyq2021/.conda/envs/lyq2021/lib/python3.10/site-packages/sklearn/metrics/_classification.py:1344: UndefinedMetricWarning: Precision is ill-defined and being set to 0.0 in samples with no predicted labels. Use `zero_division` parameter to control this behavior.
  _warn_prf(average, modifier, msg_start, len(result))
Acc. (Correct/Total): 53.17%% Prec: 0.7225 F1: 0.6666
Epoch id: 14, Training steps: 100, Avg loss: 0.008, Time: 1:18:42
Epoch id: 14, Training steps: 200, Avg loss: 0.008, Time: 1:19:23
Epoch id: 14, Training steps: 300, Avg loss: 0.022, Time: 1:20:05
Epoch id: 14, Training steps: 400, Avg loss: 0.010, Time: 1:20:46
Epoch id: 14, Training steps: 500, Avg loss: 0.014, Time: 1:21:28
Epoch id: 14, Training steps: 600, Avg loss: 0.006, Time: 1:22:09
Epoch id: 14, Training steps: 700, Avg loss: 0.010, Time: 1:22:51
Start evaluation on dev dataset.
/home/lyq2021/.conda/envs/lyq2021/lib/python3.10/site-packages/sklearn/metrics/_classification.py:1344: UndefinedMetricWarning: Precision is ill-defined and being set to 0.0 in samples with no predicted labels. Use `zero_division` parameter to control this behavior.
  _warn_prf(average, modifier, msg_start, len(result))
Acc. (Correct/Total): 47.22%% Prec: 0.6701 F1: 0.6157
Epoch id: 15, Training steps: 100, Avg loss: 0.006, Time: 1:24:22
Epoch id: 15, Training steps: 200, Avg loss: 0.004, Time: 1:25:03
Epoch id: 15, Training steps: 300, Avg loss: 0.006, Time: 1:25:45
Epoch id: 15, Training steps: 400, Avg loss: 0.004, Time: 1:26:26
Epoch id: 15, Training steps: 500, Avg loss: 0.006, Time: 1:27:08
Epoch id: 15, Training steps: 600, Avg loss: 0.007, Time: 1:27:49
Epoch id: 15, Training steps: 700, Avg loss: 0.003, Time: 1:28:30
Start evaluation on dev dataset.
/home/lyq2021/.conda/envs/lyq2021/lib/python3.10/site-packages/sklearn/metrics/_classification.py:1344: UndefinedMetricWarning: Precision is ill-defined and being set to 0.0 in samples with no predicted labels. Use `zero_division` parameter to control this behavior.
  _warn_prf(average, modifier, msg_start, len(result))
Acc. (Correct/Total): 49.04%% Prec: 0.7013 F1: 0.6435
Start evaluation on test dataset.
torch.Size([3, 512])
/home/lyq2021/.conda/envs/lyq2021/lib/python3.10/site-packages/sklearn/metrics/_classification.py:1344: UndefinedMetricWarning: Precision is ill-defined and being set to 0.0 in samples with no predicted labels. Use `zero_division` parameter to control this behavior.
  _warn_prf(average, modifier, msg_start, len(result))
Acc. (Correct/Total): 56.41%% Prec: 0.7504 F1: 0.6970
Epoch id: 16, Training steps: 100, Avg loss: 0.008, Time: 1:30:28
Epoch id: 16, Training steps: 200, Avg loss: 0.007, Time: 1:31:10
Epoch id: 16, Training steps: 300, Avg loss: 0.006, Time: 1:31:51
Epoch id: 16, Training steps: 400, Avg loss: 0.009, Time: 1:32:33
Epoch id: 16, Training steps: 500, Avg loss: 0.008, Time: 1:33:14
Epoch id: 16, Training steps: 600, Avg loss: 0.004, Time: 1:33:55
Epoch id: 16, Training steps: 700, Avg loss: 0.004, Time: 1:34:37
Start evaluation on dev dataset.
/home/lyq2021/.conda/envs/lyq2021/lib/python3.10/site-packages/sklearn/metrics/_classification.py:1344: UndefinedMetricWarning: Precision is ill-defined and being set to 0.0 in samples with no predicted labels. Use `zero_division` parameter to control this behavior.
  _warn_prf(average, modifier, msg_start, len(result))
Acc. (Correct/Total): 48.08%% Prec: 0.6939 F1: 0.6357
Epoch id: 17, Training steps: 100, Avg loss: 0.006, Time: 1:36:08
Epoch id: 17, Training steps: 200, Avg loss: 0.002, Time: 1:36:49
Epoch id: 17, Training steps: 300, Avg loss: 0.002, Time: 1:37:31
Epoch id: 17, Training steps: 400, Avg loss: 0.007, Time: 1:38:12
Epoch id: 17, Training steps: 500, Avg loss: 0.003, Time: 1:38:54
Epoch id: 17, Training steps: 600, Avg loss: 0.005, Time: 1:39:35
Epoch id: 17, Training steps: 700, Avg loss: 0.003, Time: 1:40:17
Start evaluation on dev dataset.
/home/lyq2021/.conda/envs/lyq2021/lib/python3.10/site-packages/sklearn/metrics/_classification.py:1344: UndefinedMetricWarning: Precision is ill-defined and being set to 0.0 in samples with no predicted labels. Use `zero_division` parameter to control this behavior.
  _warn_prf(average, modifier, msg_start, len(result))
Acc. (Correct/Total): 51.30%% Prec: 0.7190 F1: 0.6696
Start evaluation on test dataset.
torch.Size([3, 512])
/home/lyq2021/.conda/envs/lyq2021/lib/python3.10/site-packages/sklearn/metrics/_classification.py:1344: UndefinedMetricWarning: Precision is ill-defined and being set to 0.0 in samples with no predicted labels. Use `zero_division` parameter to control this behavior.
  _warn_prf(average, modifier, msg_start, len(result))
Acc. (Correct/Total): 58.06%% Prec: 0.7626 F1: 0.7128
Epoch id: 18, Training steps: 100, Avg loss: 0.005, Time: 1:42:14
Epoch id: 18, Training steps: 200, Avg loss: 0.005, Time: 1:42:56
Epoch id: 18, Training steps: 300, Avg loss: 0.019, Time: 1:43:37
Epoch id: 18, Training steps: 400, Avg loss: 0.002, Time: 1:44:19
Epoch id: 18, Training steps: 500, Avg loss: 0.005, Time: 1:45:00
Epoch id: 18, Training steps: 600, Avg loss: 0.003, Time: 1:45:42
Epoch id: 18, Training steps: 700, Avg loss: 0.002, Time: 1:46:23
Start evaluation on dev dataset.
/home/lyq2021/.conda/envs/lyq2021/lib/python3.10/site-packages/sklearn/metrics/_classification.py:1344: UndefinedMetricWarning: Precision is ill-defined and being set to 0.0 in samples with no predicted labels. Use `zero_division` parameter to control this behavior.
  _warn_prf(average, modifier, msg_start, len(result))
Acc. (Correct/Total): 50.00%% Prec: 0.7118 F1: 0.6570
Epoch id: 19, Training steps: 100, Avg loss: 0.001, Time: 1:47:54
Epoch id: 19, Training steps: 200, Avg loss: 0.003, Time: 1:48:36
Epoch id: 19, Training steps: 300, Avg loss: 0.010, Time: 1:49:17
Epoch id: 19, Training steps: 400, Avg loss: 0.003, Time: 1:49:58
Epoch id: 19, Training steps: 500, Avg loss: 0.006, Time: 1:50:40
Epoch id: 19, Training steps: 600, Avg loss: 0.005, Time: 1:51:21
Epoch id: 19, Training steps: 700, Avg loss: 0.008, Time: 1:52:03
Start evaluation on dev dataset.
/home/lyq2021/.conda/envs/lyq2021/lib/python3.10/site-packages/sklearn/metrics/_classification.py:1344: UndefinedMetricWarning: Precision is ill-defined and being set to 0.0 in samples with no predicted labels. Use `zero_division` parameter to control this behavior.
  _warn_prf(average, modifier, msg_start, len(result))
Acc. (Correct/Total): 50.24%% Prec: 0.7129 F1: 0.6600
Epoch id: 20, Training steps: 100, Avg loss: 0.001, Time: 1:53:34
Epoch id: 20, Training steps: 200, Avg loss: 0.003, Time: 1:54:15
Epoch id: 20, Training steps: 300, Avg loss: 0.004, Time: 1:54:57
Epoch id: 20, Training steps: 400, Avg loss: 0.001, Time: 1:55:38
Epoch id: 20, Training steps: 500, Avg loss: 0.003, Time: 1:56:20
Epoch id: 20, Training steps: 600, Avg loss: 0.006, Time: 1:57:01
Epoch id: 20, Training steps: 700, Avg loss: 0.004, Time: 1:57:43
Start evaluation on dev dataset.
/home/lyq2021/.conda/envs/lyq2021/lib/python3.10/site-packages/sklearn/metrics/_classification.py:1344: UndefinedMetricWarning: Precision is ill-defined and being set to 0.0 in samples with no predicted labels. Use `zero_division` parameter to control this behavior.
  _warn_prf(average, modifier, msg_start, len(result))
Acc. (Correct/Total): 51.34%% Prec: 0.7099 F1: 0.6619
Start evaluation on test dataset.
torch.Size([3, 512])
/home/lyq2021/.conda/envs/lyq2021/lib/python3.10/site-packages/sklearn/metrics/_classification.py:1344: UndefinedMetricWarning: Precision is ill-defined and being set to 0.0 in samples with no predicted labels. Use `zero_division` parameter to control this behavior.
  _warn_prf(average, modifier, msg_start, len(result))
Acc. (Correct/Total): 58.88%% Prec: 0.7710 F1: 0.7234
Final evaluation on the test dataset.
The number of evaluation instances:  2067
torch.Size([3, 512])
/home/lyq2021/.conda/envs/lyq2021/lib/python3.10/site-packages/sklearn/metrics/_classification.py:1344: UndefinedMetricWarning: Precision is ill-defined and being set to 0.0 in samples with no predicted labels. Use `zero_division` parameter to control this behavior.
  _warn_prf(average, modifier, msg_start, len(result))
/home/lyq2021/.conda/envs/lyq2021/lib/python3.10/site-packages/sklearn/metrics/_classification.py:1344: UndefinedMetricWarning: Precision and F-score are ill-defined and being set to 0.0 in labels with no predicted samples. Use `zero_division` parameter to control this behavior.
  _warn_prf(average, modifier, msg_start, len(result))
/home/lyq2021/.conda/envs/lyq2021/lib/python3.10/site-packages/sklearn/metrics/_classification.py:1344: UndefinedMetricWarning: Precision and F-score are ill-defined and being set to 0.0 in samples with no predicted labels. Use `zero_division` parameter to control this behavior.
  _warn_prf(average, modifier, msg_start, len(result))
Acc. (Correct/Total): 58.88% Prec: 0.7710 F1: 0.7234
Precision, Recall and F1-Score...
              precision    recall  f1-score   support

         教育学     0.8866    0.9087    0.8975       241
          法学     0.8257    0.8884    0.8559       224
      中国语言文学     0.8917    0.7568    0.8187       185
         政治学     0.7417    0.6871    0.7134       163
         社会学     0.8562    0.7962    0.8251       157
         心理学     0.9500    0.4634    0.6230       123
       应用经济学     0.7467    0.4786    0.5833       117
         历史学     0.8814    0.4771    0.6190       109
     环境科学与工程     0.8941    0.7037    0.7876       108
          哲学     0.8438    0.5567    0.6708        97
      外国语言文学     0.7941    0.6353    0.7059        85
         生物学     0.8400    0.7975    0.8182        79
      交通运输工程     0.8875    0.9103    0.8987        78
        临床医学     0.8194    0.7763    0.7973        76
    计算机科学与技术     0.6829    0.7887    0.7320        71
        土木工程     0.9531    0.9242    0.9385        66
   航空宇航科学与技术     0.9167    0.9016    0.9091        61
         民族学     0.4430    0.6364    0.5224        55
   公共卫生与预防医学     0.7209    0.6078    0.6596        51
         美术学     0.8571    0.9600    0.9057        50
         艺术学     0.8205    0.7442    0.7805        43
         地理学     0.8148    0.5238    0.6377        42
         体育学     0.9474    0.4500    0.6102        40
       理论经济学     0.9200    0.6053    0.7302        38
         中医学     0.9091    0.8108    0.8571        37
         物理学     0.8750    0.7778    0.8235        36
          林学     0.7500    0.5455    0.6316        33
          数学     0.8095    0.5312    0.6415        32
     电子科学与技术     0.6400    0.5161    0.5714        31
        基础医学     0.6429    0.3103    0.4186        29
        工商管理     0.7600    0.7037    0.7308        27
       新闻传播学     0.8235    0.6364    0.7179        22
         天文学     0.8095    0.7727    0.7907        22
         地质学     0.8421    0.7619    0.8000        21
         畜牧学     0.8571    0.8571    0.8571        21
   军事思想及军事历史     0.9375    0.7500    0.8333        20
     管理科学与工程     0.6316    0.6667    0.6486        18
     测绘科学与技术     0.8000    0.4706    0.5926        17
        水利工程     0.8750    0.4375    0.5833        16
        大气科学     0.9000    0.5625    0.6923        16
     兵器科学与技术     0.8333    0.6667    0.7407        15
       地球物理学     1.0000    0.1429    0.2500        14
        电气工程     0.8333    0.3846    0.5263        13
         作物学     0.6364    0.5385    0.5833        13
     控制科学与工程     0.4000    0.1538    0.2222        13
     信息与通信工程     1.0000    0.2308    0.3750        13
        公共管理     0.0000    0.0000    0.0000        13
         建筑学     0.6667    0.1538    0.2500        13
     化学工程与技术     0.6154    0.6667    0.6400        12
          力学     0.9000    0.8182    0.8571        11
        海洋科学     1.0000    0.8182    0.9000        11
     轻工技术与工程     0.4167    0.4545    0.4348        11
        农业工程     1.0000    0.3000    0.4615        10
         园艺学     0.8889    0.8000    0.8421        10
       中西医结合     1.0000    0.7000    0.8235        10
        机械工程     1.0000    0.5556    0.7143         9
       科学技术史     1.0000    0.7500    0.8571         8
     船舶与海洋工程     0.8000    0.5000    0.6154         8
   图书情报与档案管理     0.6667    0.5000    0.5714         8
        植物保护     0.7500    0.3750    0.5000         8
     材料科学与工程     0.8333    0.6250    0.7143         8
         统计学     0.5455    0.7500    0.6316         8
          化学     1.0000    0.7500    0.8571         8
     食品科学与工程     1.0000    0.1250    0.2222         8
          水产     0.8000    0.5714    0.6667         7
          药学     0.8571    0.8571    0.8571         7
     农业资源与环境     1.0000    0.1429    0.2500         7
         世界史     1.0000    0.8571    0.9231         7
        系统科学     0.8000    0.5714    0.6667         7
      农林经济管理     0.5000    0.2000    0.2857         5
       军队指挥学     1.0000    0.2000    0.3333         5
        矿业工程     0.6667    0.4000    0.5000         5
     纺织科学与工程     0.7143    1.0000    0.8333         5
  动力工程及工程热物理     0.0000    0.0000    0.0000         4
        林业工程     0.0000    0.0000    0.0000         4
     仪器科学与技术     0.0000    0.0000    0.0000         3
         战略学     1.0000    0.3333    0.5000         3
   地质资源与地质工程     0.0000    0.0000    0.0000         3
        旅游管理     0.0000    0.0000    0.0000         3
 图书馆、情报与档案管理     0.0000    0.0000    0.0000         2
        冶金工程     0.0000    0.0000    0.0000         2
      核科学与技术     0.0000    0.0000    0.0000         2

   micro avg     0.8218    0.6861    0.7478      3093
   macro avg     0.7308    0.5364    0.5931      3093
weighted avg     0.8211    0.6861    0.7326      3093
 samples avg     0.7710    0.7024    0.7234      3093

