  0%|          | 0/82 [00:00<?, ?it/s]100%|██████████| 82/82 [00:00<00:00, 1091850.57it/s]
Vocabulary Size:  17964
[BertClassifier] use visible_matrix: False
Some weights of the model checkpoint at ./models/ernie1 were not used when initializing ErnieForMultiLabelSequenceClassification: ['cls.predictions.transform.LayerNorm.weight', 'ernie.pooler.dense.weight', 'cls.predictions.bias', 'ernie.pooler.dense.bias', 'cls.predictions.transform.dense.bias', 'cls.predictions.transform.LayerNorm.bias', 'cls.predictions.transform.dense.weight']
- This IS expected if you are initializing ErnieForMultiLabelSequenceClassification from the checkpoint of a model trained on another task or with another architecture (e.g. initializing a BertForSequenceClassification model from a BertForPreTraining model).
- This IS NOT expected if you are initializing ErnieForMultiLabelSequenceClassification from the checkpoint of a model that you expect to be exactly identical (initializing a BertForSequenceClassification model from a BertForSequenceClassification model).
Some weights of ErnieForMultiLabelSequenceClassification were not initialized from the model checkpoint at ./models/ernie1 and are newly initialized: ['output_layer_2.weight', 'output_layer_1.bias', 'output_layer_2.bias', 'output_layer_1.weight']
You should probably TRAIN this model on a down-stream task to be able to use it for predictions and inference.
1 GPUs are available. Let's use them.
device:  cuda
Start training.
Loading sentences from ./datasets/book_multilabels_task/train.tsv
There are 9098 sentence in total. We use 1 processes to inject knowledge into sentences.
Progress of process 0: 0/9098
Loading sentences from ./datasets/book_multilabels_task/dev.tsv
There are 2084 sentence in total. We use 1 processes to inject knowledge into sentences.
Progress of process 0: 0/2084
Loading sentences from ./datasets/book_multilabels_task/test.tsv
There are 2067 sentence in total. We use 1 processes to inject knowledge into sentences.
Progress of process 0: 0/2067
Epoch id: 1, Training steps: 100, Avg loss: 0.177, Time: 0:00:42
Epoch id: 1, Training steps: 200, Avg loss: 0.104, Time: 0:01:24
Epoch id: 1, Training steps: 300, Avg loss: 0.089, Time: 0:02:06
Epoch id: 1, Training steps: 400, Avg loss: 0.087, Time: 0:02:48
Epoch id: 1, Training steps: 500, Avg loss: 0.090, Time: 0:03:30
Epoch id: 1, Training steps: 600, Avg loss: 0.082, Time: 0:04:11
Epoch id: 1, Training steps: 700, Avg loss: 0.087, Time: 0:04:53
Start evaluation on dev dataset.
/home/lyq2021/.conda/envs/lyq2021/lib/python3.10/site-packages/sklearn/metrics/_classification.py:1344: UndefinedMetricWarning: Precision is ill-defined and being set to 0.0 in samples with no predicted labels. Use `zero_division` parameter to control this behavior.
  _warn_prf(average, modifier, msg_start, len(result))
Acc. (Correct/Total):  0.00%% Prec: 0.0000 F1: 0.0000
Epoch id: 2, Training steps: 100, Avg loss: 0.089, Time: 0:06:24
Epoch id: 2, Training steps: 200, Avg loss: 0.081, Time: 0:07:06
Epoch id: 2, Training steps: 300, Avg loss: 0.085, Time: 0:07:48
Epoch id: 2, Training steps: 400, Avg loss: 0.064, Time: 0:08:30
Epoch id: 2, Training steps: 500, Avg loss: 0.070, Time: 0:09:12
Epoch id: 2, Training steps: 600, Avg loss: 0.052, Time: 0:09:54
Epoch id: 2, Training steps: 700, Avg loss: 0.073, Time: 0:10:36
Start evaluation on dev dataset.
/home/lyq2021/.conda/envs/lyq2021/lib/python3.10/site-packages/sklearn/metrics/_classification.py:1344: UndefinedMetricWarning: Precision is ill-defined and being set to 0.0 in samples with no predicted labels. Use `zero_division` parameter to control this behavior.
  _warn_prf(average, modifier, msg_start, len(result))
Acc. (Correct/Total):  0.00%% Prec: 0.0000 F1: 0.0000
Epoch id: 3, Training steps: 100, Avg loss: 0.062, Time: 0:12:06
Epoch id: 3, Training steps: 200, Avg loss: 0.062, Time: 0:12:48
Epoch id: 3, Training steps: 300, Avg loss: 0.051, Time: 0:13:30
Epoch id: 3, Training steps: 400, Avg loss: 0.039, Time: 0:14:12
Epoch id: 3, Training steps: 500, Avg loss: 0.053, Time: 0:14:54
Epoch id: 3, Training steps: 600, Avg loss: 0.055, Time: 0:15:36
Epoch id: 3, Training steps: 700, Avg loss: 0.053, Time: 0:16:18
Start evaluation on dev dataset.
/home/lyq2021/.conda/envs/lyq2021/lib/python3.10/site-packages/sklearn/metrics/_classification.py:1344: UndefinedMetricWarning: Precision is ill-defined and being set to 0.0 in samples with no predicted labels. Use `zero_division` parameter to control this behavior.
  _warn_prf(average, modifier, msg_start, len(result))
Acc. (Correct/Total):  3.41%% Prec: 0.1017 F1: 0.0788
Start evaluation on test dataset.
torch.Size([3, 512])
/home/lyq2021/.conda/envs/lyq2021/lib/python3.10/site-packages/sklearn/metrics/_classification.py:1344: UndefinedMetricWarning: Precision is ill-defined and being set to 0.0 in samples with no predicted labels. Use `zero_division` parameter to control this behavior.
  _warn_prf(average, modifier, msg_start, len(result))
Acc. (Correct/Total):  5.76%% Prec: 0.1270 F1: 0.1038
Epoch id: 4, Training steps: 100, Avg loss: 0.044, Time: 0:18:14
Epoch id: 4, Training steps: 200, Avg loss: 0.032, Time: 0:18:56
Epoch id: 4, Training steps: 300, Avg loss: 0.039, Time: 0:19:38
Epoch id: 4, Training steps: 400, Avg loss: 0.029, Time: 0:20:20
Epoch id: 4, Training steps: 500, Avg loss: 0.040, Time: 0:21:02
Epoch id: 4, Training steps: 600, Avg loss: 0.042, Time: 0:21:44
Epoch id: 4, Training steps: 700, Avg loss: 0.051, Time: 0:22:26
Start evaluation on dev dataset.
/home/lyq2021/.conda/envs/lyq2021/lib/python3.10/site-packages/sklearn/metrics/_classification.py:1344: UndefinedMetricWarning: Precision is ill-defined and being set to 0.0 in samples with no predicted labels. Use `zero_division` parameter to control this behavior.
  _warn_prf(average, modifier, msg_start, len(result))
Acc. (Correct/Total): 19.63%% Prec: 0.3117 F1: 0.2746
Start evaluation on test dataset.
torch.Size([3, 512])
/home/lyq2021/.conda/envs/lyq2021/lib/python3.10/site-packages/sklearn/metrics/_classification.py:1344: UndefinedMetricWarning: Precision is ill-defined and being set to 0.0 in samples with no predicted labels. Use `zero_division` parameter to control this behavior.
  _warn_prf(average, modifier, msg_start, len(result))
Acc. (Correct/Total): 25.69%% Prec: 0.3812 F1: 0.3407
Epoch id: 5, Training steps: 100, Avg loss: 0.035, Time: 0:24:22
Epoch id: 5, Training steps: 200, Avg loss: 0.035, Time: 0:25:04
Epoch id: 5, Training steps: 300, Avg loss: 0.034, Time: 0:25:46
Epoch id: 5, Training steps: 400, Avg loss: 0.026, Time: 0:26:29
Epoch id: 5, Training steps: 500, Avg loss: 0.020, Time: 0:27:11
Epoch id: 5, Training steps: 600, Avg loss: 0.023, Time: 0:27:53
Epoch id: 5, Training steps: 700, Avg loss: 0.043, Time: 0:28:35
Start evaluation on dev dataset.
/home/lyq2021/.conda/envs/lyq2021/lib/python3.10/site-packages/sklearn/metrics/_classification.py:1344: UndefinedMetricWarning: Precision is ill-defined and being set to 0.0 in samples with no predicted labels. Use `zero_division` parameter to control this behavior.
  _warn_prf(average, modifier, msg_start, len(result))
Acc. (Correct/Total): 31.38%% Prec: 0.4614 F1: 0.4146
Start evaluation on test dataset.
torch.Size([3, 512])
/home/lyq2021/.conda/envs/lyq2021/lib/python3.10/site-packages/sklearn/metrics/_classification.py:1344: UndefinedMetricWarning: Precision is ill-defined and being set to 0.0 in samples with no predicted labels. Use `zero_division` parameter to control this behavior.
  _warn_prf(average, modifier, msg_start, len(result))
Acc. (Correct/Total): 34.54%% Prec: 0.5029 F1: 0.4523
Epoch id: 6, Training steps: 100, Avg loss: 0.022, Time: 0:30:31
Epoch id: 6, Training steps: 200, Avg loss: 0.032, Time: 0:31:13
Epoch id: 6, Training steps: 300, Avg loss: 0.016, Time: 0:31:55
Epoch id: 6, Training steps: 400, Avg loss: 0.022, Time: 0:32:37
Epoch id: 6, Training steps: 500, Avg loss: 0.016, Time: 0:33:19
Epoch id: 6, Training steps: 600, Avg loss: 0.021, Time: 0:34:01
Epoch id: 6, Training steps: 700, Avg loss: 0.022, Time: 0:34:43
Start evaluation on dev dataset.
/home/lyq2021/.conda/envs/lyq2021/lib/python3.10/site-packages/sklearn/metrics/_classification.py:1344: UndefinedMetricWarning: Precision is ill-defined and being set to 0.0 in samples with no predicted labels. Use `zero_division` parameter to control this behavior.
  _warn_prf(average, modifier, msg_start, len(result))
Acc. (Correct/Total): 35.41%% Prec: 0.5259 F1: 0.4703
Start evaluation on test dataset.
torch.Size([3, 512])
/home/lyq2021/.conda/envs/lyq2021/lib/python3.10/site-packages/sklearn/metrics/_classification.py:1344: UndefinedMetricWarning: Precision is ill-defined and being set to 0.0 in samples with no predicted labels. Use `zero_division` parameter to control this behavior.
  _warn_prf(average, modifier, msg_start, len(result))
Acc. (Correct/Total): 40.83%% Prec: 0.5733 F1: 0.5199
Epoch id: 7, Training steps: 100, Avg loss: 0.019, Time: 0:36:40
Epoch id: 7, Training steps: 200, Avg loss: 0.032, Time: 0:37:22
Epoch id: 7, Training steps: 300, Avg loss: 0.023, Time: 0:38:04
Epoch id: 7, Training steps: 400, Avg loss: 0.010, Time: 0:38:46
Epoch id: 7, Training steps: 500, Avg loss: 0.022, Time: 0:39:28
Epoch id: 7, Training steps: 600, Avg loss: 0.018, Time: 0:40:10
Epoch id: 7, Training steps: 700, Avg loss: 0.012, Time: 0:40:52
Start evaluation on dev dataset.
/home/lyq2021/.conda/envs/lyq2021/lib/python3.10/site-packages/sklearn/metrics/_classification.py:1344: UndefinedMetricWarning: Precision is ill-defined and being set to 0.0 in samples with no predicted labels. Use `zero_division` parameter to control this behavior.
  _warn_prf(average, modifier, msg_start, len(result))
Acc. (Correct/Total): 41.79%% Prec: 0.6120 F1: 0.5498
Start evaluation on test dataset.
torch.Size([3, 512])
/home/lyq2021/.conda/envs/lyq2021/lib/python3.10/site-packages/sklearn/metrics/_classification.py:1344: UndefinedMetricWarning: Precision is ill-defined and being set to 0.0 in samples with no predicted labels. Use `zero_division` parameter to control this behavior.
  _warn_prf(average, modifier, msg_start, len(result))
Acc. (Correct/Total): 46.88%% Prec: 0.6575 F1: 0.5969
Epoch id: 8, Training steps: 100, Avg loss: 0.009, Time: 0:42:48
Epoch id: 8, Training steps: 200, Avg loss: 0.029, Time: 0:43:30
Epoch id: 8, Training steps: 300, Avg loss: 0.010, Time: 0:44:12
Epoch id: 8, Training steps: 400, Avg loss: 0.034, Time: 0:44:54
Epoch id: 8, Training steps: 500, Avg loss: 0.018, Time: 0:45:36
Epoch id: 8, Training steps: 600, Avg loss: 0.021, Time: 0:46:18
Epoch id: 8, Training steps: 700, Avg loss: 0.022, Time: 0:47:00
Start evaluation on dev dataset.
/home/lyq2021/.conda/envs/lyq2021/lib/python3.10/site-packages/sklearn/metrics/_classification.py:1344: UndefinedMetricWarning: Precision is ill-defined and being set to 0.0 in samples with no predicted labels. Use `zero_division` parameter to control this behavior.
  _warn_prf(average, modifier, msg_start, len(result))
Acc. (Correct/Total): 42.90%% Prec: 0.6240 F1: 0.5628
Start evaluation on test dataset.
torch.Size([3, 512])
/home/lyq2021/.conda/envs/lyq2021/lib/python3.10/site-packages/sklearn/metrics/_classification.py:1344: UndefinedMetricWarning: Precision is ill-defined and being set to 0.0 in samples with no predicted labels. Use `zero_division` parameter to control this behavior.
  _warn_prf(average, modifier, msg_start, len(result))
Acc. (Correct/Total): 49.35%% Prec: 0.6853 F1: 0.6259
Epoch id: 9, Training steps: 100, Avg loss: 0.017, Time: 0:48:56
Epoch id: 9, Training steps: 200, Avg loss: 0.006, Time: 0:49:38
Epoch id: 9, Training steps: 300, Avg loss: 0.010, Time: 0:50:20
Epoch id: 9, Training steps: 400, Avg loss: 0.017, Time: 0:51:02
Epoch id: 9, Training steps: 500, Avg loss: 0.009, Time: 0:51:44
Epoch id: 9, Training steps: 600, Avg loss: 0.022, Time: 0:52:26
Epoch id: 9, Training steps: 700, Avg loss: 0.017, Time: 0:53:08
Start evaluation on dev dataset.
/home/lyq2021/.conda/envs/lyq2021/lib/python3.10/site-packages/sklearn/metrics/_classification.py:1344: UndefinedMetricWarning: Precision is ill-defined and being set to 0.0 in samples with no predicted labels. Use `zero_division` parameter to control this behavior.
  _warn_prf(average, modifier, msg_start, len(result))
Acc. (Correct/Total): 45.49%% Prec: 0.6713 F1: 0.6031
Start evaluation on test dataset.
torch.Size([3, 512])
/home/lyq2021/.conda/envs/lyq2021/lib/python3.10/site-packages/sklearn/metrics/_classification.py:1344: UndefinedMetricWarning: Precision is ill-defined and being set to 0.0 in samples with no predicted labels. Use `zero_division` parameter to control this behavior.
  _warn_prf(average, modifier, msg_start, len(result))
Acc. (Correct/Total): 51.81%% Prec: 0.7067 F1: 0.6478
Epoch id: 10, Training steps: 100, Avg loss: 0.010, Time: 0:55:05
Epoch id: 10, Training steps: 200, Avg loss: 0.016, Time: 0:55:47
Epoch id: 10, Training steps: 300, Avg loss: 0.006, Time: 0:56:29
Epoch id: 10, Training steps: 400, Avg loss: 0.009, Time: 0:57:11
Epoch id: 10, Training steps: 500, Avg loss: 0.010, Time: 0:57:53
Epoch id: 10, Training steps: 600, Avg loss: 0.008, Time: 0:58:35
Epoch id: 10, Training steps: 700, Avg loss: 0.009, Time: 0:59:17
Start evaluation on dev dataset.
/home/lyq2021/.conda/envs/lyq2021/lib/python3.10/site-packages/sklearn/metrics/_classification.py:1344: UndefinedMetricWarning: Precision is ill-defined and being set to 0.0 in samples with no predicted labels. Use `zero_division` parameter to control this behavior.
  _warn_prf(average, modifier, msg_start, len(result))
Acc. (Correct/Total): 48.08%% Prec: 0.6903 F1: 0.6273
Start evaluation on test dataset.
torch.Size([3, 512])
/home/lyq2021/.conda/envs/lyq2021/lib/python3.10/site-packages/sklearn/metrics/_classification.py:1344: UndefinedMetricWarning: Precision is ill-defined and being set to 0.0 in samples with no predicted labels. Use `zero_division` parameter to control this behavior.
  _warn_prf(average, modifier, msg_start, len(result))
Acc. (Correct/Total): 53.31%% Prec: 0.7202 F1: 0.6650
Epoch id: 11, Training steps: 100, Avg loss: 0.010, Time: 1:01:13
Epoch id: 11, Training steps: 200, Avg loss: 0.019, Time: 1:01:55
Epoch id: 11, Training steps: 300, Avg loss: 0.006, Time: 1:02:37
Epoch id: 11, Training steps: 400, Avg loss: 0.007, Time: 1:03:19
Epoch id: 11, Training steps: 500, Avg loss: 0.006, Time: 1:04:01
Epoch id: 11, Training steps: 600, Avg loss: 0.017, Time: 1:04:43
Epoch id: 11, Training steps: 700, Avg loss: 0.007, Time: 1:05:25
Start evaluation on dev dataset.
/home/lyq2021/.conda/envs/lyq2021/lib/python3.10/site-packages/sklearn/metrics/_classification.py:1344: UndefinedMetricWarning: Precision is ill-defined and being set to 0.0 in samples with no predicted labels. Use `zero_division` parameter to control this behavior.
  _warn_prf(average, modifier, msg_start, len(result))
Acc. (Correct/Total): 50.38%% Prec: 0.7192 F1: 0.6556
Start evaluation on test dataset.
torch.Size([3, 512])
/home/lyq2021/.conda/envs/lyq2021/lib/python3.10/site-packages/sklearn/metrics/_classification.py:1344: UndefinedMetricWarning: Precision is ill-defined and being set to 0.0 in samples with no predicted labels. Use `zero_division` parameter to control this behavior.
  _warn_prf(average, modifier, msg_start, len(result))
Acc. (Correct/Total): 55.68%% Prec: 0.7561 F1: 0.6960
Epoch id: 12, Training steps: 100, Avg loss: 0.009, Time: 1:07:22
Epoch id: 12, Training steps: 200, Avg loss: 0.002, Time: 1:08:04
Epoch id: 12, Training steps: 300, Avg loss: 0.013, Time: 1:08:46
Epoch id: 12, Training steps: 400, Avg loss: 0.004, Time: 1:09:28
Epoch id: 12, Training steps: 500, Avg loss: 0.011, Time: 1:10:10
Epoch id: 12, Training steps: 600, Avg loss: 0.010, Time: 1:10:52
Epoch id: 12, Training steps: 700, Avg loss: 0.008, Time: 1:11:34
Start evaluation on dev dataset.
/home/lyq2021/.conda/envs/lyq2021/lib/python3.10/site-packages/sklearn/metrics/_classification.py:1344: UndefinedMetricWarning: Precision is ill-defined and being set to 0.0 in samples with no predicted labels. Use `zero_division` parameter to control this behavior.
  _warn_prf(average, modifier, msg_start, len(result))
Acc. (Correct/Total): 50.96%% Prec: 0.7342 F1: 0.6662
Start evaluation on test dataset.
torch.Size([3, 512])
/home/lyq2021/.conda/envs/lyq2021/lib/python3.10/site-packages/sklearn/metrics/_classification.py:1344: UndefinedMetricWarning: Precision is ill-defined and being set to 0.0 in samples with no predicted labels. Use `zero_division` parameter to control this behavior.
  _warn_prf(average, modifier, msg_start, len(result))
Acc. (Correct/Total): 56.07%% Prec: 0.7630 F1: 0.7021
Epoch id: 13, Training steps: 100, Avg loss: 0.013, Time: 1:13:31
Epoch id: 13, Training steps: 200, Avg loss: 0.003, Time: 1:14:13
Epoch id: 13, Training steps: 300, Avg loss: 0.009, Time: 1:14:55
Epoch id: 13, Training steps: 400, Avg loss: 0.006, Time: 1:15:37
Epoch id: 13, Training steps: 500, Avg loss: 0.012, Time: 1:16:19
Epoch id: 13, Training steps: 600, Avg loss: 0.003, Time: 1:17:01
Epoch id: 13, Training steps: 700, Avg loss: 0.002, Time: 1:17:43
Start evaluation on dev dataset.
/home/lyq2021/.conda/envs/lyq2021/lib/python3.10/site-packages/sklearn/metrics/_classification.py:1344: UndefinedMetricWarning: Precision is ill-defined and being set to 0.0 in samples with no predicted labels. Use `zero_division` parameter to control this behavior.
  _warn_prf(average, modifier, msg_start, len(result))
Acc. (Correct/Total): 52.88%% Prec: 0.7440 F1: 0.6848
Start evaluation on test dataset.
torch.Size([3, 512])
/home/lyq2021/.conda/envs/lyq2021/lib/python3.10/site-packages/sklearn/metrics/_classification.py:1344: UndefinedMetricWarning: Precision is ill-defined and being set to 0.0 in samples with no predicted labels. Use `zero_division` parameter to control this behavior.
  _warn_prf(average, modifier, msg_start, len(result))
Acc. (Correct/Total): 58.73%% Prec: 0.7906 F1: 0.7330
Epoch id: 14, Training steps: 100, Avg loss: 0.006, Time: 1:19:40
Epoch id: 14, Training steps: 200, Avg loss: 0.005, Time: 1:20:22
Epoch id: 14, Training steps: 300, Avg loss: 0.004, Time: 1:21:04
Epoch id: 14, Training steps: 400, Avg loss: 0.005, Time: 1:21:46
Epoch id: 14, Training steps: 500, Avg loss: 0.002, Time: 1:22:27
Epoch id: 14, Training steps: 600, Avg loss: 0.007, Time: 1:23:09
Epoch id: 14, Training steps: 700, Avg loss: 0.007, Time: 1:23:51
Start evaluation on dev dataset.
/home/lyq2021/.conda/envs/lyq2021/lib/python3.10/site-packages/sklearn/metrics/_classification.py:1344: UndefinedMetricWarning: Precision is ill-defined and being set to 0.0 in samples with no predicted labels. Use `zero_division` parameter to control this behavior.
  _warn_prf(average, modifier, msg_start, len(result))
Acc. (Correct/Total): 52.74%% Prec: 0.7438 F1: 0.6837
Epoch id: 15, Training steps: 100, Avg loss: 0.002, Time: 1:25:21
Epoch id: 15, Training steps: 200, Avg loss: 0.005, Time: 1:26:03
Epoch id: 15, Training steps: 300, Avg loss: 0.003, Time: 1:26:45
Epoch id: 15, Training steps: 400, Avg loss: 0.008, Time: 1:27:26
Epoch id: 15, Training steps: 500, Avg loss: 0.003, Time: 1:28:08
Epoch id: 15, Training steps: 600, Avg loss: 0.008, Time: 1:28:50
Epoch id: 15, Training steps: 700, Avg loss: 0.015, Time: 1:29:32
Start evaluation on dev dataset.
/home/lyq2021/.conda/envs/lyq2021/lib/python3.10/site-packages/sklearn/metrics/_classification.py:1344: UndefinedMetricWarning: Precision is ill-defined and being set to 0.0 in samples with no predicted labels. Use `zero_division` parameter to control this behavior.
  _warn_prf(average, modifier, msg_start, len(result))
Acc. (Correct/Total): 52.50%% Prec: 0.7403 F1: 0.6774
Epoch id: 16, Training steps: 100, Avg loss: 0.004, Time: 1:31:03
Epoch id: 16, Training steps: 200, Avg loss: 0.007, Time: 1:31:45
Epoch id: 16, Training steps: 300, Avg loss: 0.004, Time: 1:32:27
Epoch id: 16, Training steps: 400, Avg loss: 0.004, Time: 1:33:09
Epoch id: 16, Training steps: 500, Avg loss: 0.006, Time: 1:33:51
Epoch id: 16, Training steps: 600, Avg loss: 0.002, Time: 1:34:33
Epoch id: 16, Training steps: 700, Avg loss: 0.003, Time: 1:35:15
Start evaluation on dev dataset.
/home/lyq2021/.conda/envs/lyq2021/lib/python3.10/site-packages/sklearn/metrics/_classification.py:1344: UndefinedMetricWarning: Precision is ill-defined and being set to 0.0 in samples with no predicted labels. Use `zero_division` parameter to control this behavior.
  _warn_prf(average, modifier, msg_start, len(result))
Acc. (Correct/Total): 54.22%% Prec: 0.7510 F1: 0.6973
Start evaluation on test dataset.
torch.Size([3, 512])
/home/lyq2021/.conda/envs/lyq2021/lib/python3.10/site-packages/sklearn/metrics/_classification.py:1344: UndefinedMetricWarning: Precision is ill-defined and being set to 0.0 in samples with no predicted labels. Use `zero_division` parameter to control this behavior.
  _warn_prf(average, modifier, msg_start, len(result))
Acc. (Correct/Total): 60.09%% Prec: 0.7918 F1: 0.7401
Epoch id: 17, Training steps: 100, Avg loss: 0.004, Time: 1:37:12
Epoch id: 17, Training steps: 200, Avg loss: 0.002, Time: 1:37:54
Epoch id: 17, Training steps: 300, Avg loss: 0.004, Time: 1:38:36
Epoch id: 17, Training steps: 400, Avg loss: 0.003, Time: 1:39:18
Epoch id: 17, Training steps: 500, Avg loss: 0.004, Time: 1:40:00
Epoch id: 17, Training steps: 600, Avg loss: 0.005, Time: 1:40:42
Epoch id: 17, Training steps: 700, Avg loss: 0.001, Time: 1:41:24
Start evaluation on dev dataset.
/home/lyq2021/.conda/envs/lyq2021/lib/python3.10/site-packages/sklearn/metrics/_classification.py:1344: UndefinedMetricWarning: Precision is ill-defined and being set to 0.0 in samples with no predicted labels. Use `zero_division` parameter to control this behavior.
  _warn_prf(average, modifier, msg_start, len(result))
Acc. (Correct/Total): 55.18%% Prec: 0.7565 F1: 0.7021
Start evaluation on test dataset.
torch.Size([3, 512])
/home/lyq2021/.conda/envs/lyq2021/lib/python3.10/site-packages/sklearn/metrics/_classification.py:1344: UndefinedMetricWarning: Precision is ill-defined and being set to 0.0 in samples with no predicted labels. Use `zero_division` parameter to control this behavior.
  _warn_prf(average, modifier, msg_start, len(result))
Acc. (Correct/Total): 61.15%% Prec: 0.7949 F1: 0.7456
Epoch id: 18, Training steps: 100, Avg loss: 0.004, Time: 1:43:21
Epoch id: 18, Training steps: 200, Avg loss: 0.001, Time: 1:44:03
Epoch id: 18, Training steps: 300, Avg loss: 0.001, Time: 1:44:45
Epoch id: 18, Training steps: 400, Avg loss: 0.005, Time: 1:45:27
Epoch id: 18, Training steps: 500, Avg loss: 0.001, Time: 1:46:09
Epoch id: 18, Training steps: 600, Avg loss: 0.003, Time: 1:46:51
Epoch id: 18, Training steps: 700, Avg loss: 0.013, Time: 1:47:33
Start evaluation on dev dataset.
/home/lyq2021/.conda/envs/lyq2021/lib/python3.10/site-packages/sklearn/metrics/_classification.py:1344: UndefinedMetricWarning: Precision is ill-defined and being set to 0.0 in samples with no predicted labels. Use `zero_division` parameter to control this behavior.
  _warn_prf(average, modifier, msg_start, len(result))
Acc. (Correct/Total): 55.85%% Prec: 0.7690 F1: 0.7166
Start evaluation on test dataset.
torch.Size([3, 512])
/home/lyq2021/.conda/envs/lyq2021/lib/python3.10/site-packages/sklearn/metrics/_classification.py:1344: UndefinedMetricWarning: Precision is ill-defined and being set to 0.0 in samples with no predicted labels. Use `zero_division` parameter to control this behavior.
  _warn_prf(average, modifier, msg_start, len(result))
Acc. (Correct/Total): 62.26%% Prec: 0.7980 F1: 0.7532
Epoch id: 19, Training steps: 100, Avg loss: 0.005, Time: 1:49:29
Epoch id: 19, Training steps: 200, Avg loss: 0.002, Time: 1:50:11
Epoch id: 19, Training steps: 300, Avg loss: 0.009, Time: 1:50:53
Epoch id: 19, Training steps: 400, Avg loss: 0.002, Time: 1:51:35
Epoch id: 19, Training steps: 500, Avg loss: 0.003, Time: 1:52:17
Epoch id: 19, Training steps: 600, Avg loss: 0.002, Time: 1:52:59
Epoch id: 19, Training steps: 700, Avg loss: 0.001, Time: 1:53:41
Start evaluation on dev dataset.
/home/lyq2021/.conda/envs/lyq2021/lib/python3.10/site-packages/sklearn/metrics/_classification.py:1344: UndefinedMetricWarning: Precision is ill-defined and being set to 0.0 in samples with no predicted labels. Use `zero_division` parameter to control this behavior.
  _warn_prf(average, modifier, msg_start, len(result))
Acc. (Correct/Total): 55.61%% Prec: 0.7630 F1: 0.7097
Epoch id: 20, Training steps: 100, Avg loss: 0.002, Time: 1:55:12
Epoch id: 20, Training steps: 200, Avg loss: 0.003, Time: 1:55:54
Epoch id: 20, Training steps: 300, Avg loss: 0.004, Time: 1:56:36
Epoch id: 20, Training steps: 400, Avg loss: 0.003, Time: 1:57:18
Epoch id: 20, Training steps: 500, Avg loss: 0.002, Time: 1:58:00
Epoch id: 20, Training steps: 600, Avg loss: 0.002, Time: 1:58:42
Epoch id: 20, Training steps: 700, Avg loss: 0.004, Time: 1:59:24
Start evaluation on dev dataset.
/home/lyq2021/.conda/envs/lyq2021/lib/python3.10/site-packages/sklearn/metrics/_classification.py:1344: UndefinedMetricWarning: Precision is ill-defined and being set to 0.0 in samples with no predicted labels. Use `zero_division` parameter to control this behavior.
  _warn_prf(average, modifier, msg_start, len(result))
Acc. (Correct/Total): 55.90%% Prec: 0.7650 F1: 0.7163
Start evaluation on test dataset.
torch.Size([3, 512])
/home/lyq2021/.conda/envs/lyq2021/lib/python3.10/site-packages/sklearn/metrics/_classification.py:1344: UndefinedMetricWarning: Precision is ill-defined and being set to 0.0 in samples with no predicted labels. Use `zero_division` parameter to control this behavior.
  _warn_prf(average, modifier, msg_start, len(result))
Acc. (Correct/Total): 61.97%% Prec: 0.8040 F1: 0.7584
Final evaluation on the test dataset.
The number of evaluation instances:  2067
torch.Size([3, 512])
/home/lyq2021/.conda/envs/lyq2021/lib/python3.10/site-packages/sklearn/metrics/_classification.py:1344: UndefinedMetricWarning: Precision is ill-defined and being set to 0.0 in samples with no predicted labels. Use `zero_division` parameter to control this behavior.
  _warn_prf(average, modifier, msg_start, len(result))
/home/lyq2021/.conda/envs/lyq2021/lib/python3.10/site-packages/sklearn/metrics/_classification.py:1344: UndefinedMetricWarning: Precision and F-score are ill-defined and being set to 0.0 in labels with no predicted samples. Use `zero_division` parameter to control this behavior.
  _warn_prf(average, modifier, msg_start, len(result))
/home/lyq2021/.conda/envs/lyq2021/lib/python3.10/site-packages/sklearn/metrics/_classification.py:1344: UndefinedMetricWarning: Precision and F-score are ill-defined and being set to 0.0 in samples with no predicted labels. Use `zero_division` parameter to control this behavior.
  _warn_prf(average, modifier, msg_start, len(result))
Acc. (Correct/Total): 61.97% Prec: 0.8040 F1: 0.7584
Precision, Recall and F1-Score...
              precision    recall  f1-score   support

         教育学     0.8968    0.9378    0.9168       241
          法学     0.8858    0.8661    0.8758       224
      中国语言文学     0.9085    0.8054    0.8539       185
         政治学     0.7864    0.4969    0.6090       163
         社会学     0.8841    0.7771    0.8271       157
         心理学     0.9286    0.5285    0.6736       123
       应用经济学     0.6733    0.5812    0.6239       117
         历史学     0.8902    0.6697    0.7644       109
     环境科学与工程     0.8958    0.7963    0.8431       108
          哲学     0.8395    0.7010    0.7640        97
      外国语言文学     0.8429    0.6941    0.7613        85
         生物学     0.9104    0.7722    0.8356        79
      交通运输工程     0.9231    0.9231    0.9231        78
        临床医学     0.8627    0.5789    0.6929        76
    计算机科学与技术     0.8209    0.7746    0.7971        71
        土木工程     0.9552    0.9697    0.9624        66
   航空宇航科学与技术     0.9077    0.9672    0.9365        61
         民族学     0.7174    0.6000    0.6535        55
   公共卫生与预防医学     0.7250    0.5686    0.6374        51
         美术学     0.8868    0.9400    0.9126        50
         艺术学     0.8438    0.6279    0.7200        43
         地理学     0.8438    0.6429    0.7297        42
         体育学     0.8846    0.5750    0.6970        40
       理论经济学     0.8000    0.6316    0.7059        38
         中医学     0.9091    0.8108    0.8571        37
         物理学     0.8049    0.9167    0.8571        36
          林学     0.7778    0.6364    0.7000        33
          数学     0.8500    0.5312    0.6538        32
     电子科学与技术     0.5789    0.3548    0.4400        31
        基础医学     0.4333    0.4483    0.4407        29
        工商管理     0.9048    0.7037    0.7917        27
       新闻传播学     0.8000    0.7273    0.7619        22
         天文学     0.8261    0.8636    0.8444        22
         地质学     0.7895    0.7143    0.7500        21
         畜牧学     0.8182    0.8571    0.8372        21
   军事思想及军事历史     0.7778    0.7000    0.7368        20
     管理科学与工程     0.5769    0.8333    0.6818        18
     测绘科学与技术     0.9000    0.5294    0.6667        17
        水利工程     0.8182    0.5625    0.6667        16
        大气科学     0.8000    0.7500    0.7742        16
     兵器科学与技术     0.8235    0.9333    0.8750        15
       地球物理学     0.8000    0.2857    0.4211        14
        电气工程     1.0000    0.5385    0.7000        13
         作物学     0.8000    0.6154    0.6957        13
     控制科学与工程     0.4000    0.3077    0.3478        13
     信息与通信工程     0.6923    0.6923    0.6923        13
        公共管理     0.6000    0.2308    0.3333        13
         建筑学     0.7500    0.2308    0.3529        13
     化学工程与技术     0.9000    0.7500    0.8182        12
          力学     0.8750    0.6364    0.7368        11
        海洋科学     0.9091    0.9091    0.9091        11
     轻工技术与工程     0.4444    0.3636    0.4000        11
        农业工程     1.0000    0.1000    0.1818        10
         园艺学     0.8571    0.6000    0.7059        10
       中西医结合     0.8889    0.8000    0.8421        10
        机械工程     1.0000    0.3333    0.5000         9
       科学技术史     1.0000    0.6250    0.7692         8
     船舶与海洋工程     0.8571    0.7500    0.8000         8
   图书情报与档案管理     0.7500    0.7500    0.7500         8
        植物保护     0.6667    1.0000    0.8000         8
     材料科学与工程     0.8750    0.8750    0.8750         8
         统计学     0.5455    0.7500    0.6316         8
          化学     1.0000    0.8750    0.9333         8
     食品科学与工程     0.6667    0.2500    0.3636         8
          水产     1.0000    0.7143    0.8333         7
          药学     1.0000    0.5714    0.7273         7
     农业资源与环境     0.7500    0.4286    0.5455         7
         世界史     0.7778    1.0000    0.8750         7
        系统科学     0.8000    0.5714    0.6667         7
      农林经济管理     1.0000    0.6000    0.7500         5
       军队指挥学     1.0000    0.4000    0.5714         5
        矿业工程     0.6000    0.6000    0.6000         5
     纺织科学与工程     0.7143    1.0000    0.8333         5
  动力工程及工程热物理     0.0000    0.0000    0.0000         4
        林业工程     0.5000    0.2500    0.3333         4
     仪器科学与技术     0.0000    0.0000    0.0000         3
         战略学     1.0000    0.3333    0.5000         3
   地质资源与地质工程     0.5000    0.3333    0.4000         3
        旅游管理     1.0000    1.0000    1.0000         3
 图书馆、情报与档案管理     1.0000    0.5000    0.6667         2
        冶金工程     0.0000    0.0000    0.0000         2
      核科学与技术     0.0000    0.0000    0.0000         2

   micro avg     0.8436    0.7168    0.7750      3093
   macro avg     0.7759    0.6204    0.6697      3093
weighted avg     0.8409    0.7168    0.7646      3093
 samples avg     0.8040    0.7416    0.7584      3093

