nohup: 忽略输入
  0%|          | 0/82 [00:00<?, ?it/s]100%|██████████| 82/82 [00:00<00:00, 1127648.94it/s]
Vocabulary file line 344 has bad format token
Vocabulary Size:  21128
[BertClassifier] use visible_matrix: True
Some weights of the model checkpoint at ./models/google were not used when initializing BertForMultiLabelSequenceClassification: ['cls.seq_relationship.weight', 'cls.predictions.transform.LayerNorm.bias', 'cls.predictions.transform.dense.bias', 'bert.pooler.dense.bias', 'cls.predictions.bias', 'cls.predictions.decoder.weight', 'cls.predictions.transform.dense.weight', 'cls.seq_relationship.bias', 'cls.predictions.transform.LayerNorm.weight', 'bert.pooler.dense.weight']
- This IS expected if you are initializing BertForMultiLabelSequenceClassification from the checkpoint of a model trained on another task or with another architecture (e.g. initializing a BertForSequenceClassification model from a BertForPreTraining model).
- This IS NOT expected if you are initializing BertForMultiLabelSequenceClassification from the checkpoint of a model that you expect to be exactly identical (initializing a BertForSequenceClassification model from a BertForSequenceClassification model).
Some weights of BertForMultiLabelSequenceClassification were not initialized from the model checkpoint at ./models/google and are newly initialized: ['output_layer_2.bias', 'output_layer_1.weight', 'output_layer_2.weight', 'output_layer_1.bias']
You should probably TRAIN this model on a down-stream task to be able to use it for predictions and inference.
2 GPUs are available. Let's use them.
device:  cuda
[KnowledgeGraph] Loading spo from /home/lyq2021/experiment/K-BERT-HUGGINGFACE/brain/kgs/CnDbpedia.spo
Start training.
Loading sentences from ./datasets/book_multilabels_task/train.tsv
There are 9098 sentence in total. We use 1 processes to inject knowledge into sentences.
Progress of process 0: 0/9098
Loading sentences from ./datasets/book_multilabels_task/dev.tsv
There are 2084 sentence in total. We use 1 processes to inject knowledge into sentences.
Progress of process 0: 0/2084
Loading sentences from ./datasets/book_multilabels_task/test.tsv
There are 2067 sentence in total. We use 1 processes to inject knowledge into sentences.
Progress of process 0: 0/2067
/home/lyq2021/experiment/K-BERT-HUGGINGFACE/utils/optimizers.py:123: UserWarning: This overload of add_ is deprecated:
	add_(Number alpha, Tensor other)
Consider using one of the following signatures instead:
	add_(Tensor other, *, Number alpha) (Triggered internally at ../torch/csrc/utils/python_arg_parser.cpp:1485.)
  next_m.mul_(beta1).add_(1 - beta1, grad)
Epoch id: 1, Training steps: 100, Avg loss: 0.404, Time: 0:00:46
Epoch id: 1, Training steps: 200, Avg loss: 0.255, Time: 0:01:31
Epoch id: 1, Training steps: 300, Avg loss: 0.163, Time: 0:02:17
Epoch id: 1, Training steps: 400, Avg loss: 0.118, Time: 0:03:02
Epoch id: 1, Training steps: 500, Avg loss: 0.099, Time: 0:03:47
Start evaluation on dev dataset.
/home/lyq2021/.conda/envs/lyq2021/lib/python3.10/site-packages/sklearn/metrics/_classification.py:1344: UndefinedMetricWarning: Precision is ill-defined and being set to 0.0 in samples with no predicted labels. Use `zero_division` parameter to control this behavior.
  _warn_prf(average, modifier, msg_start, len(result))
Acc. (Correct/Total): 0.0000 (167799/2084) Prec: 0.0000 F1: 0.0000
Epoch id: 2, Training steps: 100, Avg loss: 0.087, Time: 0:05:22
Epoch id: 2, Training steps: 200, Avg loss: 0.088, Time: 0:06:07
Epoch id: 2, Training steps: 300, Avg loss: 0.088, Time: 0:06:53
Epoch id: 2, Training steps: 400, Avg loss: 0.080, Time: 0:07:38
Epoch id: 2, Training steps: 500, Avg loss: 0.084, Time: 0:08:23
Start evaluation on dev dataset.
/home/lyq2021/.conda/envs/lyq2021/lib/python3.10/site-packages/sklearn/metrics/_classification.py:1344: UndefinedMetricWarning: Precision is ill-defined and being set to 0.0 in samples with no predicted labels. Use `zero_division` parameter to control this behavior.
  _warn_prf(average, modifier, msg_start, len(result))
Acc. (Correct/Total): 0.0000 (167799/2084) Prec: 0.0000 F1: 0.0000
Epoch id: 3, Training steps: 100, Avg loss: 0.088, Time: 0:09:59
Epoch id: 3, Training steps: 200, Avg loss: 0.075, Time: 0:10:44
Epoch id: 3, Training steps: 300, Avg loss: 0.072, Time: 0:11:30
Epoch id: 3, Training steps: 400, Avg loss: 0.056, Time: 0:12:15
Epoch id: 3, Training steps: 500, Avg loss: 0.061, Time: 0:13:00
Start evaluation on dev dataset.
/home/lyq2021/.conda/envs/lyq2021/lib/python3.10/site-packages/sklearn/metrics/_classification.py:1344: UndefinedMetricWarning: Precision is ill-defined and being set to 0.0 in samples with no predicted labels. Use `zero_division` parameter to control this behavior.
  _warn_prf(average, modifier, msg_start, len(result))
Acc. (Correct/Total): 0.0000 (167799/2084) Prec: 0.0000 F1: 0.0000
Epoch id: 4, Training steps: 100, Avg loss: 0.058, Time: 0:14:35
Epoch id: 4, Training steps: 200, Avg loss: 0.057, Time: 0:15:20
Epoch id: 4, Training steps: 300, Avg loss: 0.056, Time: 0:16:05
Epoch id: 4, Training steps: 400, Avg loss: 0.051, Time: 0:16:50
Epoch id: 4, Training steps: 500, Avg loss: 0.036, Time: 0:17:35
Start evaluation on dev dataset.
/home/lyq2021/.conda/envs/lyq2021/lib/python3.10/site-packages/sklearn/metrics/_classification.py:1344: UndefinedMetricWarning: Precision is ill-defined and being set to 0.0 in samples with no predicted labels. Use `zero_division` parameter to control this behavior.
  _warn_prf(average, modifier, msg_start, len(result))
Acc. (Correct/Total): 0.0110 (167880/2084) Prec: 0.0581 F1: 0.0421
Start evaluation on test dataset.
/home/lyq2021/.conda/envs/lyq2021/lib/python3.10/site-packages/sklearn/metrics/_classification.py:1344: UndefinedMetricWarning: Precision is ill-defined and being set to 0.0 in samples with no predicted labels. Use `zero_division` parameter to control this behavior.
  _warn_prf(average, modifier, msg_start, len(result))
Acc. (Correct/Total): 0.0111 (166584/2067) Prec: 0.1030 F1: 0.0722
Epoch id: 5, Training steps: 100, Avg loss: 0.039, Time: 0:19:31
Epoch id: 5, Training steps: 200, Avg loss: 0.040, Time: 0:20:16
Epoch id: 5, Training steps: 300, Avg loss: 0.047, Time: 0:21:03
Epoch id: 5, Training steps: 400, Avg loss: 0.028, Time: 0:21:49
Epoch id: 5, Training steps: 500, Avg loss: 0.038, Time: 0:22:34
Start evaluation on dev dataset.
/home/lyq2021/.conda/envs/lyq2021/lib/python3.10/site-packages/sklearn/metrics/_classification.py:1344: UndefinedMetricWarning: Precision is ill-defined and being set to 0.0 in samples with no predicted labels. Use `zero_division` parameter to control this behavior.
  _warn_prf(average, modifier, msg_start, len(result))
Acc. (Correct/Total): 0.1022 (168226/2084) Prec: 0.2121 F1: 0.1758
Start evaluation on test dataset.
/home/lyq2021/.conda/envs/lyq2021/lib/python3.10/site-packages/sklearn/metrics/_classification.py:1344: UndefinedMetricWarning: Precision is ill-defined and being set to 0.0 in samples with no predicted labels. Use `zero_division` parameter to control this behavior.
  _warn_prf(average, modifier, msg_start, len(result))
Acc. (Correct/Total): 0.1253 (166949/2067) Prec: 0.2612 F1: 0.2167
Epoch id: 6, Training steps: 100, Avg loss: 0.030, Time: 0:24:31
Epoch id: 6, Training steps: 200, Avg loss: 0.030, Time: 0:25:15
Epoch id: 6, Training steps: 300, Avg loss: 0.037, Time: 0:26:00
Epoch id: 6, Training steps: 400, Avg loss: 0.029, Time: 0:27:12
Epoch id: 6, Training steps: 500, Avg loss: 0.029, Time: 0:27:56
Start evaluation on dev dataset.
/home/lyq2021/.conda/envs/lyq2021/lib/python3.10/site-packages/sklearn/metrics/_classification.py:1344: UndefinedMetricWarning: Precision is ill-defined and being set to 0.0 in samples with no predicted labels. Use `zero_division` parameter to control this behavior.
  _warn_prf(average, modifier, msg_start, len(result))
Acc. (Correct/Total): 0.1857 (168488/2084) Prec: 0.3323 F1: 0.2834
Start evaluation on test dataset.
/home/lyq2021/.conda/envs/lyq2021/lib/python3.10/site-packages/sklearn/metrics/_classification.py:1344: UndefinedMetricWarning: Precision is ill-defined and being set to 0.0 in samples with no predicted labels. Use `zero_division` parameter to control this behavior.
  _warn_prf(average, modifier, msg_start, len(result))
Acc. (Correct/Total): 0.2225 (167230/2067) Prec: 0.3655 F1: 0.3188
Epoch id: 7, Training steps: 100, Avg loss: 0.037, Time: 0:29:53
Epoch id: 7, Training steps: 200, Avg loss: 0.026, Time: 0:30:38
Epoch id: 7, Training steps: 300, Avg loss: 0.028, Time: 0:31:23
Epoch id: 7, Training steps: 400, Avg loss: 0.035, Time: 0:32:08
Epoch id: 7, Training steps: 500, Avg loss: 0.033, Time: 0:32:54
Start evaluation on dev dataset.
/home/lyq2021/.conda/envs/lyq2021/lib/python3.10/site-packages/sklearn/metrics/_classification.py:1344: UndefinedMetricWarning: Precision is ill-defined and being set to 0.0 in samples with no predicted labels. Use `zero_division` parameter to control this behavior.
  _warn_prf(average, modifier, msg_start, len(result))
Acc. (Correct/Total): 0.2903 (168753/2084) Prec: 0.4311 F1: 0.3850
Start evaluation on test dataset.
/home/lyq2021/.conda/envs/lyq2021/lib/python3.10/site-packages/sklearn/metrics/_classification.py:1344: UndefinedMetricWarning: Precision is ill-defined and being set to 0.0 in samples with no predicted labels. Use `zero_division` parameter to control this behavior.
  _warn_prf(average, modifier, msg_start, len(result))
Acc. (Correct/Total): 0.3266 (167513/2067) Prec: 0.4661 F1: 0.4202
Epoch id: 8, Training steps: 100, Avg loss: 0.028, Time: 0:34:51
Epoch id: 8, Training steps: 200, Avg loss: 0.022, Time: 0:35:36
Epoch id: 8, Training steps: 300, Avg loss: 0.023, Time: 0:36:20
Epoch id: 8, Training steps: 400, Avg loss: 0.024, Time: 0:37:05
Epoch id: 8, Training steps: 500, Avg loss: 0.025, Time: 0:37:50
Start evaluation on dev dataset.
/home/lyq2021/.conda/envs/lyq2021/lib/python3.10/site-packages/sklearn/metrics/_classification.py:1344: UndefinedMetricWarning: Precision is ill-defined and being set to 0.0 in samples with no predicted labels. Use `zero_division` parameter to control this behavior.
  _warn_prf(average, modifier, msg_start, len(result))
Acc. (Correct/Total): 0.3081 (168801/2084) Prec: 0.4784 F1: 0.4224
Start evaluation on test dataset.
/home/lyq2021/.conda/envs/lyq2021/lib/python3.10/site-packages/sklearn/metrics/_classification.py:1344: UndefinedMetricWarning: Precision is ill-defined and being set to 0.0 in samples with no predicted labels. Use `zero_division` parameter to control this behavior.
  _warn_prf(average, modifier, msg_start, len(result))
Acc. (Correct/Total): 0.3643 (167604/2067) Prec: 0.5138 F1: 0.4648
Epoch id: 9, Training steps: 100, Avg loss: 0.028, Time: 0:39:50
Epoch id: 9, Training steps: 200, Avg loss: 0.019, Time: 0:40:35
Epoch id: 9, Training steps: 300, Avg loss: 0.026, Time: 0:41:22
Epoch id: 9, Training steps: 400, Avg loss: 0.014, Time: 0:42:08
Epoch id: 9, Training steps: 500, Avg loss: 0.020, Time: 0:42:54
Start evaluation on dev dataset.
/home/lyq2021/.conda/envs/lyq2021/lib/python3.10/site-packages/sklearn/metrics/_classification.py:1344: UndefinedMetricWarning: Precision is ill-defined and being set to 0.0 in samples with no predicted labels. Use `zero_division` parameter to control this behavior.
  _warn_prf(average, modifier, msg_start, len(result))
Acc. (Correct/Total): 0.3738 (168982/2084) Prec: 0.5535 F1: 0.4968
Start evaluation on test dataset.
/home/lyq2021/.conda/envs/lyq2021/lib/python3.10/site-packages/sklearn/metrics/_classification.py:1344: UndefinedMetricWarning: Precision is ill-defined and being set to 0.0 in samples with no predicted labels. Use `zero_division` parameter to control this behavior.
  _warn_prf(average, modifier, msg_start, len(result))
Acc. (Correct/Total): 0.4209 (167745/2067) Prec: 0.5835 F1: 0.5332
Epoch id: 10, Training steps: 100, Avg loss: 0.016, Time: 0:44:53
Epoch id: 10, Training steps: 200, Avg loss: 0.014, Time: 0:45:39
Epoch id: 10, Training steps: 300, Avg loss: 0.016, Time: 0:46:23
Epoch id: 10, Training steps: 400, Avg loss: 0.013, Time: 0:47:10
Epoch id: 10, Training steps: 500, Avg loss: 0.012, Time: 0:47:56
Start evaluation on dev dataset.
/home/lyq2021/.conda/envs/lyq2021/lib/python3.10/site-packages/sklearn/metrics/_classification.py:1344: UndefinedMetricWarning: Precision is ill-defined and being set to 0.0 in samples with no predicted labels. Use `zero_division` parameter to control this behavior.
  _warn_prf(average, modifier, msg_start, len(result))
Acc. (Correct/Total): 0.4203 (169101/2084) Prec: 0.6104 F1: 0.5493
Start evaluation on test dataset.
/home/lyq2021/.conda/envs/lyq2021/lib/python3.10/site-packages/sklearn/metrics/_classification.py:1344: UndefinedMetricWarning: Precision is ill-defined and being set to 0.0 in samples with no predicted labels. Use `zero_division` parameter to control this behavior.
  _warn_prf(average, modifier, msg_start, len(result))
Acc. (Correct/Total): 0.4417 (167858/2067) Prec: 0.6318 F1: 0.5705
Epoch id: 11, Training steps: 100, Avg loss: 0.021, Time: 0:49:54
Epoch id: 11, Training steps: 200, Avg loss: 0.013, Time: 0:50:41
Epoch id: 11, Training steps: 300, Avg loss: 0.008, Time: 0:51:27
Epoch id: 11, Training steps: 400, Avg loss: 0.009, Time: 0:52:14
Epoch id: 11, Training steps: 500, Avg loss: 0.013, Time: 0:53:00
Start evaluation on dev dataset.
/home/lyq2021/.conda/envs/lyq2021/lib/python3.10/site-packages/sklearn/metrics/_classification.py:1344: UndefinedMetricWarning: Precision is ill-defined and being set to 0.0 in samples with no predicted labels. Use `zero_division` parameter to control this behavior.
  _warn_prf(average, modifier, msg_start, len(result))
Acc. (Correct/Total): 0.4347 (169151/2084) Prec: 0.6228 F1: 0.5629
Start evaluation on test dataset.
/home/lyq2021/.conda/envs/lyq2021/lib/python3.10/site-packages/sklearn/metrics/_classification.py:1344: UndefinedMetricWarning: Precision is ill-defined and being set to 0.0 in samples with no predicted labels. Use `zero_division` parameter to control this behavior.
  _warn_prf(average, modifier, msg_start, len(result))
Acc. (Correct/Total): 0.4606 (167877/2067) Prec: 0.6410 F1: 0.5839
Epoch id: 12, Training steps: 100, Avg loss: 0.011, Time: 0:54:59
Epoch id: 12, Training steps: 200, Avg loss: 0.009, Time: 0:55:43
Epoch id: 12, Training steps: 300, Avg loss: 0.009, Time: 0:56:28
Epoch id: 12, Training steps: 400, Avg loss: 0.008, Time: 0:57:13
Epoch id: 12, Training steps: 500, Avg loss: 0.011, Time: 0:57:57
Start evaluation on dev dataset.
/home/lyq2021/.conda/envs/lyq2021/lib/python3.10/site-packages/sklearn/metrics/_classification.py:1344: UndefinedMetricWarning: Precision is ill-defined and being set to 0.0 in samples with no predicted labels. Use `zero_division` parameter to control this behavior.
  _warn_prf(average, modifier, msg_start, len(result))
Acc. (Correct/Total): 0.4338 (169113/2084) Prec: 0.6250 F1: 0.5639
Start evaluation on test dataset.
/home/lyq2021/.conda/envs/lyq2021/lib/python3.10/site-packages/sklearn/metrics/_classification.py:1344: UndefinedMetricWarning: Precision is ill-defined and being set to 0.0 in samples with no predicted labels. Use `zero_division` parameter to control this behavior.
  _warn_prf(average, modifier, msg_start, len(result))
Acc. (Correct/Total): 0.4794 (167937/2067) Prec: 0.6672 F1: 0.6082
Epoch id: 13, Training steps: 100, Avg loss: 0.009, Time: 0:59:55
Epoch id: 13, Training steps: 200, Avg loss: 0.017, Time: 1:00:39
Epoch id: 13, Training steps: 300, Avg loss: 0.018, Time: 1:01:24
Epoch id: 13, Training steps: 400, Avg loss: 0.009, Time: 1:02:09
Epoch id: 13, Training steps: 500, Avg loss: 0.012, Time: 1:02:54
Start evaluation on dev dataset.
/home/lyq2021/.conda/envs/lyq2021/lib/python3.10/site-packages/sklearn/metrics/_classification.py:1344: UndefinedMetricWarning: Precision is ill-defined and being set to 0.0 in samples with no predicted labels. Use `zero_division` parameter to control this behavior.
  _warn_prf(average, modifier, msg_start, len(result))
Acc. (Correct/Total): 0.4506 (169174/2084) Prec: 0.6550 F1: 0.5908
Start evaluation on test dataset.
/home/lyq2021/.conda/envs/lyq2021/lib/python3.10/site-packages/sklearn/metrics/_classification.py:1344: UndefinedMetricWarning: Precision is ill-defined and being set to 0.0 in samples with no predicted labels. Use `zero_division` parameter to control this behavior.
  _warn_prf(average, modifier, msg_start, len(result))
Acc. (Correct/Total): 0.5012 (167973/2067) Prec: 0.6899 F1: 0.6315
Epoch id: 14, Training steps: 100, Avg loss: 0.013, Time: 1:04:51
Epoch id: 14, Training steps: 200, Avg loss: 0.011, Time: 1:05:36
Epoch id: 14, Training steps: 300, Avg loss: 0.023, Time: 1:06:21
Epoch id: 14, Training steps: 400, Avg loss: 0.007, Time: 1:07:05
Epoch id: 14, Training steps: 500, Avg loss: 0.007, Time: 1:07:50
Start evaluation on dev dataset.
/home/lyq2021/.conda/envs/lyq2021/lib/python3.10/site-packages/sklearn/metrics/_classification.py:1344: UndefinedMetricWarning: Precision is ill-defined and being set to 0.0 in samples with no predicted labels. Use `zero_division` parameter to control this behavior.
  _warn_prf(average, modifier, msg_start, len(result))
Acc. (Correct/Total): 0.4573 (169184/2084) Prec: 0.6573 F1: 0.5948
Start evaluation on test dataset.
/home/lyq2021/.conda/envs/lyq2021/lib/python3.10/site-packages/sklearn/metrics/_classification.py:1344: UndefinedMetricWarning: Precision is ill-defined and being set to 0.0 in samples with no predicted labels. Use `zero_division` parameter to control this behavior.
  _warn_prf(average, modifier, msg_start, len(result))
Acc. (Correct/Total): 0.5036 (167993/2067) Prec: 0.6967 F1: 0.6372
Epoch id: 15, Training steps: 100, Avg loss: 0.012, Time: 1:09:49
Epoch id: 15, Training steps: 200, Avg loss: 0.008, Time: 1:10:35
Epoch id: 15, Training steps: 300, Avg loss: 0.013, Time: 1:11:20
Epoch id: 15, Training steps: 400, Avg loss: 0.007, Time: 1:12:05
Epoch id: 15, Training steps: 500, Avg loss: 0.006, Time: 1:12:51
Start evaluation on dev dataset.
/home/lyq2021/.conda/envs/lyq2021/lib/python3.10/site-packages/sklearn/metrics/_classification.py:1344: UndefinedMetricWarning: Precision is ill-defined and being set to 0.0 in samples with no predicted labels. Use `zero_division` parameter to control this behavior.
  _warn_prf(average, modifier, msg_start, len(result))
Acc. (Correct/Total): 0.4702 (169203/2084) Prec: 0.6752 F1: 0.6125
Start evaluation on test dataset.
/home/lyq2021/.conda/envs/lyq2021/lib/python3.10/site-packages/sklearn/metrics/_classification.py:1344: UndefinedMetricWarning: Precision is ill-defined and being set to 0.0 in samples with no predicted labels. Use `zero_division` parameter to control this behavior.
  _warn_prf(average, modifier, msg_start, len(result))
Acc. (Correct/Total): 0.5128 (167990/2067) Prec: 0.7030 F1: 0.6454
Epoch id: 16, Training steps: 100, Avg loss: 0.008, Time: 1:14:50
Epoch id: 16, Training steps: 200, Avg loss: 0.008, Time: 1:15:35
Epoch id: 16, Training steps: 300, Avg loss: 0.006, Time: 1:16:20
Epoch id: 16, Training steps: 400, Avg loss: 0.009, Time: 1:17:04
Epoch id: 16, Training steps: 500, Avg loss: 0.009, Time: 1:17:49
Start evaluation on dev dataset.
/home/lyq2021/.conda/envs/lyq2021/lib/python3.10/site-packages/sklearn/metrics/_classification.py:1344: UndefinedMetricWarning: Precision is ill-defined and being set to 0.0 in samples with no predicted labels. Use `zero_division` parameter to control this behavior.
  _warn_prf(average, modifier, msg_start, len(result))
Acc. (Correct/Total): 0.4779 (169225/2084) Prec: 0.6802 F1: 0.6201
Start evaluation on test dataset.
/home/lyq2021/.conda/envs/lyq2021/lib/python3.10/site-packages/sklearn/metrics/_classification.py:1344: UndefinedMetricWarning: Precision is ill-defined and being set to 0.0 in samples with no predicted labels. Use `zero_division` parameter to control this behavior.
  _warn_prf(average, modifier, msg_start, len(result))
Acc. (Correct/Total): 0.5365 (168023/2067) Prec: 0.7197 F1: 0.6638
Epoch id: 17, Training steps: 100, Avg loss: 0.007, Time: 1:19:48
Epoch id: 17, Training steps: 200, Avg loss: 0.007, Time: 1:20:33
Epoch id: 17, Training steps: 300, Avg loss: 0.004, Time: 1:21:18
Epoch id: 17, Training steps: 400, Avg loss: 0.008, Time: 1:22:04
Epoch id: 17, Training steps: 500, Avg loss: 0.005, Time: 1:22:49
Start evaluation on dev dataset.
/home/lyq2021/.conda/envs/lyq2021/lib/python3.10/site-packages/sklearn/metrics/_classification.py:1344: UndefinedMetricWarning: Precision is ill-defined and being set to 0.0 in samples with no predicted labels. Use `zero_division` parameter to control this behavior.
  _warn_prf(average, modifier, msg_start, len(result))
Acc. (Correct/Total): 0.4827 (169237/2084) Prec: 0.6952 F1: 0.6313
Start evaluation on test dataset.
/home/lyq2021/.conda/envs/lyq2021/lib/python3.10/site-packages/sklearn/metrics/_classification.py:1344: UndefinedMetricWarning: Precision is ill-defined and being set to 0.0 in samples with no predicted labels. Use `zero_division` parameter to control this behavior.
  _warn_prf(average, modifier, msg_start, len(result))
Acc. (Correct/Total): 0.5389 (168033/2067) Prec: 0.7225 F1: 0.6677
Epoch id: 18, Training steps: 100, Avg loss: 0.004, Time: 1:24:46
Epoch id: 18, Training steps: 200, Avg loss: 0.006, Time: 1:25:31
Epoch id: 18, Training steps: 300, Avg loss: 0.006, Time: 1:26:15
Epoch id: 18, Training steps: 400, Avg loss: 0.008, Time: 1:27:00
Epoch id: 18, Training steps: 500, Avg loss: 0.004, Time: 1:27:45
Start evaluation on dev dataset.
/home/lyq2021/.conda/envs/lyq2021/lib/python3.10/site-packages/sklearn/metrics/_classification.py:1344: UndefinedMetricWarning: Precision is ill-defined and being set to 0.0 in samples with no predicted labels. Use `zero_division` parameter to control this behavior.
  _warn_prf(average, modifier, msg_start, len(result))
Acc. (Correct/Total): 0.4827 (169236/2084) Prec: 0.6939 F1: 0.6296
Epoch id: 19, Training steps: 100, Avg loss: 0.004, Time: 1:29:21
Epoch id: 19, Training steps: 200, Avg loss: 0.006, Time: 1:30:08
Epoch id: 19, Training steps: 300, Avg loss: 0.006, Time: 1:31:23
Epoch id: 19, Training steps: 400, Avg loss: 0.006, Time: 1:32:10
Epoch id: 19, Training steps: 500, Avg loss: 0.004, Time: 1:32:55
Start evaluation on dev dataset.
/home/lyq2021/.conda/envs/lyq2021/lib/python3.10/site-packages/sklearn/metrics/_classification.py:1344: UndefinedMetricWarning: Precision is ill-defined and being set to 0.0 in samples with no predicted labels. Use `zero_division` parameter to control this behavior.
  _warn_prf(average, modifier, msg_start, len(result))
Acc. (Correct/Total): 0.4914 (169251/2084) Prec: 0.7009 F1: 0.6381
Start evaluation on test dataset.
/home/lyq2021/.conda/envs/lyq2021/lib/python3.10/site-packages/sklearn/metrics/_classification.py:1344: UndefinedMetricWarning: Precision is ill-defined and being set to 0.0 in samples with no predicted labels. Use `zero_division` parameter to control this behavior.
  _warn_prf(average, modifier, msg_start, len(result))
Acc. (Correct/Total): 0.5472 (168054/2067) Prec: 0.7353 F1: 0.6786
Epoch id: 20, Training steps: 100, Avg loss: 0.009, Time: 1:34:52
Epoch id: 20, Training steps: 200, Avg loss: 0.006, Time: 1:35:38
Epoch id: 20, Training steps: 300, Avg loss: 0.003, Time: 1:36:23
Epoch id: 20, Training steps: 400, Avg loss: 0.007, Time: 1:37:07
Epoch id: 20, Training steps: 500, Avg loss: 0.012, Time: 1:37:52
Start evaluation on dev dataset.
/home/lyq2021/.conda/envs/lyq2021/lib/python3.10/site-packages/sklearn/metrics/_classification.py:1344: UndefinedMetricWarning: Precision is ill-defined and being set to 0.0 in samples with no predicted labels. Use `zero_division` parameter to control this behavior.
  _warn_prf(average, modifier, msg_start, len(result))
Acc. (Correct/Total): 0.4885 (169243/2084) Prec: 0.7000 F1: 0.6370
Final evaluation on the test dataset.
The number of evaluation instances:  2067
/home/lyq2021/.conda/envs/lyq2021/lib/python3.10/site-packages/sklearn/metrics/_classification.py:1344: UndefinedMetricWarning: Precision is ill-defined and being set to 0.0 in samples with no predicted labels. Use `zero_division` parameter to control this behavior.
  _warn_prf(average, modifier, msg_start, len(result))
/home/lyq2021/.conda/envs/lyq2021/lib/python3.10/site-packages/sklearn/metrics/_classification.py:1344: UndefinedMetricWarning: Precision and F-score are ill-defined and being set to 0.0 in labels with no predicted samples. Use `zero_division` parameter to control this behavior.
  _warn_prf(average, modifier, msg_start, len(result))
/home/lyq2021/.conda/envs/lyq2021/lib/python3.10/site-packages/sklearn/metrics/_classification.py:1344: UndefinedMetricWarning: Precision and F-score are ill-defined and being set to 0.0 in samples with no predicted labels. Use `zero_division` parameter to control this behavior.
  _warn_prf(average, modifier, msg_start, len(result))
Acc. (Correct/Total): 0.5472 (168054/2067) Prec: 0.7353 F1: 0.6786
Precision, Recall and F1-Score...
              precision    recall  f1-score   support

         教育学     0.9008    0.9419    0.9209       241
          法学     0.8853    0.8616    0.8733       224
      中国语言文学     0.8987    0.7676    0.8280       185
         政治学     0.8030    0.6503    0.7186       163
         社会学     0.8403    0.7707    0.8040       157
         心理学     0.9254    0.5041    0.6526       123
       应用经济学     0.7838    0.4957    0.6073       117
         历史学     0.9394    0.5688    0.7086       109
     环境科学与工程     0.9157    0.7037    0.7958       108
          哲学     0.7636    0.4330    0.5526        97
      外国语言文学     0.8169    0.6824    0.7436        85
         生物学     0.8696    0.7595    0.8108        79
      交通运输工程     0.9241    0.9359    0.9299        78
        临床医学     0.8689    0.6974    0.7737        76
    计算机科学与技术     0.7818    0.6056    0.6825        71
        土木工程     0.9275    0.9697    0.9481        66
   航空宇航科学与技术     0.9630    0.8525    0.9043        61
         民族学     0.6571    0.4182    0.5111        55
   公共卫生与预防医学     0.6579    0.4902    0.5618        51
         美术学     0.9565    0.8800    0.9167        50
         艺术学     0.8182    0.6279    0.7105        43
         地理学     0.9259    0.5952    0.7246        42
         体育学     0.8636    0.4750    0.6129        40
       理论经济学     0.6970    0.6053    0.6479        38
         中医学     0.9167    0.5946    0.7213        37
         物理学     0.9333    0.7778    0.8485        36
          林学     0.9048    0.5758    0.7037        33
          数学     0.9375    0.4688    0.6250        32
     电子科学与技术     0.8125    0.4194    0.5532        31
        基础医学     0.5000    0.2414    0.3256        29
        工商管理     0.9333    0.5185    0.6667        27
       新闻传播学     0.9167    0.5000    0.6471        22
         天文学     0.8182    0.8182    0.8182        22
         地质学     1.0000    0.4286    0.6000        21
         畜牧学     0.8824    0.7143    0.7895        21
   军事思想及军事历史     0.9286    0.6500    0.7647        20
     管理科学与工程     0.6111    0.6111    0.6111        18
     测绘科学与技术     0.8889    0.4706    0.6154        17
        水利工程     1.0000    0.4375    0.6087        16
        大气科学     1.0000    0.5000    0.6667        16
     兵器科学与技术     0.8571    0.8000    0.8276        15
       地球物理学     1.0000    0.0714    0.1333        14
        电气工程     0.8333    0.3846    0.5263        13
         作物学     1.0000    0.1538    0.2667        13
     控制科学与工程     0.5000    0.1538    0.2353        13
     信息与通信工程     1.0000    0.1538    0.2667        13
        公共管理     0.2500    0.0769    0.1176        13
         建筑学     0.0000    0.0000    0.0000        13
     化学工程与技术     1.0000    0.5000    0.6667        12
          力学     1.0000    0.3636    0.5333        11
        海洋科学     1.0000    0.4545    0.6250        11
     轻工技术与工程     0.0000    0.0000    0.0000        11
        农业工程     0.0000    0.0000    0.0000        10
         园艺学     1.0000    0.8000    0.8889        10
       中西医结合     1.0000    0.1000    0.1818        10
        机械工程     1.0000    0.1111    0.2000         9
       科学技术史     1.0000    0.1250    0.2222         8
     船舶与海洋工程     1.0000    0.1250    0.2222         8
   图书情报与档案管理     1.0000    0.1250    0.2222         8
        植物保护     1.0000    0.2500    0.4000         8
     材料科学与工程     1.0000    0.1250    0.2222         8
         统计学     0.5000    0.5000    0.5000         8
          化学     1.0000    0.6250    0.7692         8
     食品科学与工程     0.0000    0.0000    0.0000         8
          水产     1.0000    0.2857    0.4444         7
          药学     0.0000    0.0000    0.0000         7
     农业资源与环境     0.0000    0.0000    0.0000         7
         世界史     1.0000    0.2857    0.4444         7
        系统科学     0.0000    0.0000    0.0000         7
      农林经济管理     0.0000    0.0000    0.0000         5
       军队指挥学     0.0000    0.0000    0.0000         5
        矿业工程     0.0000    0.0000    0.0000         5
     纺织科学与工程     0.0000    0.0000    0.0000         5
  动力工程及工程热物理     0.0000    0.0000    0.0000         4
        林业工程     0.0000    0.0000    0.0000         4
     仪器科学与技术     0.0000    0.0000    0.0000         3
         战略学     0.0000    0.0000    0.0000         3
   地质资源与地质工程     0.0000    0.0000    0.0000         3
        旅游管理     0.0000    0.0000    0.0000         3
 图书馆、情报与档案管理     0.0000    0.0000    0.0000         2
        冶金工程     0.0000    0.0000    0.0000         2
      核科学与技术     0.0000    0.0000    0.0000         2

   micro avg     0.8630    0.6353    0.7318      3093
   macro avg     0.6623    0.3852    0.4564      3093
weighted avg     0.8337    0.6353    0.7035      3093
 samples avg     0.7353    0.6515    0.6786      3093

