  0%|          | 0/82 [00:00<?, ?it/s]100%|██████████| 82/82 [00:00<00:00, 1150277.35it/s]
model_type:  ['ernie', 'rcnn']
Vocabulary Size:  17964
[BertClassifier] use visible_matrix: False
Some weights of the model checkpoint at ./models/ernie1 were not used when initializing ErnieRCNNForMultiLabelSequenceClassification: ['cls.predictions.transform.dense.bias', 'cls.predictions.transform.LayerNorm.bias', 'cls.predictions.transform.dense.weight', 'cls.predictions.transform.LayerNorm.weight', 'ernie.pooler.dense.bias', 'ernie.pooler.dense.weight', 'cls.predictions.bias']
- This IS expected if you are initializing ErnieRCNNForMultiLabelSequenceClassification from the checkpoint of a model trained on another task or with another architecture (e.g. initializing a BertForSequenceClassification model from a BertForPreTraining model).
- This IS NOT expected if you are initializing ErnieRCNNForMultiLabelSequenceClassification from the checkpoint of a model that you expect to be exactly identical (initializing a BertForSequenceClassification model from a BertForSequenceClassification model).
Some weights of ErnieRCNNForMultiLabelSequenceClassification were not initialized from the model checkpoint at ./models/ernie1 and are newly initialized: ['classifier.bias', 'lstm.bias_hh_l0_reverse', 'lstm.bias_ih_l0_reverse', 'lstm.weight_ih_l0', 'lstm.weight_hh_l0', 'classifier.weight', 'lstm.bias_hh_l1', 'lstm.weight_hh_l1_reverse', 'lstm.weight_ih_l1_reverse', 'lstm.bias_hh_l0', 'lstm.weight_ih_l0_reverse', 'lstm.weight_ih_l1', 'lstm.weight_hh_l1', 'output_layer_1.weight', 'lstm.bias_ih_l1', 'lstm.bias_hh_l1_reverse', 'lstm.bias_ih_l0', 'output_layer_1.bias', 'lstm.weight_hh_l0_reverse', 'lstm.bias_ih_l1_reverse']
You should probably TRAIN this model on a down-stream task to be able to use it for predictions and inference.
1 GPUs are available. Let's use them.
device:  cuda
Start training.
Loading sentences from ./datasets/book_multilabels_task/train.tsv
There are 9098 sentence in total. We use 1 processes to inject knowledge into sentences.
Progress of process 0: 0/9098
Loading sentences from ./datasets/book_multilabels_task/dev.tsv
There are 2084 sentence in total. We use 1 processes to inject knowledge into sentences.
Progress of process 0: 0/2084
Loading sentences from ./datasets/book_multilabels_task/test.tsv
There are 2067 sentence in total. We use 1 processes to inject knowledge into sentences.
Progress of process 0: 0/2067
Epoch id: 1, Training steps: 100, Avg loss: 0.109, Time: 0:00:47
Epoch id: 1, Training steps: 200, Avg loss: 0.092, Time: 0:01:33
Epoch id: 1, Training steps: 300, Avg loss: 0.089, Time: 0:02:20
Epoch id: 1, Training steps: 400, Avg loss: 0.088, Time: 0:03:07
Epoch id: 1, Training steps: 500, Avg loss: 0.074, Time: 0:03:54
Epoch id: 1, Training steps: 600, Avg loss: 0.072, Time: 0:04:41
Epoch id: 1, Training steps: 700, Avg loss: 0.066, Time: 0:05:29
Start evaluation on dev dataset.
/home/lyq2021/.conda/envs/lyq2021/lib/python3.10/site-packages/sklearn/metrics/_classification.py:1344: UndefinedMetricWarning: Precision is ill-defined and being set to 0.0 in samples with no predicted labels. Use `zero_division` parameter to control this behavior.
  _warn_prf(average, modifier, msg_start, len(result))
Acc. (Correct/Total):  4.03%% Prec: 0.0777 F1: 0.0652
Start evaluation on test dataset.
torch.Size([3, 512])
/home/lyq2021/.conda/envs/lyq2021/lib/python3.10/site-packages/sklearn/metrics/_classification.py:1344: UndefinedMetricWarning: Precision is ill-defined and being set to 0.0 in samples with no predicted labels. Use `zero_division` parameter to control this behavior.
  _warn_prf(average, modifier, msg_start, len(result))
Acc. (Correct/Total):  4.79%% Prec: 0.0955 F1: 0.0797
Epoch id: 2, Training steps: 100, Avg loss: 0.040, Time: 0:07:43
Epoch id: 2, Training steps: 200, Avg loss: 0.029, Time: 0:08:31
Epoch id: 2, Training steps: 300, Avg loss: 0.042, Time: 0:09:19
Epoch id: 2, Training steps: 400, Avg loss: 0.036, Time: 0:10:07
Epoch id: 2, Training steps: 500, Avg loss: 0.019, Time: 0:10:55
Epoch id: 2, Training steps: 600, Avg loss: 0.043, Time: 0:11:43
Epoch id: 2, Training steps: 700, Avg loss: 0.022, Time: 0:12:31
Start evaluation on dev dataset.
/home/lyq2021/.conda/envs/lyq2021/lib/python3.10/site-packages/sklearn/metrics/_classification.py:1344: UndefinedMetricWarning: Precision is ill-defined and being set to 0.0 in samples with no predicted labels. Use `zero_division` parameter to control this behavior.
  _warn_prf(average, modifier, msg_start, len(result))
Acc. (Correct/Total): 26.20%% Prec: 0.4091 F1: 0.3619
Start evaluation on test dataset.
torch.Size([3, 512])
/home/lyq2021/.conda/envs/lyq2021/lib/python3.10/site-packages/sklearn/metrics/_classification.py:1344: UndefinedMetricWarning: Precision is ill-defined and being set to 0.0 in samples with no predicted labels. Use `zero_division` parameter to control this behavior.
  _warn_prf(average, modifier, msg_start, len(result))
Acc. (Correct/Total): 32.08%% Prec: 0.4705 F1: 0.4218
Epoch id: 3, Training steps: 100, Avg loss: 0.036, Time: 0:14:44
Epoch id: 3, Training steps: 200, Avg loss: 0.020, Time: 0:15:32
Epoch id: 3, Training steps: 300, Avg loss: 0.038, Time: 0:16:20
Epoch id: 3, Training steps: 400, Avg loss: 0.022, Time: 0:17:08
Epoch id: 3, Training steps: 500, Avg loss: 0.032, Time: 0:17:56
Epoch id: 3, Training steps: 600, Avg loss: 0.022, Time: 0:18:44
Epoch id: 3, Training steps: 700, Avg loss: 0.019, Time: 0:19:31
Start evaluation on dev dataset.
/home/lyq2021/.conda/envs/lyq2021/lib/python3.10/site-packages/sklearn/metrics/_classification.py:1344: UndefinedMetricWarning: Precision is ill-defined and being set to 0.0 in samples with no predicted labels. Use `zero_division` parameter to control this behavior.
  _warn_prf(average, modifier, msg_start, len(result))
Acc. (Correct/Total): 33.97%% Prec: 0.5238 F1: 0.4677
Start evaluation on test dataset.
torch.Size([3, 512])
/home/lyq2021/.conda/envs/lyq2021/lib/python3.10/site-packages/sklearn/metrics/_classification.py:1344: UndefinedMetricWarning: Precision is ill-defined and being set to 0.0 in samples with no predicted labels. Use `zero_division` parameter to control this behavior.
  _warn_prf(average, modifier, msg_start, len(result))
Acc. (Correct/Total): 38.66%% Prec: 0.5656 F1: 0.5095
Epoch id: 4, Training steps: 100, Avg loss: 0.012, Time: 0:21:45
Epoch id: 4, Training steps: 200, Avg loss: 0.027, Time: 0:22:33
Epoch id: 4, Training steps: 300, Avg loss: 0.019, Time: 0:23:20
Epoch id: 4, Training steps: 400, Avg loss: 0.023, Time: 0:24:08
Epoch id: 4, Training steps: 500, Avg loss: 0.012, Time: 0:24:56
Epoch id: 4, Training steps: 600, Avg loss: 0.022, Time: 0:25:44
Epoch id: 4, Training steps: 700, Avg loss: 0.014, Time: 0:26:32
Start evaluation on dev dataset.
/home/lyq2021/.conda/envs/lyq2021/lib/python3.10/site-packages/sklearn/metrics/_classification.py:1344: UndefinedMetricWarning: Precision is ill-defined and being set to 0.0 in samples with no predicted labels. Use `zero_division` parameter to control this behavior.
  _warn_prf(average, modifier, msg_start, len(result))
Acc. (Correct/Total): 44.29%% Prec: 0.6313 F1: 0.5735
Start evaluation on test dataset.
torch.Size([3, 512])
/home/lyq2021/.conda/envs/lyq2021/lib/python3.10/site-packages/sklearn/metrics/_classification.py:1344: UndefinedMetricWarning: Precision is ill-defined and being set to 0.0 in samples with no predicted labels. Use `zero_division` parameter to control this behavior.
  _warn_prf(average, modifier, msg_start, len(result))
Acc. (Correct/Total): 50.12%% Prec: 0.6737 F1: 0.6204
Epoch id: 5, Training steps: 100, Avg loss: 0.009, Time: 0:28:45
Epoch id: 5, Training steps: 200, Avg loss: 0.044, Time: 0:29:33
Epoch id: 5, Training steps: 300, Avg loss: 0.020, Time: 0:30:21
Epoch id: 5, Training steps: 400, Avg loss: 0.019, Time: 0:31:09
Epoch id: 5, Training steps: 500, Avg loss: 0.027, Time: 0:31:57
Epoch id: 5, Training steps: 600, Avg loss: 0.016, Time: 0:32:45
Epoch id: 5, Training steps: 700, Avg loss: 0.027, Time: 0:33:33
Start evaluation on dev dataset.
/home/lyq2021/.conda/envs/lyq2021/lib/python3.10/site-packages/sklearn/metrics/_classification.py:1344: UndefinedMetricWarning: Precision is ill-defined and being set to 0.0 in samples with no predicted labels. Use `zero_division` parameter to control this behavior.
  _warn_prf(average, modifier, msg_start, len(result))
Acc. (Correct/Total): 44.34%% Prec: 0.6593 F1: 0.5919
Start evaluation on test dataset.
torch.Size([3, 512])
/home/lyq2021/.conda/envs/lyq2021/lib/python3.10/site-packages/sklearn/metrics/_classification.py:1344: UndefinedMetricWarning: Precision is ill-defined and being set to 0.0 in samples with no predicted labels. Use `zero_division` parameter to control this behavior.
  _warn_prf(average, modifier, msg_start, len(result))
Acc. (Correct/Total): 50.56%% Prec: 0.7028 F1: 0.6412
Epoch id: 6, Training steps: 100, Avg loss: 0.007, Time: 0:35:46
Epoch id: 6, Training steps: 200, Avg loss: 0.009, Time: 0:36:34
Epoch id: 6, Training steps: 300, Avg loss: 0.011, Time: 0:37:22
Epoch id: 6, Training steps: 400, Avg loss: 0.004, Time: 0:38:10
Epoch id: 6, Training steps: 500, Avg loss: 0.017, Time: 0:38:58
Epoch id: 6, Training steps: 600, Avg loss: 0.009, Time: 0:39:46
Epoch id: 6, Training steps: 700, Avg loss: 0.011, Time: 0:40:34
Start evaluation on dev dataset.
/home/lyq2021/.conda/envs/lyq2021/lib/python3.10/site-packages/sklearn/metrics/_classification.py:1344: UndefinedMetricWarning: Precision is ill-defined and being set to 0.0 in samples with no predicted labels. Use `zero_division` parameter to control this behavior.
  _warn_prf(average, modifier, msg_start, len(result))
Acc. (Correct/Total): 50.14%% Prec: 0.7047 F1: 0.6440
Start evaluation on test dataset.
torch.Size([3, 512])
/home/lyq2021/.conda/envs/lyq2021/lib/python3.10/site-packages/sklearn/metrics/_classification.py:1344: UndefinedMetricWarning: Precision is ill-defined and being set to 0.0 in samples with no predicted labels. Use `zero_division` parameter to control this behavior.
  _warn_prf(average, modifier, msg_start, len(result))
Acc. (Correct/Total): 56.60%% Prec: 0.7500 F1: 0.6962
Epoch id: 7, Training steps: 100, Avg loss: 0.011, Time: 0:42:47
Epoch id: 7, Training steps: 200, Avg loss: 0.006, Time: 0:43:35
Epoch id: 7, Training steps: 300, Avg loss: 0.009, Time: 0:44:23
Epoch id: 7, Training steps: 400, Avg loss: 0.008, Time: 0:45:11
Epoch id: 7, Training steps: 500, Avg loss: 0.017, Time: 0:45:59
Epoch id: 7, Training steps: 600, Avg loss: 0.018, Time: 0:46:46
Epoch id: 7, Training steps: 700, Avg loss: 0.014, Time: 0:47:34
Start evaluation on dev dataset.
/home/lyq2021/.conda/envs/lyq2021/lib/python3.10/site-packages/sklearn/metrics/_classification.py:1344: UndefinedMetricWarning: Precision is ill-defined and being set to 0.0 in samples with no predicted labels. Use `zero_division` parameter to control this behavior.
  _warn_prf(average, modifier, msg_start, len(result))
Acc. (Correct/Total): 52.59%% Prec: 0.7338 F1: 0.6770
Start evaluation on test dataset.
torch.Size([3, 512])
/home/lyq2021/.conda/envs/lyq2021/lib/python3.10/site-packages/sklearn/metrics/_classification.py:1344: UndefinedMetricWarning: Precision is ill-defined and being set to 0.0 in samples with no predicted labels. Use `zero_division` parameter to control this behavior.
  _warn_prf(average, modifier, msg_start, len(result))
Acc. (Correct/Total): 59.80%% Prec: 0.7891 F1: 0.7366
Epoch id: 8, Training steps: 100, Avg loss: 0.005, Time: 0:49:48
Epoch id: 8, Training steps: 200, Avg loss: 0.016, Time: 0:50:35
Epoch id: 8, Training steps: 300, Avg loss: 0.007, Time: 0:51:23
Epoch id: 8, Training steps: 400, Avg loss: 0.008, Time: 0:52:11
Epoch id: 8, Training steps: 500, Avg loss: 0.004, Time: 0:52:59
Epoch id: 8, Training steps: 600, Avg loss: 0.008, Time: 0:53:47
Epoch id: 8, Training steps: 700, Avg loss: 0.008, Time: 0:54:35
Start evaluation on dev dataset.
/home/lyq2021/.conda/envs/lyq2021/lib/python3.10/site-packages/sklearn/metrics/_classification.py:1344: UndefinedMetricWarning: Precision is ill-defined and being set to 0.0 in samples with no predicted labels. Use `zero_division` parameter to control this behavior.
  _warn_prf(average, modifier, msg_start, len(result))
Acc. (Correct/Total): 54.56%% Prec: 0.7455 F1: 0.6893
Start evaluation on test dataset.
torch.Size([3, 512])
/home/lyq2021/.conda/envs/lyq2021/lib/python3.10/site-packages/sklearn/metrics/_classification.py:1344: UndefinedMetricWarning: Precision is ill-defined and being set to 0.0 in samples with no predicted labels. Use `zero_division` parameter to control this behavior.
  _warn_prf(average, modifier, msg_start, len(result))
Acc. (Correct/Total): 59.36%% Prec: 0.7816 F1: 0.7301
Epoch id: 9, Training steps: 100, Avg loss: 0.010, Time: 0:56:48
Epoch id: 9, Training steps: 200, Avg loss: 0.005, Time: 0:57:36
Epoch id: 9, Training steps: 300, Avg loss: 0.014, Time: 0:58:24
Epoch id: 9, Training steps: 400, Avg loss: 0.011, Time: 0:59:12
Epoch id: 9, Training steps: 500, Avg loss: 0.004, Time: 1:00:00
Epoch id: 9, Training steps: 600, Avg loss: 0.009, Time: 1:00:48
Epoch id: 9, Training steps: 700, Avg loss: 0.009, Time: 1:01:36
Start evaluation on dev dataset.
/home/lyq2021/.conda/envs/lyq2021/lib/python3.10/site-packages/sklearn/metrics/_classification.py:1344: UndefinedMetricWarning: Precision is ill-defined and being set to 0.0 in samples with no predicted labels. Use `zero_division` parameter to control this behavior.
  _warn_prf(average, modifier, msg_start, len(result))
Acc. (Correct/Total): 57.25%% Prec: 0.7683 F1: 0.7182
Start evaluation on test dataset.
torch.Size([3, 512])
/home/lyq2021/.conda/envs/lyq2021/lib/python3.10/site-packages/sklearn/metrics/_classification.py:1344: UndefinedMetricWarning: Precision is ill-defined and being set to 0.0 in samples with no predicted labels. Use `zero_division` parameter to control this behavior.
  _warn_prf(average, modifier, msg_start, len(result))
Acc. (Correct/Total): 61.44%% Prec: 0.8038 F1: 0.7540
Epoch id: 10, Training steps: 100, Avg loss: 0.008, Time: 1:03:49
Epoch id: 10, Training steps: 200, Avg loss: 0.001, Time: 1:04:37
Epoch id: 10, Training steps: 300, Avg loss: 0.008, Time: 1:05:25
Epoch id: 10, Training steps: 400, Avg loss: 0.004, Time: 1:06:13
Epoch id: 10, Training steps: 500, Avg loss: 0.007, Time: 1:07:01
Epoch id: 10, Training steps: 600, Avg loss: 0.003, Time: 1:07:48
Epoch id: 10, Training steps: 700, Avg loss: 0.008, Time: 1:08:36
Start evaluation on dev dataset.
/home/lyq2021/.conda/envs/lyq2021/lib/python3.10/site-packages/sklearn/metrics/_classification.py:1344: UndefinedMetricWarning: Precision is ill-defined and being set to 0.0 in samples with no predicted labels. Use `zero_division` parameter to control this behavior.
  _warn_prf(average, modifier, msg_start, len(result))
Acc. (Correct/Total): 55.90%% Prec: 0.7555 F1: 0.7048
Epoch id: 11, Training steps: 100, Avg loss: 0.005, Time: 1:10:20
Epoch id: 11, Training steps: 200, Avg loss: 0.012, Time: 1:11:08
Epoch id: 11, Training steps: 300, Avg loss: 0.009, Time: 1:11:56
Epoch id: 11, Training steps: 400, Avg loss: 0.005, Time: 1:12:44
Epoch id: 11, Training steps: 500, Avg loss: 0.007, Time: 1:13:32
Epoch id: 11, Training steps: 600, Avg loss: 0.005, Time: 1:14:19
Epoch id: 11, Training steps: 700, Avg loss: 0.005, Time: 1:15:07
Start evaluation on dev dataset.
/home/lyq2021/.conda/envs/lyq2021/lib/python3.10/site-packages/sklearn/metrics/_classification.py:1344: UndefinedMetricWarning: Precision is ill-defined and being set to 0.0 in samples with no predicted labels. Use `zero_division` parameter to control this behavior.
  _warn_prf(average, modifier, msg_start, len(result))
Acc. (Correct/Total): 58.93%% Prec: 0.7799 F1: 0.7360
Start evaluation on test dataset.
torch.Size([3, 512])
/home/lyq2021/.conda/envs/lyq2021/lib/python3.10/site-packages/sklearn/metrics/_classification.py:1344: UndefinedMetricWarning: Precision is ill-defined and being set to 0.0 in samples with no predicted labels. Use `zero_division` parameter to control this behavior.
  _warn_prf(average, modifier, msg_start, len(result))
Acc. (Correct/Total): 63.18%% Prec: 0.8129 F1: 0.7689
Epoch id: 12, Training steps: 100, Avg loss: 0.009, Time: 1:17:21
Epoch id: 12, Training steps: 200, Avg loss: 0.003, Time: 1:18:09
Epoch id: 12, Training steps: 300, Avg loss: 0.004, Time: 1:18:57
Epoch id: 12, Training steps: 400, Avg loss: 0.006, Time: 1:19:44
Epoch id: 12, Training steps: 500, Avg loss: 0.007, Time: 1:20:32
Epoch id: 12, Training steps: 600, Avg loss: 0.003, Time: 1:21:20
Epoch id: 12, Training steps: 700, Avg loss: 0.014, Time: 1:22:08
Start evaluation on dev dataset.
/home/lyq2021/.conda/envs/lyq2021/lib/python3.10/site-packages/sklearn/metrics/_classification.py:1344: UndefinedMetricWarning: Precision is ill-defined and being set to 0.0 in samples with no predicted labels. Use `zero_division` parameter to control this behavior.
  _warn_prf(average, modifier, msg_start, len(result))
Acc. (Correct/Total): 59.79%% Prec: 0.7883 F1: 0.7474
Start evaluation on test dataset.
torch.Size([3, 512])
/home/lyq2021/.conda/envs/lyq2021/lib/python3.10/site-packages/sklearn/metrics/_classification.py:1344: UndefinedMetricWarning: Precision is ill-defined and being set to 0.0 in samples with no predicted labels. Use `zero_division` parameter to control this behavior.
  _warn_prf(average, modifier, msg_start, len(result))
Acc. (Correct/Total): 64.59%% Prec: 0.8191 F1: 0.7804
Epoch id: 13, Training steps: 100, Avg loss: 0.007, Time: 1:24:21
Epoch id: 13, Training steps: 200, Avg loss: 0.001, Time: 1:25:09
Epoch id: 13, Training steps: 300, Avg loss: 0.007, Time: 1:25:57
Epoch id: 13, Training steps: 400, Avg loss: 0.001, Time: 1:26:45
Epoch id: 13, Training steps: 500, Avg loss: 0.002, Time: 1:27:32
Epoch id: 13, Training steps: 600, Avg loss: 0.004, Time: 1:28:20
Epoch id: 13, Training steps: 700, Avg loss: 0.008, Time: 1:29:08
Start evaluation on dev dataset.
/home/lyq2021/.conda/envs/lyq2021/lib/python3.10/site-packages/sklearn/metrics/_classification.py:1344: UndefinedMetricWarning: Precision is ill-defined and being set to 0.0 in samples with no predicted labels. Use `zero_division` parameter to control this behavior.
  _warn_prf(average, modifier, msg_start, len(result))
Acc. (Correct/Total): 59.69%% Prec: 0.7856 F1: 0.7468
Epoch id: 14, Training steps: 100, Avg loss: 0.005, Time: 1:30:52
Epoch id: 14, Training steps: 200, Avg loss: 0.003, Time: 1:31:40
Epoch id: 14, Training steps: 300, Avg loss: 0.002, Time: 1:32:28
Epoch id: 14, Training steps: 400, Avg loss: 0.003, Time: 1:33:16
Epoch id: 14, Training steps: 500, Avg loss: 0.006, Time: 1:34:04
Epoch id: 14, Training steps: 600, Avg loss: 0.002, Time: 1:34:51
Epoch id: 14, Training steps: 700, Avg loss: 0.001, Time: 1:35:39
Start evaluation on dev dataset.
/home/lyq2021/.conda/envs/lyq2021/lib/python3.10/site-packages/sklearn/metrics/_classification.py:1344: UndefinedMetricWarning: Precision is ill-defined and being set to 0.0 in samples with no predicted labels. Use `zero_division` parameter to control this behavior.
  _warn_prf(average, modifier, msg_start, len(result))
Acc. (Correct/Total): 59.45%% Prec: 0.7761 F1: 0.7361
Epoch id: 15, Training steps: 100, Avg loss: 0.001, Time: 1:37:23
Epoch id: 15, Training steps: 200, Avg loss: 0.001, Time: 1:38:11
Epoch id: 15, Training steps: 300, Avg loss: 0.002, Time: 1:38:59
Epoch id: 15, Training steps: 400, Avg loss: 0.002, Time: 1:39:47
Epoch id: 15, Training steps: 500, Avg loss: 0.002, Time: 1:40:34
Epoch id: 15, Training steps: 600, Avg loss: 0.001, Time: 1:41:21
Epoch id: 15, Training steps: 700, Avg loss: 0.001, Time: 1:42:08
Start evaluation on dev dataset.
/home/lyq2021/.conda/envs/lyq2021/lib/python3.10/site-packages/sklearn/metrics/_classification.py:1344: UndefinedMetricWarning: Precision is ill-defined and being set to 0.0 in samples with no predicted labels. Use `zero_division` parameter to control this behavior.
  _warn_prf(average, modifier, msg_start, len(result))
Acc. (Correct/Total): 59.69%% Prec: 0.7817 F1: 0.7470
Epoch id: 16, Training steps: 100, Avg loss: 0.001, Time: 1:43:51
Epoch id: 16, Training steps: 200, Avg loss: 0.004, Time: 1:44:38
Epoch id: 16, Training steps: 300, Avg loss: 0.002, Time: 1:45:26
Epoch id: 16, Training steps: 400, Avg loss: 0.001, Time: 1:46:14
Epoch id: 16, Training steps: 500, Avg loss: 0.002, Time: 1:47:02
Epoch id: 16, Training steps: 600, Avg loss: 0.001, Time: 1:47:50
Epoch id: 16, Training steps: 700, Avg loss: 0.001, Time: 1:48:38
Start evaluation on dev dataset.
/home/lyq2021/.conda/envs/lyq2021/lib/python3.10/site-packages/sklearn/metrics/_classification.py:1344: UndefinedMetricWarning: Precision is ill-defined and being set to 0.0 in samples with no predicted labels. Use `zero_division` parameter to control this behavior.
  _warn_prf(average, modifier, msg_start, len(result))
Acc. (Correct/Total): 60.70%% Prec: 0.7884 F1: 0.7546
Start evaluation on test dataset.
torch.Size([3, 512])
/home/lyq2021/.conda/envs/lyq2021/lib/python3.10/site-packages/sklearn/metrics/_classification.py:1344: UndefinedMetricWarning: Precision is ill-defined and being set to 0.0 in samples with no predicted labels. Use `zero_division` parameter to control this behavior.
  _warn_prf(average, modifier, msg_start, len(result))
Acc. (Correct/Total): 64.68%% Prec: 0.8149 F1: 0.7836
Epoch id: 17, Training steps: 100, Avg loss: 0.002, Time: 1:50:51
Epoch id: 17, Training steps: 200, Avg loss: 0.003, Time: 1:51:39
Epoch id: 17, Training steps: 300, Avg loss: 0.002, Time: 1:52:27
Epoch id: 17, Training steps: 400, Avg loss: 0.003, Time: 1:53:15
Epoch id: 17, Training steps: 500, Avg loss: 0.002, Time: 1:54:03
Epoch id: 17, Training steps: 600, Avg loss: 0.002, Time: 1:54:51
Epoch id: 17, Training steps: 700, Avg loss: 0.002, Time: 1:55:39
Start evaluation on dev dataset.
/home/lyq2021/.conda/envs/lyq2021/lib/python3.10/site-packages/sklearn/metrics/_classification.py:1344: UndefinedMetricWarning: Precision is ill-defined and being set to 0.0 in samples with no predicted labels. Use `zero_division` parameter to control this behavior.
  _warn_prf(average, modifier, msg_start, len(result))
Acc. (Correct/Total): 60.17%% Prec: 0.7782 F1: 0.7460
Epoch id: 18, Training steps: 100, Avg loss: 0.002, Time: 1:57:23
Epoch id: 18, Training steps: 200, Avg loss: 0.001, Time: 1:58:10
Epoch id: 18, Training steps: 300, Avg loss: 0.001, Time: 1:58:58
Epoch id: 18, Training steps: 400, Avg loss: 0.001, Time: 1:59:46
Epoch id: 18, Training steps: 500, Avg loss: 0.001, Time: 2:00:34
Epoch id: 18, Training steps: 600, Avg loss: 0.001, Time: 2:01:22
Epoch id: 18, Training steps: 700, Avg loss: 0.001, Time: 2:02:10
Start evaluation on dev dataset.
/home/lyq2021/.conda/envs/lyq2021/lib/python3.10/site-packages/sklearn/metrics/_classification.py:1344: UndefinedMetricWarning: Precision is ill-defined and being set to 0.0 in samples with no predicted labels. Use `zero_division` parameter to control this behavior.
  _warn_prf(average, modifier, msg_start, len(result))
Acc. (Correct/Total): 59.69%% Prec: 0.7810 F1: 0.7548
Epoch id: 19, Training steps: 100, Avg loss: 0.001, Time: 2:03:54
Epoch id: 19, Training steps: 200, Avg loss: 0.004, Time: 2:04:42
Epoch id: 19, Training steps: 300, Avg loss: 0.000, Time: 2:05:30
Epoch id: 19, Training steps: 400, Avg loss: 0.002, Time: 2:06:17
Epoch id: 19, Training steps: 500, Avg loss: 0.001, Time: 2:07:05
Epoch id: 19, Training steps: 600, Avg loss: 0.002, Time: 2:07:53
Epoch id: 19, Training steps: 700, Avg loss: 0.001, Time: 2:08:41
Start evaluation on dev dataset.
/home/lyq2021/.conda/envs/lyq2021/lib/python3.10/site-packages/sklearn/metrics/_classification.py:1344: UndefinedMetricWarning: Precision is ill-defined and being set to 0.0 in samples with no predicted labels. Use `zero_division` parameter to control this behavior.
  _warn_prf(average, modifier, msg_start, len(result))
Acc. (Correct/Total): 60.84%% Prec: 0.7892 F1: 0.7613
Start evaluation on test dataset.
torch.Size([3, 512])
/home/lyq2021/.conda/envs/lyq2021/lib/python3.10/site-packages/sklearn/metrics/_classification.py:1344: UndefinedMetricWarning: Precision is ill-defined and being set to 0.0 in samples with no predicted labels. Use `zero_division` parameter to control this behavior.
  _warn_prf(average, modifier, msg_start, len(result))
Acc. (Correct/Total): 65.99%% Prec: 0.8227 F1: 0.7943
Epoch id: 20, Training steps: 100, Avg loss: 0.001, Time: 2:10:54
Epoch id: 20, Training steps: 200, Avg loss: 0.002, Time: 2:11:42
Epoch id: 20, Training steps: 300, Avg loss: 0.002, Time: 2:12:30
Epoch id: 20, Training steps: 400, Avg loss: 0.001, Time: 2:13:18
Epoch id: 20, Training steps: 500, Avg loss: 0.003, Time: 2:14:06
Epoch id: 20, Training steps: 600, Avg loss: 0.001, Time: 2:14:54
Epoch id: 20, Training steps: 700, Avg loss: 0.001, Time: 2:15:42
Start evaluation on dev dataset.
/home/lyq2021/.conda/envs/lyq2021/lib/python3.10/site-packages/sklearn/metrics/_classification.py:1344: UndefinedMetricWarning: Precision is ill-defined and being set to 0.0 in samples with no predicted labels. Use `zero_division` parameter to control this behavior.
  _warn_prf(average, modifier, msg_start, len(result))
Acc. (Correct/Total): 59.98%% Prec: 0.7773 F1: 0.7448
Final evaluation on the test dataset.
The number of evaluation instances:  2067
torch.Size([3, 512])
/home/lyq2021/.conda/envs/lyq2021/lib/python3.10/site-packages/sklearn/metrics/_classification.py:1344: UndefinedMetricWarning: Precision is ill-defined and being set to 0.0 in samples with no predicted labels. Use `zero_division` parameter to control this behavior.
  _warn_prf(average, modifier, msg_start, len(result))
/home/lyq2021/.conda/envs/lyq2021/lib/python3.10/site-packages/sklearn/metrics/_classification.py:1344: UndefinedMetricWarning: Precision and F-score are ill-defined and being set to 0.0 in labels with no predicted samples. Use `zero_division` parameter to control this behavior.
  _warn_prf(average, modifier, msg_start, len(result))
/home/lyq2021/.conda/envs/lyq2021/lib/python3.10/site-packages/sklearn/metrics/_classification.py:1344: UndefinedMetricWarning: Precision and F-score are ill-defined and being set to 0.0 in samples with no predicted labels. Use `zero_division` parameter to control this behavior.
  _warn_prf(average, modifier, msg_start, len(result))
Acc. (Correct/Total): 65.99% Prec: 0.8227 F1: 0.7943
Precision, Recall and F1-Score...
              precision    recall  f1-score   support

         教育学     0.9073    0.9336    0.9202       241
          法学     0.8973    0.8973    0.8973       224
      中国语言文学     0.8788    0.7838    0.8286       185
         政治学     0.8054    0.7362    0.7692       163
         社会学     0.8741    0.7962    0.8333       157
         心理学     0.9367    0.6016    0.7327       123
       应用经济学     0.6509    0.5897    0.6188       117
         历史学     0.9111    0.7523    0.8241       109
     环境科学与工程     0.8879    0.8796    0.8837       108
          哲学     0.7907    0.7010    0.7432        97
      外国语言文学     0.7882    0.7882    0.7882        85
         生物学     0.8023    0.8734    0.8364        79
      交通运输工程     0.8889    0.9231    0.9057        78
        临床医学     0.8312    0.8421    0.8366        76
    计算机科学与技术     0.8382    0.8028    0.8201        71
        土木工程     0.9014    0.9697    0.9343        66
   航空宇航科学与技术     0.9508    0.9508    0.9508        61
         民族学     0.7174    0.6000    0.6535        55
   公共卫生与预防医学     0.5738    0.6863    0.6250        51
         美术学     0.8305    0.9800    0.8991        50
         艺术学     0.8500    0.7907    0.8193        43
         地理学     0.7609    0.8333    0.7955        42
         体育学     0.8710    0.6750    0.7606        40
       理论经济学     0.8750    0.7368    0.8000        38
         中医学     0.9189    0.9189    0.9189        37
         物理学     0.8250    0.9167    0.8684        36
          林学     0.7333    0.6667    0.6984        33
          数学     0.9474    0.5625    0.7059        32
     电子科学与技术     0.7143    0.4839    0.5769        31
        基础医学     0.4783    0.3793    0.4231        29
        工商管理     0.9444    0.6296    0.7556        27
       新闻传播学     0.8261    0.8636    0.8444        22
         天文学     0.8333    0.9091    0.8696        22
         地质学     0.8750    0.6667    0.7568        21
         畜牧学     0.8261    0.9048    0.8636        21
   军事思想及军事历史     0.8125    0.6500    0.7222        20
     管理科学与工程     0.6667    0.8889    0.7619        18
     测绘科学与技术     0.8571    0.7059    0.7742        17
        水利工程     0.7692    0.6250    0.6897        16
        大气科学     0.8571    0.7500    0.8000        16
     兵器科学与技术     0.7778    0.9333    0.8485        15
       地球物理学     1.0000    0.3571    0.5263        14
        电气工程     1.0000    0.6154    0.7619        13
         作物学     0.6429    0.6923    0.6667        13
     控制科学与工程     0.4167    0.3846    0.4000        13
     信息与通信工程     0.7692    0.7692    0.7692        13
        公共管理     0.3333    0.1538    0.2105        13
         建筑学     1.0000    0.3077    0.4706        13
     化学工程与技术     0.9000    0.7500    0.8182        12
          力学     0.8889    0.7273    0.8000        11
        海洋科学     1.0000    0.8182    0.9000        11
     轻工技术与工程     0.4615    0.5455    0.5000        11
        农业工程     1.0000    0.7000    0.8235        10
         园艺学     0.7273    0.8000    0.7619        10
       中西医结合     1.0000    0.6000    0.7500        10
        机械工程     1.0000    0.5556    0.7143         9
       科学技术史     1.0000    0.8750    0.9333         8
     船舶与海洋工程     0.8750    0.8750    0.8750         8
   图书情报与档案管理     0.8571    0.7500    0.8000         8
        植物保护     1.0000    0.8750    0.9333         8
     材料科学与工程     0.7500    0.7500    0.7500         8
         统计学     0.5385    0.8750    0.6667         8
          化学     1.0000    0.7500    0.8571         8
     食品科学与工程     1.0000    0.5000    0.6667         8
          水产     1.0000    0.7143    0.8333         7
          药学     1.0000    0.5714    0.7273         7
     农业资源与环境     1.0000    0.8571    0.9231         7
         世界史     0.7000    1.0000    0.8235         7
        系统科学     1.0000    0.5714    0.7273         7
      农林经济管理     0.6667    0.8000    0.7273         5
       军队指挥学     1.0000    0.4000    0.5714         5
        矿业工程     0.6000    0.6000    0.6000         5
     纺织科学与工程     0.7143    1.0000    0.8333         5
  动力工程及工程热物理     0.0000    0.0000    0.0000         4
        林业工程     0.5000    0.2500    0.3333         4
     仪器科学与技术     0.0000    0.0000    0.0000         3
         战略学     1.0000    0.3333    0.5000         3
   地质资源与地质工程     1.0000    1.0000    1.0000         3
        旅游管理     1.0000    0.6667    0.8000         3
 图书馆、情报与档案管理     1.0000    0.5000    0.6667         2
        冶金工程     0.6667    1.0000    0.8000         2
      核科学与技术     0.0000    0.0000    0.0000         2

   micro avg     0.8357    0.7747    0.8040      3093
   macro avg     0.8011    0.6935    0.7265      3093
weighted avg     0.8382    0.7747    0.7984      3093
 samples avg     0.8227    0.7909    0.7943      3093

