  0%|          | 0/82 [00:00<?, ?it/s]100%|██████████| 82/82 [00:00<00:00, 397610.32it/s]
model_type:  ['ernie', 'rcnn']
Vocabulary Size:  39979
[BertClassifier] use visible_matrix: False
Some weights of ErnieRCNNForMultiLabelSequenceClassification were not initialized from the model checkpoint at ./models/ernie3 and are newly initialized: ['lstm.weight_hh_l1_reverse', 'lstm.bias_ih_l0', 'lstm.bias_ih_l1', 'lstm.weight_hh_l0_reverse', 'lstm.bias_ih_l0_reverse', 'classifier.weight', 'lstm.weight_hh_l1', 'lstm.weight_ih_l0', 'lstm.bias_hh_l1', 'lstm.bias_hh_l0_reverse', 'lstm.bias_hh_l0', 'lstm.weight_ih_l1_reverse', 'lstm.bias_hh_l1_reverse', 'lstm.bias_ih_l1_reverse', 'output_layer_1.bias', 'output_layer_1.weight', 'lstm.weight_ih_l0_reverse', 'classifier.bias', 'lstm.weight_ih_l1', 'lstm.weight_hh_l0']
You should probably TRAIN this model on a down-stream task to be able to use it for predictions and inference.
1 GPUs are available. Let's use them.
device:  cuda
Start training.
Loading sentences from ./datasets/book_multilabels_task/train.tsv
There are 9097 sentence in total. We use 1 processes to inject knowledge into sentences.
Progress of process 0: 0/9097
Loading sentences from ./datasets/book_multilabels_task/dev.tsv
There are 2084 sentence in total. We use 1 processes to inject knowledge into sentences.
Progress of process 0: 0/2084
Loading sentences from ./datasets/book_multilabels_task/test.tsv
There are 2067 sentence in total. We use 1 processes to inject knowledge into sentences.
Progress of process 0: 0/2067
Epoch id: 1, Training steps: 100, Avg loss: 0.110, Time: 0:01:13
Epoch id: 1, Training steps: 200, Avg loss: 0.085, Time: 0:02:26
Start evaluation on dev dataset.
/root/miniconda3/envs/lh/lib/python3.8/site-packages/sklearn/metrics/_classification.py:1469: UndefinedMetricWarning: Precision is ill-defined and being set to 0.0 in samples with no predicted labels. Use `zero_division` parameter to control this behavior.
  _warn_prf(average, modifier, msg_start, len(result))
Acc. (Correct/Total):  0.00%% Prec: 0.0000 F1: 0.0000
Epoch id: 2, Training steps: 100, Avg loss: 0.072, Time: 0:04:57
Epoch id: 2, Training steps: 200, Avg loss: 0.055, Time: 0:06:09
Start evaluation on dev dataset.
/root/miniconda3/envs/lh/lib/python3.8/site-packages/sklearn/metrics/_classification.py:1469: UndefinedMetricWarning: Precision is ill-defined and being set to 0.0 in samples with no predicted labels. Use `zero_division` parameter to control this behavior.
  _warn_prf(average, modifier, msg_start, len(result))
Acc. (Correct/Total):  1.97%% Prec: 0.0619 F1: 0.0473
Start evaluation on test dataset.
/root/miniconda3/envs/lh/lib/python3.8/site-packages/sklearn/metrics/_classification.py:1469: UndefinedMetricWarning: Precision is ill-defined and being set to 0.0 in samples with no predicted labels. Use `zero_division` parameter to control this behavior.
  _warn_prf(average, modifier, msg_start, len(result))
Acc. (Correct/Total):  2.23%% Prec: 0.0946 F1: 0.0700
Epoch id: 3, Training steps: 100, Avg loss: 0.056, Time: 0:08:56
Epoch id: 3, Training steps: 200, Avg loss: 0.053, Time: 0:10:09
Start evaluation on dev dataset.
/root/miniconda3/envs/lh/lib/python3.8/site-packages/sklearn/metrics/_classification.py:1469: UndefinedMetricWarning: Precision is ill-defined and being set to 0.0 in samples with no predicted labels. Use `zero_division` parameter to control this behavior.
  _warn_prf(average, modifier, msg_start, len(result))
Acc. (Correct/Total): 16.84%% Prec: 0.2872 F1: 0.2485
Start evaluation on test dataset.
/root/miniconda3/envs/lh/lib/python3.8/site-packages/sklearn/metrics/_classification.py:1469: UndefinedMetricWarning: Precision is ill-defined and being set to 0.0 in samples with no predicted labels. Use `zero_division` parameter to control this behavior.
  _warn_prf(average, modifier, msg_start, len(result))
Acc. (Correct/Total): 23.71%% Prec: 0.3413 F1: 0.3077
Epoch id: 4, Training steps: 100, Avg loss: 0.049, Time: 0:12:57
Epoch id: 4, Training steps: 200, Avg loss: 0.032, Time: 0:14:09
Start evaluation on dev dataset.
/root/miniconda3/envs/lh/lib/python3.8/site-packages/sklearn/metrics/_classification.py:1469: UndefinedMetricWarning: Precision is ill-defined and being set to 0.0 in samples with no predicted labels. Use `zero_division` parameter to control this behavior.
  _warn_prf(average, modifier, msg_start, len(result))
Acc. (Correct/Total): 22.98%% Prec: 0.3690 F1: 0.3248
Start evaluation on test dataset.
/root/miniconda3/envs/lh/lib/python3.8/site-packages/sklearn/metrics/_classification.py:1469: UndefinedMetricWarning: Precision is ill-defined and being set to 0.0 in samples with no predicted labels. Use `zero_division` parameter to control this behavior.
  _warn_prf(average, modifier, msg_start, len(result))
Acc. (Correct/Total): 26.22%% Prec: 0.4253 F1: 0.3727
Epoch id: 5, Training steps: 100, Avg loss: 0.036, Time: 0:16:57
Epoch id: 5, Training steps: 200, Avg loss: 0.026, Time: 0:18:10
Start evaluation on dev dataset.
/root/miniconda3/envs/lh/lib/python3.8/site-packages/sklearn/metrics/_classification.py:1469: UndefinedMetricWarning: Precision is ill-defined and being set to 0.0 in samples with no predicted labels. Use `zero_division` parameter to control this behavior.
  _warn_prf(average, modifier, msg_start, len(result))
Acc. (Correct/Total): 33.49%% Prec: 0.4952 F1: 0.4446
Start evaluation on test dataset.
/root/miniconda3/envs/lh/lib/python3.8/site-packages/sklearn/metrics/_classification.py:1469: UndefinedMetricWarning: Precision is ill-defined and being set to 0.0 in samples with no predicted labels. Use `zero_division` parameter to control this behavior.
  _warn_prf(average, modifier, msg_start, len(result))
Acc. (Correct/Total): 38.36%% Prec: 0.5399 F1: 0.4906
Epoch id: 6, Training steps: 100, Avg loss: 0.032, Time: 0:20:58
Epoch id: 6, Training steps: 200, Avg loss: 0.028, Time: 0:22:11
Start evaluation on dev dataset.
/root/miniconda3/envs/lh/lib/python3.8/site-packages/sklearn/metrics/_classification.py:1469: UndefinedMetricWarning: Precision is ill-defined and being set to 0.0 in samples with no predicted labels. Use `zero_division` parameter to control this behavior.
  _warn_prf(average, modifier, msg_start, len(result))
Acc. (Correct/Total): 35.03%% Prec: 0.5158 F1: 0.4636
Start evaluation on test dataset.
/root/miniconda3/envs/lh/lib/python3.8/site-packages/sklearn/metrics/_classification.py:1469: UndefinedMetricWarning: Precision is ill-defined and being set to 0.0 in samples with no predicted labels. Use `zero_division` parameter to control this behavior.
  _warn_prf(average, modifier, msg_start, len(result))
Acc. (Correct/Total): 39.38%% Prec: 0.5733 F1: 0.5163
Epoch id: 7, Training steps: 100, Avg loss: 0.020, Time: 0:24:58
Epoch id: 7, Training steps: 200, Avg loss: 0.028, Time: 0:26:11
Start evaluation on dev dataset.
/root/miniconda3/envs/lh/lib/python3.8/site-packages/sklearn/metrics/_classification.py:1469: UndefinedMetricWarning: Precision is ill-defined and being set to 0.0 in samples with no predicted labels. Use `zero_division` parameter to control this behavior.
  _warn_prf(average, modifier, msg_start, len(result))
Acc. (Correct/Total): 37.14%% Prec: 0.5451 F1: 0.4898
Start evaluation on test dataset.
/root/miniconda3/envs/lh/lib/python3.8/site-packages/sklearn/metrics/_classification.py:1469: UndefinedMetricWarning: Precision is ill-defined and being set to 0.0 in samples with no predicted labels. Use `zero_division` parameter to control this behavior.
  _warn_prf(average, modifier, msg_start, len(result))
Acc. (Correct/Total): 41.22%% Prec: 0.5953 F1: 0.5371
Epoch id: 8, Training steps: 100, Avg loss: 0.023, Time: 0:29:01
Epoch id: 8, Training steps: 200, Avg loss: 0.021, Time: 0:30:15
Start evaluation on dev dataset.
/root/miniconda3/envs/lh/lib/python3.8/site-packages/sklearn/metrics/_classification.py:1469: UndefinedMetricWarning: Precision is ill-defined and being set to 0.0 in samples with no predicted labels. Use `zero_division` parameter to control this behavior.
  _warn_prf(average, modifier, msg_start, len(result))
Acc. (Correct/Total): 42.13%% Prec: 0.5960 F1: 0.5428
Start evaluation on test dataset.
/root/miniconda3/envs/lh/lib/python3.8/site-packages/sklearn/metrics/_classification.py:1469: UndefinedMetricWarning: Precision is ill-defined and being set to 0.0 in samples with no predicted labels. Use `zero_division` parameter to control this behavior.
  _warn_prf(average, modifier, msg_start, len(result))
Acc. (Correct/Total): 46.11%% Prec: 0.6478 F1: 0.5896
Epoch id: 9, Training steps: 100, Avg loss: 0.030, Time: 0:33:04
Epoch id: 9, Training steps: 200, Avg loss: 0.023, Time: 0:34:17
Start evaluation on dev dataset.
/root/miniconda3/envs/lh/lib/python3.8/site-packages/sklearn/metrics/_classification.py:1469: UndefinedMetricWarning: Precision is ill-defined and being set to 0.0 in samples with no predicted labels. Use `zero_division` parameter to control this behavior.
  _warn_prf(average, modifier, msg_start, len(result))
Acc. (Correct/Total): 42.99%% Prec: 0.6117 F1: 0.5572
Start evaluation on test dataset.
/root/miniconda3/envs/lh/lib/python3.8/site-packages/sklearn/metrics/_classification.py:1469: UndefinedMetricWarning: Precision is ill-defined and being set to 0.0 in samples with no predicted labels. Use `zero_division` parameter to control this behavior.
  _warn_prf(average, modifier, msg_start, len(result))
Acc. (Correct/Total): 47.61%% Prec: 0.6715 F1: 0.6108
Epoch id: 10, Training steps: 100, Avg loss: 0.020, Time: 0:37:07
Epoch id: 10, Training steps: 200, Avg loss: 0.025, Time: 0:38:20
Start evaluation on dev dataset.
/root/miniconda3/envs/lh/lib/python3.8/site-packages/sklearn/metrics/_classification.py:1469: UndefinedMetricWarning: Precision is ill-defined and being set to 0.0 in samples with no predicted labels. Use `zero_division` parameter to control this behavior.
  _warn_prf(average, modifier, msg_start, len(result))
Acc. (Correct/Total): 36.08%% Prec: 0.4918 F1: 0.4525
Epoch id: 11, Training steps: 100, Avg loss: 0.042, Time: 0:40:51
Epoch id: 11, Training steps: 200, Avg loss: 0.039, Time: 0:42:04
Start evaluation on dev dataset.
/root/miniconda3/envs/lh/lib/python3.8/site-packages/sklearn/metrics/_classification.py:1469: UndefinedMetricWarning: Precision is ill-defined and being set to 0.0 in samples with no predicted labels. Use `zero_division` parameter to control this behavior.
  _warn_prf(average, modifier, msg_start, len(result))
Acc. (Correct/Total): 45.44%% Prec: 0.6533 F1: 0.5947
Start evaluation on test dataset.
/root/miniconda3/envs/lh/lib/python3.8/site-packages/sklearn/metrics/_classification.py:1469: UndefinedMetricWarning: Precision is ill-defined and being set to 0.0 in samples with no predicted labels. Use `zero_division` parameter to control this behavior.
  _warn_prf(average, modifier, msg_start, len(result))
Acc. (Correct/Total): 50.75%% Prec: 0.7149 F1: 0.6536
Epoch id: 12, Training steps: 100, Avg loss: 0.019, Time: 0:44:54
Epoch id: 12, Training steps: 200, Avg loss: 0.011, Time: 0:46:07
Start evaluation on dev dataset.
/root/miniconda3/envs/lh/lib/python3.8/site-packages/sklearn/metrics/_classification.py:1469: UndefinedMetricWarning: Precision is ill-defined and being set to 0.0 in samples with no predicted labels. Use `zero_division` parameter to control this behavior.
  _warn_prf(average, modifier, msg_start, len(result))
Acc. (Correct/Total): 49.33%% Prec: 0.7007 F1: 0.6419
Start evaluation on test dataset.
/root/miniconda3/envs/lh/lib/python3.8/site-packages/sklearn/metrics/_classification.py:1469: UndefinedMetricWarning: Precision is ill-defined and being set to 0.0 in samples with no predicted labels. Use `zero_division` parameter to control this behavior.
  _warn_prf(average, modifier, msg_start, len(result))
Acc. (Correct/Total): 55.06%% Prec: 0.7529 F1: 0.6909
Epoch id: 13, Training steps: 100, Avg loss: 0.017, Time: 0:48:56
Epoch id: 13, Training steps: 200, Avg loss: 0.014, Time: 0:50:09
Start evaluation on dev dataset.
/root/miniconda3/envs/lh/lib/python3.8/site-packages/sklearn/metrics/_classification.py:1469: UndefinedMetricWarning: Precision is ill-defined and being set to 0.0 in samples with no predicted labels. Use `zero_division` parameter to control this behavior.
  _warn_prf(average, modifier, msg_start, len(result))
Acc. (Correct/Total): 50.86%% Prec: 0.7092 F1: 0.6528
Start evaluation on test dataset.
/root/miniconda3/envs/lh/lib/python3.8/site-packages/sklearn/metrics/_classification.py:1469: UndefinedMetricWarning: Precision is ill-defined and being set to 0.0 in samples with no predicted labels. Use `zero_division` parameter to control this behavior.
  _warn_prf(average, modifier, msg_start, len(result))
Acc. (Correct/Total): 55.49%% Prec: 0.7467 F1: 0.6902
Epoch id: 14, Training steps: 100, Avg loss: 0.015, Time: 0:52:58
Epoch id: 14, Training steps: 200, Avg loss: 0.019, Time: 0:54:11
Start evaluation on dev dataset.
/root/miniconda3/envs/lh/lib/python3.8/site-packages/sklearn/metrics/_classification.py:1469: UndefinedMetricWarning: Precision is ill-defined and being set to 0.0 in samples with no predicted labels. Use `zero_division` parameter to control this behavior.
  _warn_prf(average, modifier, msg_start, len(result))
Acc. (Correct/Total): 51.06%% Prec: 0.7121 F1: 0.6580
Start evaluation on test dataset.
/root/miniconda3/envs/lh/lib/python3.8/site-packages/sklearn/metrics/_classification.py:1469: UndefinedMetricWarning: Precision is ill-defined and being set to 0.0 in samples with no predicted labels. Use `zero_division` parameter to control this behavior.
  _warn_prf(average, modifier, msg_start, len(result))
Acc. (Correct/Total): 57.04%% Prec: 0.7559 F1: 0.7028
Epoch id: 15, Training steps: 100, Avg loss: 0.011, Time: 0:57:00
Epoch id: 15, Training steps: 200, Avg loss: 0.015, Time: 0:58:14
Start evaluation on dev dataset.
/root/miniconda3/envs/lh/lib/python3.8/site-packages/sklearn/metrics/_classification.py:1469: UndefinedMetricWarning: Precision is ill-defined and being set to 0.0 in samples with no predicted labels. Use `zero_division` parameter to control this behavior.
  _warn_prf(average, modifier, msg_start, len(result))
Acc. (Correct/Total): 54.08%% Prec: 0.7382 F1: 0.6874
Start evaluation on test dataset.
/root/miniconda3/envs/lh/lib/python3.8/site-packages/sklearn/metrics/_classification.py:1469: UndefinedMetricWarning: Precision is ill-defined and being set to 0.0 in samples with no predicted labels. Use `zero_division` parameter to control this behavior.
  _warn_prf(average, modifier, msg_start, len(result))
Acc. (Correct/Total): 58.83%% Prec: 0.7723 F1: 0.7220
Epoch id: 16, Training steps: 100, Avg loss: 0.019, Time: 1:01:03
Epoch id: 16, Training steps: 200, Avg loss: 0.007, Time: 1:02:16
Start evaluation on dev dataset.
/root/miniconda3/envs/lh/lib/python3.8/site-packages/sklearn/metrics/_classification.py:1469: UndefinedMetricWarning: Precision is ill-defined and being set to 0.0 in samples with no predicted labels. Use `zero_division` parameter to control this behavior.
  _warn_prf(average, modifier, msg_start, len(result))
Acc. (Correct/Total): 53.89%% Prec: 0.7407 F1: 0.6902
Epoch id: 17, Training steps: 100, Avg loss: 0.013, Time: 1:04:47
Epoch id: 17, Training steps: 200, Avg loss: 0.012, Time: 1:06:00
Start evaluation on dev dataset.
/root/miniconda3/envs/lh/lib/python3.8/site-packages/sklearn/metrics/_classification.py:1469: UndefinedMetricWarning: Precision is ill-defined and being set to 0.0 in samples with no predicted labels. Use `zero_division` parameter to control this behavior.
  _warn_prf(average, modifier, msg_start, len(result))
Acc. (Correct/Total): 53.93%% Prec: 0.7422 F1: 0.6899
Epoch id: 18, Training steps: 100, Avg loss: 0.007, Time: 1:08:32
Epoch id: 18, Training steps: 200, Avg loss: 0.009, Time: 1:09:45
Start evaluation on dev dataset.
/root/miniconda3/envs/lh/lib/python3.8/site-packages/sklearn/metrics/_classification.py:1469: UndefinedMetricWarning: Precision is ill-defined and being set to 0.0 in samples with no predicted labels. Use `zero_division` parameter to control this behavior.
  _warn_prf(average, modifier, msg_start, len(result))
Acc. (Correct/Total): 55.33%% Prec: 0.7474 F1: 0.6998
Start evaluation on test dataset.
/root/miniconda3/envs/lh/lib/python3.8/site-packages/sklearn/metrics/_classification.py:1469: UndefinedMetricWarning: Precision is ill-defined and being set to 0.0 in samples with no predicted labels. Use `zero_division` parameter to control this behavior.
  _warn_prf(average, modifier, msg_start, len(result))
Acc. (Correct/Total): 61.64%% Prec: 0.7998 F1: 0.7537
Epoch id: 19, Training steps: 100, Avg loss: 0.010, Time: 1:12:35
Epoch id: 19, Training steps: 200, Avg loss: 0.010, Time: 1:13:49
Start evaluation on dev dataset.
/root/miniconda3/envs/lh/lib/python3.8/site-packages/sklearn/metrics/_classification.py:1469: UndefinedMetricWarning: Precision is ill-defined and being set to 0.0 in samples with no predicted labels. Use `zero_division` parameter to control this behavior.
  _warn_prf(average, modifier, msg_start, len(result))
Acc. (Correct/Total): 54.89%% Prec: 0.7407 F1: 0.6949
Epoch id: 20, Training steps: 100, Avg loss: 0.005, Time: 1:16:21
Epoch id: 20, Training steps: 200, Avg loss: 0.010, Time: 1:17:34
Start evaluation on dev dataset.
/root/miniconda3/envs/lh/lib/python3.8/site-packages/sklearn/metrics/_classification.py:1469: UndefinedMetricWarning: Precision is ill-defined and being set to 0.0 in samples with no predicted labels. Use `zero_division` parameter to control this behavior.
  _warn_prf(average, modifier, msg_start, len(result))
Acc. (Correct/Total): 54.37%% Prec: 0.7438 F1: 0.6931
Final evaluation on the test dataset.
The number of evaluation instances:  2067
/root/miniconda3/envs/lh/lib/python3.8/site-packages/sklearn/metrics/_classification.py:1469: UndefinedMetricWarning: Precision is ill-defined and being set to 0.0 in samples with no predicted labels. Use `zero_division` parameter to control this behavior.
  _warn_prf(average, modifier, msg_start, len(result))
/root/miniconda3/envs/lh/lib/python3.8/site-packages/sklearn/metrics/_classification.py:1469: UndefinedMetricWarning: Precision and F-score are ill-defined and being set to 0.0 in labels with no predicted samples. Use `zero_division` parameter to control this behavior.
  _warn_prf(average, modifier, msg_start, len(result))
/root/miniconda3/envs/lh/lib/python3.8/site-packages/sklearn/metrics/_classification.py:1469: UndefinedMetricWarning: Precision and F-score are ill-defined and being set to 0.0 in samples with no predicted labels. Use `zero_division` parameter to control this behavior.
  _warn_prf(average, modifier, msg_start, len(result))
Acc. (Correct/Total): 61.64% Prec: 0.7998 F1: 0.7537
Precision, Recall and F1-Score...
              precision    recall  f1-score   support

         教育学     0.7965    0.9419    0.8631       241
          法学     0.8789    0.8750    0.8770       224
      中国语言文学     0.9236    0.7838    0.8480       185
         政治学     0.8049    0.6074    0.6923       163
         社会学     0.9231    0.7643    0.8362       157
         心理学     0.8571    0.6341    0.7290       123
       应用经济学     0.7470    0.5299    0.6200       117
         历史学     0.9839    0.5596    0.7135       109
     环境科学与工程     0.8969    0.8056    0.8488       108
          哲学     0.8438    0.5567    0.6708        97
      外国语言文学     0.8148    0.7765    0.7952        85
         生物学     0.8462    0.8354    0.8408        79
      交通运输工程     0.8571    0.9231    0.8889        78
        临床医学     0.8750    0.7368    0.8000        76
    计算机科学与技术     0.8525    0.7324    0.7879        71
        土木工程     0.9552    0.9697    0.9624        66
   航空宇航科学与技术     0.9661    0.9344    0.9500        61
         民族学     0.6429    0.4909    0.5567        55
   公共卫生与预防医学     0.7800    0.7647    0.7723        51
         美术学     0.8936    0.8400    0.8660        50
         艺术学     0.8857    0.7209    0.7949        43
         地理学     0.8667    0.6190    0.7222        42
         体育学     0.9615    0.6250    0.7576        40
       理论经济学     0.8056    0.7632    0.7838        38
         中医学     0.9412    0.8649    0.9014        37
         物理学     0.8158    0.8611    0.8378        36
          林学     0.8077    0.6364    0.7119        33
          数学     0.9000    0.5625    0.6923        32
     电子科学与技术     0.7222    0.4194    0.5306        31
        基础医学     0.6667    0.3448    0.4545        29
        工商管理     0.7826    0.6667    0.7200        27
       新闻传播学     0.7778    0.6364    0.7000        22
         天文学     0.7727    0.7727    0.7727        22
         地质学     0.8824    0.7143    0.7895        21
         畜牧学     0.8571    0.8571    0.8571        21
   军事思想及军事历史     0.8095    0.8500    0.8293        20
     管理科学与工程     0.7143    0.8333    0.7692        18
     测绘科学与技术     0.8667    0.7647    0.8125        17
        水利工程     0.8000    0.5000    0.6154        16
        大气科学     0.8333    0.6250    0.7143        16
     兵器科学与技术     0.7333    0.7333    0.7333        15
       地球物理学     0.3333    0.0714    0.1176        14
        电气工程     0.8571    0.4615    0.6000        13
         作物学     0.6364    0.5385    0.5833        13
     控制科学与工程     0.3333    0.2308    0.2727        13
     信息与通信工程     0.6667    0.3077    0.4211        13
        公共管理     0.2500    0.0769    0.1176        13
         建筑学     1.0000    0.1538    0.2667        13
     化学工程与技术     0.9000    0.7500    0.8182        12
          力学     1.0000    0.6364    0.7778        11
        海洋科学     0.9091    0.9091    0.9091        11
     轻工技术与工程     0.5000    0.0909    0.1538        11
        农业工程     1.0000    0.5000    0.6667        10
         园艺学     0.8333    0.5000    0.6250        10
       中西医结合     1.0000    0.4000    0.5714        10
        机械工程     1.0000    0.8889    0.9412         9
       科学技术史     1.0000    0.7500    0.8571         8
     船舶与海洋工程     0.8000    0.5000    0.6154         8
   图书情报与档案管理     0.6000    0.3750    0.4615         8
        植物保护     0.8750    0.8750    0.8750         8
     材料科学与工程     0.8333    0.6250    0.7143         8
         统计学     0.6000    0.7500    0.6667         8
          化学     0.8750    0.8750    0.8750         8
     食品科学与工程     1.0000    0.3750    0.5455         8
          水产     1.0000    0.7143    0.8333         7
          药学     1.0000    0.7143    0.8333         7
     农业资源与环境     1.0000    0.7143    0.8333         7
         世界史     0.8571    0.8571    0.8571         7
        系统科学     1.0000    0.5714    0.7273         7
      农林经济管理     0.7500    0.6000    0.6667         5
       军队指挥学     1.0000    0.4000    0.5714         5
        矿业工程     1.0000    0.2000    0.3333         5
     纺织科学与工程     0.7143    1.0000    0.8333         5
  动力工程及工程热物理     0.0000    0.0000    0.0000         4
        林业工程     0.0000    0.0000    0.0000         4
     仪器科学与技术     0.0000    0.0000    0.0000         3
         战略学     0.0000    0.0000    0.0000         3
   地质资源与地质工程     0.0000    0.0000    0.0000         3
        旅游管理     1.0000    0.3333    0.5000         3
 图书馆、情报与档案管理     0.0000    0.0000    0.0000         2
        冶金工程     0.0000    0.0000    0.0000         2
      核科学与技术     0.0000    0.0000    0.0000         2

   micro avg     0.8485    0.7155    0.7764      3093
   macro avg     0.7496    0.5753    0.6325      3093
weighted avg     0.8403    0.7155    0.7625      3093
 samples avg     0.7998    0.7349    0.7537      3093

