  0%|          | 0/82 [00:00<?, ?it/s]100%|██████████| 82/82 [00:00<00:00, 1135092.17it/s]
Vocabulary Size:  30522
[BertClassifier] use visible_matrix: True
Some weights of the model checkpoint at ./models/ernie2 were not used when initializing ErnieForMultiLabelSequenceClassification: ['ernie.pooler.dense.bias', 'ernie.pooler.dense.weight']
- This IS expected if you are initializing ErnieForMultiLabelSequenceClassification from the checkpoint of a model trained on another task or with another architecture (e.g. initializing a BertForSequenceClassification model from a BertForPreTraining model).
- This IS NOT expected if you are initializing ErnieForMultiLabelSequenceClassification from the checkpoint of a model that you expect to be exactly identical (initializing a BertForSequenceClassification model from a BertForSequenceClassification model).
Some weights of ErnieForMultiLabelSequenceClassification were not initialized from the model checkpoint at ./models/ernie2 and are newly initialized: ['output_layer_2.weight', 'output_layer_2.bias', 'output_layer_1.weight', 'output_layer_1.bias']
You should probably TRAIN this model on a down-stream task to be able to use it for predictions and inference.
1 GPUs are available. Let's use them.
device:  cuda
[KnowledgeGraph] Loading spo from /home/lyq2021/experiment/K-BERT-HUGGINGFACE/brain/kgs/CnDbpedia.spo
Start training.
Loading sentences from ./datasets/book_multilabels_task/train.tsv
There are 9098 sentence in total. We use 1 processes to inject knowledge into sentences.
Progress of process 0: 0/9098
Loading sentences from ./datasets/book_multilabels_task/dev.tsv
There are 2084 sentence in total. We use 1 processes to inject knowledge into sentences.
Progress of process 0: 0/2084
Loading sentences from ./datasets/book_multilabels_task/test.tsv
There are 2067 sentence in total. We use 1 processes to inject knowledge into sentences.
Progress of process 0: 0/2067
Epoch id: 1, Training steps: 100, Avg loss: 0.176, Time: 0:00:41
Epoch id: 1, Training steps: 200, Avg loss: 0.105, Time: 0:01:23
Epoch id: 1, Training steps: 300, Avg loss: 0.089, Time: 0:02:04
Epoch id: 1, Training steps: 400, Avg loss: 0.085, Time: 0:02:46
Epoch id: 1, Training steps: 500, Avg loss: 0.089, Time: 0:03:28
Epoch id: 1, Training steps: 600, Avg loss: 0.083, Time: 0:04:10
Epoch id: 1, Training steps: 700, Avg loss: 0.092, Time: 0:04:52
Start evaluation on dev dataset.
/home/lyq2021/.conda/envs/lyq2021/lib/python3.10/site-packages/sklearn/metrics/_classification.py:1344: UndefinedMetricWarning: Precision is ill-defined and being set to 0.0 in samples with no predicted labels. Use `zero_division` parameter to control this behavior.
  _warn_prf(average, modifier, msg_start, len(result))
Acc. (Correct/Total):  0.00%% Prec: 0.0000 F1: 0.0000
Epoch id: 2, Training steps: 100, Avg loss: 0.084, Time: 0:06:24
Epoch id: 2, Training steps: 200, Avg loss: 0.091, Time: 0:07:06
Epoch id: 2, Training steps: 300, Avg loss: 0.098, Time: 0:07:48
Epoch id: 2, Training steps: 400, Avg loss: 0.079, Time: 0:08:30
Epoch id: 2, Training steps: 500, Avg loss: 0.077, Time: 0:09:12
Epoch id: 2, Training steps: 600, Avg loss: 0.088, Time: 0:09:54
Epoch id: 2, Training steps: 700, Avg loss: 0.074, Time: 0:10:36
Start evaluation on dev dataset.
/home/lyq2021/.conda/envs/lyq2021/lib/python3.10/site-packages/sklearn/metrics/_classification.py:1344: UndefinedMetricWarning: Precision is ill-defined and being set to 0.0 in samples with no predicted labels. Use `zero_division` parameter to control this behavior.
  _warn_prf(average, modifier, msg_start, len(result))
Acc. (Correct/Total):  0.00%% Prec: 0.0000 F1: 0.0000
Epoch id: 3, Training steps: 100, Avg loss: 0.060, Time: 0:12:08
Epoch id: 3, Training steps: 200, Avg loss: 0.073, Time: 0:12:50
Epoch id: 3, Training steps: 300, Avg loss: 0.076, Time: 0:13:32
Epoch id: 3, Training steps: 400, Avg loss: 0.068, Time: 0:14:14
Epoch id: 3, Training steps: 500, Avg loss: 0.064, Time: 0:14:56
Epoch id: 3, Training steps: 600, Avg loss: 0.069, Time: 0:15:38
Epoch id: 3, Training steps: 700, Avg loss: 0.063, Time: 0:16:20
Start evaluation on dev dataset.
/home/lyq2021/.conda/envs/lyq2021/lib/python3.10/site-packages/sklearn/metrics/_classification.py:1344: UndefinedMetricWarning: Precision is ill-defined and being set to 0.0 in samples with no predicted labels. Use `zero_division` parameter to control this behavior.
  _warn_prf(average, modifier, msg_start, len(result))
Acc. (Correct/Total):  0.00%% Prec: 0.0000 F1: 0.0000
Epoch id: 4, Training steps: 100, Avg loss: 0.046, Time: 0:17:51
Epoch id: 4, Training steps: 200, Avg loss: 0.068, Time: 0:18:33
Epoch id: 4, Training steps: 300, Avg loss: 0.051, Time: 0:19:15
Epoch id: 4, Training steps: 400, Avg loss: 0.054, Time: 0:19:57
Epoch id: 4, Training steps: 500, Avg loss: 0.066, Time: 0:20:39
Epoch id: 4, Training steps: 600, Avg loss: 0.060, Time: 0:21:21
Epoch id: 4, Training steps: 700, Avg loss: 0.045, Time: 0:22:03
Start evaluation on dev dataset.
/home/lyq2021/.conda/envs/lyq2021/lib/python3.10/site-packages/sklearn/metrics/_classification.py:1344: UndefinedMetricWarning: Precision is ill-defined and being set to 0.0 in samples with no predicted labels. Use `zero_division` parameter to control this behavior.
  _warn_prf(average, modifier, msg_start, len(result))
Acc. (Correct/Total):  0.29%% Prec: 0.0288 F1: 0.0200
Start evaluation on test dataset.
torch.Size([3, 512])
/home/lyq2021/.conda/envs/lyq2021/lib/python3.10/site-packages/sklearn/metrics/_classification.py:1344: UndefinedMetricWarning: Precision is ill-defined and being set to 0.0 in samples with no predicted labels. Use `zero_division` parameter to control this behavior.
  _warn_prf(average, modifier, msg_start, len(result))
Acc. (Correct/Total):  0.15%% Prec: 0.0247 F1: 0.0169
Epoch id: 5, Training steps: 100, Avg loss: 0.059, Time: 0:24:01
Epoch id: 5, Training steps: 200, Avg loss: 0.053, Time: 0:24:43
Epoch id: 5, Training steps: 300, Avg loss: 0.055, Time: 0:25:25
Epoch id: 5, Training steps: 400, Avg loss: 0.065, Time: 0:26:07
Epoch id: 5, Training steps: 500, Avg loss: 0.062, Time: 0:26:49
Epoch id: 5, Training steps: 600, Avg loss: 0.060, Time: 0:27:31
Epoch id: 5, Training steps: 700, Avg loss: 0.041, Time: 0:28:13
Start evaluation on dev dataset.
/home/lyq2021/.conda/envs/lyq2021/lib/python3.10/site-packages/sklearn/metrics/_classification.py:1344: UndefinedMetricWarning: Precision is ill-defined and being set to 0.0 in samples with no predicted labels. Use `zero_division` parameter to control this behavior.
  _warn_prf(average, modifier, msg_start, len(result))
Acc. (Correct/Total):  1.73%% Prec: 0.0389 F1: 0.0319
Start evaluation on test dataset.
torch.Size([3, 512])
/home/lyq2021/.conda/envs/lyq2021/lib/python3.10/site-packages/sklearn/metrics/_classification.py:1344: UndefinedMetricWarning: Precision is ill-defined and being set to 0.0 in samples with no predicted labels. Use `zero_division` parameter to control this behavior.
  _warn_prf(average, modifier, msg_start, len(result))
Acc. (Correct/Total):  1.79%% Prec: 0.0431 F1: 0.0345
Epoch id: 6, Training steps: 100, Avg loss: 0.073, Time: 0:30:12
Epoch id: 6, Training steps: 200, Avg loss: 0.046, Time: 0:30:54
Epoch id: 6, Training steps: 300, Avg loss: 0.047, Time: 0:31:36
Epoch id: 6, Training steps: 400, Avg loss: 0.043, Time: 0:32:18
Epoch id: 6, Training steps: 500, Avg loss: 0.051, Time: 0:32:59
Epoch id: 6, Training steps: 600, Avg loss: 0.048, Time: 0:33:41
Epoch id: 6, Training steps: 700, Avg loss: 0.055, Time: 0:34:23
Start evaluation on dev dataset.
/home/lyq2021/.conda/envs/lyq2021/lib/python3.10/site-packages/sklearn/metrics/_classification.py:1344: UndefinedMetricWarning: Precision is ill-defined and being set to 0.0 in samples with no predicted labels. Use `zero_division` parameter to control this behavior.
  _warn_prf(average, modifier, msg_start, len(result))
Acc. (Correct/Total):  7.15%% Prec: 0.1317 F1: 0.1121
Start evaluation on test dataset.
torch.Size([3, 512])
/home/lyq2021/.conda/envs/lyq2021/lib/python3.10/site-packages/sklearn/metrics/_classification.py:1344: UndefinedMetricWarning: Precision is ill-defined and being set to 0.0 in samples with no predicted labels. Use `zero_division` parameter to control this behavior.
  _warn_prf(average, modifier, msg_start, len(result))
Acc. (Correct/Total):  9.82%% Prec: 0.1410 F1: 0.1268
Epoch id: 7, Training steps: 100, Avg loss: 0.046, Time: 0:36:22
Epoch id: 7, Training steps: 200, Avg loss: 0.052, Time: 0:37:04
Epoch id: 7, Training steps: 300, Avg loss: 0.063, Time: 0:37:46
Epoch id: 7, Training steps: 400, Avg loss: 0.045, Time: 0:38:28
Epoch id: 7, Training steps: 500, Avg loss: 0.056, Time: 0:39:10
Epoch id: 7, Training steps: 600, Avg loss: 0.032, Time: 0:39:52
Epoch id: 7, Training steps: 700, Avg loss: 0.066, Time: 0:40:34
Start evaluation on dev dataset.
/home/lyq2021/.conda/envs/lyq2021/lib/python3.10/site-packages/sklearn/metrics/_classification.py:1344: UndefinedMetricWarning: Precision is ill-defined and being set to 0.0 in samples with no predicted labels. Use `zero_division` parameter to control this behavior.
  _warn_prf(average, modifier, msg_start, len(result))
Acc. (Correct/Total): 12.52%% Prec: 0.1912 F1: 0.1713
Start evaluation on test dataset.
torch.Size([3, 512])
/home/lyq2021/.conda/envs/lyq2021/lib/python3.10/site-packages/sklearn/metrics/_classification.py:1344: UndefinedMetricWarning: Precision is ill-defined and being set to 0.0 in samples with no predicted labels. Use `zero_division` parameter to control this behavior.
  _warn_prf(average, modifier, msg_start, len(result))
Acc. (Correct/Total): 13.26%% Prec: 0.1921 F1: 0.1742
Epoch id: 8, Training steps: 100, Avg loss: 0.046, Time: 0:42:33
Epoch id: 8, Training steps: 200, Avg loss: 0.051, Time: 0:43:15
Epoch id: 8, Training steps: 300, Avg loss: 0.033, Time: 0:43:57
Epoch id: 8, Training steps: 400, Avg loss: 0.040, Time: 0:44:38
Epoch id: 8, Training steps: 500, Avg loss: 0.029, Time: 0:45:20
Epoch id: 8, Training steps: 600, Avg loss: 0.045, Time: 0:46:02
Epoch id: 8, Training steps: 700, Avg loss: 0.048, Time: 0:46:45
Start evaluation on dev dataset.
/home/lyq2021/.conda/envs/lyq2021/lib/python3.10/site-packages/sklearn/metrics/_classification.py:1344: UndefinedMetricWarning: Precision is ill-defined and being set to 0.0 in samples with no predicted labels. Use `zero_division` parameter to control this behavior.
  _warn_prf(average, modifier, msg_start, len(result))
Acc. (Correct/Total): 10.08%% Prec: 0.1823 F1: 0.1562
Epoch id: 9, Training steps: 100, Avg loss: 0.052, Time: 0:48:17
Epoch id: 9, Training steps: 200, Avg loss: 0.040, Time: 0:48:58
Epoch id: 9, Training steps: 300, Avg loss: 0.029, Time: 0:49:40
Epoch id: 9, Training steps: 400, Avg loss: 0.028, Time: 0:50:22
Epoch id: 9, Training steps: 500, Avg loss: 0.029, Time: 0:51:04
Epoch id: 9, Training steps: 600, Avg loss: 0.051, Time: 0:51:46
Epoch id: 9, Training steps: 700, Avg loss: 0.037, Time: 0:52:28
Start evaluation on dev dataset.
/home/lyq2021/.conda/envs/lyq2021/lib/python3.10/site-packages/sklearn/metrics/_classification.py:1344: UndefinedMetricWarning: Precision is ill-defined and being set to 0.0 in samples with no predicted labels. Use `zero_division` parameter to control this behavior.
  _warn_prf(average, modifier, msg_start, len(result))
Acc. (Correct/Total): 13.53%% Prec: 0.2423 F1: 0.2074
Start evaluation on test dataset.
torch.Size([3, 512])
/home/lyq2021/.conda/envs/lyq2021/lib/python3.10/site-packages/sklearn/metrics/_classification.py:1344: UndefinedMetricWarning: Precision is ill-defined and being set to 0.0 in samples with no predicted labels. Use `zero_division` parameter to control this behavior.
  _warn_prf(average, modifier, msg_start, len(result))
Acc. (Correct/Total): 15.48%% Prec: 0.2540 F1: 0.2225
Epoch id: 10, Training steps: 100, Avg loss: 0.044, Time: 0:54:27
Epoch id: 10, Training steps: 200, Avg loss: 0.030, Time: 0:55:09
Epoch id: 10, Training steps: 300, Avg loss: 0.037, Time: 0:55:50
Epoch id: 10, Training steps: 400, Avg loss: 0.030, Time: 0:56:32
Epoch id: 10, Training steps: 500, Avg loss: 0.037, Time: 0:57:13
Epoch id: 10, Training steps: 600, Avg loss: 0.024, Time: 0:57:55
Epoch id: 10, Training steps: 700, Avg loss: 0.055, Time: 0:58:37
Start evaluation on dev dataset.
/home/lyq2021/.conda/envs/lyq2021/lib/python3.10/site-packages/sklearn/metrics/_classification.py:1344: UndefinedMetricWarning: Precision is ill-defined and being set to 0.0 in samples with no predicted labels. Use `zero_division` parameter to control this behavior.
  _warn_prf(average, modifier, msg_start, len(result))
Acc. (Correct/Total): 18.86%% Prec: 0.2786 F1: 0.2514
Start evaluation on test dataset.
torch.Size([3, 512])
/home/lyq2021/.conda/envs/lyq2021/lib/python3.10/site-packages/sklearn/metrics/_classification.py:1344: UndefinedMetricWarning: Precision is ill-defined and being set to 0.0 in samples with no predicted labels. Use `zero_division` parameter to control this behavior.
  _warn_prf(average, modifier, msg_start, len(result))
Acc. (Correct/Total): 19.30%% Prec: 0.2789 F1: 0.2533
Epoch id: 11, Training steps: 100, Avg loss: 0.031, Time: 1:00:35
Epoch id: 11, Training steps: 200, Avg loss: 0.030, Time: 1:01:16
Epoch id: 11, Training steps: 300, Avg loss: 0.030, Time: 1:01:58
Epoch id: 11, Training steps: 400, Avg loss: 0.039, Time: 1:02:39
Epoch id: 11, Training steps: 500, Avg loss: 0.050, Time: 1:03:21
Epoch id: 11, Training steps: 600, Avg loss: 0.041, Time: 1:04:03
Epoch id: 11, Training steps: 700, Avg loss: 0.018, Time: 1:04:45
Start evaluation on dev dataset.
/home/lyq2021/.conda/envs/lyq2021/lib/python3.10/site-packages/sklearn/metrics/_classification.py:1344: UndefinedMetricWarning: Precision is ill-defined and being set to 0.0 in samples with no predicted labels. Use `zero_division` parameter to control this behavior.
  _warn_prf(average, modifier, msg_start, len(result))
Acc. (Correct/Total): 16.46%% Prec: 0.2819 F1: 0.2444
Epoch id: 12, Training steps: 100, Avg loss: 0.027, Time: 1:06:17
Epoch id: 12, Training steps: 200, Avg loss: 0.035, Time: 1:06:58
Epoch id: 12, Training steps: 300, Avg loss: 0.030, Time: 1:07:40
Epoch id: 12, Training steps: 400, Avg loss: 0.036, Time: 1:08:22
Epoch id: 12, Training steps: 500, Avg loss: 0.035, Time: 1:09:04
Epoch id: 12, Training steps: 600, Avg loss: 0.029, Time: 1:09:46
Epoch id: 12, Training steps: 700, Avg loss: 0.031, Time: 1:10:28
Start evaluation on dev dataset.
/home/lyq2021/.conda/envs/lyq2021/lib/python3.10/site-packages/sklearn/metrics/_classification.py:1344: UndefinedMetricWarning: Precision is ill-defined and being set to 0.0 in samples with no predicted labels. Use `zero_division` parameter to control this behavior.
  _warn_prf(average, modifier, msg_start, len(result))
Acc. (Correct/Total): 19.87%% Prec: 0.3361 F1: 0.2938
Start evaluation on test dataset.
torch.Size([3, 512])
/home/lyq2021/.conda/envs/lyq2021/lib/python3.10/site-packages/sklearn/metrics/_classification.py:1344: UndefinedMetricWarning: Precision is ill-defined and being set to 0.0 in samples with no predicted labels. Use `zero_division` parameter to control this behavior.
  _warn_prf(average, modifier, msg_start, len(result))
Acc. (Correct/Total): 21.29%% Prec: 0.3360 F1: 0.2966
Epoch id: 13, Training steps: 100, Avg loss: 0.033, Time: 1:12:27
Epoch id: 13, Training steps: 200, Avg loss: 0.036, Time: 1:13:09
Epoch id: 13, Training steps: 300, Avg loss: 0.040, Time: 1:13:51
Epoch id: 13, Training steps: 400, Avg loss: 0.015, Time: 1:14:33
Epoch id: 13, Training steps: 500, Avg loss: 0.037, Time: 1:15:15
Epoch id: 13, Training steps: 600, Avg loss: 0.036, Time: 1:15:57
Epoch id: 13, Training steps: 700, Avg loss: 0.026, Time: 1:16:39
Start evaluation on dev dataset.
/home/lyq2021/.conda/envs/lyq2021/lib/python3.10/site-packages/sklearn/metrics/_classification.py:1344: UndefinedMetricWarning: Precision is ill-defined and being set to 0.0 in samples with no predicted labels. Use `zero_division` parameter to control this behavior.
  _warn_prf(average, modifier, msg_start, len(result))
Acc. (Correct/Total): 21.21%% Prec: 0.3318 F1: 0.2960
Start evaluation on test dataset.
torch.Size([3, 512])
/home/lyq2021/.conda/envs/lyq2021/lib/python3.10/site-packages/sklearn/metrics/_classification.py:1344: UndefinedMetricWarning: Precision is ill-defined and being set to 0.0 in samples with no predicted labels. Use `zero_division` parameter to control this behavior.
  _warn_prf(average, modifier, msg_start, len(result))
Acc. (Correct/Total): 22.35%% Prec: 0.3416 F1: 0.3045
Epoch id: 14, Training steps: 100, Avg loss: 0.031, Time: 1:18:37
Epoch id: 14, Training steps: 200, Avg loss: 0.030, Time: 1:19:19
Epoch id: 14, Training steps: 300, Avg loss: 0.020, Time: 1:20:01
Epoch id: 14, Training steps: 400, Avg loss: 0.022, Time: 1:20:43
Epoch id: 14, Training steps: 500, Avg loss: 0.022, Time: 1:21:25
Epoch id: 14, Training steps: 600, Avg loss: 0.024, Time: 1:22:07
Epoch id: 14, Training steps: 700, Avg loss: 0.026, Time: 1:22:49
Start evaluation on dev dataset.
/home/lyq2021/.conda/envs/lyq2021/lib/python3.10/site-packages/sklearn/metrics/_classification.py:1344: UndefinedMetricWarning: Precision is ill-defined and being set to 0.0 in samples with no predicted labels. Use `zero_division` parameter to control this behavior.
  _warn_prf(average, modifier, msg_start, len(result))
Acc. (Correct/Total): 22.12%% Prec: 0.3692 F1: 0.3238
Start evaluation on test dataset.
torch.Size([3, 512])
/home/lyq2021/.conda/envs/lyq2021/lib/python3.10/site-packages/sklearn/metrics/_classification.py:1344: UndefinedMetricWarning: Precision is ill-defined and being set to 0.0 in samples with no predicted labels. Use `zero_division` parameter to control this behavior.
  _warn_prf(average, modifier, msg_start, len(result))
Acc. (Correct/Total): 24.48%% Prec: 0.3740 F1: 0.3344
Epoch id: 15, Training steps: 100, Avg loss: 0.029, Time: 1:24:48
Epoch id: 15, Training steps: 200, Avg loss: 0.030, Time: 1:25:30
Epoch id: 15, Training steps: 300, Avg loss: 0.031, Time: 1:26:12
Epoch id: 15, Training steps: 400, Avg loss: 0.035, Time: 1:26:54
Epoch id: 15, Training steps: 500, Avg loss: 0.019, Time: 1:27:36
Epoch id: 15, Training steps: 600, Avg loss: 0.028, Time: 1:28:18
Epoch id: 15, Training steps: 700, Avg loss: 0.025, Time: 1:29:00
Start evaluation on dev dataset.
/home/lyq2021/.conda/envs/lyq2021/lib/python3.10/site-packages/sklearn/metrics/_classification.py:1344: UndefinedMetricWarning: Precision is ill-defined and being set to 0.0 in samples with no predicted labels. Use `zero_division` parameter to control this behavior.
  _warn_prf(average, modifier, msg_start, len(result))
Acc. (Correct/Total): 23.46%% Prec: 0.3774 F1: 0.3330
Start evaluation on test dataset.
torch.Size([3, 512])
/home/lyq2021/.conda/envs/lyq2021/lib/python3.10/site-packages/sklearn/metrics/_classification.py:1344: UndefinedMetricWarning: Precision is ill-defined and being set to 0.0 in samples with no predicted labels. Use `zero_division` parameter to control this behavior.
  _warn_prf(average, modifier, msg_start, len(result))
Acc. (Correct/Total): 25.25%% Prec: 0.3834 F1: 0.3424
Epoch id: 16, Training steps: 100, Avg loss: 0.017, Time: 1:30:59
Epoch id: 16, Training steps: 200, Avg loss: 0.023, Time: 1:31:41
Epoch id: 16, Training steps: 300, Avg loss: 0.025, Time: 1:32:23
Epoch id: 16, Training steps: 400, Avg loss: 0.024, Time: 1:33:04
Epoch id: 16, Training steps: 500, Avg loss: 0.020, Time: 1:33:46
Epoch id: 16, Training steps: 600, Avg loss: 0.020, Time: 1:34:28
Epoch id: 16, Training steps: 700, Avg loss: 0.017, Time: 1:35:10
Start evaluation on dev dataset.
/home/lyq2021/.conda/envs/lyq2021/lib/python3.10/site-packages/sklearn/metrics/_classification.py:1344: UndefinedMetricWarning: Precision is ill-defined and being set to 0.0 in samples with no predicted labels. Use `zero_division` parameter to control this behavior.
  _warn_prf(average, modifier, msg_start, len(result))
Acc. (Correct/Total): 23.61%% Prec: 0.3688 F1: 0.3294
Start evaluation on test dataset.
torch.Size([3, 512])
/home/lyq2021/.conda/envs/lyq2021/lib/python3.10/site-packages/sklearn/metrics/_classification.py:1344: UndefinedMetricWarning: Precision is ill-defined and being set to 0.0 in samples with no predicted labels. Use `zero_division` parameter to control this behavior.
  _warn_prf(average, modifier, msg_start, len(result))
Acc. (Correct/Total): 26.61%% Prec: 0.3953 F1: 0.3551
Epoch id: 17, Training steps: 100, Avg loss: 0.008, Time: 1:37:09
Epoch id: 17, Training steps: 200, Avg loss: 0.026, Time: 1:37:51
Epoch id: 17, Training steps: 300, Avg loss: 0.022, Time: 1:38:33
Epoch id: 17, Training steps: 400, Avg loss: 0.023, Time: 1:39:15
Epoch id: 17, Training steps: 500, Avg loss: 0.018, Time: 1:39:57
Epoch id: 17, Training steps: 600, Avg loss: 0.013, Time: 1:40:39
Epoch id: 17, Training steps: 700, Avg loss: 0.016, Time: 1:41:21
Start evaluation on dev dataset.
/home/lyq2021/.conda/envs/lyq2021/lib/python3.10/site-packages/sklearn/metrics/_classification.py:1344: UndefinedMetricWarning: Precision is ill-defined and being set to 0.0 in samples with no predicted labels. Use `zero_division` parameter to control this behavior.
  _warn_prf(average, modifier, msg_start, len(result))
Acc. (Correct/Total): 22.79%% Prec: 0.3716 F1: 0.3311
Epoch id: 18, Training steps: 100, Avg loss: 0.017, Time: 1:42:53
Epoch id: 18, Training steps: 200, Avg loss: 0.018, Time: 1:43:35
Epoch id: 18, Training steps: 300, Avg loss: 0.007, Time: 1:44:17
Epoch id: 18, Training steps: 400, Avg loss: 0.026, Time: 1:44:59
Epoch id: 18, Training steps: 500, Avg loss: 0.025, Time: 1:45:40
Epoch id: 18, Training steps: 600, Avg loss: 0.021, Time: 1:46:22
Epoch id: 18, Training steps: 700, Avg loss: 0.013, Time: 1:47:04
Start evaluation on dev dataset.
/home/lyq2021/.conda/envs/lyq2021/lib/python3.10/site-packages/sklearn/metrics/_classification.py:1344: UndefinedMetricWarning: Precision is ill-defined and being set to 0.0 in samples with no predicted labels. Use `zero_division` parameter to control this behavior.
  _warn_prf(average, modifier, msg_start, len(result))
Acc. (Correct/Total): 23.90%% Prec: 0.3875 F1: 0.3442
Start evaluation on test dataset.
torch.Size([3, 512])
/home/lyq2021/.conda/envs/lyq2021/lib/python3.10/site-packages/sklearn/metrics/_classification.py:1344: UndefinedMetricWarning: Precision is ill-defined and being set to 0.0 in samples with no predicted labels. Use `zero_division` parameter to control this behavior.
  _warn_prf(average, modifier, msg_start, len(result))
Acc. (Correct/Total): 26.61%% Prec: 0.3977 F1: 0.3587
Epoch id: 19, Training steps: 100, Avg loss: 0.020, Time: 1:49:04
Epoch id: 19, Training steps: 200, Avg loss: 0.019, Time: 1:49:46
Epoch id: 19, Training steps: 300, Avg loss: 0.023, Time: 1:50:28
Epoch id: 19, Training steps: 400, Avg loss: 0.012, Time: 1:51:10
Epoch id: 19, Training steps: 500, Avg loss: 0.010, Time: 1:51:51
Epoch id: 19, Training steps: 600, Avg loss: 0.024, Time: 1:52:33
Epoch id: 19, Training steps: 700, Avg loss: 0.023, Time: 1:53:15
Start evaluation on dev dataset.
/home/lyq2021/.conda/envs/lyq2021/lib/python3.10/site-packages/sklearn/metrics/_classification.py:1344: UndefinedMetricWarning: Precision is ill-defined and being set to 0.0 in samples with no predicted labels. Use `zero_division` parameter to control this behavior.
  _warn_prf(average, modifier, msg_start, len(result))
Acc. (Correct/Total): 23.99%% Prec: 0.3822 F1: 0.3414
Start evaluation on test dataset.
torch.Size([3, 512])
/home/lyq2021/.conda/envs/lyq2021/lib/python3.10/site-packages/sklearn/metrics/_classification.py:1344: UndefinedMetricWarning: Precision is ill-defined and being set to 0.0 in samples with no predicted labels. Use `zero_division` parameter to control this behavior.
  _warn_prf(average, modifier, msg_start, len(result))
Acc. (Correct/Total): 27.48%% Prec: 0.4086 F1: 0.3689
Epoch id: 20, Training steps: 100, Avg loss: 0.009, Time: 1:55:14
Epoch id: 20, Training steps: 200, Avg loss: 0.014, Time: 1:55:56
Epoch id: 20, Training steps: 300, Avg loss: 0.019, Time: 1:56:38
Epoch id: 20, Training steps: 400, Avg loss: 0.016, Time: 1:57:20
Epoch id: 20, Training steps: 500, Avg loss: 0.005, Time: 1:58:02
Epoch id: 20, Training steps: 600, Avg loss: 0.006, Time: 1:58:44
Epoch id: 20, Training steps: 700, Avg loss: 0.016, Time: 1:59:26
Start evaluation on dev dataset.
/home/lyq2021/.conda/envs/lyq2021/lib/python3.10/site-packages/sklearn/metrics/_classification.py:1344: UndefinedMetricWarning: Precision is ill-defined and being set to 0.0 in samples with no predicted labels. Use `zero_division` parameter to control this behavior.
  _warn_prf(average, modifier, msg_start, len(result))
Acc. (Correct/Total): 25.38%% Prec: 0.4060 F1: 0.3633
Start evaluation on test dataset.
torch.Size([3, 512])
/home/lyq2021/.conda/envs/lyq2021/lib/python3.10/site-packages/sklearn/metrics/_classification.py:1344: UndefinedMetricWarning: Precision is ill-defined and being set to 0.0 in samples with no predicted labels. Use `zero_division` parameter to control this behavior.
  _warn_prf(average, modifier, msg_start, len(result))
Acc. (Correct/Total): 29.37%% Prec: 0.4347 F1: 0.3943
Final evaluation on the test dataset.
The number of evaluation instances:  2067
torch.Size([3, 512])
/home/lyq2021/.conda/envs/lyq2021/lib/python3.10/site-packages/sklearn/metrics/_classification.py:1344: UndefinedMetricWarning: Precision is ill-defined and being set to 0.0 in samples with no predicted labels. Use `zero_division` parameter to control this behavior.
  _warn_prf(average, modifier, msg_start, len(result))
/home/lyq2021/.conda/envs/lyq2021/lib/python3.10/site-packages/sklearn/metrics/_classification.py:1344: UndefinedMetricWarning: Precision and F-score are ill-defined and being set to 0.0 in labels with no predicted samples. Use `zero_division` parameter to control this behavior.
  _warn_prf(average, modifier, msg_start, len(result))
/home/lyq2021/.conda/envs/lyq2021/lib/python3.10/site-packages/sklearn/metrics/_classification.py:1344: UndefinedMetricWarning: Precision and F-score are ill-defined and being set to 0.0 in samples with no predicted labels. Use `zero_division` parameter to control this behavior.
  _warn_prf(average, modifier, msg_start, len(result))
Acc. (Correct/Total): 29.37% Prec: 0.4347 F1: 0.3943
Precision, Recall and F1-Score...
              precision    recall  f1-score   support

         教育学     0.8036    0.7469    0.7742       241
          法学     0.7543    0.5893    0.6617       224
      中国语言文学     0.7875    0.3405    0.4755       185
         政治学     0.5970    0.4908    0.5387       163
         社会学     0.7826    0.4586    0.5783       157
         心理学     0.8281    0.4309    0.5668       123
       应用经济学     0.4697    0.2650    0.3388       117
         历史学     0.7377    0.4128    0.5294       109
     环境科学与工程     0.7213    0.4074    0.5207       108
          哲学     0.4068    0.2474    0.3077        97
      外国语言文学     0.7273    0.5647    0.6358        85
         生物学     0.4444    0.4557    0.4500        79
      交通运输工程     0.4651    0.5128    0.4878        78
        临床医学     0.6667    0.3421    0.4522        76
    计算机科学与技术     0.5741    0.4366    0.4960        71
        土木工程     0.4444    0.4848    0.4638        66
   航空宇航科学与技术     0.7826    0.5902    0.6729        61
         民族学     0.5476    0.4182    0.4742        55
   公共卫生与预防医学     0.6774    0.4118    0.5122        51
         美术学     0.5614    0.6400    0.5981        50
         艺术学     0.7000    0.1628    0.2642        43
         地理学     0.7500    0.2143    0.3333        42
         体育学     0.7778    0.1750    0.2857        40
       理论经济学     0.0000    0.0000    0.0000        38
         中医学     0.7692    0.2703    0.4000        37
         物理学     0.5556    0.1389    0.2222        36
          林学     0.6154    0.4848    0.5424        33
          数学     0.1000    0.0625    0.0769        32
     电子科学与技术     0.3077    0.1290    0.1818        31
        基础医学     0.0000    0.0000    0.0000        29
        工商管理     0.5000    0.2222    0.3077        27
       新闻传播学     0.0000    0.0000    0.0000        22
         天文学     0.8462    0.5000    0.6286        22
         地质学     0.6000    0.4286    0.5000        21
         畜牧学     0.7778    0.3333    0.4667        21
   军事思想及军事历史     1.0000    0.2500    0.4000        20
     管理科学与工程     0.6250    0.2778    0.3846        18
     测绘科学与技术     0.7500    0.1765    0.2857        17
        水利工程     1.0000    0.1250    0.2222        16
        大气科学     0.0000    0.0000    0.0000        16
     兵器科学与技术     0.5714    0.2667    0.3636        15
       地球物理学     0.0000    0.0000    0.0000        14
        电气工程     0.0000    0.0000    0.0000        13
         作物学     0.0000    0.0000    0.0000        13
     控制科学与工程     1.0000    0.0769    0.1429        13
     信息与通信工程     0.0000    0.0000    0.0000        13
        公共管理     0.0000    0.0000    0.0000        13
         建筑学     0.0000    0.0000    0.0000        13
     化学工程与技术     0.6667    0.1667    0.2667        12
          力学     0.0000    0.0000    0.0000        11
        海洋科学     0.6667    0.1818    0.2857        11
     轻工技术与工程     1.0000    0.0909    0.1667        11
        农业工程     0.0000    0.0000    0.0000        10
         园艺学     0.0000    0.0000    0.0000        10
       中西医结合     0.0000    0.0000    0.0000        10
        机械工程     0.0000    0.0000    0.0000         9
       科学技术史     0.0000    0.0000    0.0000         8
     船舶与海洋工程     0.0000    0.0000    0.0000         8
   图书情报与档案管理     0.0000    0.0000    0.0000         8
        植物保护     0.0000    0.0000    0.0000         8
     材料科学与工程     0.0000    0.0000    0.0000         8
         统计学     0.0000    0.0000    0.0000         8
          化学     0.0000    0.0000    0.0000         8
     食品科学与工程     0.0000    0.0000    0.0000         8
          水产     0.0000    0.0000    0.0000         7
          药学     0.0000    0.0000    0.0000         7
     农业资源与环境     0.0000    0.0000    0.0000         7
         世界史     0.0000    0.0000    0.0000         7
        系统科学     0.0000    0.0000    0.0000         7
      农林经济管理     0.0000    0.0000    0.0000         5
       军队指挥学     0.0000    0.0000    0.0000         5
        矿业工程     0.0000    0.0000    0.0000         5
     纺织科学与工程     0.0000    0.0000    0.0000         5
  动力工程及工程热物理     0.0000    0.0000    0.0000         4
        林业工程     0.0000    0.0000    0.0000         4
     仪器科学与技术     0.0000    0.0000    0.0000         3
         战略学     0.0000    0.0000    0.0000         3
   地质资源与地质工程     0.0000    0.0000    0.0000         3
        旅游管理     0.0000    0.0000    0.0000         3
 图书馆、情报与档案管理     0.0000    0.0000    0.0000         2
        冶金工程     0.0000    0.0000    0.0000         2
      核科学与技术     0.0000    0.0000    0.0000         2

   micro avg     0.6501    0.3773    0.4775      3093
   macro avg     0.3336    0.1705    0.2105      3093
weighted avg     0.5886    0.3773    0.4437      3093
 samples avg     0.4347    0.3749    0.3943      3093

