  0%|          | 0/82 [00:00<?, ?it/s]100%|██████████| 82/82 [00:00<00:00, 1120302.70it/s]
Vocabulary Size:  17964
[BertClassifier] use visible_matrix: True
Some weights of the model checkpoint at ./models/ernie1 were not used when initializing ErnieRCNNForMultiLabelSequenceClassification: ['cls.predictions.transform.dense.weight', 'cls.predictions.bias', 'cls.predictions.transform.dense.bias', 'cls.predictions.transform.LayerNorm.weight', 'ernie.pooler.dense.bias', 'cls.predictions.transform.LayerNorm.bias', 'ernie.pooler.dense.weight']
- This IS expected if you are initializing ErnieRCNNForMultiLabelSequenceClassification from the checkpoint of a model trained on another task or with another architecture (e.g. initializing a BertForSequenceClassification model from a BertForPreTraining model).
- This IS NOT expected if you are initializing ErnieRCNNForMultiLabelSequenceClassification from the checkpoint of a model that you expect to be exactly identical (initializing a BertForSequenceClassification model from a BertForSequenceClassification model).
Some weights of ErnieRCNNForMultiLabelSequenceClassification were not initialized from the model checkpoint at ./models/ernie1 and are newly initialized: ['lstm.weight_hh_l0_reverse', 'lstm.bias_ih_l1_reverse', 'lstm.weight_hh_l1', 'lstm.bias_ih_l1', 'lstm.weight_ih_l0', 'lstm.weight_ih_l1', 'lstm.bias_ih_l0', 'lstm.weight_ih_l0_reverse', 'classifier.bias', 'lstm.weight_hh_l1_reverse', 'output_layer_1.bias', 'lstm.bias_hh_l1', 'classifier.weight', 'lstm.bias_hh_l0', 'lstm.bias_hh_l0_reverse', 'lstm.bias_ih_l0_reverse', 'lstm.bias_hh_l1_reverse', 'output_layer_1.weight', 'lstm.weight_hh_l0', 'lstm.weight_ih_l1_reverse']
You should probably TRAIN this model on a down-stream task to be able to use it for predictions and inference.
1 GPUs are available. Let's use them.
device:  cuda
[KnowledgeGraph] Loading spo from /home/lyq2021/experiment/K-BERT-HUGGINGFACE/brain/kgs/CnDbpedia.spo
Start training.
Loading sentences from ./datasets/book_multilabels_task/train.tsv
There are 9098 sentence in total. We use 1 processes to inject knowledge into sentences.
Progress of process 0: 0/9098
Loading sentences from ./datasets/book_multilabels_task/dev.tsv
There are 2084 sentence in total. We use 1 processes to inject knowledge into sentences.
Progress of process 0: 0/2084
Loading sentences from ./datasets/book_multilabels_task/test.tsv
There are 2067 sentence in total. We use 1 processes to inject knowledge into sentences.
Progress of process 0: 0/2067
Epoch id: 1, Training steps: 100, Avg loss: 0.108, Time: 0:00:46
Epoch id: 1, Training steps: 200, Avg loss: 0.081, Time: 0:01:33
Epoch id: 1, Training steps: 300, Avg loss: 0.087, Time: 0:02:20
Epoch id: 1, Training steps: 400, Avg loss: 0.088, Time: 0:03:07
Epoch id: 1, Training steps: 500, Avg loss: 0.073, Time: 0:03:55
Epoch id: 1, Training steps: 600, Avg loss: 0.074, Time: 0:04:42
Epoch id: 1, Training steps: 700, Avg loss: 0.068, Time: 0:05:30
Start evaluation on dev dataset.
/home/lyq2021/.conda/envs/lyq2021/lib/python3.10/site-packages/sklearn/metrics/_classification.py:1344: UndefinedMetricWarning: Precision is ill-defined and being set to 0.0 in samples with no predicted labels. Use `zero_division` parameter to control this behavior.
  _warn_prf(average, modifier, msg_start, len(result))
Acc. (Correct/Total):  4.75%% Prec: 0.0883 F1: 0.0747
Start evaluation on test dataset.
torch.Size([3, 512])
/home/lyq2021/.conda/envs/lyq2021/lib/python3.10/site-packages/sklearn/metrics/_classification.py:1344: UndefinedMetricWarning: Precision is ill-defined and being set to 0.0 in samples with no predicted labels. Use `zero_division` parameter to control this behavior.
  _warn_prf(average, modifier, msg_start, len(result))
Acc. (Correct/Total):  3.82%% Prec: 0.0873 F1: 0.0706
Epoch id: 2, Training steps: 100, Avg loss: 0.043, Time: 0:07:44
Epoch id: 2, Training steps: 200, Avg loss: 0.031, Time: 0:08:31
Epoch id: 2, Training steps: 300, Avg loss: 0.044, Time: 0:09:19
Epoch id: 2, Training steps: 400, Avg loss: 0.044, Time: 0:10:06
Epoch id: 2, Training steps: 500, Avg loss: 0.020, Time: 0:10:54
Epoch id: 2, Training steps: 600, Avg loss: 0.050, Time: 0:11:41
Epoch id: 2, Training steps: 700, Avg loss: 0.025, Time: 0:12:28
Start evaluation on dev dataset.
/home/lyq2021/.conda/envs/lyq2021/lib/python3.10/site-packages/sklearn/metrics/_classification.py:1344: UndefinedMetricWarning: Precision is ill-defined and being set to 0.0 in samples with no predicted labels. Use `zero_division` parameter to control this behavior.
  _warn_prf(average, modifier, msg_start, len(result))
Acc. (Correct/Total): 29.37%% Prec: 0.4304 F1: 0.3875
Start evaluation on test dataset.
torch.Size([3, 512])
/home/lyq2021/.conda/envs/lyq2021/lib/python3.10/site-packages/sklearn/metrics/_classification.py:1344: UndefinedMetricWarning: Precision is ill-defined and being set to 0.0 in samples with no predicted labels. Use `zero_division` parameter to control this behavior.
  _warn_prf(average, modifier, msg_start, len(result))
Acc. (Correct/Total): 33.43%% Prec: 0.4620 F1: 0.4221
Epoch id: 3, Training steps: 100, Avg loss: 0.041, Time: 0:14:43
Epoch id: 3, Training steps: 200, Avg loss: 0.024, Time: 0:15:30
Epoch id: 3, Training steps: 300, Avg loss: 0.042, Time: 0:16:17
Epoch id: 3, Training steps: 400, Avg loss: 0.021, Time: 0:17:05
Epoch id: 3, Training steps: 500, Avg loss: 0.030, Time: 0:17:52
Epoch id: 3, Training steps: 600, Avg loss: 0.028, Time: 0:18:40
Epoch id: 3, Training steps: 700, Avg loss: 0.027, Time: 0:19:27
Start evaluation on dev dataset.
/home/lyq2021/.conda/envs/lyq2021/lib/python3.10/site-packages/sklearn/metrics/_classification.py:1344: UndefinedMetricWarning: Precision is ill-defined and being set to 0.0 in samples with no predicted labels. Use `zero_division` parameter to control this behavior.
  _warn_prf(average, modifier, msg_start, len(result))
Acc. (Correct/Total): 34.93%% Prec: 0.5331 F1: 0.4754
Start evaluation on test dataset.
torch.Size([3, 512])
/home/lyq2021/.conda/envs/lyq2021/lib/python3.10/site-packages/sklearn/metrics/_classification.py:1344: UndefinedMetricWarning: Precision is ill-defined and being set to 0.0 in samples with no predicted labels. Use `zero_division` parameter to control this behavior.
  _warn_prf(average, modifier, msg_start, len(result))
Acc. (Correct/Total): 40.35%% Prec: 0.5868 F1: 0.5297
Epoch id: 4, Training steps: 100, Avg loss: 0.010, Time: 0:21:41
Epoch id: 4, Training steps: 200, Avg loss: 0.026, Time: 0:22:29
Epoch id: 4, Training steps: 300, Avg loss: 0.018, Time: 0:23:16
Epoch id: 4, Training steps: 400, Avg loss: 0.020, Time: 0:24:04
Epoch id: 4, Training steps: 500, Avg loss: 0.013, Time: 0:24:51
Epoch id: 4, Training steps: 600, Avg loss: 0.023, Time: 0:25:38
Epoch id: 4, Training steps: 700, Avg loss: 0.014, Time: 0:26:26
Start evaluation on dev dataset.
/home/lyq2021/.conda/envs/lyq2021/lib/python3.10/site-packages/sklearn/metrics/_classification.py:1344: UndefinedMetricWarning: Precision is ill-defined and being set to 0.0 in samples with no predicted labels. Use `zero_division` parameter to control this behavior.
  _warn_prf(average, modifier, msg_start, len(result))
Acc. (Correct/Total): 43.19%% Prec: 0.6208 F1: 0.5631
Start evaluation on test dataset.
torch.Size([3, 512])
/home/lyq2021/.conda/envs/lyq2021/lib/python3.10/site-packages/sklearn/metrics/_classification.py:1344: UndefinedMetricWarning: Precision is ill-defined and being set to 0.0 in samples with no predicted labels. Use `zero_division` parameter to control this behavior.
  _warn_prf(average, modifier, msg_start, len(result))
Acc. (Correct/Total): 47.27%% Prec: 0.6604 F1: 0.6036
Epoch id: 5, Training steps: 100, Avg loss: 0.009, Time: 0:28:40
Epoch id: 5, Training steps: 200, Avg loss: 0.038, Time: 0:29:28
Epoch id: 5, Training steps: 300, Avg loss: 0.020, Time: 0:30:15
Epoch id: 5, Training steps: 400, Avg loss: 0.015, Time: 0:31:02
Epoch id: 5, Training steps: 500, Avg loss: 0.027, Time: 0:31:50
Epoch id: 5, Training steps: 600, Avg loss: 0.013, Time: 0:32:37
Epoch id: 5, Training steps: 700, Avg loss: 0.032, Time: 0:33:25
Start evaluation on dev dataset.
/home/lyq2021/.conda/envs/lyq2021/lib/python3.10/site-packages/sklearn/metrics/_classification.py:1344: UndefinedMetricWarning: Precision is ill-defined and being set to 0.0 in samples with no predicted labels. Use `zero_division` parameter to control this behavior.
  _warn_prf(average, modifier, msg_start, len(result))
Acc. (Correct/Total): 45.01%% Prec: 0.6496 F1: 0.5906
Start evaluation on test dataset.
torch.Size([3, 512])
/home/lyq2021/.conda/envs/lyq2021/lib/python3.10/site-packages/sklearn/metrics/_classification.py:1344: UndefinedMetricWarning: Precision is ill-defined and being set to 0.0 in samples with no predicted labels. Use `zero_division` parameter to control this behavior.
  _warn_prf(average, modifier, msg_start, len(result))
Acc. (Correct/Total): 49.59%% Prec: 0.6967 F1: 0.6361
Epoch id: 6, Training steps: 100, Avg loss: 0.007, Time: 0:35:39
Epoch id: 6, Training steps: 200, Avg loss: 0.009, Time: 0:36:27
Epoch id: 6, Training steps: 300, Avg loss: 0.013, Time: 0:37:14
Epoch id: 6, Training steps: 400, Avg loss: 0.006, Time: 0:38:01
Epoch id: 6, Training steps: 500, Avg loss: 0.023, Time: 0:38:49
Epoch id: 6, Training steps: 600, Avg loss: 0.011, Time: 0:39:36
Epoch id: 6, Training steps: 700, Avg loss: 0.011, Time: 0:40:24
Start evaluation on dev dataset.
/home/lyq2021/.conda/envs/lyq2021/lib/python3.10/site-packages/sklearn/metrics/_classification.py:1344: UndefinedMetricWarning: Precision is ill-defined and being set to 0.0 in samples with no predicted labels. Use `zero_division` parameter to control this behavior.
  _warn_prf(average, modifier, msg_start, len(result))
Acc. (Correct/Total): 48.85%% Prec: 0.7098 F1: 0.6513
Start evaluation on test dataset.
torch.Size([3, 512])
/home/lyq2021/.conda/envs/lyq2021/lib/python3.10/site-packages/sklearn/metrics/_classification.py:1344: UndefinedMetricWarning: Precision is ill-defined and being set to 0.0 in samples with no predicted labels. Use `zero_division` parameter to control this behavior.
  _warn_prf(average, modifier, msg_start, len(result))
Acc. (Correct/Total): 55.30%% Prec: 0.7513 F1: 0.6982
Epoch id: 7, Training steps: 100, Avg loss: 0.009, Time: 0:42:38
Epoch id: 7, Training steps: 200, Avg loss: 0.007, Time: 0:43:26
Epoch id: 7, Training steps: 300, Avg loss: 0.009, Time: 0:44:13
Epoch id: 7, Training steps: 400, Avg loss: 0.008, Time: 0:45:01
Epoch id: 7, Training steps: 500, Avg loss: 0.013, Time: 0:45:48
Epoch id: 7, Training steps: 600, Avg loss: 0.013, Time: 0:46:35
Epoch id: 7, Training steps: 700, Avg loss: 0.016, Time: 0:47:23
Start evaluation on dev dataset.
/home/lyq2021/.conda/envs/lyq2021/lib/python3.10/site-packages/sklearn/metrics/_classification.py:1344: UndefinedMetricWarning: Precision is ill-defined and being set to 0.0 in samples with no predicted labels. Use `zero_division` parameter to control this behavior.
  _warn_prf(average, modifier, msg_start, len(result))
Acc. (Correct/Total): 51.82%% Prec: 0.7187 F1: 0.6671
Start evaluation on test dataset.
torch.Size([3, 512])
/home/lyq2021/.conda/envs/lyq2021/lib/python3.10/site-packages/sklearn/metrics/_classification.py:1344: UndefinedMetricWarning: Precision is ill-defined and being set to 0.0 in samples with no predicted labels. Use `zero_division` parameter to control this behavior.
  _warn_prf(average, modifier, msg_start, len(result))
Acc. (Correct/Total): 56.85%% Prec: 0.7637 F1: 0.7116
Epoch id: 8, Training steps: 100, Avg loss: 0.005, Time: 0:49:37
Epoch id: 8, Training steps: 200, Avg loss: 0.016, Time: 0:50:25
Epoch id: 8, Training steps: 300, Avg loss: 0.007, Time: 0:51:12
Epoch id: 8, Training steps: 400, Avg loss: 0.006, Time: 0:51:59
Epoch id: 8, Training steps: 500, Avg loss: 0.004, Time: 0:52:47
Epoch id: 8, Training steps: 600, Avg loss: 0.012, Time: 0:53:34
Epoch id: 8, Training steps: 700, Avg loss: 0.006, Time: 0:54:22
Start evaluation on dev dataset.
/home/lyq2021/.conda/envs/lyq2021/lib/python3.10/site-packages/sklearn/metrics/_classification.py:1344: UndefinedMetricWarning: Precision is ill-defined and being set to 0.0 in samples with no predicted labels. Use `zero_division` parameter to control this behavior.
  _warn_prf(average, modifier, msg_start, len(result))
Acc. (Correct/Total): 52.78%% Prec: 0.7330 F1: 0.6786
Start evaluation on test dataset.
torch.Size([3, 512])
/home/lyq2021/.conda/envs/lyq2021/lib/python3.10/site-packages/sklearn/metrics/_classification.py:1344: UndefinedMetricWarning: Precision is ill-defined and being set to 0.0 in samples with no predicted labels. Use `zero_division` parameter to control this behavior.
  _warn_prf(average, modifier, msg_start, len(result))
Acc. (Correct/Total): 58.64%% Prec: 0.7637 F1: 0.7169
Epoch id: 9, Training steps: 100, Avg loss: 0.013, Time: 0:56:37
Epoch id: 9, Training steps: 200, Avg loss: 0.008, Time: 0:57:24
Epoch id: 9, Training steps: 300, Avg loss: 0.014, Time: 0:58:11
Epoch id: 9, Training steps: 400, Avg loss: 0.012, Time: 0:58:59
Epoch id: 9, Training steps: 500, Avg loss: 0.003, Time: 0:59:46
Epoch id: 9, Training steps: 600, Avg loss: 0.012, Time: 1:00:34
Epoch id: 9, Training steps: 700, Avg loss: 0.009, Time: 1:01:21
Start evaluation on dev dataset.
/home/lyq2021/.conda/envs/lyq2021/lib/python3.10/site-packages/sklearn/metrics/_classification.py:1344: UndefinedMetricWarning: Precision is ill-defined and being set to 0.0 in samples with no predicted labels. Use `zero_division` parameter to control this behavior.
  _warn_prf(average, modifier, msg_start, len(result))
Acc. (Correct/Total): 55.18%% Prec: 0.7563 F1: 0.7120
Start evaluation on test dataset.
torch.Size([3, 512])
/home/lyq2021/.conda/envs/lyq2021/lib/python3.10/site-packages/sklearn/metrics/_classification.py:1344: UndefinedMetricWarning: Precision is ill-defined and being set to 0.0 in samples with no predicted labels. Use `zero_division` parameter to control this behavior.
  _warn_prf(average, modifier, msg_start, len(result))
Acc. (Correct/Total): 61.97%% Prec: 0.7897 F1: 0.7495
Epoch id: 10, Training steps: 100, Avg loss: 0.008, Time: 1:03:36
Epoch id: 10, Training steps: 200, Avg loss: 0.001, Time: 1:04:23
Epoch id: 10, Training steps: 300, Avg loss: 0.005, Time: 1:05:10
Epoch id: 10, Training steps: 400, Avg loss: 0.004, Time: 1:05:58
Epoch id: 10, Training steps: 500, Avg loss: 0.008, Time: 1:06:45
Epoch id: 10, Training steps: 600, Avg loss: 0.003, Time: 1:07:33
Epoch id: 10, Training steps: 700, Avg loss: 0.008, Time: 1:08:20
Start evaluation on dev dataset.
/home/lyq2021/.conda/envs/lyq2021/lib/python3.10/site-packages/sklearn/metrics/_classification.py:1344: UndefinedMetricWarning: Precision is ill-defined and being set to 0.0 in samples with no predicted labels. Use `zero_division` parameter to control this behavior.
  _warn_prf(average, modifier, msg_start, len(result))
Acc. (Correct/Total): 55.42%% Prec: 0.7544 F1: 0.7072
Start evaluation on test dataset.
torch.Size([3, 512])
/home/lyq2021/.conda/envs/lyq2021/lib/python3.10/site-packages/sklearn/metrics/_classification.py:1344: UndefinedMetricWarning: Precision is ill-defined and being set to 0.0 in samples with no predicted labels. Use `zero_division` parameter to control this behavior.
  _warn_prf(average, modifier, msg_start, len(result))
Acc. (Correct/Total): 61.68%% Prec: 0.7908 F1: 0.7483
Epoch id: 11, Training steps: 100, Avg loss: 0.002, Time: 1:10:35
Epoch id: 11, Training steps: 200, Avg loss: 0.002, Time: 1:11:22
Epoch id: 11, Training steps: 300, Avg loss: 0.007, Time: 1:12:10
Epoch id: 11, Training steps: 400, Avg loss: 0.013, Time: 1:12:57
Epoch id: 11, Training steps: 500, Avg loss: 0.003, Time: 1:13:44
Epoch id: 11, Training steps: 600, Avg loss: 0.011, Time: 1:14:32
Epoch id: 11, Training steps: 700, Avg loss: 0.003, Time: 1:15:19
Start evaluation on dev dataset.
/home/lyq2021/.conda/envs/lyq2021/lib/python3.10/site-packages/sklearn/metrics/_classification.py:1344: UndefinedMetricWarning: Precision is ill-defined and being set to 0.0 in samples with no predicted labels. Use `zero_division` parameter to control this behavior.
  _warn_prf(average, modifier, msg_start, len(result))
Acc. (Correct/Total): 54.80%% Prec: 0.7490 F1: 0.7057
Epoch id: 12, Training steps: 100, Avg loss: 0.005, Time: 1:17:03
Epoch id: 12, Training steps: 200, Avg loss: 0.001, Time: 1:17:50
Epoch id: 12, Training steps: 300, Avg loss: 0.006, Time: 1:18:38
Epoch id: 12, Training steps: 400, Avg loss: 0.005, Time: 1:19:25
Epoch id: 12, Training steps: 500, Avg loss: 0.005, Time: 1:20:13
Epoch id: 12, Training steps: 600, Avg loss: 0.004, Time: 1:21:00
Epoch id: 12, Training steps: 700, Avg loss: 0.011, Time: 1:21:47
Start evaluation on dev dataset.
/home/lyq2021/.conda/envs/lyq2021/lib/python3.10/site-packages/sklearn/metrics/_classification.py:1344: UndefinedMetricWarning: Precision is ill-defined and being set to 0.0 in samples with no predicted labels. Use `zero_division` parameter to control this behavior.
  _warn_prf(average, modifier, msg_start, len(result))
Acc. (Correct/Total): 57.01%% Prec: 0.7521 F1: 0.7149
Start evaluation on test dataset.
torch.Size([3, 512])
/home/lyq2021/.conda/envs/lyq2021/lib/python3.10/site-packages/sklearn/metrics/_classification.py:1344: UndefinedMetricWarning: Precision is ill-defined and being set to 0.0 in samples with no predicted labels. Use `zero_division` parameter to control this behavior.
  _warn_prf(average, modifier, msg_start, len(result))
Acc. (Correct/Total): 62.17%% Prec: 0.7879 F1: 0.7560
Epoch id: 13, Training steps: 100, Avg loss: 0.004, Time: 1:24:02
Epoch id: 13, Training steps: 200, Avg loss: 0.004, Time: 1:24:49
Epoch id: 13, Training steps: 300, Avg loss: 0.013, Time: 1:25:37
Epoch id: 13, Training steps: 400, Avg loss: 0.001, Time: 1:26:24
Epoch id: 13, Training steps: 500, Avg loss: 0.002, Time: 1:27:11
Epoch id: 13, Training steps: 600, Avg loss: 0.005, Time: 1:27:59
Epoch id: 13, Training steps: 700, Avg loss: 0.004, Time: 1:28:46
Start evaluation on dev dataset.
/home/lyq2021/.conda/envs/lyq2021/lib/python3.10/site-packages/sklearn/metrics/_classification.py:1344: UndefinedMetricWarning: Precision is ill-defined and being set to 0.0 in samples with no predicted labels. Use `zero_division` parameter to control this behavior.
  _warn_prf(average, modifier, msg_start, len(result))
Acc. (Correct/Total): 57.44%% Prec: 0.7647 F1: 0.7239
Start evaluation on test dataset.
torch.Size([3, 512])
/home/lyq2021/.conda/envs/lyq2021/lib/python3.10/site-packages/sklearn/metrics/_classification.py:1344: UndefinedMetricWarning: Precision is ill-defined and being set to 0.0 in samples with no predicted labels. Use `zero_division` parameter to control this behavior.
  _warn_prf(average, modifier, msg_start, len(result))
Acc. (Correct/Total): 62.89%% Prec: 0.8041 F1: 0.7644
Epoch id: 14, Training steps: 100, Avg loss: 0.004, Time: 1:31:01
Epoch id: 14, Training steps: 200, Avg loss: 0.003, Time: 1:31:48
Epoch id: 14, Training steps: 300, Avg loss: 0.006, Time: 1:32:36
Epoch id: 14, Training steps: 400, Avg loss: 0.008, Time: 1:33:23
Epoch id: 14, Training steps: 500, Avg loss: 0.001, Time: 1:34:10
Epoch id: 14, Training steps: 600, Avg loss: 0.003, Time: 1:34:58
Epoch id: 14, Training steps: 700, Avg loss: 0.002, Time: 1:35:45
Start evaluation on dev dataset.
/home/lyq2021/.conda/envs/lyq2021/lib/python3.10/site-packages/sklearn/metrics/_classification.py:1344: UndefinedMetricWarning: Precision is ill-defined and being set to 0.0 in samples with no predicted labels. Use `zero_division` parameter to control this behavior.
  _warn_prf(average, modifier, msg_start, len(result))
Acc. (Correct/Total): 57.25%% Prec: 0.7639 F1: 0.7224
Epoch id: 15, Training steps: 100, Avg loss: 0.003, Time: 1:37:29
Epoch id: 15, Training steps: 200, Avg loss: 0.002, Time: 1:38:17
Epoch id: 15, Training steps: 300, Avg loss: 0.001, Time: 1:39:04
Epoch id: 15, Training steps: 400, Avg loss: 0.002, Time: 1:39:51
Epoch id: 15, Training steps: 500, Avg loss: 0.004, Time: 1:40:39
Epoch id: 15, Training steps: 600, Avg loss: 0.001, Time: 1:41:26
Epoch id: 15, Training steps: 700, Avg loss: 0.002, Time: 1:42:14
Start evaluation on dev dataset.
/home/lyq2021/.conda/envs/lyq2021/lib/python3.10/site-packages/sklearn/metrics/_classification.py:1344: UndefinedMetricWarning: Precision is ill-defined and being set to 0.0 in samples with no predicted labels. Use `zero_division` parameter to control this behavior.
  _warn_prf(average, modifier, msg_start, len(result))
Acc. (Correct/Total): 56.57%% Prec: 0.7482 F1: 0.7106
Epoch id: 16, Training steps: 100, Avg loss: 0.001, Time: 1:43:58
Epoch id: 16, Training steps: 200, Avg loss: 0.002, Time: 1:44:46
Epoch id: 16, Training steps: 300, Avg loss: 0.001, Time: 1:45:33
Epoch id: 16, Training steps: 400, Avg loss: 0.002, Time: 1:46:21
Epoch id: 16, Training steps: 500, Avg loss: 0.003, Time: 1:47:08
Epoch id: 16, Training steps: 600, Avg loss: 0.004, Time: 1:47:55
Epoch id: 16, Training steps: 700, Avg loss: 0.006, Time: 1:48:43
Start evaluation on dev dataset.
/home/lyq2021/.conda/envs/lyq2021/lib/python3.10/site-packages/sklearn/metrics/_classification.py:1344: UndefinedMetricWarning: Precision is ill-defined and being set to 0.0 in samples with no predicted labels. Use `zero_division` parameter to control this behavior.
  _warn_prf(average, modifier, msg_start, len(result))
Acc. (Correct/Total): 57.34%% Prec: 0.7578 F1: 0.7208
Epoch id: 17, Training steps: 100, Avg loss: 0.002, Time: 1:50:27
Epoch id: 17, Training steps: 200, Avg loss: 0.004, Time: 1:51:14
Epoch id: 17, Training steps: 300, Avg loss: 0.002, Time: 1:52:02
Epoch id: 17, Training steps: 400, Avg loss: 0.004, Time: 1:52:49
Epoch id: 17, Training steps: 500, Avg loss: 0.001, Time: 1:53:37
Epoch id: 17, Training steps: 600, Avg loss: 0.001, Time: 1:54:24
Epoch id: 17, Training steps: 700, Avg loss: 0.003, Time: 1:55:11
Start evaluation on dev dataset.
/home/lyq2021/.conda/envs/lyq2021/lib/python3.10/site-packages/sklearn/metrics/_classification.py:1344: UndefinedMetricWarning: Precision is ill-defined and being set to 0.0 in samples with no predicted labels. Use `zero_division` parameter to control this behavior.
  _warn_prf(average, modifier, msg_start, len(result))
Acc. (Correct/Total): 56.86%% Prec: 0.7581 F1: 0.7176
Epoch id: 18, Training steps: 100, Avg loss: 0.003, Time: 1:56:56
Epoch id: 18, Training steps: 200, Avg loss: 0.001, Time: 1:57:43
Epoch id: 18, Training steps: 300, Avg loss: 0.004, Time: 1:58:31
Epoch id: 18, Training steps: 400, Avg loss: 0.001, Time: 1:59:18
Epoch id: 18, Training steps: 500, Avg loss: 0.001, Time: 2:00:06
Epoch id: 18, Training steps: 600, Avg loss: 0.002, Time: 2:00:53
Epoch id: 18, Training steps: 700, Avg loss: 0.003, Time: 2:01:40
Start evaluation on dev dataset.
/home/lyq2021/.conda/envs/lyq2021/lib/python3.10/site-packages/sklearn/metrics/_classification.py:1344: UndefinedMetricWarning: Precision is ill-defined and being set to 0.0 in samples with no predicted labels. Use `zero_division` parameter to control this behavior.
  _warn_prf(average, modifier, msg_start, len(result))
Acc. (Correct/Total): 56.62%% Prec: 0.7534 F1: 0.7190
Epoch id: 19, Training steps: 100, Avg loss: 0.001, Time: 2:03:24
Epoch id: 19, Training steps: 200, Avg loss: 0.001, Time: 2:04:12
Epoch id: 19, Training steps: 300, Avg loss: 0.000, Time: 2:04:59
Epoch id: 19, Training steps: 400, Avg loss: 0.012, Time: 2:05:47
Epoch id: 19, Training steps: 500, Avg loss: 0.000, Time: 2:06:34
Epoch id: 19, Training steps: 600, Avg loss: 0.002, Time: 2:07:22
Epoch id: 19, Training steps: 700, Avg loss: 0.001, Time: 2:08:09
Start evaluation on dev dataset.
/home/lyq2021/.conda/envs/lyq2021/lib/python3.10/site-packages/sklearn/metrics/_classification.py:1344: UndefinedMetricWarning: Precision is ill-defined and being set to 0.0 in samples with no predicted labels. Use `zero_division` parameter to control this behavior.
  _warn_prf(average, modifier, msg_start, len(result))
Acc. (Correct/Total): 58.40%% Prec: 0.7696 F1: 0.7348
Start evaluation on test dataset.
torch.Size([3, 512])
/home/lyq2021/.conda/envs/lyq2021/lib/python3.10/site-packages/sklearn/metrics/_classification.py:1344: UndefinedMetricWarning: Precision is ill-defined and being set to 0.0 in samples with no predicted labels. Use `zero_division` parameter to control this behavior.
  _warn_prf(average, modifier, msg_start, len(result))
Acc. (Correct/Total): 65.41%% Prec: 0.8110 F1: 0.7792
Epoch id: 20, Training steps: 100, Avg loss: 0.005, Time: 2:10:24
Epoch id: 20, Training steps: 200, Avg loss: 0.001, Time: 2:11:12
Epoch id: 20, Training steps: 300, Avg loss: 0.002, Time: 2:11:59
Epoch id: 20, Training steps: 400, Avg loss: 0.001, Time: 2:12:47
Epoch id: 20, Training steps: 500, Avg loss: 0.001, Time: 2:13:34
Epoch id: 20, Training steps: 600, Avg loss: 0.003, Time: 2:14:22
Epoch id: 20, Training steps: 700, Avg loss: 0.001, Time: 2:15:09
Start evaluation on dev dataset.
/home/lyq2021/.conda/envs/lyq2021/lib/python3.10/site-packages/sklearn/metrics/_classification.py:1344: UndefinedMetricWarning: Precision is ill-defined and being set to 0.0 in samples with no predicted labels. Use `zero_division` parameter to control this behavior.
  _warn_prf(average, modifier, msg_start, len(result))
Acc. (Correct/Total): 58.69%% Prec: 0.7694 F1: 0.7381
Start evaluation on test dataset.
torch.Size([3, 512])
/home/lyq2021/.conda/envs/lyq2021/lib/python3.10/site-packages/sklearn/metrics/_classification.py:1344: UndefinedMetricWarning: Precision is ill-defined and being set to 0.0 in samples with no predicted labels. Use `zero_division` parameter to control this behavior.
  _warn_prf(average, modifier, msg_start, len(result))
Acc. (Correct/Total): 64.20%% Prec: 0.8089 F1: 0.7791
Final evaluation on the test dataset.
The number of evaluation instances:  2067
torch.Size([3, 512])
/home/lyq2021/.conda/envs/lyq2021/lib/python3.10/site-packages/sklearn/metrics/_classification.py:1344: UndefinedMetricWarning: Precision is ill-defined and being set to 0.0 in samples with no predicted labels. Use `zero_division` parameter to control this behavior.
  _warn_prf(average, modifier, msg_start, len(result))
/home/lyq2021/.conda/envs/lyq2021/lib/python3.10/site-packages/sklearn/metrics/_classification.py:1344: UndefinedMetricWarning: Precision and F-score are ill-defined and being set to 0.0 in labels with no predicted samples. Use `zero_division` parameter to control this behavior.
  _warn_prf(average, modifier, msg_start, len(result))
/home/lyq2021/.conda/envs/lyq2021/lib/python3.10/site-packages/sklearn/metrics/_classification.py:1344: UndefinedMetricWarning: Precision and F-score are ill-defined and being set to 0.0 in samples with no predicted labels. Use `zero_division` parameter to control this behavior.
  _warn_prf(average, modifier, msg_start, len(result))
Acc. (Correct/Total): 64.20% Prec: 0.8089 F1: 0.7791
Precision, Recall and F1-Score...
              precision    recall  f1-score   support

         教育学     0.8165    0.9419    0.8748       241
          法学     0.8734    0.8929    0.8830       224
      中国语言文学     0.8929    0.8108    0.8499       185
         政治学     0.8231    0.6564    0.7304       163
         社会学     0.8487    0.8217    0.8350       157
         心理学     0.9294    0.6423    0.7596       123
       应用经济学     0.7529    0.5470    0.6337       117
         历史学     0.7805    0.5872    0.6702       109
     环境科学与工程     0.8505    0.8426    0.8465       108
          哲学     0.8289    0.6495    0.7283        97
      外国语言文学     0.7952    0.7765    0.7857        85
         生物学     0.8816    0.8481    0.8645        79
      交通运输工程     0.8916    0.9487    0.9193        78
        临床医学     0.8267    0.8158    0.8212        76
    计算机科学与技术     0.6988    0.8169    0.7532        71
        土木工程     0.9143    0.9697    0.9412        66
   航空宇航科学与技术     0.9508    0.9508    0.9508        61
         民族学     0.6170    0.5273    0.5686        55
   公共卫生与预防医学     0.6154    0.7843    0.6897        51
         美术学     0.8750    0.9800    0.9245        50
         艺术学     0.8372    0.8372    0.8372        43
         地理学     0.8667    0.6190    0.7222        42
         体育学     0.8571    0.6000    0.7059        40
       理论经济学     0.7368    0.7368    0.7368        38
         中医学     0.9032    0.7568    0.8235        37
         物理学     0.8824    0.8333    0.8571        36
          林学     0.8261    0.5758    0.6786        33
          数学     0.8261    0.5938    0.6909        32
     电子科学与技术     0.6000    0.4839    0.5357        31
        基础医学     0.6111    0.3793    0.4681        29
        工商管理     0.9524    0.7407    0.8333        27
       新闻传播学     0.8421    0.7273    0.7805        22
         天文学     0.7692    0.9091    0.8333        22
         地质学     0.8500    0.8095    0.8293        21
         畜牧学     0.8636    0.9048    0.8837        21
   军事思想及军事历史     0.8421    0.8000    0.8205        20
     管理科学与工程     0.6250    0.8333    0.7143        18
     测绘科学与技术     0.9167    0.6471    0.7586        17
        水利工程     0.8333    0.6250    0.7143        16
        大气科学     0.9286    0.8125    0.8667        16
     兵器科学与技术     0.6500    0.8667    0.7429        15
       地球物理学     0.6000    0.4286    0.5000        14
        电气工程     1.0000    0.4615    0.6316        13
         作物学     0.7692    0.7692    0.7692        13
     控制科学与工程     0.3077    0.3077    0.3077        13
     信息与通信工程     0.6667    0.4615    0.5455        13
        公共管理     0.3333    0.1538    0.2105        13
         建筑学     1.0000    0.4615    0.6316        13
     化学工程与技术     1.0000    0.9167    0.9565        12
          力学     0.8889    0.7273    0.8000        11
        海洋科学     0.9091    0.9091    0.9091        11
     轻工技术与工程     0.6000    0.5455    0.5714        11
        农业工程     1.0000    0.3000    0.4615        10
         园艺学     0.8333    1.0000    0.9091        10
       中西医结合     1.0000    0.3000    0.4615        10
        机械工程     0.7500    0.6667    0.7059         9
       科学技术史     1.0000    0.6250    0.7692         8
     船舶与海洋工程     0.8571    0.7500    0.8000         8
   图书情报与档案管理     0.8571    0.7500    0.8000         8
        植物保护     0.7778    0.8750    0.8235         8
     材料科学与工程     0.7500    0.7500    0.7500         8
         统计学     0.5455    0.7500    0.6316         8
          化学     1.0000    0.8750    0.9333         8
     食品科学与工程     0.6000    0.3750    0.4615         8
          水产     1.0000    1.0000    1.0000         7
          药学     1.0000    0.8571    0.9231         7
     农业资源与环境     1.0000    0.8571    0.9231         7
         世界史     0.7778    1.0000    0.8750         7
        系统科学     0.6667    0.5714    0.6154         7
      农林经济管理     0.5000    0.8000    0.6154         5
       军队指挥学     1.0000    0.2000    0.3333         5
        矿业工程     0.5000    0.6000    0.5455         5
     纺织科学与工程     0.6667    0.8000    0.7273         5
  动力工程及工程热物理     0.0000    0.0000    0.0000         4
        林业工程     0.5000    0.2500    0.3333         4
     仪器科学与技术     0.0000    0.0000    0.0000         3
         战略学     0.1818    0.6667    0.2857         3
   地质资源与地质工程     0.6667    0.6667    0.6667         3
        旅游管理     1.0000    1.0000    1.0000         3
 图书馆、情报与档案管理     0.0000    0.0000    0.0000         2
        冶金工程     1.0000    0.5000    0.6667         2
      核科学与技术     0.0000    0.0000    0.0000         2

   micro avg     0.8194    0.7569    0.7869      3093
   macro avg     0.7560    0.6687    0.6916      3093
weighted avg     0.8212    0.7569    0.7797      3093
 samples avg     0.8089    0.7741    0.7791      3093

