nohup: 忽略输入
  0%|          | 0/82 [00:00<?, ?it/s]100%|██████████| 82/82 [00:00<00:00, 966103.73it/s]
Vocabulary file line 344 has bad format token
Vocabulary Size:  21128
[BertClassifier] use visible_matrix: False
Some weights of the model checkpoint at ./models/bert were not used when initializing BertForMultiLabelSequenceClassification: ['cls.seq_relationship.bias', 'cls.predictions.bias', 'cls.predictions.transform.LayerNorm.bias', 'cls.predictions.decoder.weight', 'cls.predictions.transform.LayerNorm.weight', 'cls.predictions.transform.dense.weight', 'cls.seq_relationship.weight', 'cls.predictions.transform.dense.bias']
- This IS expected if you are initializing BertForMultiLabelSequenceClassification from the checkpoint of a model trained on another task or with another architecture (e.g. initializing a BertForSequenceClassification model from a BertForPreTraining model).
- This IS NOT expected if you are initializing BertForMultiLabelSequenceClassification from the checkpoint of a model that you expect to be exactly identical (initializing a BertForSequenceClassification model from a BertForSequenceClassification model).
Some weights of BertForMultiLabelSequenceClassification were not initialized from the model checkpoint at ./models/bert and are newly initialized: ['output_layer_1.bias', 'output_layer_2.bias', 'output_layer_1.weight', 'output_layer_2.weight']
You should probably TRAIN this model on a down-stream task to be able to use it for predictions and inference.
2 GPUs are available. Let's use them.
device:  cuda
Start training.
Loading sentences from ./datasets/book_multilabels_task/train.tsv
There are 9098 sentence in total. We use 1 processes to inject knowledge into sentences.
Progress of process 0: 0/9098
Loading sentences from ./datasets/book_multilabels_task/dev.tsv
There are 2084 sentence in total. We use 1 processes to inject knowledge into sentences.
Progress of process 0: 0/2084
Loading sentences from ./datasets/book_multilabels_task/test.tsv
There are 2067 sentence in total. We use 1 processes to inject knowledge into sentences.
Progress of process 0: 0/2067
The number of evaluation instances:  2067
/home/lyq2021/.conda/envs/lyq2021/lib/python3.10/site-packages/sklearn/metrics/_classification.py:1344: UndefinedMetricWarning: Precision is ill-defined and being set to 0.0 in samples with no predicted labels. Use `zero_division` parameter to control this behavior.
  _warn_prf(average, modifier, msg_start, len(result))
/home/lyq2021/.conda/envs/lyq2021/lib/python3.10/site-packages/sklearn/metrics/_classification.py:1344: UndefinedMetricWarning: Precision and F-score are ill-defined and being set to 0.0 in labels with no predicted samples. Use `zero_division` parameter to control this behavior.
  _warn_prf(average, modifier, msg_start, len(result))
/home/lyq2021/.conda/envs/lyq2021/lib/python3.10/site-packages/sklearn/metrics/_classification.py:1344: UndefinedMetricWarning: Precision and F-score are ill-defined and being set to 0.0 in samples with no predicted labels. Use `zero_division` parameter to control this behavior.
  _warn_prf(average, modifier, msg_start, len(result))
Epoch id: 1, Training steps: 100, Avg loss: 0.206, Time: 0:00:36
Epoch id: 1, Training steps: 200, Avg loss: 0.124, Time: 0:01:13
Epoch id: 1, Training steps: 300, Avg loss: 0.107, Time: 0:01:49
Epoch id: 1, Training steps: 400, Avg loss: 0.097, Time: 0:02:26
Epoch id: 1, Training steps: 500, Avg loss: 0.100, Time: 0:03:03
Start evaluation on dev dataset.
/home/lyq2021/.conda/envs/lyq2021/lib/python3.10/site-packages/sklearn/metrics/_classification.py:1344: UndefinedMetricWarning: Precision is ill-defined and being set to 0.0 in samples with no predicted labels. Use `zero_division` parameter to control this behavior.
  _warn_prf(average, modifier, msg_start, len(result))
Acc. (Correct/Total): 0.0000 (0.0/2084) Prec: 0.0000 F1: 0.0000
Epoch id: 2, Training steps: 100, Avg loss: 0.077, Time: 0:04:22
Epoch id: 2, Training steps: 200, Avg loss: 0.083, Time: 0:04:59
Epoch id: 2, Training steps: 300, Avg loss: 0.079, Time: 0:05:36
Epoch id: 2, Training steps: 400, Avg loss: 0.076, Time: 0:06:12
Epoch id: 2, Training steps: 500, Avg loss: 0.068, Time: 0:06:49
Start evaluation on dev dataset.
/home/lyq2021/.conda/envs/lyq2021/lib/python3.10/site-packages/sklearn/metrics/_classification.py:1344: UndefinedMetricWarning: Precision is ill-defined and being set to 0.0 in samples with no predicted labels. Use `zero_division` parameter to control this behavior.
  _warn_prf(average, modifier, msg_start, len(result))
Acc. (Correct/Total): 0.0000 (0.0/2084) Prec: 0.0000 F1: 0.0000
Epoch id: 3, Training steps: 100, Avg loss: 0.054, Time: 0:08:09
Epoch id: 3, Training steps: 200, Avg loss: 0.051, Time: 0:08:45
Epoch id: 3, Training steps: 300, Avg loss: 0.064, Time: 0:09:22
Epoch id: 3, Training steps: 400, Avg loss: 0.046, Time: 0:09:59
Epoch id: 3, Training steps: 500, Avg loss: 0.048, Time: 0:10:35
Start evaluation on dev dataset.
/home/lyq2021/.conda/envs/lyq2021/lib/python3.10/site-packages/sklearn/metrics/_classification.py:1344: UndefinedMetricWarning: Precision is ill-defined and being set to 0.0 in samples with no predicted labels. Use `zero_division` parameter to control this behavior.
  _warn_prf(average, modifier, msg_start, len(result))
Acc. (Correct/Total): 0.0004 (0.875/2084) Prec: 0.0475 F1: 0.0335
Start evaluation on test dataset.
/home/lyq2021/.conda/envs/lyq2021/lib/python3.10/site-packages/sklearn/metrics/_classification.py:1344: UndefinedMetricWarning: Precision is ill-defined and being set to 0.0 in samples with no predicted labels. Use `zero_division` parameter to control this behavior.
  _warn_prf(average, modifier, msg_start, len(result))
Acc. (Correct/Total): 0.0004 (0.875/2067) Prec: 0.0513 F1: 0.0364
Epoch id: 4, Training steps: 100, Avg loss: 0.055, Time: 0:12:13
Epoch id: 4, Training steps: 200, Avg loss: 0.047, Time: 0:12:49
Epoch id: 4, Training steps: 300, Avg loss: 0.034, Time: 0:13:26
Epoch id: 4, Training steps: 400, Avg loss: 0.052, Time: 0:14:03
Epoch id: 4, Training steps: 500, Avg loss: 0.041, Time: 0:14:39
Start evaluation on dev dataset.
/home/lyq2021/.conda/envs/lyq2021/lib/python3.10/site-packages/sklearn/metrics/_classification.py:1344: UndefinedMetricWarning: Precision is ill-defined and being set to 0.0 in samples with no predicted labels. Use `zero_division` parameter to control this behavior.
  _warn_prf(average, modifier, msg_start, len(result))
Acc. (Correct/Total): 0.0069 (14.4375/2084) Prec: 0.2133 F1: 0.1790
Start evaluation on test dataset.
/home/lyq2021/.conda/envs/lyq2021/lib/python3.10/site-packages/sklearn/metrics/_classification.py:1344: UndefinedMetricWarning: Precision is ill-defined and being set to 0.0 in samples with no predicted labels. Use `zero_division` parameter to control this behavior.
  _warn_prf(average, modifier, msg_start, len(result))
Acc. (Correct/Total): 0.0074 (15.3125/2067) Prec: 0.2656 F1: 0.2163
Epoch id: 5, Training steps: 100, Avg loss: 0.036, Time: 0:16:18
Epoch id: 5, Training steps: 200, Avg loss: 0.037, Time: 0:16:55
Epoch id: 5, Training steps: 300, Avg loss: 0.036, Time: 0:17:31
Epoch id: 5, Training steps: 400, Avg loss: 0.028, Time: 0:18:08
Epoch id: 5, Training steps: 500, Avg loss: 0.031, Time: 0:18:45
Start evaluation on dev dataset.
/home/lyq2021/.conda/envs/lyq2021/lib/python3.10/site-packages/sklearn/metrics/_classification.py:1344: UndefinedMetricWarning: Precision is ill-defined and being set to 0.0 in samples with no predicted labels. Use `zero_division` parameter to control this behavior.
  _warn_prf(average, modifier, msg_start, len(result))
Acc. (Correct/Total): 0.0129 (26.8125/2084) Prec: 0.3229 F1: 0.2838
Start evaluation on test dataset.
/home/lyq2021/.conda/envs/lyq2021/lib/python3.10/site-packages/sklearn/metrics/_classification.py:1344: UndefinedMetricWarning: Precision is ill-defined and being set to 0.0 in samples with no predicted labels. Use `zero_division` parameter to control this behavior.
  _warn_prf(average, modifier, msg_start, len(result))
Acc. (Correct/Total): 0.0149 (30.770833333333332/2067) Prec: 0.3827 F1: 0.3343
Epoch id: 6, Training steps: 100, Avg loss: 0.022, Time: 0:20:23
Epoch id: 6, Training steps: 200, Avg loss: 0.029, Time: 0:21:00
Epoch id: 6, Training steps: 300, Avg loss: 0.036, Time: 0:21:37
Epoch id: 6, Training steps: 400, Avg loss: 0.028, Time: 0:22:13
Epoch id: 6, Training steps: 500, Avg loss: 0.033, Time: 0:22:50
Start evaluation on dev dataset.
/home/lyq2021/.conda/envs/lyq2021/lib/python3.10/site-packages/sklearn/metrics/_classification.py:1344: UndefinedMetricWarning: Precision is ill-defined and being set to 0.0 in samples with no predicted labels. Use `zero_division` parameter to control this behavior.
  _warn_prf(average, modifier, msg_start, len(result))
Acc. (Correct/Total): 0.0205 (42.6875/2084) Prec: 0.4731 F1: 0.4256
Start evaluation on test dataset.
/home/lyq2021/.conda/envs/lyq2021/lib/python3.10/site-packages/sklearn/metrics/_classification.py:1344: UndefinedMetricWarning: Precision is ill-defined and being set to 0.0 in samples with no predicted labels. Use `zero_division` parameter to control this behavior.
  _warn_prf(average, modifier, msg_start, len(result))
Acc. (Correct/Total): 0.0217 (44.854166666666664/2067) Prec: 0.5017 F1: 0.4511
Epoch id: 7, Training steps: 100, Avg loss: 0.027, Time: 0:24:29
Epoch id: 7, Training steps: 200, Avg loss: 0.024, Time: 0:25:06
Epoch id: 7, Training steps: 300, Avg loss: 0.021, Time: 0:25:42
Epoch id: 7, Training steps: 400, Avg loss: 0.023, Time: 0:26:19
Epoch id: 7, Training steps: 500, Avg loss: 0.034, Time: 0:26:55
Start evaluation on dev dataset.
/home/lyq2021/.conda/envs/lyq2021/lib/python3.10/site-packages/sklearn/metrics/_classification.py:1344: UndefinedMetricWarning: Precision is ill-defined and being set to 0.0 in samples with no predicted labels. Use `zero_division` parameter to control this behavior.
  _warn_prf(average, modifier, msg_start, len(result))
Acc. (Correct/Total): 0.0232 (48.4375/2084) Prec: 0.5487 F1: 0.4912
Start evaluation on test dataset.
/home/lyq2021/.conda/envs/lyq2021/lib/python3.10/site-packages/sklearn/metrics/_classification.py:1344: UndefinedMetricWarning: Precision is ill-defined and being set to 0.0 in samples with no predicted labels. Use `zero_division` parameter to control this behavior.
  _warn_prf(average, modifier, msg_start, len(result))
Acc. (Correct/Total): 0.0258 (53.416666666666664/2067) Prec: 0.5752 F1: 0.5225
Epoch id: 8, Training steps: 100, Avg loss: 0.019, Time: 0:28:34
Epoch id: 8, Training steps: 200, Avg loss: 0.028, Time: 0:29:11
Epoch id: 8, Training steps: 300, Avg loss: 0.021, Time: 0:29:48
Epoch id: 8, Training steps: 400, Avg loss: 0.027, Time: 0:30:24
Epoch id: 8, Training steps: 500, Avg loss: 0.021, Time: 0:31:01
Start evaluation on dev dataset.
/home/lyq2021/.conda/envs/lyq2021/lib/python3.10/site-packages/sklearn/metrics/_classification.py:1344: UndefinedMetricWarning: Precision is ill-defined and being set to 0.0 in samples with no predicted labels. Use `zero_division` parameter to control this behavior.
  _warn_prf(average, modifier, msg_start, len(result))
Acc. (Correct/Total): 0.0253 (52.75/2084) Prec: 0.5861 F1: 0.5281
Start evaluation on test dataset.
/home/lyq2021/.conda/envs/lyq2021/lib/python3.10/site-packages/sklearn/metrics/_classification.py:1344: UndefinedMetricWarning: Precision is ill-defined and being set to 0.0 in samples with no predicted labels. Use `zero_division` parameter to control this behavior.
  _warn_prf(average, modifier, msg_start, len(result))
Acc. (Correct/Total): 0.0273 (56.416666666666664/2067) Prec: 0.6134 F1: 0.5557
Epoch id: 9, Training steps: 100, Avg loss: 0.018, Time: 0:32:40
Epoch id: 9, Training steps: 200, Avg loss: 0.016, Time: 0:33:17
Epoch id: 9, Training steps: 300, Avg loss: 0.012, Time: 0:33:53
Epoch id: 9, Training steps: 400, Avg loss: 0.010, Time: 0:34:30
Epoch id: 9, Training steps: 500, Avg loss: 0.010, Time: 0:35:07
Start evaluation on dev dataset.
/home/lyq2021/.conda/envs/lyq2021/lib/python3.10/site-packages/sklearn/metrics/_classification.py:1344: UndefinedMetricWarning: Precision is ill-defined and being set to 0.0 in samples with no predicted labels. Use `zero_division` parameter to control this behavior.
  _warn_prf(average, modifier, msg_start, len(result))
Acc. (Correct/Total): 0.0280 (58.375/2084) Prec: 0.6408 F1: 0.5786
Start evaluation on test dataset.
/home/lyq2021/.conda/envs/lyq2021/lib/python3.10/site-packages/sklearn/metrics/_classification.py:1344: UndefinedMetricWarning: Precision is ill-defined and being set to 0.0 in samples with no predicted labels. Use `zero_division` parameter to control this behavior.
  _warn_prf(average, modifier, msg_start, len(result))
Acc. (Correct/Total): 0.0306 (63.3125/2067) Prec: 0.6785 F1: 0.6167
Epoch id: 10, Training steps: 100, Avg loss: 0.011, Time: 0:36:46
Epoch id: 10, Training steps: 200, Avg loss: 0.009, Time: 0:37:22
Epoch id: 10, Training steps: 300, Avg loss: 0.011, Time: 0:37:59
Epoch id: 10, Training steps: 400, Avg loss: 0.007, Time: 0:38:36
Epoch id: 10, Training steps: 500, Avg loss: 0.014, Time: 0:39:12
Start evaluation on dev dataset.
/home/lyq2021/.conda/envs/lyq2021/lib/python3.10/site-packages/sklearn/metrics/_classification.py:1344: UndefinedMetricWarning: Precision is ill-defined and being set to 0.0 in samples with no predicted labels. Use `zero_division` parameter to control this behavior.
  _warn_prf(average, modifier, msg_start, len(result))
Acc. (Correct/Total): 0.0279 (58.125/2084) Prec: 0.6451 F1: 0.5807
Start evaluation on test dataset.
/home/lyq2021/.conda/envs/lyq2021/lib/python3.10/site-packages/sklearn/metrics/_classification.py:1344: UndefinedMetricWarning: Precision is ill-defined and being set to 0.0 in samples with no predicted labels. Use `zero_division` parameter to control this behavior.
  _warn_prf(average, modifier, msg_start, len(result))
Acc. (Correct/Total): 0.0316 (65.22916666666667/2067) Prec: 0.6901 F1: 0.6316
Epoch id: 11, Training steps: 100, Avg loss: 0.012, Time: 0:40:51
Epoch id: 11, Training steps: 200, Avg loss: 0.008, Time: 0:41:28
Epoch id: 11, Training steps: 300, Avg loss: 0.006, Time: 0:42:05
Epoch id: 11, Training steps: 400, Avg loss: 0.019, Time: 0:42:41
Epoch id: 11, Training steps: 500, Avg loss: 0.009, Time: 0:43:18
Start evaluation on dev dataset.
/home/lyq2021/.conda/envs/lyq2021/lib/python3.10/site-packages/sklearn/metrics/_classification.py:1344: UndefinedMetricWarning: Precision is ill-defined and being set to 0.0 in samples with no predicted labels. Use `zero_division` parameter to control this behavior.
  _warn_prf(average, modifier, msg_start, len(result))
Acc. (Correct/Total): 0.0300 (62.5625/2084) Prec: 0.6755 F1: 0.6152
Start evaluation on test dataset.
/home/lyq2021/.conda/envs/lyq2021/lib/python3.10/site-packages/sklearn/metrics/_classification.py:1344: UndefinedMetricWarning: Precision is ill-defined and being set to 0.0 in samples with no predicted labels. Use `zero_division` parameter to control this behavior.
  _warn_prf(average, modifier, msg_start, len(result))
Acc. (Correct/Total): 0.0338 (69.875/2067) Prec: 0.7253 F1: 0.6664
Epoch id: 12, Training steps: 100, Avg loss: 0.006, Time: 0:44:56
Epoch id: 12, Training steps: 200, Avg loss: 0.006, Time: 0:45:33
Epoch id: 12, Training steps: 300, Avg loss: 0.013, Time: 0:46:10
Epoch id: 12, Training steps: 400, Avg loss: 0.012, Time: 0:46:46
Epoch id: 12, Training steps: 500, Avg loss: 0.005, Time: 0:47:23
Start evaluation on dev dataset.
/home/lyq2021/.conda/envs/lyq2021/lib/python3.10/site-packages/sklearn/metrics/_classification.py:1344: UndefinedMetricWarning: Precision is ill-defined and being set to 0.0 in samples with no predicted labels. Use `zero_division` parameter to control this behavior.
  _warn_prf(average, modifier, msg_start, len(result))
Acc. (Correct/Total): 0.0329 (68.5/2084) Prec: 0.7283 F1: 0.6703
Start evaluation on test dataset.
/home/lyq2021/.conda/envs/lyq2021/lib/python3.10/site-packages/sklearn/metrics/_classification.py:1344: UndefinedMetricWarning: Precision is ill-defined and being set to 0.0 in samples with no predicted labels. Use `zero_division` parameter to control this behavior.
  _warn_prf(average, modifier, msg_start, len(result))
Acc. (Correct/Total): 0.0358 (74.0625/2067) Prec: 0.7625 F1: 0.7048
Epoch id: 13, Training steps: 100, Avg loss: 0.008, Time: 0:49:02
Epoch id: 13, Training steps: 200, Avg loss: 0.010, Time: 0:49:38
Epoch id: 13, Training steps: 300, Avg loss: 0.009, Time: 0:50:15
Epoch id: 13, Training steps: 400, Avg loss: 0.005, Time: 0:50:51
Epoch id: 13, Training steps: 500, Avg loss: 0.017, Time: 0:51:28
Start evaluation on dev dataset.
/home/lyq2021/.conda/envs/lyq2021/lib/python3.10/site-packages/sklearn/metrics/_classification.py:1344: UndefinedMetricWarning: Precision is ill-defined and being set to 0.0 in samples with no predicted labels. Use `zero_division` parameter to control this behavior.
  _warn_prf(average, modifier, msg_start, len(result))
Acc. (Correct/Total): 0.0322 (67.125/2084) Prec: 0.7155 F1: 0.6565
Epoch id: 14, Training steps: 100, Avg loss: 0.004, Time: 0:52:47
Epoch id: 14, Training steps: 200, Avg loss: 0.010, Time: 0:53:24
Epoch id: 14, Training steps: 300, Avg loss: 0.012, Time: 0:54:00
Epoch id: 14, Training steps: 400, Avg loss: 0.006, Time: 0:54:37
Epoch id: 14, Training steps: 500, Avg loss: 0.008, Time: 0:55:14
Start evaluation on dev dataset.
/home/lyq2021/.conda/envs/lyq2021/lib/python3.10/site-packages/sklearn/metrics/_classification.py:1344: UndefinedMetricWarning: Precision is ill-defined and being set to 0.0 in samples with no predicted labels. Use `zero_division` parameter to control this behavior.
  _warn_prf(average, modifier, msg_start, len(result))
Acc. (Correct/Total): 0.0332 (69.25/2084) Prec: 0.7270 F1: 0.6728
Epoch id: 15, Training steps: 100, Avg loss: 0.010, Time: 0:56:33
Epoch id: 15, Training steps: 200, Avg loss: 0.012, Time: 0:57:10
Epoch id: 15, Training steps: 300, Avg loss: 0.004, Time: 0:57:46
Epoch id: 15, Training steps: 400, Avg loss: 0.007, Time: 0:58:23
Epoch id: 15, Training steps: 500, Avg loss: 0.002, Time: 0:59:00
Start evaluation on dev dataset.
/home/lyq2021/.conda/envs/lyq2021/lib/python3.10/site-packages/sklearn/metrics/_classification.py:1344: UndefinedMetricWarning: Precision is ill-defined and being set to 0.0 in samples with no predicted labels. Use `zero_division` parameter to control this behavior.
  _warn_prf(average, modifier, msg_start, len(result))
Acc. (Correct/Total): 0.0346 (72.0625/2084) Prec: 0.7433 F1: 0.6926
Start evaluation on test dataset.
/home/lyq2021/.conda/envs/lyq2021/lib/python3.10/site-packages/sklearn/metrics/_classification.py:1344: UndefinedMetricWarning: Precision is ill-defined and being set to 0.0 in samples with no predicted labels. Use `zero_division` parameter to control this behavior.
  _warn_prf(average, modifier, msg_start, len(result))
Acc. (Correct/Total): 0.0375 (77.4375/2067) Prec: 0.7853 F1: 0.7306
Epoch id: 16, Training steps: 100, Avg loss: 0.005, Time: 1:00:39
Epoch id: 16, Training steps: 200, Avg loss: 0.010, Time: 1:01:15
Epoch id: 16, Training steps: 300, Avg loss: 0.003, Time: 1:01:52
Epoch id: 16, Training steps: 400, Avg loss: 0.005, Time: 1:02:29
Epoch id: 16, Training steps: 500, Avg loss: 0.005, Time: 1:03:05
Start evaluation on dev dataset.
/home/lyq2021/.conda/envs/lyq2021/lib/python3.10/site-packages/sklearn/metrics/_classification.py:1344: UndefinedMetricWarning: Precision is ill-defined and being set to 0.0 in samples with no predicted labels. Use `zero_division` parameter to control this behavior.
  _warn_prf(average, modifier, msg_start, len(result))
Acc. (Correct/Total): 0.0348 (72.5/2084) Prec: 0.7418 F1: 0.6918
Epoch id: 17, Training steps: 100, Avg loss: 0.006, Time: 1:04:25
Epoch id: 17, Training steps: 200, Avg loss: 0.004, Time: 1:05:01
Epoch id: 17, Training steps: 300, Avg loss: 0.002, Time: 1:05:38
Epoch id: 17, Training steps: 400, Avg loss: 0.005, Time: 1:06:14
Epoch id: 17, Training steps: 500, Avg loss: 0.003, Time: 1:06:51
Start evaluation on dev dataset.
/home/lyq2021/.conda/envs/lyq2021/lib/python3.10/site-packages/sklearn/metrics/_classification.py:1344: UndefinedMetricWarning: Precision is ill-defined and being set to 0.0 in samples with no predicted labels. Use `zero_division` parameter to control this behavior.
  _warn_prf(average, modifier, msg_start, len(result))
Acc. (Correct/Total): 0.0358 (74.625/2084) Prec: 0.7649 F1: 0.7145
Start evaluation on test dataset.
/home/lyq2021/.conda/envs/lyq2021/lib/python3.10/site-packages/sklearn/metrics/_classification.py:1344: UndefinedMetricWarning: Precision is ill-defined and being set to 0.0 in samples with no predicted labels. Use `zero_division` parameter to control this behavior.
  _warn_prf(average, modifier, msg_start, len(result))
Acc. (Correct/Total): 0.0387 (79.9375/2067) Prec: 0.8012 F1: 0.7481
Epoch id: 18, Training steps: 100, Avg loss: 0.003, Time: 1:08:30
Epoch id: 18, Training steps: 200, Avg loss: 0.004, Time: 1:09:07
Epoch id: 18, Training steps: 300, Avg loss: 0.006, Time: 1:09:43
Epoch id: 18, Training steps: 400, Avg loss: 0.002, Time: 1:10:20
Epoch id: 18, Training steps: 500, Avg loss: 0.003, Time: 1:10:57
Start evaluation on dev dataset.
/home/lyq2021/.conda/envs/lyq2021/lib/python3.10/site-packages/sklearn/metrics/_classification.py:1344: UndefinedMetricWarning: Precision is ill-defined and being set to 0.0 in samples with no predicted labels. Use `zero_division` parameter to control this behavior.
  _warn_prf(average, modifier, msg_start, len(result))
Acc. (Correct/Total): 0.0350 (72.9375/2084) Prec: 0.7486 F1: 0.7004
Epoch id: 19, Training steps: 100, Avg loss: 0.003, Time: 1:12:16
Epoch id: 19, Training steps: 200, Avg loss: 0.004, Time: 1:12:53
Epoch id: 19, Training steps: 300, Avg loss: 0.002, Time: 1:13:29
Epoch id: 19, Training steps: 400, Avg loss: 0.002, Time: 1:14:06
Epoch id: 19, Training steps: 500, Avg loss: 0.001, Time: 1:14:42
Start evaluation on dev dataset.
/home/lyq2021/.conda/envs/lyq2021/lib/python3.10/site-packages/sklearn/metrics/_classification.py:1344: UndefinedMetricWarning: Precision is ill-defined and being set to 0.0 in samples with no predicted labels. Use `zero_division` parameter to control this behavior.
  _warn_prf(average, modifier, msg_start, len(result))
Acc. (Correct/Total): 0.0354 (73.875/2084) Prec: 0.7526 F1: 0.7051
Epoch id: 20, Training steps: 100, Avg loss: 0.004, Time: 1:16:02
Epoch id: 20, Training steps: 200, Avg loss: 0.002, Time: 1:16:38
Epoch id: 20, Training steps: 300, Avg loss: 0.004, Time: 1:17:15
Epoch id: 20, Training steps: 400, Avg loss: 0.002, Time: 1:17:52
Epoch id: 20, Training steps: 500, Avg loss: 0.006, Time: 1:18:28
Start evaluation on dev dataset.
/home/lyq2021/.conda/envs/lyq2021/lib/python3.10/site-packages/sklearn/metrics/_classification.py:1344: UndefinedMetricWarning: Precision is ill-defined and being set to 0.0 in samples with no predicted labels. Use `zero_division` parameter to control this behavior.
  _warn_prf(average, modifier, msg_start, len(result))
Acc. (Correct/Total): 0.0365 (76.0625/2084) Prec: 0.7738 F1: 0.7298
Start evaluation on test dataset.
/home/lyq2021/.conda/envs/lyq2021/lib/python3.10/site-packages/sklearn/metrics/_classification.py:1344: UndefinedMetricWarning: Precision is ill-defined and being set to 0.0 in samples with no predicted labels. Use `zero_division` parameter to control this behavior.
  _warn_prf(average, modifier, msg_start, len(result))
Acc. (Correct/Total): 0.0397 (82.0/2067) Prec: 0.8083 F1: 0.7622
Final evaluation on the test dataset.
The number of evaluation instances:  2067
/home/lyq2021/.conda/envs/lyq2021/lib/python3.10/site-packages/sklearn/metrics/_classification.py:1344: UndefinedMetricWarning: Precision is ill-defined and being set to 0.0 in samples with no predicted labels. Use `zero_division` parameter to control this behavior.
  _warn_prf(average, modifier, msg_start, len(result))
/home/lyq2021/.conda/envs/lyq2021/lib/python3.10/site-packages/sklearn/metrics/_classification.py:1344: UndefinedMetricWarning: Precision and F-score are ill-defined and being set to 0.0 in labels with no predicted samples. Use `zero_division` parameter to control this behavior.
  _warn_prf(average, modifier, msg_start, len(result))
/home/lyq2021/.conda/envs/lyq2021/lib/python3.10/site-packages/sklearn/metrics/_classification.py:1344: UndefinedMetricWarning: Precision and F-score are ill-defined and being set to 0.0 in samples with no predicted labels. Use `zero_division` parameter to control this behavior.
  _warn_prf(average, modifier, msg_start, len(result))
