  0%|          | 0/82 [00:00<?, ?it/s]100%|██████████| 82/82 [00:00<00:00, 1146443.09it/s]
Vocabulary file line 344 has bad format token
Vocabulary Size:  21128
[BertClassifier] use visible_matrix: False
Some weights of the model checkpoint at ./models/bert were not used when initializing BertRNNForMultiLabelSequenceClassification: ['cls.predictions.decoder.weight', 'cls.seq_relationship.bias', 'bert.pooler.dense.bias', 'cls.predictions.transform.dense.weight', 'bert.pooler.dense.weight', 'cls.seq_relationship.weight', 'cls.predictions.transform.dense.bias', 'cls.predictions.transform.LayerNorm.bias', 'cls.predictions.bias', 'cls.predictions.transform.LayerNorm.weight']
- This IS expected if you are initializing BertRNNForMultiLabelSequenceClassification from the checkpoint of a model trained on another task or with another architecture (e.g. initializing a BertForSequenceClassification model from a BertForPreTraining model).
- This IS NOT expected if you are initializing BertRNNForMultiLabelSequenceClassification from the checkpoint of a model that you expect to be exactly identical (initializing a BertForSequenceClassification model from a BertForSequenceClassification model).
Some weights of BertRNNForMultiLabelSequenceClassification were not initialized from the model checkpoint at ./models/bert and are newly initialized: ['lstm.bias_hh_l1', 'lstm.weight_hh_l1_reverse', 'lstm.bias_hh_l1_reverse', 'lstm.bias_ih_l1_reverse', 'lstm.bias_ih_l1', 'lstm.bias_hh_l0_reverse', 'lstm.weight_hh_l0', 'classifier.weight', 'lstm.weight_hh_l0_reverse', 'lstm.weight_ih_l0', 'lstm.bias_ih_l0', 'lstm.weight_ih_l1_reverse', 'lstm.bias_ih_l0_reverse', 'classifier.bias', 'lstm.weight_ih_l0_reverse', 'lstm.weight_hh_l1', 'lstm.bias_hh_l0', 'lstm.weight_ih_l1']
You should probably TRAIN this model on a down-stream task to be able to use it for predictions and inference.
2 GPUs are available. Let's use them.
device:  cuda
Start training.
Loading sentences from ./datasets/book_multilabels_task/train.tsv
There are 9098 sentence in total. We use 1 processes to inject knowledge into sentences.
Progress of process 0: 0/9098
Loading sentences from ./datasets/book_multilabels_task/dev.tsv
There are 2084 sentence in total. We use 1 processes to inject knowledge into sentences.
Progress of process 0: 0/2084
Loading sentences from ./datasets/book_multilabels_task/test.tsv
There are 2067 sentence in total. We use 1 processes to inject knowledge into sentences.
Progress of process 0: 0/2067
Epoch id: 1, Training steps: 100, Avg loss: 0.098, Time: 0:01:00
Epoch id: 1, Training steps: 200, Avg loss: 0.091, Time: 0:01:58
Epoch id: 1, Training steps: 300, Avg loss: 0.087, Time: 0:02:55
Epoch id: 1, Training steps: 400, Avg loss: 0.094, Time: 0:03:53
Epoch id: 1, Training steps: 500, Avg loss: 0.085, Time: 0:04:51
Start evaluation on dev dataset.
/home/lyq2021/.conda/envs/lyq2021/lib/python3.10/site-packages/sklearn/metrics/_classification.py:1344: UndefinedMetricWarning: Precision is ill-defined and being set to 0.0 in samples with no predicted labels. Use `zero_division` parameter to control this behavior.
  _warn_prf(average, modifier, msg_start, len(result))
Acc. (Correct/Total): 0.0000 (167799/2084) Prec: 0.0000 F1: 0.0000
Epoch id: 2, Training steps: 100, Avg loss: 0.080, Time: 0:07:00
Epoch id: 2, Training steps: 200, Avg loss: 0.072, Time: 0:07:58
Epoch id: 2, Training steps: 300, Avg loss: 0.092, Time: 0:08:56
Epoch id: 2, Training steps: 400, Avg loss: 0.086, Time: 0:09:53
Epoch id: 2, Training steps: 500, Avg loss: 0.072, Time: 0:10:51
Start evaluation on dev dataset.
/home/lyq2021/.conda/envs/lyq2021/lib/python3.10/site-packages/sklearn/metrics/_classification.py:1344: UndefinedMetricWarning: Precision is ill-defined and being set to 0.0 in samples with no predicted labels. Use `zero_division` parameter to control this behavior.
  _warn_prf(average, modifier, msg_start, len(result))
Acc. (Correct/Total): 0.0000 (167799/2084) Prec: 0.0000 F1: 0.0000
Epoch id: 3, Training steps: 100, Avg loss: 0.079, Time: 0:13:01
Epoch id: 3, Training steps: 200, Avg loss: 0.087, Time: 0:13:58
Epoch id: 3, Training steps: 300, Avg loss: 0.064, Time: 0:14:56
Epoch id: 3, Training steps: 400, Avg loss: 0.058, Time: 0:15:54
Epoch id: 3, Training steps: 500, Avg loss: 0.063, Time: 0:16:52
Start evaluation on dev dataset.
/home/lyq2021/.conda/envs/lyq2021/lib/python3.10/site-packages/sklearn/metrics/_classification.py:1344: UndefinedMetricWarning: Precision is ill-defined and being set to 0.0 in samples with no predicted labels. Use `zero_division` parameter to control this behavior.
  _warn_prf(average, modifier, msg_start, len(result))
Acc. (Correct/Total): 0.0000 (167799/2084) Prec: 0.0000 F1: 0.0000
Epoch id: 4, Training steps: 100, Avg loss: 0.052, Time: 0:19:01
Epoch id: 4, Training steps: 200, Avg loss: 0.052, Time: 0:19:59
Epoch id: 4, Training steps: 300, Avg loss: 0.051, Time: 0:20:56
Epoch id: 4, Training steps: 400, Avg loss: 0.053, Time: 0:21:54
Epoch id: 4, Training steps: 500, Avg loss: 0.055, Time: 0:22:52
Start evaluation on dev dataset.
/home/lyq2021/.conda/envs/lyq2021/lib/python3.10/site-packages/sklearn/metrics/_classification.py:1344: UndefinedMetricWarning: Precision is ill-defined and being set to 0.0 in samples with no predicted labels. Use `zero_division` parameter to control this behavior.
  _warn_prf(average, modifier, msg_start, len(result))
Acc. (Correct/Total): 0.0350 (167935/2084) Prec: 0.1032 F1: 0.0800
Start evaluation on test dataset.
/home/lyq2021/.conda/envs/lyq2021/lib/python3.10/site-packages/sklearn/metrics/_classification.py:1344: UndefinedMetricWarning: Precision is ill-defined and being set to 0.0 in samples with no predicted labels. Use `zero_division` parameter to control this behavior.
  _warn_prf(average, modifier, msg_start, len(result))
Acc. (Correct/Total): 0.0155 (166607/2067) Prec: 0.1272 F1: 0.0898
Epoch id: 5, Training steps: 100, Avg loss: 0.057, Time: 0:25:33
Epoch id: 5, Training steps: 200, Avg loss: 0.032, Time: 0:26:31
Epoch id: 5, Training steps: 300, Avg loss: 0.057, Time: 0:27:29
Epoch id: 5, Training steps: 400, Avg loss: 0.051, Time: 0:28:26
Epoch id: 5, Training steps: 500, Avg loss: 0.043, Time: 0:29:24
Start evaluation on dev dataset.
/home/lyq2021/.conda/envs/lyq2021/lib/python3.10/site-packages/sklearn/metrics/_classification.py:1344: UndefinedMetricWarning: Precision is ill-defined and being set to 0.0 in samples with no predicted labels. Use `zero_division` parameter to control this behavior.
  _warn_prf(average, modifier, msg_start, len(result))
Acc. (Correct/Total): 0.1550 (168229/2084) Prec: 0.2342 F1: 0.2093
Start evaluation on test dataset.
/home/lyq2021/.conda/envs/lyq2021/lib/python3.10/site-packages/sklearn/metrics/_classification.py:1344: UndefinedMetricWarning: Precision is ill-defined and being set to 0.0 in samples with no predicted labels. Use `zero_division` parameter to control this behavior.
  _warn_prf(average, modifier, msg_start, len(result))
Acc. (Correct/Total): 0.1717 (166992/2067) Prec: 0.2968 F1: 0.2555
Epoch id: 6, Training steps: 100, Avg loss: 0.038, Time: 0:32:07
Epoch id: 6, Training steps: 200, Avg loss: 0.039, Time: 0:33:05
Epoch id: 6, Training steps: 300, Avg loss: 0.047, Time: 0:34:03
Epoch id: 6, Training steps: 400, Avg loss: 0.049, Time: 0:35:00
Epoch id: 6, Training steps: 500, Avg loss: 0.038, Time: 0:35:58
Start evaluation on dev dataset.
/home/lyq2021/.conda/envs/lyq2021/lib/python3.10/site-packages/sklearn/metrics/_classification.py:1344: UndefinedMetricWarning: Precision is ill-defined and being set to 0.0 in samples with no predicted labels. Use `zero_division` parameter to control this behavior.
  _warn_prf(average, modifier, msg_start, len(result))
Acc. (Correct/Total): 0.2452 (168494/2084) Prec: 0.3246 F1: 0.3004
Start evaluation on test dataset.
/home/lyq2021/.conda/envs/lyq2021/lib/python3.10/site-packages/sklearn/metrics/_classification.py:1344: UndefinedMetricWarning: Precision is ill-defined and being set to 0.0 in samples with no predicted labels. Use `zero_division` parameter to control this behavior.
  _warn_prf(average, modifier, msg_start, len(result))
Acc. (Correct/Total): 0.2811 (167266/2067) Prec: 0.3541 F1: 0.3317
Epoch id: 7, Training steps: 100, Avg loss: 0.039, Time: 0:38:41
Epoch id: 7, Training steps: 200, Avg loss: 0.041, Time: 0:39:39
Epoch id: 7, Training steps: 300, Avg loss: 0.039, Time: 0:40:37
Epoch id: 7, Training steps: 400, Avg loss: 0.036, Time: 0:41:34
Epoch id: 7, Training steps: 500, Avg loss: 0.046, Time: 0:42:32
Start evaluation on dev dataset.
/home/lyq2021/.conda/envs/lyq2021/lib/python3.10/site-packages/sklearn/metrics/_classification.py:1344: UndefinedMetricWarning: Precision is ill-defined and being set to 0.0 in samples with no predicted labels. Use `zero_division` parameter to control this behavior.
  _warn_prf(average, modifier, msg_start, len(result))
Acc. (Correct/Total): 0.2625 (168531/2084) Prec: 0.3500 F1: 0.3231
Start evaluation on test dataset.
/home/lyq2021/.conda/envs/lyq2021/lib/python3.10/site-packages/sklearn/metrics/_classification.py:1344: UndefinedMetricWarning: Precision is ill-defined and being set to 0.0 in samples with no predicted labels. Use `zero_division` parameter to control this behavior.
  _warn_prf(average, modifier, msg_start, len(result))
Acc. (Correct/Total): 0.2985 (167304/2067) Prec: 0.3771 F1: 0.3530
Epoch id: 8, Training steps: 100, Avg loss: 0.038, Time: 0:45:15
Epoch id: 8, Training steps: 200, Avg loss: 0.018, Time: 0:46:12
Epoch id: 8, Training steps: 300, Avg loss: 0.026, Time: 0:47:10
Epoch id: 8, Training steps: 400, Avg loss: 0.030, Time: 0:48:07
Epoch id: 8, Training steps: 500, Avg loss: 0.033, Time: 0:49:05
Start evaluation on dev dataset.
/home/lyq2021/.conda/envs/lyq2021/lib/python3.10/site-packages/sklearn/metrics/_classification.py:1344: UndefinedMetricWarning: Precision is ill-defined and being set to 0.0 in samples with no predicted labels. Use `zero_division` parameter to control this behavior.
  _warn_prf(average, modifier, msg_start, len(result))
Acc. (Correct/Total): 0.2903 (168656/2084) Prec: 0.4119 F1: 0.3736
Start evaluation on test dataset.
/home/lyq2021/.conda/envs/lyq2021/lib/python3.10/site-packages/sklearn/metrics/_classification.py:1344: UndefinedMetricWarning: Precision is ill-defined and being set to 0.0 in samples with no predicted labels. Use `zero_division` parameter to control this behavior.
  _warn_prf(average, modifier, msg_start, len(result))
Acc. (Correct/Total): 0.3391 (167449/2067) Prec: 0.4548 F1: 0.4185
Epoch id: 9, Training steps: 100, Avg loss: 0.030, Time: 0:51:48
Epoch id: 9, Training steps: 200, Avg loss: 0.029, Time: 0:52:45
Epoch id: 9, Training steps: 300, Avg loss: 0.017, Time: 0:53:43
Epoch id: 9, Training steps: 400, Avg loss: 0.036, Time: 0:54:40
Epoch id: 9, Training steps: 500, Avg loss: 0.019, Time: 0:55:38
Start evaluation on dev dataset.
/home/lyq2021/.conda/envs/lyq2021/lib/python3.10/site-packages/sklearn/metrics/_classification.py:1344: UndefinedMetricWarning: Precision is ill-defined and being set to 0.0 in samples with no predicted labels. Use `zero_division` parameter to control this behavior.
  _warn_prf(average, modifier, msg_start, len(result))
Acc. (Correct/Total): 0.2994 (168667/2084) Prec: 0.4179 F1: 0.3813
Start evaluation on test dataset.
/home/lyq2021/.conda/envs/lyq2021/lib/python3.10/site-packages/sklearn/metrics/_classification.py:1344: UndefinedMetricWarning: Precision is ill-defined and being set to 0.0 in samples with no predicted labels. Use `zero_division` parameter to control this behavior.
  _warn_prf(average, modifier, msg_start, len(result))
Acc. (Correct/Total): 0.3406 (167469/2067) Prec: 0.4620 F1: 0.4252
Epoch id: 10, Training steps: 100, Avg loss: 0.033, Time: 0:58:21
Epoch id: 10, Training steps: 200, Avg loss: 0.016, Time: 0:59:18
Epoch id: 10, Training steps: 300, Avg loss: 0.026, Time: 1:00:16
Epoch id: 10, Training steps: 400, Avg loss: 0.031, Time: 1:01:13
Epoch id: 10, Training steps: 500, Avg loss: 0.034, Time: 1:02:11
Start evaluation on dev dataset.
/home/lyq2021/.conda/envs/lyq2021/lib/python3.10/site-packages/sklearn/metrics/_classification.py:1344: UndefinedMetricWarning: Precision is ill-defined and being set to 0.0 in samples with no predicted labels. Use `zero_division` parameter to control this behavior.
  _warn_prf(average, modifier, msg_start, len(result))
Acc. (Correct/Total): 0.3407 (168778/2084) Prec: 0.4702 F1: 0.4311
Start evaluation on test dataset.
/home/lyq2021/.conda/envs/lyq2021/lib/python3.10/site-packages/sklearn/metrics/_classification.py:1344: UndefinedMetricWarning: Precision is ill-defined and being set to 0.0 in samples with no predicted labels. Use `zero_division` parameter to control this behavior.
  _warn_prf(average, modifier, msg_start, len(result))
Acc. (Correct/Total): 0.3788 (167575/2067) Prec: 0.5210 F1: 0.4773
Epoch id: 11, Training steps: 100, Avg loss: 0.019, Time: 1:04:53
Epoch id: 11, Training steps: 200, Avg loss: 0.017, Time: 1:05:51
Epoch id: 11, Training steps: 300, Avg loss: 0.024, Time: 1:06:49
Epoch id: 11, Training steps: 400, Avg loss: 0.034, Time: 1:07:46
Epoch id: 11, Training steps: 500, Avg loss: 0.026, Time: 1:08:44
Start evaluation on dev dataset.
/home/lyq2021/.conda/envs/lyq2021/lib/python3.10/site-packages/sklearn/metrics/_classification.py:1344: UndefinedMetricWarning: Precision is ill-defined and being set to 0.0 in samples with no predicted labels. Use `zero_division` parameter to control this behavior.
  _warn_prf(average, modifier, msg_start, len(result))
Acc. (Correct/Total): 0.3263 (168761/2084) Prec: 0.4760 F1: 0.4289
Epoch id: 12, Training steps: 100, Avg loss: 0.018, Time: 1:10:53
Epoch id: 12, Training steps: 200, Avg loss: 0.025, Time: 1:11:50
Epoch id: 12, Training steps: 300, Avg loss: 0.023, Time: 1:12:48
Epoch id: 12, Training steps: 400, Avg loss: 0.029, Time: 1:13:45
Epoch id: 12, Training steps: 500, Avg loss: 0.026, Time: 1:14:43
Start evaluation on dev dataset.
/home/lyq2021/.conda/envs/lyq2021/lib/python3.10/site-packages/sklearn/metrics/_classification.py:1344: UndefinedMetricWarning: Precision is ill-defined and being set to 0.0 in samples with no predicted labels. Use `zero_division` parameter to control this behavior.
  _warn_prf(average, modifier, msg_start, len(result))
Acc. (Correct/Total): 0.3498 (168832/2084) Prec: 0.4962 F1: 0.4510
Start evaluation on test dataset.
/home/lyq2021/.conda/envs/lyq2021/lib/python3.10/site-packages/sklearn/metrics/_classification.py:1344: UndefinedMetricWarning: Precision is ill-defined and being set to 0.0 in samples with no predicted labels. Use `zero_division` parameter to control this behavior.
  _warn_prf(average, modifier, msg_start, len(result))
Acc. (Correct/Total): 0.3832 (167629/2067) Prec: 0.5380 F1: 0.4889
Epoch id: 13, Training steps: 100, Avg loss: 0.028, Time: 1:17:26
Epoch id: 13, Training steps: 200, Avg loss: 0.029, Time: 1:18:23
Epoch id: 13, Training steps: 300, Avg loss: 0.034, Time: 1:19:21
Epoch id: 13, Training steps: 400, Avg loss: 0.029, Time: 1:20:19
Epoch id: 13, Training steps: 500, Avg loss: 0.018, Time: 1:21:16
Start evaluation on dev dataset.
/home/lyq2021/.conda/envs/lyq2021/lib/python3.10/site-packages/sklearn/metrics/_classification.py:1344: UndefinedMetricWarning: Precision is ill-defined and being set to 0.0 in samples with no predicted labels. Use `zero_division` parameter to control this behavior.
  _warn_prf(average, modifier, msg_start, len(result))
Acc. (Correct/Total): 0.3810 (168936/2084) Prec: 0.5396 F1: 0.4911
Start evaluation on test dataset.
/home/lyq2021/.conda/envs/lyq2021/lib/python3.10/site-packages/sklearn/metrics/_classification.py:1344: UndefinedMetricWarning: Precision is ill-defined and being set to 0.0 in samples with no predicted labels. Use `zero_division` parameter to control this behavior.
  _warn_prf(average, modifier, msg_start, len(result))
Acc. (Correct/Total): 0.3943 (167649/2067) Prec: 0.5597 F1: 0.5087
Epoch id: 14, Training steps: 100, Avg loss: 0.029, Time: 1:23:59
Epoch id: 14, Training steps: 200, Avg loss: 0.019, Time: 1:24:57
Epoch id: 14, Training steps: 300, Avg loss: 0.017, Time: 1:25:54
Epoch id: 14, Training steps: 400, Avg loss: 0.026, Time: 1:26:52
Epoch id: 14, Training steps: 500, Avg loss: 0.029, Time: 1:27:49
Start evaluation on dev dataset.
/home/lyq2021/.conda/envs/lyq2021/lib/python3.10/site-packages/sklearn/metrics/_classification.py:1344: UndefinedMetricWarning: Precision is ill-defined and being set to 0.0 in samples with no predicted labels. Use `zero_division` parameter to control this behavior.
  _warn_prf(average, modifier, msg_start, len(result))
Acc. (Correct/Total): 0.4055 (169000/2084) Prec: 0.5715 F1: 0.5189
Start evaluation on test dataset.
/home/lyq2021/.conda/envs/lyq2021/lib/python3.10/site-packages/sklearn/metrics/_classification.py:1344: UndefinedMetricWarning: Precision is ill-defined and being set to 0.0 in samples with no predicted labels. Use `zero_division` parameter to control this behavior.
  _warn_prf(average, modifier, msg_start, len(result))
Acc. (Correct/Total): 0.4364 (167741/2067) Prec: 0.5994 F1: 0.5474
Epoch id: 15, Training steps: 100, Avg loss: 0.024, Time: 1:30:31
Epoch id: 15, Training steps: 200, Avg loss: 0.018, Time: 1:31:29
Epoch id: 15, Training steps: 300, Avg loss: 0.026, Time: 1:32:27
Epoch id: 15, Training steps: 400, Avg loss: 0.026, Time: 1:33:24
Epoch id: 15, Training steps: 500, Avg loss: 0.019, Time: 1:34:22
Start evaluation on dev dataset.
/home/lyq2021/.conda/envs/lyq2021/lib/python3.10/site-packages/sklearn/metrics/_classification.py:1344: UndefinedMetricWarning: Precision is ill-defined and being set to 0.0 in samples with no predicted labels. Use `zero_division` parameter to control this behavior.
  _warn_prf(average, modifier, msg_start, len(result))
Acc. (Correct/Total): 0.4247 (169018/2084) Prec: 0.5979 F1: 0.5443
Start evaluation on test dataset.
/home/lyq2021/.conda/envs/lyq2021/lib/python3.10/site-packages/sklearn/metrics/_classification.py:1344: UndefinedMetricWarning: Precision is ill-defined and being set to 0.0 in samples with no predicted labels. Use `zero_division` parameter to control this behavior.
  _warn_prf(average, modifier, msg_start, len(result))
Acc. (Correct/Total): 0.4591 (167809/2067) Prec: 0.6355 F1: 0.5796
Epoch id: 16, Training steps: 100, Avg loss: 0.028, Time: 1:37:04
Epoch id: 16, Training steps: 200, Avg loss: 0.020, Time: 1:38:01
Epoch id: 16, Training steps: 300, Avg loss: 0.009, Time: 1:38:59
Epoch id: 16, Training steps: 400, Avg loss: 0.026, Time: 1:39:57
Epoch id: 16, Training steps: 500, Avg loss: 0.019, Time: 1:40:54
Start evaluation on dev dataset.
/home/lyq2021/.conda/envs/lyq2021/lib/python3.10/site-packages/sklearn/metrics/_classification.py:1344: UndefinedMetricWarning: Precision is ill-defined and being set to 0.0 in samples with no predicted labels. Use `zero_division` parameter to control this behavior.
  _warn_prf(average, modifier, msg_start, len(result))
Acc. (Correct/Total): 0.3930 (168877/2084) Prec: 0.5629 F1: 0.5119
Epoch id: 17, Training steps: 100, Avg loss: 0.016, Time: 1:43:03
Epoch id: 17, Training steps: 200, Avg loss: 0.019, Time: 1:44:01
Epoch id: 17, Training steps: 300, Avg loss: 0.017, Time: 1:44:58
Epoch id: 17, Training steps: 400, Avg loss: 0.040, Time: 1:45:56
Epoch id: 17, Training steps: 500, Avg loss: 0.012, Time: 1:46:53
Start evaluation on dev dataset.
/home/lyq2021/.conda/envs/lyq2021/lib/python3.10/site-packages/sklearn/metrics/_classification.py:1344: UndefinedMetricWarning: Precision is ill-defined and being set to 0.0 in samples with no predicted labels. Use `zero_division` parameter to control this behavior.
  _warn_prf(average, modifier, msg_start, len(result))
Acc. (Correct/Total): 0.4304 (169087/2084) Prec: 0.6180 F1: 0.5598
Start evaluation on test dataset.
/home/lyq2021/.conda/envs/lyq2021/lib/python3.10/site-packages/sklearn/metrics/_classification.py:1344: UndefinedMetricWarning: Precision is ill-defined and being set to 0.0 in samples with no predicted labels. Use `zero_division` parameter to control this behavior.
  _warn_prf(average, modifier, msg_start, len(result))
Acc. (Correct/Total): 0.4809 (167881/2067) Prec: 0.6606 F1: 0.6045
Epoch id: 18, Training steps: 100, Avg loss: 0.026, Time: 1:49:36
Epoch id: 18, Training steps: 200, Avg loss: 0.009, Time: 1:50:33
Epoch id: 18, Training steps: 300, Avg loss: 0.012, Time: 1:51:31
Epoch id: 18, Training steps: 400, Avg loss: 0.007, Time: 1:52:28
Epoch id: 18, Training steps: 500, Avg loss: 0.010, Time: 1:53:26
Start evaluation on dev dataset.
/home/lyq2021/.conda/envs/lyq2021/lib/python3.10/site-packages/sklearn/metrics/_classification.py:1344: UndefinedMetricWarning: Precision is ill-defined and being set to 0.0 in samples with no predicted labels. Use `zero_division` parameter to control this behavior.
  _warn_prf(average, modifier, msg_start, len(result))
Acc. (Correct/Total): 0.4448 (169122/2084) Prec: 0.6305 F1: 0.5730
Start evaluation on test dataset.
/home/lyq2021/.conda/envs/lyq2021/lib/python3.10/site-packages/sklearn/metrics/_classification.py:1344: UndefinedMetricWarning: Precision is ill-defined and being set to 0.0 in samples with no predicted labels. Use `zero_division` parameter to control this behavior.
  _warn_prf(average, modifier, msg_start, len(result))
Acc. (Correct/Total): 0.4843 (167892/2067) Prec: 0.6730 F1: 0.6154
Epoch id: 19, Training steps: 100, Avg loss: 0.022, Time: 1:56:08
Epoch id: 19, Training steps: 200, Avg loss: 0.013, Time: 1:57:06
Epoch id: 19, Training steps: 300, Avg loss: 0.010, Time: 1:58:03
Epoch id: 19, Training steps: 400, Avg loss: 0.008, Time: 1:59:01
Epoch id: 19, Training steps: 500, Avg loss: 0.011, Time: 1:59:58
Start evaluation on dev dataset.
/home/lyq2021/.conda/envs/lyq2021/lib/python3.10/site-packages/sklearn/metrics/_classification.py:1344: UndefinedMetricWarning: Precision is ill-defined and being set to 0.0 in samples with no predicted labels. Use `zero_division` parameter to control this behavior.
  _warn_prf(average, modifier, msg_start, len(result))
Acc. (Correct/Total): 0.4323 (169082/2084) Prec: 0.6270 F1: 0.5668
Epoch id: 20, Training steps: 100, Avg loss: 0.015, Time: 2:02:07
Epoch id: 20, Training steps: 200, Avg loss: 0.023, Time: 2:03:05
Epoch id: 20, Training steps: 300, Avg loss: 0.013, Time: 2:04:02
Epoch id: 20, Training steps: 400, Avg loss: 0.010, Time: 2:04:59
Epoch id: 20, Training steps: 500, Avg loss: 0.021, Time: 2:05:57
Start evaluation on dev dataset.
/home/lyq2021/.conda/envs/lyq2021/lib/python3.10/site-packages/sklearn/metrics/_classification.py:1344: UndefinedMetricWarning: Precision is ill-defined and being set to 0.0 in samples with no predicted labels. Use `zero_division` parameter to control this behavior.
  _warn_prf(average, modifier, msg_start, len(result))
Acc. (Correct/Total): 0.4443 (169139/2084) Prec: 0.6544 F1: 0.5908
Final evaluation on the test dataset.
The number of evaluation instances:  2067
/home/lyq2021/.conda/envs/lyq2021/lib/python3.10/site-packages/sklearn/metrics/_classification.py:1344: UndefinedMetricWarning: Precision is ill-defined and being set to 0.0 in samples with no predicted labels. Use `zero_division` parameter to control this behavior.
  _warn_prf(average, modifier, msg_start, len(result))
/home/lyq2021/.conda/envs/lyq2021/lib/python3.10/site-packages/sklearn/metrics/_classification.py:1344: UndefinedMetricWarning: Precision and F-score are ill-defined and being set to 0.0 in labels with no predicted samples. Use `zero_division` parameter to control this behavior.
  _warn_prf(average, modifier, msg_start, len(result))
/home/lyq2021/.conda/envs/lyq2021/lib/python3.10/site-packages/sklearn/metrics/_classification.py:1344: UndefinedMetricWarning: Precision and F-score are ill-defined and being set to 0.0 in samples with no predicted labels. Use `zero_division` parameter to control this behavior.
  _warn_prf(average, modifier, msg_start, len(result))
Acc. (Correct/Total): 0.4843 (167892/2067) Prec: 0.6730 F1: 0.6154
Precision, Recall and F1-Score...
              precision    recall  f1-score   support

         教育学     0.8649    0.9295    0.8960       241
          法学     0.9219    0.7902    0.8510       224
      中国语言文学     0.9013    0.7405    0.8131       185
         政治学     0.7815    0.5706    0.6596       163
         社会学     0.9134    0.7389    0.8169       157
         心理学     0.9342    0.5772    0.7136       123
       应用经济学     0.7273    0.4786    0.5773       117
         历史学     0.8514    0.5780    0.6885       109
     环境科学与工程     0.8523    0.6944    0.7653       108
          哲学     0.7407    0.4124    0.5298        97
      外国语言文学     0.8519    0.5412    0.6619        85
         生物学     0.8472    0.7722    0.8079        79
      交通运输工程     0.8642    0.8974    0.8805        78
        临床医学     0.8966    0.6842    0.7761        76
    计算机科学与技术     0.7576    0.7042    0.7299        71
        土木工程     0.9385    0.9242    0.9313        66
   航空宇航科学与技术     0.9153    0.8852    0.9000        61
         民族学     0.6250    0.2727    0.3797        55
   公共卫生与预防医学     0.7576    0.4902    0.5952        51
         美术学     0.8868    0.9400    0.9126        50
         艺术学     0.8611    0.7209    0.7848        43
         地理学     1.0000    0.2619    0.4151        42
         体育学     0.8947    0.4250    0.5763        40
       理论经济学     0.7778    0.7368    0.7568        38
         中医学     0.9600    0.6486    0.7742        37
         物理学     0.9583    0.6389    0.7667        36
          林学     0.7500    0.0909    0.1622        33
          数学     0.8125    0.4062    0.5417        32
     电子科学与技术     0.9167    0.3548    0.5116        31
        基础医学     0.0000    0.0000    0.0000        29
        工商管理     0.9000    0.6667    0.7660        27
       新闻传播学     1.0000    0.0455    0.0870        22
         天文学     0.9231    0.5455    0.6857        22
         地质学     0.0000    0.0000    0.0000        21
         畜牧学     0.8947    0.8095    0.8500        21
   军事思想及军事历史     0.8333    0.7500    0.7895        20
     管理科学与工程     1.0000    0.2222    0.3636        18
     测绘科学与技术     0.5000    0.0588    0.1053        17
        水利工程     0.0000    0.0000    0.0000        16
        大气科学     0.0000    0.0000    0.0000        16
     兵器科学与技术     0.9000    0.6000    0.7200        15
       地球物理学     0.0000    0.0000    0.0000        14
        电气工程     0.0000    0.0000    0.0000        13
         作物学     0.0000    0.0000    0.0000        13
     控制科学与工程     0.0000    0.0000    0.0000        13
     信息与通信工程     0.0000    0.0000    0.0000        13
        公共管理     0.0000    0.0000    0.0000        13
         建筑学     0.0000    0.0000    0.0000        13
     化学工程与技术     0.0000    0.0000    0.0000        12
          力学     0.0000    0.0000    0.0000        11
        海洋科学     0.0000    0.0000    0.0000        11
     轻工技术与工程     0.0000    0.0000    0.0000        11
        农业工程     0.0000    0.0000    0.0000        10
         园艺学     0.7143    0.5000    0.5882        10
       中西医结合     0.0000    0.0000    0.0000        10
        机械工程     0.0000    0.0000    0.0000         9
       科学技术史     0.0000    0.0000    0.0000         8
     船舶与海洋工程     0.0000    0.0000    0.0000         8
   图书情报与档案管理     0.0000    0.0000    0.0000         8
        植物保护     0.0000    0.0000    0.0000         8
     材料科学与工程     0.0000    0.0000    0.0000         8
         统计学     0.0000    0.0000    0.0000         8
          化学     0.0000    0.0000    0.0000         8
     食品科学与工程     0.0000    0.0000    0.0000         8
          水产     0.0000    0.0000    0.0000         7
          药学     0.0000    0.0000    0.0000         7
     农业资源与环境     0.0000    0.0000    0.0000         7
         世界史     0.0000    0.0000    0.0000         7
        系统科学     0.0000    0.0000    0.0000         7
      农林经济管理     0.0000    0.0000    0.0000         5
       军队指挥学     0.0000    0.0000    0.0000         5
        矿业工程     0.0000    0.0000    0.0000         5
     纺织科学与工程     0.0000    0.0000    0.0000         5
  动力工程及工程热物理     0.0000    0.0000    0.0000         4
        林业工程     0.0000    0.0000    0.0000         4
     仪器科学与技术     0.0000    0.0000    0.0000         3
         战略学     0.0000    0.0000    0.0000         3
   地质资源与地质工程     0.0000    0.0000    0.0000         3
        旅游管理     0.0000    0.0000    0.0000         3
 图书馆、情报与档案管理     0.0000    0.0000    0.0000         2
        冶金工程     0.0000    0.0000    0.0000         2
      核科学与技术     0.0000    0.0000    0.0000         2

   micro avg     0.8617    0.5742    0.6892      3093
   macro avg     0.3954    0.2696    0.3065      3093
weighted avg     0.7487    0.5742    0.6350      3093
 samples avg     0.6730    0.5877    0.6154      3093

