  0%|          | 0/82 [00:00<?, ?it/s]100%|██████████| 82/82 [00:00<00:00, 1091850.57it/s]
Vocabulary file line 344 has bad format token
Vocabulary Size:  21128
[BertClassifier] use visible_matrix: True
Some weights of the model checkpoint at ./models/bert were not used when initializing BertRCNNForMultiLabelSequenceClassification: ['cls.predictions.bias', 'cls.seq_relationship.weight', 'cls.predictions.transform.dense.weight', 'bert.pooler.dense.bias', 'cls.seq_relationship.bias', 'cls.predictions.transform.dense.bias', 'cls.predictions.transform.LayerNorm.weight', 'cls.predictions.transform.LayerNorm.bias', 'bert.pooler.dense.weight', 'cls.predictions.decoder.weight']
- This IS expected if you are initializing BertRCNNForMultiLabelSequenceClassification from the checkpoint of a model trained on another task or with another architecture (e.g. initializing a BertForSequenceClassification model from a BertForPreTraining model).
- This IS NOT expected if you are initializing BertRCNNForMultiLabelSequenceClassification from the checkpoint of a model that you expect to be exactly identical (initializing a BertForSequenceClassification model from a BertForSequenceClassification model).
Some weights of BertRCNNForMultiLabelSequenceClassification were not initialized from the model checkpoint at ./models/bert and are newly initialized: ['lstm.bias_ih_l0_reverse', 'classifier.bias', 'lstm.weight_ih_l0_reverse', 'lstm.weight_hh_l0_reverse', 'lstm.weight_ih_l0', 'lstm.bias_hh_l0', 'output_layer_1.weight', 'lstm.bias_ih_l1_reverse', 'lstm.weight_ih_l1', 'lstm.weight_hh_l1_reverse', 'lstm.weight_hh_l1', 'lstm.weight_ih_l1_reverse', 'lstm.bias_ih_l1', 'lstm.weight_hh_l0', 'classifier.weight', 'lstm.bias_hh_l0_reverse', 'lstm.bias_hh_l1', 'output_layer_1.bias', 'lstm.bias_ih_l0', 'lstm.bias_hh_l1_reverse']
You should probably TRAIN this model on a down-stream task to be able to use it for predictions and inference.
1 GPUs are available. Let's use them.
device:  cuda
[KnowledgeGraph] Loading spo from /home/lyq2021/experiment/K-BERT-HUGGINGFACE/brain/kgs/CnDbpedia.spo
Start training.
Loading sentences from ./datasets/book_multilabels_task/train.tsv
There are 9098 sentence in total. We use 1 processes to inject knowledge into sentences.
Progress of process 0: 0/9098
Loading sentences from ./datasets/book_multilabels_task/dev.tsv
There are 2084 sentence in total. We use 1 processes to inject knowledge into sentences.
Progress of process 0: 0/2084
Loading sentences from ./datasets/book_multilabels_task/test.tsv
There are 2067 sentence in total. We use 1 processes to inject knowledge into sentences.
Progress of process 0: 0/2067
Epoch id: 1, Training steps: 100, Avg loss: 0.100, Time: 0:00:47
Epoch id: 1, Training steps: 200, Avg loss: 0.083, Time: 0:01:34
Epoch id: 1, Training steps: 300, Avg loss: 0.082, Time: 0:02:22
Epoch id: 1, Training steps: 400, Avg loss: 0.063, Time: 0:03:10
Epoch id: 1, Training steps: 500, Avg loss: 0.051, Time: 0:03:58
Epoch id: 1, Training steps: 600, Avg loss: 0.042, Time: 0:04:46
Epoch id: 1, Training steps: 700, Avg loss: 0.045, Time: 0:05:35
Start evaluation on dev dataset.
/home/lyq2021/.conda/envs/lyq2021/lib/python3.10/site-packages/sklearn/metrics/_classification.py:1344: UndefinedMetricWarning: Precision is ill-defined and being set to 0.0 in samples with no predicted labels. Use `zero_division` parameter to control this behavior.
  _warn_prf(average, modifier, msg_start, len(result))
Acc. (Correct/Total): 20.97%% Prec: 0.3109 F1: 0.2803
Start evaluation on test dataset.
torch.Size([3, 512])
/home/lyq2021/.conda/envs/lyq2021/lib/python3.10/site-packages/sklearn/metrics/_classification.py:1344: UndefinedMetricWarning: Precision is ill-defined and being set to 0.0 in samples with no predicted labels. Use `zero_division` parameter to control this behavior.
  _warn_prf(average, modifier, msg_start, len(result))
Acc. (Correct/Total): 24.67%% Prec: 0.3445 F1: 0.3138
Epoch id: 2, Training steps: 100, Avg loss: 0.043, Time: 0:07:50
Epoch id: 2, Training steps: 200, Avg loss: 0.030, Time: 0:08:38
Epoch id: 2, Training steps: 300, Avg loss: 0.032, Time: 0:09:26
Epoch id: 2, Training steps: 400, Avg loss: 0.029, Time: 0:10:14
Epoch id: 2, Training steps: 500, Avg loss: 0.025, Time: 0:11:02
Epoch id: 2, Training steps: 600, Avg loss: 0.040, Time: 0:11:51
Epoch id: 2, Training steps: 700, Avg loss: 0.022, Time: 0:12:39
Start evaluation on dev dataset.
/home/lyq2021/.conda/envs/lyq2021/lib/python3.10/site-packages/sklearn/metrics/_classification.py:1344: UndefinedMetricWarning: Precision is ill-defined and being set to 0.0 in samples with no predicted labels. Use `zero_division` parameter to control this behavior.
  _warn_prf(average, modifier, msg_start, len(result))
Acc. (Correct/Total): 35.51%% Prec: 0.5362 F1: 0.4797
Start evaluation on test dataset.
torch.Size([3, 512])
/home/lyq2021/.conda/envs/lyq2021/lib/python3.10/site-packages/sklearn/metrics/_classification.py:1344: UndefinedMetricWarning: Precision is ill-defined and being set to 0.0 in samples with no predicted labels. Use `zero_division` parameter to control this behavior.
  _warn_prf(average, modifier, msg_start, len(result))
Acc. (Correct/Total): 39.33%% Prec: 0.5731 F1: 0.5171
Epoch id: 3, Training steps: 100, Avg loss: 0.018, Time: 0:14:55
Epoch id: 3, Training steps: 200, Avg loss: 0.024, Time: 0:15:43
Epoch id: 3, Training steps: 300, Avg loss: 0.031, Time: 0:16:31
Epoch id: 3, Training steps: 400, Avg loss: 0.010, Time: 0:17:19
Epoch id: 3, Training steps: 500, Avg loss: 0.020, Time: 0:18:08
Epoch id: 3, Training steps: 600, Avg loss: 0.019, Time: 0:18:56
Epoch id: 3, Training steps: 700, Avg loss: 0.019, Time: 0:19:44
Start evaluation on dev dataset.
/home/lyq2021/.conda/envs/lyq2021/lib/python3.10/site-packages/sklearn/metrics/_classification.py:1344: UndefinedMetricWarning: Precision is ill-defined and being set to 0.0 in samples with no predicted labels. Use `zero_division` parameter to control this behavior.
  _warn_prf(average, modifier, msg_start, len(result))
Acc. (Correct/Total): 41.36%% Prec: 0.6125 F1: 0.5496
Start evaluation on test dataset.
torch.Size([3, 512])
/home/lyq2021/.conda/envs/lyq2021/lib/python3.10/site-packages/sklearn/metrics/_classification.py:1344: UndefinedMetricWarning: Precision is ill-defined and being set to 0.0 in samples with no predicted labels. Use `zero_division` parameter to control this behavior.
  _warn_prf(average, modifier, msg_start, len(result))
Acc. (Correct/Total): 47.75%% Prec: 0.6662 F1: 0.6095
Epoch id: 4, Training steps: 100, Avg loss: 0.015, Time: 0:22:00
Epoch id: 4, Training steps: 200, Avg loss: 0.022, Time: 0:22:48
Epoch id: 4, Training steps: 300, Avg loss: 0.017, Time: 0:23:36
Epoch id: 4, Training steps: 400, Avg loss: 0.013, Time: 0:24:25
Epoch id: 4, Training steps: 500, Avg loss: 0.013, Time: 0:25:13
Epoch id: 4, Training steps: 600, Avg loss: 0.007, Time: 0:26:01
Epoch id: 4, Training steps: 700, Avg loss: 0.017, Time: 0:26:49
Start evaluation on dev dataset.
/home/lyq2021/.conda/envs/lyq2021/lib/python3.10/site-packages/sklearn/metrics/_classification.py:1344: UndefinedMetricWarning: Precision is ill-defined and being set to 0.0 in samples with no predicted labels. Use `zero_division` parameter to control this behavior.
  _warn_prf(average, modifier, msg_start, len(result))
Acc. (Correct/Total): 47.41%% Prec: 0.6770 F1: 0.6221
Start evaluation on test dataset.
torch.Size([3, 512])
/home/lyq2021/.conda/envs/lyq2021/lib/python3.10/site-packages/sklearn/metrics/_classification.py:1344: UndefinedMetricWarning: Precision is ill-defined and being set to 0.0 in samples with no predicted labels. Use `zero_division` parameter to control this behavior.
  _warn_prf(average, modifier, msg_start, len(result))
Acc. (Correct/Total): 52.64%% Prec: 0.7263 F1: 0.6695
Epoch id: 5, Training steps: 100, Avg loss: 0.009, Time: 0:29:05
Epoch id: 5, Training steps: 200, Avg loss: 0.008, Time: 0:29:53
Epoch id: 5, Training steps: 300, Avg loss: 0.008, Time: 0:30:41
Epoch id: 5, Training steps: 400, Avg loss: 0.012, Time: 0:31:30
Epoch id: 5, Training steps: 500, Avg loss: 0.017, Time: 0:32:18
Epoch id: 5, Training steps: 600, Avg loss: 0.019, Time: 0:33:06
Epoch id: 5, Training steps: 700, Avg loss: 0.012, Time: 0:33:54
Start evaluation on dev dataset.
/home/lyq2021/.conda/envs/lyq2021/lib/python3.10/site-packages/sklearn/metrics/_classification.py:1344: UndefinedMetricWarning: Precision is ill-defined and being set to 0.0 in samples with no predicted labels. Use `zero_division` parameter to control this behavior.
  _warn_prf(average, modifier, msg_start, len(result))
Acc. (Correct/Total): 50.77%% Prec: 0.7082 F1: 0.6542
Start evaluation on test dataset.
torch.Size([3, 512])
/home/lyq2021/.conda/envs/lyq2021/lib/python3.10/site-packages/sklearn/metrics/_classification.py:1344: UndefinedMetricWarning: Precision is ill-defined and being set to 0.0 in samples with no predicted labels. Use `zero_division` parameter to control this behavior.
  _warn_prf(average, modifier, msg_start, len(result))
Acc. (Correct/Total): 57.09%% Prec: 0.7646 F1: 0.7083
Epoch id: 6, Training steps: 100, Avg loss: 0.005, Time: 0:36:10
Epoch id: 6, Training steps: 200, Avg loss: 0.010, Time: 0:36:58
Epoch id: 6, Training steps: 300, Avg loss: 0.007, Time: 0:37:47
Epoch id: 6, Training steps: 400, Avg loss: 0.008, Time: 0:38:35
Epoch id: 6, Training steps: 500, Avg loss: 0.017, Time: 0:39:23
Epoch id: 6, Training steps: 600, Avg loss: 0.007, Time: 0:40:11
Epoch id: 6, Training steps: 700, Avg loss: 0.012, Time: 0:40:59
Start evaluation on dev dataset.
/home/lyq2021/.conda/envs/lyq2021/lib/python3.10/site-packages/sklearn/metrics/_classification.py:1344: UndefinedMetricWarning: Precision is ill-defined and being set to 0.0 in samples with no predicted labels. Use `zero_division` parameter to control this behavior.
  _warn_prf(average, modifier, msg_start, len(result))
Acc. (Correct/Total): 52.59%% Prec: 0.7180 F1: 0.6696
Start evaluation on test dataset.
torch.Size([3, 512])
/home/lyq2021/.conda/envs/lyq2021/lib/python3.10/site-packages/sklearn/metrics/_classification.py:1344: UndefinedMetricWarning: Precision is ill-defined and being set to 0.0 in samples with no predicted labels. Use `zero_division` parameter to control this behavior.
  _warn_prf(average, modifier, msg_start, len(result))
Acc. (Correct/Total): 57.09%% Prec: 0.7562 F1: 0.7059
Epoch id: 7, Training steps: 100, Avg loss: 0.008, Time: 0:43:15
Epoch id: 7, Training steps: 200, Avg loss: 0.004, Time: 0:44:03
Epoch id: 7, Training steps: 300, Avg loss: 0.003, Time: 0:44:51
Epoch id: 7, Training steps: 400, Avg loss: 0.005, Time: 0:45:40
Epoch id: 7, Training steps: 500, Avg loss: 0.014, Time: 0:46:28
Epoch id: 7, Training steps: 600, Avg loss: 0.005, Time: 0:47:16
Epoch id: 7, Training steps: 700, Avg loss: 0.005, Time: 0:48:04
Start evaluation on dev dataset.
/home/lyq2021/.conda/envs/lyq2021/lib/python3.10/site-packages/sklearn/metrics/_classification.py:1344: UndefinedMetricWarning: Precision is ill-defined and being set to 0.0 in samples with no predicted labels. Use `zero_division` parameter to control this behavior.
  _warn_prf(average, modifier, msg_start, len(result))
Acc. (Correct/Total): 50.91%% Prec: 0.7025 F1: 0.6554
Epoch id: 8, Training steps: 100, Avg loss: 0.005, Time: 0:49:50
Epoch id: 8, Training steps: 200, Avg loss: 0.007, Time: 0:50:38
Epoch id: 8, Training steps: 300, Avg loss: 0.007, Time: 0:51:26
Epoch id: 8, Training steps: 400, Avg loss: 0.005, Time: 0:52:14
Epoch id: 8, Training steps: 500, Avg loss: 0.005, Time: 0:53:02
Epoch id: 8, Training steps: 600, Avg loss: 0.008, Time: 0:53:50
Epoch id: 8, Training steps: 700, Avg loss: 0.006, Time: 0:54:38
Start evaluation on dev dataset.
/home/lyq2021/.conda/envs/lyq2021/lib/python3.10/site-packages/sklearn/metrics/_classification.py:1344: UndefinedMetricWarning: Precision is ill-defined and being set to 0.0 in samples with no predicted labels. Use `zero_division` parameter to control this behavior.
  _warn_prf(average, modifier, msg_start, len(result))
Acc. (Correct/Total): 55.81%% Prec: 0.7475 F1: 0.7029
Start evaluation on test dataset.
torch.Size([3, 512])
/home/lyq2021/.conda/envs/lyq2021/lib/python3.10/site-packages/sklearn/metrics/_classification.py:1344: UndefinedMetricWarning: Precision is ill-defined and being set to 0.0 in samples with no predicted labels. Use `zero_division` parameter to control this behavior.
  _warn_prf(average, modifier, msg_start, len(result))
Acc. (Correct/Total): 59.94%% Prec: 0.7740 F1: 0.7311
Epoch id: 9, Training steps: 100, Avg loss: 0.003, Time: 0:56:55
Epoch id: 9, Training steps: 200, Avg loss: 0.004, Time: 0:57:43
Epoch id: 9, Training steps: 300, Avg loss: 0.017, Time: 0:58:31
Epoch id: 9, Training steps: 400, Avg loss: 0.010, Time: 0:59:19
Epoch id: 9, Training steps: 500, Avg loss: 0.007, Time: 1:00:07
Epoch id: 9, Training steps: 600, Avg loss: 0.002, Time: 1:00:55
Epoch id: 9, Training steps: 700, Avg loss: 0.005, Time: 1:01:43
Start evaluation on dev dataset.
/home/lyq2021/.conda/envs/lyq2021/lib/python3.10/site-packages/sklearn/metrics/_classification.py:1344: UndefinedMetricWarning: Precision is ill-defined and being set to 0.0 in samples with no predicted labels. Use `zero_division` parameter to control this behavior.
  _warn_prf(average, modifier, msg_start, len(result))
Acc. (Correct/Total): 54.37%% Prec: 0.7247 F1: 0.6859
Epoch id: 10, Training steps: 100, Avg loss: 0.003, Time: 1:03:29
Epoch id: 10, Training steps: 200, Avg loss: 0.005, Time: 1:04:17
Epoch id: 10, Training steps: 300, Avg loss: 0.002, Time: 1:05:05
Epoch id: 10, Training steps: 400, Avg loss: 0.006, Time: 1:05:53
Epoch id: 10, Training steps: 500, Avg loss: 0.003, Time: 1:06:41
Epoch id: 10, Training steps: 600, Avg loss: 0.005, Time: 1:07:29
Epoch id: 10, Training steps: 700, Avg loss: 0.002, Time: 1:08:17
Start evaluation on dev dataset.
/home/lyq2021/.conda/envs/lyq2021/lib/python3.10/site-packages/sklearn/metrics/_classification.py:1344: UndefinedMetricWarning: Precision is ill-defined and being set to 0.0 in samples with no predicted labels. Use `zero_division` parameter to control this behavior.
  _warn_prf(average, modifier, msg_start, len(result))
Acc. (Correct/Total): 53.93%% Prec: 0.7195 F1: 0.6821
Epoch id: 11, Training steps: 100, Avg loss: 0.003, Time: 1:10:03
Epoch id: 11, Training steps: 200, Avg loss: 0.003, Time: 1:10:51
Epoch id: 11, Training steps: 300, Avg loss: 0.002, Time: 1:11:39
Epoch id: 11, Training steps: 400, Avg loss: 0.003, Time: 1:12:27
Epoch id: 11, Training steps: 500, Avg loss: 0.002, Time: 1:13:15
Epoch id: 11, Training steps: 600, Avg loss: 0.004, Time: 1:14:03
Epoch id: 11, Training steps: 700, Avg loss: 0.003, Time: 1:14:51
Start evaluation on dev dataset.
/home/lyq2021/.conda/envs/lyq2021/lib/python3.10/site-packages/sklearn/metrics/_classification.py:1344: UndefinedMetricWarning: Precision is ill-defined and being set to 0.0 in samples with no predicted labels. Use `zero_division` parameter to control this behavior.
  _warn_prf(average, modifier, msg_start, len(result))
Acc. (Correct/Total): 55.37%% Prec: 0.7451 F1: 0.7025
Epoch id: 12, Training steps: 100, Avg loss: 0.001, Time: 1:16:37
Epoch id: 12, Training steps: 200, Avg loss: 0.006, Time: 1:17:25
Epoch id: 12, Training steps: 300, Avg loss: 0.006, Time: 1:18:13
Epoch id: 12, Training steps: 400, Avg loss: 0.005, Time: 1:19:01
Epoch id: 12, Training steps: 500, Avg loss: 0.002, Time: 1:19:49
Epoch id: 12, Training steps: 600, Avg loss: 0.002, Time: 1:20:37
Epoch id: 12, Training steps: 700, Avg loss: 0.005, Time: 1:21:25
Start evaluation on dev dataset.
/home/lyq2021/.conda/envs/lyq2021/lib/python3.10/site-packages/sklearn/metrics/_classification.py:1344: UndefinedMetricWarning: Precision is ill-defined and being set to 0.0 in samples with no predicted labels. Use `zero_division` parameter to control this behavior.
  _warn_prf(average, modifier, msg_start, len(result))
Acc. (Correct/Total): 55.33%% Prec: 0.7394 F1: 0.6981
Epoch id: 13, Training steps: 100, Avg loss: 0.006, Time: 1:23:11
Epoch id: 13, Training steps: 200, Avg loss: 0.003, Time: 1:23:59
Epoch id: 13, Training steps: 300, Avg loss: 0.001, Time: 1:24:47
Epoch id: 13, Training steps: 400, Avg loss: 0.001, Time: 1:25:35
Epoch id: 13, Training steps: 500, Avg loss: 0.002, Time: 1:26:24
Epoch id: 13, Training steps: 600, Avg loss: 0.003, Time: 1:27:12
Epoch id: 13, Training steps: 700, Avg loss: 0.002, Time: 1:28:00
Start evaluation on dev dataset.
/home/lyq2021/.conda/envs/lyq2021/lib/python3.10/site-packages/sklearn/metrics/_classification.py:1344: UndefinedMetricWarning: Precision is ill-defined and being set to 0.0 in samples with no predicted labels. Use `zero_division` parameter to control this behavior.
  _warn_prf(average, modifier, msg_start, len(result))
Acc. (Correct/Total): 55.71%% Prec: 0.7481 F1: 0.7115
Epoch id: 14, Training steps: 100, Avg loss: 0.001, Time: 1:29:45
Epoch id: 14, Training steps: 200, Avg loss: 0.004, Time: 1:30:33
Epoch id: 14, Training steps: 300, Avg loss: 0.004, Time: 1:31:21
Epoch id: 14, Training steps: 400, Avg loss: 0.002, Time: 1:32:10
Epoch id: 14, Training steps: 500, Avg loss: 0.000, Time: 1:32:58
Epoch id: 14, Training steps: 600, Avg loss: 0.006, Time: 1:33:46
Epoch id: 14, Training steps: 700, Avg loss: 0.002, Time: 1:34:34
Start evaluation on dev dataset.
/home/lyq2021/.conda/envs/lyq2021/lib/python3.10/site-packages/sklearn/metrics/_classification.py:1344: UndefinedMetricWarning: Precision is ill-defined and being set to 0.0 in samples with no predicted labels. Use `zero_division` parameter to control this behavior.
  _warn_prf(average, modifier, msg_start, len(result))
Acc. (Correct/Total): 54.13%% Prec: 0.7252 F1: 0.6876
Epoch id: 15, Training steps: 100, Avg loss: 0.002, Time: 1:36:19
Epoch id: 15, Training steps: 200, Avg loss: 0.004, Time: 1:37:07
Epoch id: 15, Training steps: 300, Avg loss: 0.003, Time: 1:37:55
Epoch id: 15, Training steps: 400, Avg loss: 0.004, Time: 1:38:43
Epoch id: 15, Training steps: 500, Avg loss: 0.001, Time: 1:39:32
Epoch id: 15, Training steps: 600, Avg loss: 0.001, Time: 1:40:20
Epoch id: 15, Training steps: 700, Avg loss: 0.002, Time: 1:41:08
Start evaluation on dev dataset.
/home/lyq2021/.conda/envs/lyq2021/lib/python3.10/site-packages/sklearn/metrics/_classification.py:1344: UndefinedMetricWarning: Precision is ill-defined and being set to 0.0 in samples with no predicted labels. Use `zero_division` parameter to control this behavior.
  _warn_prf(average, modifier, msg_start, len(result))
Acc. (Correct/Total): 55.23%% Prec: 0.7358 F1: 0.7052
Epoch id: 16, Training steps: 100, Avg loss: 0.001, Time: 1:42:53
Epoch id: 16, Training steps: 200, Avg loss: 0.002, Time: 1:43:42
Epoch id: 16, Training steps: 300, Avg loss: 0.002, Time: 1:44:30
Epoch id: 16, Training steps: 400, Avg loss: 0.002, Time: 1:45:18
Epoch id: 16, Training steps: 500, Avg loss: 0.001, Time: 1:46:06
Epoch id: 16, Training steps: 600, Avg loss: 0.002, Time: 1:46:54
Epoch id: 16, Training steps: 700, Avg loss: 0.001, Time: 1:47:42
Start evaluation on dev dataset.
/home/lyq2021/.conda/envs/lyq2021/lib/python3.10/site-packages/sklearn/metrics/_classification.py:1344: UndefinedMetricWarning: Precision is ill-defined and being set to 0.0 in samples with no predicted labels. Use `zero_division` parameter to control this behavior.
  _warn_prf(average, modifier, msg_start, len(result))
Acc. (Correct/Total): 55.13%% Prec: 0.7477 F1: 0.7196
Epoch id: 17, Training steps: 100, Avg loss: 0.002, Time: 1:49:28
Epoch id: 17, Training steps: 200, Avg loss: 0.004, Time: 1:50:16
Epoch id: 17, Training steps: 300, Avg loss: 0.003, Time: 1:51:04
Epoch id: 17, Training steps: 400, Avg loss: 0.001, Time: 1:51:52
Epoch id: 17, Training steps: 500, Avg loss: 0.001, Time: 1:52:40
Epoch id: 17, Training steps: 600, Avg loss: 0.002, Time: 1:53:28
Epoch id: 17, Training steps: 700, Avg loss: 0.001, Time: 1:54:16
Start evaluation on dev dataset.
/home/lyq2021/.conda/envs/lyq2021/lib/python3.10/site-packages/sklearn/metrics/_classification.py:1344: UndefinedMetricWarning: Precision is ill-defined and being set to 0.0 in samples with no predicted labels. Use `zero_division` parameter to control this behavior.
  _warn_prf(average, modifier, msg_start, len(result))
Acc. (Correct/Total): 56.33%% Prec: 0.7544 F1: 0.7204
Start evaluation on test dataset.
torch.Size([3, 512])
/home/lyq2021/.conda/envs/lyq2021/lib/python3.10/site-packages/sklearn/metrics/_classification.py:1344: UndefinedMetricWarning: Precision is ill-defined and being set to 0.0 in samples with no predicted labels. Use `zero_division` parameter to control this behavior.
  _warn_prf(average, modifier, msg_start, len(result))
Acc. (Correct/Total): 60.91%% Prec: 0.7898 F1: 0.7560
Epoch id: 18, Training steps: 100, Avg loss: 0.002, Time: 1:56:32
Epoch id: 18, Training steps: 200, Avg loss: 0.000, Time: 1:57:21
Epoch id: 18, Training steps: 300, Avg loss: 0.001, Time: 1:58:09
Epoch id: 18, Training steps: 400, Avg loss: 0.001, Time: 1:58:57
Epoch id: 18, Training steps: 500, Avg loss: 0.002, Time: 1:59:45
Epoch id: 18, Training steps: 600, Avg loss: 0.001, Time: 2:00:33
Epoch id: 18, Training steps: 700, Avg loss: 0.001, Time: 2:01:21
Start evaluation on dev dataset.
/home/lyq2021/.conda/envs/lyq2021/lib/python3.10/site-packages/sklearn/metrics/_classification.py:1344: UndefinedMetricWarning: Precision is ill-defined and being set to 0.0 in samples with no predicted labels. Use `zero_division` parameter to control this behavior.
  _warn_prf(average, modifier, msg_start, len(result))
Acc. (Correct/Total): 53.79%% Prec: 0.7271 F1: 0.6907
Epoch id: 19, Training steps: 100, Avg loss: 0.000, Time: 2:03:07
Epoch id: 19, Training steps: 200, Avg loss: 0.008, Time: 2:03:55
Epoch id: 19, Training steps: 300, Avg loss: 0.001, Time: 2:04:43
Epoch id: 19, Training steps: 400, Avg loss: 0.000, Time: 2:05:31
Epoch id: 19, Training steps: 500, Avg loss: 0.010, Time: 2:06:19
Epoch id: 19, Training steps: 600, Avg loss: 0.001, Time: 2:07:07
Epoch id: 19, Training steps: 700, Avg loss: 0.000, Time: 2:07:55
Start evaluation on dev dataset.
/home/lyq2021/.conda/envs/lyq2021/lib/python3.10/site-packages/sklearn/metrics/_classification.py:1344: UndefinedMetricWarning: Precision is ill-defined and being set to 0.0 in samples with no predicted labels. Use `zero_division` parameter to control this behavior.
  _warn_prf(average, modifier, msg_start, len(result))
Acc. (Correct/Total): 55.85%% Prec: 0.7386 F1: 0.7126
Epoch id: 20, Training steps: 100, Avg loss: 0.001, Time: 2:09:41
Epoch id: 20, Training steps: 200, Avg loss: 0.001, Time: 2:10:29
Epoch id: 20, Training steps: 300, Avg loss: 0.001, Time: 2:11:17
Epoch id: 20, Training steps: 400, Avg loss: 0.001, Time: 2:12:05
Epoch id: 20, Training steps: 500, Avg loss: 0.000, Time: 2:12:53
Epoch id: 20, Training steps: 600, Avg loss: 0.001, Time: 2:13:41
Epoch id: 20, Training steps: 700, Avg loss: 0.010, Time: 2:14:29
Start evaluation on dev dataset.
/home/lyq2021/.conda/envs/lyq2021/lib/python3.10/site-packages/sklearn/metrics/_classification.py:1344: UndefinedMetricWarning: Precision is ill-defined and being set to 0.0 in samples with no predicted labels. Use `zero_division` parameter to control this behavior.
  _warn_prf(average, modifier, msg_start, len(result))
Acc. (Correct/Total): 54.27%% Prec: 0.7266 F1: 0.6889
Final evaluation on the test dataset.
The number of evaluation instances:  2067
torch.Size([3, 512])
/home/lyq2021/.conda/envs/lyq2021/lib/python3.10/site-packages/sklearn/metrics/_classification.py:1344: UndefinedMetricWarning: Precision is ill-defined and being set to 0.0 in samples with no predicted labels. Use `zero_division` parameter to control this behavior.
  _warn_prf(average, modifier, msg_start, len(result))
/home/lyq2021/.conda/envs/lyq2021/lib/python3.10/site-packages/sklearn/metrics/_classification.py:1344: UndefinedMetricWarning: Precision and F-score are ill-defined and being set to 0.0 in labels with no predicted samples. Use `zero_division` parameter to control this behavior.
  _warn_prf(average, modifier, msg_start, len(result))
/home/lyq2021/.conda/envs/lyq2021/lib/python3.10/site-packages/sklearn/metrics/_classification.py:1344: UndefinedMetricWarning: Precision and F-score are ill-defined and being set to 0.0 in samples with no predicted labels. Use `zero_division` parameter to control this behavior.
  _warn_prf(average, modifier, msg_start, len(result))
Acc. (Correct/Total): 60.91% Prec: 0.7898 F1: 0.7560
Precision, Recall and F1-Score...
              precision    recall  f1-score   support

         教育学     0.8401    0.9378    0.8863       241
          法学     0.8419    0.8795    0.8603       224
      中国语言文学     0.8448    0.7946    0.8189       185
         政治学     0.7609    0.6442    0.6977       163
         社会学     0.8611    0.7898    0.8239       157
         心理学     0.8953    0.6260    0.7368       123
       应用经济学     0.7470    0.5299    0.6200       117
         历史学     1.0000    0.4495    0.6203       109
     环境科学与工程     0.8407    0.8796    0.8597       108
          哲学     0.8889    0.4948    0.6358        97
      外国语言文学     0.8000    0.7529    0.7758        85
         生物学     0.7727    0.8608    0.8144        79
      交通运输工程     0.8690    0.9359    0.9012        78
        临床医学     0.8429    0.7763    0.8082        76
    计算机科学与技术     0.7206    0.6901    0.7050        71
        土木工程     0.8421    0.9697    0.9014        66
   航空宇航科学与技术     0.9206    0.9508    0.9355        61
         民族学     0.5472    0.5273    0.5370        55
   公共卫生与预防医学     0.5370    0.5686    0.5524        51
         美术学     0.8889    0.9600    0.9231        50
         艺术学     0.7857    0.7674    0.7765        43
         地理学     0.8462    0.7857    0.8148        42
         体育学     0.8400    0.5250    0.6462        40
       理论经济学     0.8000    0.6316    0.7059        38
         中医学     0.9143    0.8649    0.8889        37
         物理学     0.7750    0.8611    0.8158        36
          林学     0.8500    0.5152    0.6415        33
          数学     0.8182    0.5625    0.6667        32
     电子科学与技术     0.6471    0.3548    0.4583        31
        基础医学     0.6667    0.3448    0.4545        29
        工商管理     0.8421    0.5926    0.6957        27
       新闻传播学     0.8125    0.5909    0.6842        22
         天文学     0.7200    0.8182    0.7660        22
         地质学     0.7619    0.7619    0.7619        21
         畜牧学     0.8636    0.9048    0.8837        21
   军事思想及军事历史     0.6800    0.8500    0.7556        20
     管理科学与工程     0.6190    0.7222    0.6667        18
     测绘科学与技术     0.6818    0.8824    0.7692        17
        水利工程     0.8462    0.6875    0.7586        16
        大气科学     0.8125    0.8125    0.8125        16
     兵器科学与技术     0.6000    0.8000    0.6857        15
       地球物理学     0.7000    0.5000    0.5833        14
        电气工程     0.5714    0.6154    0.5926        13
         作物学     0.7273    0.6154    0.6667        13
     控制科学与工程     0.4545    0.3846    0.4167        13
     信息与通信工程     0.6667    0.7692    0.7143        13
        公共管理     0.2500    0.0769    0.1176        13
         建筑学     0.5714    0.3077    0.4000        13
     化学工程与技术     0.8462    0.9167    0.8800        12
          力学     0.7273    0.7273    0.7273        11
        海洋科学     0.8889    0.7273    0.8000        11
     轻工技术与工程     0.5000    0.5455    0.5217        11
        农业工程     1.0000    0.7000    0.8235        10
         园艺学     0.8182    0.9000    0.8571        10
       中西医结合     1.0000    0.4000    0.5714        10
        机械工程     1.0000    0.5556    0.7143         9
       科学技术史     0.8333    0.6250    0.7143         8
     船舶与海洋工程     0.8750    0.8750    0.8750         8
   图书情报与档案管理     0.6667    0.5000    0.5714         8
        植物保护     0.8750    0.8750    0.8750         8
     材料科学与工程     0.8000    0.5000    0.6154         8
         统计学     0.6000    0.7500    0.6667         8
          化学     0.8571    0.7500    0.8000         8
     食品科学与工程     1.0000    0.6250    0.7692         8
          水产     0.7000    1.0000    0.8235         7
          药学     1.0000    0.8571    0.9231         7
     农业资源与环境     1.0000    0.7143    0.8333         7
         世界史     1.0000    0.8571    0.9231         7
        系统科学     0.6667    0.8571    0.7500         7
      农林经济管理     0.5000    0.8000    0.6154         5
       军队指挥学     1.0000    0.4000    0.5714         5
        矿业工程     0.5000    0.6000    0.5455         5
     纺织科学与工程     0.7143    1.0000    0.8333         5
  动力工程及工程热物理     0.0000    0.0000    0.0000         4
        林业工程     0.5000    0.5000    0.5000         4
     仪器科学与技术     0.0000    0.0000    0.0000         3
         战略学     1.0000    0.3333    0.5000         3
   地质资源与地质工程     0.7500    1.0000    0.8571         3
        旅游管理     1.0000    0.6667    0.8000         3
 图书馆、情报与档案管理     1.0000    0.5000    0.6667         2
        冶金工程     1.0000    0.5000    0.6667         2
      核科学与技术     1.0000    0.5000    0.6667         2

   micro avg     0.8054    0.7320    0.7669      3093
   macro avg     0.7683    0.6705    0.6984      3093
weighted avg     0.8089    0.7320    0.7572      3093
 samples avg     0.7898    0.7502    0.7560      3093

