nohup: 忽略输入
  0%|          | 0/82 [00:00<?, ?it/s]100%|██████████| 82/82 [00:00<00:00, 1081550.09it/s]
Vocabulary file line 344 has bad format token
Vocabulary Size:  21128
[BertClassifier] use visible_matrix: True
Some weights of the model checkpoint at ./models/bert were not used when initializing BertForMultiLabelSequenceClassification: ['cls.seq_relationship.bias', 'cls.seq_relationship.weight', 'bert.pooler.dense.bias', 'bert.pooler.dense.weight', 'cls.predictions.decoder.weight', 'cls.predictions.transform.dense.bias', 'cls.predictions.transform.LayerNorm.bias', 'cls.predictions.transform.dense.weight', 'cls.predictions.bias', 'cls.predictions.transform.LayerNorm.weight']
- This IS expected if you are initializing BertForMultiLabelSequenceClassification from the checkpoint of a model trained on another task or with another architecture (e.g. initializing a BertForSequenceClassification model from a BertForPreTraining model).
- This IS NOT expected if you are initializing BertForMultiLabelSequenceClassification from the checkpoint of a model that you expect to be exactly identical (initializing a BertForSequenceClassification model from a BertForSequenceClassification model).
Some weights of BertForMultiLabelSequenceClassification were not initialized from the model checkpoint at ./models/bert and are newly initialized: ['output_layer_2.bias', 'output_layer_1.weight', 'output_layer_1.bias', 'output_layer_2.weight']
You should probably TRAIN this model on a down-stream task to be able to use it for predictions and inference.
1 GPUs are available. Let's use them.
device:  cuda
[KnowledgeGraph] Loading spo from /home/lyq2021/experiment/K-BERT-HUGGINGFACE/brain/kgs/CnDbpedia.spo
Start training.
Loading sentences from ./datasets/book_multilabels_task/train.tsv
There are 9098 sentence in total. We use 1 processes to inject knowledge into sentences.
Progress of process 0: 0/9098
Loading sentences from ./datasets/book_multilabels_task/dev.tsv
There are 2084 sentence in total. We use 1 processes to inject knowledge into sentences.
Progress of process 0: 0/2084
Loading sentences from ./datasets/book_multilabels_task/test.tsv
There are 2067 sentence in total. We use 1 processes to inject knowledge into sentences.
Progress of process 0: 0/2067
Epoch id: 1, Training steps: 100, Avg loss: 0.175, Time: 0:00:28
Epoch id: 1, Training steps: 200, Avg loss: 0.109, Time: 0:00:57
Epoch id: 1, Training steps: 300, Avg loss: 0.095, Time: 0:01:25
Epoch id: 1, Training steps: 400, Avg loss: 0.101, Time: 0:01:54
Epoch id: 1, Training steps: 500, Avg loss: 0.093, Time: 0:02:23
Epoch id: 1, Training steps: 600, Avg loss: 0.086, Time: 0:02:52
Epoch id: 1, Training steps: 700, Avg loss: 0.084, Time: 0:03:21
Epoch id: 1, Training steps: 800, Avg loss: 0.072, Time: 0:03:50
Epoch id: 1, Training steps: 900, Avg loss: 0.079, Time: 0:04:19
Epoch id: 1, Training steps: 1000, Avg loss: 0.077, Time: 0:04:48
Epoch id: 1, Training steps: 1100, Avg loss: 0.063, Time: 0:05:17
Start evaluation on dev dataset.
/home/lyq2021/.conda/envs/lyq2021/lib/python3.10/site-packages/sklearn/metrics/_classification.py:1344: UndefinedMetricWarning: Precision is ill-defined and being set to 0.0 in samples with no predicted labels. Use `zero_division` parameter to control this behavior.
  _warn_prf(average, modifier, msg_start, len(result))
Acc. (Correct/Total): 0.0000 (167799/2084) Prec: 0.0000 F1: 0.0000
Epoch id: 2, Training steps: 100, Avg loss: 0.079, Time: 0:06:22
Epoch id: 2, Training steps: 200, Avg loss: 0.062, Time: 0:06:51
Epoch id: 2, Training steps: 300, Avg loss: 0.059, Time: 0:07:20
Epoch id: 2, Training steps: 400, Avg loss: 0.046, Time: 0:07:49
Epoch id: 2, Training steps: 500, Avg loss: 0.051, Time: 0:08:19
Epoch id: 2, Training steps: 600, Avg loss: 0.047, Time: 0:08:48
Epoch id: 2, Training steps: 700, Avg loss: 0.048, Time: 0:09:17
Epoch id: 2, Training steps: 800, Avg loss: 0.039, Time: 0:09:46
Epoch id: 2, Training steps: 900, Avg loss: 0.055, Time: 0:10:15
Epoch id: 2, Training steps: 1000, Avg loss: 0.040, Time: 0:10:44
Epoch id: 2, Training steps: 1100, Avg loss: 0.039, Time: 0:11:13
Start evaluation on dev dataset.
/home/lyq2021/.conda/envs/lyq2021/lib/python3.10/site-packages/sklearn/metrics/_classification.py:1344: UndefinedMetricWarning: Precision is ill-defined and being set to 0.0 in samples with no predicted labels. Use `zero_division` parameter to control this behavior.
  _warn_prf(average, modifier, msg_start, len(result))
Acc. (Correct/Total): 0.0523 (168041/2084) Prec: 0.1224 F1: 0.0987
Start evaluation on test dataset.
/home/lyq2021/.conda/envs/lyq2021/lib/python3.10/site-packages/sklearn/metrics/_classification.py:1344: UndefinedMetricWarning: Precision is ill-defined and being set to 0.0 in samples with no predicted labels. Use `zero_division` parameter to control this behavior.
  _warn_prf(average, modifier, msg_start, len(result))
Acc. (Correct/Total): 0.0600 (166745/2067) Prec: 0.1684 F1: 0.1317
Epoch id: 3, Training steps: 100, Avg loss: 0.041, Time: 0:12:44
Epoch id: 3, Training steps: 200, Avg loss: 0.028, Time: 0:13:13
Epoch id: 3, Training steps: 300, Avg loss: 0.028, Time: 0:13:42
Epoch id: 3, Training steps: 400, Avg loss: 0.032, Time: 0:14:11
Epoch id: 3, Training steps: 500, Avg loss: 0.044, Time: 0:14:40
Epoch id: 3, Training steps: 600, Avg loss: 0.021, Time: 0:15:09
Epoch id: 3, Training steps: 700, Avg loss: 0.043, Time: 0:15:38
Epoch id: 3, Training steps: 800, Avg loss: 0.049, Time: 0:16:07
Epoch id: 3, Training steps: 900, Avg loss: 0.029, Time: 0:16:36
Epoch id: 3, Training steps: 1000, Avg loss: 0.034, Time: 0:17:05
Epoch id: 3, Training steps: 1100, Avg loss: 0.023, Time: 0:17:34
Start evaluation on dev dataset.
/home/lyq2021/.conda/envs/lyq2021/lib/python3.10/site-packages/sklearn/metrics/_classification.py:1344: UndefinedMetricWarning: Precision is ill-defined and being set to 0.0 in samples with no predicted labels. Use `zero_division` parameter to control this behavior.
  _warn_prf(average, modifier, msg_start, len(result))
Acc. (Correct/Total): 0.1991 (168527/2084) Prec: 0.3414 F1: 0.2953
Start evaluation on test dataset.
/home/lyq2021/.conda/envs/lyq2021/lib/python3.10/site-packages/sklearn/metrics/_classification.py:1344: UndefinedMetricWarning: Precision is ill-defined and being set to 0.0 in samples with no predicted labels. Use `zero_division` parameter to control this behavior.
  _warn_prf(average, modifier, msg_start, len(result))
Acc. (Correct/Total): 0.2206 (167253/2067) Prec: 0.3616 F1: 0.3167
Epoch id: 4, Training steps: 100, Avg loss: 0.030, Time: 0:19:06
Epoch id: 4, Training steps: 200, Avg loss: 0.027, Time: 0:19:35
Epoch id: 4, Training steps: 300, Avg loss: 0.038, Time: 0:20:04
Epoch id: 4, Training steps: 400, Avg loss: 0.023, Time: 0:20:33
Epoch id: 4, Training steps: 500, Avg loss: 0.017, Time: 0:21:02
Epoch id: 4, Training steps: 600, Avg loss: 0.016, Time: 0:21:31
Epoch id: 4, Training steps: 700, Avg loss: 0.018, Time: 0:22:00
Epoch id: 4, Training steps: 800, Avg loss: 0.032, Time: 0:22:28
Epoch id: 4, Training steps: 900, Avg loss: 0.029, Time: 0:22:57
Epoch id: 4, Training steps: 1000, Avg loss: 0.011, Time: 0:23:26
Epoch id: 4, Training steps: 1100, Avg loss: 0.017, Time: 0:23:55
Start evaluation on dev dataset.
/home/lyq2021/.conda/envs/lyq2021/lib/python3.10/site-packages/sklearn/metrics/_classification.py:1344: UndefinedMetricWarning: Precision is ill-defined and being set to 0.0 in samples with no predicted labels. Use `zero_division` parameter to control this behavior.
  _warn_prf(average, modifier, msg_start, len(result))
Acc. (Correct/Total): 0.3493 (168906/2084) Prec: 0.5238 F1: 0.4672
Start evaluation on test dataset.
/home/lyq2021/.conda/envs/lyq2021/lib/python3.10/site-packages/sklearn/metrics/_classification.py:1344: UndefinedMetricWarning: Precision is ill-defined and being set to 0.0 in samples with no predicted labels. Use `zero_division` parameter to control this behavior.
  _warn_prf(average, modifier, msg_start, len(result))
Acc. (Correct/Total): 0.3774 (167643/2067) Prec: 0.5641 F1: 0.5042
Epoch id: 5, Training steps: 100, Avg loss: 0.013, Time: 0:25:28
Epoch id: 5, Training steps: 200, Avg loss: 0.019, Time: 0:25:56
Epoch id: 5, Training steps: 300, Avg loss: 0.024, Time: 0:26:25
Epoch id: 5, Training steps: 400, Avg loss: 0.022, Time: 0:26:54
Epoch id: 5, Training steps: 500, Avg loss: 0.013, Time: 0:27:23
Epoch id: 5, Training steps: 600, Avg loss: 0.023, Time: 0:27:52
Epoch id: 5, Training steps: 700, Avg loss: 0.019, Time: 0:28:21
Epoch id: 5, Training steps: 800, Avg loss: 0.029, Time: 0:28:50
Epoch id: 5, Training steps: 900, Avg loss: 0.024, Time: 0:29:19
Epoch id: 5, Training steps: 1000, Avg loss: 0.007, Time: 0:29:48
Epoch id: 5, Training steps: 1100, Avg loss: 0.011, Time: 0:30:17
Start evaluation on dev dataset.
/home/lyq2021/.conda/envs/lyq2021/lib/python3.10/site-packages/sklearn/metrics/_classification.py:1344: UndefinedMetricWarning: Precision is ill-defined and being set to 0.0 in samples with no predicted labels. Use `zero_division` parameter to control this behavior.
  _warn_prf(average, modifier, msg_start, len(result))
Acc. (Correct/Total): 0.4165 (169042/2084) Prec: 0.6010 F1: 0.5444
Start evaluation on test dataset.
/home/lyq2021/.conda/envs/lyq2021/lib/python3.10/site-packages/sklearn/metrics/_classification.py:1344: UndefinedMetricWarning: Precision is ill-defined and being set to 0.0 in samples with no predicted labels. Use `zero_division` parameter to control this behavior.
  _warn_prf(average, modifier, msg_start, len(result))
Acc. (Correct/Total): 0.4504 (167799/2067) Prec: 0.6335 F1: 0.5766
Epoch id: 6, Training steps: 100, Avg loss: 0.016, Time: 0:31:49
Epoch id: 6, Training steps: 200, Avg loss: 0.014, Time: 0:32:18
Epoch id: 6, Training steps: 300, Avg loss: 0.005, Time: 0:32:48
Epoch id: 6, Training steps: 400, Avg loss: 0.028, Time: 0:33:17
Epoch id: 6, Training steps: 500, Avg loss: 0.012, Time: 0:33:46
Epoch id: 6, Training steps: 600, Avg loss: 0.018, Time: 0:34:15
Epoch id: 6, Training steps: 700, Avg loss: 0.009, Time: 0:34:44
Epoch id: 6, Training steps: 800, Avg loss: 0.011, Time: 0:35:13
Epoch id: 6, Training steps: 900, Avg loss: 0.008, Time: 0:35:42
Epoch id: 6, Training steps: 1000, Avg loss: 0.023, Time: 0:36:11
Epoch id: 6, Training steps: 1100, Avg loss: 0.011, Time: 0:36:40
Start evaluation on dev dataset.
/home/lyq2021/.conda/envs/lyq2021/lib/python3.10/site-packages/sklearn/metrics/_classification.py:1344: UndefinedMetricWarning: Precision is ill-defined and being set to 0.0 in samples with no predicted labels. Use `zero_division` parameter to control this behavior.
  _warn_prf(average, modifier, msg_start, len(result))
Acc. (Correct/Total): 0.4069 (169033/2084) Prec: 0.6204 F1: 0.5549
Epoch id: 7, Training steps: 100, Avg loss: 0.012, Time: 0:37:45
Epoch id: 7, Training steps: 200, Avg loss: 0.007, Time: 0:38:14
Epoch id: 7, Training steps: 300, Avg loss: 0.009, Time: 0:38:43
Epoch id: 7, Training steps: 400, Avg loss: 0.006, Time: 0:39:12
Epoch id: 7, Training steps: 500, Avg loss: 0.018, Time: 0:39:41
Epoch id: 7, Training steps: 600, Avg loss: 0.017, Time: 0:40:10
Epoch id: 7, Training steps: 700, Avg loss: 0.024, Time: 0:40:39
Epoch id: 7, Training steps: 800, Avg loss: 0.018, Time: 0:41:08
Epoch id: 7, Training steps: 900, Avg loss: 0.028, Time: 0:41:37
Epoch id: 7, Training steps: 1000, Avg loss: 0.013, Time: 0:42:06
Epoch id: 7, Training steps: 1100, Avg loss: 0.006, Time: 0:42:35
Start evaluation on dev dataset.
/home/lyq2021/.conda/envs/lyq2021/lib/python3.10/site-packages/sklearn/metrics/_classification.py:1344: UndefinedMetricWarning: Precision is ill-defined and being set to 0.0 in samples with no predicted labels. Use `zero_division` parameter to control this behavior.
  _warn_prf(average, modifier, msg_start, len(result))
Acc. (Correct/Total): 0.4482 (169096/2084) Prec: 0.6308 F1: 0.5783
Start evaluation on test dataset.
/home/lyq2021/.conda/envs/lyq2021/lib/python3.10/site-packages/sklearn/metrics/_classification.py:1344: UndefinedMetricWarning: Precision is ill-defined and being set to 0.0 in samples with no predicted labels. Use `zero_division` parameter to control this behavior.
  _warn_prf(average, modifier, msg_start, len(result))
Acc. (Correct/Total): 0.5051 (167948/2067) Prec: 0.6797 F1: 0.6283
Epoch id: 8, Training steps: 100, Avg loss: 0.012, Time: 0:44:07
Epoch id: 8, Training steps: 200, Avg loss: 0.005, Time: 0:44:36
Epoch id: 8, Training steps: 300, Avg loss: 0.009, Time: 0:45:05
Epoch id: 8, Training steps: 400, Avg loss: 0.002, Time: 0:45:34
Epoch id: 8, Training steps: 500, Avg loss: 0.014, Time: 0:46:03
Epoch id: 8, Training steps: 600, Avg loss: 0.007, Time: 0:46:32
Epoch id: 8, Training steps: 700, Avg loss: 0.011, Time: 0:47:01
Epoch id: 8, Training steps: 800, Avg loss: 0.019, Time: 0:47:30
Epoch id: 8, Training steps: 900, Avg loss: 0.010, Time: 0:47:59
Epoch id: 8, Training steps: 1000, Avg loss: 0.016, Time: 0:48:28
Epoch id: 8, Training steps: 1100, Avg loss: 0.004, Time: 0:48:57
Start evaluation on dev dataset.
/home/lyq2021/.conda/envs/lyq2021/lib/python3.10/site-packages/sklearn/metrics/_classification.py:1344: UndefinedMetricWarning: Precision is ill-defined and being set to 0.0 in samples with no predicted labels. Use `zero_division` parameter to control this behavior.
  _warn_prf(average, modifier, msg_start, len(result))
Acc. (Correct/Total): 0.4635 (169145/2084) Prec: 0.6631 F1: 0.6049
Start evaluation on test dataset.
/home/lyq2021/.conda/envs/lyq2021/lib/python3.10/site-packages/sklearn/metrics/_classification.py:1344: UndefinedMetricWarning: Precision is ill-defined and being set to 0.0 in samples with no predicted labels. Use `zero_division` parameter to control this behavior.
  _warn_prf(average, modifier, msg_start, len(result))
Acc. (Correct/Total): 0.5002 (167942/2067) Prec: 0.7010 F1: 0.6405
Epoch id: 9, Training steps: 100, Avg loss: 0.011, Time: 0:50:30
Epoch id: 9, Training steps: 200, Avg loss: 0.013, Time: 0:50:59
Epoch id: 9, Training steps: 300, Avg loss: 0.005, Time: 0:51:28
Epoch id: 9, Training steps: 400, Avg loss: 0.007, Time: 0:51:57
Epoch id: 9, Training steps: 500, Avg loss: 0.014, Time: 0:52:26
Epoch id: 9, Training steps: 600, Avg loss: 0.009, Time: 0:52:55
Epoch id: 9, Training steps: 700, Avg loss: 0.007, Time: 0:53:24
Epoch id: 9, Training steps: 800, Avg loss: 0.016, Time: 0:53:53
Epoch id: 9, Training steps: 900, Avg loss: 0.003, Time: 0:54:22
Epoch id: 9, Training steps: 1000, Avg loss: 0.016, Time: 0:54:51
Epoch id: 9, Training steps: 1100, Avg loss: 0.007, Time: 0:55:20
Start evaluation on dev dataset.
/home/lyq2021/.conda/envs/lyq2021/lib/python3.10/site-packages/sklearn/metrics/_classification.py:1344: UndefinedMetricWarning: Precision is ill-defined and being set to 0.0 in samples with no predicted labels. Use `zero_division` parameter to control this behavior.
  _warn_prf(average, modifier, msg_start, len(result))
Acc. (Correct/Total): 0.4971 (169227/2084) Prec: 0.6997 F1: 0.6441
Start evaluation on test dataset.
/home/lyq2021/.conda/envs/lyq2021/lib/python3.10/site-packages/sklearn/metrics/_classification.py:1344: UndefinedMetricWarning: Precision is ill-defined and being set to 0.0 in samples with no predicted labels. Use `zero_division` parameter to control this behavior.
  _warn_prf(average, modifier, msg_start, len(result))
Acc. (Correct/Total): 0.5486 (168016/2067) Prec: 0.7276 F1: 0.6758
Epoch id: 10, Training steps: 100, Avg loss: 0.017, Time: 0:56:52
Epoch id: 10, Training steps: 200, Avg loss: 0.002, Time: 0:57:21
Epoch id: 10, Training steps: 300, Avg loss: 0.004, Time: 0:57:50
Epoch id: 10, Training steps: 400, Avg loss: 0.007, Time: 0:58:19
Epoch id: 10, Training steps: 500, Avg loss: 0.009, Time: 0:58:48
Epoch id: 10, Training steps: 600, Avg loss: 0.003, Time: 0:59:17
Epoch id: 10, Training steps: 700, Avg loss: 0.013, Time: 0:59:46
Epoch id: 10, Training steps: 800, Avg loss: 0.012, Time: 1:00:15
Epoch id: 10, Training steps: 900, Avg loss: 0.026, Time: 1:00:44
Epoch id: 10, Training steps: 1000, Avg loss: 0.014, Time: 1:01:13
Epoch id: 10, Training steps: 1100, Avg loss: 0.005, Time: 1:01:42
Start evaluation on dev dataset.
/home/lyq2021/.conda/envs/lyq2021/lib/python3.10/site-packages/sklearn/metrics/_classification.py:1344: UndefinedMetricWarning: Precision is ill-defined and being set to 0.0 in samples with no predicted labels. Use `zero_division` parameter to control this behavior.
  _warn_prf(average, modifier, msg_start, len(result))
Acc. (Correct/Total): 0.5230 (169273/2084) Prec: 0.7209 F1: 0.6670
Start evaluation on test dataset.
/home/lyq2021/.conda/envs/lyq2021/lib/python3.10/site-packages/sklearn/metrics/_classification.py:1344: UndefinedMetricWarning: Precision is ill-defined and being set to 0.0 in samples with no predicted labels. Use `zero_division` parameter to control this behavior.
  _warn_prf(average, modifier, msg_start, len(result))
Acc. (Correct/Total): 0.5636 (168056/2067) Prec: 0.7550 F1: 0.6987
Epoch id: 11, Training steps: 100, Avg loss: 0.007, Time: 1:03:14
Epoch id: 11, Training steps: 200, Avg loss: 0.006, Time: 1:03:43
Epoch id: 11, Training steps: 300, Avg loss: 0.008, Time: 1:04:12
Epoch id: 11, Training steps: 400, Avg loss: 0.003, Time: 1:04:41
Epoch id: 11, Training steps: 500, Avg loss: 0.010, Time: 1:05:10
Epoch id: 11, Training steps: 600, Avg loss: 0.009, Time: 1:05:39
Epoch id: 11, Training steps: 700, Avg loss: 0.004, Time: 1:06:08
Epoch id: 11, Training steps: 800, Avg loss: 0.002, Time: 1:06:37
Epoch id: 11, Training steps: 900, Avg loss: 0.019, Time: 1:07:06
Epoch id: 11, Training steps: 1000, Avg loss: 0.009, Time: 1:07:35
Epoch id: 11, Training steps: 1100, Avg loss: 0.007, Time: 1:08:04
Start evaluation on dev dataset.
/home/lyq2021/.conda/envs/lyq2021/lib/python3.10/site-packages/sklearn/metrics/_classification.py:1344: UndefinedMetricWarning: Precision is ill-defined and being set to 0.0 in samples with no predicted labels. Use `zero_division` parameter to control this behavior.
  _warn_prf(average, modifier, msg_start, len(result))
Acc. (Correct/Total): 0.5034 (169210/2084) Prec: 0.7074 F1: 0.6533
Epoch id: 12, Training steps: 100, Avg loss: 0.007, Time: 1:09:09
Epoch id: 12, Training steps: 200, Avg loss: 0.002, Time: 1:09:38
Epoch id: 12, Training steps: 300, Avg loss: 0.005, Time: 1:10:07
Epoch id: 12, Training steps: 400, Avg loss: 0.005, Time: 1:10:36
Epoch id: 12, Training steps: 500, Avg loss: 0.008, Time: 1:11:05
Epoch id: 12, Training steps: 600, Avg loss: 0.005, Time: 1:11:34
Epoch id: 12, Training steps: 700, Avg loss: 0.002, Time: 1:12:03
Epoch id: 12, Training steps: 800, Avg loss: 0.002, Time: 1:12:32
Epoch id: 12, Training steps: 900, Avg loss: 0.006, Time: 1:13:01
Epoch id: 12, Training steps: 1000, Avg loss: 0.003, Time: 1:13:29
Epoch id: 12, Training steps: 1100, Avg loss: 0.002, Time: 1:13:58
Start evaluation on dev dataset.
/home/lyq2021/.conda/envs/lyq2021/lib/python3.10/site-packages/sklearn/metrics/_classification.py:1344: UndefinedMetricWarning: Precision is ill-defined and being set to 0.0 in samples with no predicted labels. Use `zero_division` parameter to control this behavior.
  _warn_prf(average, modifier, msg_start, len(result))
Acc. (Correct/Total): 0.5302 (169301/2084) Prec: 0.7148 F1: 0.6639
Start evaluation on test dataset.
/home/lyq2021/.conda/envs/lyq2021/lib/python3.10/site-packages/sklearn/metrics/_classification.py:1344: UndefinedMetricWarning: Precision is ill-defined and being set to 0.0 in samples with no predicted labels. Use `zero_division` parameter to control this behavior.
  _warn_prf(average, modifier, msg_start, len(result))
Acc. (Correct/Total): 0.5820 (168109/2067) Prec: 0.7639 F1: 0.7124
Epoch id: 13, Training steps: 100, Avg loss: 0.003, Time: 1:15:31
Epoch id: 13, Training steps: 200, Avg loss: 0.004, Time: 1:16:00
Epoch id: 13, Training steps: 300, Avg loss: 0.002, Time: 1:16:29
Epoch id: 13, Training steps: 400, Avg loss: 0.013, Time: 1:16:58
Epoch id: 13, Training steps: 500, Avg loss: 0.003, Time: 1:17:26
Epoch id: 13, Training steps: 600, Avg loss: 0.003, Time: 1:17:55
Epoch id: 13, Training steps: 700, Avg loss: 0.010, Time: 1:18:24
Epoch id: 13, Training steps: 800, Avg loss: 0.005, Time: 1:18:53
Epoch id: 13, Training steps: 900, Avg loss: 0.001, Time: 1:19:22
Epoch id: 13, Training steps: 1000, Avg loss: 0.004, Time: 1:19:51
Epoch id: 13, Training steps: 1100, Avg loss: 0.003, Time: 1:20:20
Start evaluation on dev dataset.
/home/lyq2021/.conda/envs/lyq2021/lib/python3.10/site-packages/sklearn/metrics/_classification.py:1344: UndefinedMetricWarning: Precision is ill-defined and being set to 0.0 in samples with no predicted labels. Use `zero_division` parameter to control this behavior.
  _warn_prf(average, modifier, msg_start, len(result))
Acc. (Correct/Total): 0.5408 (169312/2084) Prec: 0.7361 F1: 0.6909
Start evaluation on test dataset.
/home/lyq2021/.conda/envs/lyq2021/lib/python3.10/site-packages/sklearn/metrics/_classification.py:1344: UndefinedMetricWarning: Precision is ill-defined and being set to 0.0 in samples with no predicted labels. Use `zero_division` parameter to control this behavior.
  _warn_prf(average, modifier, msg_start, len(result))
Acc. (Correct/Total): 0.5902 (168089/2067) Prec: 0.7719 F1: 0.7258
Epoch id: 14, Training steps: 100, Avg loss: 0.003, Time: 1:21:53
Epoch id: 14, Training steps: 200, Avg loss: 0.009, Time: 1:22:22
Epoch id: 14, Training steps: 300, Avg loss: 0.001, Time: 1:22:51
Epoch id: 14, Training steps: 400, Avg loss: 0.002, Time: 1:23:20
Epoch id: 14, Training steps: 500, Avg loss: 0.004, Time: 1:23:49
Epoch id: 14, Training steps: 600, Avg loss: 0.015, Time: 1:24:18
Epoch id: 14, Training steps: 700, Avg loss: 0.005, Time: 1:24:47
Epoch id: 14, Training steps: 800, Avg loss: 0.001, Time: 1:25:16
Epoch id: 14, Training steps: 900, Avg loss: 0.003, Time: 1:25:45
Epoch id: 14, Training steps: 1000, Avg loss: 0.003, Time: 1:26:14
Epoch id: 14, Training steps: 1100, Avg loss: 0.003, Time: 1:26:42
Start evaluation on dev dataset.
/home/lyq2021/.conda/envs/lyq2021/lib/python3.10/site-packages/sklearn/metrics/_classification.py:1344: UndefinedMetricWarning: Precision is ill-defined and being set to 0.0 in samples with no predicted labels. Use `zero_division` parameter to control this behavior.
  _warn_prf(average, modifier, msg_start, len(result))
Acc. (Correct/Total): 0.5230 (169227/2084) Prec: 0.7248 F1: 0.6773
Epoch id: 15, Training steps: 100, Avg loss: 0.003, Time: 1:27:48
Epoch id: 15, Training steps: 200, Avg loss: 0.002, Time: 1:28:17
Epoch id: 15, Training steps: 300, Avg loss: 0.007, Time: 1:28:46
Epoch id: 15, Training steps: 400, Avg loss: 0.001, Time: 1:29:15
Epoch id: 15, Training steps: 500, Avg loss: 0.003, Time: 1:29:44
Epoch id: 15, Training steps: 600, Avg loss: 0.005, Time: 1:30:13
Epoch id: 15, Training steps: 700, Avg loss: 0.001, Time: 1:30:42
Epoch id: 15, Training steps: 800, Avg loss: 0.002, Time: 1:31:11
Epoch id: 15, Training steps: 900, Avg loss: 0.003, Time: 1:31:40
Epoch id: 15, Training steps: 1000, Avg loss: 0.009, Time: 1:32:09
Epoch id: 15, Training steps: 1100, Avg loss: 0.009, Time: 1:32:38
Start evaluation on dev dataset.
/home/lyq2021/.conda/envs/lyq2021/lib/python3.10/site-packages/sklearn/metrics/_classification.py:1344: UndefinedMetricWarning: Precision is ill-defined and being set to 0.0 in samples with no predicted labels. Use `zero_division` parameter to control this behavior.
  _warn_prf(average, modifier, msg_start, len(result))
Acc. (Correct/Total): 0.5475 (169311/2084) Prec: 0.7486 F1: 0.7036
Start evaluation on test dataset.
/home/lyq2021/.conda/envs/lyq2021/lib/python3.10/site-packages/sklearn/metrics/_classification.py:1344: UndefinedMetricWarning: Precision is ill-defined and being set to 0.0 in samples with no predicted labels. Use `zero_division` parameter to control this behavior.
  _warn_prf(average, modifier, msg_start, len(result))
Acc. (Correct/Total): 0.6043 (168115/2067) Prec: 0.7884 F1: 0.7456
Epoch id: 16, Training steps: 100, Avg loss: 0.003, Time: 1:34:10
Epoch id: 16, Training steps: 200, Avg loss: 0.005, Time: 1:34:39
Epoch id: 16, Training steps: 300, Avg loss: 0.002, Time: 1:35:08
Epoch id: 16, Training steps: 400, Avg loss: 0.001, Time: 1:35:37
Epoch id: 16, Training steps: 500, Avg loss: 0.001, Time: 1:36:06
Epoch id: 16, Training steps: 600, Avg loss: 0.001, Time: 1:36:35
Epoch id: 16, Training steps: 700, Avg loss: 0.008, Time: 1:37:04
Epoch id: 16, Training steps: 800, Avg loss: 0.002, Time: 1:37:33
Epoch id: 16, Training steps: 900, Avg loss: 0.001, Time: 1:38:02
Epoch id: 16, Training steps: 1000, Avg loss: 0.006, Time: 1:38:31
Epoch id: 16, Training steps: 1100, Avg loss: 0.003, Time: 1:39:00
Start evaluation on dev dataset.
/home/lyq2021/.conda/envs/lyq2021/lib/python3.10/site-packages/sklearn/metrics/_classification.py:1344: UndefinedMetricWarning: Precision is ill-defined and being set to 0.0 in samples with no predicted labels. Use `zero_division` parameter to control this behavior.
  _warn_prf(average, modifier, msg_start, len(result))
Acc. (Correct/Total): 0.5475 (169288/2084) Prec: 0.7391 F1: 0.7009
Epoch id: 17, Training steps: 100, Avg loss: 0.001, Time: 1:40:05
Epoch id: 17, Training steps: 200, Avg loss: 0.002, Time: 1:40:34
Epoch id: 17, Training steps: 300, Avg loss: 0.007, Time: 1:41:03
Epoch id: 17, Training steps: 400, Avg loss: 0.002, Time: 1:41:32
Epoch id: 17, Training steps: 500, Avg loss: 0.001, Time: 1:42:01
Epoch id: 17, Training steps: 600, Avg loss: 0.002, Time: 1:42:30
Epoch id: 17, Training steps: 700, Avg loss: 0.001, Time: 1:42:59
Epoch id: 17, Training steps: 800, Avg loss: 0.003, Time: 1:43:28
Epoch id: 17, Training steps: 900, Avg loss: 0.001, Time: 1:43:57
Epoch id: 17, Training steps: 1000, Avg loss: 0.003, Time: 1:44:26
Epoch id: 17, Training steps: 1100, Avg loss: 0.004, Time: 1:44:55
Start evaluation on dev dataset.
/home/lyq2021/.conda/envs/lyq2021/lib/python3.10/site-packages/sklearn/metrics/_classification.py:1344: UndefinedMetricWarning: Precision is ill-defined and being set to 0.0 in samples with no predicted labels. Use `zero_division` parameter to control this behavior.
  _warn_prf(average, modifier, msg_start, len(result))
Acc. (Correct/Total): 0.5427 (169328/2084) Prec: 0.7474 F1: 0.7002
Epoch id: 18, Training steps: 100, Avg loss: 0.001, Time: 1:46:00
Epoch id: 18, Training steps: 200, Avg loss: 0.001, Time: 1:46:29
Epoch id: 18, Training steps: 300, Avg loss: 0.001, Time: 1:46:58
Epoch id: 18, Training steps: 400, Avg loss: 0.001, Time: 1:47:26
Epoch id: 18, Training steps: 500, Avg loss: 0.001, Time: 1:47:55
Epoch id: 18, Training steps: 600, Avg loss: 0.003, Time: 1:48:24
Epoch id: 18, Training steps: 700, Avg loss: 0.007, Time: 1:48:53
Epoch id: 18, Training steps: 800, Avg loss: 0.002, Time: 1:49:22
Epoch id: 18, Training steps: 900, Avg loss: 0.003, Time: 1:49:51
Epoch id: 18, Training steps: 1000, Avg loss: 0.001, Time: 1:50:20
Epoch id: 18, Training steps: 1100, Avg loss: 0.002, Time: 1:50:49
Start evaluation on dev dataset.
/home/lyq2021/.conda/envs/lyq2021/lib/python3.10/site-packages/sklearn/metrics/_classification.py:1344: UndefinedMetricWarning: Precision is ill-defined and being set to 0.0 in samples with no predicted labels. Use `zero_division` parameter to control this behavior.
  _warn_prf(average, modifier, msg_start, len(result))
Acc. (Correct/Total): 0.5537 (169319/2084) Prec: 0.7443 F1: 0.7054
Start evaluation on test dataset.
/home/lyq2021/.conda/envs/lyq2021/lib/python3.10/site-packages/sklearn/metrics/_classification.py:1344: UndefinedMetricWarning: Precision is ill-defined and being set to 0.0 in samples with no predicted labels. Use `zero_division` parameter to control this behavior.
  _warn_prf(average, modifier, msg_start, len(result))
Acc. (Correct/Total): 0.6154 (168128/2067) Prec: 0.7847 F1: 0.7462
Epoch id: 19, Training steps: 100, Avg loss: 0.006, Time: 1:52:22
Epoch id: 19, Training steps: 200, Avg loss: 0.001, Time: 1:52:51
Epoch id: 19, Training steps: 300, Avg loss: 0.002, Time: 1:53:19
Epoch id: 19, Training steps: 400, Avg loss: 0.003, Time: 1:53:48
Epoch id: 19, Training steps: 500, Avg loss: 0.001, Time: 1:54:17
Epoch id: 19, Training steps: 600, Avg loss: 0.001, Time: 1:54:46
Epoch id: 19, Training steps: 700, Avg loss: 0.001, Time: 1:55:15
Epoch id: 19, Training steps: 800, Avg loss: 0.005, Time: 1:55:44
Epoch id: 19, Training steps: 900, Avg loss: 0.000, Time: 1:56:13
Epoch id: 19, Training steps: 1000, Avg loss: 0.003, Time: 1:56:42
Epoch id: 19, Training steps: 1100, Avg loss: 0.002, Time: 1:57:11
Start evaluation on dev dataset.
/home/lyq2021/.conda/envs/lyq2021/lib/python3.10/site-packages/sklearn/metrics/_classification.py:1344: UndefinedMetricWarning: Precision is ill-defined and being set to 0.0 in samples with no predicted labels. Use `zero_division` parameter to control this behavior.
  _warn_prf(average, modifier, msg_start, len(result))
Acc. (Correct/Total): 0.5485 (169254/2084) Prec: 0.7414 F1: 0.7031
Epoch id: 20, Training steps: 100, Avg loss: 0.003, Time: 1:58:17
Epoch id: 20, Training steps: 200, Avg loss: 0.001, Time: 1:58:46
Epoch id: 20, Training steps: 300, Avg loss: 0.000, Time: 1:59:15
Epoch id: 20, Training steps: 400, Avg loss: 0.001, Time: 1:59:44
Epoch id: 20, Training steps: 500, Avg loss: 0.000, Time: 2:00:13
Epoch id: 20, Training steps: 600, Avg loss: 0.005, Time: 2:00:42
Epoch id: 20, Training steps: 700, Avg loss: 0.001, Time: 2:01:11
Epoch id: 20, Training steps: 800, Avg loss: 0.004, Time: 2:01:40
Epoch id: 20, Training steps: 900, Avg loss: 0.002, Time: 2:02:08
Epoch id: 20, Training steps: 1000, Avg loss: 0.009, Time: 2:02:37
Epoch id: 20, Training steps: 1100, Avg loss: 0.002, Time: 2:03:06
Start evaluation on dev dataset.
/home/lyq2021/.conda/envs/lyq2021/lib/python3.10/site-packages/sklearn/metrics/_classification.py:1344: UndefinedMetricWarning: Precision is ill-defined and being set to 0.0 in samples with no predicted labels. Use `zero_division` parameter to control this behavior.
  _warn_prf(average, modifier, msg_start, len(result))
Acc. (Correct/Total): 0.5403 (169228/2084) Prec: 0.7264 F1: 0.6890
Final evaluation on the test dataset.
The number of evaluation instances:  2067
/home/lyq2021/.conda/envs/lyq2021/lib/python3.10/site-packages/sklearn/metrics/_classification.py:1344: UndefinedMetricWarning: Precision is ill-defined and being set to 0.0 in samples with no predicted labels. Use `zero_division` parameter to control this behavior.
  _warn_prf(average, modifier, msg_start, len(result))
/home/lyq2021/.conda/envs/lyq2021/lib/python3.10/site-packages/sklearn/metrics/_classification.py:1344: UndefinedMetricWarning: Precision and F-score are ill-defined and being set to 0.0 in labels with no predicted samples. Use `zero_division` parameter to control this behavior.
  _warn_prf(average, modifier, msg_start, len(result))
/home/lyq2021/.conda/envs/lyq2021/lib/python3.10/site-packages/sklearn/metrics/_classification.py:1344: UndefinedMetricWarning: Precision and F-score are ill-defined and being set to 0.0 in samples with no predicted labels. Use `zero_division` parameter to control this behavior.
  _warn_prf(average, modifier, msg_start, len(result))
Acc. (Correct/Total): 0.6154 (168128/2067) Prec: 0.7847 F1: 0.7462
Precision, Recall and F1-Score...
              precision    recall  f1-score   support

         教育学     0.9231    0.8963    0.9095       241
          法学     0.9070    0.8705    0.8884       224
      中国语言文学     0.9007    0.7351    0.8095       185
         政治学     0.7325    0.7055    0.7188       163
         社会学     0.8483    0.7834    0.8146       157
         心理学     0.8539    0.6179    0.7170       123
       应用经济学     0.5965    0.5812    0.5887       117
         历史学     0.8391    0.6697    0.7449       109
     环境科学与工程     0.8491    0.8333    0.8411       108
          哲学     0.7162    0.5464    0.6199        97
      外国语言文学     0.8250    0.7765    0.8000        85
         生物学     0.8472    0.7722    0.8079        79
      交通运输工程     0.8987    0.9103    0.9045        78
        临床医学     0.7763    0.7763    0.7763        76
    计算机科学与技术     0.8689    0.7465    0.8030        71
        土木工程     0.8873    0.9545    0.9197        66
   航空宇航科学与技术     0.9672    0.9672    0.9672        61
         民族学     0.6250    0.4545    0.5263        55
   公共卫生与预防医学     0.7333    0.4314    0.5432        51
         美术学     0.8596    0.9800    0.9159        50
         艺术学     0.8421    0.7442    0.7901        43
         地理学     0.8846    0.5476    0.6765        42
         体育学     0.9167    0.5500    0.6875        40
       理论经济学     0.7391    0.8947    0.8095        38
         中医学     0.8750    0.7568    0.8116        37
         物理学     0.9286    0.7222    0.8125        36
          林学     0.8261    0.5758    0.6786        33
          数学     0.6667    0.5625    0.6102        32
     电子科学与技术     0.6000    0.6774    0.6364        31
        基础医学     0.4444    0.4138    0.4286        29
        工商管理     1.0000    0.5926    0.7442        27
       新闻传播学     0.8667    0.5909    0.7027        22
         天文学     0.6429    0.8182    0.7200        22
         地质学     1.0000    0.5714    0.7273        21
         畜牧学     0.8261    0.9048    0.8636        21
   军事思想及军事历史     0.7143    0.7500    0.7317        20
     管理科学与工程     0.5185    0.7778    0.6222        18
     测绘科学与技术     0.8462    0.6471    0.7333        17
        水利工程     0.8333    0.6250    0.7143        16
        大气科学     0.7500    0.7500    0.7500        16
     兵器科学与技术     0.6875    0.7333    0.7097        15
       地球物理学     0.7500    0.2143    0.3333        14
        电气工程     1.0000    0.5385    0.7000        13
         作物学     0.7000    0.5385    0.6087        13
     控制科学与工程     0.3333    0.2308    0.2727        13
     信息与通信工程     1.0000    0.2308    0.3750        13
        公共管理     0.0000    0.0000    0.0000        13
         建筑学     1.0000    0.1538    0.2667        13
     化学工程与技术     0.7500    0.7500    0.7500        12
          力学     1.0000    0.8182    0.9000        11
        海洋科学     1.0000    0.7273    0.8421        11
     轻工技术与工程     0.2857    0.1818    0.2222        11
        农业工程     1.0000    0.5000    0.6667        10
         园艺学     0.7273    0.8000    0.7619        10
       中西医结合     1.0000    0.3000    0.4615        10
        机械工程     1.0000    0.5556    0.7143         9
       科学技术史     0.8333    0.6250    0.7143         8
     船舶与海洋工程     0.8750    0.8750    0.8750         8
   图书情报与档案管理     1.0000    0.2500    0.4000         8
        植物保护     0.8571    0.7500    0.8000         8
     材料科学与工程     0.7500    0.3750    0.5000         8
         统计学     0.6364    0.8750    0.7368         8
          化学     1.0000    0.7500    0.8571         8
     食品科学与工程     0.5000    0.3750    0.4286         8
          水产     1.0000    0.8571    0.9231         7
          药学     0.7500    0.8571    0.8000         7
     农业资源与环境     1.0000    0.7143    0.8333         7
         世界史     0.8571    0.8571    0.8571         7
        系统科学     0.6667    0.5714    0.6154         7
      农林经济管理     0.8000    0.8000    0.8000         5
       军队指挥学     1.0000    0.4000    0.5714         5
        矿业工程     0.0000    0.0000    0.0000         5
     纺织科学与工程     0.7143    1.0000    0.8333         5
  动力工程及工程热物理     0.0000    0.0000    0.0000         4
        林业工程     0.3333    0.2500    0.2857         4
     仪器科学与技术     0.0000    0.0000    0.0000         3
         战略学     1.0000    0.3333    0.5000         3
   地质资源与地质工程     0.0000    0.0000    0.0000         3
        旅游管理     1.0000    0.3333    0.5000         3
 图书馆、情报与档案管理     0.0000    0.0000    0.0000         2
        冶金工程     1.0000    0.5000    0.6667         2
      核科学与技术     0.0000    0.0000    0.0000         2

   micro avg     0.8197    0.7158    0.7642      3093
   macro avg     0.7437    0.5866    0.6335      3093
weighted avg     0.8165    0.7158    0.7535      3093
 samples avg     0.7847    0.7320    0.7462      3093

