nohup: 忽略输入
  0%|          | 0/82 [00:00<?, ?it/s]100%|██████████| 82/82 [00:00<00:00, 1211031.44it/s]
model:  ernie-rcnn
pretrained:  ernie1
task:  MLC-slice
dataset:  book_multilabels_task
seq_length:  256
hidden_dropout_prob:  0.1
attention_probs_dropout_prob:  0.1
epochs_num:  20
batch_size:  8
learning_rate:  2e-05
report_steps:  100
kg_name:  CnDbpedia
no_kg:  True
no_vm:  True
Vocabulary Size:  17964
[BertClassifier] use visible_matrix: False
Some weights of the model checkpoint at ./models/ernie1 were not used when initializing ErnieRCNNForMultiLabelSequenceClassificationSlice: ['ernie.pooler.dense.bias', 'ernie.pooler.dense.weight', 'cls.predictions.transform.dense.weight', 'cls.predictions.transform.LayerNorm.bias', 'cls.predictions.bias', 'cls.predictions.transform.LayerNorm.weight', 'cls.predictions.transform.dense.bias']
- This IS expected if you are initializing ErnieRCNNForMultiLabelSequenceClassificationSlice from the checkpoint of a model trained on another task or with another architecture (e.g. initializing a BertForSequenceClassification model from a BertForPreTraining model).
- This IS NOT expected if you are initializing ErnieRCNNForMultiLabelSequenceClassificationSlice from the checkpoint of a model that you expect to be exactly identical (initializing a BertForSequenceClassification model from a BertForSequenceClassification model).
Some weights of ErnieRCNNForMultiLabelSequenceClassificationSlice were not initialized from the model checkpoint at ./models/ernie1 and are newly initialized: ['lstm.bias_hh_l0', 'lstm.bias_ih_l0_reverse', 'lstm.bias_hh_l1_reverse', 'lstm.weight_ih_l0_reverse', 'output_layer_1.bias', 'lstm.weight_hh_l1_reverse', 'lstm.weight_ih_l1', 'lstm.bias_ih_l0', 'classifier.bias', 'lstm.weight_ih_l1_reverse', 'lstm.weight_ih_l0', 'lstm.weight_hh_l0', 'lstm.weight_hh_l0_reverse', 'classifier.weight', 'lstm.bias_ih_l1_reverse', 'lstm.bias_hh_l0_reverse', 'lstm.bias_hh_l1', 'output_layer_1.weight', 'lstm.bias_ih_l1', 'lstm.weight_hh_l1']
You should probably TRAIN this model on a down-stream task to be able to use it for predictions and inference.
1 GPUs are available. Let's use them.
device:  cuda
Start training.
Loading sentences from ./datasets/book_multilabels_task/train.tsv
There are 9097 sentence in total. We use 1 processes to inject knowledge into sentences.
Progress of process 0: 0/9097
Loading sentences from ./datasets/book_multilabels_task/dev.tsv
There are 2084 sentence in total. We use 1 processes to inject knowledge into sentences.
Progress of process 0: 0/2084
Loading sentences from ./datasets/book_multilabels_task/test.tsv
There are 2067 sentence in total. We use 1 processes to inject knowledge into sentences.
Progress of process 0: 0/2067
Epoch id: 1, Training steps: 100, Avg loss: 0.297, Time: 0:00:41
Epoch id: 1, Training steps: 200, Avg loss: 0.102, Time: 0:01:23
Epoch id: 1, Training steps: 300, Avg loss: 0.088, Time: 0:02:05
Epoch id: 1, Training steps: 400, Avg loss: 0.085, Time: 0:02:48
Epoch id: 1, Training steps: 500, Avg loss: 0.081, Time: 0:03:31
Epoch id: 1, Training steps: 600, Avg loss: 0.080, Time: 0:04:14
Epoch id: 1, Training steps: 700, Avg loss: 0.077, Time: 0:04:57
Epoch id: 1, Training steps: 800, Avg loss: 0.071, Time: 0:05:39
Epoch id: 1, Training steps: 900, Avg loss: 0.063, Time: 0:06:22
Epoch id: 1, Training steps: 1000, Avg loss: 0.059, Time: 0:07:05
Epoch id: 1, Training steps: 1100, Avg loss: 0.052, Time: 0:07:48
Start evaluation on dev dataset.
/home/lyq2021/.conda/envs/lyq2021/lib/python3.10/site-packages/sklearn/metrics/_classification.py:1344: UndefinedMetricWarning: Precision is ill-defined and being set to 0.0 in samples with no predicted labels. Use `zero_division` parameter to control this behavior.
  _warn_prf(average, modifier, msg_start, len(result))
Acc. (Correct/Total):  6.72%% Prec: 0.1032 F1: 0.0922
Start evaluation on test dataset.
/home/lyq2021/.conda/envs/lyq2021/lib/python3.10/site-packages/sklearn/metrics/_classification.py:1344: UndefinedMetricWarning: Precision is ill-defined and being set to 0.0 in samples with no predicted labels. Use `zero_division` parameter to control this behavior.
  _warn_prf(average, modifier, msg_start, len(result))
Acc. (Correct/Total): 10.84%% Prec: 0.1584 F1: 0.1417
Epoch id: 2, Training steps: 100, Avg loss: 0.068, Time: 0:09:59
Epoch id: 2, Training steps: 200, Avg loss: 0.047, Time: 0:10:42
Epoch id: 2, Training steps: 300, Avg loss: 0.043, Time: 0:11:25
Epoch id: 2, Training steps: 400, Avg loss: 0.041, Time: 0:12:08
Epoch id: 2, Training steps: 500, Avg loss: 0.039, Time: 0:12:51
Epoch id: 2, Training steps: 600, Avg loss: 0.038, Time: 0:13:34
Epoch id: 2, Training steps: 700, Avg loss: 0.037, Time: 0:14:17
Epoch id: 2, Training steps: 800, Avg loss: 0.036, Time: 0:15:00
Epoch id: 2, Training steps: 900, Avg loss: 0.036, Time: 0:15:43
Epoch id: 2, Training steps: 1000, Avg loss: 0.034, Time: 0:16:26
Epoch id: 2, Training steps: 1100, Avg loss: 0.032, Time: 0:17:08
Start evaluation on dev dataset.
/home/lyq2021/.conda/envs/lyq2021/lib/python3.10/site-packages/sklearn/metrics/_classification.py:1344: UndefinedMetricWarning: Precision is ill-defined and being set to 0.0 in samples with no predicted labels. Use `zero_division` parameter to control this behavior.
  _warn_prf(average, modifier, msg_start, len(result))
Acc. (Correct/Total): 24.71%% Prec: 0.3532 F1: 0.3195
Start evaluation on test dataset.
/home/lyq2021/.conda/envs/lyq2021/lib/python3.10/site-packages/sklearn/metrics/_classification.py:1344: UndefinedMetricWarning: Precision is ill-defined and being set to 0.0 in samples with no predicted labels. Use `zero_division` parameter to control this behavior.
  _warn_prf(average, modifier, msg_start, len(result))
Acc. (Correct/Total): 30.67%% Prec: 0.4003 F1: 0.3700
Epoch id: 3, Training steps: 100, Avg loss: 0.041, Time: 0:19:19
Epoch id: 3, Training steps: 200, Avg loss: 0.029, Time: 0:20:02
Epoch id: 3, Training steps: 300, Avg loss: 0.030, Time: 0:20:45
Epoch id: 3, Training steps: 400, Avg loss: 0.030, Time: 0:21:28
Epoch id: 3, Training steps: 500, Avg loss: 0.027, Time: 0:22:11
Epoch id: 3, Training steps: 600, Avg loss: 0.027, Time: 0:22:54
Epoch id: 3, Training steps: 700, Avg loss: 0.028, Time: 0:23:37
Epoch id: 3, Training steps: 800, Avg loss: 0.028, Time: 0:24:20
Epoch id: 3, Training steps: 900, Avg loss: 0.027, Time: 0:25:03
Epoch id: 3, Training steps: 1000, Avg loss: 0.027, Time: 0:25:46
Epoch id: 3, Training steps: 1100, Avg loss: 0.024, Time: 0:26:28
Start evaluation on dev dataset.
/home/lyq2021/.conda/envs/lyq2021/lib/python3.10/site-packages/sklearn/metrics/_classification.py:1344: UndefinedMetricWarning: Precision is ill-defined and being set to 0.0 in samples with no predicted labels. Use `zero_division` parameter to control this behavior.
  _warn_prf(average, modifier, msg_start, len(result))
Acc. (Correct/Total): 29.13%% Prec: 0.4501 F1: 0.3989
Start evaluation on test dataset.
/home/lyq2021/.conda/envs/lyq2021/lib/python3.10/site-packages/sklearn/metrics/_classification.py:1344: UndefinedMetricWarning: Precision is ill-defined and being set to 0.0 in samples with no predicted labels. Use `zero_division` parameter to control this behavior.
  _warn_prf(average, modifier, msg_start, len(result))
Acc. (Correct/Total): 35.03%% Prec: 0.5000 F1: 0.4512
Epoch id: 4, Training steps: 100, Avg loss: 0.034, Time: 0:28:40
Epoch id: 4, Training steps: 200, Avg loss: 0.023, Time: 0:29:22
Epoch id: 4, Training steps: 300, Avg loss: 0.022, Time: 0:30:05
Epoch id: 4, Training steps: 400, Avg loss: 0.022, Time: 0:30:48
Epoch id: 4, Training steps: 500, Avg loss: 0.022, Time: 0:31:31
Epoch id: 4, Training steps: 600, Avg loss: 0.022, Time: 0:32:14
Epoch id: 4, Training steps: 700, Avg loss: 0.022, Time: 0:32:57
Epoch id: 4, Training steps: 800, Avg loss: 0.022, Time: 0:33:40
Epoch id: 4, Training steps: 900, Avg loss: 0.022, Time: 0:34:23
Epoch id: 4, Training steps: 1000, Avg loss: 0.022, Time: 0:35:06
Epoch id: 4, Training steps: 1100, Avg loss: 0.020, Time: 0:35:49
Start evaluation on dev dataset.
/home/lyq2021/.conda/envs/lyq2021/lib/python3.10/site-packages/sklearn/metrics/_classification.py:1344: UndefinedMetricWarning: Precision is ill-defined and being set to 0.0 in samples with no predicted labels. Use `zero_division` parameter to control this behavior.
  _warn_prf(average, modifier, msg_start, len(result))
Acc. (Correct/Total): 39.30%% Prec: 0.5763 F1: 0.5195
Start evaluation on test dataset.
/home/lyq2021/.conda/envs/lyq2021/lib/python3.10/site-packages/sklearn/metrics/_classification.py:1344: UndefinedMetricWarning: Precision is ill-defined and being set to 0.0 in samples with no predicted labels. Use `zero_division` parameter to control this behavior.
  _warn_prf(average, modifier, msg_start, len(result))
Acc. (Correct/Total): 42.82%% Prec: 0.6064 F1: 0.5495
Epoch id: 5, Training steps: 100, Avg loss: 0.024, Time: 0:38:00
Epoch id: 5, Training steps: 200, Avg loss: 0.019, Time: 0:38:43
Epoch id: 5, Training steps: 300, Avg loss: 0.018, Time: 0:39:26
Epoch id: 5, Training steps: 400, Avg loss: 0.020, Time: 0:40:08
Epoch id: 5, Training steps: 500, Avg loss: 0.019, Time: 0:40:51
Epoch id: 5, Training steps: 600, Avg loss: 0.020, Time: 0:41:34
Epoch id: 5, Training steps: 700, Avg loss: 0.019, Time: 0:42:17
Epoch id: 5, Training steps: 800, Avg loss: 0.017, Time: 0:43:00
Epoch id: 5, Training steps: 900, Avg loss: 0.019, Time: 0:43:43
Epoch id: 5, Training steps: 1000, Avg loss: 0.018, Time: 0:44:26
Epoch id: 5, Training steps: 1100, Avg loss: 0.016, Time: 0:45:09
Start evaluation on dev dataset.
/home/lyq2021/.conda/envs/lyq2021/lib/python3.10/site-packages/sklearn/metrics/_classification.py:1344: UndefinedMetricWarning: Precision is ill-defined and being set to 0.0 in samples with no predicted labels. Use `zero_division` parameter to control this behavior.
  _warn_prf(average, modifier, msg_start, len(result))
Acc. (Correct/Total): 41.89%% Prec: 0.6284 F1: 0.5631
Start evaluation on test dataset.
/home/lyq2021/.conda/envs/lyq2021/lib/python3.10/site-packages/sklearn/metrics/_classification.py:1344: UndefinedMetricWarning: Precision is ill-defined and being set to 0.0 in samples with no predicted labels. Use `zero_division` parameter to control this behavior.
  _warn_prf(average, modifier, msg_start, len(result))
Acc. (Correct/Total): 46.54%% Prec: 0.6648 F1: 0.6019
Epoch id: 6, Training steps: 100, Avg loss: 0.022, Time: 0:47:20
Epoch id: 6, Training steps: 200, Avg loss: 0.020, Time: 0:48:03
Epoch id: 6, Training steps: 300, Avg loss: 0.016, Time: 0:48:46
Epoch id: 6, Training steps: 400, Avg loss: 0.015, Time: 0:49:29
Epoch id: 6, Training steps: 500, Avg loss: 0.015, Time: 0:50:12
Epoch id: 6, Training steps: 600, Avg loss: 0.015, Time: 0:50:55
Epoch id: 6, Training steps: 700, Avg loss: 0.014, Time: 0:51:38
Epoch id: 6, Training steps: 800, Avg loss: 0.015, Time: 0:52:21
Epoch id: 6, Training steps: 900, Avg loss: 0.014, Time: 0:53:04
Epoch id: 6, Training steps: 1000, Avg loss: 0.013, Time: 0:53:47
Epoch id: 6, Training steps: 1100, Avg loss: 0.014, Time: 0:54:29
Start evaluation on dev dataset.
/home/lyq2021/.conda/envs/lyq2021/lib/python3.10/site-packages/sklearn/metrics/_classification.py:1344: UndefinedMetricWarning: Precision is ill-defined and being set to 0.0 in samples with no predicted labels. Use `zero_division` parameter to control this behavior.
  _warn_prf(average, modifier, msg_start, len(result))
Acc. (Correct/Total): 40.55%% Prec: 0.6010 F1: 0.5405
Epoch id: 7, Training steps: 100, Avg loss: 0.018, Time: 0:56:04
Epoch id: 7, Training steps: 200, Avg loss: 0.012, Time: 0:56:47
Epoch id: 7, Training steps: 300, Avg loss: 0.012, Time: 0:57:30
Epoch id: 7, Training steps: 400, Avg loss: 0.014, Time: 0:58:13
Epoch id: 7, Training steps: 500, Avg loss: 0.013, Time: 0:58:56
Epoch id: 7, Training steps: 600, Avg loss: 0.012, Time: 0:59:39
Epoch id: 7, Training steps: 700, Avg loss: 0.012, Time: 1:00:22
Epoch id: 7, Training steps: 800, Avg loss: 0.013, Time: 1:01:05
Epoch id: 7, Training steps: 900, Avg loss: 0.012, Time: 1:01:47
Epoch id: 7, Training steps: 1000, Avg loss: 0.013, Time: 1:02:30
Epoch id: 7, Training steps: 1100, Avg loss: 0.012, Time: 1:03:13
Start evaluation on dev dataset.
/home/lyq2021/.conda/envs/lyq2021/lib/python3.10/site-packages/sklearn/metrics/_classification.py:1344: UndefinedMetricWarning: Precision is ill-defined and being set to 0.0 in samples with no predicted labels. Use `zero_division` parameter to control this behavior.
  _warn_prf(average, modifier, msg_start, len(result))
Acc. (Correct/Total): 46.55%% Prec: 0.6805 F1: 0.6185
Start evaluation on test dataset.
/home/lyq2021/.conda/envs/lyq2021/lib/python3.10/site-packages/sklearn/metrics/_classification.py:1344: UndefinedMetricWarning: Precision is ill-defined and being set to 0.0 in samples with no predicted labels. Use `zero_division` parameter to control this behavior.
  _warn_prf(average, modifier, msg_start, len(result))
Acc. (Correct/Total): 51.62%% Prec: 0.7100 F1: 0.6517
Epoch id: 8, Training steps: 100, Avg loss: 0.015, Time: 1:05:24
Epoch id: 8, Training steps: 200, Avg loss: 0.010, Time: 1:06:07
Epoch id: 8, Training steps: 300, Avg loss: 0.010, Time: 1:06:50
Epoch id: 8, Training steps: 400, Avg loss: 0.010, Time: 1:07:33
Epoch id: 8, Training steps: 500, Avg loss: 0.009, Time: 1:08:16
Epoch id: 8, Training steps: 600, Avg loss: 0.010, Time: 1:08:59
Epoch id: 8, Training steps: 700, Avg loss: 0.010, Time: 1:09:42
Epoch id: 8, Training steps: 800, Avg loss: 0.010, Time: 1:10:25
Epoch id: 8, Training steps: 900, Avg loss: 0.010, Time: 1:11:08
Epoch id: 8, Training steps: 1000, Avg loss: 0.010, Time: 1:11:51
Epoch id: 8, Training steps: 1100, Avg loss: 0.010, Time: 1:12:34
Start evaluation on dev dataset.
/home/lyq2021/.conda/envs/lyq2021/lib/python3.10/site-packages/sklearn/metrics/_classification.py:1344: UndefinedMetricWarning: Precision is ill-defined and being set to 0.0 in samples with no predicted labels. Use `zero_division` parameter to control this behavior.
  _warn_prf(average, modifier, msg_start, len(result))
Acc. (Correct/Total): 47.94%% Prec: 0.6898 F1: 0.6292
Start evaluation on test dataset.
/home/lyq2021/.conda/envs/lyq2021/lib/python3.10/site-packages/sklearn/metrics/_classification.py:1344: UndefinedMetricWarning: Precision is ill-defined and being set to 0.0 in samples with no predicted labels. Use `zero_division` parameter to control this behavior.
  _warn_prf(average, modifier, msg_start, len(result))
Acc. (Correct/Total): 53.41%% Prec: 0.7297 F1: 0.6691
Epoch id: 9, Training steps: 100, Avg loss: 0.012, Time: 1:14:45
Epoch id: 9, Training steps: 200, Avg loss: 0.008, Time: 1:15:28
Epoch id: 9, Training steps: 300, Avg loss: 0.008, Time: 1:16:11
Epoch id: 9, Training steps: 400, Avg loss: 0.008, Time: 1:16:54
Epoch id: 9, Training steps: 500, Avg loss: 0.009, Time: 1:17:36
Epoch id: 9, Training steps: 600, Avg loss: 0.008, Time: 1:18:19
Epoch id: 9, Training steps: 700, Avg loss: 0.008, Time: 1:19:02
Epoch id: 9, Training steps: 800, Avg loss: 0.009, Time: 1:19:45
Epoch id: 9, Training steps: 900, Avg loss: 0.009, Time: 1:20:28
Epoch id: 9, Training steps: 1000, Avg loss: 0.007, Time: 1:21:11
Epoch id: 9, Training steps: 1100, Avg loss: 0.009, Time: 1:21:54
Start evaluation on dev dataset.
/home/lyq2021/.conda/envs/lyq2021/lib/python3.10/site-packages/sklearn/metrics/_classification.py:1344: UndefinedMetricWarning: Precision is ill-defined and being set to 0.0 in samples with no predicted labels. Use `zero_division` parameter to control this behavior.
  _warn_prf(average, modifier, msg_start, len(result))
Acc. (Correct/Total): 50.00%% Prec: 0.7202 F1: 0.6594
Start evaluation on test dataset.
/home/lyq2021/.conda/envs/lyq2021/lib/python3.10/site-packages/sklearn/metrics/_classification.py:1344: UndefinedMetricWarning: Precision is ill-defined and being set to 0.0 in samples with no predicted labels. Use `zero_division` parameter to control this behavior.
  _warn_prf(average, modifier, msg_start, len(result))
Acc. (Correct/Total): 54.86%% Prec: 0.7558 F1: 0.6969
Epoch id: 10, Training steps: 100, Avg loss: 0.010, Time: 1:24:05
Epoch id: 10, Training steps: 200, Avg loss: 0.008, Time: 1:24:48
Epoch id: 10, Training steps: 300, Avg loss: 0.007, Time: 1:25:31
Epoch id: 10, Training steps: 400, Avg loss: 0.006, Time: 1:26:14
Epoch id: 10, Training steps: 500, Avg loss: 0.007, Time: 1:26:57
Epoch id: 10, Training steps: 600, Avg loss: 0.007, Time: 1:27:39
Epoch id: 10, Training steps: 700, Avg loss: 0.007, Time: 1:28:22
Epoch id: 10, Training steps: 800, Avg loss: 0.008, Time: 1:29:05
Epoch id: 10, Training steps: 900, Avg loss: 0.006, Time: 1:29:48
Epoch id: 10, Training steps: 1000, Avg loss: 0.007, Time: 1:30:31
Epoch id: 10, Training steps: 1100, Avg loss: 0.007, Time: 1:31:14
Start evaluation on dev dataset.
/home/lyq2021/.conda/envs/lyq2021/lib/python3.10/site-packages/sklearn/metrics/_classification.py:1344: UndefinedMetricWarning: Precision is ill-defined and being set to 0.0 in samples with no predicted labels. Use `zero_division` parameter to control this behavior.
  _warn_prf(average, modifier, msg_start, len(result))
Acc. (Correct/Total): 49.42%% Prec: 0.7050 F1: 0.6469
Epoch id: 11, Training steps: 100, Avg loss: 0.009, Time: 1:32:49
Epoch id: 11, Training steps: 200, Avg loss: 0.006, Time: 1:33:32
Epoch id: 11, Training steps: 300, Avg loss: 0.006, Time: 1:34:15
Epoch id: 11, Training steps: 400, Avg loss: 0.008, Time: 1:34:58
Epoch id: 11, Training steps: 500, Avg loss: 0.008, Time: 1:35:41
Epoch id: 11, Training steps: 600, Avg loss: 0.007, Time: 1:36:23
Epoch id: 11, Training steps: 700, Avg loss: 0.006, Time: 1:37:06
Epoch id: 11, Training steps: 800, Avg loss: 0.006, Time: 1:37:49
Epoch id: 11, Training steps: 900, Avg loss: 0.007, Time: 1:38:32
Epoch id: 11, Training steps: 1000, Avg loss: 0.007, Time: 1:39:15
Epoch id: 11, Training steps: 1100, Avg loss: 0.008, Time: 1:39:58
Start evaluation on dev dataset.
/home/lyq2021/.conda/envs/lyq2021/lib/python3.10/site-packages/sklearn/metrics/_classification.py:1344: UndefinedMetricWarning: Precision is ill-defined and being set to 0.0 in samples with no predicted labels. Use `zero_division` parameter to control this behavior.
  _warn_prf(average, modifier, msg_start, len(result))
Acc. (Correct/Total): 50.86%% Prec: 0.7296 F1: 0.6712
Start evaluation on test dataset.
/home/lyq2021/.conda/envs/lyq2021/lib/python3.10/site-packages/sklearn/metrics/_classification.py:1344: UndefinedMetricWarning: Precision is ill-defined and being set to 0.0 in samples with no predicted labels. Use `zero_division` parameter to control this behavior.
  _warn_prf(average, modifier, msg_start, len(result))
Acc. (Correct/Total): 57.23%% Prec: 0.7741 F1: 0.7174
Epoch id: 12, Training steps: 100, Avg loss: 0.007, Time: 1:42:09
Epoch id: 12, Training steps: 200, Avg loss: 0.005, Time: 1:42:52
Epoch id: 12, Training steps: 300, Avg loss: 0.005, Time: 1:43:35
Epoch id: 12, Training steps: 400, Avg loss: 0.005, Time: 1:44:18
Epoch id: 12, Training steps: 500, Avg loss: 0.005, Time: 1:45:01
Epoch id: 12, Training steps: 600, Avg loss: 0.005, Time: 1:45:44
Epoch id: 12, Training steps: 700, Avg loss: 0.005, Time: 1:46:27
Epoch id: 12, Training steps: 800, Avg loss: 0.004, Time: 1:47:10
Epoch id: 12, Training steps: 900, Avg loss: 0.004, Time: 1:47:53
Epoch id: 12, Training steps: 1000, Avg loss: 0.005, Time: 1:48:35
Epoch id: 12, Training steps: 1100, Avg loss: 0.005, Time: 1:49:18
Start evaluation on dev dataset.
/home/lyq2021/.conda/envs/lyq2021/lib/python3.10/site-packages/sklearn/metrics/_classification.py:1344: UndefinedMetricWarning: Precision is ill-defined and being set to 0.0 in samples with no predicted labels. Use `zero_division` parameter to control this behavior.
  _warn_prf(average, modifier, msg_start, len(result))
Acc. (Correct/Total): 51.25%% Prec: 0.7277 F1: 0.6750
Start evaluation on test dataset.
/home/lyq2021/.conda/envs/lyq2021/lib/python3.10/site-packages/sklearn/metrics/_classification.py:1344: UndefinedMetricWarning: Precision is ill-defined and being set to 0.0 in samples with no predicted labels. Use `zero_division` parameter to control this behavior.
  _warn_prf(average, modifier, msg_start, len(result))
Acc. (Correct/Total): 59.41%% Prec: 0.7838 F1: 0.7336
Epoch id: 13, Training steps: 100, Avg loss: 0.006, Time: 1:51:30
Epoch id: 13, Training steps: 200, Avg loss: 0.004, Time: 1:52:13
Epoch id: 13, Training steps: 300, Avg loss: 0.004, Time: 1:52:55
Epoch id: 13, Training steps: 400, Avg loss: 0.004, Time: 1:53:38
Epoch id: 13, Training steps: 500, Avg loss: 0.004, Time: 1:54:21
Epoch id: 13, Training steps: 600, Avg loss: 0.004, Time: 1:55:04
Epoch id: 13, Training steps: 700, Avg loss: 0.004, Time: 1:55:47
Epoch id: 13, Training steps: 800, Avg loss: 0.004, Time: 1:56:30
Epoch id: 13, Training steps: 900, Avg loss: 0.004, Time: 1:57:13
Epoch id: 13, Training steps: 1000, Avg loss: 0.005, Time: 1:57:56
Epoch id: 13, Training steps: 1100, Avg loss: 0.004, Time: 1:58:39
Start evaluation on dev dataset.
/home/lyq2021/.conda/envs/lyq2021/lib/python3.10/site-packages/sklearn/metrics/_classification.py:1344: UndefinedMetricWarning: Precision is ill-defined and being set to 0.0 in samples with no predicted labels. Use `zero_division` parameter to control this behavior.
  _warn_prf(average, modifier, msg_start, len(result))
Acc. (Correct/Total): 52.88%% Prec: 0.7406 F1: 0.6872
Start evaluation on test dataset.
/home/lyq2021/.conda/envs/lyq2021/lib/python3.10/site-packages/sklearn/metrics/_classification.py:1344: UndefinedMetricWarning: Precision is ill-defined and being set to 0.0 in samples with no predicted labels. Use `zero_division` parameter to control this behavior.
  _warn_prf(average, modifier, msg_start, len(result))
Acc. (Correct/Total): 59.12%% Prec: 0.7806 F1: 0.7308
Epoch id: 14, Training steps: 100, Avg loss: 0.006, Time: 2:00:50
Epoch id: 14, Training steps: 200, Avg loss: 0.003, Time: 2:01:33
Epoch id: 14, Training steps: 300, Avg loss: 0.004, Time: 2:02:16
Epoch id: 14, Training steps: 400, Avg loss: 0.004, Time: 2:02:59
Epoch id: 14, Training steps: 500, Avg loss: 0.004, Time: 2:03:42
Epoch id: 14, Training steps: 600, Avg loss: 0.003, Time: 2:04:24
Epoch id: 14, Training steps: 700, Avg loss: 0.004, Time: 2:05:07
Epoch id: 14, Training steps: 800, Avg loss: 0.004, Time: 2:05:50
Epoch id: 14, Training steps: 900, Avg loss: 0.003, Time: 2:06:33
Epoch id: 14, Training steps: 1000, Avg loss: 0.003, Time: 2:07:16
Epoch id: 14, Training steps: 1100, Avg loss: 0.004, Time: 2:07:59
Start evaluation on dev dataset.
/home/lyq2021/.conda/envs/lyq2021/lib/python3.10/site-packages/sklearn/metrics/_classification.py:1344: UndefinedMetricWarning: Precision is ill-defined and being set to 0.0 in samples with no predicted labels. Use `zero_division` parameter to control this behavior.
  _warn_prf(average, modifier, msg_start, len(result))
Acc. (Correct/Total): 55.04%% Prec: 0.7624 F1: 0.7130
Start evaluation on test dataset.
/home/lyq2021/.conda/envs/lyq2021/lib/python3.10/site-packages/sklearn/metrics/_classification.py:1344: UndefinedMetricWarning: Precision is ill-defined and being set to 0.0 in samples with no predicted labels. Use `zero_division` parameter to control this behavior.
  _warn_prf(average, modifier, msg_start, len(result))
Acc. (Correct/Total): 60.09%% Prec: 0.7858 F1: 0.7397
Epoch id: 15, Training steps: 100, Avg loss: 0.004, Time: 2:10:09
Epoch id: 15, Training steps: 200, Avg loss: 0.003, Time: 2:10:52
Epoch id: 15, Training steps: 300, Avg loss: 0.003, Time: 2:11:35
Epoch id: 15, Training steps: 400, Avg loss: 0.003, Time: 2:12:18
Epoch id: 15, Training steps: 500, Avg loss: 0.003, Time: 2:13:01
Epoch id: 15, Training steps: 600, Avg loss: 0.003, Time: 2:13:44
Epoch id: 15, Training steps: 700, Avg loss: 0.003, Time: 2:14:27
Epoch id: 15, Training steps: 800, Avg loss: 0.003, Time: 2:15:10
Epoch id: 15, Training steps: 900, Avg loss: 0.003, Time: 2:15:53
Epoch id: 15, Training steps: 1000, Avg loss: 0.003, Time: 2:16:36
Epoch id: 15, Training steps: 1100, Avg loss: 0.003, Time: 2:17:19
Start evaluation on dev dataset.
/home/lyq2021/.conda/envs/lyq2021/lib/python3.10/site-packages/sklearn/metrics/_classification.py:1344: UndefinedMetricWarning: Precision is ill-defined and being set to 0.0 in samples with no predicted labels. Use `zero_division` parameter to control this behavior.
  _warn_prf(average, modifier, msg_start, len(result))
Acc. (Correct/Total): 54.51%% Prec: 0.7439 F1: 0.7008
Epoch id: 16, Training steps: 100, Avg loss: 0.004, Time: 2:18:53
Epoch id: 16, Training steps: 200, Avg loss: 0.002, Time: 2:19:35
Epoch id: 16, Training steps: 300, Avg loss: 0.003, Time: 2:20:18
Epoch id: 16, Training steps: 400, Avg loss: 0.002, Time: 2:21:01
Epoch id: 16, Training steps: 500, Avg loss: 0.003, Time: 2:21:44
Epoch id: 16, Training steps: 600, Avg loss: 0.003, Time: 2:22:27
Epoch id: 16, Training steps: 700, Avg loss: 0.003, Time: 2:23:10
Epoch id: 16, Training steps: 800, Avg loss: 0.003, Time: 2:23:53
Epoch id: 16, Training steps: 900, Avg loss: 0.002, Time: 2:24:36
Epoch id: 16, Training steps: 1000, Avg loss: 0.003, Time: 2:25:19
Epoch id: 16, Training steps: 1100, Avg loss: 0.003, Time: 2:26:02
Start evaluation on dev dataset.
/home/lyq2021/.conda/envs/lyq2021/lib/python3.10/site-packages/sklearn/metrics/_classification.py:1344: UndefinedMetricWarning: Precision is ill-defined and being set to 0.0 in samples with no predicted labels. Use `zero_division` parameter to control this behavior.
  _warn_prf(average, modifier, msg_start, len(result))
Acc. (Correct/Total): 54.41%% Prec: 0.7589 F1: 0.7115
Epoch id: 17, Training steps: 100, Avg loss: 0.004, Time: 2:27:37
Epoch id: 17, Training steps: 200, Avg loss: 0.003, Time: 2:28:20
Epoch id: 17, Training steps: 300, Avg loss: 0.002, Time: 2:29:02
Epoch id: 17, Training steps: 400, Avg loss: 0.002, Time: 2:29:45
Epoch id: 17, Training steps: 500, Avg loss: 0.002, Time: 2:30:28
Epoch id: 17, Training steps: 600, Avg loss: 0.002, Time: 2:31:11
Epoch id: 17, Training steps: 700, Avg loss: 0.003, Time: 2:31:54
Epoch id: 17, Training steps: 800, Avg loss: 0.002, Time: 2:32:37
Epoch id: 17, Training steps: 900, Avg loss: 0.002, Time: 2:33:20
Epoch id: 17, Training steps: 1000, Avg loss: 0.003, Time: 2:34:03
Epoch id: 17, Training steps: 1100, Avg loss: 0.002, Time: 2:34:46
Start evaluation on dev dataset.
/home/lyq2021/.conda/envs/lyq2021/lib/python3.10/site-packages/sklearn/metrics/_classification.py:1344: UndefinedMetricWarning: Precision is ill-defined and being set to 0.0 in samples with no predicted labels. Use `zero_division` parameter to control this behavior.
  _warn_prf(average, modifier, msg_start, len(result))
Acc. (Correct/Total): 54.80%% Prec: 0.7569 F1: 0.7078
Epoch id: 18, Training steps: 100, Avg loss: 0.003, Time: 2:36:21
Epoch id: 18, Training steps: 200, Avg loss: 0.002, Time: 2:37:04
Epoch id: 18, Training steps: 300, Avg loss: 0.002, Time: 2:37:47
Epoch id: 18, Training steps: 400, Avg loss: 0.002, Time: 2:38:30
Epoch id: 18, Training steps: 500, Avg loss: 0.002, Time: 2:39:13
Epoch id: 18, Training steps: 600, Avg loss: 0.002, Time: 2:39:55
Epoch id: 18, Training steps: 700, Avg loss: 0.002, Time: 2:40:38
Epoch id: 18, Training steps: 800, Avg loss: 0.002, Time: 2:41:21
Epoch id: 18, Training steps: 900, Avg loss: 0.002, Time: 2:42:04
Epoch id: 18, Training steps: 1000, Avg loss: 0.002, Time: 2:42:47
Epoch id: 18, Training steps: 1100, Avg loss: 0.002, Time: 2:43:30
Start evaluation on dev dataset.
/home/lyq2021/.conda/envs/lyq2021/lib/python3.10/site-packages/sklearn/metrics/_classification.py:1344: UndefinedMetricWarning: Precision is ill-defined and being set to 0.0 in samples with no predicted labels. Use `zero_division` parameter to control this behavior.
  _warn_prf(average, modifier, msg_start, len(result))
Acc. (Correct/Total): 55.85%% Prec: 0.7674 F1: 0.7228
Start evaluation on test dataset.
/home/lyq2021/.conda/envs/lyq2021/lib/python3.10/site-packages/sklearn/metrics/_classification.py:1344: UndefinedMetricWarning: Precision is ill-defined and being set to 0.0 in samples with no predicted labels. Use `zero_division` parameter to control this behavior.
  _warn_prf(average, modifier, msg_start, len(result))
Acc. (Correct/Total): 61.88%% Prec: 0.8043 F1: 0.7613
Epoch id: 19, Training steps: 100, Avg loss: 0.002, Time: 2:45:41
Epoch id: 19, Training steps: 200, Avg loss: 0.002, Time: 2:46:24
Epoch id: 19, Training steps: 300, Avg loss: 0.002, Time: 2:47:07
Epoch id: 19, Training steps: 400, Avg loss: 0.002, Time: 2:47:50
Epoch id: 19, Training steps: 500, Avg loss: 0.001, Time: 2:48:33
Epoch id: 19, Training steps: 600, Avg loss: 0.002, Time: 2:49:16
Epoch id: 19, Training steps: 700, Avg loss: 0.002, Time: 2:49:59
Epoch id: 19, Training steps: 800, Avg loss: 0.002, Time: 2:50:42
Epoch id: 19, Training steps: 900, Avg loss: 0.003, Time: 2:51:25
Epoch id: 19, Training steps: 1000, Avg loss: 0.002, Time: 2:52:08
Epoch id: 19, Training steps: 1100, Avg loss: 0.002, Time: 2:52:51
Start evaluation on dev dataset.
/home/lyq2021/.conda/envs/lyq2021/lib/python3.10/site-packages/sklearn/metrics/_classification.py:1344: UndefinedMetricWarning: Precision is ill-defined and being set to 0.0 in samples with no predicted labels. Use `zero_division` parameter to control this behavior.
  _warn_prf(average, modifier, msg_start, len(result))
Acc. (Correct/Total): 55.95%% Prec: 0.7664 F1: 0.7229
Start evaluation on test dataset.
/home/lyq2021/.conda/envs/lyq2021/lib/python3.10/site-packages/sklearn/metrics/_classification.py:1344: UndefinedMetricWarning: Precision is ill-defined and being set to 0.0 in samples with no predicted labels. Use `zero_division` parameter to control this behavior.
  _warn_prf(average, modifier, msg_start, len(result))
Acc. (Correct/Total): 61.88%% Prec: 0.7992 F1: 0.7595
Epoch id: 20, Training steps: 100, Avg loss: 0.002, Time: 2:55:02
Epoch id: 20, Training steps: 200, Avg loss: 0.002, Time: 2:55:45
Epoch id: 20, Training steps: 300, Avg loss: 0.003, Time: 2:56:28
Epoch id: 20, Training steps: 400, Avg loss: 0.002, Time: 2:57:11
Epoch id: 20, Training steps: 500, Avg loss: 0.002, Time: 2:57:53
Epoch id: 20, Training steps: 600, Avg loss: 0.005, Time: 2:58:36
Epoch id: 20, Training steps: 700, Avg loss: 0.003, Time: 2:59:19
Epoch id: 20, Training steps: 800, Avg loss: 0.003, Time: 3:00:02
Epoch id: 20, Training steps: 900, Avg loss: 0.003, Time: 3:00:45
Epoch id: 20, Training steps: 1000, Avg loss: 0.003, Time: 3:01:28
Epoch id: 20, Training steps: 1100, Avg loss: 0.003, Time: 3:02:11
Start evaluation on dev dataset.
/home/lyq2021/.conda/envs/lyq2021/lib/python3.10/site-packages/sklearn/metrics/_classification.py:1344: UndefinedMetricWarning: Precision is ill-defined and being set to 0.0 in samples with no predicted labels. Use `zero_division` parameter to control this behavior.
  _warn_prf(average, modifier, msg_start, len(result))
Acc. (Correct/Total): 55.37%% Prec: 0.7607 F1: 0.7250
Final evaluation on the test dataset.
The number of evaluation instances:  2067
/home/lyq2021/.conda/envs/lyq2021/lib/python3.10/site-packages/sklearn/metrics/_classification.py:1344: UndefinedMetricWarning: Precision is ill-defined and being set to 0.0 in samples with no predicted labels. Use `zero_division` parameter to control this behavior.
  _warn_prf(average, modifier, msg_start, len(result))
/home/lyq2021/.conda/envs/lyq2021/lib/python3.10/site-packages/sklearn/metrics/_classification.py:1344: UndefinedMetricWarning: Precision and F-score are ill-defined and being set to 0.0 in labels with no predicted samples. Use `zero_division` parameter to control this behavior.
  _warn_prf(average, modifier, msg_start, len(result))
/home/lyq2021/.conda/envs/lyq2021/lib/python3.10/site-packages/sklearn/metrics/_classification.py:1344: UndefinedMetricWarning: Precision and F-score are ill-defined and being set to 0.0 in samples with no predicted labels. Use `zero_division` parameter to control this behavior.
  _warn_prf(average, modifier, msg_start, len(result))
Acc. (Correct/Total): 61.88% Prec: 0.7992 F1: 0.7595
Precision, Recall and F1-Score...
              precision    recall  f1-score   support

         教育学     0.8358    0.9502    0.8893       241
          法学     0.9149    0.7679    0.8350       224
      中国语言文学     0.9156    0.7622    0.8319       185
         政治学     0.7914    0.6748    0.7285       163
         社会学     0.8832    0.7707    0.8231       157
         心理学     0.8974    0.5691    0.6965       123
       应用经济学     0.7527    0.5983    0.6667       117
         历史学     0.9125    0.6697    0.7725       109
     环境科学与工程     0.9020    0.8519    0.8762       108
          哲学     0.8095    0.7010    0.7514        97
      外国语言文学     0.8361    0.6000    0.6986        85
         生物学     0.8395    0.8608    0.8500        79
      交通运输工程     0.9241    0.9359    0.9299        78
        临床医学     0.8696    0.7895    0.8276        76
    计算机科学与技术     0.7407    0.8451    0.7895        71
        土木工程     0.9014    0.9697    0.9343        66
   航空宇航科学与技术     0.9636    0.8689    0.9138        61
         民族学     0.7368    0.5091    0.6022        55
   公共卫生与预防医学     0.7209    0.6078    0.6596        51
         美术学     0.8704    0.9400    0.9038        50
         艺术学     0.7391    0.7907    0.7640        43
         地理学     0.8182    0.6429    0.7200        42
         体育学     0.9231    0.6000    0.7273        40
       理论经济学     0.7692    0.7895    0.7792        38
         中医学     0.9375    0.8108    0.8696        37
         物理学     0.8529    0.8056    0.8286        36
          林学     0.8000    0.6061    0.6897        33
          数学     0.8750    0.4375    0.5833        32
     电子科学与技术     0.8333    0.3226    0.4651        31
        基础医学     0.5217    0.4138    0.4615        29
        工商管理     0.8889    0.5926    0.7111        27
       新闻传播学     0.8824    0.6818    0.7692        22
         天文学     0.8571    0.8182    0.8372        22
         地质学     0.7500    0.5714    0.6486        21
         畜牧学     0.8261    0.9048    0.8636        21
   军事思想及军事历史     0.8000    0.6000    0.6857        20
     管理科学与工程     0.6667    0.7778    0.7179        18
     测绘科学与技术     0.7778    0.4118    0.5385        17
        水利工程     0.9167    0.6875    0.7857        16
        大气科学     0.8667    0.8125    0.8387        16
     兵器科学与技术     0.8667    0.8667    0.8667        15
       地球物理学     0.7500    0.4286    0.5455        14
        电气工程     1.0000    0.5385    0.7000        13
         作物学     0.8182    0.6923    0.7500        13
     控制科学与工程     0.4000    0.3077    0.3478        13
     信息与通信工程     0.5789    0.8462    0.6875        13
        公共管理     0.2500    0.1538    0.1905        13
         建筑学     0.8000    0.6154    0.6957        13
     化学工程与技术     1.0000    0.6667    0.8000        12
          力学     0.7500    0.8182    0.7826        11
        海洋科学     0.9000    0.8182    0.8571        11
     轻工技术与工程     0.5000    0.3636    0.4211        11
        农业工程     1.0000    0.4000    0.5714        10
         园艺学     0.8889    0.8000    0.8421        10
       中西医结合     1.0000    0.4000    0.5714        10
        机械工程     1.0000    0.5556    0.7143         9
       科学技术史     1.0000    0.7500    0.8571         8
     船舶与海洋工程     1.0000    0.7500    0.8571         8
   图书情报与档案管理     0.8333    0.6250    0.7143         8
        植物保护     0.7273    1.0000    0.8421         8
     材料科学与工程     1.0000    0.7500    0.8571         8
         统计学     0.6667    0.7500    0.7059         8
          化学     1.0000    0.7500    0.8571         8
     食品科学与工程     1.0000    0.6250    0.7692         8
          水产     1.0000    0.8571    0.9231         7
          药学     1.0000    0.4286    0.6000         7
     农业资源与环境     1.0000    0.4286    0.6000         7
         世界史     0.8333    0.7143    0.7692         7
        系统科学     1.0000    0.4286    0.6000         7
      农林经济管理     0.6667    0.8000    0.7273         5
       军队指挥学     1.0000    0.4000    0.5714         5
        矿业工程     0.7500    0.6000    0.6667         5
     纺织科学与工程     0.7143    1.0000    0.8333         5
  动力工程及工程热物理     0.0000    0.0000    0.0000         4
        林业工程     0.5000    0.2500    0.3333         4
     仪器科学与技术     0.0000    0.0000    0.0000         3
         战略学     1.0000    0.3333    0.5000         3
   地质资源与地质工程     1.0000    1.0000    1.0000         3
        旅游管理     1.0000    0.3333    0.5000         3
 图书馆、情报与档案管理     0.0000    0.0000    0.0000         2
        冶金工程     0.0000    0.0000    0.0000         2
      核科学与技术     0.0000    0.0000    0.0000         2

   micro avg     0.8435    0.7265    0.7806      3093
   macro avg     0.7868    0.6240    0.6792      3093
weighted avg     0.8432    0.7265    0.7719      3093
 samples avg     0.7992    0.7486    0.7595      3093

