nohup: 忽略输入
  0%|          | 0/82 [00:00<?, ?it/s]100%|██████████| 82/82 [00:00<00:00, 1165874.33it/s]
model:  ernie-rcnn
pretrained:  ernie1
task:  MLC-slice
dataset:  book_multilabels_task
seq_length:  256
hidden_dropout_prob:  0.1
attention_probs_dropout_prob:  0.1
epochs_num:  20
batch_size:  8
learning_rate:  2e-05
report_steps:  100
kg_name:  CnDbpedia
no_kg:  False
no_vm:  False
Vocabulary Size:  17964
[BertClassifier] use visible_matrix: True
Some weights of the model checkpoint at ./models/ernie1 were not used when initializing ErnieRCNNForMultiLabelSequenceClassificationSlice: ['cls.predictions.transform.LayerNorm.bias', 'cls.predictions.transform.dense.bias', 'cls.predictions.bias', 'cls.predictions.transform.dense.weight', 'cls.predictions.transform.LayerNorm.weight', 'ernie.pooler.dense.bias', 'ernie.pooler.dense.weight']
- This IS expected if you are initializing ErnieRCNNForMultiLabelSequenceClassificationSlice from the checkpoint of a model trained on another task or with another architecture (e.g. initializing a BertForSequenceClassification model from a BertForPreTraining model).
- This IS NOT expected if you are initializing ErnieRCNNForMultiLabelSequenceClassificationSlice from the checkpoint of a model that you expect to be exactly identical (initializing a BertForSequenceClassification model from a BertForSequenceClassification model).
Some weights of ErnieRCNNForMultiLabelSequenceClassificationSlice were not initialized from the model checkpoint at ./models/ernie1 and are newly initialized: ['classifier.bias', 'lstm.bias_ih_l0_reverse', 'lstm.bias_ih_l1', 'lstm.weight_hh_l1', 'classifier.weight', 'lstm.bias_hh_l0', 'lstm.bias_hh_l1', 'lstm.bias_hh_l0_reverse', 'lstm.weight_ih_l1', 'lstm.weight_hh_l0', 'lstm.weight_ih_l1_reverse', 'lstm.bias_hh_l1_reverse', 'output_layer_1.weight', 'lstm.weight_hh_l1_reverse', 'lstm.weight_ih_l0_reverse', 'lstm.bias_ih_l1_reverse', 'lstm.weight_ih_l0', 'output_layer_1.bias', 'lstm.weight_hh_l0_reverse', 'lstm.bias_ih_l0']
You should probably TRAIN this model on a down-stream task to be able to use it for predictions and inference.
1 GPUs are available. Let's use them.
device:  cuda
[KnowledgeGraph] Loading spo from /home/lyq2021/experiment/K-BERT-HUGGINGFACE/brain/kgs/CnDbpedia.spo
Start training.
Loading sentences from ./datasets/book_multilabels_task/train.tsv
There are 9097 sentence in total. We use 1 processes to inject knowledge into sentences.
Progress of process 0: 0/9097
Loading sentences from ./datasets/book_multilabels_task/dev.tsv
There are 2084 sentence in total. We use 1 processes to inject knowledge into sentences.
Progress of process 0: 0/2084
Loading sentences from ./datasets/book_multilabels_task/test.tsv
There are 2067 sentence in total. We use 1 processes to inject knowledge into sentences.
Progress of process 0: 0/2067
Epoch id: 1, Training steps: 100, Avg loss: 0.291, Time: 0:00:40
Epoch id: 1, Training steps: 200, Avg loss: 0.101, Time: 0:01:22
Epoch id: 1, Training steps: 300, Avg loss: 0.089, Time: 0:02:03
Epoch id: 1, Training steps: 400, Avg loss: 0.086, Time: 0:02:45
Epoch id: 1, Training steps: 500, Avg loss: 0.082, Time: 0:03:27
Epoch id: 1, Training steps: 600, Avg loss: 0.082, Time: 0:04:08
Epoch id: 1, Training steps: 700, Avg loss: 0.083, Time: 0:04:50
Epoch id: 1, Training steps: 800, Avg loss: 0.080, Time: 0:05:32
Epoch id: 1, Training steps: 900, Avg loss: 0.074, Time: 0:06:14
Epoch id: 1, Training steps: 1000, Avg loss: 0.068, Time: 0:06:56
Epoch id: 1, Training steps: 1100, Avg loss: 0.060, Time: 0:07:37
Start evaluation on dev dataset.
/home/lyq2021/.conda/envs/lyq2021/lib/python3.10/site-packages/sklearn/metrics/_classification.py:1344: UndefinedMetricWarning: Precision is ill-defined and being set to 0.0 in samples with no predicted labels. Use `zero_division` parameter to control this behavior.
  _warn_prf(average, modifier, msg_start, len(result))
Acc. (Correct/Total):  3.65%% Prec: 0.0578 F1: 0.0514
Start evaluation on test dataset.
/home/lyq2021/.conda/envs/lyq2021/lib/python3.10/site-packages/sklearn/metrics/_classification.py:1344: UndefinedMetricWarning: Precision is ill-defined and being set to 0.0 in samples with no predicted labels. Use `zero_division` parameter to control this behavior.
  _warn_prf(average, modifier, msg_start, len(result))
Acc. (Correct/Total):  3.68%% Prec: 0.0677 F1: 0.0572
Epoch id: 2, Training steps: 100, Avg loss: 0.076, Time: 0:09:48
Epoch id: 2, Training steps: 200, Avg loss: 0.052, Time: 0:10:29
Epoch id: 2, Training steps: 300, Avg loss: 0.048, Time: 0:11:11
Epoch id: 2, Training steps: 400, Avg loss: 0.047, Time: 0:11:53
Epoch id: 2, Training steps: 500, Avg loss: 0.044, Time: 0:12:35
Epoch id: 2, Training steps: 600, Avg loss: 0.041, Time: 0:13:16
Epoch id: 2, Training steps: 700, Avg loss: 0.041, Time: 0:13:58
Epoch id: 2, Training steps: 800, Avg loss: 0.039, Time: 0:14:40
Epoch id: 2, Training steps: 900, Avg loss: 0.039, Time: 0:15:22
Epoch id: 2, Training steps: 1000, Avg loss: 0.039, Time: 0:16:04
Epoch id: 2, Training steps: 1100, Avg loss: 0.036, Time: 0:16:45
Start evaluation on dev dataset.
/home/lyq2021/.conda/envs/lyq2021/lib/python3.10/site-packages/sklearn/metrics/_classification.py:1344: UndefinedMetricWarning: Precision is ill-defined and being set to 0.0 in samples with no predicted labels. Use `zero_division` parameter to control this behavior.
  _warn_prf(average, modifier, msg_start, len(result))
Acc. (Correct/Total): 24.33%% Prec: 0.3635 F1: 0.3253
Start evaluation on test dataset.
/home/lyq2021/.conda/envs/lyq2021/lib/python3.10/site-packages/sklearn/metrics/_classification.py:1344: UndefinedMetricWarning: Precision is ill-defined and being set to 0.0 in samples with no predicted labels. Use `zero_division` parameter to control this behavior.
  _warn_prf(average, modifier, msg_start, len(result))
Acc. (Correct/Total): 29.70%% Prec: 0.3950 F1: 0.3635
Epoch id: 3, Training steps: 100, Avg loss: 0.046, Time: 0:18:55
Epoch id: 3, Training steps: 200, Avg loss: 0.032, Time: 0:19:37
Epoch id: 3, Training steps: 300, Avg loss: 0.033, Time: 0:20:18
Epoch id: 3, Training steps: 400, Avg loss: 0.034, Time: 0:21:00
Epoch id: 3, Training steps: 500, Avg loss: 0.030, Time: 0:21:42
Epoch id: 3, Training steps: 600, Avg loss: 0.031, Time: 0:22:24
Epoch id: 3, Training steps: 700, Avg loss: 0.032, Time: 0:23:06
Epoch id: 3, Training steps: 800, Avg loss: 0.031, Time: 0:23:47
Epoch id: 3, Training steps: 900, Avg loss: 0.031, Time: 0:24:29
Epoch id: 3, Training steps: 1000, Avg loss: 0.030, Time: 0:25:11
Epoch id: 3, Training steps: 1100, Avg loss: 0.027, Time: 0:25:53
Start evaluation on dev dataset.
/home/lyq2021/.conda/envs/lyq2021/lib/python3.10/site-packages/sklearn/metrics/_classification.py:1344: UndefinedMetricWarning: Precision is ill-defined and being set to 0.0 in samples with no predicted labels. Use `zero_division` parameter to control this behavior.
  _warn_prf(average, modifier, msg_start, len(result))
Acc. (Correct/Total): 25.29%% Prec: 0.4163 F1: 0.3635
Start evaluation on test dataset.
/home/lyq2021/.conda/envs/lyq2021/lib/python3.10/site-packages/sklearn/metrics/_classification.py:1344: UndefinedMetricWarning: Precision is ill-defined and being set to 0.0 in samples with no predicted labels. Use `zero_division` parameter to control this behavior.
  _warn_prf(average, modifier, msg_start, len(result))
Acc. (Correct/Total): 30.58%% Prec: 0.4528 F1: 0.4050
Epoch id: 4, Training steps: 100, Avg loss: 0.037, Time: 0:28:02
Epoch id: 4, Training steps: 200, Avg loss: 0.026, Time: 0:28:44
Epoch id: 4, Training steps: 300, Avg loss: 0.026, Time: 0:29:26
Epoch id: 4, Training steps: 400, Avg loss: 0.026, Time: 0:30:08
Epoch id: 4, Training steps: 500, Avg loss: 0.025, Time: 0:30:50
Epoch id: 4, Training steps: 600, Avg loss: 0.025, Time: 0:31:31
Epoch id: 4, Training steps: 700, Avg loss: 0.025, Time: 0:32:13
Epoch id: 4, Training steps: 800, Avg loss: 0.025, Time: 0:32:55
Epoch id: 4, Training steps: 900, Avg loss: 0.026, Time: 0:33:37
Epoch id: 4, Training steps: 1000, Avg loss: 0.024, Time: 0:34:18
Epoch id: 4, Training steps: 1100, Avg loss: 0.024, Time: 0:35:00
Start evaluation on dev dataset.
/home/lyq2021/.conda/envs/lyq2021/lib/python3.10/site-packages/sklearn/metrics/_classification.py:1344: UndefinedMetricWarning: Precision is ill-defined and being set to 0.0 in samples with no predicted labels. Use `zero_division` parameter to control this behavior.
  _warn_prf(average, modifier, msg_start, len(result))
Acc. (Correct/Total): 36.28%% Prec: 0.5405 F1: 0.4853
Start evaluation on test dataset.
/home/lyq2021/.conda/envs/lyq2021/lib/python3.10/site-packages/sklearn/metrics/_classification.py:1344: UndefinedMetricWarning: Precision is ill-defined and being set to 0.0 in samples with no predicted labels. Use `zero_division` parameter to control this behavior.
  _warn_prf(average, modifier, msg_start, len(result))
Acc. (Correct/Total): 40.98%% Prec: 0.5818 F1: 0.5273
Epoch id: 5, Training steps: 100, Avg loss: 0.030, Time: 0:37:10
Epoch id: 5, Training steps: 200, Avg loss: 0.022, Time: 0:37:52
Epoch id: 5, Training steps: 300, Avg loss: 0.021, Time: 0:38:34
Epoch id: 5, Training steps: 400, Avg loss: 0.022, Time: 0:39:16
Epoch id: 5, Training steps: 500, Avg loss: 0.022, Time: 0:39:58
Epoch id: 5, Training steps: 600, Avg loss: 0.021, Time: 0:40:40
Epoch id: 5, Training steps: 700, Avg loss: 0.021, Time: 0:41:22
Epoch id: 5, Training steps: 800, Avg loss: 0.019, Time: 0:42:04
Epoch id: 5, Training steps: 900, Avg loss: 0.021, Time: 0:42:47
Epoch id: 5, Training steps: 1000, Avg loss: 0.021, Time: 0:43:29
Epoch id: 5, Training steps: 1100, Avg loss: 0.018, Time: 0:44:11
Start evaluation on dev dataset.
/home/lyq2021/.conda/envs/lyq2021/lib/python3.10/site-packages/sklearn/metrics/_classification.py:1344: UndefinedMetricWarning: Precision is ill-defined and being set to 0.0 in samples with no predicted labels. Use `zero_division` parameter to control this behavior.
  _warn_prf(average, modifier, msg_start, len(result))
Acc. (Correct/Total): 41.03%% Prec: 0.6094 F1: 0.5480
Start evaluation on test dataset.
/home/lyq2021/.conda/envs/lyq2021/lib/python3.10/site-packages/sklearn/metrics/_classification.py:1344: UndefinedMetricWarning: Precision is ill-defined and being set to 0.0 in samples with no predicted labels. Use `zero_division` parameter to control this behavior.
  _warn_prf(average, modifier, msg_start, len(result))
Acc. (Correct/Total): 46.35%% Prec: 0.6502 F1: 0.5921
Epoch id: 6, Training steps: 100, Avg loss: 0.025, Time: 0:46:21
Epoch id: 6, Training steps: 200, Avg loss: 0.017, Time: 0:47:03
Epoch id: 6, Training steps: 300, Avg loss: 0.017, Time: 0:47:46
Epoch id: 6, Training steps: 400, Avg loss: 0.017, Time: 0:48:28
Epoch id: 6, Training steps: 500, Avg loss: 0.017, Time: 0:49:10
Epoch id: 6, Training steps: 600, Avg loss: 0.018, Time: 0:49:52
Epoch id: 6, Training steps: 700, Avg loss: 0.017, Time: 0:50:34
Epoch id: 6, Training steps: 800, Avg loss: 0.018, Time: 0:51:16
Epoch id: 6, Training steps: 900, Avg loss: 0.019, Time: 0:51:58
Epoch id: 6, Training steps: 1000, Avg loss: 0.018, Time: 0:52:41
Epoch id: 6, Training steps: 1100, Avg loss: 0.018, Time: 0:53:23
Start evaluation on dev dataset.
/home/lyq2021/.conda/envs/lyq2021/lib/python3.10/site-packages/sklearn/metrics/_classification.py:1344: UndefinedMetricWarning: Precision is ill-defined and being set to 0.0 in samples with no predicted labels. Use `zero_division` parameter to control this behavior.
  _warn_prf(average, modifier, msg_start, len(result))
Acc. (Correct/Total): 41.27%% Prec: 0.6075 F1: 0.5493
Start evaluation on test dataset.
/home/lyq2021/.conda/envs/lyq2021/lib/python3.10/site-packages/sklearn/metrics/_classification.py:1344: UndefinedMetricWarning: Precision is ill-defined and being set to 0.0 in samples with no predicted labels. Use `zero_division` parameter to control this behavior.
  _warn_prf(average, modifier, msg_start, len(result))
Acc. (Correct/Total): 47.46%% Prec: 0.6626 F1: 0.6043
Epoch id: 7, Training steps: 100, Avg loss: 0.021, Time: 0:55:33
Epoch id: 7, Training steps: 200, Avg loss: 0.014, Time: 0:56:15
Epoch id: 7, Training steps: 300, Avg loss: 0.015, Time: 0:56:57
Epoch id: 7, Training steps: 400, Avg loss: 0.015, Time: 0:57:39
Epoch id: 7, Training steps: 500, Avg loss: 0.014, Time: 0:58:22
Epoch id: 7, Training steps: 600, Avg loss: 0.013, Time: 0:59:04
Epoch id: 7, Training steps: 700, Avg loss: 0.016, Time: 0:59:45
Epoch id: 7, Training steps: 800, Avg loss: 0.014, Time: 1:00:27
Epoch id: 7, Training steps: 900, Avg loss: 0.014, Time: 1:01:09
Epoch id: 7, Training steps: 1000, Avg loss: 0.015, Time: 1:01:51
Epoch id: 7, Training steps: 1100, Avg loss: 0.015, Time: 1:02:32
Start evaluation on dev dataset.
/home/lyq2021/.conda/envs/lyq2021/lib/python3.10/site-packages/sklearn/metrics/_classification.py:1344: UndefinedMetricWarning: Precision is ill-defined and being set to 0.0 in samples with no predicted labels. Use `zero_division` parameter to control this behavior.
  _warn_prf(average, modifier, msg_start, len(result))
Acc. (Correct/Total): 45.87%% Prec: 0.6665 F1: 0.6066
Start evaluation on test dataset.
/home/lyq2021/.conda/envs/lyq2021/lib/python3.10/site-packages/sklearn/metrics/_classification.py:1344: UndefinedMetricWarning: Precision is ill-defined and being set to 0.0 in samples with no predicted labels. Use `zero_division` parameter to control this behavior.
  _warn_prf(average, modifier, msg_start, len(result))
Acc. (Correct/Total): 51.57%% Prec: 0.7279 F1: 0.6635
Epoch id: 8, Training steps: 100, Avg loss: 0.018, Time: 1:04:42
Epoch id: 8, Training steps: 200, Avg loss: 0.011, Time: 1:05:24
Epoch id: 8, Training steps: 300, Avg loss: 0.012, Time: 1:06:06
Epoch id: 8, Training steps: 400, Avg loss: 0.012, Time: 1:06:48
Epoch id: 8, Training steps: 500, Avg loss: 0.012, Time: 1:07:30
Epoch id: 8, Training steps: 600, Avg loss: 0.013, Time: 1:08:11
Epoch id: 8, Training steps: 700, Avg loss: 0.012, Time: 1:08:53
Epoch id: 8, Training steps: 800, Avg loss: 0.013, Time: 1:09:35
Epoch id: 8, Training steps: 900, Avg loss: 0.012, Time: 1:10:17
Epoch id: 8, Training steps: 1000, Avg loss: 0.014, Time: 1:10:58
Epoch id: 8, Training steps: 1100, Avg loss: 0.013, Time: 1:11:40
Start evaluation on dev dataset.
/home/lyq2021/.conda/envs/lyq2021/lib/python3.10/site-packages/sklearn/metrics/_classification.py:1344: UndefinedMetricWarning: Precision is ill-defined and being set to 0.0 in samples with no predicted labels. Use `zero_division` parameter to control this behavior.
  _warn_prf(average, modifier, msg_start, len(result))
Acc. (Correct/Total): 47.41%% Prec: 0.6900 F1: 0.6321
Start evaluation on test dataset.
/home/lyq2021/.conda/envs/lyq2021/lib/python3.10/site-packages/sklearn/metrics/_classification.py:1344: UndefinedMetricWarning: Precision is ill-defined and being set to 0.0 in samples with no predicted labels. Use `zero_division` parameter to control this behavior.
  _warn_prf(average, modifier, msg_start, len(result))
Acc. (Correct/Total): 54.33%% Prec: 0.7458 F1: 0.6881
Epoch id: 9, Training steps: 100, Avg loss: 0.014, Time: 1:13:51
Epoch id: 9, Training steps: 200, Avg loss: 0.010, Time: 1:14:32
Epoch id: 9, Training steps: 300, Avg loss: 0.009, Time: 1:15:14
Epoch id: 9, Training steps: 400, Avg loss: 0.011, Time: 1:15:56
Epoch id: 9, Training steps: 500, Avg loss: 0.010, Time: 1:16:38
Epoch id: 9, Training steps: 600, Avg loss: 0.010, Time: 1:17:19
Epoch id: 9, Training steps: 700, Avg loss: 0.011, Time: 1:18:01
Epoch id: 9, Training steps: 800, Avg loss: 0.010, Time: 1:18:43
Epoch id: 9, Training steps: 900, Avg loss: 0.011, Time: 1:19:25
Epoch id: 9, Training steps: 1000, Avg loss: 0.010, Time: 1:20:07
Epoch id: 9, Training steps: 1100, Avg loss: 0.010, Time: 1:20:48
Start evaluation on dev dataset.
/home/lyq2021/.conda/envs/lyq2021/lib/python3.10/site-packages/sklearn/metrics/_classification.py:1344: UndefinedMetricWarning: Precision is ill-defined and being set to 0.0 in samples with no predicted labels. Use `zero_division` parameter to control this behavior.
  _warn_prf(average, modifier, msg_start, len(result))
Acc. (Correct/Total): 48.99%% Prec: 0.7044 F1: 0.6458
Start evaluation on test dataset.
/home/lyq2021/.conda/envs/lyq2021/lib/python3.10/site-packages/sklearn/metrics/_classification.py:1344: UndefinedMetricWarning: Precision is ill-defined and being set to 0.0 in samples with no predicted labels. Use `zero_division` parameter to control this behavior.
  _warn_prf(average, modifier, msg_start, len(result))
Acc. (Correct/Total): 54.28%% Prec: 0.7443 F1: 0.6844
Epoch id: 10, Training steps: 100, Avg loss: 0.013, Time: 1:22:58
Epoch id: 10, Training steps: 200, Avg loss: 0.008, Time: 1:23:40
Epoch id: 10, Training steps: 300, Avg loss: 0.007, Time: 1:24:22
Epoch id: 10, Training steps: 400, Avg loss: 0.009, Time: 1:25:03
Epoch id: 10, Training steps: 500, Avg loss: 0.009, Time: 1:25:45
Epoch id: 10, Training steps: 600, Avg loss: 0.009, Time: 1:26:27
Epoch id: 10, Training steps: 700, Avg loss: 0.007, Time: 1:27:08
Epoch id: 10, Training steps: 800, Avg loss: 0.008, Time: 1:27:49
Epoch id: 10, Training steps: 900, Avg loss: 0.008, Time: 1:28:31
Epoch id: 10, Training steps: 1000, Avg loss: 0.008, Time: 1:29:13
Epoch id: 10, Training steps: 1100, Avg loss: 0.010, Time: 1:29:55
Start evaluation on dev dataset.
/home/lyq2021/.conda/envs/lyq2021/lib/python3.10/site-packages/sklearn/metrics/_classification.py:1344: UndefinedMetricWarning: Precision is ill-defined and being set to 0.0 in samples with no predicted labels. Use `zero_division` parameter to control this behavior.
  _warn_prf(average, modifier, msg_start, len(result))
Acc. (Correct/Total): 49.28%% Prec: 0.6935 F1: 0.6388
Start evaluation on test dataset.
/home/lyq2021/.conda/envs/lyq2021/lib/python3.10/site-packages/sklearn/metrics/_classification.py:1344: UndefinedMetricWarning: Precision is ill-defined and being set to 0.0 in samples with no predicted labels. Use `zero_division` parameter to control this behavior.
  _warn_prf(average, modifier, msg_start, len(result))
Acc. (Correct/Total): 55.30%% Prec: 0.7382 F1: 0.6845
Epoch id: 11, Training steps: 100, Avg loss: 0.010, Time: 1:32:05
Epoch id: 11, Training steps: 200, Avg loss: 0.007, Time: 1:32:46
Epoch id: 11, Training steps: 300, Avg loss: 0.007, Time: 1:33:28
Epoch id: 11, Training steps: 400, Avg loss: 0.007, Time: 1:34:10
Epoch id: 11, Training steps: 500, Avg loss: 0.006, Time: 1:34:52
Epoch id: 11, Training steps: 600, Avg loss: 0.008, Time: 1:35:33
Epoch id: 11, Training steps: 700, Avg loss: 0.007, Time: 1:36:15
Epoch id: 11, Training steps: 800, Avg loss: 0.007, Time: 1:36:57
Epoch id: 11, Training steps: 900, Avg loss: 0.007, Time: 1:37:39
Epoch id: 11, Training steps: 1000, Avg loss: 0.007, Time: 1:38:21
Epoch id: 11, Training steps: 1100, Avg loss: 0.006, Time: 1:39:02
Start evaluation on dev dataset.
/home/lyq2021/.conda/envs/lyq2021/lib/python3.10/site-packages/sklearn/metrics/_classification.py:1344: UndefinedMetricWarning: Precision is ill-defined and being set to 0.0 in samples with no predicted labels. Use `zero_division` parameter to control this behavior.
  _warn_prf(average, modifier, msg_start, len(result))
Acc. (Correct/Total): 51.15%% Prec: 0.7279 F1: 0.6725
Start evaluation on test dataset.
/home/lyq2021/.conda/envs/lyq2021/lib/python3.10/site-packages/sklearn/metrics/_classification.py:1344: UndefinedMetricWarning: Precision is ill-defined and being set to 0.0 in samples with no predicted labels. Use `zero_division` parameter to control this behavior.
  _warn_prf(average, modifier, msg_start, len(result))
Acc. (Correct/Total): 57.57%% Prec: 0.7723 F1: 0.7187
Epoch id: 12, Training steps: 100, Avg loss: 0.008, Time: 1:41:12
Epoch id: 12, Training steps: 200, Avg loss: 0.006, Time: 1:41:54
Epoch id: 12, Training steps: 300, Avg loss: 0.006, Time: 1:42:36
Epoch id: 12, Training steps: 400, Avg loss: 0.005, Time: 1:43:18
Epoch id: 12, Training steps: 500, Avg loss: 0.006, Time: 1:43:59
Epoch id: 12, Training steps: 600, Avg loss: 0.005, Time: 1:44:41
Epoch id: 12, Training steps: 700, Avg loss: 0.005, Time: 1:45:23
Epoch id: 12, Training steps: 800, Avg loss: 0.006, Time: 1:46:05
Epoch id: 12, Training steps: 900, Avg loss: 0.006, Time: 1:46:47
Epoch id: 12, Training steps: 1000, Avg loss: 0.006, Time: 1:47:28
Epoch id: 12, Training steps: 1100, Avg loss: 0.005, Time: 1:48:10
Start evaluation on dev dataset.
/home/lyq2021/.conda/envs/lyq2021/lib/python3.10/site-packages/sklearn/metrics/_classification.py:1344: UndefinedMetricWarning: Precision is ill-defined and being set to 0.0 in samples with no predicted labels. Use `zero_division` parameter to control this behavior.
  _warn_prf(average, modifier, msg_start, len(result))
Acc. (Correct/Total): 51.68%% Prec: 0.7395 F1: 0.6797
Start evaluation on test dataset.
/home/lyq2021/.conda/envs/lyq2021/lib/python3.10/site-packages/sklearn/metrics/_classification.py:1344: UndefinedMetricWarning: Precision is ill-defined and being set to 0.0 in samples with no predicted labels. Use `zero_division` parameter to control this behavior.
  _warn_prf(average, modifier, msg_start, len(result))
Acc. (Correct/Total): 57.67%% Prec: 0.7667 F1: 0.7149
Epoch id: 13, Training steps: 100, Avg loss: 0.007, Time: 1:50:20
Epoch id: 13, Training steps: 200, Avg loss: 0.004, Time: 1:51:02
Epoch id: 13, Training steps: 300, Avg loss: 0.004, Time: 1:51:44
Epoch id: 13, Training steps: 400, Avg loss: 0.005, Time: 1:52:26
Epoch id: 13, Training steps: 500, Avg loss: 0.005, Time: 1:53:08
Epoch id: 13, Training steps: 600, Avg loss: 0.006, Time: 1:53:50
Epoch id: 13, Training steps: 700, Avg loss: 0.006, Time: 1:54:32
Epoch id: 13, Training steps: 800, Avg loss: 0.005, Time: 1:55:14
Epoch id: 13, Training steps: 900, Avg loss: 0.005, Time: 1:55:56
Epoch id: 13, Training steps: 1000, Avg loss: 0.005, Time: 1:56:37
Epoch id: 13, Training steps: 1100, Avg loss: 0.006, Time: 1:57:18
Start evaluation on dev dataset.
/home/lyq2021/.conda/envs/lyq2021/lib/python3.10/site-packages/sklearn/metrics/_classification.py:1344: UndefinedMetricWarning: Precision is ill-defined and being set to 0.0 in samples with no predicted labels. Use `zero_division` parameter to control this behavior.
  _warn_prf(average, modifier, msg_start, len(result))
Acc. (Correct/Total): 52.88%% Prec: 0.7355 F1: 0.6852
Start evaluation on test dataset.
/home/lyq2021/.conda/envs/lyq2021/lib/python3.10/site-packages/sklearn/metrics/_classification.py:1344: UndefinedMetricWarning: Precision is ill-defined and being set to 0.0 in samples with no predicted labels. Use `zero_division` parameter to control this behavior.
  _warn_prf(average, modifier, msg_start, len(result))
Acc. (Correct/Total): 58.83%% Prec: 0.7754 F1: 0.7273
Epoch id: 14, Training steps: 100, Avg loss: 0.006, Time: 1:59:27
Epoch id: 14, Training steps: 200, Avg loss: 0.004, Time: 2:00:08
Epoch id: 14, Training steps: 300, Avg loss: 0.004, Time: 2:00:49
Epoch id: 14, Training steps: 400, Avg loss: 0.004, Time: 2:01:30
Epoch id: 14, Training steps: 500, Avg loss: 0.004, Time: 2:02:10
Epoch id: 14, Training steps: 600, Avg loss: 0.004, Time: 2:02:51
Epoch id: 14, Training steps: 700, Avg loss: 0.004, Time: 2:03:32
Epoch id: 14, Training steps: 800, Avg loss: 0.004, Time: 2:04:13
Epoch id: 14, Training steps: 900, Avg loss: 0.004, Time: 2:04:54
Epoch id: 14, Training steps: 1000, Avg loss: 0.004, Time: 2:05:35
Epoch id: 14, Training steps: 1100, Avg loss: 0.004, Time: 2:06:16
Start evaluation on dev dataset.
/home/lyq2021/.conda/envs/lyq2021/lib/python3.10/site-packages/sklearn/metrics/_classification.py:1344: UndefinedMetricWarning: Precision is ill-defined and being set to 0.0 in samples with no predicted labels. Use `zero_division` parameter to control this behavior.
  _warn_prf(average, modifier, msg_start, len(result))
Acc. (Correct/Total): 53.21%% Prec: 0.7382 F1: 0.6914
Start evaluation on test dataset.
/home/lyq2021/.conda/envs/lyq2021/lib/python3.10/site-packages/sklearn/metrics/_classification.py:1344: UndefinedMetricWarning: Precision is ill-defined and being set to 0.0 in samples with no predicted labels. Use `zero_division` parameter to control this behavior.
  _warn_prf(average, modifier, msg_start, len(result))
Acc. (Correct/Total): 60.09%% Prec: 0.7854 F1: 0.7401
Epoch id: 15, Training steps: 100, Avg loss: 0.005, Time: 2:08:25
Epoch id: 15, Training steps: 200, Avg loss: 0.003, Time: 2:09:07
Epoch id: 15, Training steps: 300, Avg loss: 0.003, Time: 2:09:49
Epoch id: 15, Training steps: 400, Avg loss: 0.003, Time: 2:10:31
Epoch id: 15, Training steps: 500, Avg loss: 0.003, Time: 2:11:12
Epoch id: 15, Training steps: 600, Avg loss: 0.003, Time: 2:11:55
Epoch id: 15, Training steps: 700, Avg loss: 0.004, Time: 2:12:37
Epoch id: 15, Training steps: 800, Avg loss: 0.003, Time: 2:13:19
Epoch id: 15, Training steps: 900, Avg loss: 0.003, Time: 2:14:01
Epoch id: 15, Training steps: 1000, Avg loss: 0.004, Time: 2:14:43
Epoch id: 15, Training steps: 1100, Avg loss: 0.009, Time: 2:15:25
Start evaluation on dev dataset.
/home/lyq2021/.conda/envs/lyq2021/lib/python3.10/site-packages/sklearn/metrics/_classification.py:1344: UndefinedMetricWarning: Precision is ill-defined and being set to 0.0 in samples with no predicted labels. Use `zero_division` parameter to control this behavior.
  _warn_prf(average, modifier, msg_start, len(result))
Acc. (Correct/Total): 52.16%% Prec: 0.7398 F1: 0.6929
Epoch id: 16, Training steps: 100, Avg loss: 0.006, Time: 2:16:59
Epoch id: 16, Training steps: 200, Avg loss: 0.003, Time: 2:17:41
Epoch id: 16, Training steps: 300, Avg loss: 0.003, Time: 2:18:23
Epoch id: 16, Training steps: 400, Avg loss: 0.003, Time: 2:19:05
Epoch id: 16, Training steps: 500, Avg loss: 0.003, Time: 2:19:47
Epoch id: 16, Training steps: 600, Avg loss: 0.003, Time: 2:20:29
Epoch id: 16, Training steps: 700, Avg loss: 0.003, Time: 2:21:11
Epoch id: 16, Training steps: 800, Avg loss: 0.003, Time: 2:21:53
Epoch id: 16, Training steps: 900, Avg loss: 0.003, Time: 2:22:34
Epoch id: 16, Training steps: 1000, Avg loss: 0.003, Time: 2:23:16
Epoch id: 16, Training steps: 1100, Avg loss: 0.003, Time: 2:23:58
Start evaluation on dev dataset.
/home/lyq2021/.conda/envs/lyq2021/lib/python3.10/site-packages/sklearn/metrics/_classification.py:1344: UndefinedMetricWarning: Precision is ill-defined and being set to 0.0 in samples with no predicted labels. Use `zero_division` parameter to control this behavior.
  _warn_prf(average, modifier, msg_start, len(result))
Acc. (Correct/Total): 53.17%% Prec: 0.7530 F1: 0.7013
Epoch id: 17, Training steps: 100, Avg loss: 0.004, Time: 2:25:31
Epoch id: 17, Training steps: 200, Avg loss: 0.003, Time: 2:26:13
Epoch id: 17, Training steps: 300, Avg loss: 0.002, Time: 2:26:55
Epoch id: 17, Training steps: 400, Avg loss: 0.002, Time: 2:27:37
Epoch id: 17, Training steps: 500, Avg loss: 0.003, Time: 2:28:18
Epoch id: 17, Training steps: 600, Avg loss: 0.002, Time: 2:29:00
Epoch id: 17, Training steps: 700, Avg loss: 0.003, Time: 2:29:42
Epoch id: 17, Training steps: 800, Avg loss: 0.002, Time: 2:30:24
Epoch id: 17, Training steps: 900, Avg loss: 0.003, Time: 2:31:06
Epoch id: 17, Training steps: 1000, Avg loss: 0.003, Time: 2:31:47
Epoch id: 17, Training steps: 1100, Avg loss: 0.002, Time: 2:32:29
Start evaluation on dev dataset.
/home/lyq2021/.conda/envs/lyq2021/lib/python3.10/site-packages/sklearn/metrics/_classification.py:1344: UndefinedMetricWarning: Precision is ill-defined and being set to 0.0 in samples with no predicted labels. Use `zero_division` parameter to control this behavior.
  _warn_prf(average, modifier, msg_start, len(result))
Acc. (Correct/Total): 53.84%% Prec: 0.7550 F1: 0.7103
Start evaluation on test dataset.
/home/lyq2021/.conda/envs/lyq2021/lib/python3.10/site-packages/sklearn/metrics/_classification.py:1344: UndefinedMetricWarning: Precision is ill-defined and being set to 0.0 in samples with no predicted labels. Use `zero_division` parameter to control this behavior.
  _warn_prf(average, modifier, msg_start, len(result))
Acc. (Correct/Total): 60.86%% Prec: 0.7878 F1: 0.7478
Epoch id: 18, Training steps: 100, Avg loss: 0.003, Time: 2:34:39
Epoch id: 18, Training steps: 200, Avg loss: 0.002, Time: 2:35:21
Epoch id: 18, Training steps: 300, Avg loss: 0.002, Time: 2:36:03
Epoch id: 18, Training steps: 400, Avg loss: 0.002, Time: 2:36:44
Epoch id: 18, Training steps: 500, Avg loss: 0.002, Time: 2:37:26
Epoch id: 18, Training steps: 600, Avg loss: 0.002, Time: 2:38:08
Epoch id: 18, Training steps: 700, Avg loss: 0.002, Time: 2:38:50
Epoch id: 18, Training steps: 800, Avg loss: 0.002, Time: 2:39:32
Epoch id: 18, Training steps: 900, Avg loss: 0.002, Time: 2:40:13
Epoch id: 18, Training steps: 1000, Avg loss: 0.002, Time: 2:40:55
Epoch id: 18, Training steps: 1100, Avg loss: 0.003, Time: 2:41:37
Start evaluation on dev dataset.
/home/lyq2021/.conda/envs/lyq2021/lib/python3.10/site-packages/sklearn/metrics/_classification.py:1344: UndefinedMetricWarning: Precision is ill-defined and being set to 0.0 in samples with no predicted labels. Use `zero_division` parameter to control this behavior.
  _warn_prf(average, modifier, msg_start, len(result))
Acc. (Correct/Total): 55.23%% Prec: 0.7657 F1: 0.7200
Start evaluation on test dataset.
/home/lyq2021/.conda/envs/lyq2021/lib/python3.10/site-packages/sklearn/metrics/_classification.py:1344: UndefinedMetricWarning: Precision is ill-defined and being set to 0.0 in samples with no predicted labels. Use `zero_division` parameter to control this behavior.
  _warn_prf(average, modifier, msg_start, len(result))
Acc. (Correct/Total): 62.02%% Prec: 0.7994 F1: 0.7584
Epoch id: 19, Training steps: 100, Avg loss: 0.002, Time: 2:43:47
Epoch id: 19, Training steps: 200, Avg loss: 0.002, Time: 2:44:29
Epoch id: 19, Training steps: 300, Avg loss: 0.002, Time: 2:45:10
Epoch id: 19, Training steps: 400, Avg loss: 0.002, Time: 2:45:52
Epoch id: 19, Training steps: 500, Avg loss: 0.002, Time: 2:46:34
Epoch id: 19, Training steps: 600, Avg loss: 0.002, Time: 2:47:16
Epoch id: 19, Training steps: 700, Avg loss: 0.002, Time: 2:47:58
Epoch id: 19, Training steps: 800, Avg loss: 0.002, Time: 2:48:39
Epoch id: 19, Training steps: 900, Avg loss: 0.002, Time: 2:49:21
Epoch id: 19, Training steps: 1000, Avg loss: 0.002, Time: 2:50:03
Epoch id: 19, Training steps: 1100, Avg loss: 0.002, Time: 2:50:45
Start evaluation on dev dataset.
/home/lyq2021/.conda/envs/lyq2021/lib/python3.10/site-packages/sklearn/metrics/_classification.py:1344: UndefinedMetricWarning: Precision is ill-defined and being set to 0.0 in samples with no predicted labels. Use `zero_division` parameter to control this behavior.
  _warn_prf(average, modifier, msg_start, len(result))
Acc. (Correct/Total): 53.36%% Prec: 0.7444 F1: 0.7000
Epoch id: 20, Training steps: 100, Avg loss: 0.003, Time: 2:52:18
Epoch id: 20, Training steps: 200, Avg loss: 0.002, Time: 2:53:00
Epoch id: 20, Training steps: 300, Avg loss: 0.002, Time: 2:53:42
Epoch id: 20, Training steps: 400, Avg loss: 0.002, Time: 2:54:24
Epoch id: 20, Training steps: 500, Avg loss: 0.002, Time: 2:55:06
Epoch id: 20, Training steps: 600, Avg loss: 0.002, Time: 2:55:47
Epoch id: 20, Training steps: 700, Avg loss: 0.002, Time: 2:56:29
Epoch id: 20, Training steps: 800, Avg loss: 0.002, Time: 2:57:11
Epoch id: 20, Training steps: 900, Avg loss: 0.002, Time: 2:57:53
Epoch id: 20, Training steps: 1000, Avg loss: 0.002, Time: 2:58:35
Epoch id: 20, Training steps: 1100, Avg loss: 0.002, Time: 2:59:16
Start evaluation on dev dataset.
/home/lyq2021/.conda/envs/lyq2021/lib/python3.10/site-packages/sklearn/metrics/_classification.py:1344: UndefinedMetricWarning: Precision is ill-defined and being set to 0.0 in samples with no predicted labels. Use `zero_division` parameter to control this behavior.
  _warn_prf(average, modifier, msg_start, len(result))
Acc. (Correct/Total): 52.74%% Prec: 0.7433 F1: 0.6965
Final evaluation on the test dataset.
The number of evaluation instances:  2067
/home/lyq2021/.conda/envs/lyq2021/lib/python3.10/site-packages/sklearn/metrics/_classification.py:1344: UndefinedMetricWarning: Precision is ill-defined and being set to 0.0 in samples with no predicted labels. Use `zero_division` parameter to control this behavior.
  _warn_prf(average, modifier, msg_start, len(result))
/home/lyq2021/.conda/envs/lyq2021/lib/python3.10/site-packages/sklearn/metrics/_classification.py:1344: UndefinedMetricWarning: Precision and F-score are ill-defined and being set to 0.0 in labels with no predicted samples. Use `zero_division` parameter to control this behavior.
  _warn_prf(average, modifier, msg_start, len(result))
/home/lyq2021/.conda/envs/lyq2021/lib/python3.10/site-packages/sklearn/metrics/_classification.py:1344: UndefinedMetricWarning: Precision and F-score are ill-defined and being set to 0.0 in samples with no predicted labels. Use `zero_division` parameter to control this behavior.
  _warn_prf(average, modifier, msg_start, len(result))
Acc. (Correct/Total): 62.02% Prec: 0.7994 F1: 0.7584
Precision, Recall and F1-Score...
              precision    recall  f1-score   support

         教育学     0.8731    0.9419    0.9062       241
          法学     0.8915    0.8438    0.8670       224
      中国语言文学     0.8848    0.7892    0.8343       185
         政治学     0.7626    0.6503    0.7020       163
         社会学     0.8542    0.7834    0.8173       157
         心理学     0.8919    0.5366    0.6701       123
       应用经济学     0.7865    0.5983    0.6796       117
         历史学     0.8788    0.5321    0.6629       109
     环境科学与工程     0.8571    0.9444    0.8987       108
          哲学     0.8116    0.5773    0.6747        97
      外国语言文学     0.7407    0.7059    0.7229        85
         生物学     0.8955    0.7595    0.8219        79
      交通运输工程     0.9259    0.9615    0.9434        78
        临床医学     0.8906    0.7500    0.8143        76
    计算机科学与技术     0.8615    0.7887    0.8235        71
        土木工程     0.9275    0.9697    0.9481        66
   航空宇航科学与技术     0.9821    0.9016    0.9402        61
         民族学     0.6977    0.5455    0.6122        55
   公共卫生与预防医学     0.6596    0.6078    0.6327        51
         美术学     0.9362    0.8800    0.9072        50
         艺术学     0.8235    0.6512    0.7273        43
         地理学     0.8529    0.6905    0.7632        42
         体育学     0.9583    0.5750    0.7188        40
       理论经济学     0.7941    0.7105    0.7500        38
         中医学     0.9118    0.8378    0.8732        37
         物理学     0.8649    0.8889    0.8767        36
          林学     0.8696    0.6061    0.7143        33
          数学     0.8000    0.5000    0.6154        32
     电子科学与技术     0.5789    0.3548    0.4400        31
        基础医学     0.5882    0.3448    0.4348        29
        工商管理     0.8824    0.5556    0.6818        27
       新闻传播学     0.7619    0.7273    0.7442        22
         天文学     0.7917    0.8636    0.8261        22
         地质学     0.7895    0.7143    0.7500        21
         畜牧学     0.8636    0.9048    0.8837        21
   军事思想及军事历史     0.8333    0.7500    0.7895        20
     管理科学与工程     0.6087    0.7778    0.6829        18
     测绘科学与技术     0.7333    0.6471    0.6875        17
        水利工程     1.0000    0.5000    0.6667        16
        大气科学     0.7222    0.8125    0.7647        16
     兵器科学与技术     0.7368    0.9333    0.8235        15
       地球物理学     0.7000    0.5000    0.5833        14
        电气工程     0.7778    0.5385    0.6364        13
         作物学     0.8182    0.6923    0.7500        13
     控制科学与工程     0.3000    0.2308    0.2609        13
     信息与通信工程     0.5882    0.7692    0.6667        13
        公共管理     0.4286    0.2308    0.3000        13
         建筑学     0.8571    0.4615    0.6000        13
     化学工程与技术     1.0000    0.6667    0.8000        12
          力学     0.7500    0.8182    0.7826        11
        海洋科学     0.9091    0.9091    0.9091        11
     轻工技术与工程     0.5000    0.2727    0.3529        11
        农业工程     1.0000    0.2000    0.3333        10
         园艺学     0.9000    0.9000    0.9000        10
       中西医结合     1.0000    0.6000    0.7500        10
        机械工程     0.7143    0.5556    0.6250         9
       科学技术史     1.0000    0.3750    0.5455         8
     船舶与海洋工程     0.8750    0.8750    0.8750         8
   图书情报与档案管理     0.5000    0.3750    0.4286         8
        植物保护     0.8750    0.8750    0.8750         8
     材料科学与工程     0.8571    0.7500    0.8000         8
         统计学     0.5833    0.8750    0.7000         8
          化学     1.0000    0.8750    0.9333         8
     食品科学与工程     1.0000    0.2500    0.4000         8
          水产     1.0000    0.5714    0.7273         7
          药学     0.8571    0.8571    0.8571         7
     农业资源与环境     1.0000    0.4286    0.6000         7
         世界史     0.6250    0.7143    0.6667         7
        系统科学     0.8333    0.7143    0.7692         7
      农林经济管理     0.8000    0.8000    0.8000         5
       军队指挥学     1.0000    0.4000    0.5714         5
        矿业工程     0.6667    0.4000    0.5000         5
     纺织科学与工程     0.7143    1.0000    0.8333         5
  动力工程及工程热物理     0.0000    0.0000    0.0000         4
        林业工程     0.5000    0.2500    0.3333         4
     仪器科学与技术     0.0000    0.0000    0.0000         3
         战略学     0.5000    0.3333    0.4000         3
   地质资源与地质工程     0.6667    0.6667    0.6667         3
        旅游管理     0.0000    0.0000    0.0000         3
 图书馆、情报与档案管理     0.0000    0.0000    0.0000         2
        冶金工程     1.0000    0.5000    0.6667         2
      核科学与技术     1.0000    0.5000    0.6667         2

   micro avg     0.8375    0.7249    0.7771      3093
   macro avg     0.7667    0.6237    0.6702      3093
weighted avg     0.8342    0.7249    0.7669      3093
 samples avg     0.7994    0.7454    0.7584      3093

